[2021-12-13 14:00:59,676] {taskinstance.py:1035} INFO - Dependencies all met for <TaskInstance: cpp_workflow.connect_to_database manual__2021-12-13T14:00:46.788702+00:00 [queued]>
[2021-12-13 14:00:59,691] {taskinstance.py:1035} INFO - Dependencies all met for <TaskInstance: cpp_workflow.connect_to_database manual__2021-12-13T14:00:46.788702+00:00 [queued]>
[2021-12-13 14:00:59,692] {taskinstance.py:1241} INFO - 
--------------------------------------------------------------------------------
[2021-12-13 14:00:59,693] {taskinstance.py:1242} INFO - Starting attempt 1 of 1
[2021-12-13 14:00:59,693] {taskinstance.py:1243} INFO - 
--------------------------------------------------------------------------------
[2021-12-13 14:00:59,710] {taskinstance.py:1262} INFO - Executing <Task(PythonOperator): connect_to_database> on 2021-12-13 14:00:46.788702+00:00
[2021-12-13 14:00:59,718] {standard_task_runner.py:52} INFO - Started process 7992 to run task
[2021-12-13 14:00:59,723] {standard_task_runner.py:76} INFO - Running: ['***', 'tasks', 'run', 'cpp_workflow', 'connect_to_database', 'manual__2021-12-13T14:00:46.788702+00:00', '--job-id', '1178', '--raw', '--subdir', 'DAGS_FOLDER/first_dag.py', '--cfg-path', '/tmp/tmpu_1hr93d', '--error-file', '/tmp/tmp4f5sybc8']
[2021-12-13 14:00:59,725] {standard_task_runner.py:77} INFO - Job 1178: Subtask connect_to_database
[2021-12-13 14:00:59,778] {logging_mixin.py:109} INFO - Running <TaskInstance: cpp_workflow.connect_to_database manual__2021-12-13T14:00:46.788702+00:00 [running]> on host 218df5ddc363
[2021-12-13 14:00:59,884] {taskinstance.py:1429} INFO - Exporting the following env vars:
AIRFLOW_CTX_DAG_OWNER=***
AIRFLOW_CTX_DAG_ID=cpp_workflow
AIRFLOW_CTX_TASK_ID=connect_to_database
AIRFLOW_CTX_EXECUTION_DATE=2021-12-13T14:00:46.788702+00:00
AIRFLOW_CTX_DAG_RUN_ID=manual__2021-12-13T14:00:46.788702+00:00
[2021-12-13 14:01:00,121] {logging_mixin.py:109} INFO - You're connected to database
[2021-12-13 14:01:05,463] {logging_mixin.py:109} INFO - Error while connecting to the database 2055: Lost connection to MySQL server at 'studmysql01.fhict.local:3306', system error: 9 Bad file descriptor
[2021-12-13 14:01:05,464] {python.py:152} INFO - Done. Returned value was: None
[2021-12-13 14:01:05,483] {taskinstance.py:1280} INFO - Marking task as SUCCESS. dag_id=cpp_workflow, task_id=connect_to_database, execution_date=20211213T140046, start_date=20211213T140059, end_date=20211213T140105
[2021-12-13 14:01:05,539] {local_task_job.py:154} INFO - Task exited with return code 0
[2021-12-13 14:01:05,573] {local_task_job.py:264} INFO - 0 downstream tasks scheduled from follow-on schedule check
