[2021-12-29 23:48:31,822] {taskinstance.py:1035} INFO - Dependencies all met for <TaskInstance: cpp_workflow.delete_working_files manual__2021-12-29T23:47:51.234749+00:00 [queued]>
[2021-12-29 23:48:31,840] {taskinstance.py:1035} INFO - Dependencies all met for <TaskInstance: cpp_workflow.delete_working_files manual__2021-12-29T23:47:51.234749+00:00 [queued]>
[2021-12-29 23:48:31,841] {taskinstance.py:1241} INFO - 
--------------------------------------------------------------------------------
[2021-12-29 23:48:31,842] {taskinstance.py:1242} INFO - Starting attempt 1 of 1
[2021-12-29 23:48:31,842] {taskinstance.py:1243} INFO - 
--------------------------------------------------------------------------------
[2021-12-29 23:48:31,862] {taskinstance.py:1262} INFO - Executing <Task(PythonOperator): delete_working_files> on 2021-12-29 23:47:51.234749+00:00
[2021-12-29 23:48:31,919] {standard_task_runner.py:52} INFO - Started process 15488 to run task
[2021-12-29 23:48:31,924] {standard_task_runner.py:76} INFO - Running: ['***', 'tasks', 'run', 'cpp_workflow', 'delete_working_files', 'manual__2021-12-29T23:47:51.234749+00:00', '--job-id', '1748', '--raw', '--subdir', 'DAGS_FOLDER/first_dag.py', '--cfg-path', '/tmp/tmp08dua7rq', '--error-file', '/tmp/tmpi2n04r_6']
[2021-12-29 23:48:31,926] {standard_task_runner.py:77} INFO - Job 1748: Subtask delete_working_files
[2021-12-29 23:48:31,981] {logging_mixin.py:109} INFO - Running <TaskInstance: cpp_workflow.delete_working_files manual__2021-12-29T23:47:51.234749+00:00 [running]> on host 218df5ddc363
[2021-12-29 23:48:32,037] {taskinstance.py:1429} INFO - Exporting the following env vars:
AIRFLOW_CTX_DAG_OWNER=***
AIRFLOW_CTX_DAG_ID=cpp_workflow
AIRFLOW_CTX_TASK_ID=delete_working_files
AIRFLOW_CTX_EXECUTION_DATE=2021-12-29T23:47:51.234749+00:00
AIRFLOW_CTX_DAG_RUN_ID=manual__2021-12-29T23:47:51.234749+00:00
[2021-12-29 23:48:32,041] {python.py:152} INFO - Done. Returned value was: None
[2021-12-29 23:48:32,053] {taskinstance.py:1280} INFO - Marking task as SUCCESS. dag_id=cpp_workflow, task_id=delete_working_files, execution_date=20211229T234751, start_date=20211229T234831, end_date=20211229T234832
[2021-12-29 23:48:32,096] {local_task_job.py:154} INFO - Task exited with return code 0
[2021-12-29 23:48:32,126] {local_task_job.py:264} INFO - 0 downstream tasks scheduled from follow-on schedule check
