[2021-12-25 22:20:38,329] {processor.py:163} INFO - Started process (PID=76) to work on /home/airflow/.local/lib/python3.7/site-packages/airflow/example_dags/example_bash_operator.py
[2021-12-25 22:20:38,330] {processor.py:625} INFO - Processing file /home/airflow/.local/lib/python3.7/site-packages/airflow/example_dags/example_bash_operator.py for tasks to queue
[2021-12-25 22:20:38,331] {logging_mixin.py:109} INFO - [2021-12-25 22:20:38,331] {dagbag.py:500} INFO - Filling up the DagBag from /home/airflow/.local/lib/python3.7/site-packages/airflow/example_dags/example_bash_operator.py
[2021-12-25 22:20:38,364] {processor.py:637} INFO - DAG(s) dict_keys(['example_bash_operator']) retrieved from /home/airflow/.local/lib/python3.7/site-packages/airflow/example_dags/example_bash_operator.py
[2021-12-25 22:20:38,375] {logging_mixin.py:109} INFO - [2021-12-25 22:20:38,375] {dag.py:2396} INFO - Sync 1 DAGs
[2021-12-25 22:20:38,394] {logging_mixin.py:109} INFO - [2021-12-25 22:20:38,394] {dag.py:2928} INFO - Setting next_dagrun for example_bash_operator to 2021-12-24 00:00:00+00:00
[2021-12-25 22:20:38,404] {processor.py:171} INFO - Processing /home/airflow/.local/lib/python3.7/site-packages/airflow/example_dags/example_bash_operator.py took 0.078 seconds
[2021-12-25 22:21:15,999] {processor.py:163} INFO - Started process (PID=147) to work on /home/airflow/.local/lib/python3.7/site-packages/airflow/example_dags/example_bash_operator.py
[2021-12-25 22:21:16,026] {processor.py:625} INFO - Processing file /home/airflow/.local/lib/python3.7/site-packages/airflow/example_dags/example_bash_operator.py for tasks to queue
[2021-12-25 22:21:16,031] {logging_mixin.py:109} INFO - [2021-12-25 22:21:16,031] {dagbag.py:500} INFO - Filling up the DagBag from /home/airflow/.local/lib/python3.7/site-packages/airflow/example_dags/example_bash_operator.py
[2021-12-25 22:21:16,140] {processor.py:637} INFO - DAG(s) dict_keys(['example_bash_operator']) retrieved from /home/airflow/.local/lib/python3.7/site-packages/airflow/example_dags/example_bash_operator.py
[2021-12-25 22:21:16,183] {logging_mixin.py:109} INFO - [2021-12-25 22:21:16,183] {dag.py:2396} INFO - Sync 1 DAGs
[2021-12-25 22:21:16,263] {logging_mixin.py:109} INFO - [2021-12-25 22:21:16,262] {dag.py:2928} INFO - Setting next_dagrun for example_bash_operator to 2021-12-24 00:00:00+00:00
[2021-12-25 22:21:16,299] {processor.py:171} INFO - Processing /home/airflow/.local/lib/python3.7/site-packages/airflow/example_dags/example_bash_operator.py took 0.306 seconds
[2021-12-25 22:21:46,676] {processor.py:163} INFO - Started process (PID=198) to work on /home/airflow/.local/lib/python3.7/site-packages/airflow/example_dags/example_bash_operator.py
[2021-12-25 22:21:46,686] {processor.py:625} INFO - Processing file /home/airflow/.local/lib/python3.7/site-packages/airflow/example_dags/example_bash_operator.py for tasks to queue
[2021-12-25 22:21:46,690] {logging_mixin.py:109} INFO - [2021-12-25 22:21:46,690] {dagbag.py:500} INFO - Filling up the DagBag from /home/airflow/.local/lib/python3.7/site-packages/airflow/example_dags/example_bash_operator.py
[2021-12-25 22:21:46,825] {processor.py:637} INFO - DAG(s) dict_keys(['example_bash_operator']) retrieved from /home/airflow/.local/lib/python3.7/site-packages/airflow/example_dags/example_bash_operator.py
[2021-12-25 22:21:46,873] {logging_mixin.py:109} INFO - [2021-12-25 22:21:46,873] {dag.py:2396} INFO - Sync 1 DAGs
[2021-12-25 22:21:46,941] {logging_mixin.py:109} INFO - [2021-12-25 22:21:46,941] {dag.py:2928} INFO - Setting next_dagrun for example_bash_operator to 2021-12-24 00:00:00+00:00
[2021-12-25 22:21:46,966] {processor.py:171} INFO - Processing /home/airflow/.local/lib/python3.7/site-packages/airflow/example_dags/example_bash_operator.py took 0.295 seconds
[2021-12-25 22:22:22,006] {processor.py:163} INFO - Started process (PID=259) to work on /home/airflow/.local/lib/python3.7/site-packages/airflow/example_dags/example_bash_operator.py
[2021-12-25 22:22:22,008] {processor.py:625} INFO - Processing file /home/airflow/.local/lib/python3.7/site-packages/airflow/example_dags/example_bash_operator.py for tasks to queue
[2021-12-25 22:22:22,018] {logging_mixin.py:109} INFO - [2021-12-25 22:22:22,018] {dagbag.py:500} INFO - Filling up the DagBag from /home/airflow/.local/lib/python3.7/site-packages/airflow/example_dags/example_bash_operator.py
[2021-12-25 22:22:22,128] {processor.py:637} INFO - DAG(s) dict_keys(['example_bash_operator']) retrieved from /home/airflow/.local/lib/python3.7/site-packages/airflow/example_dags/example_bash_operator.py
[2021-12-25 22:22:22,170] {logging_mixin.py:109} INFO - [2021-12-25 22:22:22,170] {dag.py:2396} INFO - Sync 1 DAGs
[2021-12-25 22:22:22,255] {logging_mixin.py:109} INFO - [2021-12-25 22:22:22,255] {dag.py:2928} INFO - Setting next_dagrun for example_bash_operator to 2021-12-24 00:00:00+00:00
[2021-12-25 22:22:22,308] {processor.py:171} INFO - Processing /home/airflow/.local/lib/python3.7/site-packages/airflow/example_dags/example_bash_operator.py took 0.309 seconds
[2021-12-25 22:22:52,564] {processor.py:163} INFO - Started process (PID=320) to work on /home/airflow/.local/lib/python3.7/site-packages/airflow/example_dags/example_bash_operator.py
[2021-12-25 22:22:52,568] {processor.py:625} INFO - Processing file /home/airflow/.local/lib/python3.7/site-packages/airflow/example_dags/example_bash_operator.py for tasks to queue
[2021-12-25 22:22:52,570] {logging_mixin.py:109} INFO - [2021-12-25 22:22:52,569] {dagbag.py:500} INFO - Filling up the DagBag from /home/airflow/.local/lib/python3.7/site-packages/airflow/example_dags/example_bash_operator.py
[2021-12-25 22:22:52,649] {processor.py:637} INFO - DAG(s) dict_keys(['example_bash_operator']) retrieved from /home/airflow/.local/lib/python3.7/site-packages/airflow/example_dags/example_bash_operator.py
[2021-12-25 22:22:52,682] {logging_mixin.py:109} INFO - [2021-12-25 22:22:52,682] {dag.py:2396} INFO - Sync 1 DAGs
[2021-12-25 22:22:52,735] {logging_mixin.py:109} INFO - [2021-12-25 22:22:52,735] {dag.py:2928} INFO - Setting next_dagrun for example_bash_operator to 2021-12-24 00:00:00+00:00
[2021-12-25 22:22:52,764] {processor.py:171} INFO - Processing /home/airflow/.local/lib/python3.7/site-packages/airflow/example_dags/example_bash_operator.py took 0.216 seconds
