[2021-12-25 22:20:38,603] {processor.py:163} INFO - Started process (PID=80) to work on /home/airflow/.local/lib/python3.7/site-packages/airflow/example_dags/example_trigger_controller_dag.py
[2021-12-25 22:20:38,605] {processor.py:625} INFO - Processing file /home/airflow/.local/lib/python3.7/site-packages/airflow/example_dags/example_trigger_controller_dag.py for tasks to queue
[2021-12-25 22:20:38,606] {logging_mixin.py:109} INFO - [2021-12-25 22:20:38,606] {dagbag.py:500} INFO - Filling up the DagBag from /home/airflow/.local/lib/python3.7/site-packages/airflow/example_dags/example_trigger_controller_dag.py
[2021-12-25 22:20:38,629] {processor.py:637} INFO - DAG(s) dict_keys(['example_trigger_controller_dag']) retrieved from /home/airflow/.local/lib/python3.7/site-packages/airflow/example_dags/example_trigger_controller_dag.py
[2021-12-25 22:20:38,639] {logging_mixin.py:109} INFO - [2021-12-25 22:20:38,639] {dag.py:2396} INFO - Sync 1 DAGs
[2021-12-25 22:20:38,655] {logging_mixin.py:109} INFO - [2021-12-25 22:20:38,655] {dag.py:2928} INFO - Setting next_dagrun for example_trigger_controller_dag to 2021-01-01T00:00:00+00:00
[2021-12-25 22:20:38,664] {processor.py:171} INFO - Processing /home/airflow/.local/lib/python3.7/site-packages/airflow/example_dags/example_trigger_controller_dag.py took 0.064 seconds
[2021-12-25 22:21:16,690] {processor.py:163} INFO - Started process (PID=151) to work on /home/airflow/.local/lib/python3.7/site-packages/airflow/example_dags/example_trigger_controller_dag.py
[2021-12-25 22:21:16,706] {processor.py:625} INFO - Processing file /home/airflow/.local/lib/python3.7/site-packages/airflow/example_dags/example_trigger_controller_dag.py for tasks to queue
[2021-12-25 22:21:16,708] {logging_mixin.py:109} INFO - [2021-12-25 22:21:16,708] {dagbag.py:500} INFO - Filling up the DagBag from /home/airflow/.local/lib/python3.7/site-packages/airflow/example_dags/example_trigger_controller_dag.py
[2021-12-25 22:21:16,813] {processor.py:637} INFO - DAG(s) dict_keys(['example_trigger_controller_dag']) retrieved from /home/airflow/.local/lib/python3.7/site-packages/airflow/example_dags/example_trigger_controller_dag.py
[2021-12-25 22:21:16,858] {logging_mixin.py:109} INFO - [2021-12-25 22:21:16,858] {dag.py:2396} INFO - Sync 1 DAGs
[2021-12-25 22:21:16,936] {logging_mixin.py:109} INFO - [2021-12-25 22:21:16,929] {dag.py:2928} INFO - Setting next_dagrun for example_trigger_controller_dag to 2021-01-01T00:00:00+00:00
[2021-12-25 22:21:16,972] {processor.py:171} INFO - Processing /home/airflow/.local/lib/python3.7/site-packages/airflow/example_dags/example_trigger_controller_dag.py took 0.298 seconds
[2021-12-25 22:21:47,684] {processor.py:163} INFO - Started process (PID=201) to work on /home/airflow/.local/lib/python3.7/site-packages/airflow/example_dags/example_trigger_controller_dag.py
[2021-12-25 22:21:47,687] {processor.py:625} INFO - Processing file /home/airflow/.local/lib/python3.7/site-packages/airflow/example_dags/example_trigger_controller_dag.py for tasks to queue
[2021-12-25 22:21:47,696] {logging_mixin.py:109} INFO - [2021-12-25 22:21:47,696] {dagbag.py:500} INFO - Filling up the DagBag from /home/airflow/.local/lib/python3.7/site-packages/airflow/example_dags/example_trigger_controller_dag.py
[2021-12-25 22:21:47,770] {processor.py:637} INFO - DAG(s) dict_keys(['example_trigger_controller_dag']) retrieved from /home/airflow/.local/lib/python3.7/site-packages/airflow/example_dags/example_trigger_controller_dag.py
[2021-12-25 22:21:47,799] {logging_mixin.py:109} INFO - [2021-12-25 22:21:47,799] {dag.py:2396} INFO - Sync 1 DAGs
[2021-12-25 22:21:47,842] {logging_mixin.py:109} INFO - [2021-12-25 22:21:47,841] {dag.py:2928} INFO - Setting next_dagrun for example_trigger_controller_dag to 2021-01-01T00:00:00+00:00
[2021-12-25 22:21:47,883] {processor.py:171} INFO - Processing /home/airflow/.local/lib/python3.7/site-packages/airflow/example_dags/example_trigger_controller_dag.py took 0.205 seconds
[2021-12-25 22:22:23,282] {processor.py:163} INFO - Started process (PID=263) to work on /home/airflow/.local/lib/python3.7/site-packages/airflow/example_dags/example_trigger_controller_dag.py
[2021-12-25 22:22:23,289] {processor.py:625} INFO - Processing file /home/airflow/.local/lib/python3.7/site-packages/airflow/example_dags/example_trigger_controller_dag.py for tasks to queue
[2021-12-25 22:22:23,299] {logging_mixin.py:109} INFO - [2021-12-25 22:22:23,299] {dagbag.py:500} INFO - Filling up the DagBag from /home/airflow/.local/lib/python3.7/site-packages/airflow/example_dags/example_trigger_controller_dag.py
[2021-12-25 22:22:23,385] {processor.py:637} INFO - DAG(s) dict_keys(['example_trigger_controller_dag']) retrieved from /home/airflow/.local/lib/python3.7/site-packages/airflow/example_dags/example_trigger_controller_dag.py
[2021-12-25 22:22:23,431] {logging_mixin.py:109} INFO - [2021-12-25 22:22:23,431] {dag.py:2396} INFO - Sync 1 DAGs
[2021-12-25 22:22:23,493] {logging_mixin.py:109} INFO - [2021-12-25 22:22:23,492] {dag.py:2928} INFO - Setting next_dagrun for example_trigger_controller_dag to 2021-01-01T00:00:00+00:00
[2021-12-25 22:22:23,540] {processor.py:171} INFO - Processing /home/airflow/.local/lib/python3.7/site-packages/airflow/example_dags/example_trigger_controller_dag.py took 0.275 seconds
[2021-12-25 22:22:53,727] {processor.py:163} INFO - Started process (PID=324) to work on /home/airflow/.local/lib/python3.7/site-packages/airflow/example_dags/example_trigger_controller_dag.py
[2021-12-25 22:22:53,729] {processor.py:625} INFO - Processing file /home/airflow/.local/lib/python3.7/site-packages/airflow/example_dags/example_trigger_controller_dag.py for tasks to queue
[2021-12-25 22:22:53,731] {logging_mixin.py:109} INFO - [2021-12-25 22:22:53,731] {dagbag.py:500} INFO - Filling up the DagBag from /home/airflow/.local/lib/python3.7/site-packages/airflow/example_dags/example_trigger_controller_dag.py
[2021-12-25 22:22:53,772] {processor.py:637} INFO - DAG(s) dict_keys(['example_trigger_controller_dag']) retrieved from /home/airflow/.local/lib/python3.7/site-packages/airflow/example_dags/example_trigger_controller_dag.py
[2021-12-25 22:22:53,786] {logging_mixin.py:109} INFO - [2021-12-25 22:22:53,786] {dag.py:2396} INFO - Sync 1 DAGs
[2021-12-25 22:22:53,807] {logging_mixin.py:109} INFO - [2021-12-25 22:22:53,807] {dag.py:2928} INFO - Setting next_dagrun for example_trigger_controller_dag to 2021-01-01T00:00:00+00:00
[2021-12-25 22:22:53,821] {processor.py:171} INFO - Processing /home/airflow/.local/lib/python3.7/site-packages/airflow/example_dags/example_trigger_controller_dag.py took 0.099 seconds
