[2021-12-25 22:20:38,436] {processor.py:163} INFO - Started process (PID=78) to work on /home/airflow/.local/lib/python3.7/site-packages/airflow/example_dags/example_task_group_decorator.py
[2021-12-25 22:20:38,438] {processor.py:625} INFO - Processing file /home/airflow/.local/lib/python3.7/site-packages/airflow/example_dags/example_task_group_decorator.py for tasks to queue
[2021-12-25 22:20:38,439] {logging_mixin.py:109} INFO - [2021-12-25 22:20:38,439] {dagbag.py:500} INFO - Filling up the DagBag from /home/airflow/.local/lib/python3.7/site-packages/airflow/example_dags/example_task_group_decorator.py
[2021-12-25 22:20:38,476] {processor.py:637} INFO - DAG(s) dict_keys(['example_task_group_decorator']) retrieved from /home/airflow/.local/lib/python3.7/site-packages/airflow/example_dags/example_task_group_decorator.py
[2021-12-25 22:20:38,766] {logging_mixin.py:109} INFO - [2021-12-25 22:20:38,766] {dag.py:2396} INFO - Sync 1 DAGs
[2021-12-25 22:20:38,780] {logging_mixin.py:109} INFO - [2021-12-25 22:20:38,780] {dag.py:2928} INFO - Setting next_dagrun for example_task_group_decorator to 2021-12-24T22:20:38.779800+00:00
[2021-12-25 22:20:38,790] {processor.py:171} INFO - Processing /home/airflow/.local/lib/python3.7/site-packages/airflow/example_dags/example_task_group_decorator.py took 0.357 seconds
[2021-12-25 22:21:16,357] {processor.py:163} INFO - Started process (PID=149) to work on /home/airflow/.local/lib/python3.7/site-packages/airflow/example_dags/example_task_group_decorator.py
[2021-12-25 22:21:16,369] {processor.py:625} INFO - Processing file /home/airflow/.local/lib/python3.7/site-packages/airflow/example_dags/example_task_group_decorator.py for tasks to queue
[2021-12-25 22:21:16,371] {logging_mixin.py:109} INFO - [2021-12-25 22:21:16,371] {dagbag.py:500} INFO - Filling up the DagBag from /home/airflow/.local/lib/python3.7/site-packages/airflow/example_dags/example_task_group_decorator.py
[2021-12-25 22:21:16,536] {processor.py:637} INFO - DAG(s) dict_keys(['example_task_group_decorator']) retrieved from /home/airflow/.local/lib/python3.7/site-packages/airflow/example_dags/example_task_group_decorator.py
[2021-12-25 22:21:17,718] {logging_mixin.py:109} INFO - [2021-12-25 22:21:17,718] {dag.py:2396} INFO - Sync 1 DAGs
[2021-12-25 22:21:17,805] {logging_mixin.py:109} INFO - [2021-12-25 22:21:17,805] {dag.py:2928} INFO - Setting next_dagrun for example_task_group_decorator to 2021-12-24T22:21:17.804780+00:00
[2021-12-25 22:21:17,885] {processor.py:171} INFO - Processing /home/airflow/.local/lib/python3.7/site-packages/airflow/example_dags/example_task_group_decorator.py took 1.534 seconds
[2021-12-25 22:21:48,725] {processor.py:163} INFO - Started process (PID=203) to work on /home/airflow/.local/lib/python3.7/site-packages/airflow/example_dags/example_task_group_decorator.py
[2021-12-25 22:21:48,738] {processor.py:625} INFO - Processing file /home/airflow/.local/lib/python3.7/site-packages/airflow/example_dags/example_task_group_decorator.py for tasks to queue
[2021-12-25 22:21:48,741] {logging_mixin.py:109} INFO - [2021-12-25 22:21:48,740] {dagbag.py:500} INFO - Filling up the DagBag from /home/airflow/.local/lib/python3.7/site-packages/airflow/example_dags/example_task_group_decorator.py
[2021-12-25 22:21:48,830] {processor.py:637} INFO - DAG(s) dict_keys(['example_task_group_decorator']) retrieved from /home/airflow/.local/lib/python3.7/site-packages/airflow/example_dags/example_task_group_decorator.py
[2021-12-25 22:21:49,894] {logging_mixin.py:109} INFO - [2021-12-25 22:21:49,894] {dag.py:2396} INFO - Sync 1 DAGs
[2021-12-25 22:21:49,935] {logging_mixin.py:109} INFO - [2021-12-25 22:21:49,935] {dag.py:2928} INFO - Setting next_dagrun for example_task_group_decorator to 2021-12-24T22:21:49.935438+00:00
[2021-12-25 22:21:49,987] {processor.py:171} INFO - Processing /home/airflow/.local/lib/python3.7/site-packages/airflow/example_dags/example_task_group_decorator.py took 1.266 seconds
[2021-12-25 22:22:22,479] {processor.py:163} INFO - Started process (PID=261) to work on /home/airflow/.local/lib/python3.7/site-packages/airflow/example_dags/example_task_group_decorator.py
[2021-12-25 22:22:22,484] {processor.py:625} INFO - Processing file /home/airflow/.local/lib/python3.7/site-packages/airflow/example_dags/example_task_group_decorator.py for tasks to queue
[2021-12-25 22:22:22,487] {logging_mixin.py:109} INFO - [2021-12-25 22:22:22,487] {dagbag.py:500} INFO - Filling up the DagBag from /home/airflow/.local/lib/python3.7/site-packages/airflow/example_dags/example_task_group_decorator.py
[2021-12-25 22:22:22,603] {processor.py:637} INFO - DAG(s) dict_keys(['example_task_group_decorator']) retrieved from /home/airflow/.local/lib/python3.7/site-packages/airflow/example_dags/example_task_group_decorator.py
[2021-12-25 22:22:24,085] {logging_mixin.py:109} INFO - [2021-12-25 22:22:24,085] {dag.py:2396} INFO - Sync 1 DAGs
[2021-12-25 22:22:24,151] {logging_mixin.py:109} INFO - [2021-12-25 22:22:24,151] {dag.py:2928} INFO - Setting next_dagrun for example_task_group_decorator to 2021-12-24T22:22:24.151296+00:00
[2021-12-25 22:22:24,201] {processor.py:171} INFO - Processing /home/airflow/.local/lib/python3.7/site-packages/airflow/example_dags/example_task_group_decorator.py took 1.732 seconds
[2021-12-25 22:22:54,738] {processor.py:163} INFO - Started process (PID=325) to work on /home/airflow/.local/lib/python3.7/site-packages/airflow/example_dags/example_task_group_decorator.py
[2021-12-25 22:22:54,741] {processor.py:625} INFO - Processing file /home/airflow/.local/lib/python3.7/site-packages/airflow/example_dags/example_task_group_decorator.py for tasks to queue
[2021-12-25 22:22:54,742] {logging_mixin.py:109} INFO - [2021-12-25 22:22:54,742] {dagbag.py:500} INFO - Filling up the DagBag from /home/airflow/.local/lib/python3.7/site-packages/airflow/example_dags/example_task_group_decorator.py
[2021-12-25 22:22:54,828] {processor.py:637} INFO - DAG(s) dict_keys(['example_task_group_decorator']) retrieved from /home/airflow/.local/lib/python3.7/site-packages/airflow/example_dags/example_task_group_decorator.py
[2021-12-25 22:22:55,687] {logging_mixin.py:109} INFO - [2021-12-25 22:22:55,686] {dag.py:2396} INFO - Sync 1 DAGs
[2021-12-25 22:22:55,750] {logging_mixin.py:109} INFO - [2021-12-25 22:22:55,750] {dag.py:2928} INFO - Setting next_dagrun for example_task_group_decorator to 2021-12-24T22:22:55.749814+00:00
[2021-12-25 22:22:55,790] {processor.py:171} INFO - Processing /home/airflow/.local/lib/python3.7/site-packages/airflow/example_dags/example_task_group_decorator.py took 1.058 seconds
