[2021-12-25 22:20:37,162] {processor.py:163} INFO - Started process (PID=64) to work on /home/airflow/.local/lib/python3.7/site-packages/airflow/example_dags/tutorial_etl_dag.py
[2021-12-25 22:20:37,164] {processor.py:625} INFO - Processing file /home/airflow/.local/lib/python3.7/site-packages/airflow/example_dags/tutorial_etl_dag.py for tasks to queue
[2021-12-25 22:20:37,165] {logging_mixin.py:109} INFO - [2021-12-25 22:20:37,165] {dagbag.py:500} INFO - Filling up the DagBag from /home/airflow/.local/lib/python3.7/site-packages/airflow/example_dags/tutorial_etl_dag.py
[2021-12-25 22:20:37,202] {processor.py:637} INFO - DAG(s) dict_keys(['tutorial_etl_dag']) retrieved from /home/airflow/.local/lib/python3.7/site-packages/airflow/example_dags/tutorial_etl_dag.py
[2021-12-25 22:20:37,215] {logging_mixin.py:109} INFO - [2021-12-25 22:20:37,215] {dag.py:2396} INFO - Sync 1 DAGs
[2021-12-25 22:20:37,236] {logging_mixin.py:109} INFO - [2021-12-25 22:20:37,236] {dag.py:2928} INFO - Setting next_dagrun for tutorial_etl_dag to None
[2021-12-25 22:20:37,250] {processor.py:171} INFO - Processing /home/airflow/.local/lib/python3.7/site-packages/airflow/example_dags/tutorial_etl_dag.py took 0.091 seconds
[2021-12-25 22:21:11,392] {processor.py:163} INFO - Started process (PID=125) to work on /home/airflow/.local/lib/python3.7/site-packages/airflow/example_dags/tutorial_etl_dag.py
[2021-12-25 22:21:11,421] {processor.py:625} INFO - Processing file /home/airflow/.local/lib/python3.7/site-packages/airflow/example_dags/tutorial_etl_dag.py for tasks to queue
[2021-12-25 22:21:11,423] {logging_mixin.py:109} INFO - [2021-12-25 22:21:11,423] {dagbag.py:500} INFO - Filling up the DagBag from /home/airflow/.local/lib/python3.7/site-packages/airflow/example_dags/tutorial_etl_dag.py
[2021-12-25 22:21:11,552] {processor.py:637} INFO - DAG(s) dict_keys(['tutorial_etl_dag']) retrieved from /home/airflow/.local/lib/python3.7/site-packages/airflow/example_dags/tutorial_etl_dag.py
[2021-12-25 22:21:11,590] {logging_mixin.py:109} INFO - [2021-12-25 22:21:11,589] {dag.py:2396} INFO - Sync 1 DAGs
[2021-12-25 22:21:11,654] {logging_mixin.py:109} INFO - [2021-12-25 22:21:11,654] {dag.py:2928} INFO - Setting next_dagrun for tutorial_etl_dag to None
[2021-12-25 22:21:11,743] {processor.py:171} INFO - Processing /home/airflow/.local/lib/python3.7/site-packages/airflow/example_dags/tutorial_etl_dag.py took 0.356 seconds
[2021-12-25 22:21:41,940] {processor.py:163} INFO - Started process (PID=186) to work on /home/airflow/.local/lib/python3.7/site-packages/airflow/example_dags/tutorial_etl_dag.py
[2021-12-25 22:21:41,942] {processor.py:625} INFO - Processing file /home/airflow/.local/lib/python3.7/site-packages/airflow/example_dags/tutorial_etl_dag.py for tasks to queue
[2021-12-25 22:21:41,944] {logging_mixin.py:109} INFO - [2021-12-25 22:21:41,944] {dagbag.py:500} INFO - Filling up the DagBag from /home/airflow/.local/lib/python3.7/site-packages/airflow/example_dags/tutorial_etl_dag.py
[2021-12-25 22:21:42,003] {processor.py:637} INFO - DAG(s) dict_keys(['tutorial_etl_dag']) retrieved from /home/airflow/.local/lib/python3.7/site-packages/airflow/example_dags/tutorial_etl_dag.py
[2021-12-25 22:21:42,025] {logging_mixin.py:109} INFO - [2021-12-25 22:21:42,025] {dag.py:2396} INFO - Sync 1 DAGs
[2021-12-25 22:21:42,069] {logging_mixin.py:109} INFO - [2021-12-25 22:21:42,069] {dag.py:2928} INFO - Setting next_dagrun for tutorial_etl_dag to None
[2021-12-25 22:21:42,097] {processor.py:171} INFO - Processing /home/airflow/.local/lib/python3.7/site-packages/airflow/example_dags/tutorial_etl_dag.py took 0.163 seconds
[2021-12-25 22:22:17,104] {processor.py:163} INFO - Started process (PID=247) to work on /home/airflow/.local/lib/python3.7/site-packages/airflow/example_dags/tutorial_etl_dag.py
[2021-12-25 22:22:17,113] {processor.py:625} INFO - Processing file /home/airflow/.local/lib/python3.7/site-packages/airflow/example_dags/tutorial_etl_dag.py for tasks to queue
[2021-12-25 22:22:17,118] {logging_mixin.py:109} INFO - [2021-12-25 22:22:17,118] {dagbag.py:500} INFO - Filling up the DagBag from /home/airflow/.local/lib/python3.7/site-packages/airflow/example_dags/tutorial_etl_dag.py
[2021-12-25 22:22:17,253] {processor.py:637} INFO - DAG(s) dict_keys(['tutorial_etl_dag']) retrieved from /home/airflow/.local/lib/python3.7/site-packages/airflow/example_dags/tutorial_etl_dag.py
[2021-12-25 22:22:17,331] {logging_mixin.py:109} INFO - [2021-12-25 22:22:17,331] {dag.py:2396} INFO - Sync 1 DAGs
[2021-12-25 22:22:17,422] {logging_mixin.py:109} INFO - [2021-12-25 22:22:17,422] {dag.py:2928} INFO - Setting next_dagrun for tutorial_etl_dag to None
[2021-12-25 22:22:17,537] {processor.py:171} INFO - Processing /home/airflow/.local/lib/python3.7/site-packages/airflow/example_dags/tutorial_etl_dag.py took 0.441 seconds
[2021-12-25 22:22:49,124] {processor.py:163} INFO - Started process (PID=309) to work on /home/airflow/.local/lib/python3.7/site-packages/airflow/example_dags/tutorial_etl_dag.py
[2021-12-25 22:22:49,135] {processor.py:625} INFO - Processing file /home/airflow/.local/lib/python3.7/site-packages/airflow/example_dags/tutorial_etl_dag.py for tasks to queue
[2021-12-25 22:22:49,174] {logging_mixin.py:109} INFO - [2021-12-25 22:22:49,174] {dagbag.py:500} INFO - Filling up the DagBag from /home/airflow/.local/lib/python3.7/site-packages/airflow/example_dags/tutorial_etl_dag.py
[2021-12-25 22:22:49,268] {processor.py:637} INFO - DAG(s) dict_keys(['tutorial_etl_dag']) retrieved from /home/airflow/.local/lib/python3.7/site-packages/airflow/example_dags/tutorial_etl_dag.py
[2021-12-25 22:22:49,319] {logging_mixin.py:109} INFO - [2021-12-25 22:22:49,319] {dag.py:2396} INFO - Sync 1 DAGs
[2021-12-25 22:22:49,375] {logging_mixin.py:109} INFO - [2021-12-25 22:22:49,375] {dag.py:2928} INFO - Setting next_dagrun for tutorial_etl_dag to None
[2021-12-25 22:22:49,404] {processor.py:171} INFO - Processing /home/airflow/.local/lib/python3.7/site-packages/airflow/example_dags/tutorial_etl_dag.py took 0.286 seconds
