[2021-12-25 22:20:37,707] {processor.py:163} INFO - Started process (PID=68) to work on /home/airflow/.local/lib/python3.7/site-packages/airflow/example_dags/tutorial.py
[2021-12-25 22:20:37,709] {processor.py:625} INFO - Processing file /home/airflow/.local/lib/python3.7/site-packages/airflow/example_dags/tutorial.py for tasks to queue
[2021-12-25 22:20:37,710] {logging_mixin.py:109} INFO - [2021-12-25 22:20:37,710] {dagbag.py:500} INFO - Filling up the DagBag from /home/airflow/.local/lib/python3.7/site-packages/airflow/example_dags/tutorial.py
[2021-12-25 22:20:37,739] {processor.py:637} INFO - DAG(s) dict_keys(['tutorial']) retrieved from /home/airflow/.local/lib/python3.7/site-packages/airflow/example_dags/tutorial.py
[2021-12-25 22:20:37,753] {logging_mixin.py:109} INFO - [2021-12-25 22:20:37,753] {dag.py:2396} INFO - Sync 1 DAGs
[2021-12-25 22:20:37,772] {logging_mixin.py:109} INFO - [2021-12-25 22:20:37,772] {dag.py:2928} INFO - Setting next_dagrun for tutorial to 2021-12-24T22:20:37.772132+00:00
[2021-12-25 22:20:37,783] {processor.py:171} INFO - Processing /home/airflow/.local/lib/python3.7/site-packages/airflow/example_dags/tutorial.py took 0.080 seconds
[2021-12-25 22:21:12,278] {processor.py:163} INFO - Started process (PID=129) to work on /home/airflow/.local/lib/python3.7/site-packages/airflow/example_dags/tutorial.py
[2021-12-25 22:21:12,285] {processor.py:625} INFO - Processing file /home/airflow/.local/lib/python3.7/site-packages/airflow/example_dags/tutorial.py for tasks to queue
[2021-12-25 22:21:12,308] {logging_mixin.py:109} INFO - [2021-12-25 22:21:12,308] {dagbag.py:500} INFO - Filling up the DagBag from /home/airflow/.local/lib/python3.7/site-packages/airflow/example_dags/tutorial.py
[2021-12-25 22:21:12,390] {processor.py:637} INFO - DAG(s) dict_keys(['tutorial']) retrieved from /home/airflow/.local/lib/python3.7/site-packages/airflow/example_dags/tutorial.py
[2021-12-25 22:21:12,404] {logging_mixin.py:109} INFO - [2021-12-25 22:21:12,403] {dag.py:2396} INFO - Sync 1 DAGs
[2021-12-25 22:21:12,434] {logging_mixin.py:109} INFO - [2021-12-25 22:21:12,433] {dag.py:2928} INFO - Setting next_dagrun for tutorial to 2021-12-24T22:21:12.433467+00:00
[2021-12-25 22:21:12,492] {processor.py:171} INFO - Processing /home/airflow/.local/lib/python3.7/site-packages/airflow/example_dags/tutorial.py took 0.219 seconds
[2021-12-25 22:21:43,417] {processor.py:163} INFO - Started process (PID=189) to work on /home/airflow/.local/lib/python3.7/site-packages/airflow/example_dags/tutorial.py
[2021-12-25 22:21:43,419] {processor.py:625} INFO - Processing file /home/airflow/.local/lib/python3.7/site-packages/airflow/example_dags/tutorial.py for tasks to queue
[2021-12-25 22:21:43,423] {logging_mixin.py:109} INFO - [2021-12-25 22:21:43,422] {dagbag.py:500} INFO - Filling up the DagBag from /home/airflow/.local/lib/python3.7/site-packages/airflow/example_dags/tutorial.py
[2021-12-25 22:21:43,518] {processor.py:637} INFO - DAG(s) dict_keys(['tutorial']) retrieved from /home/airflow/.local/lib/python3.7/site-packages/airflow/example_dags/tutorial.py
[2021-12-25 22:21:43,566] {logging_mixin.py:109} INFO - [2021-12-25 22:21:43,566] {dag.py:2396} INFO - Sync 1 DAGs
[2021-12-25 22:21:43,635] {logging_mixin.py:109} INFO - [2021-12-25 22:21:43,635] {dag.py:2928} INFO - Setting next_dagrun for tutorial to 2021-12-24T22:21:43.635038+00:00
[2021-12-25 22:21:43,669] {processor.py:171} INFO - Processing /home/airflow/.local/lib/python3.7/site-packages/airflow/example_dags/tutorial.py took 0.262 seconds
[2021-12-25 22:22:18,899] {processor.py:163} INFO - Started process (PID=251) to work on /home/airflow/.local/lib/python3.7/site-packages/airflow/example_dags/tutorial.py
[2021-12-25 22:22:18,908] {processor.py:625} INFO - Processing file /home/airflow/.local/lib/python3.7/site-packages/airflow/example_dags/tutorial.py for tasks to queue
[2021-12-25 22:22:18,911] {logging_mixin.py:109} INFO - [2021-12-25 22:22:18,911] {dagbag.py:500} INFO - Filling up the DagBag from /home/airflow/.local/lib/python3.7/site-packages/airflow/example_dags/tutorial.py
[2021-12-25 22:22:19,021] {processor.py:637} INFO - DAG(s) dict_keys(['tutorial']) retrieved from /home/airflow/.local/lib/python3.7/site-packages/airflow/example_dags/tutorial.py
[2021-12-25 22:22:19,067] {logging_mixin.py:109} INFO - [2021-12-25 22:22:19,067] {dag.py:2396} INFO - Sync 1 DAGs
[2021-12-25 22:22:19,147] {logging_mixin.py:109} INFO - [2021-12-25 22:22:19,147] {dag.py:2928} INFO - Setting next_dagrun for tutorial to 2021-12-24T22:22:19.146702+00:00
[2021-12-25 22:22:19,184] {processor.py:171} INFO - Processing /home/airflow/.local/lib/python3.7/site-packages/airflow/example_dags/tutorial.py took 0.296 seconds
[2021-12-25 22:22:49,785] {processor.py:163} INFO - Started process (PID=312) to work on /home/airflow/.local/lib/python3.7/site-packages/airflow/example_dags/tutorial.py
[2021-12-25 22:22:49,794] {processor.py:625} INFO - Processing file /home/airflow/.local/lib/python3.7/site-packages/airflow/example_dags/tutorial.py for tasks to queue
[2021-12-25 22:22:49,797] {logging_mixin.py:109} INFO - [2021-12-25 22:22:49,797] {dagbag.py:500} INFO - Filling up the DagBag from /home/airflow/.local/lib/python3.7/site-packages/airflow/example_dags/tutorial.py
[2021-12-25 22:22:49,938] {processor.py:637} INFO - DAG(s) dict_keys(['tutorial']) retrieved from /home/airflow/.local/lib/python3.7/site-packages/airflow/example_dags/tutorial.py
[2021-12-25 22:22:49,988] {logging_mixin.py:109} INFO - [2021-12-25 22:22:49,988] {dag.py:2396} INFO - Sync 1 DAGs
[2021-12-25 22:22:50,070] {logging_mixin.py:109} INFO - [2021-12-25 22:22:50,070] {dag.py:2928} INFO - Setting next_dagrun for tutorial to 2021-12-24T22:22:50.069549+00:00
[2021-12-25 22:22:50,109] {processor.py:171} INFO - Processing /home/airflow/.local/lib/python3.7/site-packages/airflow/example_dags/tutorial.py took 0.331 seconds
