[2021-12-13 12:24:12,572] {taskinstance.py:1035} INFO - Dependencies all met for <TaskInstance: cpp_workflow.check_printCycleFile manual__2021-12-13T12:24:10.598683+00:00 [queued]>
[2021-12-13 12:24:12,594] {taskinstance.py:1035} INFO - Dependencies all met for <TaskInstance: cpp_workflow.check_printCycleFile manual__2021-12-13T12:24:10.598683+00:00 [queued]>
[2021-12-13 12:24:12,595] {taskinstance.py:1241} INFO - 
--------------------------------------------------------------------------------
[2021-12-13 12:24:12,596] {taskinstance.py:1242} INFO - Starting attempt 1 of 3
[2021-12-13 12:24:12,596] {taskinstance.py:1243} INFO - 
--------------------------------------------------------------------------------
[2021-12-13 12:24:12,617] {taskinstance.py:1262} INFO - Executing <Task(BashOperator): check_printCycleFile> on 2021-12-13 12:24:10.598683+00:00
[2021-12-13 12:24:12,632] {standard_task_runner.py:52} INFO - Started process 3164 to run task
[2021-12-13 12:24:12,640] {standard_task_runner.py:76} INFO - Running: ['***', 'tasks', 'run', 'cpp_workflow', 'check_printCycleFile', 'manual__2021-12-13T12:24:10.598683+00:00', '--job-id', '989', '--raw', '--subdir', 'DAGS_FOLDER/first_dag.py', '--cfg-path', '/tmp/tmpx73n8bul', '--error-file', '/tmp/tmpad3rvv5l']
[2021-12-13 12:24:12,643] {standard_task_runner.py:77} INFO - Job 989: Subtask check_printCycleFile
[2021-12-13 12:24:12,719] {logging_mixin.py:109} INFO - Running <TaskInstance: cpp_workflow.check_printCycleFile manual__2021-12-13T12:24:10.598683+00:00 [running]> on host 218df5ddc363
[2021-12-13 12:24:12,801] {taskinstance.py:1429} INFO - Exporting the following env vars:
AIRFLOW_CTX_DAG_OWNER=***
AIRFLOW_CTX_DAG_ID=cpp_workflow
AIRFLOW_CTX_TASK_ID=check_printCycleFile
AIRFLOW_CTX_EXECUTION_DATE=2021-12-13T12:24:10.598683+00:00
AIRFLOW_CTX_DAG_RUN_ID=manual__2021-12-13T12:24:10.598683+00:00
[2021-12-13 12:24:12,803] {subprocess.py:62} INFO - Tmp dir root location: 
 /tmp
[2021-12-13 12:24:12,804] {subprocess.py:74} INFO - Running command: ['bash', '-c', 'sha256sum /opt/***/official_data/PrintCycle.csv']
[2021-12-13 12:24:12,819] {subprocess.py:85} INFO - Output:
[2021-12-13 12:24:12,828] {subprocess.py:89} INFO - 78858cc4f604ffaf035d224054c7add9dd3d581b3895ebe52793396fb8556b0e  /opt/***/official_data/PrintCycle.csv
[2021-12-13 12:24:12,829] {subprocess.py:93} INFO - Command exited with return code 0
[2021-12-13 12:24:12,894] {taskinstance.py:1280} INFO - Marking task as SUCCESS. dag_id=cpp_workflow, task_id=check_printCycleFile, execution_date=20211213T122410, start_date=20211213T122412, end_date=20211213T122412
[2021-12-13 12:24:12,974] {local_task_job.py:154} INFO - Task exited with return code 0
[2021-12-13 12:24:13,057] {local_task_job.py:264} INFO - 0 downstream tasks scheduled from follow-on schedule check
