[2021-12-20 12:53:22,493] {taskinstance.py:1035} INFO - Dependencies all met for <TaskInstance: cpp_workflow.merge_process manual__2021-12-20T12:52:42.660670+00:00 [queued]>
[2021-12-20 12:53:22,524] {taskinstance.py:1035} INFO - Dependencies all met for <TaskInstance: cpp_workflow.merge_process manual__2021-12-20T12:52:42.660670+00:00 [queued]>
[2021-12-20 12:53:22,524] {taskinstance.py:1241} INFO - 
--------------------------------------------------------------------------------
[2021-12-20 12:53:22,525] {taskinstance.py:1242} INFO - Starting attempt 1 of 1
[2021-12-20 12:53:22,525] {taskinstance.py:1243} INFO - 
--------------------------------------------------------------------------------
[2021-12-20 12:53:22,552] {taskinstance.py:1262} INFO - Executing <Task(PythonOperator): merge_process> on 2021-12-20 12:52:42.660670+00:00
[2021-12-20 12:53:22,560] {standard_task_runner.py:52} INFO - Started process 2599 to run task
[2021-12-20 12:53:22,566] {standard_task_runner.py:76} INFO - Running: ['***', 'tasks', 'run', 'cpp_workflow', 'merge_process', 'manual__2021-12-20T12:52:42.660670+00:00', '--job-id', '1487', '--raw', '--subdir', 'DAGS_FOLDER/first_dag.py', '--cfg-path', '/tmp/tmpk8p9owp2', '--error-file', '/tmp/tmpga8pcz4t']
[2021-12-20 12:53:22,567] {standard_task_runner.py:77} INFO - Job 1487: Subtask merge_process
[2021-12-20 12:53:22,642] {logging_mixin.py:109} INFO - Running <TaskInstance: cpp_workflow.merge_process manual__2021-12-20T12:52:42.660670+00:00 [running]> on host 218df5ddc363
[2021-12-20 12:53:22,746] {taskinstance.py:1429} INFO - Exporting the following env vars:
AIRFLOW_CTX_DAG_OWNER=***
AIRFLOW_CTX_DAG_ID=cpp_workflow
AIRFLOW_CTX_TASK_ID=merge_process
AIRFLOW_CTX_EXECUTION_DATE=2021-12-20T12:52:42.660670+00:00
AIRFLOW_CTX_DAG_RUN_ID=manual__2021-12-20T12:52:42.660670+00:00
[2021-12-20 12:53:22,992] {python.py:152} INFO - Done. Returned value was: None
[2021-12-20 12:53:23,029] {taskinstance.py:1280} INFO - Marking task as SUCCESS. dag_id=cpp_workflow, task_id=merge_process, execution_date=20211220T125242, start_date=20211220T125322, end_date=20211220T125323
[2021-12-20 12:53:23,100] {local_task_job.py:154} INFO - Task exited with return code 0
[2021-12-20 12:53:23,164] {local_task_job.py:264} INFO - 1 downstream tasks scheduled from follow-on schedule check
