[2022-02-07 11:59:27,851] {taskinstance.py:1035} INFO - Dependencies all met for <TaskInstance: cpp_workflow.database_processing_print_cycle scheduled__2022-02-06T00:00:00+00:00 [queued]>
[2022-02-07 11:59:27,871] {taskinstance.py:1035} INFO - Dependencies all met for <TaskInstance: cpp_workflow.database_processing_print_cycle scheduled__2022-02-06T00:00:00+00:00 [queued]>
[2022-02-07 11:59:27,872] {taskinstance.py:1241} INFO - 
--------------------------------------------------------------------------------
[2022-02-07 11:59:27,873] {taskinstance.py:1242} INFO - Starting attempt 1 of 1
[2022-02-07 11:59:27,874] {taskinstance.py:1243} INFO - 
--------------------------------------------------------------------------------
[2022-02-07 11:59:27,910] {taskinstance.py:1262} INFO - Executing <Task(PythonOperator): database_processing_print_cycle> on 2022-02-06 00:00:00+00:00
[2022-02-07 11:59:27,933] {standard_task_runner.py:76} INFO - Running: ['***', 'tasks', 'run', 'cpp_workflow', 'database_processing_print_cycle', 'scheduled__2022-02-06T00:00:00+00:00', '--job-id', '3291', '--raw', '--subdir', 'DAGS_FOLDER/first_dag.py', '--cfg-path', '/tmp/tmpxj9vnbv2', '--error-file', '/tmp/tmp9nxew11i']
[2022-02-07 11:59:27,934] {standard_task_runner.py:52} INFO - Started process 125 to run task
[2022-02-07 11:59:27,938] {standard_task_runner.py:77} INFO - Job 3291: Subtask database_processing_print_cycle
[2022-02-07 11:59:28,026] {logging_mixin.py:109} INFO - Running <TaskInstance: cpp_workflow.database_processing_print_cycle scheduled__2022-02-06T00:00:00+00:00 [running]> on host 218df5ddc363
[2022-02-07 11:59:28,187] {taskinstance.py:1429} INFO - Exporting the following env vars:
AIRFLOW_CTX_DAG_OWNER=***
AIRFLOW_CTX_DAG_ID=cpp_workflow
AIRFLOW_CTX_TASK_ID=database_processing_print_cycle
AIRFLOW_CTX_EXECUTION_DATE=2022-02-06T00:00:00+00:00
AIRFLOW_CTX_DAG_RUN_ID=scheduled__2022-02-06T00:00:00+00:00
[2022-02-07 11:59:28,189] {python.py:152} INFO - Done. Returned value was: None
[2022-02-07 11:59:28,213] {taskinstance.py:1280} INFO - Marking task as SUCCESS. dag_id=cpp_workflow, task_id=database_processing_print_cycle, execution_date=20220206T000000, start_date=20220207T115927, end_date=20220207T115928
[2022-02-07 11:59:28,257] {local_task_job.py:154} INFO - Task exited with return code 0
[2022-02-07 11:59:28,329] {local_task_job.py:264} INFO - 1 downstream tasks scheduled from follow-on schedule check
