[2021-12-27 10:51:11,463] {taskinstance.py:1035} INFO - Dependencies all met for <TaskInstance: cpp_workflow.refactor_process scheduled__2021-12-25T00:00:00+00:00 [queued]>
[2021-12-27 10:51:11,495] {taskinstance.py:1035} INFO - Dependencies all met for <TaskInstance: cpp_workflow.refactor_process scheduled__2021-12-25T00:00:00+00:00 [queued]>
[2021-12-27 10:51:11,496] {taskinstance.py:1241} INFO - 
--------------------------------------------------------------------------------
[2021-12-27 10:51:11,497] {taskinstance.py:1242} INFO - Starting attempt 1 of 1
[2021-12-27 10:51:11,497] {taskinstance.py:1243} INFO - 
--------------------------------------------------------------------------------
[2021-12-27 10:51:11,550] {taskinstance.py:1262} INFO - Executing <Task(PythonOperator): refactor_process> on 2021-12-25 00:00:00+00:00
[2021-12-27 10:51:11,567] {standard_task_runner.py:52} INFO - Started process 127 to run task
[2021-12-27 10:51:11,590] {standard_task_runner.py:76} INFO - Running: ['***', 'tasks', 'run', 'cpp_workflow', 'refactor_process', 'scheduled__2021-12-25T00:00:00+00:00', '--job-id', '1574', '--raw', '--subdir', 'DAGS_FOLDER/first_dag.py', '--cfg-path', '/tmp/tmpstkcrkt8', '--error-file', '/tmp/tmp6c3ake1r']
[2021-12-27 10:51:11,592] {standard_task_runner.py:77} INFO - Job 1574: Subtask refactor_process
[2021-12-27 10:51:11,760] {logging_mixin.py:109} INFO - Running <TaskInstance: cpp_workflow.refactor_process scheduled__2021-12-25T00:00:00+00:00 [running]> on host 218df5ddc363
[2021-12-27 10:51:11,913] {taskinstance.py:1429} INFO - Exporting the following env vars:
AIRFLOW_CTX_DAG_OWNER=***
AIRFLOW_CTX_DAG_ID=cpp_workflow
AIRFLOW_CTX_TASK_ID=refactor_process
AIRFLOW_CTX_EXECUTION_DATE=2021-12-25T00:00:00+00:00
AIRFLOW_CTX_DAG_RUN_ID=scheduled__2021-12-25T00:00:00+00:00
[2021-12-27 10:51:12,117] {python.py:152} INFO - Done. Returned value was: None
[2021-12-27 10:51:12,167] {taskinstance.py:1280} INFO - Marking task as SUCCESS. dag_id=cpp_workflow, task_id=refactor_process, execution_date=20211225T000000, start_date=20211227T105111, end_date=20211227T105112
[2021-12-27 10:51:12,287] {local_task_job.py:154} INFO - Task exited with return code 0
[2021-12-27 10:51:12,401] {local_task_job.py:264} INFO - 1 downstream tasks scheduled from follow-on schedule check
