[2022-01-22 12:58:48,301] {taskinstance.py:1035} INFO - Dependencies all met for <TaskInstance: cpp_workflow.col_process_image scheduled__2022-01-20T00:00:00+00:00 [queued]>
[2022-01-22 12:58:48,607] {taskinstance.py:1035} INFO - Dependencies all met for <TaskInstance: cpp_workflow.col_process_image scheduled__2022-01-20T00:00:00+00:00 [queued]>
[2022-01-22 12:58:48,616] {taskinstance.py:1241} INFO - 
--------------------------------------------------------------------------------
[2022-01-22 12:58:48,618] {taskinstance.py:1242} INFO - Starting attempt 1 of 1
[2022-01-22 12:58:48,621] {taskinstance.py:1243} INFO - 
--------------------------------------------------------------------------------
[2022-01-22 12:58:48,862] {taskinstance.py:1262} INFO - Executing <Task(PythonOperator): col_process_image> on 2022-01-20 00:00:00+00:00
[2022-01-22 12:58:48,969] {standard_task_runner.py:76} INFO - Running: ['***', 'tasks', 'run', 'cpp_workflow', 'col_process_image', 'scheduled__2022-01-20T00:00:00+00:00', '--job-id', '2949', '--raw', '--subdir', 'DAGS_FOLDER/first_dag.py', '--cfg-path', '/tmp/tmp8hgkbkjp', '--error-file', '/tmp/tmp4rh205oh']
[2022-01-22 12:58:48,991] {standard_task_runner.py:77} INFO - Job 2949: Subtask col_process_image
[2022-01-22 12:58:48,995] {standard_task_runner.py:52} INFO - Started process 123 to run task
[2022-01-22 12:58:49,228] {logging_mixin.py:109} INFO - Running <TaskInstance: cpp_workflow.col_process_image scheduled__2022-01-20T00:00:00+00:00 [running]> on host 218df5ddc363
[2022-01-22 12:58:50,031] {taskinstance.py:1429} INFO - Exporting the following env vars:
AIRFLOW_CTX_DAG_OWNER=***
AIRFLOW_CTX_DAG_ID=cpp_workflow
AIRFLOW_CTX_TASK_ID=col_process_image
AIRFLOW_CTX_EXECUTION_DATE=2022-01-20T00:00:00+00:00
AIRFLOW_CTX_DAG_RUN_ID=scheduled__2022-01-20T00:00:00+00:00
[2022-01-22 12:58:50,091] {python.py:152} INFO - Done. Returned value was: None
[2022-01-22 12:58:50,794] {taskinstance.py:1280} INFO - Marking task as SUCCESS. dag_id=cpp_workflow, task_id=col_process_image, execution_date=20220120T000000, start_date=20220122T125848, end_date=20220122T125850
[2022-01-22 12:58:50,938] {local_task_job.py:154} INFO - Task exited with return code 0
[2022-01-22 12:58:51,597] {local_task_job.py:264} INFO - 1 downstream tasks scheduled from follow-on schedule check
