[2021-12-13 13:31:07,950] {taskinstance.py:1035} INFO - Dependencies all met for <TaskInstance: cpp_workflow.col_process manual__2021-12-13T13:30:58.341587+00:00 [queued]>
[2021-12-13 13:31:07,962] {taskinstance.py:1035} INFO - Dependencies all met for <TaskInstance: cpp_workflow.col_process manual__2021-12-13T13:30:58.341587+00:00 [queued]>
[2021-12-13 13:31:07,963] {taskinstance.py:1241} INFO - 
--------------------------------------------------------------------------------
[2021-12-13 13:31:07,963] {taskinstance.py:1242} INFO - Starting attempt 1 of 1
[2021-12-13 13:31:07,963] {taskinstance.py:1243} INFO - 
--------------------------------------------------------------------------------
[2021-12-13 13:31:07,980] {taskinstance.py:1262} INFO - Executing <Task(PythonOperator): col_process> on 2021-12-13 13:30:58.341587+00:00
[2021-12-13 13:31:07,986] {standard_task_runner.py:52} INFO - Started process 6520 to run task
[2021-12-13 13:31:07,990] {standard_task_runner.py:76} INFO - Running: ['***', 'tasks', 'run', 'cpp_workflow', 'col_process', 'manual__2021-12-13T13:30:58.341587+00:00', '--job-id', '1119', '--raw', '--subdir', 'DAGS_FOLDER/first_dag.py', '--cfg-path', '/tmp/tmpjm3hu_aq', '--error-file', '/tmp/tmpt183bjw3']
[2021-12-13 13:31:07,991] {standard_task_runner.py:77} INFO - Job 1119: Subtask col_process
[2021-12-13 13:31:08,036] {logging_mixin.py:109} INFO - Running <TaskInstance: cpp_workflow.col_process manual__2021-12-13T13:30:58.341587+00:00 [running]> on host 218df5ddc363
[2021-12-13 13:31:08,094] {taskinstance.py:1429} INFO - Exporting the following env vars:
AIRFLOW_CTX_DAG_OWNER=***
AIRFLOW_CTX_DAG_ID=cpp_workflow
AIRFLOW_CTX_TASK_ID=col_process
AIRFLOW_CTX_EXECUTION_DATE=2021-12-13T13:30:58.341587+00:00
AIRFLOW_CTX_DAG_RUN_ID=manual__2021-12-13T13:30:58.341587+00:00
[2021-12-13 13:31:08,148] {python.py:152} INFO - Done. Returned value was: None
[2021-12-13 13:31:08,162] {taskinstance.py:1280} INFO - Marking task as SUCCESS. dag_id=cpp_workflow, task_id=col_process, execution_date=20211213T133058, start_date=20211213T133107, end_date=20211213T133108
[2021-12-13 13:31:08,202] {local_task_job.py:154} INFO - Task exited with return code 0
[2021-12-13 13:31:08,248] {local_task_job.py:264} INFO - 1 downstream tasks scheduled from follow-on schedule check
