[2022-01-03 12:33:41,095] {taskinstance.py:1035} INFO - Dependencies all met for <TaskInstance: cpp_workflow.col_process_media_prepare manual__2022-01-03T12:33:26.261962+00:00 [queued]>
[2022-01-03 12:33:41,146] {taskinstance.py:1035} INFO - Dependencies all met for <TaskInstance: cpp_workflow.col_process_media_prepare manual__2022-01-03T12:33:26.261962+00:00 [queued]>
[2022-01-03 12:33:41,153] {taskinstance.py:1241} INFO - 
--------------------------------------------------------------------------------
[2022-01-03 12:33:41,154] {taskinstance.py:1242} INFO - Starting attempt 1 of 1
[2022-01-03 12:33:41,156] {taskinstance.py:1243} INFO - 
--------------------------------------------------------------------------------
[2022-01-03 12:33:41,211] {taskinstance.py:1262} INFO - Executing <Task(PythonOperator): col_process_media_prepare> on 2022-01-03 12:33:26.261962+00:00
[2022-01-03 12:33:41,224] {standard_task_runner.py:52} INFO - Started process 1431 to run task
[2022-01-03 12:33:41,232] {standard_task_runner.py:76} INFO - Running: ['***', 'tasks', 'run', 'cpp_workflow', 'col_process_media_prepare', 'manual__2022-01-03T12:33:26.261962+00:00', '--job-id', '2386', '--raw', '--subdir', 'DAGS_FOLDER/first_dag.py', '--cfg-path', '/tmp/tmpprjv63d7', '--error-file', '/tmp/tmp5mr9adt9']
[2022-01-03 12:33:41,240] {standard_task_runner.py:77} INFO - Job 2386: Subtask col_process_media_prepare
[2022-01-03 12:33:41,380] {logging_mixin.py:109} INFO - Running <TaskInstance: cpp_workflow.col_process_media_prepare manual__2022-01-03T12:33:26.261962+00:00 [running]> on host 218df5ddc363
[2022-01-03 12:33:41,569] {taskinstance.py:1429} INFO - Exporting the following env vars:
AIRFLOW_CTX_DAG_OWNER=***
AIRFLOW_CTX_DAG_ID=cpp_workflow
AIRFLOW_CTX_TASK_ID=col_process_media_prepare
AIRFLOW_CTX_EXECUTION_DATE=2022-01-03T12:33:26.261962+00:00
AIRFLOW_CTX_DAG_RUN_ID=manual__2022-01-03T12:33:26.261962+00:00
[2022-01-03 12:33:42,007] {python.py:152} INFO - Done. Returned value was: None
[2022-01-03 12:33:42,056] {taskinstance.py:1280} INFO - Marking task as SUCCESS. dag_id=cpp_workflow, task_id=col_process_media_prepare, execution_date=20220103T123326, start_date=20220103T123341, end_date=20220103T123342
[2022-01-03 12:33:42,107] {local_task_job.py:154} INFO - Task exited with return code 0
[2022-01-03 12:33:42,382] {local_task_job.py:264} INFO - 0 downstream tasks scheduled from follow-on schedule check
