[2021-12-13 14:19:26,290] {taskinstance.py:1035} INFO - Dependencies all met for <TaskInstance: cpp_workflow.col_process manual__2021-12-13T14:19:20.280261+00:00 [queued]>
[2021-12-13 14:19:26,314] {taskinstance.py:1035} INFO - Dependencies all met for <TaskInstance: cpp_workflow.col_process manual__2021-12-13T14:19:20.280261+00:00 [queued]>
[2021-12-13 14:19:26,315] {taskinstance.py:1241} INFO - 
--------------------------------------------------------------------------------
[2021-12-13 14:19:26,315] {taskinstance.py:1242} INFO - Starting attempt 1 of 1
[2021-12-13 14:19:26,315] {taskinstance.py:1243} INFO - 
--------------------------------------------------------------------------------
[2021-12-13 14:19:26,335] {taskinstance.py:1262} INFO - Executing <Task(PythonOperator): col_process> on 2021-12-13 14:19:20.280261+00:00
[2021-12-13 14:19:26,342] {standard_task_runner.py:52} INFO - Started process 8872 to run task
[2021-12-13 14:19:26,347] {standard_task_runner.py:76} INFO - Running: ['***', 'tasks', 'run', 'cpp_workflow', 'col_process', 'manual__2021-12-13T14:19:20.280261+00:00', '--job-id', '1199', '--raw', '--subdir', 'DAGS_FOLDER/first_dag.py', '--cfg-path', '/tmp/tmptlfp38r0', '--error-file', '/tmp/tmp9o1nod1l']
[2021-12-13 14:19:26,349] {standard_task_runner.py:77} INFO - Job 1199: Subtask col_process
[2021-12-13 14:19:26,421] {logging_mixin.py:109} INFO - Running <TaskInstance: cpp_workflow.col_process manual__2021-12-13T14:19:20.280261+00:00 [running]> on host 218df5ddc363
[2021-12-13 14:19:26,502] {taskinstance.py:1429} INFO - Exporting the following env vars:
AIRFLOW_CTX_DAG_OWNER=***
AIRFLOW_CTX_DAG_ID=cpp_workflow
AIRFLOW_CTX_TASK_ID=col_process
AIRFLOW_CTX_EXECUTION_DATE=2021-12-13T14:19:20.280261+00:00
AIRFLOW_CTX_DAG_RUN_ID=manual__2021-12-13T14:19:20.280261+00:00
[2021-12-13 14:19:26,564] {python.py:152} INFO - Done. Returned value was: None
[2021-12-13 14:19:26,583] {taskinstance.py:1280} INFO - Marking task as SUCCESS. dag_id=cpp_workflow, task_id=col_process, execution_date=20211213T141920, start_date=20211213T141926, end_date=20211213T141926
[2021-12-13 14:19:26,640] {local_task_job.py:154} INFO - Task exited with return code 0
[2021-12-13 14:19:26,702] {local_task_job.py:264} INFO - 1 downstream tasks scheduled from follow-on schedule check
