[2021-12-09 00:05:12,092] {taskinstance.py:1035} INFO - Dependencies all met for <TaskInstance: cpp_workflow.col_process manual__2021-12-09T00:04:58.968625+00:00 [queued]>
[2021-12-09 00:05:12,154] {taskinstance.py:1035} INFO - Dependencies all met for <TaskInstance: cpp_workflow.col_process manual__2021-12-09T00:04:58.968625+00:00 [queued]>
[2021-12-09 00:05:12,162] {taskinstance.py:1241} INFO - 
--------------------------------------------------------------------------------
[2021-12-09 00:05:12,165] {taskinstance.py:1242} INFO - Starting attempt 1 of 1
[2021-12-09 00:05:12,166] {taskinstance.py:1243} INFO - 
--------------------------------------------------------------------------------
[2021-12-09 00:05:12,211] {taskinstance.py:1262} INFO - Executing <Task(PythonOperator): col_process> on 2021-12-09 00:04:58.968625+00:00
[2021-12-09 00:05:12,269] {standard_task_runner.py:52} INFO - Started process 8443 to run task
[2021-12-09 00:05:12,275] {standard_task_runner.py:76} INFO - Running: ['***', 'tasks', 'run', 'cpp_workflow', 'col_process', 'manual__2021-12-09T00:04:58.968625+00:00', '--job-id', '691', '--raw', '--subdir', 'DAGS_FOLDER/first_dag.py', '--cfg-path', '/tmp/tmpvkrlur89', '--error-file', '/tmp/tmp36uj43p4']
[2021-12-09 00:05:12,277] {standard_task_runner.py:77} INFO - Job 691: Subtask col_process
[2021-12-09 00:05:12,352] {logging_mixin.py:109} INFO - Running <TaskInstance: cpp_workflow.col_process manual__2021-12-09T00:04:58.968625+00:00 [running]> on host b5fd0372bf6e
[2021-12-09 00:05:12,418] {taskinstance.py:1429} INFO - Exporting the following env vars:
AIRFLOW_CTX_DAG_OWNER=***
AIRFLOW_CTX_DAG_ID=cpp_workflow
AIRFLOW_CTX_TASK_ID=col_process
AIRFLOW_CTX_EXECUTION_DATE=2021-12-09T00:04:58.968625+00:00
AIRFLOW_CTX_DAG_RUN_ID=manual__2021-12-09T00:04:58.968625+00:00
[2021-12-09 00:05:12,484] {python.py:152} INFO - Done. Returned value was: None
[2021-12-09 00:05:12,499] {taskinstance.py:1280} INFO - Marking task as SUCCESS. dag_id=cpp_workflow, task_id=col_process, execution_date=20211209T000458, start_date=20211209T000512, end_date=20211209T000512
[2021-12-09 00:05:12,529] {local_task_job.py:154} INFO - Task exited with return code 0
[2021-12-09 00:05:12,596] {local_task_job.py:264} INFO - 1 downstream tasks scheduled from follow-on schedule check
