[2022-01-03 00:26:57,857] {taskinstance.py:1035} INFO - Dependencies all met for <TaskInstance: cpp_workflow.delete_working_files manual__2022-01-03T00:26:13.208871+00:00 [queued]>
[2022-01-03 00:26:57,875] {taskinstance.py:1035} INFO - Dependencies all met for <TaskInstance: cpp_workflow.delete_working_files manual__2022-01-03T00:26:13.208871+00:00 [queued]>
[2022-01-03 00:26:57,876] {taskinstance.py:1241} INFO - 
--------------------------------------------------------------------------------
[2022-01-03 00:26:57,877] {taskinstance.py:1242} INFO - Starting attempt 1 of 1
[2022-01-03 00:26:57,878] {taskinstance.py:1243} INFO - 
--------------------------------------------------------------------------------
[2022-01-03 00:26:57,899] {taskinstance.py:1262} INFO - Executing <Task(PythonOperator): delete_working_files> on 2022-01-03 00:26:13.208871+00:00
[2022-01-03 00:26:57,904] {standard_task_runner.py:52} INFO - Started process 2621 to run task
[2022-01-03 00:26:57,909] {standard_task_runner.py:76} INFO - Running: ['***', 'tasks', 'run', 'cpp_workflow', 'delete_working_files', 'manual__2022-01-03T00:26:13.208871+00:00', '--job-id', '1989', '--raw', '--subdir', 'DAGS_FOLDER/first_dag.py', '--cfg-path', '/tmp/tmpcd4yunr_', '--error-file', '/tmp/tmp96nwemo3']
[2022-01-03 00:26:57,910] {standard_task_runner.py:77} INFO - Job 1989: Subtask delete_working_files
[2022-01-03 00:26:57,965] {logging_mixin.py:109} INFO - Running <TaskInstance: cpp_workflow.delete_working_files manual__2022-01-03T00:26:13.208871+00:00 [running]> on host 218df5ddc363
[2022-01-03 00:26:58,037] {taskinstance.py:1429} INFO - Exporting the following env vars:
AIRFLOW_CTX_DAG_OWNER=***
AIRFLOW_CTX_DAG_ID=cpp_workflow
AIRFLOW_CTX_TASK_ID=delete_working_files
AIRFLOW_CTX_EXECUTION_DATE=2022-01-03T00:26:13.208871+00:00
AIRFLOW_CTX_DAG_RUN_ID=manual__2022-01-03T00:26:13.208871+00:00
[2022-01-03 00:26:58,048] {python.py:152} INFO - Done. Returned value was: None
[2022-01-03 00:26:58,074] {taskinstance.py:1280} INFO - Marking task as SUCCESS. dag_id=cpp_workflow, task_id=delete_working_files, execution_date=20220103T002613, start_date=20220103T002657, end_date=20220103T002658
[2022-01-03 00:26:58,160] {local_task_job.py:154} INFO - Task exited with return code 0
[2022-01-03 00:26:58,204] {local_task_job.py:264} INFO - 0 downstream tasks scheduled from follow-on schedule check
