[2021-12-23 15:54:22,327] {processor.py:163} INFO - Started process (PID=95) to work on /home/airflow/.local/lib/python3.7/site-packages/airflow/example_dags/example_external_task_marker_dag.py
[2021-12-23 15:54:22,340] {processor.py:625} INFO - Processing file /home/airflow/.local/lib/python3.7/site-packages/airflow/example_dags/example_external_task_marker_dag.py for tasks to queue
[2021-12-23 15:54:22,364] {logging_mixin.py:109} INFO - [2021-12-23 15:54:22,363] {dagbag.py:500} INFO - Filling up the DagBag from /home/airflow/.local/lib/python3.7/site-packages/airflow/example_dags/example_external_task_marker_dag.py
[2021-12-23 15:54:22,489] {processor.py:637} INFO - DAG(s) dict_keys(['example_external_task_marker_parent', 'example_external_task_marker_child']) retrieved from /home/airflow/.local/lib/python3.7/site-packages/airflow/example_dags/example_external_task_marker_dag.py
[2021-12-23 15:54:22,527] {logging_mixin.py:109} INFO - [2021-12-23 15:54:22,524] {dag.py:2396} INFO - Sync 2 DAGs
[2021-12-23 15:54:22,574] {logging_mixin.py:109} INFO - [2021-12-23 15:54:22,574] {dag.py:2928} INFO - Setting next_dagrun for example_external_task_marker_child to None
[2021-12-23 15:54:22,587] {logging_mixin.py:109} INFO - [2021-12-23 15:54:22,587] {dag.py:2928} INFO - Setting next_dagrun for example_external_task_marker_parent to None
[2021-12-23 15:54:22,631] {processor.py:171} INFO - Processing /home/airflow/.local/lib/python3.7/site-packages/airflow/example_dags/example_external_task_marker_dag.py took 0.311 seconds
[2021-12-23 15:54:53,638] {processor.py:163} INFO - Started process (PID=153) to work on /home/airflow/.local/lib/python3.7/site-packages/airflow/example_dags/example_external_task_marker_dag.py
[2021-12-23 15:54:53,646] {processor.py:625} INFO - Processing file /home/airflow/.local/lib/python3.7/site-packages/airflow/example_dags/example_external_task_marker_dag.py for tasks to queue
[2021-12-23 15:54:53,648] {logging_mixin.py:109} INFO - [2021-12-23 15:54:53,647] {dagbag.py:500} INFO - Filling up the DagBag from /home/airflow/.local/lib/python3.7/site-packages/airflow/example_dags/example_external_task_marker_dag.py
[2021-12-23 15:54:53,740] {processor.py:637} INFO - DAG(s) dict_keys(['example_external_task_marker_parent', 'example_external_task_marker_child']) retrieved from /home/airflow/.local/lib/python3.7/site-packages/airflow/example_dags/example_external_task_marker_dag.py
[2021-12-23 15:54:53,769] {logging_mixin.py:109} INFO - [2021-12-23 15:54:53,769] {dag.py:2396} INFO - Sync 2 DAGs
[2021-12-23 15:54:53,803] {logging_mixin.py:109} INFO - [2021-12-23 15:54:53,803] {dag.py:2928} INFO - Setting next_dagrun for example_external_task_marker_child to None
[2021-12-23 15:54:53,804] {logging_mixin.py:109} INFO - [2021-12-23 15:54:53,803] {dag.py:2928} INFO - Setting next_dagrun for example_external_task_marker_parent to None
[2021-12-23 15:54:53,841] {processor.py:171} INFO - Processing /home/airflow/.local/lib/python3.7/site-packages/airflow/example_dags/example_external_task_marker_dag.py took 0.212 seconds
[2021-12-23 15:55:23,918] {processor.py:163} INFO - Started process (PID=206) to work on /home/airflow/.local/lib/python3.7/site-packages/airflow/example_dags/example_external_task_marker_dag.py
[2021-12-23 15:55:23,921] {processor.py:625} INFO - Processing file /home/airflow/.local/lib/python3.7/site-packages/airflow/example_dags/example_external_task_marker_dag.py for tasks to queue
[2021-12-23 15:55:23,924] {logging_mixin.py:109} INFO - [2021-12-23 15:55:23,923] {dagbag.py:500} INFO - Filling up the DagBag from /home/airflow/.local/lib/python3.7/site-packages/airflow/example_dags/example_external_task_marker_dag.py
[2021-12-23 15:55:24,005] {processor.py:637} INFO - DAG(s) dict_keys(['example_external_task_marker_parent', 'example_external_task_marker_child']) retrieved from /home/airflow/.local/lib/python3.7/site-packages/airflow/example_dags/example_external_task_marker_dag.py
[2021-12-23 15:55:24,033] {logging_mixin.py:109} INFO - [2021-12-23 15:55:24,033] {dag.py:2396} INFO - Sync 2 DAGs
[2021-12-23 15:55:24,069] {logging_mixin.py:109} INFO - [2021-12-23 15:55:24,068] {dag.py:2928} INFO - Setting next_dagrun for example_external_task_marker_child to None
[2021-12-23 15:55:24,070] {logging_mixin.py:109} INFO - [2021-12-23 15:55:24,069] {dag.py:2928} INFO - Setting next_dagrun for example_external_task_marker_parent to None
[2021-12-23 15:55:24,088] {processor.py:171} INFO - Processing /home/airflow/.local/lib/python3.7/site-packages/airflow/example_dags/example_external_task_marker_dag.py took 0.177 seconds
[2021-12-23 15:55:55,211] {processor.py:163} INFO - Started process (PID=267) to work on /home/airflow/.local/lib/python3.7/site-packages/airflow/example_dags/example_external_task_marker_dag.py
[2021-12-23 15:55:55,214] {processor.py:625} INFO - Processing file /home/airflow/.local/lib/python3.7/site-packages/airflow/example_dags/example_external_task_marker_dag.py for tasks to queue
[2021-12-23 15:55:55,225] {logging_mixin.py:109} INFO - [2021-12-23 15:55:55,225] {dagbag.py:500} INFO - Filling up the DagBag from /home/airflow/.local/lib/python3.7/site-packages/airflow/example_dags/example_external_task_marker_dag.py
[2021-12-23 15:55:55,294] {processor.py:637} INFO - DAG(s) dict_keys(['example_external_task_marker_parent', 'example_external_task_marker_child']) retrieved from /home/airflow/.local/lib/python3.7/site-packages/airflow/example_dags/example_external_task_marker_dag.py
[2021-12-23 15:55:55,341] {logging_mixin.py:109} INFO - [2021-12-23 15:55:55,341] {dag.py:2396} INFO - Sync 2 DAGs
[2021-12-23 15:55:55,421] {logging_mixin.py:109} INFO - [2021-12-23 15:55:55,420] {dag.py:2928} INFO - Setting next_dagrun for example_external_task_marker_child to None
[2021-12-23 15:55:55,428] {logging_mixin.py:109} INFO - [2021-12-23 15:55:55,427] {dag.py:2928} INFO - Setting next_dagrun for example_external_task_marker_parent to None
[2021-12-23 15:55:55,478] {processor.py:171} INFO - Processing /home/airflow/.local/lib/python3.7/site-packages/airflow/example_dags/example_external_task_marker_dag.py took 0.274 seconds
[2021-12-23 15:56:32,578] {processor.py:163} INFO - Started process (PID=330) to work on /home/airflow/.local/lib/python3.7/site-packages/airflow/example_dags/example_external_task_marker_dag.py
[2021-12-23 15:56:32,581] {processor.py:625} INFO - Processing file /home/airflow/.local/lib/python3.7/site-packages/airflow/example_dags/example_external_task_marker_dag.py for tasks to queue
[2021-12-23 15:56:32,584] {logging_mixin.py:109} INFO - [2021-12-23 15:56:32,583] {dagbag.py:500} INFO - Filling up the DagBag from /home/airflow/.local/lib/python3.7/site-packages/airflow/example_dags/example_external_task_marker_dag.py
[2021-12-23 15:56:32,642] {processor.py:637} INFO - DAG(s) dict_keys(['example_external_task_marker_parent', 'example_external_task_marker_child']) retrieved from /home/airflow/.local/lib/python3.7/site-packages/airflow/example_dags/example_external_task_marker_dag.py
[2021-12-23 15:56:32,669] {logging_mixin.py:109} INFO - [2021-12-23 15:56:32,669] {dag.py:2396} INFO - Sync 2 DAGs
[2021-12-23 15:56:32,708] {logging_mixin.py:109} INFO - [2021-12-23 15:56:32,708] {dag.py:2928} INFO - Setting next_dagrun for example_external_task_marker_child to None
[2021-12-23 15:56:32,709] {logging_mixin.py:109} INFO - [2021-12-23 15:56:32,709] {dag.py:2928} INFO - Setting next_dagrun for example_external_task_marker_parent to None
[2021-12-23 15:56:32,733] {processor.py:171} INFO - Processing /home/airflow/.local/lib/python3.7/site-packages/airflow/example_dags/example_external_task_marker_dag.py took 0.161 seconds
[2021-12-23 15:57:07,767] {processor.py:163} INFO - Started process (PID=391) to work on /home/airflow/.local/lib/python3.7/site-packages/airflow/example_dags/example_external_task_marker_dag.py
[2021-12-23 15:57:07,769] {processor.py:625} INFO - Processing file /home/airflow/.local/lib/python3.7/site-packages/airflow/example_dags/example_external_task_marker_dag.py for tasks to queue
[2021-12-23 15:57:07,781] {logging_mixin.py:109} INFO - [2021-12-23 15:57:07,770] {dagbag.py:500} INFO - Filling up the DagBag from /home/airflow/.local/lib/python3.7/site-packages/airflow/example_dags/example_external_task_marker_dag.py
[2021-12-23 15:57:07,907] {processor.py:637} INFO - DAG(s) dict_keys(['example_external_task_marker_parent', 'example_external_task_marker_child']) retrieved from /home/airflow/.local/lib/python3.7/site-packages/airflow/example_dags/example_external_task_marker_dag.py
[2021-12-23 15:57:08,056] {logging_mixin.py:109} INFO - [2021-12-23 15:57:08,056] {dag.py:2396} INFO - Sync 2 DAGs
[2021-12-23 15:57:08,167] {logging_mixin.py:109} INFO - [2021-12-23 15:57:08,167] {dag.py:2928} INFO - Setting next_dagrun for example_external_task_marker_child to None
[2021-12-23 15:57:08,169] {logging_mixin.py:109} INFO - [2021-12-23 15:57:08,169] {dag.py:2928} INFO - Setting next_dagrun for example_external_task_marker_parent to None
[2021-12-23 15:57:08,201] {processor.py:171} INFO - Processing /home/airflow/.local/lib/python3.7/site-packages/airflow/example_dags/example_external_task_marker_dag.py took 0.441 seconds
[2021-12-23 15:57:42,016] {processor.py:163} INFO - Started process (PID=452) to work on /home/airflow/.local/lib/python3.7/site-packages/airflow/example_dags/example_external_task_marker_dag.py
[2021-12-23 15:57:42,026] {processor.py:625} INFO - Processing file /home/airflow/.local/lib/python3.7/site-packages/airflow/example_dags/example_external_task_marker_dag.py for tasks to queue
[2021-12-23 15:57:42,058] {logging_mixin.py:109} INFO - [2021-12-23 15:57:42,057] {dagbag.py:500} INFO - Filling up the DagBag from /home/airflow/.local/lib/python3.7/site-packages/airflow/example_dags/example_external_task_marker_dag.py
[2021-12-23 15:57:42,174] {processor.py:637} INFO - DAG(s) dict_keys(['example_external_task_marker_parent', 'example_external_task_marker_child']) retrieved from /home/airflow/.local/lib/python3.7/site-packages/airflow/example_dags/example_external_task_marker_dag.py
[2021-12-23 15:57:42,273] {logging_mixin.py:109} INFO - [2021-12-23 15:57:42,262] {dag.py:2396} INFO - Sync 2 DAGs
[2021-12-23 15:57:42,449] {logging_mixin.py:109} INFO - [2021-12-23 15:57:42,449] {dag.py:2928} INFO - Setting next_dagrun for example_external_task_marker_child to None
[2021-12-23 15:57:42,571] {logging_mixin.py:109} INFO - [2021-12-23 15:57:42,571] {dag.py:2928} INFO - Setting next_dagrun for example_external_task_marker_parent to None
[2021-12-23 15:57:42,624] {processor.py:171} INFO - Processing /home/airflow/.local/lib/python3.7/site-packages/airflow/example_dags/example_external_task_marker_dag.py took 0.614 seconds
[2021-12-23 15:58:13,057] {processor.py:163} INFO - Started process (PID=513) to work on /home/airflow/.local/lib/python3.7/site-packages/airflow/example_dags/example_external_task_marker_dag.py
[2021-12-23 15:58:13,060] {processor.py:625} INFO - Processing file /home/airflow/.local/lib/python3.7/site-packages/airflow/example_dags/example_external_task_marker_dag.py for tasks to queue
[2021-12-23 15:58:13,062] {logging_mixin.py:109} INFO - [2021-12-23 15:58:13,061] {dagbag.py:500} INFO - Filling up the DagBag from /home/airflow/.local/lib/python3.7/site-packages/airflow/example_dags/example_external_task_marker_dag.py
[2021-12-23 15:58:13,126] {processor.py:637} INFO - DAG(s) dict_keys(['example_external_task_marker_parent', 'example_external_task_marker_child']) retrieved from /home/airflow/.local/lib/python3.7/site-packages/airflow/example_dags/example_external_task_marker_dag.py
[2021-12-23 15:58:13,181] {logging_mixin.py:109} INFO - [2021-12-23 15:58:13,180] {dag.py:2396} INFO - Sync 2 DAGs
[2021-12-23 15:58:13,217] {logging_mixin.py:109} INFO - [2021-12-23 15:58:13,217] {dag.py:2928} INFO - Setting next_dagrun for example_external_task_marker_child to None
[2021-12-23 15:58:13,218] {logging_mixin.py:109} INFO - [2021-12-23 15:58:13,218] {dag.py:2928} INFO - Setting next_dagrun for example_external_task_marker_parent to None
[2021-12-23 15:58:13,249] {processor.py:171} INFO - Processing /home/airflow/.local/lib/python3.7/site-packages/airflow/example_dags/example_external_task_marker_dag.py took 0.201 seconds
[2021-12-23 15:58:43,802] {processor.py:163} INFO - Started process (PID=574) to work on /home/airflow/.local/lib/python3.7/site-packages/airflow/example_dags/example_external_task_marker_dag.py
[2021-12-23 15:58:43,808] {processor.py:625} INFO - Processing file /home/airflow/.local/lib/python3.7/site-packages/airflow/example_dags/example_external_task_marker_dag.py for tasks to queue
[2021-12-23 15:58:43,812] {logging_mixin.py:109} INFO - [2021-12-23 15:58:43,811] {dagbag.py:500} INFO - Filling up the DagBag from /home/airflow/.local/lib/python3.7/site-packages/airflow/example_dags/example_external_task_marker_dag.py
[2021-12-23 15:58:43,968] {processor.py:637} INFO - DAG(s) dict_keys(['example_external_task_marker_parent', 'example_external_task_marker_child']) retrieved from /home/airflow/.local/lib/python3.7/site-packages/airflow/example_dags/example_external_task_marker_dag.py
[2021-12-23 15:58:44,006] {logging_mixin.py:109} INFO - [2021-12-23 15:58:44,006] {dag.py:2396} INFO - Sync 2 DAGs
[2021-12-23 15:58:44,037] {logging_mixin.py:109} INFO - [2021-12-23 15:58:44,037] {dag.py:2928} INFO - Setting next_dagrun for example_external_task_marker_child to None
[2021-12-23 15:58:44,038] {logging_mixin.py:109} INFO - [2021-12-23 15:58:44,038] {dag.py:2928} INFO - Setting next_dagrun for example_external_task_marker_parent to None
[2021-12-23 15:58:44,057] {processor.py:171} INFO - Processing /home/airflow/.local/lib/python3.7/site-packages/airflow/example_dags/example_external_task_marker_dag.py took 0.278 seconds
[2021-12-23 15:59:14,528] {processor.py:163} INFO - Started process (PID=634) to work on /home/airflow/.local/lib/python3.7/site-packages/airflow/example_dags/example_external_task_marker_dag.py
[2021-12-23 15:59:14,533] {processor.py:625} INFO - Processing file /home/airflow/.local/lib/python3.7/site-packages/airflow/example_dags/example_external_task_marker_dag.py for tasks to queue
[2021-12-23 15:59:14,536] {logging_mixin.py:109} INFO - [2021-12-23 15:59:14,535] {dagbag.py:500} INFO - Filling up the DagBag from /home/airflow/.local/lib/python3.7/site-packages/airflow/example_dags/example_external_task_marker_dag.py
[2021-12-23 15:59:14,639] {processor.py:637} INFO - DAG(s) dict_keys(['example_external_task_marker_parent', 'example_external_task_marker_child']) retrieved from /home/airflow/.local/lib/python3.7/site-packages/airflow/example_dags/example_external_task_marker_dag.py
[2021-12-23 15:59:14,701] {logging_mixin.py:109} INFO - [2021-12-23 15:59:14,701] {dag.py:2396} INFO - Sync 2 DAGs
[2021-12-23 15:59:14,762] {logging_mixin.py:109} INFO - [2021-12-23 15:59:14,762] {dag.py:2928} INFO - Setting next_dagrun for example_external_task_marker_child to None
[2021-12-23 15:59:14,764] {logging_mixin.py:109} INFO - [2021-12-23 15:59:14,764] {dag.py:2928} INFO - Setting next_dagrun for example_external_task_marker_parent to None
[2021-12-23 15:59:14,790] {processor.py:171} INFO - Processing /home/airflow/.local/lib/python3.7/site-packages/airflow/example_dags/example_external_task_marker_dag.py took 0.276 seconds
[2021-12-23 15:59:44,934] {processor.py:163} INFO - Started process (PID=695) to work on /home/airflow/.local/lib/python3.7/site-packages/airflow/example_dags/example_external_task_marker_dag.py
[2021-12-23 15:59:44,937] {processor.py:625} INFO - Processing file /home/airflow/.local/lib/python3.7/site-packages/airflow/example_dags/example_external_task_marker_dag.py for tasks to queue
[2021-12-23 15:59:44,938] {logging_mixin.py:109} INFO - [2021-12-23 15:59:44,938] {dagbag.py:500} INFO - Filling up the DagBag from /home/airflow/.local/lib/python3.7/site-packages/airflow/example_dags/example_external_task_marker_dag.py
[2021-12-23 15:59:44,993] {processor.py:637} INFO - DAG(s) dict_keys(['example_external_task_marker_parent', 'example_external_task_marker_child']) retrieved from /home/airflow/.local/lib/python3.7/site-packages/airflow/example_dags/example_external_task_marker_dag.py
[2021-12-23 15:59:45,018] {logging_mixin.py:109} INFO - [2021-12-23 15:59:45,017] {dag.py:2396} INFO - Sync 2 DAGs
[2021-12-23 15:59:45,048] {logging_mixin.py:109} INFO - [2021-12-23 15:59:45,048] {dag.py:2928} INFO - Setting next_dagrun for example_external_task_marker_child to None
[2021-12-23 15:59:45,049] {logging_mixin.py:109} INFO - [2021-12-23 15:59:45,049] {dag.py:2928} INFO - Setting next_dagrun for example_external_task_marker_parent to None
[2021-12-23 15:59:45,069] {processor.py:171} INFO - Processing /home/airflow/.local/lib/python3.7/site-packages/airflow/example_dags/example_external_task_marker_dag.py took 0.141 seconds
[2021-12-23 16:00:15,259] {processor.py:163} INFO - Started process (PID=769) to work on /home/airflow/.local/lib/python3.7/site-packages/airflow/example_dags/example_external_task_marker_dag.py
[2021-12-23 16:00:15,261] {processor.py:625} INFO - Processing file /home/airflow/.local/lib/python3.7/site-packages/airflow/example_dags/example_external_task_marker_dag.py for tasks to queue
[2021-12-23 16:00:15,262] {logging_mixin.py:109} INFO - [2021-12-23 16:00:15,262] {dagbag.py:500} INFO - Filling up the DagBag from /home/airflow/.local/lib/python3.7/site-packages/airflow/example_dags/example_external_task_marker_dag.py
[2021-12-23 16:00:15,303] {processor.py:637} INFO - DAG(s) dict_keys(['example_external_task_marker_parent', 'example_external_task_marker_child']) retrieved from /home/airflow/.local/lib/python3.7/site-packages/airflow/example_dags/example_external_task_marker_dag.py
[2021-12-23 16:00:15,326] {logging_mixin.py:109} INFO - [2021-12-23 16:00:15,326] {dag.py:2396} INFO - Sync 2 DAGs
[2021-12-23 16:00:15,354] {logging_mixin.py:109} INFO - [2021-12-23 16:00:15,354] {dag.py:2928} INFO - Setting next_dagrun for example_external_task_marker_child to None
[2021-12-23 16:00:15,355] {logging_mixin.py:109} INFO - [2021-12-23 16:00:15,355] {dag.py:2928} INFO - Setting next_dagrun for example_external_task_marker_parent to None
[2021-12-23 16:00:15,379] {processor.py:171} INFO - Processing /home/airflow/.local/lib/python3.7/site-packages/airflow/example_dags/example_external_task_marker_dag.py took 0.125 seconds
[2021-12-23 16:00:45,524] {processor.py:163} INFO - Started process (PID=829) to work on /home/airflow/.local/lib/python3.7/site-packages/airflow/example_dags/example_external_task_marker_dag.py
[2021-12-23 16:00:45,529] {processor.py:625} INFO - Processing file /home/airflow/.local/lib/python3.7/site-packages/airflow/example_dags/example_external_task_marker_dag.py for tasks to queue
[2021-12-23 16:00:45,532] {logging_mixin.py:109} INFO - [2021-12-23 16:00:45,532] {dagbag.py:500} INFO - Filling up the DagBag from /home/airflow/.local/lib/python3.7/site-packages/airflow/example_dags/example_external_task_marker_dag.py
[2021-12-23 16:00:45,637] {processor.py:637} INFO - DAG(s) dict_keys(['example_external_task_marker_parent', 'example_external_task_marker_child']) retrieved from /home/airflow/.local/lib/python3.7/site-packages/airflow/example_dags/example_external_task_marker_dag.py
[2021-12-23 16:00:45,690] {logging_mixin.py:109} INFO - [2021-12-23 16:00:45,690] {dag.py:2396} INFO - Sync 2 DAGs
[2021-12-23 16:00:45,736] {logging_mixin.py:109} INFO - [2021-12-23 16:00:45,735] {dag.py:2928} INFO - Setting next_dagrun for example_external_task_marker_child to None
[2021-12-23 16:00:45,736] {logging_mixin.py:109} INFO - [2021-12-23 16:00:45,736] {dag.py:2928} INFO - Setting next_dagrun for example_external_task_marker_parent to None
[2021-12-23 16:00:45,753] {processor.py:171} INFO - Processing /home/airflow/.local/lib/python3.7/site-packages/airflow/example_dags/example_external_task_marker_dag.py took 0.241 seconds
[2021-12-23 16:01:16,572] {processor.py:163} INFO - Started process (PID=893) to work on /home/airflow/.local/lib/python3.7/site-packages/airflow/example_dags/example_external_task_marker_dag.py
[2021-12-23 16:01:16,574] {processor.py:625} INFO - Processing file /home/airflow/.local/lib/python3.7/site-packages/airflow/example_dags/example_external_task_marker_dag.py for tasks to queue
[2021-12-23 16:01:16,576] {logging_mixin.py:109} INFO - [2021-12-23 16:01:16,576] {dagbag.py:500} INFO - Filling up the DagBag from /home/airflow/.local/lib/python3.7/site-packages/airflow/example_dags/example_external_task_marker_dag.py
[2021-12-23 16:01:16,641] {processor.py:637} INFO - DAG(s) dict_keys(['example_external_task_marker_parent', 'example_external_task_marker_child']) retrieved from /home/airflow/.local/lib/python3.7/site-packages/airflow/example_dags/example_external_task_marker_dag.py
[2021-12-23 16:01:16,686] {logging_mixin.py:109} INFO - [2021-12-23 16:01:16,685] {dag.py:2396} INFO - Sync 2 DAGs
[2021-12-23 16:01:16,762] {logging_mixin.py:109} INFO - [2021-12-23 16:01:16,762] {dag.py:2928} INFO - Setting next_dagrun for example_external_task_marker_child to None
[2021-12-23 16:01:16,764] {logging_mixin.py:109} INFO - [2021-12-23 16:01:16,764] {dag.py:2928} INFO - Setting next_dagrun for example_external_task_marker_parent to None
[2021-12-23 16:01:16,796] {processor.py:171} INFO - Processing /home/airflow/.local/lib/python3.7/site-packages/airflow/example_dags/example_external_task_marker_dag.py took 0.232 seconds
[2021-12-23 16:01:46,914] {processor.py:163} INFO - Started process (PID=951) to work on /home/airflow/.local/lib/python3.7/site-packages/airflow/example_dags/example_external_task_marker_dag.py
[2021-12-23 16:01:46,917] {processor.py:625} INFO - Processing file /home/airflow/.local/lib/python3.7/site-packages/airflow/example_dags/example_external_task_marker_dag.py for tasks to queue
[2021-12-23 16:01:46,919] {logging_mixin.py:109} INFO - [2021-12-23 16:01:46,918] {dagbag.py:500} INFO - Filling up the DagBag from /home/airflow/.local/lib/python3.7/site-packages/airflow/example_dags/example_external_task_marker_dag.py
[2021-12-23 16:01:46,971] {processor.py:637} INFO - DAG(s) dict_keys(['example_external_task_marker_parent', 'example_external_task_marker_child']) retrieved from /home/airflow/.local/lib/python3.7/site-packages/airflow/example_dags/example_external_task_marker_dag.py
[2021-12-23 16:01:46,999] {logging_mixin.py:109} INFO - [2021-12-23 16:01:46,998] {dag.py:2396} INFO - Sync 2 DAGs
[2021-12-23 16:01:47,045] {logging_mixin.py:109} INFO - [2021-12-23 16:01:47,045] {dag.py:2928} INFO - Setting next_dagrun for example_external_task_marker_child to None
[2021-12-23 16:01:47,048] {logging_mixin.py:109} INFO - [2021-12-23 16:01:47,048] {dag.py:2928} INFO - Setting next_dagrun for example_external_task_marker_parent to None
[2021-12-23 16:01:47,094] {processor.py:171} INFO - Processing /home/airflow/.local/lib/python3.7/site-packages/airflow/example_dags/example_external_task_marker_dag.py took 0.185 seconds
[2021-12-23 16:02:17,613] {processor.py:163} INFO - Started process (PID=1004) to work on /home/airflow/.local/lib/python3.7/site-packages/airflow/example_dags/example_external_task_marker_dag.py
[2021-12-23 16:02:17,615] {processor.py:625} INFO - Processing file /home/airflow/.local/lib/python3.7/site-packages/airflow/example_dags/example_external_task_marker_dag.py for tasks to queue
[2021-12-23 16:02:17,617] {logging_mixin.py:109} INFO - [2021-12-23 16:02:17,617] {dagbag.py:500} INFO - Filling up the DagBag from /home/airflow/.local/lib/python3.7/site-packages/airflow/example_dags/example_external_task_marker_dag.py
[2021-12-23 16:02:17,666] {processor.py:637} INFO - DAG(s) dict_keys(['example_external_task_marker_parent', 'example_external_task_marker_child']) retrieved from /home/airflow/.local/lib/python3.7/site-packages/airflow/example_dags/example_external_task_marker_dag.py
[2021-12-23 16:02:17,696] {logging_mixin.py:109} INFO - [2021-12-23 16:02:17,696] {dag.py:2396} INFO - Sync 2 DAGs
[2021-12-23 16:02:17,736] {logging_mixin.py:109} INFO - [2021-12-23 16:02:17,736] {dag.py:2928} INFO - Setting next_dagrun for example_external_task_marker_child to None
[2021-12-23 16:02:17,737] {logging_mixin.py:109} INFO - [2021-12-23 16:02:17,737] {dag.py:2928} INFO - Setting next_dagrun for example_external_task_marker_parent to None
[2021-12-23 16:02:17,892] {processor.py:171} INFO - Processing /home/airflow/.local/lib/python3.7/site-packages/airflow/example_dags/example_external_task_marker_dag.py took 0.286 seconds
[2021-12-23 16:02:48,437] {processor.py:163} INFO - Started process (PID=1065) to work on /home/airflow/.local/lib/python3.7/site-packages/airflow/example_dags/example_external_task_marker_dag.py
[2021-12-23 16:02:48,439] {processor.py:625} INFO - Processing file /home/airflow/.local/lib/python3.7/site-packages/airflow/example_dags/example_external_task_marker_dag.py for tasks to queue
[2021-12-23 16:02:48,440] {logging_mixin.py:109} INFO - [2021-12-23 16:02:48,439] {dagbag.py:500} INFO - Filling up the DagBag from /home/airflow/.local/lib/python3.7/site-packages/airflow/example_dags/example_external_task_marker_dag.py
[2021-12-23 16:02:48,470] {processor.py:637} INFO - DAG(s) dict_keys(['example_external_task_marker_parent', 'example_external_task_marker_child']) retrieved from /home/airflow/.local/lib/python3.7/site-packages/airflow/example_dags/example_external_task_marker_dag.py
[2021-12-23 16:02:48,486] {logging_mixin.py:109} INFO - [2021-12-23 16:02:48,486] {dag.py:2396} INFO - Sync 2 DAGs
[2021-12-23 16:02:48,627] {logging_mixin.py:109} INFO - [2021-12-23 16:02:48,627] {dag.py:2928} INFO - Setting next_dagrun for example_external_task_marker_child to None
[2021-12-23 16:02:48,628] {logging_mixin.py:109} INFO - [2021-12-23 16:02:48,627] {dag.py:2928} INFO - Setting next_dagrun for example_external_task_marker_parent to None
[2021-12-23 16:02:48,644] {processor.py:171} INFO - Processing /home/airflow/.local/lib/python3.7/site-packages/airflow/example_dags/example_external_task_marker_dag.py took 0.211 seconds
[2021-12-23 16:03:19,072] {processor.py:163} INFO - Started process (PID=1136) to work on /home/airflow/.local/lib/python3.7/site-packages/airflow/example_dags/example_external_task_marker_dag.py
[2021-12-23 16:03:19,074] {processor.py:625} INFO - Processing file /home/airflow/.local/lib/python3.7/site-packages/airflow/example_dags/example_external_task_marker_dag.py for tasks to queue
[2021-12-23 16:03:19,075] {logging_mixin.py:109} INFO - [2021-12-23 16:03:19,075] {dagbag.py:500} INFO - Filling up the DagBag from /home/airflow/.local/lib/python3.7/site-packages/airflow/example_dags/example_external_task_marker_dag.py
[2021-12-23 16:03:19,112] {processor.py:637} INFO - DAG(s) dict_keys(['example_external_task_marker_parent', 'example_external_task_marker_child']) retrieved from /home/airflow/.local/lib/python3.7/site-packages/airflow/example_dags/example_external_task_marker_dag.py
[2021-12-23 16:03:19,141] {logging_mixin.py:109} INFO - [2021-12-23 16:03:19,141] {dag.py:2396} INFO - Sync 2 DAGs
[2021-12-23 16:03:19,308] {logging_mixin.py:109} INFO - [2021-12-23 16:03:19,307] {dag.py:2928} INFO - Setting next_dagrun for example_external_task_marker_child to None
[2021-12-23 16:03:19,310] {logging_mixin.py:109} INFO - [2021-12-23 16:03:19,310] {dag.py:2928} INFO - Setting next_dagrun for example_external_task_marker_parent to None
[2021-12-23 16:03:19,342] {processor.py:171} INFO - Processing /home/airflow/.local/lib/python3.7/site-packages/airflow/example_dags/example_external_task_marker_dag.py took 0.276 seconds
[2021-12-23 16:03:50,008] {processor.py:163} INFO - Started process (PID=1198) to work on /home/airflow/.local/lib/python3.7/site-packages/airflow/example_dags/example_external_task_marker_dag.py
[2021-12-23 16:03:50,015] {processor.py:625} INFO - Processing file /home/airflow/.local/lib/python3.7/site-packages/airflow/example_dags/example_external_task_marker_dag.py for tasks to queue
[2021-12-23 16:03:50,020] {logging_mixin.py:109} INFO - [2021-12-23 16:03:50,020] {dagbag.py:500} INFO - Filling up the DagBag from /home/airflow/.local/lib/python3.7/site-packages/airflow/example_dags/example_external_task_marker_dag.py
[2021-12-23 16:03:50,081] {processor.py:637} INFO - DAG(s) dict_keys(['example_external_task_marker_parent', 'example_external_task_marker_child']) retrieved from /home/airflow/.local/lib/python3.7/site-packages/airflow/example_dags/example_external_task_marker_dag.py
[2021-12-23 16:03:50,128] {logging_mixin.py:109} INFO - [2021-12-23 16:03:50,127] {dag.py:2396} INFO - Sync 2 DAGs
[2021-12-23 16:03:50,423] {logging_mixin.py:109} INFO - [2021-12-23 16:03:50,422] {dag.py:2928} INFO - Setting next_dagrun for example_external_task_marker_child to None
[2021-12-23 16:03:50,424] {logging_mixin.py:109} INFO - [2021-12-23 16:03:50,424] {dag.py:2928} INFO - Setting next_dagrun for example_external_task_marker_parent to None
[2021-12-23 16:03:50,547] {processor.py:171} INFO - Processing /home/airflow/.local/lib/python3.7/site-packages/airflow/example_dags/example_external_task_marker_dag.py took 0.546 seconds
[2021-12-23 16:04:20,713] {processor.py:163} INFO - Started process (PID=1259) to work on /home/airflow/.local/lib/python3.7/site-packages/airflow/example_dags/example_external_task_marker_dag.py
[2021-12-23 16:04:20,716] {processor.py:625} INFO - Processing file /home/airflow/.local/lib/python3.7/site-packages/airflow/example_dags/example_external_task_marker_dag.py for tasks to queue
[2021-12-23 16:04:20,718] {logging_mixin.py:109} INFO - [2021-12-23 16:04:20,717] {dagbag.py:500} INFO - Filling up the DagBag from /home/airflow/.local/lib/python3.7/site-packages/airflow/example_dags/example_external_task_marker_dag.py
[2021-12-23 16:04:20,769] {processor.py:637} INFO - DAG(s) dict_keys(['example_external_task_marker_parent', 'example_external_task_marker_child']) retrieved from /home/airflow/.local/lib/python3.7/site-packages/airflow/example_dags/example_external_task_marker_dag.py
[2021-12-23 16:04:21,031] {logging_mixin.py:109} INFO - [2021-12-23 16:04:21,031] {dag.py:2396} INFO - Sync 2 DAGs
[2021-12-23 16:04:21,075] {logging_mixin.py:109} INFO - [2021-12-23 16:04:21,074] {dag.py:2928} INFO - Setting next_dagrun for example_external_task_marker_child to None
[2021-12-23 16:04:21,076] {logging_mixin.py:109} INFO - [2021-12-23 16:04:21,076] {dag.py:2928} INFO - Setting next_dagrun for example_external_task_marker_parent to None
[2021-12-23 16:04:21,108] {processor.py:171} INFO - Processing /home/airflow/.local/lib/python3.7/site-packages/airflow/example_dags/example_external_task_marker_dag.py took 0.402 seconds
