[2021-12-23 15:54:21,271] {processor.py:163} INFO - Started process (PID=92) to work on /home/airflow/.local/lib/python3.7/site-packages/airflow/example_dags/example_latest_only_with_trigger.py
[2021-12-23 15:54:21,278] {processor.py:625} INFO - Processing file /home/airflow/.local/lib/python3.7/site-packages/airflow/example_dags/example_latest_only_with_trigger.py for tasks to queue
[2021-12-23 15:54:21,287] {logging_mixin.py:109} INFO - [2021-12-23 15:54:21,287] {dagbag.py:500} INFO - Filling up the DagBag from /home/airflow/.local/lib/python3.7/site-packages/airflow/example_dags/example_latest_only_with_trigger.py
[2021-12-23 15:54:21,427] {processor.py:637} INFO - DAG(s) dict_keys(['latest_only_with_trigger']) retrieved from /home/airflow/.local/lib/python3.7/site-packages/airflow/example_dags/example_latest_only_with_trigger.py
[2021-12-23 15:54:21,462] {logging_mixin.py:109} INFO - [2021-12-23 15:54:21,462] {dag.py:2396} INFO - Sync 1 DAGs
[2021-12-23 15:54:21,507] {logging_mixin.py:109} INFO - [2021-12-23 15:54:21,507] {dag.py:2928} INFO - Setting next_dagrun for latest_only_with_trigger to 2021-12-23T11:54:21.506538+00:00
[2021-12-23 15:54:21,541] {processor.py:171} INFO - Processing /home/airflow/.local/lib/python3.7/site-packages/airflow/example_dags/example_latest_only_with_trigger.py took 0.282 seconds
[2021-12-23 15:54:53,058] {processor.py:163} INFO - Started process (PID=143) to work on /home/airflow/.local/lib/python3.7/site-packages/airflow/example_dags/example_latest_only_with_trigger.py
[2021-12-23 15:54:53,070] {processor.py:625} INFO - Processing file /home/airflow/.local/lib/python3.7/site-packages/airflow/example_dags/example_latest_only_with_trigger.py for tasks to queue
[2021-12-23 15:54:53,076] {logging_mixin.py:109} INFO - [2021-12-23 15:54:53,076] {dagbag.py:500} INFO - Filling up the DagBag from /home/airflow/.local/lib/python3.7/site-packages/airflow/example_dags/example_latest_only_with_trigger.py
[2021-12-23 15:54:53,207] {processor.py:637} INFO - DAG(s) dict_keys(['latest_only_with_trigger']) retrieved from /home/airflow/.local/lib/python3.7/site-packages/airflow/example_dags/example_latest_only_with_trigger.py
[2021-12-23 15:54:53,253] {logging_mixin.py:109} INFO - [2021-12-23 15:54:53,253] {dag.py:2396} INFO - Sync 1 DAGs
[2021-12-23 15:54:53,340] {logging_mixin.py:109} INFO - [2021-12-23 15:54:53,339] {dag.py:2928} INFO - Setting next_dagrun for latest_only_with_trigger to 2021-12-23T11:54:53.338812+00:00
[2021-12-23 15:54:53,373] {processor.py:171} INFO - Processing /home/airflow/.local/lib/python3.7/site-packages/airflow/example_dags/example_latest_only_with_trigger.py took 0.332 seconds
[2021-12-23 15:55:23,737] {processor.py:163} INFO - Started process (PID=204) to work on /home/airflow/.local/lib/python3.7/site-packages/airflow/example_dags/example_latest_only_with_trigger.py
[2021-12-23 15:55:23,739] {processor.py:625} INFO - Processing file /home/airflow/.local/lib/python3.7/site-packages/airflow/example_dags/example_latest_only_with_trigger.py for tasks to queue
[2021-12-23 15:55:23,742] {logging_mixin.py:109} INFO - [2021-12-23 15:55:23,742] {dagbag.py:500} INFO - Filling up the DagBag from /home/airflow/.local/lib/python3.7/site-packages/airflow/example_dags/example_latest_only_with_trigger.py
[2021-12-23 15:55:23,799] {processor.py:637} INFO - DAG(s) dict_keys(['latest_only_with_trigger']) retrieved from /home/airflow/.local/lib/python3.7/site-packages/airflow/example_dags/example_latest_only_with_trigger.py
[2021-12-23 15:55:23,819] {logging_mixin.py:109} INFO - [2021-12-23 15:55:23,819] {dag.py:2396} INFO - Sync 1 DAGs
[2021-12-23 15:55:23,853] {logging_mixin.py:109} INFO - [2021-12-23 15:55:23,853] {dag.py:2928} INFO - Setting next_dagrun for latest_only_with_trigger to 2021-12-23T11:55:23.852730+00:00
[2021-12-23 15:55:23,872] {processor.py:171} INFO - Processing /home/airflow/.local/lib/python3.7/site-packages/airflow/example_dags/example_latest_only_with_trigger.py took 0.141 seconds
[2021-12-23 15:55:55,002] {processor.py:163} INFO - Started process (PID=265) to work on /home/airflow/.local/lib/python3.7/site-packages/airflow/example_dags/example_latest_only_with_trigger.py
[2021-12-23 15:55:55,005] {processor.py:625} INFO - Processing file /home/airflow/.local/lib/python3.7/site-packages/airflow/example_dags/example_latest_only_with_trigger.py for tasks to queue
[2021-12-23 15:55:55,008] {logging_mixin.py:109} INFO - [2021-12-23 15:55:55,007] {dagbag.py:500} INFO - Filling up the DagBag from /home/airflow/.local/lib/python3.7/site-packages/airflow/example_dags/example_latest_only_with_trigger.py
[2021-12-23 15:55:55,069] {processor.py:637} INFO - DAG(s) dict_keys(['latest_only_with_trigger']) retrieved from /home/airflow/.local/lib/python3.7/site-packages/airflow/example_dags/example_latest_only_with_trigger.py
[2021-12-23 15:55:55,089] {logging_mixin.py:109} INFO - [2021-12-23 15:55:55,089] {dag.py:2396} INFO - Sync 1 DAGs
[2021-12-23 15:55:55,123] {logging_mixin.py:109} INFO - [2021-12-23 15:55:55,123] {dag.py:2928} INFO - Setting next_dagrun for latest_only_with_trigger to 2021-12-23T11:55:55.122766+00:00
[2021-12-23 15:55:55,140] {processor.py:171} INFO - Processing /home/airflow/.local/lib/python3.7/site-packages/airflow/example_dags/example_latest_only_with_trigger.py took 0.143 seconds
[2021-12-23 15:56:32,217] {processor.py:163} INFO - Started process (PID=327) to work on /home/airflow/.local/lib/python3.7/site-packages/airflow/example_dags/example_latest_only_with_trigger.py
[2021-12-23 15:56:32,219] {processor.py:625} INFO - Processing file /home/airflow/.local/lib/python3.7/site-packages/airflow/example_dags/example_latest_only_with_trigger.py for tasks to queue
[2021-12-23 15:56:32,221] {logging_mixin.py:109} INFO - [2021-12-23 15:56:32,221] {dagbag.py:500} INFO - Filling up the DagBag from /home/airflow/.local/lib/python3.7/site-packages/airflow/example_dags/example_latest_only_with_trigger.py
[2021-12-23 15:56:32,287] {processor.py:637} INFO - DAG(s) dict_keys(['latest_only_with_trigger']) retrieved from /home/airflow/.local/lib/python3.7/site-packages/airflow/example_dags/example_latest_only_with_trigger.py
[2021-12-23 15:56:32,314] {logging_mixin.py:109} INFO - [2021-12-23 15:56:32,313] {dag.py:2396} INFO - Sync 1 DAGs
[2021-12-23 15:56:32,351] {logging_mixin.py:109} INFO - [2021-12-23 15:56:32,350] {dag.py:2928} INFO - Setting next_dagrun for latest_only_with_trigger to 2021-12-23T11:56:32.350472+00:00
[2021-12-23 15:56:32,371] {processor.py:171} INFO - Processing /home/airflow/.local/lib/python3.7/site-packages/airflow/example_dags/example_latest_only_with_trigger.py took 0.163 seconds
[2021-12-23 15:57:06,856] {processor.py:163} INFO - Started process (PID=388) to work on /home/airflow/.local/lib/python3.7/site-packages/airflow/example_dags/example_latest_only_with_trigger.py
[2021-12-23 15:57:06,863] {processor.py:625} INFO - Processing file /home/airflow/.local/lib/python3.7/site-packages/airflow/example_dags/example_latest_only_with_trigger.py for tasks to queue
[2021-12-23 15:57:06,872] {logging_mixin.py:109} INFO - [2021-12-23 15:57:06,872] {dagbag.py:500} INFO - Filling up the DagBag from /home/airflow/.local/lib/python3.7/site-packages/airflow/example_dags/example_latest_only_with_trigger.py
[2021-12-23 15:57:07,006] {processor.py:637} INFO - DAG(s) dict_keys(['latest_only_with_trigger']) retrieved from /home/airflow/.local/lib/python3.7/site-packages/airflow/example_dags/example_latest_only_with_trigger.py
[2021-12-23 15:57:07,068] {logging_mixin.py:109} INFO - [2021-12-23 15:57:07,068] {dag.py:2396} INFO - Sync 1 DAGs
[2021-12-23 15:57:07,163] {logging_mixin.py:109} INFO - [2021-12-23 15:57:07,163] {dag.py:2928} INFO - Setting next_dagrun for latest_only_with_trigger to 2021-12-23T11:57:07.162532+00:00
[2021-12-23 15:57:07,224] {processor.py:171} INFO - Processing /home/airflow/.local/lib/python3.7/site-packages/airflow/example_dags/example_latest_only_with_trigger.py took 0.385 seconds
[2021-12-23 15:57:39,854] {processor.py:163} INFO - Started process (PID=449) to work on /home/airflow/.local/lib/python3.7/site-packages/airflow/example_dags/example_latest_only_with_trigger.py
[2021-12-23 15:57:39,867] {processor.py:625} INFO - Processing file /home/airflow/.local/lib/python3.7/site-packages/airflow/example_dags/example_latest_only_with_trigger.py for tasks to queue
[2021-12-23 15:57:39,879] {logging_mixin.py:109} INFO - [2021-12-23 15:57:39,879] {dagbag.py:500} INFO - Filling up the DagBag from /home/airflow/.local/lib/python3.7/site-packages/airflow/example_dags/example_latest_only_with_trigger.py
[2021-12-23 15:57:39,994] {processor.py:637} INFO - DAG(s) dict_keys(['latest_only_with_trigger']) retrieved from /home/airflow/.local/lib/python3.7/site-packages/airflow/example_dags/example_latest_only_with_trigger.py
[2021-12-23 15:57:40,059] {logging_mixin.py:109} INFO - [2021-12-23 15:57:40,059] {dag.py:2396} INFO - Sync 1 DAGs
[2021-12-23 15:57:40,163] {logging_mixin.py:109} INFO - [2021-12-23 15:57:40,163] {dag.py:2928} INFO - Setting next_dagrun for latest_only_with_trigger to 2021-12-23T11:57:40.162993+00:00
[2021-12-23 15:57:40,218] {processor.py:171} INFO - Processing /home/airflow/.local/lib/python3.7/site-packages/airflow/example_dags/example_latest_only_with_trigger.py took 0.371 seconds
[2021-12-23 15:58:11,050] {processor.py:163} INFO - Started process (PID=510) to work on /home/airflow/.local/lib/python3.7/site-packages/airflow/example_dags/example_latest_only_with_trigger.py
[2021-12-23 15:58:11,052] {processor.py:625} INFO - Processing file /home/airflow/.local/lib/python3.7/site-packages/airflow/example_dags/example_latest_only_with_trigger.py for tasks to queue
[2021-12-23 15:58:11,054] {logging_mixin.py:109} INFO - [2021-12-23 15:58:11,053] {dagbag.py:500} INFO - Filling up the DagBag from /home/airflow/.local/lib/python3.7/site-packages/airflow/example_dags/example_latest_only_with_trigger.py
[2021-12-23 15:58:11,101] {processor.py:637} INFO - DAG(s) dict_keys(['latest_only_with_trigger']) retrieved from /home/airflow/.local/lib/python3.7/site-packages/airflow/example_dags/example_latest_only_with_trigger.py
[2021-12-23 15:58:11,120] {logging_mixin.py:109} INFO - [2021-12-23 15:58:11,119] {dag.py:2396} INFO - Sync 1 DAGs
[2021-12-23 15:58:11,156] {logging_mixin.py:109} INFO - [2021-12-23 15:58:11,156] {dag.py:2928} INFO - Setting next_dagrun for latest_only_with_trigger to 2021-12-23T11:58:11.155817+00:00
[2021-12-23 15:58:11,179] {processor.py:171} INFO - Processing /home/airflow/.local/lib/python3.7/site-packages/airflow/example_dags/example_latest_only_with_trigger.py took 0.135 seconds
[2021-12-23 15:58:41,862] {processor.py:163} INFO - Started process (PID=570) to work on /home/airflow/.local/lib/python3.7/site-packages/airflow/example_dags/example_latest_only_with_trigger.py
[2021-12-23 15:58:41,865] {processor.py:625} INFO - Processing file /home/airflow/.local/lib/python3.7/site-packages/airflow/example_dags/example_latest_only_with_trigger.py for tasks to queue
[2021-12-23 15:58:41,868] {logging_mixin.py:109} INFO - [2021-12-23 15:58:41,868] {dagbag.py:500} INFO - Filling up the DagBag from /home/airflow/.local/lib/python3.7/site-packages/airflow/example_dags/example_latest_only_with_trigger.py
[2021-12-23 15:58:41,939] {processor.py:637} INFO - DAG(s) dict_keys(['latest_only_with_trigger']) retrieved from /home/airflow/.local/lib/python3.7/site-packages/airflow/example_dags/example_latest_only_with_trigger.py
[2021-12-23 15:58:41,955] {logging_mixin.py:109} INFO - [2021-12-23 15:58:41,955] {dag.py:2396} INFO - Sync 1 DAGs
[2021-12-23 15:58:41,982] {logging_mixin.py:109} INFO - [2021-12-23 15:58:41,982] {dag.py:2928} INFO - Setting next_dagrun for latest_only_with_trigger to 2021-12-23T11:58:41.981564+00:00
[2021-12-23 15:58:41,997] {processor.py:171} INFO - Processing /home/airflow/.local/lib/python3.7/site-packages/airflow/example_dags/example_latest_only_with_trigger.py took 0.144 seconds
[2021-12-23 15:59:12,152] {processor.py:163} INFO - Started process (PID=630) to work on /home/airflow/.local/lib/python3.7/site-packages/airflow/example_dags/example_latest_only_with_trigger.py
[2021-12-23 15:59:12,155] {processor.py:625} INFO - Processing file /home/airflow/.local/lib/python3.7/site-packages/airflow/example_dags/example_latest_only_with_trigger.py for tasks to queue
[2021-12-23 15:59:12,158] {logging_mixin.py:109} INFO - [2021-12-23 15:59:12,157] {dagbag.py:500} INFO - Filling up the DagBag from /home/airflow/.local/lib/python3.7/site-packages/airflow/example_dags/example_latest_only_with_trigger.py
[2021-12-23 15:59:12,229] {processor.py:637} INFO - DAG(s) dict_keys(['latest_only_with_trigger']) retrieved from /home/airflow/.local/lib/python3.7/site-packages/airflow/example_dags/example_latest_only_with_trigger.py
[2021-12-23 15:59:12,259] {logging_mixin.py:109} INFO - [2021-12-23 15:59:12,258] {dag.py:2396} INFO - Sync 1 DAGs
[2021-12-23 15:59:12,308] {logging_mixin.py:109} INFO - [2021-12-23 15:59:12,307] {dag.py:2928} INFO - Setting next_dagrun for latest_only_with_trigger to 2021-12-23T11:59:12.306654+00:00
[2021-12-23 15:59:12,334] {processor.py:171} INFO - Processing /home/airflow/.local/lib/python3.7/site-packages/airflow/example_dags/example_latest_only_with_trigger.py took 0.193 seconds
[2021-12-23 15:59:42,638] {processor.py:163} INFO - Started process (PID=691) to work on /home/airflow/.local/lib/python3.7/site-packages/airflow/example_dags/example_latest_only_with_trigger.py
[2021-12-23 15:59:42,640] {processor.py:625} INFO - Processing file /home/airflow/.local/lib/python3.7/site-packages/airflow/example_dags/example_latest_only_with_trigger.py for tasks to queue
[2021-12-23 15:59:42,641] {logging_mixin.py:109} INFO - [2021-12-23 15:59:42,641] {dagbag.py:500} INFO - Filling up the DagBag from /home/airflow/.local/lib/python3.7/site-packages/airflow/example_dags/example_latest_only_with_trigger.py
[2021-12-23 15:59:42,680] {processor.py:637} INFO - DAG(s) dict_keys(['latest_only_with_trigger']) retrieved from /home/airflow/.local/lib/python3.7/site-packages/airflow/example_dags/example_latest_only_with_trigger.py
[2021-12-23 15:59:42,693] {logging_mixin.py:109} INFO - [2021-12-23 15:59:42,693] {dag.py:2396} INFO - Sync 1 DAGs
[2021-12-23 15:59:42,715] {logging_mixin.py:109} INFO - [2021-12-23 15:59:42,714] {dag.py:2928} INFO - Setting next_dagrun for latest_only_with_trigger to 2021-12-23T11:59:42.714678+00:00
[2021-12-23 15:59:42,729] {processor.py:171} INFO - Processing /home/airflow/.local/lib/python3.7/site-packages/airflow/example_dags/example_latest_only_with_trigger.py took 0.095 seconds
[2021-12-23 16:00:13,868] {processor.py:163} INFO - Started process (PID=763) to work on /home/airflow/.local/lib/python3.7/site-packages/airflow/example_dags/example_latest_only_with_trigger.py
[2021-12-23 16:00:13,870] {processor.py:625} INFO - Processing file /home/airflow/.local/lib/python3.7/site-packages/airflow/example_dags/example_latest_only_with_trigger.py for tasks to queue
[2021-12-23 16:00:13,871] {logging_mixin.py:109} INFO - [2021-12-23 16:00:13,871] {dagbag.py:500} INFO - Filling up the DagBag from /home/airflow/.local/lib/python3.7/site-packages/airflow/example_dags/example_latest_only_with_trigger.py
[2021-12-23 16:00:13,916] {processor.py:637} INFO - DAG(s) dict_keys(['latest_only_with_trigger']) retrieved from /home/airflow/.local/lib/python3.7/site-packages/airflow/example_dags/example_latest_only_with_trigger.py
[2021-12-23 16:00:13,936] {logging_mixin.py:109} INFO - [2021-12-23 16:00:13,936] {dag.py:2396} INFO - Sync 1 DAGs
[2021-12-23 16:00:13,958] {logging_mixin.py:109} INFO - [2021-12-23 16:00:13,958] {dag.py:2928} INFO - Setting next_dagrun for latest_only_with_trigger to 2021-12-23T12:00:13.958372+00:00
[2021-12-23 16:00:13,974] {processor.py:171} INFO - Processing /home/airflow/.local/lib/python3.7/site-packages/airflow/example_dags/example_latest_only_with_trigger.py took 0.111 seconds
[2021-12-23 16:00:45,004] {processor.py:163} INFO - Started process (PID=825) to work on /home/airflow/.local/lib/python3.7/site-packages/airflow/example_dags/example_latest_only_with_trigger.py
[2021-12-23 16:00:45,006] {processor.py:625} INFO - Processing file /home/airflow/.local/lib/python3.7/site-packages/airflow/example_dags/example_latest_only_with_trigger.py for tasks to queue
[2021-12-23 16:00:45,007] {logging_mixin.py:109} INFO - [2021-12-23 16:00:45,007] {dagbag.py:500} INFO - Filling up the DagBag from /home/airflow/.local/lib/python3.7/site-packages/airflow/example_dags/example_latest_only_with_trigger.py
[2021-12-23 16:00:45,054] {processor.py:637} INFO - DAG(s) dict_keys(['latest_only_with_trigger']) retrieved from /home/airflow/.local/lib/python3.7/site-packages/airflow/example_dags/example_latest_only_with_trigger.py
[2021-12-23 16:00:45,070] {logging_mixin.py:109} INFO - [2021-12-23 16:00:45,070] {dag.py:2396} INFO - Sync 1 DAGs
[2021-12-23 16:00:45,094] {logging_mixin.py:109} INFO - [2021-12-23 16:00:45,094] {dag.py:2928} INFO - Setting next_dagrun for latest_only_with_trigger to 2021-12-23T12:00:45.094366+00:00
[2021-12-23 16:00:45,114] {processor.py:171} INFO - Processing /home/airflow/.local/lib/python3.7/site-packages/airflow/example_dags/example_latest_only_with_trigger.py took 0.118 seconds
[2021-12-23 16:01:15,520] {processor.py:163} INFO - Started process (PID=886) to work on /home/airflow/.local/lib/python3.7/site-packages/airflow/example_dags/example_latest_only_with_trigger.py
[2021-12-23 16:01:15,523] {processor.py:625} INFO - Processing file /home/airflow/.local/lib/python3.7/site-packages/airflow/example_dags/example_latest_only_with_trigger.py for tasks to queue
[2021-12-23 16:01:15,525] {logging_mixin.py:109} INFO - [2021-12-23 16:01:15,524] {dagbag.py:500} INFO - Filling up the DagBag from /home/airflow/.local/lib/python3.7/site-packages/airflow/example_dags/example_latest_only_with_trigger.py
[2021-12-23 16:01:15,595] {processor.py:637} INFO - DAG(s) dict_keys(['latest_only_with_trigger']) retrieved from /home/airflow/.local/lib/python3.7/site-packages/airflow/example_dags/example_latest_only_with_trigger.py
[2021-12-23 16:01:15,621] {logging_mixin.py:109} INFO - [2021-12-23 16:01:15,620] {dag.py:2396} INFO - Sync 1 DAGs
[2021-12-23 16:01:15,661] {logging_mixin.py:109} INFO - [2021-12-23 16:01:15,660] {dag.py:2928} INFO - Setting next_dagrun for latest_only_with_trigger to 2021-12-23T12:01:15.660364+00:00
[2021-12-23 16:01:15,682] {processor.py:171} INFO - Processing /home/airflow/.local/lib/python3.7/site-packages/airflow/example_dags/example_latest_only_with_trigger.py took 0.169 seconds
[2021-12-23 16:01:46,200] {processor.py:163} INFO - Started process (PID=939) to work on /home/airflow/.local/lib/python3.7/site-packages/airflow/example_dags/example_latest_only_with_trigger.py
[2021-12-23 16:01:46,205] {processor.py:625} INFO - Processing file /home/airflow/.local/lib/python3.7/site-packages/airflow/example_dags/example_latest_only_with_trigger.py for tasks to queue
[2021-12-23 16:01:46,207] {logging_mixin.py:109} INFO - [2021-12-23 16:01:46,207] {dagbag.py:500} INFO - Filling up the DagBag from /home/airflow/.local/lib/python3.7/site-packages/airflow/example_dags/example_latest_only_with_trigger.py
[2021-12-23 16:01:46,260] {processor.py:637} INFO - DAG(s) dict_keys(['latest_only_with_trigger']) retrieved from /home/airflow/.local/lib/python3.7/site-packages/airflow/example_dags/example_latest_only_with_trigger.py
[2021-12-23 16:01:46,279] {logging_mixin.py:109} INFO - [2021-12-23 16:01:46,279] {dag.py:2396} INFO - Sync 1 DAGs
[2021-12-23 16:01:46,310] {logging_mixin.py:109} INFO - [2021-12-23 16:01:46,310] {dag.py:2928} INFO - Setting next_dagrun for latest_only_with_trigger to 2021-12-23T12:01:46.310008+00:00
[2021-12-23 16:01:46,326] {processor.py:171} INFO - Processing /home/airflow/.local/lib/python3.7/site-packages/airflow/example_dags/example_latest_only_with_trigger.py took 0.135 seconds
[2021-12-23 16:02:16,888] {processor.py:163} INFO - Started process (PID=1001) to work on /home/airflow/.local/lib/python3.7/site-packages/airflow/example_dags/example_latest_only_with_trigger.py
[2021-12-23 16:02:16,891] {processor.py:625} INFO - Processing file /home/airflow/.local/lib/python3.7/site-packages/airflow/example_dags/example_latest_only_with_trigger.py for tasks to queue
[2021-12-23 16:02:16,893] {logging_mixin.py:109} INFO - [2021-12-23 16:02:16,892] {dagbag.py:500} INFO - Filling up the DagBag from /home/airflow/.local/lib/python3.7/site-packages/airflow/example_dags/example_latest_only_with_trigger.py
[2021-12-23 16:02:17,012] {processor.py:637} INFO - DAG(s) dict_keys(['latest_only_with_trigger']) retrieved from /home/airflow/.local/lib/python3.7/site-packages/airflow/example_dags/example_latest_only_with_trigger.py
[2021-12-23 16:02:17,027] {logging_mixin.py:109} INFO - [2021-12-23 16:02:17,027] {dag.py:2396} INFO - Sync 1 DAGs
[2021-12-23 16:02:17,061] {logging_mixin.py:109} INFO - [2021-12-23 16:02:17,061] {dag.py:2928} INFO - Setting next_dagrun for latest_only_with_trigger to 2021-12-23T12:02:17.061366+00:00
[2021-12-23 16:02:17,218] {processor.py:171} INFO - Processing /home/airflow/.local/lib/python3.7/site-packages/airflow/example_dags/example_latest_only_with_trigger.py took 0.338 seconds
[2021-12-23 16:02:47,510] {processor.py:163} INFO - Started process (PID=1061) to work on /home/airflow/.local/lib/python3.7/site-packages/airflow/example_dags/example_latest_only_with_trigger.py
[2021-12-23 16:02:47,512] {processor.py:625} INFO - Processing file /home/airflow/.local/lib/python3.7/site-packages/airflow/example_dags/example_latest_only_with_trigger.py for tasks to queue
[2021-12-23 16:02:47,513] {logging_mixin.py:109} INFO - [2021-12-23 16:02:47,513] {dagbag.py:500} INFO - Filling up the DagBag from /home/airflow/.local/lib/python3.7/site-packages/airflow/example_dags/example_latest_only_with_trigger.py
[2021-12-23 16:02:47,545] {processor.py:637} INFO - DAG(s) dict_keys(['latest_only_with_trigger']) retrieved from /home/airflow/.local/lib/python3.7/site-packages/airflow/example_dags/example_latest_only_with_trigger.py
[2021-12-23 16:02:47,558] {logging_mixin.py:109} INFO - [2021-12-23 16:02:47,558] {dag.py:2396} INFO - Sync 1 DAGs
[2021-12-23 16:02:47,693] {logging_mixin.py:109} INFO - [2021-12-23 16:02:47,693] {dag.py:2928} INFO - Setting next_dagrun for latest_only_with_trigger to 2021-12-23T12:02:47.692824+00:00
[2021-12-23 16:02:47,709] {processor.py:171} INFO - Processing /home/airflow/.local/lib/python3.7/site-packages/airflow/example_dags/example_latest_only_with_trigger.py took 0.203 seconds
[2021-12-23 16:03:18,177] {processor.py:163} INFO - Started process (PID=1129) to work on /home/airflow/.local/lib/python3.7/site-packages/airflow/example_dags/example_latest_only_with_trigger.py
[2021-12-23 16:03:18,181] {processor.py:625} INFO - Processing file /home/airflow/.local/lib/python3.7/site-packages/airflow/example_dags/example_latest_only_with_trigger.py for tasks to queue
[2021-12-23 16:03:18,183] {logging_mixin.py:109} INFO - [2021-12-23 16:03:18,183] {dagbag.py:500} INFO - Filling up the DagBag from /home/airflow/.local/lib/python3.7/site-packages/airflow/example_dags/example_latest_only_with_trigger.py
[2021-12-23 16:03:18,264] {processor.py:637} INFO - DAG(s) dict_keys(['latest_only_with_trigger']) retrieved from /home/airflow/.local/lib/python3.7/site-packages/airflow/example_dags/example_latest_only_with_trigger.py
[2021-12-23 16:03:18,302] {logging_mixin.py:109} INFO - [2021-12-23 16:03:18,302] {dag.py:2396} INFO - Sync 1 DAGs
[2021-12-23 16:03:18,492] {logging_mixin.py:109} INFO - [2021-12-23 16:03:18,491] {dag.py:2928} INFO - Setting next_dagrun for latest_only_with_trigger to 2021-12-23T12:03:18.491570+00:00
[2021-12-23 16:03:18,509] {processor.py:171} INFO - Processing /home/airflow/.local/lib/python3.7/site-packages/airflow/example_dags/example_latest_only_with_trigger.py took 0.339 seconds
[2021-12-23 16:03:48,942] {processor.py:163} INFO - Started process (PID=1195) to work on /home/airflow/.local/lib/python3.7/site-packages/airflow/example_dags/example_latest_only_with_trigger.py
[2021-12-23 16:03:48,945] {processor.py:625} INFO - Processing file /home/airflow/.local/lib/python3.7/site-packages/airflow/example_dags/example_latest_only_with_trigger.py for tasks to queue
[2021-12-23 16:03:48,953] {logging_mixin.py:109} INFO - [2021-12-23 16:03:48,953] {dagbag.py:500} INFO - Filling up the DagBag from /home/airflow/.local/lib/python3.7/site-packages/airflow/example_dags/example_latest_only_with_trigger.py
[2021-12-23 16:03:49,043] {processor.py:637} INFO - DAG(s) dict_keys(['latest_only_with_trigger']) retrieved from /home/airflow/.local/lib/python3.7/site-packages/airflow/example_dags/example_latest_only_with_trigger.py
[2021-12-23 16:03:49,067] {logging_mixin.py:109} INFO - [2021-12-23 16:03:49,067] {dag.py:2396} INFO - Sync 1 DAGs
[2021-12-23 16:03:49,346] {logging_mixin.py:109} INFO - [2021-12-23 16:03:49,346] {dag.py:2928} INFO - Setting next_dagrun for latest_only_with_trigger to 2021-12-23T12:03:49.345802+00:00
[2021-12-23 16:03:49,376] {processor.py:171} INFO - Processing /home/airflow/.local/lib/python3.7/site-packages/airflow/example_dags/example_latest_only_with_trigger.py took 0.445 seconds
[2021-12-23 16:04:19,555] {processor.py:163} INFO - Started process (PID=1257) to work on /home/airflow/.local/lib/python3.7/site-packages/airflow/example_dags/example_latest_only_with_trigger.py
[2021-12-23 16:04:19,558] {processor.py:625} INFO - Processing file /home/airflow/.local/lib/python3.7/site-packages/airflow/example_dags/example_latest_only_with_trigger.py for tasks to queue
[2021-12-23 16:04:19,560] {logging_mixin.py:109} INFO - [2021-12-23 16:04:19,560] {dagbag.py:500} INFO - Filling up the DagBag from /home/airflow/.local/lib/python3.7/site-packages/airflow/example_dags/example_latest_only_with_trigger.py
[2021-12-23 16:04:19,625] {processor.py:637} INFO - DAG(s) dict_keys(['latest_only_with_trigger']) retrieved from /home/airflow/.local/lib/python3.7/site-packages/airflow/example_dags/example_latest_only_with_trigger.py
[2021-12-23 16:04:19,829] {logging_mixin.py:109} INFO - [2021-12-23 16:04:19,829] {dag.py:2396} INFO - Sync 1 DAGs
[2021-12-23 16:04:19,862] {logging_mixin.py:109} INFO - [2021-12-23 16:04:19,862] {dag.py:2928} INFO - Setting next_dagrun for latest_only_with_trigger to 2021-12-23T12:04:19.861772+00:00
[2021-12-23 16:04:19,881] {processor.py:171} INFO - Processing /home/airflow/.local/lib/python3.7/site-packages/airflow/example_dags/example_latest_only_with_trigger.py took 0.335 seconds
