[2021-12-23 15:54:19,165] {processor.py:163} INFO - Started process (PID=79) to work on /home/airflow/.local/lib/python3.7/site-packages/airflow/example_dags/example_python_operator.py
[2021-12-23 15:54:19,174] {processor.py:625} INFO - Processing file /home/airflow/.local/lib/python3.7/site-packages/airflow/example_dags/example_python_operator.py for tasks to queue
[2021-12-23 15:54:19,176] {logging_mixin.py:109} INFO - [2021-12-23 15:54:19,176] {dagbag.py:500} INFO - Filling up the DagBag from /home/airflow/.local/lib/python3.7/site-packages/airflow/example_dags/example_python_operator.py
[2021-12-23 15:54:19,250] {processor.py:637} INFO - DAG(s) dict_keys(['example_python_operator']) retrieved from /home/airflow/.local/lib/python3.7/site-packages/airflow/example_dags/example_python_operator.py
[2021-12-23 15:54:19,293] {logging_mixin.py:109} INFO - [2021-12-23 15:54:19,293] {dag.py:2396} INFO - Sync 1 DAGs
[2021-12-23 15:54:19,331] {logging_mixin.py:109} INFO - [2021-12-23 15:54:19,330] {dag.py:2928} INFO - Setting next_dagrun for example_python_operator to None
[2021-12-23 15:54:19,357] {processor.py:171} INFO - Processing /home/airflow/.local/lib/python3.7/site-packages/airflow/example_dags/example_python_operator.py took 0.200 seconds
[2021-12-23 15:54:51,280] {processor.py:163} INFO - Started process (PID=133) to work on /home/airflow/.local/lib/python3.7/site-packages/airflow/example_dags/example_python_operator.py
[2021-12-23 15:54:51,282] {processor.py:625} INFO - Processing file /home/airflow/.local/lib/python3.7/site-packages/airflow/example_dags/example_python_operator.py for tasks to queue
[2021-12-23 15:54:51,284] {logging_mixin.py:109} INFO - [2021-12-23 15:54:51,284] {dagbag.py:500} INFO - Filling up the DagBag from /home/airflow/.local/lib/python3.7/site-packages/airflow/example_dags/example_python_operator.py
[2021-12-23 15:54:51,405] {processor.py:637} INFO - DAG(s) dict_keys(['example_python_operator']) retrieved from /home/airflow/.local/lib/python3.7/site-packages/airflow/example_dags/example_python_operator.py
[2021-12-23 15:54:51,450] {logging_mixin.py:109} INFO - [2021-12-23 15:54:51,450] {dag.py:2396} INFO - Sync 1 DAGs
[2021-12-23 15:54:51,523] {logging_mixin.py:109} INFO - [2021-12-23 15:54:51,523] {dag.py:2928} INFO - Setting next_dagrun for example_python_operator to None
[2021-12-23 15:54:51,550] {processor.py:171} INFO - Processing /home/airflow/.local/lib/python3.7/site-packages/airflow/example_dags/example_python_operator.py took 0.277 seconds
[2021-12-23 15:55:22,417] {processor.py:163} INFO - Started process (PID=195) to work on /home/airflow/.local/lib/python3.7/site-packages/airflow/example_dags/example_python_operator.py
[2021-12-23 15:55:22,420] {processor.py:625} INFO - Processing file /home/airflow/.local/lib/python3.7/site-packages/airflow/example_dags/example_python_operator.py for tasks to queue
[2021-12-23 15:55:22,422] {logging_mixin.py:109} INFO - [2021-12-23 15:55:22,422] {dagbag.py:500} INFO - Filling up the DagBag from /home/airflow/.local/lib/python3.7/site-packages/airflow/example_dags/example_python_operator.py
[2021-12-23 15:55:22,473] {processor.py:637} INFO - DAG(s) dict_keys(['example_python_operator']) retrieved from /home/airflow/.local/lib/python3.7/site-packages/airflow/example_dags/example_python_operator.py
[2021-12-23 15:55:22,494] {logging_mixin.py:109} INFO - [2021-12-23 15:55:22,494] {dag.py:2396} INFO - Sync 1 DAGs
[2021-12-23 15:55:22,523] {logging_mixin.py:109} INFO - [2021-12-23 15:55:22,523] {dag.py:2928} INFO - Setting next_dagrun for example_python_operator to None
[2021-12-23 15:55:22,540] {processor.py:171} INFO - Processing /home/airflow/.local/lib/python3.7/site-packages/airflow/example_dags/example_python_operator.py took 0.129 seconds
[2021-12-23 15:55:53,103] {processor.py:163} INFO - Started process (PID=255) to work on /home/airflow/.local/lib/python3.7/site-packages/airflow/example_dags/example_python_operator.py
[2021-12-23 15:55:53,105] {processor.py:625} INFO - Processing file /home/airflow/.local/lib/python3.7/site-packages/airflow/example_dags/example_python_operator.py for tasks to queue
[2021-12-23 15:55:53,107] {logging_mixin.py:109} INFO - [2021-12-23 15:55:53,107] {dagbag.py:500} INFO - Filling up the DagBag from /home/airflow/.local/lib/python3.7/site-packages/airflow/example_dags/example_python_operator.py
[2021-12-23 15:55:53,180] {processor.py:637} INFO - DAG(s) dict_keys(['example_python_operator']) retrieved from /home/airflow/.local/lib/python3.7/site-packages/airflow/example_dags/example_python_operator.py
[2021-12-23 15:55:53,213] {logging_mixin.py:109} INFO - [2021-12-23 15:55:53,212] {dag.py:2396} INFO - Sync 1 DAGs
[2021-12-23 15:55:53,258] {logging_mixin.py:109} INFO - [2021-12-23 15:55:53,257] {dag.py:2928} INFO - Setting next_dagrun for example_python_operator to None
[2021-12-23 15:55:53,295] {processor.py:171} INFO - Processing /home/airflow/.local/lib/python3.7/site-packages/airflow/example_dags/example_python_operator.py took 0.200 seconds
[2021-12-23 15:56:29,955] {processor.py:163} INFO - Started process (PID=317) to work on /home/airflow/.local/lib/python3.7/site-packages/airflow/example_dags/example_python_operator.py
[2021-12-23 15:56:29,963] {processor.py:625} INFO - Processing file /home/airflow/.local/lib/python3.7/site-packages/airflow/example_dags/example_python_operator.py for tasks to queue
[2021-12-23 15:56:29,966] {logging_mixin.py:109} INFO - [2021-12-23 15:56:29,966] {dagbag.py:500} INFO - Filling up the DagBag from /home/airflow/.local/lib/python3.7/site-packages/airflow/example_dags/example_python_operator.py
[2021-12-23 15:56:30,055] {processor.py:637} INFO - DAG(s) dict_keys(['example_python_operator']) retrieved from /home/airflow/.local/lib/python3.7/site-packages/airflow/example_dags/example_python_operator.py
[2021-12-23 15:56:30,101] {logging_mixin.py:109} INFO - [2021-12-23 15:56:30,094] {dag.py:2396} INFO - Sync 1 DAGs
[2021-12-23 15:56:30,156] {logging_mixin.py:109} INFO - [2021-12-23 15:56:30,156] {dag.py:2928} INFO - Setting next_dagrun for example_python_operator to None
[2021-12-23 15:56:30,211] {processor.py:171} INFO - Processing /home/airflow/.local/lib/python3.7/site-packages/airflow/example_dags/example_python_operator.py took 0.263 seconds
[2021-12-23 15:57:02,838] {processor.py:163} INFO - Started process (PID=378) to work on /home/airflow/.local/lib/python3.7/site-packages/airflow/example_dags/example_python_operator.py
[2021-12-23 15:57:02,860] {processor.py:625} INFO - Processing file /home/airflow/.local/lib/python3.7/site-packages/airflow/example_dags/example_python_operator.py for tasks to queue
[2021-12-23 15:57:02,875] {logging_mixin.py:109} INFO - [2021-12-23 15:57:02,875] {dagbag.py:500} INFO - Filling up the DagBag from /home/airflow/.local/lib/python3.7/site-packages/airflow/example_dags/example_python_operator.py
[2021-12-23 15:57:02,983] {processor.py:637} INFO - DAG(s) dict_keys(['example_python_operator']) retrieved from /home/airflow/.local/lib/python3.7/site-packages/airflow/example_dags/example_python_operator.py
[2021-12-23 15:57:03,022] {logging_mixin.py:109} INFO - [2021-12-23 15:57:03,022] {dag.py:2396} INFO - Sync 1 DAGs
[2021-12-23 15:57:03,085] {logging_mixin.py:109} INFO - [2021-12-23 15:57:03,085] {dag.py:2928} INFO - Setting next_dagrun for example_python_operator to None
[2021-12-23 15:57:03,125] {processor.py:171} INFO - Processing /home/airflow/.local/lib/python3.7/site-packages/airflow/example_dags/example_python_operator.py took 0.294 seconds
[2021-12-23 15:57:33,365] {processor.py:163} INFO - Started process (PID=437) to work on /home/airflow/.local/lib/python3.7/site-packages/airflow/example_dags/example_python_operator.py
[2021-12-23 15:57:33,370] {processor.py:625} INFO - Processing file /home/airflow/.local/lib/python3.7/site-packages/airflow/example_dags/example_python_operator.py for tasks to queue
[2021-12-23 15:57:33,377] {logging_mixin.py:109} INFO - [2021-12-23 15:57:33,376] {dagbag.py:500} INFO - Filling up the DagBag from /home/airflow/.local/lib/python3.7/site-packages/airflow/example_dags/example_python_operator.py
[2021-12-23 15:57:33,540] {processor.py:637} INFO - DAG(s) dict_keys(['example_python_operator']) retrieved from /home/airflow/.local/lib/python3.7/site-packages/airflow/example_dags/example_python_operator.py
[2021-12-23 15:57:33,597] {logging_mixin.py:109} INFO - [2021-12-23 15:57:33,597] {dag.py:2396} INFO - Sync 1 DAGs
[2021-12-23 15:57:33,704] {logging_mixin.py:109} INFO - [2021-12-23 15:57:33,703] {dag.py:2928} INFO - Setting next_dagrun for example_python_operator to None
[2021-12-23 15:57:33,776] {processor.py:171} INFO - Processing /home/airflow/.local/lib/python3.7/site-packages/airflow/example_dags/example_python_operator.py took 0.427 seconds
[2021-12-23 15:58:04,664] {processor.py:163} INFO - Started process (PID=481) to work on /home/airflow/.local/lib/python3.7/site-packages/airflow/example_dags/example_python_operator.py
[2021-12-23 15:58:04,669] {processor.py:625} INFO - Processing file /home/airflow/.local/lib/python3.7/site-packages/airflow/example_dags/example_python_operator.py for tasks to queue
[2021-12-23 15:58:04,673] {logging_mixin.py:109} INFO - [2021-12-23 15:58:04,672] {dagbag.py:500} INFO - Filling up the DagBag from /home/airflow/.local/lib/python3.7/site-packages/airflow/example_dags/example_python_operator.py
[2021-12-23 15:58:04,733] {processor.py:637} INFO - DAG(s) dict_keys(['example_python_operator']) retrieved from /home/airflow/.local/lib/python3.7/site-packages/airflow/example_dags/example_python_operator.py
[2021-12-23 15:58:04,753] {logging_mixin.py:109} INFO - [2021-12-23 15:58:04,753] {dag.py:2396} INFO - Sync 1 DAGs
[2021-12-23 15:58:04,780] {logging_mixin.py:109} INFO - [2021-12-23 15:58:04,780] {dag.py:2928} INFO - Setting next_dagrun for example_python_operator to None
[2021-12-23 15:58:04,805] {processor.py:171} INFO - Processing /home/airflow/.local/lib/python3.7/site-packages/airflow/example_dags/example_python_operator.py took 0.148 seconds
[2021-12-23 15:58:35,045] {processor.py:163} INFO - Started process (PID=542) to work on /home/airflow/.local/lib/python3.7/site-packages/airflow/example_dags/example_python_operator.py
[2021-12-23 15:58:35,049] {processor.py:625} INFO - Processing file /home/airflow/.local/lib/python3.7/site-packages/airflow/example_dags/example_python_operator.py for tasks to queue
[2021-12-23 15:58:35,053] {logging_mixin.py:109} INFO - [2021-12-23 15:58:35,052] {dagbag.py:500} INFO - Filling up the DagBag from /home/airflow/.local/lib/python3.7/site-packages/airflow/example_dags/example_python_operator.py
[2021-12-23 15:58:35,141] {processor.py:637} INFO - DAG(s) dict_keys(['example_python_operator']) retrieved from /home/airflow/.local/lib/python3.7/site-packages/airflow/example_dags/example_python_operator.py
[2021-12-23 15:58:35,178] {logging_mixin.py:109} INFO - [2021-12-23 15:58:35,178] {dag.py:2396} INFO - Sync 1 DAGs
[2021-12-23 15:58:35,225] {logging_mixin.py:109} INFO - [2021-12-23 15:58:35,224] {dag.py:2928} INFO - Setting next_dagrun for example_python_operator to None
[2021-12-23 15:58:35,252] {processor.py:171} INFO - Processing /home/airflow/.local/lib/python3.7/site-packages/airflow/example_dags/example_python_operator.py took 0.217 seconds
[2021-12-23 15:59:05,422] {processor.py:163} INFO - Started process (PID=611) to work on /home/airflow/.local/lib/python3.7/site-packages/airflow/example_dags/example_python_operator.py
[2021-12-23 15:59:05,424] {processor.py:625} INFO - Processing file /home/airflow/.local/lib/python3.7/site-packages/airflow/example_dags/example_python_operator.py for tasks to queue
[2021-12-23 15:59:05,426] {logging_mixin.py:109} INFO - [2021-12-23 15:59:05,426] {dagbag.py:500} INFO - Filling up the DagBag from /home/airflow/.local/lib/python3.7/site-packages/airflow/example_dags/example_python_operator.py
[2021-12-23 15:59:05,474] {processor.py:637} INFO - DAG(s) dict_keys(['example_python_operator']) retrieved from /home/airflow/.local/lib/python3.7/site-packages/airflow/example_dags/example_python_operator.py
[2021-12-23 15:59:05,489] {logging_mixin.py:109} INFO - [2021-12-23 15:59:05,489] {dag.py:2396} INFO - Sync 1 DAGs
[2021-12-23 15:59:05,514] {logging_mixin.py:109} INFO - [2021-12-23 15:59:05,514] {dag.py:2928} INFO - Setting next_dagrun for example_python_operator to None
[2021-12-23 15:59:05,535] {processor.py:171} INFO - Processing /home/airflow/.local/lib/python3.7/site-packages/airflow/example_dags/example_python_operator.py took 0.119 seconds
[2021-12-23 15:59:36,096] {processor.py:163} INFO - Started process (PID=672) to work on /home/airflow/.local/lib/python3.7/site-packages/airflow/example_dags/example_python_operator.py
[2021-12-23 15:59:36,102] {processor.py:625} INFO - Processing file /home/airflow/.local/lib/python3.7/site-packages/airflow/example_dags/example_python_operator.py for tasks to queue
[2021-12-23 15:59:36,106] {logging_mixin.py:109} INFO - [2021-12-23 15:59:36,105] {dagbag.py:500} INFO - Filling up the DagBag from /home/airflow/.local/lib/python3.7/site-packages/airflow/example_dags/example_python_operator.py
[2021-12-23 15:59:36,190] {processor.py:637} INFO - DAG(s) dict_keys(['example_python_operator']) retrieved from /home/airflow/.local/lib/python3.7/site-packages/airflow/example_dags/example_python_operator.py
[2021-12-23 15:59:36,210] {logging_mixin.py:109} INFO - [2021-12-23 15:59:36,209] {dag.py:2396} INFO - Sync 1 DAGs
[2021-12-23 15:59:36,236] {logging_mixin.py:109} INFO - [2021-12-23 15:59:36,236] {dag.py:2928} INFO - Setting next_dagrun for example_python_operator to None
[2021-12-23 15:59:36,252] {processor.py:171} INFO - Processing /home/airflow/.local/lib/python3.7/site-packages/airflow/example_dags/example_python_operator.py took 0.170 seconds
[2021-12-23 16:00:06,326] {processor.py:163} INFO - Started process (PID=734) to work on /home/airflow/.local/lib/python3.7/site-packages/airflow/example_dags/example_python_operator.py
[2021-12-23 16:00:06,328] {processor.py:625} INFO - Processing file /home/airflow/.local/lib/python3.7/site-packages/airflow/example_dags/example_python_operator.py for tasks to queue
[2021-12-23 16:00:06,330] {logging_mixin.py:109} INFO - [2021-12-23 16:00:06,330] {dagbag.py:500} INFO - Filling up the DagBag from /home/airflow/.local/lib/python3.7/site-packages/airflow/example_dags/example_python_operator.py
[2021-12-23 16:00:06,378] {processor.py:637} INFO - DAG(s) dict_keys(['example_python_operator']) retrieved from /home/airflow/.local/lib/python3.7/site-packages/airflow/example_dags/example_python_operator.py
[2021-12-23 16:00:06,391] {logging_mixin.py:109} INFO - [2021-12-23 16:00:06,391] {dag.py:2396} INFO - Sync 1 DAGs
[2021-12-23 16:00:06,411] {logging_mixin.py:109} INFO - [2021-12-23 16:00:06,410] {dag.py:2928} INFO - Setting next_dagrun for example_python_operator to None
[2021-12-23 16:00:06,422] {processor.py:171} INFO - Processing /home/airflow/.local/lib/python3.7/site-packages/airflow/example_dags/example_python_operator.py took 0.104 seconds
[2021-12-23 16:00:36,888] {processor.py:163} INFO - Started process (PID=796) to work on /home/airflow/.local/lib/python3.7/site-packages/airflow/example_dags/example_python_operator.py
[2021-12-23 16:00:36,892] {processor.py:625} INFO - Processing file /home/airflow/.local/lib/python3.7/site-packages/airflow/example_dags/example_python_operator.py for tasks to queue
[2021-12-23 16:00:36,893] {logging_mixin.py:109} INFO - [2021-12-23 16:00:36,893] {dagbag.py:500} INFO - Filling up the DagBag from /home/airflow/.local/lib/python3.7/site-packages/airflow/example_dags/example_python_operator.py
[2021-12-23 16:00:36,934] {processor.py:637} INFO - DAG(s) dict_keys(['example_python_operator']) retrieved from /home/airflow/.local/lib/python3.7/site-packages/airflow/example_dags/example_python_operator.py
[2021-12-23 16:00:36,949] {logging_mixin.py:109} INFO - [2021-12-23 16:00:36,949] {dag.py:2396} INFO - Sync 1 DAGs
[2021-12-23 16:00:36,974] {logging_mixin.py:109} INFO - [2021-12-23 16:00:36,974] {dag.py:2928} INFO - Setting next_dagrun for example_python_operator to None
[2021-12-23 16:00:36,989] {processor.py:171} INFO - Processing /home/airflow/.local/lib/python3.7/site-packages/airflow/example_dags/example_python_operator.py took 0.115 seconds
[2021-12-23 16:01:07,205] {processor.py:163} INFO - Started process (PID=857) to work on /home/airflow/.local/lib/python3.7/site-packages/airflow/example_dags/example_python_operator.py
[2021-12-23 16:01:07,210] {processor.py:625} INFO - Processing file /home/airflow/.local/lib/python3.7/site-packages/airflow/example_dags/example_python_operator.py for tasks to queue
[2021-12-23 16:01:07,215] {logging_mixin.py:109} INFO - [2021-12-23 16:01:07,214] {dagbag.py:500} INFO - Filling up the DagBag from /home/airflow/.local/lib/python3.7/site-packages/airflow/example_dags/example_python_operator.py
[2021-12-23 16:01:07,285] {processor.py:637} INFO - DAG(s) dict_keys(['example_python_operator']) retrieved from /home/airflow/.local/lib/python3.7/site-packages/airflow/example_dags/example_python_operator.py
[2021-12-23 16:01:07,305] {logging_mixin.py:109} INFO - [2021-12-23 16:01:07,305] {dag.py:2396} INFO - Sync 1 DAGs
[2021-12-23 16:01:07,349] {logging_mixin.py:109} INFO - [2021-12-23 16:01:07,349] {dag.py:2928} INFO - Setting next_dagrun for example_python_operator to None
[2021-12-23 16:01:07,376] {processor.py:171} INFO - Processing /home/airflow/.local/lib/python3.7/site-packages/airflow/example_dags/example_python_operator.py took 0.189 seconds
[2021-12-23 16:01:38,834] {processor.py:163} INFO - Started process (PID=929) to work on /home/airflow/.local/lib/python3.7/site-packages/airflow/example_dags/example_python_operator.py
[2021-12-23 16:01:38,836] {processor.py:625} INFO - Processing file /home/airflow/.local/lib/python3.7/site-packages/airflow/example_dags/example_python_operator.py for tasks to queue
[2021-12-23 16:01:38,838] {logging_mixin.py:109} INFO - [2021-12-23 16:01:38,837] {dagbag.py:500} INFO - Filling up the DagBag from /home/airflow/.local/lib/python3.7/site-packages/airflow/example_dags/example_python_operator.py
[2021-12-23 16:01:38,880] {processor.py:637} INFO - DAG(s) dict_keys(['example_python_operator']) retrieved from /home/airflow/.local/lib/python3.7/site-packages/airflow/example_dags/example_python_operator.py
[2021-12-23 16:01:38,897] {logging_mixin.py:109} INFO - [2021-12-23 16:01:38,897] {dag.py:2396} INFO - Sync 1 DAGs
[2021-12-23 16:01:38,926] {logging_mixin.py:109} INFO - [2021-12-23 16:01:38,926] {dag.py:2928} INFO - Setting next_dagrun for example_python_operator to None
[2021-12-23 16:01:39,062] {processor.py:171} INFO - Processing /home/airflow/.local/lib/python3.7/site-packages/airflow/example_dags/example_python_operator.py took 0.233 seconds
[2021-12-23 16:02:09,487] {processor.py:163} INFO - Started process (PID=991) to work on /home/airflow/.local/lib/python3.7/site-packages/airflow/example_dags/example_python_operator.py
[2021-12-23 16:02:09,490] {processor.py:625} INFO - Processing file /home/airflow/.local/lib/python3.7/site-packages/airflow/example_dags/example_python_operator.py for tasks to queue
[2021-12-23 16:02:09,491] {logging_mixin.py:109} INFO - [2021-12-23 16:02:09,491] {dagbag.py:500} INFO - Filling up the DagBag from /home/airflow/.local/lib/python3.7/site-packages/airflow/example_dags/example_python_operator.py
[2021-12-23 16:02:09,541] {processor.py:637} INFO - DAG(s) dict_keys(['example_python_operator']) retrieved from /home/airflow/.local/lib/python3.7/site-packages/airflow/example_dags/example_python_operator.py
[2021-12-23 16:02:09,561] {logging_mixin.py:109} INFO - [2021-12-23 16:02:09,561] {dag.py:2396} INFO - Sync 1 DAGs
[2021-12-23 16:02:09,719] {logging_mixin.py:109} INFO - [2021-12-23 16:02:09,719] {dag.py:2928} INFO - Setting next_dagrun for example_python_operator to None
[2021-12-23 16:02:09,734] {processor.py:171} INFO - Processing /home/airflow/.local/lib/python3.7/site-packages/airflow/example_dags/example_python_operator.py took 0.253 seconds
[2021-12-23 16:02:40,646] {processor.py:163} INFO - Started process (PID=1052) to work on /home/airflow/.local/lib/python3.7/site-packages/airflow/example_dags/example_python_operator.py
[2021-12-23 16:02:40,649] {processor.py:625} INFO - Processing file /home/airflow/.local/lib/python3.7/site-packages/airflow/example_dags/example_python_operator.py for tasks to queue
[2021-12-23 16:02:40,652] {logging_mixin.py:109} INFO - [2021-12-23 16:02:40,652] {dagbag.py:500} INFO - Filling up the DagBag from /home/airflow/.local/lib/python3.7/site-packages/airflow/example_dags/example_python_operator.py
[2021-12-23 16:02:40,705] {processor.py:637} INFO - DAG(s) dict_keys(['example_python_operator']) retrieved from /home/airflow/.local/lib/python3.7/site-packages/airflow/example_dags/example_python_operator.py
[2021-12-23 16:02:40,723] {logging_mixin.py:109} INFO - [2021-12-23 16:02:40,723] {dag.py:2396} INFO - Sync 1 DAGs
[2021-12-23 16:02:40,854] {logging_mixin.py:109} INFO - [2021-12-23 16:02:40,854] {dag.py:2928} INFO - Setting next_dagrun for example_python_operator to None
[2021-12-23 16:02:40,871] {processor.py:171} INFO - Processing /home/airflow/.local/lib/python3.7/site-packages/airflow/example_dags/example_python_operator.py took 0.232 seconds
[2021-12-23 16:03:11,377] {processor.py:163} INFO - Started process (PID=1113) to work on /home/airflow/.local/lib/python3.7/site-packages/airflow/example_dags/example_python_operator.py
[2021-12-23 16:03:11,379] {processor.py:625} INFO - Processing file /home/airflow/.local/lib/python3.7/site-packages/airflow/example_dags/example_python_operator.py for tasks to queue
[2021-12-23 16:03:11,380] {logging_mixin.py:109} INFO - [2021-12-23 16:03:11,380] {dagbag.py:500} INFO - Filling up the DagBag from /home/airflow/.local/lib/python3.7/site-packages/airflow/example_dags/example_python_operator.py
[2021-12-23 16:03:11,414] {processor.py:637} INFO - DAG(s) dict_keys(['example_python_operator']) retrieved from /home/airflow/.local/lib/python3.7/site-packages/airflow/example_dags/example_python_operator.py
[2021-12-23 16:03:11,429] {logging_mixin.py:109} INFO - [2021-12-23 16:03:11,429] {dag.py:2396} INFO - Sync 1 DAGs
[2021-12-23 16:03:11,551] {logging_mixin.py:109} INFO - [2021-12-23 16:03:11,551] {dag.py:2928} INFO - Setting next_dagrun for example_python_operator to None
[2021-12-23 16:03:11,564] {processor.py:171} INFO - Processing /home/airflow/.local/lib/python3.7/site-packages/airflow/example_dags/example_python_operator.py took 0.191 seconds
[2021-12-23 16:03:42,525] {processor.py:163} INFO - Started process (PID=1175) to work on /home/airflow/.local/lib/python3.7/site-packages/airflow/example_dags/example_python_operator.py
[2021-12-23 16:03:42,530] {processor.py:625} INFO - Processing file /home/airflow/.local/lib/python3.7/site-packages/airflow/example_dags/example_python_operator.py for tasks to queue
[2021-12-23 16:03:42,532] {logging_mixin.py:109} INFO - [2021-12-23 16:03:42,531] {dagbag.py:500} INFO - Filling up the DagBag from /home/airflow/.local/lib/python3.7/site-packages/airflow/example_dags/example_python_operator.py
[2021-12-23 16:03:42,624] {processor.py:637} INFO - DAG(s) dict_keys(['example_python_operator']) retrieved from /home/airflow/.local/lib/python3.7/site-packages/airflow/example_dags/example_python_operator.py
[2021-12-23 16:03:42,666] {logging_mixin.py:109} INFO - [2021-12-23 16:03:42,666] {dag.py:2396} INFO - Sync 1 DAGs
[2021-12-23 16:03:42,895] {logging_mixin.py:109} INFO - [2021-12-23 16:03:42,895] {dag.py:2928} INFO - Setting next_dagrun for example_python_operator to None
[2021-12-23 16:03:42,931] {processor.py:171} INFO - Processing /home/airflow/.local/lib/python3.7/site-packages/airflow/example_dags/example_python_operator.py took 0.416 seconds
[2021-12-23 16:04:13,949] {processor.py:163} INFO - Started process (PID=1238) to work on /home/airflow/.local/lib/python3.7/site-packages/airflow/example_dags/example_python_operator.py
[2021-12-23 16:04:13,951] {processor.py:625} INFO - Processing file /home/airflow/.local/lib/python3.7/site-packages/airflow/example_dags/example_python_operator.py for tasks to queue
[2021-12-23 16:04:13,953] {logging_mixin.py:109} INFO - [2021-12-23 16:04:13,953] {dagbag.py:500} INFO - Filling up the DagBag from /home/airflow/.local/lib/python3.7/site-packages/airflow/example_dags/example_python_operator.py
[2021-12-23 16:04:14,013] {processor.py:637} INFO - DAG(s) dict_keys(['example_python_operator']) retrieved from /home/airflow/.local/lib/python3.7/site-packages/airflow/example_dags/example_python_operator.py
[2021-12-23 16:04:14,042] {logging_mixin.py:109} INFO - [2021-12-23 16:04:14,041] {dag.py:2396} INFO - Sync 1 DAGs
[2021-12-23 16:04:14,217] {logging_mixin.py:109} INFO - [2021-12-23 16:04:14,217] {dag.py:2928} INFO - Setting next_dagrun for example_python_operator to None
[2021-12-23 16:04:14,243] {processor.py:171} INFO - Processing /home/airflow/.local/lib/python3.7/site-packages/airflow/example_dags/example_python_operator.py took 0.304 seconds
