[2021-12-23 15:54:20,814] {processor.py:163} INFO - Started process (PID=91) to work on /home/airflow/.local/lib/python3.7/site-packages/airflow/example_dags/example_trigger_controller_dag.py
[2021-12-23 15:54:20,817] {processor.py:625} INFO - Processing file /home/airflow/.local/lib/python3.7/site-packages/airflow/example_dags/example_trigger_controller_dag.py for tasks to queue
[2021-12-23 15:54:20,819] {logging_mixin.py:109} INFO - [2021-12-23 15:54:20,819] {dagbag.py:500} INFO - Filling up the DagBag from /home/airflow/.local/lib/python3.7/site-packages/airflow/example_dags/example_trigger_controller_dag.py
[2021-12-23 15:54:20,938] {processor.py:637} INFO - DAG(s) dict_keys(['example_trigger_controller_dag']) retrieved from /home/airflow/.local/lib/python3.7/site-packages/airflow/example_dags/example_trigger_controller_dag.py
[2021-12-23 15:54:20,988] {logging_mixin.py:109} INFO - [2021-12-23 15:54:20,987] {dag.py:2396} INFO - Sync 1 DAGs
[2021-12-23 15:54:21,098] {logging_mixin.py:109} INFO - [2021-12-23 15:54:21,098] {dag.py:2928} INFO - Setting next_dagrun for example_trigger_controller_dag to 2021-01-01T00:00:00+00:00
[2021-12-23 15:54:21,160] {processor.py:171} INFO - Processing /home/airflow/.local/lib/python3.7/site-packages/airflow/example_dags/example_trigger_controller_dag.py took 0.356 seconds
[2021-12-23 15:54:52,809] {processor.py:163} INFO - Started process (PID=141) to work on /home/airflow/.local/lib/python3.7/site-packages/airflow/example_dags/example_trigger_controller_dag.py
[2021-12-23 15:54:52,814] {processor.py:625} INFO - Processing file /home/airflow/.local/lib/python3.7/site-packages/airflow/example_dags/example_trigger_controller_dag.py for tasks to queue
[2021-12-23 15:54:52,817] {logging_mixin.py:109} INFO - [2021-12-23 15:54:52,817] {dagbag.py:500} INFO - Filling up the DagBag from /home/airflow/.local/lib/python3.7/site-packages/airflow/example_dags/example_trigger_controller_dag.py
[2021-12-23 15:54:52,923] {processor.py:637} INFO - DAG(s) dict_keys(['example_trigger_controller_dag']) retrieved from /home/airflow/.local/lib/python3.7/site-packages/airflow/example_dags/example_trigger_controller_dag.py
[2021-12-23 15:54:52,943] {logging_mixin.py:109} INFO - [2021-12-23 15:54:52,943] {dag.py:2396} INFO - Sync 1 DAGs
[2021-12-23 15:54:52,969] {logging_mixin.py:109} INFO - [2021-12-23 15:54:52,969] {dag.py:2928} INFO - Setting next_dagrun for example_trigger_controller_dag to 2021-01-01T00:00:00+00:00
[2021-12-23 15:54:52,989] {processor.py:171} INFO - Processing /home/airflow/.local/lib/python3.7/site-packages/airflow/example_dags/example_trigger_controller_dag.py took 0.200 seconds
[2021-12-23 15:55:23,602] {processor.py:163} INFO - Started process (PID=203) to work on /home/airflow/.local/lib/python3.7/site-packages/airflow/example_dags/example_trigger_controller_dag.py
[2021-12-23 15:55:23,605] {processor.py:625} INFO - Processing file /home/airflow/.local/lib/python3.7/site-packages/airflow/example_dags/example_trigger_controller_dag.py for tasks to queue
[2021-12-23 15:55:23,607] {logging_mixin.py:109} INFO - [2021-12-23 15:55:23,607] {dagbag.py:500} INFO - Filling up the DagBag from /home/airflow/.local/lib/python3.7/site-packages/airflow/example_dags/example_trigger_controller_dag.py
[2021-12-23 15:55:23,649] {processor.py:637} INFO - DAG(s) dict_keys(['example_trigger_controller_dag']) retrieved from /home/airflow/.local/lib/python3.7/site-packages/airflow/example_dags/example_trigger_controller_dag.py
[2021-12-23 15:55:23,663] {logging_mixin.py:109} INFO - [2021-12-23 15:55:23,662] {dag.py:2396} INFO - Sync 1 DAGs
[2021-12-23 15:55:23,688] {logging_mixin.py:109} INFO - [2021-12-23 15:55:23,688] {dag.py:2928} INFO - Setting next_dagrun for example_trigger_controller_dag to 2021-01-01T00:00:00+00:00
[2021-12-23 15:55:23,703] {processor.py:171} INFO - Processing /home/airflow/.local/lib/python3.7/site-packages/airflow/example_dags/example_trigger_controller_dag.py took 0.106 seconds
[2021-12-23 15:55:54,807] {processor.py:163} INFO - Started process (PID=264) to work on /home/airflow/.local/lib/python3.7/site-packages/airflow/example_dags/example_trigger_controller_dag.py
[2021-12-23 15:55:54,809] {processor.py:625} INFO - Processing file /home/airflow/.local/lib/python3.7/site-packages/airflow/example_dags/example_trigger_controller_dag.py for tasks to queue
[2021-12-23 15:55:54,811] {logging_mixin.py:109} INFO - [2021-12-23 15:55:54,811] {dagbag.py:500} INFO - Filling up the DagBag from /home/airflow/.local/lib/python3.7/site-packages/airflow/example_dags/example_trigger_controller_dag.py
[2021-12-23 15:55:54,866] {processor.py:637} INFO - DAG(s) dict_keys(['example_trigger_controller_dag']) retrieved from /home/airflow/.local/lib/python3.7/site-packages/airflow/example_dags/example_trigger_controller_dag.py
[2021-12-23 15:55:54,891] {logging_mixin.py:109} INFO - [2021-12-23 15:55:54,891] {dag.py:2396} INFO - Sync 1 DAGs
[2021-12-23 15:55:54,938] {logging_mixin.py:109} INFO - [2021-12-23 15:55:54,937] {dag.py:2928} INFO - Setting next_dagrun for example_trigger_controller_dag to 2021-01-01T00:00:00+00:00
[2021-12-23 15:55:54,964] {processor.py:171} INFO - Processing /home/airflow/.local/lib/python3.7/site-packages/airflow/example_dags/example_trigger_controller_dag.py took 0.165 seconds
[2021-12-23 15:56:32,042] {processor.py:163} INFO - Started process (PID=326) to work on /home/airflow/.local/lib/python3.7/site-packages/airflow/example_dags/example_trigger_controller_dag.py
[2021-12-23 15:56:32,045] {processor.py:625} INFO - Processing file /home/airflow/.local/lib/python3.7/site-packages/airflow/example_dags/example_trigger_controller_dag.py for tasks to queue
[2021-12-23 15:56:32,047] {logging_mixin.py:109} INFO - [2021-12-23 15:56:32,047] {dagbag.py:500} INFO - Filling up the DagBag from /home/airflow/.local/lib/python3.7/site-packages/airflow/example_dags/example_trigger_controller_dag.py
[2021-12-23 15:56:32,106] {processor.py:637} INFO - DAG(s) dict_keys(['example_trigger_controller_dag']) retrieved from /home/airflow/.local/lib/python3.7/site-packages/airflow/example_dags/example_trigger_controller_dag.py
[2021-12-23 15:56:32,125] {logging_mixin.py:109} INFO - [2021-12-23 15:56:32,125] {dag.py:2396} INFO - Sync 1 DAGs
[2021-12-23 15:56:32,164] {logging_mixin.py:109} INFO - [2021-12-23 15:56:32,164] {dag.py:2928} INFO - Setting next_dagrun for example_trigger_controller_dag to 2021-01-01T00:00:00+00:00
[2021-12-23 15:56:32,182] {processor.py:171} INFO - Processing /home/airflow/.local/lib/python3.7/site-packages/airflow/example_dags/example_trigger_controller_dag.py took 0.157 seconds
[2021-12-23 15:57:06,447] {processor.py:163} INFO - Started process (PID=387) to work on /home/airflow/.local/lib/python3.7/site-packages/airflow/example_dags/example_trigger_controller_dag.py
[2021-12-23 15:57:06,453] {processor.py:625} INFO - Processing file /home/airflow/.local/lib/python3.7/site-packages/airflow/example_dags/example_trigger_controller_dag.py for tasks to queue
[2021-12-23 15:57:06,458] {logging_mixin.py:109} INFO - [2021-12-23 15:57:06,458] {dagbag.py:500} INFO - Filling up the DagBag from /home/airflow/.local/lib/python3.7/site-packages/airflow/example_dags/example_trigger_controller_dag.py
[2021-12-23 15:57:06,556] {processor.py:637} INFO - DAG(s) dict_keys(['example_trigger_controller_dag']) retrieved from /home/airflow/.local/lib/python3.7/site-packages/airflow/example_dags/example_trigger_controller_dag.py
[2021-12-23 15:57:06,598] {logging_mixin.py:109} INFO - [2021-12-23 15:57:06,598] {dag.py:2396} INFO - Sync 1 DAGs
[2021-12-23 15:57:06,697] {logging_mixin.py:109} INFO - [2021-12-23 15:57:06,697] {dag.py:2928} INFO - Setting next_dagrun for example_trigger_controller_dag to 2021-01-01T00:00:00+00:00
[2021-12-23 15:57:06,778] {processor.py:171} INFO - Processing /home/airflow/.local/lib/python3.7/site-packages/airflow/example_dags/example_trigger_controller_dag.py took 0.343 seconds
[2021-12-23 15:57:39,223] {processor.py:163} INFO - Started process (PID=448) to work on /home/airflow/.local/lib/python3.7/site-packages/airflow/example_dags/example_trigger_controller_dag.py
[2021-12-23 15:57:39,238] {processor.py:625} INFO - Processing file /home/airflow/.local/lib/python3.7/site-packages/airflow/example_dags/example_trigger_controller_dag.py for tasks to queue
[2021-12-23 15:57:39,241] {logging_mixin.py:109} INFO - [2021-12-23 15:57:39,241] {dagbag.py:500} INFO - Filling up the DagBag from /home/airflow/.local/lib/python3.7/site-packages/airflow/example_dags/example_trigger_controller_dag.py
[2021-12-23 15:57:39,332] {processor.py:637} INFO - DAG(s) dict_keys(['example_trigger_controller_dag']) retrieved from /home/airflow/.local/lib/python3.7/site-packages/airflow/example_dags/example_trigger_controller_dag.py
[2021-12-23 15:57:39,466] {logging_mixin.py:109} INFO - [2021-12-23 15:57:39,466] {dag.py:2396} INFO - Sync 1 DAGs
[2021-12-23 15:57:39,617] {logging_mixin.py:109} INFO - [2021-12-23 15:57:39,617] {dag.py:2928} INFO - Setting next_dagrun for example_trigger_controller_dag to 2021-01-01T00:00:00+00:00
[2021-12-23 15:57:39,651] {processor.py:171} INFO - Processing /home/airflow/.local/lib/python3.7/site-packages/airflow/example_dags/example_trigger_controller_dag.py took 0.444 seconds
[2021-12-23 15:58:09,766] {processor.py:163} INFO - Started process (PID=508) to work on /home/airflow/.local/lib/python3.7/site-packages/airflow/example_dags/example_trigger_controller_dag.py
[2021-12-23 15:58:09,779] {processor.py:625} INFO - Processing file /home/airflow/.local/lib/python3.7/site-packages/airflow/example_dags/example_trigger_controller_dag.py for tasks to queue
[2021-12-23 15:58:09,783] {logging_mixin.py:109} INFO - [2021-12-23 15:58:09,782] {dagbag.py:500} INFO - Filling up the DagBag from /home/airflow/.local/lib/python3.7/site-packages/airflow/example_dags/example_trigger_controller_dag.py
[2021-12-23 15:58:09,859] {processor.py:637} INFO - DAG(s) dict_keys(['example_trigger_controller_dag']) retrieved from /home/airflow/.local/lib/python3.7/site-packages/airflow/example_dags/example_trigger_controller_dag.py
[2021-12-23 15:58:09,886] {logging_mixin.py:109} INFO - [2021-12-23 15:58:09,886] {dag.py:2396} INFO - Sync 1 DAGs
[2021-12-23 15:58:09,929] {logging_mixin.py:109} INFO - [2021-12-23 15:58:09,929] {dag.py:2928} INFO - Setting next_dagrun for example_trigger_controller_dag to 2021-01-01T00:00:00+00:00
[2021-12-23 15:58:09,963] {processor.py:171} INFO - Processing /home/airflow/.local/lib/python3.7/site-packages/airflow/example_dags/example_trigger_controller_dag.py took 0.209 seconds
[2021-12-23 15:58:40,656] {processor.py:163} INFO - Started process (PID=569) to work on /home/airflow/.local/lib/python3.7/site-packages/airflow/example_dags/example_trigger_controller_dag.py
[2021-12-23 15:58:40,658] {processor.py:625} INFO - Processing file /home/airflow/.local/lib/python3.7/site-packages/airflow/example_dags/example_trigger_controller_dag.py for tasks to queue
[2021-12-23 15:58:40,659] {logging_mixin.py:109} INFO - [2021-12-23 15:58:40,659] {dagbag.py:500} INFO - Filling up the DagBag from /home/airflow/.local/lib/python3.7/site-packages/airflow/example_dags/example_trigger_controller_dag.py
[2021-12-23 15:58:40,697] {processor.py:637} INFO - DAG(s) dict_keys(['example_trigger_controller_dag']) retrieved from /home/airflow/.local/lib/python3.7/site-packages/airflow/example_dags/example_trigger_controller_dag.py
[2021-12-23 15:58:40,715] {logging_mixin.py:109} INFO - [2021-12-23 15:58:40,715] {dag.py:2396} INFO - Sync 1 DAGs
[2021-12-23 15:58:40,749] {logging_mixin.py:109} INFO - [2021-12-23 15:58:40,749] {dag.py:2928} INFO - Setting next_dagrun for example_trigger_controller_dag to 2021-01-01T00:00:00+00:00
[2021-12-23 15:58:40,767] {processor.py:171} INFO - Processing /home/airflow/.local/lib/python3.7/site-packages/airflow/example_dags/example_trigger_controller_dag.py took 0.116 seconds
[2021-12-23 15:59:10,952] {processor.py:163} INFO - Started process (PID=628) to work on /home/airflow/.local/lib/python3.7/site-packages/airflow/example_dags/example_trigger_controller_dag.py
[2021-12-23 15:59:10,954] {processor.py:625} INFO - Processing file /home/airflow/.local/lib/python3.7/site-packages/airflow/example_dags/example_trigger_controller_dag.py for tasks to queue
[2021-12-23 15:59:10,955] {logging_mixin.py:109} INFO - [2021-12-23 15:59:10,955] {dagbag.py:500} INFO - Filling up the DagBag from /home/airflow/.local/lib/python3.7/site-packages/airflow/example_dags/example_trigger_controller_dag.py
[2021-12-23 15:59:10,998] {processor.py:637} INFO - DAG(s) dict_keys(['example_trigger_controller_dag']) retrieved from /home/airflow/.local/lib/python3.7/site-packages/airflow/example_dags/example_trigger_controller_dag.py
[2021-12-23 15:59:11,017] {logging_mixin.py:109} INFO - [2021-12-23 15:59:11,017] {dag.py:2396} INFO - Sync 1 DAGs
[2021-12-23 15:59:11,049] {logging_mixin.py:109} INFO - [2021-12-23 15:59:11,049] {dag.py:2928} INFO - Setting next_dagrun for example_trigger_controller_dag to 2021-01-01T00:00:00+00:00
[2021-12-23 15:59:11,066] {processor.py:171} INFO - Processing /home/airflow/.local/lib/python3.7/site-packages/airflow/example_dags/example_trigger_controller_dag.py took 0.119 seconds
[2021-12-23 15:59:42,510] {processor.py:163} INFO - Started process (PID=690) to work on /home/airflow/.local/lib/python3.7/site-packages/airflow/example_dags/example_trigger_controller_dag.py
[2021-12-23 15:59:42,512] {processor.py:625} INFO - Processing file /home/airflow/.local/lib/python3.7/site-packages/airflow/example_dags/example_trigger_controller_dag.py for tasks to queue
[2021-12-23 15:59:42,513] {logging_mixin.py:109} INFO - [2021-12-23 15:59:42,513] {dagbag.py:500} INFO - Filling up the DagBag from /home/airflow/.local/lib/python3.7/site-packages/airflow/example_dags/example_trigger_controller_dag.py
[2021-12-23 15:59:42,551] {processor.py:637} INFO - DAG(s) dict_keys(['example_trigger_controller_dag']) retrieved from /home/airflow/.local/lib/python3.7/site-packages/airflow/example_dags/example_trigger_controller_dag.py
[2021-12-23 15:59:42,569] {logging_mixin.py:109} INFO - [2021-12-23 15:59:42,568] {dag.py:2396} INFO - Sync 1 DAGs
[2021-12-23 15:59:42,594] {logging_mixin.py:109} INFO - [2021-12-23 15:59:42,594] {dag.py:2928} INFO - Setting next_dagrun for example_trigger_controller_dag to 2021-01-01T00:00:00+00:00
[2021-12-23 15:59:42,608] {processor.py:171} INFO - Processing /home/airflow/.local/lib/python3.7/site-packages/airflow/example_dags/example_trigger_controller_dag.py took 0.103 seconds
[2021-12-23 16:00:13,740] {processor.py:163} INFO - Started process (PID=760) to work on /home/airflow/.local/lib/python3.7/site-packages/airflow/example_dags/example_trigger_controller_dag.py
[2021-12-23 16:00:13,742] {processor.py:625} INFO - Processing file /home/airflow/.local/lib/python3.7/site-packages/airflow/example_dags/example_trigger_controller_dag.py for tasks to queue
[2021-12-23 16:00:13,743] {logging_mixin.py:109} INFO - [2021-12-23 16:00:13,742] {dagbag.py:500} INFO - Filling up the DagBag from /home/airflow/.local/lib/python3.7/site-packages/airflow/example_dags/example_trigger_controller_dag.py
[2021-12-23 16:00:13,780] {processor.py:637} INFO - DAG(s) dict_keys(['example_trigger_controller_dag']) retrieved from /home/airflow/.local/lib/python3.7/site-packages/airflow/example_dags/example_trigger_controller_dag.py
[2021-12-23 16:00:13,795] {logging_mixin.py:109} INFO - [2021-12-23 16:00:13,794] {dag.py:2396} INFO - Sync 1 DAGs
[2021-12-23 16:00:13,819] {logging_mixin.py:109} INFO - [2021-12-23 16:00:13,818] {dag.py:2928} INFO - Setting next_dagrun for example_trigger_controller_dag to 2021-01-01T00:00:00+00:00
[2021-12-23 16:00:13,836] {processor.py:171} INFO - Processing /home/airflow/.local/lib/python3.7/site-packages/airflow/example_dags/example_trigger_controller_dag.py took 0.101 seconds
[2021-12-23 16:00:44,843] {processor.py:163} INFO - Started process (PID=824) to work on /home/airflow/.local/lib/python3.7/site-packages/airflow/example_dags/example_trigger_controller_dag.py
[2021-12-23 16:00:44,845] {processor.py:625} INFO - Processing file /home/airflow/.local/lib/python3.7/site-packages/airflow/example_dags/example_trigger_controller_dag.py for tasks to queue
[2021-12-23 16:00:44,848] {logging_mixin.py:109} INFO - [2021-12-23 16:00:44,848] {dagbag.py:500} INFO - Filling up the DagBag from /home/airflow/.local/lib/python3.7/site-packages/airflow/example_dags/example_trigger_controller_dag.py
[2021-12-23 16:00:44,897] {processor.py:637} INFO - DAG(s) dict_keys(['example_trigger_controller_dag']) retrieved from /home/airflow/.local/lib/python3.7/site-packages/airflow/example_dags/example_trigger_controller_dag.py
[2021-12-23 16:00:44,914] {logging_mixin.py:109} INFO - [2021-12-23 16:00:44,913] {dag.py:2396} INFO - Sync 1 DAGs
[2021-12-23 16:00:44,941] {logging_mixin.py:109} INFO - [2021-12-23 16:00:44,940] {dag.py:2928} INFO - Setting next_dagrun for example_trigger_controller_dag to 2021-01-01T00:00:00+00:00
[2021-12-23 16:00:44,957] {processor.py:171} INFO - Processing /home/airflow/.local/lib/python3.7/site-packages/airflow/example_dags/example_trigger_controller_dag.py took 0.119 seconds
[2021-12-23 16:01:15,071] {processor.py:163} INFO - Started process (PID=877) to work on /home/airflow/.local/lib/python3.7/site-packages/airflow/example_dags/example_trigger_controller_dag.py
[2021-12-23 16:01:15,075] {processor.py:625} INFO - Processing file /home/airflow/.local/lib/python3.7/site-packages/airflow/example_dags/example_trigger_controller_dag.py for tasks to queue
[2021-12-23 16:01:15,077] {logging_mixin.py:109} INFO - [2021-12-23 16:01:15,077] {dagbag.py:500} INFO - Filling up the DagBag from /home/airflow/.local/lib/python3.7/site-packages/airflow/example_dags/example_trigger_controller_dag.py
[2021-12-23 16:01:15,126] {processor.py:637} INFO - DAG(s) dict_keys(['example_trigger_controller_dag']) retrieved from /home/airflow/.local/lib/python3.7/site-packages/airflow/example_dags/example_trigger_controller_dag.py
[2021-12-23 16:01:15,140] {logging_mixin.py:109} INFO - [2021-12-23 16:01:15,140] {dag.py:2396} INFO - Sync 1 DAGs
[2021-12-23 16:01:15,162] {logging_mixin.py:109} INFO - [2021-12-23 16:01:15,162] {dag.py:2928} INFO - Setting next_dagrun for example_trigger_controller_dag to 2021-01-01T00:00:00+00:00
[2021-12-23 16:01:15,176] {processor.py:171} INFO - Processing /home/airflow/.local/lib/python3.7/site-packages/airflow/example_dags/example_trigger_controller_dag.py took 0.112 seconds
[2021-12-23 16:01:45,422] {processor.py:163} INFO - Started process (PID=937) to work on /home/airflow/.local/lib/python3.7/site-packages/airflow/example_dags/example_trigger_controller_dag.py
[2021-12-23 16:01:45,425] {processor.py:625} INFO - Processing file /home/airflow/.local/lib/python3.7/site-packages/airflow/example_dags/example_trigger_controller_dag.py for tasks to queue
[2021-12-23 16:01:45,427] {logging_mixin.py:109} INFO - [2021-12-23 16:01:45,426] {dagbag.py:500} INFO - Filling up the DagBag from /home/airflow/.local/lib/python3.7/site-packages/airflow/example_dags/example_trigger_controller_dag.py
[2021-12-23 16:01:45,472] {processor.py:637} INFO - DAG(s) dict_keys(['example_trigger_controller_dag']) retrieved from /home/airflow/.local/lib/python3.7/site-packages/airflow/example_dags/example_trigger_controller_dag.py
[2021-12-23 16:01:45,492] {logging_mixin.py:109} INFO - [2021-12-23 16:01:45,492] {dag.py:2396} INFO - Sync 1 DAGs
[2021-12-23 16:01:45,522] {logging_mixin.py:109} INFO - [2021-12-23 16:01:45,522] {dag.py:2928} INFO - Setting next_dagrun for example_trigger_controller_dag to 2021-01-01T00:00:00+00:00
[2021-12-23 16:01:45,541] {processor.py:171} INFO - Processing /home/airflow/.local/lib/python3.7/site-packages/airflow/example_dags/example_trigger_controller_dag.py took 0.126 seconds
[2021-12-23 16:02:15,716] {processor.py:163} INFO - Started process (PID=998) to work on /home/airflow/.local/lib/python3.7/site-packages/airflow/example_dags/example_trigger_controller_dag.py
[2021-12-23 16:02:15,718] {processor.py:625} INFO - Processing file /home/airflow/.local/lib/python3.7/site-packages/airflow/example_dags/example_trigger_controller_dag.py for tasks to queue
[2021-12-23 16:02:15,721] {logging_mixin.py:109} INFO - [2021-12-23 16:02:15,720] {dagbag.py:500} INFO - Filling up the DagBag from /home/airflow/.local/lib/python3.7/site-packages/airflow/example_dags/example_trigger_controller_dag.py
[2021-12-23 16:02:15,763] {processor.py:637} INFO - DAG(s) dict_keys(['example_trigger_controller_dag']) retrieved from /home/airflow/.local/lib/python3.7/site-packages/airflow/example_dags/example_trigger_controller_dag.py
[2021-12-23 16:02:15,780] {logging_mixin.py:109} INFO - [2021-12-23 16:02:15,779] {dag.py:2396} INFO - Sync 1 DAGs
[2021-12-23 16:02:15,807] {logging_mixin.py:109} INFO - [2021-12-23 16:02:15,807] {dag.py:2928} INFO - Setting next_dagrun for example_trigger_controller_dag to 2021-01-01T00:00:00+00:00
[2021-12-23 16:02:15,823] {processor.py:171} INFO - Processing /home/airflow/.local/lib/python3.7/site-packages/airflow/example_dags/example_trigger_controller_dag.py took 0.113 seconds
[2021-12-23 16:02:46,076] {processor.py:163} INFO - Started process (PID=1059) to work on /home/airflow/.local/lib/python3.7/site-packages/airflow/example_dags/example_trigger_controller_dag.py
[2021-12-23 16:02:46,078] {processor.py:625} INFO - Processing file /home/airflow/.local/lib/python3.7/site-packages/airflow/example_dags/example_trigger_controller_dag.py for tasks to queue
[2021-12-23 16:02:46,079] {logging_mixin.py:109} INFO - [2021-12-23 16:02:46,079] {dagbag.py:500} INFO - Filling up the DagBag from /home/airflow/.local/lib/python3.7/site-packages/airflow/example_dags/example_trigger_controller_dag.py
[2021-12-23 16:02:46,109] {processor.py:637} INFO - DAG(s) dict_keys(['example_trigger_controller_dag']) retrieved from /home/airflow/.local/lib/python3.7/site-packages/airflow/example_dags/example_trigger_controller_dag.py
[2021-12-23 16:02:46,122] {logging_mixin.py:109} INFO - [2021-12-23 16:02:46,122] {dag.py:2396} INFO - Sync 1 DAGs
[2021-12-23 16:02:46,149] {logging_mixin.py:109} INFO - [2021-12-23 16:02:46,149] {dag.py:2928} INFO - Setting next_dagrun for example_trigger_controller_dag to 2021-01-01T00:00:00+00:00
[2021-12-23 16:02:46,163] {processor.py:171} INFO - Processing /home/airflow/.local/lib/python3.7/site-packages/airflow/example_dags/example_trigger_controller_dag.py took 0.093 seconds
[2021-12-23 16:03:16,738] {processor.py:163} INFO - Started process (PID=1121) to work on /home/airflow/.local/lib/python3.7/site-packages/airflow/example_dags/example_trigger_controller_dag.py
[2021-12-23 16:03:16,742] {processor.py:625} INFO - Processing file /home/airflow/.local/lib/python3.7/site-packages/airflow/example_dags/example_trigger_controller_dag.py for tasks to queue
[2021-12-23 16:03:16,744] {logging_mixin.py:109} INFO - [2021-12-23 16:03:16,743] {dagbag.py:500} INFO - Filling up the DagBag from /home/airflow/.local/lib/python3.7/site-packages/airflow/example_dags/example_trigger_controller_dag.py
[2021-12-23 16:03:16,802] {processor.py:637} INFO - DAG(s) dict_keys(['example_trigger_controller_dag']) retrieved from /home/airflow/.local/lib/python3.7/site-packages/airflow/example_dags/example_trigger_controller_dag.py
[2021-12-23 16:03:16,827] {logging_mixin.py:109} INFO - [2021-12-23 16:03:16,826] {dag.py:2396} INFO - Sync 1 DAGs
[2021-12-23 16:03:17,084] {logging_mixin.py:109} INFO - [2021-12-23 16:03:17,084] {dag.py:2928} INFO - Setting next_dagrun for example_trigger_controller_dag to 2021-01-01T00:00:00+00:00
[2021-12-23 16:03:17,107] {processor.py:171} INFO - Processing /home/airflow/.local/lib/python3.7/site-packages/airflow/example_dags/example_trigger_controller_dag.py took 0.374 seconds
[2021-12-23 16:03:48,269] {processor.py:163} INFO - Started process (PID=1194) to work on /home/airflow/.local/lib/python3.7/site-packages/airflow/example_dags/example_trigger_controller_dag.py
[2021-12-23 16:03:48,273] {processor.py:625} INFO - Processing file /home/airflow/.local/lib/python3.7/site-packages/airflow/example_dags/example_trigger_controller_dag.py for tasks to queue
[2021-12-23 16:03:48,286] {logging_mixin.py:109} INFO - [2021-12-23 16:03:48,285] {dagbag.py:500} INFO - Filling up the DagBag from /home/airflow/.local/lib/python3.7/site-packages/airflow/example_dags/example_trigger_controller_dag.py
[2021-12-23 16:03:48,385] {processor.py:637} INFO - DAG(s) dict_keys(['example_trigger_controller_dag']) retrieved from /home/airflow/.local/lib/python3.7/site-packages/airflow/example_dags/example_trigger_controller_dag.py
[2021-12-23 16:03:48,432] {logging_mixin.py:109} INFO - [2021-12-23 16:03:48,431] {dag.py:2396} INFO - Sync 1 DAGs
[2021-12-23 16:03:48,747] {logging_mixin.py:109} INFO - [2021-12-23 16:03:48,747] {dag.py:2928} INFO - Setting next_dagrun for example_trigger_controller_dag to 2021-01-01T00:00:00+00:00
[2021-12-23 16:03:48,807] {processor.py:171} INFO - Processing /home/airflow/.local/lib/python3.7/site-packages/airflow/example_dags/example_trigger_controller_dag.py took 0.552 seconds
[2021-12-23 16:04:19,218] {processor.py:163} INFO - Started process (PID=1253) to work on /home/airflow/.local/lib/python3.7/site-packages/airflow/example_dags/example_trigger_controller_dag.py
[2021-12-23 16:04:19,223] {processor.py:625} INFO - Processing file /home/airflow/.local/lib/python3.7/site-packages/airflow/example_dags/example_trigger_controller_dag.py for tasks to queue
[2021-12-23 16:04:19,226] {logging_mixin.py:109} INFO - [2021-12-23 16:04:19,225] {dagbag.py:500} INFO - Filling up the DagBag from /home/airflow/.local/lib/python3.7/site-packages/airflow/example_dags/example_trigger_controller_dag.py
[2021-12-23 16:04:19,276] {processor.py:637} INFO - DAG(s) dict_keys(['example_trigger_controller_dag']) retrieved from /home/airflow/.local/lib/python3.7/site-packages/airflow/example_dags/example_trigger_controller_dag.py
[2021-12-23 16:04:19,442] {logging_mixin.py:109} INFO - [2021-12-23 16:04:19,442] {dag.py:2396} INFO - Sync 1 DAGs
[2021-12-23 16:04:19,474] {logging_mixin.py:109} INFO - [2021-12-23 16:04:19,474] {dag.py:2928} INFO - Setting next_dagrun for example_trigger_controller_dag to 2021-01-01T00:00:00+00:00
[2021-12-23 16:04:19,502] {processor.py:171} INFO - Processing /home/airflow/.local/lib/python3.7/site-packages/airflow/example_dags/example_trigger_controller_dag.py took 0.290 seconds
