[2022-01-17 19:29:40,626] {processor.py:163} INFO - Started process (PID=51) to work on /opt/airflow/dags/first_dag.py
[2022-01-17 19:29:40,631] {processor.py:625} INFO - Processing file /opt/airflow/dags/first_dag.py for tasks to queue
[2022-01-17 19:29:40,634] {logging_mixin.py:109} INFO - [2022-01-17 19:29:40,633] {dagbag.py:500} INFO - Filling up the DagBag from /opt/airflow/dags/first_dag.py
[2022-01-17 19:29:43,213] {processor.py:637} INFO - DAG(s) dict_keys(['cpp_workflow']) retrieved from /opt/airflow/dags/first_dag.py
[2022-01-17 19:29:43,237] {logging_mixin.py:109} INFO - [2022-01-17 19:29:43,236] {dag.py:2396} INFO - Sync 1 DAGs
[2022-01-17 19:29:43,284] {logging_mixin.py:109} INFO - [2022-01-17 19:29:43,283] {dag.py:2928} INFO - Setting next_dagrun for cpp_workflow to 2022-01-17T00:00:00+00:00
[2022-01-17 19:29:43,303] {processor.py:171} INFO - Processing /opt/airflow/dags/first_dag.py took 2.686 seconds
[2022-01-17 19:30:13,471] {processor.py:163} INFO - Started process (PID=131) to work on /opt/airflow/dags/first_dag.py
[2022-01-17 19:30:13,474] {processor.py:625} INFO - Processing file /opt/airflow/dags/first_dag.py for tasks to queue
[2022-01-17 19:30:13,476] {logging_mixin.py:109} INFO - [2022-01-17 19:30:13,476] {dagbag.py:500} INFO - Filling up the DagBag from /opt/airflow/dags/first_dag.py
[2022-01-17 19:30:15,459] {processor.py:637} INFO - DAG(s) dict_keys(['cpp_workflow']) retrieved from /opt/airflow/dags/first_dag.py
[2022-01-17 19:30:15,493] {logging_mixin.py:109} INFO - [2022-01-17 19:30:15,492] {dag.py:2396} INFO - Sync 1 DAGs
[2022-01-17 19:30:15,542] {logging_mixin.py:109} INFO - [2022-01-17 19:30:15,542] {dag.py:2928} INFO - Setting next_dagrun for cpp_workflow to 2022-01-17T00:00:00+00:00
[2022-01-17 19:30:15,607] {processor.py:171} INFO - Processing /opt/airflow/dags/first_dag.py took 2.147 seconds
[2022-01-17 19:30:45,728] {processor.py:163} INFO - Started process (PID=205) to work on /opt/airflow/dags/first_dag.py
[2022-01-17 19:30:45,730] {processor.py:625} INFO - Processing file /opt/airflow/dags/first_dag.py for tasks to queue
[2022-01-17 19:30:45,731] {logging_mixin.py:109} INFO - [2022-01-17 19:30:45,731] {dagbag.py:500} INFO - Filling up the DagBag from /opt/airflow/dags/first_dag.py
[2022-01-17 19:30:46,577] {processor.py:637} INFO - DAG(s) dict_keys(['cpp_workflow']) retrieved from /opt/airflow/dags/first_dag.py
[2022-01-17 19:30:46,597] {logging_mixin.py:109} INFO - [2022-01-17 19:30:46,596] {dag.py:2396} INFO - Sync 1 DAGs
[2022-01-17 19:30:46,619] {logging_mixin.py:109} INFO - [2022-01-17 19:30:46,619] {dag.py:2928} INFO - Setting next_dagrun for cpp_workflow to 2022-01-17T00:00:00+00:00
[2022-01-17 19:30:46,633] {processor.py:171} INFO - Processing /opt/airflow/dags/first_dag.py took 0.910 seconds
[2022-01-17 19:31:16,772] {processor.py:163} INFO - Started process (PID=266) to work on /opt/airflow/dags/first_dag.py
[2022-01-17 19:31:16,775] {processor.py:625} INFO - Processing file /opt/airflow/dags/first_dag.py for tasks to queue
[2022-01-17 19:31:16,776] {logging_mixin.py:109} INFO - [2022-01-17 19:31:16,776] {dagbag.py:500} INFO - Filling up the DagBag from /opt/airflow/dags/first_dag.py
[2022-01-17 19:31:18,034] {processor.py:637} INFO - DAG(s) dict_keys(['cpp_workflow']) retrieved from /opt/airflow/dags/first_dag.py
[2022-01-17 19:31:18,063] {logging_mixin.py:109} INFO - [2022-01-17 19:31:18,062] {dag.py:2396} INFO - Sync 1 DAGs
[2022-01-17 19:31:18,112] {logging_mixin.py:109} INFO - [2022-01-17 19:31:18,112] {dag.py:2928} INFO - Setting next_dagrun for cpp_workflow to 2022-01-17T00:00:00+00:00
[2022-01-17 19:31:18,142] {processor.py:171} INFO - Processing /opt/airflow/dags/first_dag.py took 1.375 seconds
[2022-01-17 19:31:48,274] {processor.py:163} INFO - Started process (PID=327) to work on /opt/airflow/dags/first_dag.py
[2022-01-17 19:31:48,278] {processor.py:625} INFO - Processing file /opt/airflow/dags/first_dag.py for tasks to queue
[2022-01-17 19:31:48,280] {logging_mixin.py:109} INFO - [2022-01-17 19:31:48,279] {dagbag.py:500} INFO - Filling up the DagBag from /opt/airflow/dags/first_dag.py
[2022-01-17 19:31:49,245] {processor.py:637} INFO - DAG(s) dict_keys(['cpp_workflow']) retrieved from /opt/airflow/dags/first_dag.py
[2022-01-17 19:31:49,264] {logging_mixin.py:109} INFO - [2022-01-17 19:31:49,263] {dag.py:2396} INFO - Sync 1 DAGs
[2022-01-17 19:31:49,288] {logging_mixin.py:109} INFO - [2022-01-17 19:31:49,288] {dag.py:2928} INFO - Setting next_dagrun for cpp_workflow to 2022-01-17T00:00:00+00:00
[2022-01-17 19:31:49,302] {processor.py:171} INFO - Processing /opt/airflow/dags/first_dag.py took 1.039 seconds
[2022-01-17 19:32:20,218] {processor.py:163} INFO - Started process (PID=390) to work on /opt/airflow/dags/first_dag.py
[2022-01-17 19:32:20,223] {processor.py:625} INFO - Processing file /opt/airflow/dags/first_dag.py for tasks to queue
[2022-01-17 19:32:20,232] {logging_mixin.py:109} INFO - [2022-01-17 19:32:20,232] {dagbag.py:500} INFO - Filling up the DagBag from /opt/airflow/dags/first_dag.py
[2022-01-17 19:32:22,048] {processor.py:637} INFO - DAG(s) dict_keys(['cpp_workflow']) retrieved from /opt/airflow/dags/first_dag.py
[2022-01-17 19:32:22,090] {logging_mixin.py:109} INFO - [2022-01-17 19:32:22,089] {dag.py:2396} INFO - Sync 1 DAGs
[2022-01-17 19:32:22,146] {logging_mixin.py:109} INFO - [2022-01-17 19:32:22,146] {dag.py:2928} INFO - Setting next_dagrun for cpp_workflow to 2022-01-17T00:00:00+00:00
[2022-01-17 19:32:22,177] {processor.py:171} INFO - Processing /opt/airflow/dags/first_dag.py took 1.973 seconds
[2022-01-17 19:32:52,573] {processor.py:163} INFO - Started process (PID=454) to work on /opt/airflow/dags/first_dag.py
[2022-01-17 19:32:52,579] {processor.py:625} INFO - Processing file /opt/airflow/dags/first_dag.py for tasks to queue
[2022-01-17 19:32:52,582] {logging_mixin.py:109} INFO - [2022-01-17 19:32:52,582] {dagbag.py:500} INFO - Filling up the DagBag from /opt/airflow/dags/first_dag.py
[2022-01-17 19:32:53,580] {processor.py:637} INFO - DAG(s) dict_keys(['cpp_workflow']) retrieved from /opt/airflow/dags/first_dag.py
[2022-01-17 19:32:53,624] {logging_mixin.py:109} INFO - [2022-01-17 19:32:53,622] {dag.py:2396} INFO - Sync 1 DAGs
[2022-01-17 19:32:53,679] {logging_mixin.py:109} INFO - [2022-01-17 19:32:53,679] {dag.py:2928} INFO - Setting next_dagrun for cpp_workflow to 2022-01-17T00:00:00+00:00
[2022-01-17 19:32:53,713] {processor.py:171} INFO - Processing /opt/airflow/dags/first_dag.py took 1.154 seconds
[2022-01-17 19:33:24,630] {processor.py:163} INFO - Started process (PID=520) to work on /opt/airflow/dags/first_dag.py
[2022-01-17 19:33:24,636] {processor.py:625} INFO - Processing file /opt/airflow/dags/first_dag.py for tasks to queue
[2022-01-17 19:33:24,640] {logging_mixin.py:109} INFO - [2022-01-17 19:33:24,639] {dagbag.py:500} INFO - Filling up the DagBag from /opt/airflow/dags/first_dag.py
[2022-01-17 19:33:25,523] {processor.py:637} INFO - DAG(s) dict_keys(['cpp_workflow']) retrieved from /opt/airflow/dags/first_dag.py
[2022-01-17 19:33:25,542] {logging_mixin.py:109} INFO - [2022-01-17 19:33:25,542] {dag.py:2396} INFO - Sync 1 DAGs
[2022-01-17 19:33:25,563] {logging_mixin.py:109} INFO - [2022-01-17 19:33:25,563] {dag.py:2928} INFO - Setting next_dagrun for cpp_workflow to 2022-01-17T00:00:00+00:00
[2022-01-17 19:33:25,575] {processor.py:171} INFO - Processing /opt/airflow/dags/first_dag.py took 0.964 seconds
[2022-01-17 19:33:55,958] {processor.py:163} INFO - Started process (PID=591) to work on /opt/airflow/dags/first_dag.py
[2022-01-17 19:33:55,961] {processor.py:625} INFO - Processing file /opt/airflow/dags/first_dag.py for tasks to queue
[2022-01-17 19:33:55,963] {logging_mixin.py:109} INFO - [2022-01-17 19:33:55,962] {dagbag.py:500} INFO - Filling up the DagBag from /opt/airflow/dags/first_dag.py
[2022-01-17 19:33:56,841] {processor.py:637} INFO - DAG(s) dict_keys(['cpp_workflow']) retrieved from /opt/airflow/dags/first_dag.py
[2022-01-17 19:33:56,855] {logging_mixin.py:109} INFO - [2022-01-17 19:33:56,855] {dag.py:2396} INFO - Sync 1 DAGs
[2022-01-17 19:33:56,872] {logging_mixin.py:109} INFO - [2022-01-17 19:33:56,872] {dag.py:2928} INFO - Setting next_dagrun for cpp_workflow to 2022-01-17T00:00:00+00:00
[2022-01-17 19:33:56,885] {processor.py:171} INFO - Processing /opt/airflow/dags/first_dag.py took 0.934 seconds
[2022-01-17 19:34:27,094] {processor.py:163} INFO - Started process (PID=652) to work on /opt/airflow/dags/first_dag.py
[2022-01-17 19:34:27,097] {processor.py:625} INFO - Processing file /opt/airflow/dags/first_dag.py for tasks to queue
[2022-01-17 19:34:27,099] {logging_mixin.py:109} INFO - [2022-01-17 19:34:27,099] {dagbag.py:500} INFO - Filling up the DagBag from /opt/airflow/dags/first_dag.py
[2022-01-17 19:34:28,540] {processor.py:637} INFO - DAG(s) dict_keys(['cpp_workflow']) retrieved from /opt/airflow/dags/first_dag.py
[2022-01-17 19:34:28,561] {logging_mixin.py:109} INFO - [2022-01-17 19:34:28,561] {dag.py:2396} INFO - Sync 1 DAGs
[2022-01-17 19:34:28,581] {logging_mixin.py:109} INFO - [2022-01-17 19:34:28,581] {dag.py:2928} INFO - Setting next_dagrun for cpp_workflow to 2022-01-17T00:00:00+00:00
[2022-01-17 19:34:28,595] {processor.py:171} INFO - Processing /opt/airflow/dags/first_dag.py took 1.509 seconds
[2022-01-17 19:34:59,198] {processor.py:163} INFO - Started process (PID=713) to work on /opt/airflow/dags/first_dag.py
[2022-01-17 19:34:59,203] {processor.py:625} INFO - Processing file /opt/airflow/dags/first_dag.py for tasks to queue
[2022-01-17 19:34:59,205] {logging_mixin.py:109} INFO - [2022-01-17 19:34:59,205] {dagbag.py:500} INFO - Filling up the DagBag from /opt/airflow/dags/first_dag.py
[2022-01-17 19:35:00,215] {processor.py:637} INFO - DAG(s) dict_keys(['cpp_workflow']) retrieved from /opt/airflow/dags/first_dag.py
[2022-01-17 19:35:00,236] {logging_mixin.py:109} INFO - [2022-01-17 19:35:00,236] {dag.py:2396} INFO - Sync 1 DAGs
[2022-01-17 19:35:00,262] {logging_mixin.py:109} INFO - [2022-01-17 19:35:00,262] {dag.py:2928} INFO - Setting next_dagrun for cpp_workflow to 2022-01-17T00:00:00+00:00
[2022-01-17 19:35:00,277] {processor.py:171} INFO - Processing /opt/airflow/dags/first_dag.py took 1.095 seconds
[2022-01-17 19:35:30,441] {processor.py:163} INFO - Started process (PID=774) to work on /opt/airflow/dags/first_dag.py
[2022-01-17 19:35:30,442] {processor.py:625} INFO - Processing file /opt/airflow/dags/first_dag.py for tasks to queue
[2022-01-17 19:35:30,443] {logging_mixin.py:109} INFO - [2022-01-17 19:35:30,443] {dagbag.py:500} INFO - Filling up the DagBag from /opt/airflow/dags/first_dag.py
[2022-01-17 19:35:31,354] {processor.py:637} INFO - DAG(s) dict_keys(['cpp_workflow']) retrieved from /opt/airflow/dags/first_dag.py
[2022-01-17 19:35:31,386] {logging_mixin.py:109} INFO - [2022-01-17 19:35:31,385] {dag.py:2396} INFO - Sync 1 DAGs
[2022-01-17 19:35:31,426] {logging_mixin.py:109} INFO - [2022-01-17 19:35:31,426] {dag.py:2928} INFO - Setting next_dagrun for cpp_workflow to 2022-01-17T00:00:00+00:00
[2022-01-17 19:35:31,442] {processor.py:171} INFO - Processing /opt/airflow/dags/first_dag.py took 1.005 seconds
[2022-01-17 19:36:01,919] {processor.py:163} INFO - Started process (PID=846) to work on /opt/airflow/dags/first_dag.py
[2022-01-17 19:36:01,922] {processor.py:625} INFO - Processing file /opt/airflow/dags/first_dag.py for tasks to queue
[2022-01-17 19:36:01,923] {logging_mixin.py:109} INFO - [2022-01-17 19:36:01,923] {dagbag.py:500} INFO - Filling up the DagBag from /opt/airflow/dags/first_dag.py
[2022-01-17 19:36:03,023] {processor.py:637} INFO - DAG(s) dict_keys(['cpp_workflow']) retrieved from /opt/airflow/dags/first_dag.py
[2022-01-17 19:36:03,043] {logging_mixin.py:109} INFO - [2022-01-17 19:36:03,043] {dag.py:2396} INFO - Sync 1 DAGs
[2022-01-17 19:36:03,071] {logging_mixin.py:109} INFO - [2022-01-17 19:36:03,071] {dag.py:2928} INFO - Setting next_dagrun for cpp_workflow to 2022-01-17T00:00:00+00:00
[2022-01-17 19:36:03,089] {processor.py:171} INFO - Processing /opt/airflow/dags/first_dag.py took 1.175 seconds
[2022-01-17 19:36:33,291] {processor.py:163} INFO - Started process (PID=912) to work on /opt/airflow/dags/first_dag.py
[2022-01-17 19:36:33,293] {processor.py:625} INFO - Processing file /opt/airflow/dags/first_dag.py for tasks to queue
[2022-01-17 19:36:33,294] {logging_mixin.py:109} INFO - [2022-01-17 19:36:33,294] {dagbag.py:500} INFO - Filling up the DagBag from /opt/airflow/dags/first_dag.py
[2022-01-17 19:36:34,786] {processor.py:637} INFO - DAG(s) dict_keys(['cpp_workflow']) retrieved from /opt/airflow/dags/first_dag.py
[2022-01-17 19:36:34,825] {logging_mixin.py:109} INFO - [2022-01-17 19:36:34,824] {dag.py:2396} INFO - Sync 1 DAGs
[2022-01-17 19:36:34,882] {logging_mixin.py:109} INFO - [2022-01-17 19:36:34,881] {dag.py:2928} INFO - Setting next_dagrun for cpp_workflow to 2022-01-17T00:00:00+00:00
[2022-01-17 19:36:34,914] {processor.py:171} INFO - Processing /opt/airflow/dags/first_dag.py took 1.627 seconds
[2022-01-17 19:37:05,225] {processor.py:163} INFO - Started process (PID=975) to work on /opt/airflow/dags/first_dag.py
[2022-01-17 19:37:05,229] {processor.py:625} INFO - Processing file /opt/airflow/dags/first_dag.py for tasks to queue
[2022-01-17 19:37:05,231] {logging_mixin.py:109} INFO - [2022-01-17 19:37:05,231] {dagbag.py:500} INFO - Filling up the DagBag from /opt/airflow/dags/first_dag.py
[2022-01-17 19:37:06,106] {processor.py:637} INFO - DAG(s) dict_keys(['cpp_workflow']) retrieved from /opt/airflow/dags/first_dag.py
[2022-01-17 19:37:06,121] {logging_mixin.py:109} INFO - [2022-01-17 19:37:06,120] {dag.py:2396} INFO - Sync 1 DAGs
[2022-01-17 19:37:06,142] {logging_mixin.py:109} INFO - [2022-01-17 19:37:06,141] {dag.py:2928} INFO - Setting next_dagrun for cpp_workflow to 2022-01-17T00:00:00+00:00
[2022-01-17 19:37:06,160] {processor.py:171} INFO - Processing /opt/airflow/dags/first_dag.py took 0.942 seconds
[2022-01-17 19:37:36,349] {processor.py:163} INFO - Started process (PID=1038) to work on /opt/airflow/dags/first_dag.py
[2022-01-17 19:37:36,351] {processor.py:625} INFO - Processing file /opt/airflow/dags/first_dag.py for tasks to queue
[2022-01-17 19:37:36,353] {logging_mixin.py:109} INFO - [2022-01-17 19:37:36,353] {dagbag.py:500} INFO - Filling up the DagBag from /opt/airflow/dags/first_dag.py
[2022-01-17 19:37:37,481] {processor.py:637} INFO - DAG(s) dict_keys(['cpp_workflow']) retrieved from /opt/airflow/dags/first_dag.py
[2022-01-17 19:37:37,500] {logging_mixin.py:109} INFO - [2022-01-17 19:37:37,499] {dag.py:2396} INFO - Sync 1 DAGs
[2022-01-17 19:37:37,524] {logging_mixin.py:109} INFO - [2022-01-17 19:37:37,524] {dag.py:2928} INFO - Setting next_dagrun for cpp_workflow to 2022-01-17T00:00:00+00:00
[2022-01-17 19:37:37,538] {processor.py:171} INFO - Processing /opt/airflow/dags/first_dag.py took 1.194 seconds
[2022-01-17 19:38:07,725] {processor.py:163} INFO - Started process (PID=1112) to work on /opt/airflow/dags/first_dag.py
[2022-01-17 19:38:07,727] {processor.py:625} INFO - Processing file /opt/airflow/dags/first_dag.py for tasks to queue
[2022-01-17 19:38:07,728] {logging_mixin.py:109} INFO - [2022-01-17 19:38:07,728] {dagbag.py:500} INFO - Filling up the DagBag from /opt/airflow/dags/first_dag.py
[2022-01-17 19:38:08,734] {processor.py:637} INFO - DAG(s) dict_keys(['cpp_workflow']) retrieved from /opt/airflow/dags/first_dag.py
[2022-01-17 19:38:08,772] {logging_mixin.py:109} INFO - [2022-01-17 19:38:08,771] {dag.py:2396} INFO - Sync 1 DAGs
[2022-01-17 19:38:08,807] {logging_mixin.py:109} INFO - [2022-01-17 19:38:08,806] {dag.py:2928} INFO - Setting next_dagrun for cpp_workflow to 2022-01-17T00:00:00+00:00
[2022-01-17 19:38:08,828] {processor.py:171} INFO - Processing /opt/airflow/dags/first_dag.py took 1.109 seconds
[2022-01-17 19:38:38,928] {processor.py:163} INFO - Started process (PID=1173) to work on /opt/airflow/dags/first_dag.py
[2022-01-17 19:38:38,930] {processor.py:625} INFO - Processing file /opt/airflow/dags/first_dag.py for tasks to queue
[2022-01-17 19:38:38,932] {logging_mixin.py:109} INFO - [2022-01-17 19:38:38,932] {dagbag.py:500} INFO - Filling up the DagBag from /opt/airflow/dags/first_dag.py
[2022-01-17 19:38:40,153] {processor.py:637} INFO - DAG(s) dict_keys(['cpp_workflow']) retrieved from /opt/airflow/dags/first_dag.py
[2022-01-17 19:38:40,181] {logging_mixin.py:109} INFO - [2022-01-17 19:38:40,180] {dag.py:2396} INFO - Sync 1 DAGs
[2022-01-17 19:38:40,214] {logging_mixin.py:109} INFO - [2022-01-17 19:38:40,214] {dag.py:2928} INFO - Setting next_dagrun for cpp_workflow to 2022-01-17T00:00:00+00:00
[2022-01-17 19:38:40,237] {processor.py:171} INFO - Processing /opt/airflow/dags/first_dag.py took 1.316 seconds
[2022-01-17 19:39:11,081] {processor.py:163} INFO - Started process (PID=1237) to work on /opt/airflow/dags/first_dag.py
[2022-01-17 19:39:11,086] {processor.py:625} INFO - Processing file /opt/airflow/dags/first_dag.py for tasks to queue
[2022-01-17 19:39:11,088] {logging_mixin.py:109} INFO - [2022-01-17 19:39:11,088] {dagbag.py:500} INFO - Filling up the DagBag from /opt/airflow/dags/first_dag.py
[2022-01-17 19:39:12,530] {processor.py:637} INFO - DAG(s) dict_keys(['cpp_workflow']) retrieved from /opt/airflow/dags/first_dag.py
[2022-01-17 19:39:12,561] {logging_mixin.py:109} INFO - [2022-01-17 19:39:12,560] {dag.py:2396} INFO - Sync 1 DAGs
[2022-01-17 19:39:12,597] {logging_mixin.py:109} INFO - [2022-01-17 19:39:12,597] {dag.py:2928} INFO - Setting next_dagrun for cpp_workflow to 2022-01-17T00:00:00+00:00
[2022-01-17 19:39:12,616] {processor.py:171} INFO - Processing /opt/airflow/dags/first_dag.py took 1.545 seconds
[2022-01-17 19:39:42,801] {processor.py:163} INFO - Started process (PID=1298) to work on /opt/airflow/dags/first_dag.py
[2022-01-17 19:39:42,804] {processor.py:625} INFO - Processing file /opt/airflow/dags/first_dag.py for tasks to queue
[2022-01-17 19:39:42,806] {logging_mixin.py:109} INFO - [2022-01-17 19:39:42,806] {dagbag.py:500} INFO - Filling up the DagBag from /opt/airflow/dags/first_dag.py
[2022-01-17 19:39:44,216] {processor.py:637} INFO - DAG(s) dict_keys(['cpp_workflow']) retrieved from /opt/airflow/dags/first_dag.py
[2022-01-17 19:39:44,259] {logging_mixin.py:109} INFO - [2022-01-17 19:39:44,258] {dag.py:2396} INFO - Sync 1 DAGs
[2022-01-17 19:39:44,317] {logging_mixin.py:109} INFO - [2022-01-17 19:39:44,317] {dag.py:2928} INFO - Setting next_dagrun for cpp_workflow to 2022-01-17T00:00:00+00:00
[2022-01-17 19:39:44,341] {processor.py:171} INFO - Processing /opt/airflow/dags/first_dag.py took 1.549 seconds
[2022-01-17 19:40:14,829] {processor.py:163} INFO - Started process (PID=1368) to work on /opt/airflow/dags/first_dag.py
[2022-01-17 19:40:14,832] {processor.py:625} INFO - Processing file /opt/airflow/dags/first_dag.py for tasks to queue
[2022-01-17 19:40:14,833] {logging_mixin.py:109} INFO - [2022-01-17 19:40:14,833] {dagbag.py:500} INFO - Filling up the DagBag from /opt/airflow/dags/first_dag.py
[2022-01-17 19:40:15,709] {processor.py:637} INFO - DAG(s) dict_keys(['cpp_workflow']) retrieved from /opt/airflow/dags/first_dag.py
[2022-01-17 19:40:15,733] {logging_mixin.py:109} INFO - [2022-01-17 19:40:15,732] {dag.py:2396} INFO - Sync 1 DAGs
[2022-01-17 19:40:15,759] {logging_mixin.py:109} INFO - [2022-01-17 19:40:15,759] {dag.py:2928} INFO - Setting next_dagrun for cpp_workflow to 2022-01-17T00:00:00+00:00
[2022-01-17 19:40:15,776] {processor.py:171} INFO - Processing /opt/airflow/dags/first_dag.py took 0.952 seconds
[2022-01-17 19:40:46,421] {processor.py:163} INFO - Started process (PID=1432) to work on /opt/airflow/dags/first_dag.py
[2022-01-17 19:40:46,425] {processor.py:625} INFO - Processing file /opt/airflow/dags/first_dag.py for tasks to queue
[2022-01-17 19:40:46,427] {logging_mixin.py:109} INFO - [2022-01-17 19:40:46,427] {dagbag.py:500} INFO - Filling up the DagBag from /opt/airflow/dags/first_dag.py
[2022-01-17 19:40:47,829] {processor.py:637} INFO - DAG(s) dict_keys(['cpp_workflow']) retrieved from /opt/airflow/dags/first_dag.py
[2022-01-17 19:40:47,857] {logging_mixin.py:109} INFO - [2022-01-17 19:40:47,856] {dag.py:2396} INFO - Sync 1 DAGs
[2022-01-17 19:40:47,890] {logging_mixin.py:109} INFO - [2022-01-17 19:40:47,890] {dag.py:2928} INFO - Setting next_dagrun for cpp_workflow to 2022-01-17T00:00:00+00:00
[2022-01-17 19:40:47,912] {processor.py:171} INFO - Processing /opt/airflow/dags/first_dag.py took 1.500 seconds
[2022-01-17 19:41:18,620] {processor.py:163} INFO - Started process (PID=1494) to work on /opt/airflow/dags/first_dag.py
[2022-01-17 19:41:18,625] {processor.py:625} INFO - Processing file /opt/airflow/dags/first_dag.py for tasks to queue
[2022-01-17 19:41:18,627] {logging_mixin.py:109} INFO - [2022-01-17 19:41:18,627] {dagbag.py:500} INFO - Filling up the DagBag from /opt/airflow/dags/first_dag.py
[2022-01-17 19:41:19,749] {processor.py:637} INFO - DAG(s) dict_keys(['cpp_workflow']) retrieved from /opt/airflow/dags/first_dag.py
[2022-01-17 19:41:19,776] {logging_mixin.py:109} INFO - [2022-01-17 19:41:19,775] {dag.py:2396} INFO - Sync 1 DAGs
[2022-01-17 19:41:19,810] {logging_mixin.py:109} INFO - [2022-01-17 19:41:19,810] {dag.py:2928} INFO - Setting next_dagrun for cpp_workflow to 2022-01-17T00:00:00+00:00
[2022-01-17 19:41:19,831] {processor.py:171} INFO - Processing /opt/airflow/dags/first_dag.py took 1.222 seconds
[2022-01-17 19:41:50,233] {processor.py:163} INFO - Started process (PID=1555) to work on /opt/airflow/dags/first_dag.py
[2022-01-17 19:41:50,238] {processor.py:625} INFO - Processing file /opt/airflow/dags/first_dag.py for tasks to queue
[2022-01-17 19:41:50,241] {logging_mixin.py:109} INFO - [2022-01-17 19:41:50,240] {dagbag.py:500} INFO - Filling up the DagBag from /opt/airflow/dags/first_dag.py
[2022-01-17 19:41:51,194] {processor.py:637} INFO - DAG(s) dict_keys(['cpp_workflow']) retrieved from /opt/airflow/dags/first_dag.py
[2022-01-17 19:41:51,208] {logging_mixin.py:109} INFO - [2022-01-17 19:41:51,208] {dag.py:2396} INFO - Sync 1 DAGs
[2022-01-17 19:41:51,226] {logging_mixin.py:109} INFO - [2022-01-17 19:41:51,226] {dag.py:2928} INFO - Setting next_dagrun for cpp_workflow to 2022-01-17T00:00:00+00:00
[2022-01-17 19:41:51,239] {processor.py:171} INFO - Processing /opt/airflow/dags/first_dag.py took 1.019 seconds
[2022-01-17 19:42:21,352] {processor.py:163} INFO - Started process (PID=1627) to work on /opt/airflow/dags/first_dag.py
[2022-01-17 19:42:21,354] {processor.py:625} INFO - Processing file /opt/airflow/dags/first_dag.py for tasks to queue
[2022-01-17 19:42:21,355] {logging_mixin.py:109} INFO - [2022-01-17 19:42:21,355] {dagbag.py:500} INFO - Filling up the DagBag from /opt/airflow/dags/first_dag.py
[2022-01-17 19:42:22,231] {processor.py:637} INFO - DAG(s) dict_keys(['cpp_workflow']) retrieved from /opt/airflow/dags/first_dag.py
[2022-01-17 19:42:22,262] {logging_mixin.py:109} INFO - [2022-01-17 19:42:22,260] {dag.py:2396} INFO - Sync 1 DAGs
[2022-01-17 19:42:22,300] {logging_mixin.py:109} INFO - [2022-01-17 19:42:22,300] {dag.py:2928} INFO - Setting next_dagrun for cpp_workflow to 2022-01-17T00:00:00+00:00
[2022-01-17 19:42:22,322] {processor.py:171} INFO - Processing /opt/airflow/dags/first_dag.py took 0.973 seconds
[2022-01-17 19:42:52,658] {processor.py:163} INFO - Started process (PID=1689) to work on /opt/airflow/dags/first_dag.py
[2022-01-17 19:42:52,662] {processor.py:625} INFO - Processing file /opt/airflow/dags/first_dag.py for tasks to queue
[2022-01-17 19:42:52,666] {logging_mixin.py:109} INFO - [2022-01-17 19:42:52,665] {dagbag.py:500} INFO - Filling up the DagBag from /opt/airflow/dags/first_dag.py
[2022-01-17 19:42:53,472] {processor.py:637} INFO - DAG(s) dict_keys(['cpp_workflow']) retrieved from /opt/airflow/dags/first_dag.py
[2022-01-17 19:42:53,488] {logging_mixin.py:109} INFO - [2022-01-17 19:42:53,487] {dag.py:2396} INFO - Sync 1 DAGs
[2022-01-17 19:42:53,508] {logging_mixin.py:109} INFO - [2022-01-17 19:42:53,508] {dag.py:2928} INFO - Setting next_dagrun for cpp_workflow to 2022-01-17T00:00:00+00:00
[2022-01-17 19:42:53,522] {processor.py:171} INFO - Processing /opt/airflow/dags/first_dag.py took 0.876 seconds
[2022-01-17 19:43:24,240] {processor.py:163} INFO - Started process (PID=1751) to work on /opt/airflow/dags/first_dag.py
[2022-01-17 19:43:24,244] {processor.py:625} INFO - Processing file /opt/airflow/dags/first_dag.py for tasks to queue
[2022-01-17 19:43:24,246] {logging_mixin.py:109} INFO - [2022-01-17 19:43:24,246] {dagbag.py:500} INFO - Filling up the DagBag from /opt/airflow/dags/first_dag.py
[2022-01-17 19:43:24,986] {processor.py:637} INFO - DAG(s) dict_keys(['cpp_workflow']) retrieved from /opt/airflow/dags/first_dag.py
[2022-01-17 19:43:25,002] {logging_mixin.py:109} INFO - [2022-01-17 19:43:25,001] {dag.py:2396} INFO - Sync 1 DAGs
[2022-01-17 19:43:25,020] {logging_mixin.py:109} INFO - [2022-01-17 19:43:25,020] {dag.py:2928} INFO - Setting next_dagrun for cpp_workflow to 2022-01-17T00:00:00+00:00
[2022-01-17 19:43:25,033] {processor.py:171} INFO - Processing /opt/airflow/dags/first_dag.py took 0.801 seconds
[2022-01-17 19:43:55,189] {processor.py:163} INFO - Started process (PID=1822) to work on /opt/airflow/dags/first_dag.py
[2022-01-17 19:43:55,193] {processor.py:625} INFO - Processing file /opt/airflow/dags/first_dag.py for tasks to queue
[2022-01-17 19:43:55,196] {logging_mixin.py:109} INFO - [2022-01-17 19:43:55,196] {dagbag.py:500} INFO - Filling up the DagBag from /opt/airflow/dags/first_dag.py
[2022-01-17 19:43:55,945] {processor.py:637} INFO - DAG(s) dict_keys(['cpp_workflow']) retrieved from /opt/airflow/dags/first_dag.py
[2022-01-17 19:43:55,964] {logging_mixin.py:109} INFO - [2022-01-17 19:43:55,963] {dag.py:2396} INFO - Sync 1 DAGs
[2022-01-17 19:43:55,985] {logging_mixin.py:109} INFO - [2022-01-17 19:43:55,985] {dag.py:2928} INFO - Setting next_dagrun for cpp_workflow to 2022-01-17T00:00:00+00:00
[2022-01-17 19:43:55,997] {processor.py:171} INFO - Processing /opt/airflow/dags/first_dag.py took 0.819 seconds
[2022-01-17 19:44:26,200] {processor.py:163} INFO - Started process (PID=1882) to work on /opt/airflow/dags/first_dag.py
[2022-01-17 19:44:26,201] {processor.py:625} INFO - Processing file /opt/airflow/dags/first_dag.py for tasks to queue
[2022-01-17 19:44:26,202] {logging_mixin.py:109} INFO - [2022-01-17 19:44:26,202] {dagbag.py:500} INFO - Filling up the DagBag from /opt/airflow/dags/first_dag.py
[2022-01-17 19:44:26,783] {processor.py:637} INFO - DAG(s) dict_keys(['cpp_workflow']) retrieved from /opt/airflow/dags/first_dag.py
[2022-01-17 19:44:26,800] {logging_mixin.py:109} INFO - [2022-01-17 19:44:26,799] {dag.py:2396} INFO - Sync 1 DAGs
[2022-01-17 19:44:26,823] {logging_mixin.py:109} INFO - [2022-01-17 19:44:26,823] {dag.py:2928} INFO - Setting next_dagrun for cpp_workflow to 2022-01-17T00:00:00+00:00
[2022-01-17 19:44:26,840] {processor.py:171} INFO - Processing /opt/airflow/dags/first_dag.py took 0.644 seconds
[2022-01-17 19:44:57,095] {processor.py:163} INFO - Started process (PID=1942) to work on /opt/airflow/dags/first_dag.py
[2022-01-17 19:44:57,100] {processor.py:625} INFO - Processing file /opt/airflow/dags/first_dag.py for tasks to queue
[2022-01-17 19:44:57,103] {logging_mixin.py:109} INFO - [2022-01-17 19:44:57,102] {dagbag.py:500} INFO - Filling up the DagBag from /opt/airflow/dags/first_dag.py
[2022-01-17 19:44:57,850] {processor.py:637} INFO - DAG(s) dict_keys(['cpp_workflow']) retrieved from /opt/airflow/dags/first_dag.py
[2022-01-17 19:44:57,865] {logging_mixin.py:109} INFO - [2022-01-17 19:44:57,864] {dag.py:2396} INFO - Sync 1 DAGs
[2022-01-17 19:44:57,884] {logging_mixin.py:109} INFO - [2022-01-17 19:44:57,884] {dag.py:2928} INFO - Setting next_dagrun for cpp_workflow to 2022-01-17T00:00:00+00:00
[2022-01-17 19:44:57,897] {processor.py:171} INFO - Processing /opt/airflow/dags/first_dag.py took 0.813 seconds
[2022-01-17 19:45:28,130] {processor.py:163} INFO - Started process (PID=2003) to work on /opt/airflow/dags/first_dag.py
[2022-01-17 19:45:28,131] {processor.py:625} INFO - Processing file /opt/airflow/dags/first_dag.py for tasks to queue
[2022-01-17 19:45:28,132] {logging_mixin.py:109} INFO - [2022-01-17 19:45:28,132] {dagbag.py:500} INFO - Filling up the DagBag from /opt/airflow/dags/first_dag.py
[2022-01-17 19:45:28,805] {processor.py:637} INFO - DAG(s) dict_keys(['cpp_workflow']) retrieved from /opt/airflow/dags/first_dag.py
[2022-01-17 19:45:28,833] {logging_mixin.py:109} INFO - [2022-01-17 19:45:28,832] {dag.py:2396} INFO - Sync 1 DAGs
[2022-01-17 19:45:28,866] {logging_mixin.py:109} INFO - [2022-01-17 19:45:28,865] {dag.py:2928} INFO - Setting next_dagrun for cpp_workflow to 2022-01-17T00:00:00+00:00
[2022-01-17 19:45:29,024] {processor.py:171} INFO - Processing /opt/airflow/dags/first_dag.py took 0.898 seconds
[2022-01-17 19:45:59,123] {processor.py:163} INFO - Started process (PID=2076) to work on /opt/airflow/dags/first_dag.py
[2022-01-17 19:45:59,124] {processor.py:625} INFO - Processing file /opt/airflow/dags/first_dag.py for tasks to queue
[2022-01-17 19:45:59,125] {logging_mixin.py:109} INFO - [2022-01-17 19:45:59,125] {dagbag.py:500} INFO - Filling up the DagBag from /opt/airflow/dags/first_dag.py
[2022-01-17 19:45:59,910] {processor.py:637} INFO - DAG(s) dict_keys(['cpp_workflow']) retrieved from /opt/airflow/dags/first_dag.py
[2022-01-17 19:45:59,927] {logging_mixin.py:109} INFO - [2022-01-17 19:45:59,926] {dag.py:2396} INFO - Sync 1 DAGs
[2022-01-17 19:45:59,946] {logging_mixin.py:109} INFO - [2022-01-17 19:45:59,946] {dag.py:2928} INFO - Setting next_dagrun for cpp_workflow to 2022-01-17T00:00:00+00:00
[2022-01-17 19:46:00,070] {processor.py:171} INFO - Processing /opt/airflow/dags/first_dag.py took 0.953 seconds
[2022-01-17 19:46:30,490] {processor.py:163} INFO - Started process (PID=2138) to work on /opt/airflow/dags/first_dag.py
[2022-01-17 19:46:30,494] {processor.py:625} INFO - Processing file /opt/airflow/dags/first_dag.py for tasks to queue
[2022-01-17 19:46:30,497] {logging_mixin.py:109} INFO - [2022-01-17 19:46:30,497] {dagbag.py:500} INFO - Filling up the DagBag from /opt/airflow/dags/first_dag.py
[2022-01-17 19:46:31,274] {processor.py:637} INFO - DAG(s) dict_keys(['cpp_workflow']) retrieved from /opt/airflow/dags/first_dag.py
[2022-01-17 19:46:31,291] {logging_mixin.py:109} INFO - [2022-01-17 19:46:31,290] {dag.py:2396} INFO - Sync 1 DAGs
[2022-01-17 19:46:31,423] {logging_mixin.py:109} INFO - [2022-01-17 19:46:31,422] {dag.py:2928} INFO - Setting next_dagrun for cpp_workflow to 2022-01-17T00:00:00+00:00
[2022-01-17 19:46:31,435] {processor.py:171} INFO - Processing /opt/airflow/dags/first_dag.py took 0.957 seconds
[2022-01-17 19:47:01,855] {processor.py:163} INFO - Started process (PID=2198) to work on /opt/airflow/dags/first_dag.py
[2022-01-17 19:47:01,857] {processor.py:625} INFO - Processing file /opt/airflow/dags/first_dag.py for tasks to queue
[2022-01-17 19:47:01,859] {logging_mixin.py:109} INFO - [2022-01-17 19:47:01,859] {dagbag.py:500} INFO - Filling up the DagBag from /opt/airflow/dags/first_dag.py
[2022-01-17 19:47:02,777] {processor.py:637} INFO - DAG(s) dict_keys(['cpp_workflow']) retrieved from /opt/airflow/dags/first_dag.py
[2022-01-17 19:47:02,798] {logging_mixin.py:109} INFO - [2022-01-17 19:47:02,797] {dag.py:2396} INFO - Sync 1 DAGs
[2022-01-17 19:47:02,927] {logging_mixin.py:109} INFO - [2022-01-17 19:47:02,926] {dag.py:2928} INFO - Setting next_dagrun for cpp_workflow to 2022-01-17T00:00:00+00:00
[2022-01-17 19:47:02,942] {processor.py:171} INFO - Processing /opt/airflow/dags/first_dag.py took 1.092 seconds
[2022-01-17 19:47:33,433] {processor.py:163} INFO - Started process (PID=2258) to work on /opt/airflow/dags/first_dag.py
[2022-01-17 19:47:33,437] {processor.py:625} INFO - Processing file /opt/airflow/dags/first_dag.py for tasks to queue
[2022-01-17 19:47:33,440] {logging_mixin.py:109} INFO - [2022-01-17 19:47:33,439] {dagbag.py:500} INFO - Filling up the DagBag from /opt/airflow/dags/first_dag.py
[2022-01-17 19:47:34,187] {processor.py:637} INFO - DAG(s) dict_keys(['cpp_workflow']) retrieved from /opt/airflow/dags/first_dag.py
[2022-01-17 19:47:34,204] {logging_mixin.py:109} INFO - [2022-01-17 19:47:34,203] {dag.py:2396} INFO - Sync 1 DAGs
[2022-01-17 19:47:34,318] {logging_mixin.py:109} INFO - [2022-01-17 19:47:34,317] {dag.py:2928} INFO - Setting next_dagrun for cpp_workflow to 2022-01-17T00:00:00+00:00
[2022-01-17 19:47:34,332] {processor.py:171} INFO - Processing /opt/airflow/dags/first_dag.py took 0.909 seconds
[2022-01-17 19:48:04,821] {processor.py:163} INFO - Started process (PID=2329) to work on /opt/airflow/dags/first_dag.py
[2022-01-17 19:48:04,824] {processor.py:625} INFO - Processing file /opt/airflow/dags/first_dag.py for tasks to queue
[2022-01-17 19:48:04,825] {logging_mixin.py:109} INFO - [2022-01-17 19:48:04,825] {dagbag.py:500} INFO - Filling up the DagBag from /opt/airflow/dags/first_dag.py
[2022-01-17 19:48:05,575] {processor.py:637} INFO - DAG(s) dict_keys(['cpp_workflow']) retrieved from /opt/airflow/dags/first_dag.py
[2022-01-17 19:48:05,595] {logging_mixin.py:109} INFO - [2022-01-17 19:48:05,593] {dag.py:2396} INFO - Sync 1 DAGs
[2022-01-17 19:48:05,619] {logging_mixin.py:109} INFO - [2022-01-17 19:48:05,618] {dag.py:2928} INFO - Setting next_dagrun for cpp_workflow to 2022-01-17T00:00:00+00:00
[2022-01-17 19:48:05,632] {processor.py:171} INFO - Processing /opt/airflow/dags/first_dag.py took 0.816 seconds
[2022-01-17 19:48:35,940] {processor.py:163} INFO - Started process (PID=2391) to work on /opt/airflow/dags/first_dag.py
[2022-01-17 19:48:35,942] {processor.py:625} INFO - Processing file /opt/airflow/dags/first_dag.py for tasks to queue
[2022-01-17 19:48:35,943] {logging_mixin.py:109} INFO - [2022-01-17 19:48:35,943] {dagbag.py:500} INFO - Filling up the DagBag from /opt/airflow/dags/first_dag.py
[2022-01-17 19:48:36,861] {processor.py:637} INFO - DAG(s) dict_keys(['cpp_workflow']) retrieved from /opt/airflow/dags/first_dag.py
[2022-01-17 19:48:36,876] {logging_mixin.py:109} INFO - [2022-01-17 19:48:36,875] {dag.py:2396} INFO - Sync 1 DAGs
[2022-01-17 19:48:36,895] {logging_mixin.py:109} INFO - [2022-01-17 19:48:36,895] {dag.py:2928} INFO - Setting next_dagrun for cpp_workflow to 2022-01-17T00:00:00+00:00
[2022-01-17 19:48:36,907] {processor.py:171} INFO - Processing /opt/airflow/dags/first_dag.py took 0.972 seconds
[2022-01-17 19:49:07,546] {processor.py:163} INFO - Started process (PID=2451) to work on /opt/airflow/dags/first_dag.py
[2022-01-17 19:49:07,550] {processor.py:625} INFO - Processing file /opt/airflow/dags/first_dag.py for tasks to queue
[2022-01-17 19:49:07,552] {logging_mixin.py:109} INFO - [2022-01-17 19:49:07,552] {dagbag.py:500} INFO - Filling up the DagBag from /opt/airflow/dags/first_dag.py
[2022-01-17 19:49:08,300] {processor.py:637} INFO - DAG(s) dict_keys(['cpp_workflow']) retrieved from /opt/airflow/dags/first_dag.py
[2022-01-17 19:49:08,319] {logging_mixin.py:109} INFO - [2022-01-17 19:49:08,318] {dag.py:2396} INFO - Sync 1 DAGs
[2022-01-17 19:49:08,346] {logging_mixin.py:109} INFO - [2022-01-17 19:49:08,346] {dag.py:2928} INFO - Setting next_dagrun for cpp_workflow to 2022-01-17T00:00:00+00:00
[2022-01-17 19:49:08,357] {processor.py:171} INFO - Processing /opt/airflow/dags/first_dag.py took 0.819 seconds
[2022-01-17 19:49:39,146] {processor.py:163} INFO - Started process (PID=2516) to work on /opt/airflow/dags/first_dag.py
[2022-01-17 19:49:39,152] {processor.py:625} INFO - Processing file /opt/airflow/dags/first_dag.py for tasks to queue
[2022-01-17 19:49:39,155] {logging_mixin.py:109} INFO - [2022-01-17 19:49:39,154] {dagbag.py:500} INFO - Filling up the DagBag from /opt/airflow/dags/first_dag.py
[2022-01-17 19:49:39,988] {processor.py:637} INFO - DAG(s) dict_keys(['cpp_workflow']) retrieved from /opt/airflow/dags/first_dag.py
[2022-01-17 19:49:40,003] {logging_mixin.py:109} INFO - [2022-01-17 19:49:40,002] {dag.py:2396} INFO - Sync 1 DAGs
[2022-01-17 19:49:40,022] {logging_mixin.py:109} INFO - [2022-01-17 19:49:40,022] {dag.py:2928} INFO - Setting next_dagrun for cpp_workflow to 2022-01-17T00:00:00+00:00
[2022-01-17 19:49:40,034] {processor.py:171} INFO - Processing /opt/airflow/dags/first_dag.py took 0.901 seconds
[2022-01-17 19:50:10,497] {processor.py:163} INFO - Started process (PID=2578) to work on /opt/airflow/dags/first_dag.py
[2022-01-17 19:50:10,498] {processor.py:625} INFO - Processing file /opt/airflow/dags/first_dag.py for tasks to queue
[2022-01-17 19:50:10,499] {logging_mixin.py:109} INFO - [2022-01-17 19:50:10,499] {dagbag.py:500} INFO - Filling up the DagBag from /opt/airflow/dags/first_dag.py
[2022-01-17 19:50:11,134] {processor.py:637} INFO - DAG(s) dict_keys(['cpp_workflow']) retrieved from /opt/airflow/dags/first_dag.py
[2022-01-17 19:50:11,158] {logging_mixin.py:109} INFO - [2022-01-17 19:50:11,156] {dag.py:2396} INFO - Sync 1 DAGs
[2022-01-17 19:50:11,181] {logging_mixin.py:109} INFO - [2022-01-17 19:50:11,181] {dag.py:2928} INFO - Setting next_dagrun for cpp_workflow to 2022-01-17T00:00:00+00:00
[2022-01-17 19:50:11,196] {processor.py:171} INFO - Processing /opt/airflow/dags/first_dag.py took 0.703 seconds
[2022-01-17 19:50:41,536] {processor.py:163} INFO - Started process (PID=2649) to work on /opt/airflow/dags/first_dag.py
[2022-01-17 19:50:41,538] {processor.py:625} INFO - Processing file /opt/airflow/dags/first_dag.py for tasks to queue
[2022-01-17 19:50:41,540] {logging_mixin.py:109} INFO - [2022-01-17 19:50:41,540] {dagbag.py:500} INFO - Filling up the DagBag from /opt/airflow/dags/first_dag.py
[2022-01-17 19:50:42,388] {processor.py:637} INFO - DAG(s) dict_keys(['cpp_workflow']) retrieved from /opt/airflow/dags/first_dag.py
[2022-01-17 19:50:42,413] {logging_mixin.py:109} INFO - [2022-01-17 19:50:42,411] {dag.py:2396} INFO - Sync 1 DAGs
[2022-01-17 19:50:42,438] {logging_mixin.py:109} INFO - [2022-01-17 19:50:42,438] {dag.py:2928} INFO - Setting next_dagrun for cpp_workflow to 2022-01-17T00:00:00+00:00
[2022-01-17 19:50:42,452] {processor.py:171} INFO - Processing /opt/airflow/dags/first_dag.py took 0.923 seconds
[2022-01-17 19:51:13,226] {processor.py:163} INFO - Started process (PID=2710) to work on /opt/airflow/dags/first_dag.py
[2022-01-17 19:51:13,230] {processor.py:625} INFO - Processing file /opt/airflow/dags/first_dag.py for tasks to queue
[2022-01-17 19:51:13,233] {logging_mixin.py:109} INFO - [2022-01-17 19:51:13,233] {dagbag.py:500} INFO - Filling up the DagBag from /opt/airflow/dags/first_dag.py
[2022-01-17 19:51:13,931] {processor.py:637} INFO - DAG(s) dict_keys(['cpp_workflow']) retrieved from /opt/airflow/dags/first_dag.py
[2022-01-17 19:51:13,948] {logging_mixin.py:109} INFO - [2022-01-17 19:51:13,947] {dag.py:2396} INFO - Sync 1 DAGs
[2022-01-17 19:51:13,967] {logging_mixin.py:109} INFO - [2022-01-17 19:51:13,967] {dag.py:2928} INFO - Setting next_dagrun for cpp_workflow to 2022-01-17T00:00:00+00:00
[2022-01-17 19:51:13,980] {processor.py:171} INFO - Processing /opt/airflow/dags/first_dag.py took 0.762 seconds
[2022-01-17 19:51:44,469] {processor.py:163} INFO - Started process (PID=2771) to work on /opt/airflow/dags/first_dag.py
[2022-01-17 19:51:44,471] {processor.py:625} INFO - Processing file /opt/airflow/dags/first_dag.py for tasks to queue
[2022-01-17 19:51:44,472] {logging_mixin.py:109} INFO - [2022-01-17 19:51:44,472] {dagbag.py:500} INFO - Filling up the DagBag from /opt/airflow/dags/first_dag.py
[2022-01-17 19:51:45,352] {processor.py:637} INFO - DAG(s) dict_keys(['cpp_workflow']) retrieved from /opt/airflow/dags/first_dag.py
[2022-01-17 19:51:45,398] {logging_mixin.py:109} INFO - [2022-01-17 19:51:45,396] {dag.py:2396} INFO - Sync 1 DAGs
[2022-01-17 19:51:45,454] {logging_mixin.py:109} INFO - [2022-01-17 19:51:45,453] {dag.py:2928} INFO - Setting next_dagrun for cpp_workflow to 2022-01-17T00:00:00+00:00
[2022-01-17 19:51:45,487] {processor.py:171} INFO - Processing /opt/airflow/dags/first_dag.py took 1.022 seconds
[2022-01-17 19:52:16,001] {processor.py:163} INFO - Started process (PID=2835) to work on /opt/airflow/dags/first_dag.py
[2022-01-17 19:52:16,003] {processor.py:625} INFO - Processing file /opt/airflow/dags/first_dag.py for tasks to queue
[2022-01-17 19:52:16,004] {logging_mixin.py:109} INFO - [2022-01-17 19:52:16,004] {dagbag.py:500} INFO - Filling up the DagBag from /opt/airflow/dags/first_dag.py
[2022-01-17 19:52:16,627] {processor.py:637} INFO - DAG(s) dict_keys(['cpp_workflow']) retrieved from /opt/airflow/dags/first_dag.py
[2022-01-17 19:52:16,643] {logging_mixin.py:109} INFO - [2022-01-17 19:52:16,641] {dag.py:2396} INFO - Sync 1 DAGs
[2022-01-17 19:52:16,662] {logging_mixin.py:109} INFO - [2022-01-17 19:52:16,662] {dag.py:2928} INFO - Setting next_dagrun for cpp_workflow to 2022-01-17T00:00:00+00:00
[2022-01-17 19:52:16,674] {processor.py:171} INFO - Processing /opt/airflow/dags/first_dag.py took 0.676 seconds
[2022-01-17 19:52:47,069] {processor.py:163} INFO - Started process (PID=2905) to work on /opt/airflow/dags/first_dag.py
[2022-01-17 19:52:47,073] {processor.py:625} INFO - Processing file /opt/airflow/dags/first_dag.py for tasks to queue
[2022-01-17 19:52:47,076] {logging_mixin.py:109} INFO - [2022-01-17 19:52:47,076] {dagbag.py:500} INFO - Filling up the DagBag from /opt/airflow/dags/first_dag.py
[2022-01-17 19:52:47,912] {processor.py:637} INFO - DAG(s) dict_keys(['cpp_workflow']) retrieved from /opt/airflow/dags/first_dag.py
[2022-01-17 19:52:47,939] {logging_mixin.py:109} INFO - [2022-01-17 19:52:47,938] {dag.py:2396} INFO - Sync 1 DAGs
[2022-01-17 19:52:47,966] {logging_mixin.py:109} INFO - [2022-01-17 19:52:47,966] {dag.py:2928} INFO - Setting next_dagrun for cpp_workflow to 2022-01-17T00:00:00+00:00
[2022-01-17 19:52:47,982] {processor.py:171} INFO - Processing /opt/airflow/dags/first_dag.py took 0.923 seconds
[2022-01-17 19:53:18,340] {processor.py:163} INFO - Started process (PID=2965) to work on /opt/airflow/dags/first_dag.py
[2022-01-17 19:53:18,342] {processor.py:625} INFO - Processing file /opt/airflow/dags/first_dag.py for tasks to queue
[2022-01-17 19:53:18,344] {logging_mixin.py:109} INFO - [2022-01-17 19:53:18,343] {dagbag.py:500} INFO - Filling up the DagBag from /opt/airflow/dags/first_dag.py
[2022-01-17 19:53:19,034] {processor.py:637} INFO - DAG(s) dict_keys(['cpp_workflow']) retrieved from /opt/airflow/dags/first_dag.py
[2022-01-17 19:53:19,068] {logging_mixin.py:109} INFO - [2022-01-17 19:53:19,066] {dag.py:2396} INFO - Sync 1 DAGs
[2022-01-17 19:53:19,105] {logging_mixin.py:109} INFO - [2022-01-17 19:53:19,105] {dag.py:2928} INFO - Setting next_dagrun for cpp_workflow to 2022-01-17T00:00:00+00:00
[2022-01-17 19:53:19,131] {processor.py:171} INFO - Processing /opt/airflow/dags/first_dag.py took 0.796 seconds
[2022-01-17 19:53:49,432] {processor.py:163} INFO - Started process (PID=3027) to work on /opt/airflow/dags/first_dag.py
[2022-01-17 19:53:49,434] {processor.py:625} INFO - Processing file /opt/airflow/dags/first_dag.py for tasks to queue
[2022-01-17 19:53:49,435] {logging_mixin.py:109} INFO - [2022-01-17 19:53:49,434] {dagbag.py:500} INFO - Filling up the DagBag from /opt/airflow/dags/first_dag.py
[2022-01-17 19:53:50,383] {processor.py:637} INFO - DAG(s) dict_keys(['cpp_workflow']) retrieved from /opt/airflow/dags/first_dag.py
[2022-01-17 19:53:50,413] {logging_mixin.py:109} INFO - [2022-01-17 19:53:50,411] {dag.py:2396} INFO - Sync 1 DAGs
[2022-01-17 19:53:50,460] {logging_mixin.py:109} INFO - [2022-01-17 19:53:50,460] {dag.py:2928} INFO - Setting next_dagrun for cpp_workflow to 2022-01-17T00:00:00+00:00
[2022-01-17 19:53:50,493] {processor.py:171} INFO - Processing /opt/airflow/dags/first_dag.py took 1.064 seconds
[2022-01-17 19:54:21,086] {processor.py:163} INFO - Started process (PID=3088) to work on /opt/airflow/dags/first_dag.py
[2022-01-17 19:54:21,088] {processor.py:625} INFO - Processing file /opt/airflow/dags/first_dag.py for tasks to queue
[2022-01-17 19:54:21,089] {logging_mixin.py:109} INFO - [2022-01-17 19:54:21,089] {dagbag.py:500} INFO - Filling up the DagBag from /opt/airflow/dags/first_dag.py
[2022-01-17 19:54:21,914] {processor.py:637} INFO - DAG(s) dict_keys(['cpp_workflow']) retrieved from /opt/airflow/dags/first_dag.py
[2022-01-17 19:54:21,939] {logging_mixin.py:109} INFO - [2022-01-17 19:54:21,938] {dag.py:2396} INFO - Sync 1 DAGs
[2022-01-17 19:54:21,970] {logging_mixin.py:109} INFO - [2022-01-17 19:54:21,970] {dag.py:2928} INFO - Setting next_dagrun for cpp_workflow to 2022-01-17T00:00:00+00:00
[2022-01-17 19:54:21,987] {processor.py:171} INFO - Processing /opt/airflow/dags/first_dag.py took 0.906 seconds
[2022-01-17 19:54:52,943] {processor.py:163} INFO - Started process (PID=3159) to work on /opt/airflow/dags/first_dag.py
[2022-01-17 19:54:52,946] {processor.py:625} INFO - Processing file /opt/airflow/dags/first_dag.py for tasks to queue
[2022-01-17 19:54:52,947] {logging_mixin.py:109} INFO - [2022-01-17 19:54:52,947] {dagbag.py:500} INFO - Filling up the DagBag from /opt/airflow/dags/first_dag.py
[2022-01-17 19:54:53,719] {processor.py:637} INFO - DAG(s) dict_keys(['cpp_workflow']) retrieved from /opt/airflow/dags/first_dag.py
[2022-01-17 19:54:53,738] {logging_mixin.py:109} INFO - [2022-01-17 19:54:53,736] {dag.py:2396} INFO - Sync 1 DAGs
[2022-01-17 19:54:53,763] {logging_mixin.py:109} INFO - [2022-01-17 19:54:53,763] {dag.py:2928} INFO - Setting next_dagrun for cpp_workflow to 2022-01-17T00:00:00+00:00
[2022-01-17 19:54:53,779] {processor.py:171} INFO - Processing /opt/airflow/dags/first_dag.py took 0.842 seconds
[2022-01-17 19:55:24,206] {processor.py:163} INFO - Started process (PID=3221) to work on /opt/airflow/dags/first_dag.py
[2022-01-17 19:55:24,211] {processor.py:625} INFO - Processing file /opt/airflow/dags/first_dag.py for tasks to queue
[2022-01-17 19:55:24,214] {logging_mixin.py:109} INFO - [2022-01-17 19:55:24,214] {dagbag.py:500} INFO - Filling up the DagBag from /opt/airflow/dags/first_dag.py
[2022-01-17 19:55:24,934] {processor.py:637} INFO - DAG(s) dict_keys(['cpp_workflow']) retrieved from /opt/airflow/dags/first_dag.py
[2022-01-17 19:55:24,950] {logging_mixin.py:109} INFO - [2022-01-17 19:55:24,949] {dag.py:2396} INFO - Sync 1 DAGs
[2022-01-17 19:55:24,968] {logging_mixin.py:109} INFO - [2022-01-17 19:55:24,968] {dag.py:2928} INFO - Setting next_dagrun for cpp_workflow to 2022-01-17T00:00:00+00:00
[2022-01-17 19:55:24,980] {processor.py:171} INFO - Processing /opt/airflow/dags/first_dag.py took 0.789 seconds
[2022-01-17 19:55:55,156] {processor.py:163} INFO - Started process (PID=3284) to work on /opt/airflow/dags/first_dag.py
[2022-01-17 19:55:55,161] {processor.py:625} INFO - Processing file /opt/airflow/dags/first_dag.py for tasks to queue
[2022-01-17 19:55:55,165] {logging_mixin.py:109} INFO - [2022-01-17 19:55:55,164] {dagbag.py:500} INFO - Filling up the DagBag from /opt/airflow/dags/first_dag.py
[2022-01-17 19:55:55,927] {processor.py:637} INFO - DAG(s) dict_keys(['cpp_workflow']) retrieved from /opt/airflow/dags/first_dag.py
[2022-01-17 19:55:55,946] {logging_mixin.py:109} INFO - [2022-01-17 19:55:55,945] {dag.py:2396} INFO - Sync 1 DAGs
[2022-01-17 19:55:55,966] {logging_mixin.py:109} INFO - [2022-01-17 19:55:55,966] {dag.py:2928} INFO - Setting next_dagrun for cpp_workflow to 2022-01-17T00:00:00+00:00
[2022-01-17 19:55:55,976] {processor.py:171} INFO - Processing /opt/airflow/dags/first_dag.py took 0.834 seconds
[2022-01-17 19:56:26,521] {processor.py:163} INFO - Started process (PID=3347) to work on /opt/airflow/dags/first_dag.py
[2022-01-17 19:56:26,522] {processor.py:625} INFO - Processing file /opt/airflow/dags/first_dag.py for tasks to queue
[2022-01-17 19:56:26,524] {logging_mixin.py:109} INFO - [2022-01-17 19:56:26,523] {dagbag.py:500} INFO - Filling up the DagBag from /opt/airflow/dags/first_dag.py
[2022-01-17 19:56:27,784] {processor.py:637} INFO - DAG(s) dict_keys(['cpp_workflow']) retrieved from /opt/airflow/dags/first_dag.py
[2022-01-17 19:56:27,806] {logging_mixin.py:109} INFO - [2022-01-17 19:56:27,805] {dag.py:2396} INFO - Sync 1 DAGs
[2022-01-17 19:56:27,833] {logging_mixin.py:109} INFO - [2022-01-17 19:56:27,833] {dag.py:2928} INFO - Setting next_dagrun for cpp_workflow to 2022-01-17T00:00:00+00:00
[2022-01-17 19:56:27,847] {processor.py:171} INFO - Processing /opt/airflow/dags/first_dag.py took 1.330 seconds
[2022-01-17 19:56:58,355] {processor.py:163} INFO - Started process (PID=3418) to work on /opt/airflow/dags/first_dag.py
[2022-01-17 19:56:58,359] {processor.py:625} INFO - Processing file /opt/airflow/dags/first_dag.py for tasks to queue
[2022-01-17 19:56:58,361] {logging_mixin.py:109} INFO - [2022-01-17 19:56:58,360] {dagbag.py:500} INFO - Filling up the DagBag from /opt/airflow/dags/first_dag.py
[2022-01-17 19:56:59,108] {processor.py:637} INFO - DAG(s) dict_keys(['cpp_workflow']) retrieved from /opt/airflow/dags/first_dag.py
[2022-01-17 19:56:59,128] {logging_mixin.py:109} INFO - [2022-01-17 19:56:59,127] {dag.py:2396} INFO - Sync 1 DAGs
[2022-01-17 19:56:59,151] {logging_mixin.py:109} INFO - [2022-01-17 19:56:59,151] {dag.py:2928} INFO - Setting next_dagrun for cpp_workflow to 2022-01-17T00:00:00+00:00
[2022-01-17 19:56:59,166] {processor.py:171} INFO - Processing /opt/airflow/dags/first_dag.py took 0.821 seconds
[2022-01-17 19:57:30,107] {processor.py:163} INFO - Started process (PID=3482) to work on /opt/airflow/dags/first_dag.py
[2022-01-17 19:57:30,111] {processor.py:625} INFO - Processing file /opt/airflow/dags/first_dag.py for tasks to queue
[2022-01-17 19:57:30,114] {logging_mixin.py:109} INFO - [2022-01-17 19:57:30,114] {dagbag.py:500} INFO - Filling up the DagBag from /opt/airflow/dags/first_dag.py
[2022-01-17 19:57:30,994] {processor.py:637} INFO - DAG(s) dict_keys(['cpp_workflow']) retrieved from /opt/airflow/dags/first_dag.py
[2022-01-17 19:57:31,011] {logging_mixin.py:109} INFO - [2022-01-17 19:57:31,009] {dag.py:2396} INFO - Sync 1 DAGs
[2022-01-17 19:57:31,029] {logging_mixin.py:109} INFO - [2022-01-17 19:57:31,029] {dag.py:2928} INFO - Setting next_dagrun for cpp_workflow to 2022-01-17T00:00:00+00:00
[2022-01-17 19:57:31,041] {processor.py:171} INFO - Processing /opt/airflow/dags/first_dag.py took 0.946 seconds
[2022-01-17 19:58:01,501] {processor.py:163} INFO - Started process (PID=3543) to work on /opt/airflow/dags/first_dag.py
[2022-01-17 19:58:01,503] {processor.py:625} INFO - Processing file /opt/airflow/dags/first_dag.py for tasks to queue
[2022-01-17 19:58:01,504] {logging_mixin.py:109} INFO - [2022-01-17 19:58:01,504] {dagbag.py:500} INFO - Filling up the DagBag from /opt/airflow/dags/first_dag.py
[2022-01-17 19:58:02,280] {processor.py:637} INFO - DAG(s) dict_keys(['cpp_workflow']) retrieved from /opt/airflow/dags/first_dag.py
[2022-01-17 19:58:02,298] {logging_mixin.py:109} INFO - [2022-01-17 19:58:02,297] {dag.py:2396} INFO - Sync 1 DAGs
[2022-01-17 19:58:02,321] {logging_mixin.py:109} INFO - [2022-01-17 19:58:02,320] {dag.py:2928} INFO - Setting next_dagrun for cpp_workflow to 2022-01-17T00:00:00+00:00
[2022-01-17 19:58:02,333] {processor.py:171} INFO - Processing /opt/airflow/dags/first_dag.py took 0.835 seconds
[2022-01-17 19:58:33,301] {processor.py:163} INFO - Started process (PID=3605) to work on /opt/airflow/dags/first_dag.py
[2022-01-17 19:58:33,303] {processor.py:625} INFO - Processing file /opt/airflow/dags/first_dag.py for tasks to queue
[2022-01-17 19:58:33,306] {logging_mixin.py:109} INFO - [2022-01-17 19:58:33,306] {dagbag.py:500} INFO - Filling up the DagBag from /opt/airflow/dags/first_dag.py
[2022-01-17 19:58:33,997] {processor.py:637} INFO - DAG(s) dict_keys(['cpp_workflow']) retrieved from /opt/airflow/dags/first_dag.py
[2022-01-17 19:58:34,024] {logging_mixin.py:109} INFO - [2022-01-17 19:58:34,022] {dag.py:2396} INFO - Sync 1 DAGs
[2022-01-17 19:58:34,048] {logging_mixin.py:109} INFO - [2022-01-17 19:58:34,048] {dag.py:2928} INFO - Setting next_dagrun for cpp_workflow to 2022-01-17T00:00:00+00:00
[2022-01-17 19:58:34,061] {processor.py:171} INFO - Processing /opt/airflow/dags/first_dag.py took 0.774 seconds
[2022-01-17 19:59:04,675] {processor.py:163} INFO - Started process (PID=3675) to work on /opt/airflow/dags/first_dag.py
[2022-01-17 19:59:04,678] {processor.py:625} INFO - Processing file /opt/airflow/dags/first_dag.py for tasks to queue
[2022-01-17 19:59:04,680] {logging_mixin.py:109} INFO - [2022-01-17 19:59:04,679] {dagbag.py:500} INFO - Filling up the DagBag from /opt/airflow/dags/first_dag.py
[2022-01-17 19:59:05,651] {processor.py:637} INFO - DAG(s) dict_keys(['cpp_workflow']) retrieved from /opt/airflow/dags/first_dag.py
[2022-01-17 19:59:05,667] {logging_mixin.py:109} INFO - [2022-01-17 19:59:05,666] {dag.py:2396} INFO - Sync 1 DAGs
[2022-01-17 19:59:05,685] {logging_mixin.py:109} INFO - [2022-01-17 19:59:05,685] {dag.py:2928} INFO - Setting next_dagrun for cpp_workflow to 2022-01-17T00:00:00+00:00
[2022-01-17 19:59:05,697] {processor.py:171} INFO - Processing /opt/airflow/dags/first_dag.py took 1.028 seconds
[2022-01-17 19:59:36,284] {processor.py:163} INFO - Started process (PID=3737) to work on /opt/airflow/dags/first_dag.py
[2022-01-17 19:59:36,287] {processor.py:625} INFO - Processing file /opt/airflow/dags/first_dag.py for tasks to queue
[2022-01-17 19:59:36,288] {logging_mixin.py:109} INFO - [2022-01-17 19:59:36,288] {dagbag.py:500} INFO - Filling up the DagBag from /opt/airflow/dags/first_dag.py
[2022-01-17 19:59:37,073] {processor.py:637} INFO - DAG(s) dict_keys(['cpp_workflow']) retrieved from /opt/airflow/dags/first_dag.py
[2022-01-17 19:59:37,091] {logging_mixin.py:109} INFO - [2022-01-17 19:59:37,089] {dag.py:2396} INFO - Sync 1 DAGs
[2022-01-17 19:59:37,111] {logging_mixin.py:109} INFO - [2022-01-17 19:59:37,111] {dag.py:2928} INFO - Setting next_dagrun for cpp_workflow to 2022-01-17T00:00:00+00:00
[2022-01-17 19:59:37,125] {processor.py:171} INFO - Processing /opt/airflow/dags/first_dag.py took 0.847 seconds
[2022-01-17 20:00:07,997] {processor.py:163} INFO - Started process (PID=3799) to work on /opt/airflow/dags/first_dag.py
[2022-01-17 20:00:07,999] {processor.py:625} INFO - Processing file /opt/airflow/dags/first_dag.py for tasks to queue
[2022-01-17 20:00:08,000] {logging_mixin.py:109} INFO - [2022-01-17 20:00:08,000] {dagbag.py:500} INFO - Filling up the DagBag from /opt/airflow/dags/first_dag.py
[2022-01-17 20:00:08,612] {processor.py:637} INFO - DAG(s) dict_keys(['cpp_workflow']) retrieved from /opt/airflow/dags/first_dag.py
[2022-01-17 20:00:08,629] {logging_mixin.py:109} INFO - [2022-01-17 20:00:08,628] {dag.py:2396} INFO - Sync 1 DAGs
[2022-01-17 20:00:08,650] {logging_mixin.py:109} INFO - [2022-01-17 20:00:08,649] {dag.py:2928} INFO - Setting next_dagrun for cpp_workflow to 2022-01-17T00:00:00+00:00
[2022-01-17 20:00:08,775] {processor.py:171} INFO - Processing /opt/airflow/dags/first_dag.py took 0.783 seconds
[2022-01-17 20:00:38,838] {processor.py:163} INFO - Started process (PID=3869) to work on /opt/airflow/dags/first_dag.py
[2022-01-17 20:00:38,840] {processor.py:625} INFO - Processing file /opt/airflow/dags/first_dag.py for tasks to queue
[2022-01-17 20:00:38,841] {logging_mixin.py:109} INFO - [2022-01-17 20:00:38,841] {dagbag.py:500} INFO - Filling up the DagBag from /opt/airflow/dags/first_dag.py
[2022-01-17 20:00:39,614] {processor.py:637} INFO - DAG(s) dict_keys(['cpp_workflow']) retrieved from /opt/airflow/dags/first_dag.py
[2022-01-17 20:00:39,636] {logging_mixin.py:109} INFO - [2022-01-17 20:00:39,635] {dag.py:2396} INFO - Sync 1 DAGs
[2022-01-17 20:00:39,663] {logging_mixin.py:109} INFO - [2022-01-17 20:00:39,662] {dag.py:2928} INFO - Setting next_dagrun for cpp_workflow to 2022-01-17T00:00:00+00:00
[2022-01-17 20:00:39,786] {processor.py:171} INFO - Processing /opt/airflow/dags/first_dag.py took 0.953 seconds
[2022-01-17 20:01:10,332] {processor.py:163} INFO - Started process (PID=3932) to work on /opt/airflow/dags/first_dag.py
[2022-01-17 20:01:10,335] {processor.py:625} INFO - Processing file /opt/airflow/dags/first_dag.py for tasks to queue
[2022-01-17 20:01:10,337] {logging_mixin.py:109} INFO - [2022-01-17 20:01:10,337] {dagbag.py:500} INFO - Filling up the DagBag from /opt/airflow/dags/first_dag.py
[2022-01-17 20:01:11,203] {processor.py:637} INFO - DAG(s) dict_keys(['cpp_workflow']) retrieved from /opt/airflow/dags/first_dag.py
[2022-01-17 20:01:11,221] {logging_mixin.py:109} INFO - [2022-01-17 20:01:11,220] {dag.py:2396} INFO - Sync 1 DAGs
[2022-01-17 20:01:11,343] {logging_mixin.py:109} INFO - [2022-01-17 20:01:11,342] {dag.py:2928} INFO - Setting next_dagrun for cpp_workflow to 2022-01-17T00:00:00+00:00
[2022-01-17 20:01:11,358] {processor.py:171} INFO - Processing /opt/airflow/dags/first_dag.py took 1.032 seconds
[2022-01-17 20:01:41,768] {processor.py:163} INFO - Started process (PID=3996) to work on /opt/airflow/dags/first_dag.py
[2022-01-17 20:01:41,770] {processor.py:625} INFO - Processing file /opt/airflow/dags/first_dag.py for tasks to queue
[2022-01-17 20:01:41,771] {logging_mixin.py:109} INFO - [2022-01-17 20:01:41,771] {dagbag.py:500} INFO - Filling up the DagBag from /opt/airflow/dags/first_dag.py
[2022-01-17 20:01:42,605] {processor.py:637} INFO - DAG(s) dict_keys(['cpp_workflow']) retrieved from /opt/airflow/dags/first_dag.py
[2022-01-17 20:01:42,624] {logging_mixin.py:109} INFO - [2022-01-17 20:01:42,623] {dag.py:2396} INFO - Sync 1 DAGs
[2022-01-17 20:01:42,766] {logging_mixin.py:109} INFO - [2022-01-17 20:01:42,766] {dag.py:2928} INFO - Setting next_dagrun for cpp_workflow to 2022-01-17T00:00:00+00:00
[2022-01-17 20:01:42,781] {processor.py:171} INFO - Processing /opt/airflow/dags/first_dag.py took 1.018 seconds
[2022-01-17 20:02:13,232] {processor.py:163} INFO - Started process (PID=4059) to work on /opt/airflow/dags/first_dag.py
[2022-01-17 20:02:13,234] {processor.py:625} INFO - Processing file /opt/airflow/dags/first_dag.py for tasks to queue
[2022-01-17 20:02:13,235] {logging_mixin.py:109} INFO - [2022-01-17 20:02:13,235] {dagbag.py:500} INFO - Filling up the DagBag from /opt/airflow/dags/first_dag.py
[2022-01-17 20:02:14,421] {processor.py:637} INFO - DAG(s) dict_keys(['cpp_workflow']) retrieved from /opt/airflow/dags/first_dag.py
[2022-01-17 20:02:14,445] {logging_mixin.py:109} INFO - [2022-01-17 20:02:14,443] {dag.py:2396} INFO - Sync 1 DAGs
[2022-01-17 20:02:14,575] {logging_mixin.py:109} INFO - [2022-01-17 20:02:14,575] {dag.py:2928} INFO - Setting next_dagrun for cpp_workflow to 2022-01-17T00:00:00+00:00
[2022-01-17 20:02:14,589] {processor.py:171} INFO - Processing /opt/airflow/dags/first_dag.py took 1.361 seconds
[2022-01-17 20:02:45,091] {processor.py:163} INFO - Started process (PID=4123) to work on /opt/airflow/dags/first_dag.py
[2022-01-17 20:02:45,093] {processor.py:625} INFO - Processing file /opt/airflow/dags/first_dag.py for tasks to queue
[2022-01-17 20:02:45,094] {logging_mixin.py:109} INFO - [2022-01-17 20:02:45,094] {dagbag.py:500} INFO - Filling up the DagBag from /opt/airflow/dags/first_dag.py
[2022-01-17 20:02:45,767] {processor.py:637} INFO - DAG(s) dict_keys(['cpp_workflow']) retrieved from /opt/airflow/dags/first_dag.py
[2022-01-17 20:02:45,887] {logging_mixin.py:109} INFO - [2022-01-17 20:02:45,887] {dag.py:2396} INFO - Sync 1 DAGs
[2022-01-17 20:02:45,907] {logging_mixin.py:109} INFO - [2022-01-17 20:02:45,907] {dag.py:2928} INFO - Setting next_dagrun for cpp_workflow to 2022-01-17T00:00:00+00:00
[2022-01-17 20:02:45,918] {processor.py:171} INFO - Processing /opt/airflow/dags/first_dag.py took 0.837 seconds
[2022-01-17 20:03:16,178] {processor.py:163} INFO - Started process (PID=4194) to work on /opt/airflow/dags/first_dag.py
[2022-01-17 20:03:16,180] {processor.py:625} INFO - Processing file /opt/airflow/dags/first_dag.py for tasks to queue
[2022-01-17 20:03:16,181] {logging_mixin.py:109} INFO - [2022-01-17 20:03:16,181] {dagbag.py:500} INFO - Filling up the DagBag from /opt/airflow/dags/first_dag.py
[2022-01-17 20:03:17,209] {processor.py:637} INFO - DAG(s) dict_keys(['cpp_workflow']) retrieved from /opt/airflow/dags/first_dag.py
[2022-01-17 20:03:17,328] {logging_mixin.py:109} INFO - [2022-01-17 20:03:17,328] {dag.py:2396} INFO - Sync 1 DAGs
[2022-01-17 20:03:17,348] {logging_mixin.py:109} INFO - [2022-01-17 20:03:17,348] {dag.py:2928} INFO - Setting next_dagrun for cpp_workflow to 2022-01-17T00:00:00+00:00
[2022-01-17 20:03:17,359] {processor.py:171} INFO - Processing /opt/airflow/dags/first_dag.py took 1.187 seconds
[2022-01-17 20:03:48,016] {processor.py:163} INFO - Started process (PID=4255) to work on /opt/airflow/dags/first_dag.py
[2022-01-17 20:03:48,018] {processor.py:625} INFO - Processing file /opt/airflow/dags/first_dag.py for tasks to queue
[2022-01-17 20:03:48,019] {logging_mixin.py:109} INFO - [2022-01-17 20:03:48,019] {dagbag.py:500} INFO - Filling up the DagBag from /opt/airflow/dags/first_dag.py
[2022-01-17 20:03:48,633] {processor.py:637} INFO - DAG(s) dict_keys(['cpp_workflow']) retrieved from /opt/airflow/dags/first_dag.py
[2022-01-17 20:03:48,744] {logging_mixin.py:109} INFO - [2022-01-17 20:03:48,744] {dag.py:2396} INFO - Sync 1 DAGs
[2022-01-17 20:03:48,767] {logging_mixin.py:109} INFO - [2022-01-17 20:03:48,767] {dag.py:2928} INFO - Setting next_dagrun for cpp_workflow to 2022-01-17T00:00:00+00:00
[2022-01-17 20:03:48,779] {processor.py:171} INFO - Processing /opt/airflow/dags/first_dag.py took 0.769 seconds
[2022-01-17 20:04:19,274] {processor.py:163} INFO - Started process (PID=4319) to work on /opt/airflow/dags/first_dag.py
[2022-01-17 20:04:19,280] {processor.py:625} INFO - Processing file /opt/airflow/dags/first_dag.py for tasks to queue
[2022-01-17 20:04:19,283] {logging_mixin.py:109} INFO - [2022-01-17 20:04:19,283] {dagbag.py:500} INFO - Filling up the DagBag from /opt/airflow/dags/first_dag.py
[2022-01-17 20:04:20,413] {processor.py:637} INFO - DAG(s) dict_keys(['cpp_workflow']) retrieved from /opt/airflow/dags/first_dag.py
[2022-01-17 20:04:20,427] {logging_mixin.py:109} INFO - [2022-01-17 20:04:20,427] {dag.py:2396} INFO - Sync 1 DAGs
[2022-01-17 20:04:20,447] {logging_mixin.py:109} INFO - [2022-01-17 20:04:20,447] {dag.py:2928} INFO - Setting next_dagrun for cpp_workflow to 2022-01-17T00:00:00+00:00
[2022-01-17 20:04:20,460] {processor.py:171} INFO - Processing /opt/airflow/dags/first_dag.py took 1.203 seconds
[2022-01-17 20:04:51,256] {processor.py:163} INFO - Started process (PID=4390) to work on /opt/airflow/dags/first_dag.py
[2022-01-17 20:04:51,258] {processor.py:625} INFO - Processing file /opt/airflow/dags/first_dag.py for tasks to queue
[2022-01-17 20:04:51,259] {logging_mixin.py:109} INFO - [2022-01-17 20:04:51,259] {dagbag.py:500} INFO - Filling up the DagBag from /opt/airflow/dags/first_dag.py
[2022-01-17 20:04:52,035] {processor.py:637} INFO - DAG(s) dict_keys(['cpp_workflow']) retrieved from /opt/airflow/dags/first_dag.py
[2022-01-17 20:04:52,055] {logging_mixin.py:109} INFO - [2022-01-17 20:04:52,055] {dag.py:2396} INFO - Sync 1 DAGs
[2022-01-17 20:04:52,079] {logging_mixin.py:109} INFO - [2022-01-17 20:04:52,079] {dag.py:2928} INFO - Setting next_dagrun for cpp_workflow to 2022-01-17T00:00:00+00:00
[2022-01-17 20:04:52,099] {processor.py:171} INFO - Processing /opt/airflow/dags/first_dag.py took 0.847 seconds
[2022-01-17 20:05:22,723] {processor.py:163} INFO - Started process (PID=4453) to work on /opt/airflow/dags/first_dag.py
[2022-01-17 20:05:22,726] {processor.py:625} INFO - Processing file /opt/airflow/dags/first_dag.py for tasks to queue
[2022-01-17 20:05:22,728] {logging_mixin.py:109} INFO - [2022-01-17 20:05:22,727] {dagbag.py:500} INFO - Filling up the DagBag from /opt/airflow/dags/first_dag.py
[2022-01-17 20:05:23,502] {processor.py:637} INFO - DAG(s) dict_keys(['cpp_workflow']) retrieved from /opt/airflow/dags/first_dag.py
[2022-01-17 20:05:23,519] {logging_mixin.py:109} INFO - [2022-01-17 20:05:23,519] {dag.py:2396} INFO - Sync 1 DAGs
[2022-01-17 20:05:23,546] {logging_mixin.py:109} INFO - [2022-01-17 20:05:23,546] {dag.py:2928} INFO - Setting next_dagrun for cpp_workflow to 2022-01-17T00:00:00+00:00
[2022-01-17 20:05:23,561] {processor.py:171} INFO - Processing /opt/airflow/dags/first_dag.py took 0.844 seconds
[2022-01-17 20:05:54,195] {processor.py:163} INFO - Started process (PID=4514) to work on /opt/airflow/dags/first_dag.py
[2022-01-17 20:05:54,199] {processor.py:625} INFO - Processing file /opt/airflow/dags/first_dag.py for tasks to queue
[2022-01-17 20:05:54,201] {logging_mixin.py:109} INFO - [2022-01-17 20:05:54,201] {dagbag.py:500} INFO - Filling up the DagBag from /opt/airflow/dags/first_dag.py
[2022-01-17 20:05:55,219] {processor.py:637} INFO - DAG(s) dict_keys(['cpp_workflow']) retrieved from /opt/airflow/dags/first_dag.py
[2022-01-17 20:05:55,260] {logging_mixin.py:109} INFO - [2022-01-17 20:05:55,257] {dag.py:2396} INFO - Sync 1 DAGs
[2022-01-17 20:05:55,301] {logging_mixin.py:109} INFO - [2022-01-17 20:05:55,301] {dag.py:2928} INFO - Setting next_dagrun for cpp_workflow to 2022-01-17T00:00:00+00:00
[2022-01-17 20:05:55,315] {processor.py:171} INFO - Processing /opt/airflow/dags/first_dag.py took 1.125 seconds
[2022-01-17 20:06:25,401] {processor.py:163} INFO - Started process (PID=4575) to work on /opt/airflow/dags/first_dag.py
[2022-01-17 20:06:25,406] {processor.py:625} INFO - Processing file /opt/airflow/dags/first_dag.py for tasks to queue
[2022-01-17 20:06:25,409] {logging_mixin.py:109} INFO - [2022-01-17 20:06:25,409] {dagbag.py:500} INFO - Filling up the DagBag from /opt/airflow/dags/first_dag.py
[2022-01-17 20:06:26,161] {processor.py:637} INFO - DAG(s) dict_keys(['cpp_workflow']) retrieved from /opt/airflow/dags/first_dag.py
[2022-01-17 20:06:26,179] {logging_mixin.py:109} INFO - [2022-01-17 20:06:26,178] {dag.py:2396} INFO - Sync 1 DAGs
[2022-01-17 20:06:26,198] {logging_mixin.py:109} INFO - [2022-01-17 20:06:26,198] {dag.py:2928} INFO - Setting next_dagrun for cpp_workflow to 2022-01-17T00:00:00+00:00
[2022-01-17 20:06:26,210] {processor.py:171} INFO - Processing /opt/airflow/dags/first_dag.py took 0.822 seconds
[2022-01-17 20:06:56,345] {processor.py:163} INFO - Started process (PID=4645) to work on /opt/airflow/dags/first_dag.py
[2022-01-17 20:06:56,351] {processor.py:625} INFO - Processing file /opt/airflow/dags/first_dag.py for tasks to queue
[2022-01-17 20:06:56,354] {logging_mixin.py:109} INFO - [2022-01-17 20:06:56,353] {dagbag.py:500} INFO - Filling up the DagBag from /opt/airflow/dags/first_dag.py
[2022-01-17 20:06:57,341] {processor.py:637} INFO - DAG(s) dict_keys(['cpp_workflow']) retrieved from /opt/airflow/dags/first_dag.py
[2022-01-17 20:06:57,372] {logging_mixin.py:109} INFO - [2022-01-17 20:06:57,371] {dag.py:2396} INFO - Sync 1 DAGs
[2022-01-17 20:06:57,402] {logging_mixin.py:109} INFO - [2022-01-17 20:06:57,402] {dag.py:2928} INFO - Setting next_dagrun for cpp_workflow to 2022-01-17T00:00:00+00:00
[2022-01-17 20:06:57,422] {processor.py:171} INFO - Processing /opt/airflow/dags/first_dag.py took 1.092 seconds
[2022-01-17 20:07:27,614] {processor.py:163} INFO - Started process (PID=4709) to work on /opt/airflow/dags/first_dag.py
[2022-01-17 20:07:27,616] {processor.py:625} INFO - Processing file /opt/airflow/dags/first_dag.py for tasks to queue
[2022-01-17 20:07:27,618] {logging_mixin.py:109} INFO - [2022-01-17 20:07:27,617] {dagbag.py:500} INFO - Filling up the DagBag from /opt/airflow/dags/first_dag.py
[2022-01-17 20:07:28,385] {processor.py:637} INFO - DAG(s) dict_keys(['cpp_workflow']) retrieved from /opt/airflow/dags/first_dag.py
[2022-01-17 20:07:28,406] {logging_mixin.py:109} INFO - [2022-01-17 20:07:28,405] {dag.py:2396} INFO - Sync 1 DAGs
[2022-01-17 20:07:28,435] {logging_mixin.py:109} INFO - [2022-01-17 20:07:28,435] {dag.py:2928} INFO - Setting next_dagrun for cpp_workflow to 2022-01-17T00:00:00+00:00
[2022-01-17 20:07:28,453] {processor.py:171} INFO - Processing /opt/airflow/dags/first_dag.py took 0.846 seconds
[2022-01-17 20:07:58,905] {processor.py:163} INFO - Started process (PID=4772) to work on /opt/airflow/dags/first_dag.py
[2022-01-17 20:07:58,907] {processor.py:625} INFO - Processing file /opt/airflow/dags/first_dag.py for tasks to queue
[2022-01-17 20:07:58,909] {logging_mixin.py:109} INFO - [2022-01-17 20:07:58,908] {dagbag.py:500} INFO - Filling up the DagBag from /opt/airflow/dags/first_dag.py
[2022-01-17 20:07:59,843] {processor.py:637} INFO - DAG(s) dict_keys(['cpp_workflow']) retrieved from /opt/airflow/dags/first_dag.py
[2022-01-17 20:07:59,896] {logging_mixin.py:109} INFO - [2022-01-17 20:07:59,893] {dag.py:2396} INFO - Sync 1 DAGs
[2022-01-17 20:07:59,956] {logging_mixin.py:109} INFO - [2022-01-17 20:07:59,956] {dag.py:2928} INFO - Setting next_dagrun for cpp_workflow to 2022-01-17T00:00:00+00:00
[2022-01-17 20:07:59,990] {processor.py:171} INFO - Processing /opt/airflow/dags/first_dag.py took 1.090 seconds
[2022-01-17 20:08:30,696] {processor.py:163} INFO - Started process (PID=4837) to work on /opt/airflow/dags/first_dag.py
[2022-01-17 20:08:30,697] {processor.py:625} INFO - Processing file /opt/airflow/dags/first_dag.py for tasks to queue
[2022-01-17 20:08:30,698] {logging_mixin.py:109} INFO - [2022-01-17 20:08:30,698] {dagbag.py:500} INFO - Filling up the DagBag from /opt/airflow/dags/first_dag.py
[2022-01-17 20:08:31,468] {processor.py:637} INFO - DAG(s) dict_keys(['cpp_workflow']) retrieved from /opt/airflow/dags/first_dag.py
[2022-01-17 20:08:31,523] {logging_mixin.py:109} INFO - [2022-01-17 20:08:31,520] {dag.py:2396} INFO - Sync 1 DAGs
[2022-01-17 20:08:31,586] {logging_mixin.py:109} INFO - [2022-01-17 20:08:31,585] {dag.py:2928} INFO - Setting next_dagrun for cpp_workflow to 2022-01-17T00:00:00+00:00
[2022-01-17 20:08:31,624] {processor.py:171} INFO - Processing /opt/airflow/dags/first_dag.py took 0.932 seconds
[2022-01-17 20:09:01,692] {processor.py:163} INFO - Started process (PID=4903) to work on /opt/airflow/dags/first_dag.py
[2022-01-17 20:09:01,694] {processor.py:625} INFO - Processing file /opt/airflow/dags/first_dag.py for tasks to queue
[2022-01-17 20:09:01,695] {logging_mixin.py:109} INFO - [2022-01-17 20:09:01,695] {dagbag.py:500} INFO - Filling up the DagBag from /opt/airflow/dags/first_dag.py
[2022-01-17 20:09:02,522] {processor.py:637} INFO - DAG(s) dict_keys(['cpp_workflow']) retrieved from /opt/airflow/dags/first_dag.py
[2022-01-17 20:09:02,592] {logging_mixin.py:109} INFO - [2022-01-17 20:09:02,588] {dag.py:2396} INFO - Sync 1 DAGs
[2022-01-17 20:09:02,662] {logging_mixin.py:109} INFO - [2022-01-17 20:09:02,661] {dag.py:2928} INFO - Setting next_dagrun for cpp_workflow to 2022-01-17T00:00:00+00:00
[2022-01-17 20:09:02,692] {processor.py:171} INFO - Processing /opt/airflow/dags/first_dag.py took 1.005 seconds
[2022-01-17 20:09:33,534] {processor.py:163} INFO - Started process (PID=4976) to work on /opt/airflow/dags/first_dag.py
[2022-01-17 20:09:33,536] {processor.py:625} INFO - Processing file /opt/airflow/dags/first_dag.py for tasks to queue
[2022-01-17 20:09:33,537] {logging_mixin.py:109} INFO - [2022-01-17 20:09:33,537] {dagbag.py:500} INFO - Filling up the DagBag from /opt/airflow/dags/first_dag.py
[2022-01-17 20:09:34,305] {processor.py:637} INFO - DAG(s) dict_keys(['cpp_workflow']) retrieved from /opt/airflow/dags/first_dag.py
[2022-01-17 20:09:34,328] {logging_mixin.py:109} INFO - [2022-01-17 20:09:34,326] {dag.py:2396} INFO - Sync 1 DAGs
[2022-01-17 20:09:34,354] {logging_mixin.py:109} INFO - [2022-01-17 20:09:34,354] {dag.py:2928} INFO - Setting next_dagrun for cpp_workflow to 2022-01-17T00:00:00+00:00
[2022-01-17 20:09:34,371] {processor.py:171} INFO - Processing /opt/airflow/dags/first_dag.py took 0.841 seconds
[2022-01-17 20:10:04,753] {processor.py:163} INFO - Started process (PID=5041) to work on /opt/airflow/dags/first_dag.py
[2022-01-17 20:10:04,755] {processor.py:625} INFO - Processing file /opt/airflow/dags/first_dag.py for tasks to queue
[2022-01-17 20:10:04,757] {logging_mixin.py:109} INFO - [2022-01-17 20:10:04,757] {dagbag.py:500} INFO - Filling up the DagBag from /opt/airflow/dags/first_dag.py
[2022-01-17 20:10:06,165] {processor.py:637} INFO - DAG(s) dict_keys(['cpp_workflow']) retrieved from /opt/airflow/dags/first_dag.py
[2022-01-17 20:10:06,202] {logging_mixin.py:109} INFO - [2022-01-17 20:10:06,200] {dag.py:2396} INFO - Sync 1 DAGs
[2022-01-17 20:10:06,229] {logging_mixin.py:109} INFO - [2022-01-17 20:10:06,229] {dag.py:2928} INFO - Setting next_dagrun for cpp_workflow to 2022-01-17T00:00:00+00:00
[2022-01-17 20:10:06,244] {processor.py:171} INFO - Processing /opt/airflow/dags/first_dag.py took 1.498 seconds
[2022-01-17 20:10:36,379] {processor.py:163} INFO - Started process (PID=5105) to work on /opt/airflow/dags/first_dag.py
[2022-01-17 20:10:36,381] {processor.py:625} INFO - Processing file /opt/airflow/dags/first_dag.py for tasks to queue
[2022-01-17 20:10:36,382] {logging_mixin.py:109} INFO - [2022-01-17 20:10:36,382] {dagbag.py:500} INFO - Filling up the DagBag from /opt/airflow/dags/first_dag.py
[2022-01-17 20:10:36,970] {processor.py:637} INFO - DAG(s) dict_keys(['cpp_workflow']) retrieved from /opt/airflow/dags/first_dag.py
[2022-01-17 20:10:36,990] {logging_mixin.py:109} INFO - [2022-01-17 20:10:36,989] {dag.py:2396} INFO - Sync 1 DAGs
[2022-01-17 20:10:37,008] {logging_mixin.py:109} INFO - [2022-01-17 20:10:37,008] {dag.py:2928} INFO - Setting next_dagrun for cpp_workflow to 2022-01-17T00:00:00+00:00
[2022-01-17 20:10:37,021] {processor.py:171} INFO - Processing /opt/airflow/dags/first_dag.py took 0.645 seconds
