[2022-01-20 14:42:49,976] {taskinstance.py:1035} INFO - Dependencies all met for <TaskInstance: cpp_workflow.delete_working_files manual__2022-01-20T14:42:23.948927+00:00 [queued]>
[2022-01-20 14:42:49,987] {taskinstance.py:1035} INFO - Dependencies all met for <TaskInstance: cpp_workflow.delete_working_files manual__2022-01-20T14:42:23.948927+00:00 [queued]>
[2022-01-20 14:42:49,987] {taskinstance.py:1241} INFO - 
--------------------------------------------------------------------------------
[2022-01-20 14:42:49,988] {taskinstance.py:1242} INFO - Starting attempt 1 of 1
[2022-01-20 14:42:49,988] {taskinstance.py:1243} INFO - 
--------------------------------------------------------------------------------
[2022-01-20 14:42:50,001] {taskinstance.py:1262} INFO - Executing <Task(PythonOperator): delete_working_files> on 2022-01-20 14:42:23.948927+00:00
[2022-01-20 14:42:50,005] {standard_task_runner.py:52} INFO - Started process 8035 to run task
[2022-01-20 14:42:50,009] {standard_task_runner.py:76} INFO - Running: ['***', 'tasks', 'run', 'cpp_workflow', 'delete_working_files', 'manual__2022-01-20T14:42:23.948927+00:00', '--job-id', '2934', '--raw', '--subdir', 'DAGS_FOLDER/first_dag.py', '--cfg-path', '/tmp/tmpxrnid2w5', '--error-file', '/tmp/tmpke3h5ik2']
[2022-01-20 14:42:50,010] {standard_task_runner.py:77} INFO - Job 2934: Subtask delete_working_files
[2022-01-20 14:42:50,067] {logging_mixin.py:109} INFO - Running <TaskInstance: cpp_workflow.delete_working_files manual__2022-01-20T14:42:23.948927+00:00 [running]> on host 218df5ddc363
[2022-01-20 14:42:50,153] {taskinstance.py:1429} INFO - Exporting the following env vars:
AIRFLOW_CTX_DAG_OWNER=***
AIRFLOW_CTX_DAG_ID=cpp_workflow
AIRFLOW_CTX_TASK_ID=delete_working_files
AIRFLOW_CTX_EXECUTION_DATE=2022-01-20T14:42:23.948927+00:00
AIRFLOW_CTX_DAG_RUN_ID=manual__2022-01-20T14:42:23.948927+00:00
[2022-01-20 14:42:50,189] {python.py:152} INFO - Done. Returned value was: None
[2022-01-20 14:42:50,202] {taskinstance.py:1280} INFO - Marking task as SUCCESS. dag_id=cpp_workflow, task_id=delete_working_files, execution_date=20220120T144223, start_date=20220120T144249, end_date=20220120T144250
[2022-01-20 14:42:50,230] {local_task_job.py:154} INFO - Task exited with return code 0
[2022-01-20 14:42:50,259] {local_task_job.py:264} INFO - 0 downstream tasks scheduled from follow-on schedule check
