[2022-02-06 11:47:35,718] {taskinstance.py:1035} INFO - Dependencies all met for <TaskInstance: cpp_workflow.refactor_process_print_cycle scheduled__2022-02-02T00:00:00+00:00 [queued]>
[2022-02-06 11:47:36,055] {taskinstance.py:1035} INFO - Dependencies all met for <TaskInstance: cpp_workflow.refactor_process_print_cycle scheduled__2022-02-02T00:00:00+00:00 [queued]>
[2022-02-06 11:47:36,421] {taskinstance.py:1241} INFO - 
--------------------------------------------------------------------------------
[2022-02-06 11:47:36,488] {taskinstance.py:1242} INFO - Starting attempt 1 of 1
[2022-02-06 11:47:36,586] {taskinstance.py:1243} INFO - 
--------------------------------------------------------------------------------
[2022-02-06 11:47:36,819] {taskinstance.py:1262} INFO - Executing <Task(PythonOperator): refactor_process_print_cycle> on 2022-02-02 00:00:00+00:00
[2022-02-06 11:47:37,068] {standard_task_runner.py:52} INFO - Started process 262 to run task
[2022-02-06 11:47:37,076] {standard_task_runner.py:76} INFO - Running: ['***', 'tasks', 'run', 'cpp_workflow', 'refactor_process_print_cycle', 'scheduled__2022-02-02T00:00:00+00:00', '--job-id', '3207', '--raw', '--subdir', 'DAGS_FOLDER/first_dag.py', '--cfg-path', '/tmp/tmpssr0c2pr', '--error-file', '/tmp/tmpz41qdxf1']
[2022-02-06 11:47:37,309] {standard_task_runner.py:77} INFO - Job 3207: Subtask refactor_process_print_cycle
[2022-02-06 11:47:38,383] {logging_mixin.py:109} INFO - Running <TaskInstance: cpp_workflow.refactor_process_print_cycle scheduled__2022-02-02T00:00:00+00:00 [running]> on host 218df5ddc363
[2022-02-06 11:47:40,097] {taskinstance.py:1429} INFO - Exporting the following env vars:
AIRFLOW_CTX_DAG_OWNER=***
AIRFLOW_CTX_DAG_ID=cpp_workflow
AIRFLOW_CTX_TASK_ID=refactor_process_print_cycle
AIRFLOW_CTX_EXECUTION_DATE=2022-02-02T00:00:00+00:00
AIRFLOW_CTX_DAG_RUN_ID=scheduled__2022-02-02T00:00:00+00:00
[2022-02-06 11:47:40,111] {python.py:152} INFO - Done. Returned value was: None
[2022-02-06 11:47:40,309] {taskinstance.py:1280} INFO - Marking task as SUCCESS. dag_id=cpp_workflow, task_id=refactor_process_print_cycle, execution_date=20220202T000000, start_date=20220206T114735, end_date=20220206T114740
[2022-02-06 11:47:40,859] {local_task_job.py:154} INFO - Task exited with return code 0
[2022-02-06 11:47:42,054] {local_task_job.py:264} INFO - 0 downstream tasks scheduled from follow-on schedule check
