[2022-02-06 11:46:56,300] {taskinstance.py:1035} INFO - Dependencies all met for <TaskInstance: cpp_workflow.pre_process_print_cycle scheduled__2022-02-02T00:00:00+00:00 [queued]>
[2022-02-06 11:46:56,480] {taskinstance.py:1035} INFO - Dependencies all met for <TaskInstance: cpp_workflow.pre_process_print_cycle scheduled__2022-02-02T00:00:00+00:00 [queued]>
[2022-02-06 11:46:56,544] {taskinstance.py:1241} INFO - 
--------------------------------------------------------------------------------
[2022-02-06 11:46:56,559] {taskinstance.py:1242} INFO - Starting attempt 1 of 1
[2022-02-06 11:46:56,575] {taskinstance.py:1243} INFO - 
--------------------------------------------------------------------------------
[2022-02-06 11:46:56,887] {taskinstance.py:1262} INFO - Executing <Task(PythonOperator): pre_process_print_cycle> on 2022-02-02 00:00:00+00:00
[2022-02-06 11:46:57,088] {standard_task_runner.py:52} INFO - Started process 153 to run task
[2022-02-06 11:46:57,181] {standard_task_runner.py:76} INFO - Running: ['***', 'tasks', 'run', 'cpp_workflow', 'pre_process_print_cycle', 'scheduled__2022-02-02T00:00:00+00:00', '--job-id', '3172', '--raw', '--subdir', 'DAGS_FOLDER/first_dag.py', '--cfg-path', '/tmp/tmp2diavtjv', '--error-file', '/tmp/tmpg3d3or7w']
[2022-02-06 11:46:57,214] {standard_task_runner.py:77} INFO - Job 3172: Subtask pre_process_print_cycle
[2022-02-06 11:46:57,621] {logging_mixin.py:109} INFO - Running <TaskInstance: cpp_workflow.pre_process_print_cycle scheduled__2022-02-02T00:00:00+00:00 [running]> on host 218df5ddc363
[2022-02-06 11:46:58,312] {taskinstance.py:1429} INFO - Exporting the following env vars:
AIRFLOW_CTX_DAG_OWNER=***
AIRFLOW_CTX_DAG_ID=cpp_workflow
AIRFLOW_CTX_TASK_ID=pre_process_print_cycle
AIRFLOW_CTX_EXECUTION_DATE=2022-02-02T00:00:00+00:00
AIRFLOW_CTX_DAG_RUN_ID=scheduled__2022-02-02T00:00:00+00:00
[2022-02-06 11:46:58,341] {python.py:152} INFO - Done. Returned value was: None
[2022-02-06 11:46:58,663] {taskinstance.py:1280} INFO - Marking task as SUCCESS. dag_id=cpp_workflow, task_id=pre_process_print_cycle, execution_date=20220202T000000, start_date=20220206T114656, end_date=20220206T114658
[2022-02-06 11:46:59,184] {local_task_job.py:154} INFO - Task exited with return code 0
[2022-02-06 11:46:59,784] {local_task_job.py:264} INFO - 1 downstream tasks scheduled from follow-on schedule check
