[2022-01-10 13:33:19,679] {taskinstance.py:1035} INFO - Dependencies all met for <TaskInstance: cpp_workflow.delete_working_files manual__2022-01-10T13:32:54.242487+00:00 [queued]>
[2022-01-10 13:33:19,731] {taskinstance.py:1035} INFO - Dependencies all met for <TaskInstance: cpp_workflow.delete_working_files manual__2022-01-10T13:32:54.242487+00:00 [queued]>
[2022-01-10 13:33:19,732] {taskinstance.py:1241} INFO - 
--------------------------------------------------------------------------------
[2022-01-10 13:33:19,735] {taskinstance.py:1242} INFO - Starting attempt 1 of 1
[2022-01-10 13:33:19,738] {taskinstance.py:1243} INFO - 
--------------------------------------------------------------------------------
[2022-01-10 13:33:19,818] {taskinstance.py:1262} INFO - Executing <Task(PythonOperator): delete_working_files> on 2022-01-10 13:32:54.242487+00:00
[2022-01-10 13:33:19,838] {standard_task_runner.py:52} INFO - Started process 1823 to run task
[2022-01-10 13:33:19,851] {standard_task_runner.py:76} INFO - Running: ['***', 'tasks', 'run', 'cpp_workflow', 'delete_working_files', 'manual__2022-01-10T13:32:54.242487+00:00', '--job-id', '2596', '--raw', '--subdir', 'DAGS_FOLDER/first_dag.py', '--cfg-path', '/tmp/tmp2dbvsjx2', '--error-file', '/tmp/tmpawpbfmfj']
[2022-01-10 13:33:19,856] {standard_task_runner.py:77} INFO - Job 2596: Subtask delete_working_files
[2022-01-10 13:33:20,066] {logging_mixin.py:109} INFO - Running <TaskInstance: cpp_workflow.delete_working_files manual__2022-01-10T13:32:54.242487+00:00 [running]> on host 218df5ddc363
[2022-01-10 13:33:20,272] {taskinstance.py:1429} INFO - Exporting the following env vars:
AIRFLOW_CTX_DAG_OWNER=***
AIRFLOW_CTX_DAG_ID=cpp_workflow
AIRFLOW_CTX_TASK_ID=delete_working_files
AIRFLOW_CTX_EXECUTION_DATE=2022-01-10T13:32:54.242487+00:00
AIRFLOW_CTX_DAG_RUN_ID=manual__2022-01-10T13:32:54.242487+00:00
[2022-01-10 13:33:20,337] {python.py:152} INFO - Done. Returned value was: None
[2022-01-10 13:33:20,383] {taskinstance.py:1280} INFO - Marking task as SUCCESS. dag_id=cpp_workflow, task_id=delete_working_files, execution_date=20220110T133254, start_date=20220110T133319, end_date=20220110T133320
[2022-01-10 13:33:20,523] {local_task_job.py:154} INFO - Task exited with return code 0
[2022-01-10 13:33:20,628] {local_task_job.py:264} INFO - 0 downstream tasks scheduled from follow-on schedule check
