[2021-12-13 11:31:49,345] {taskinstance.py:1035} INFO - Dependencies all met for <TaskInstance: cpp_workflow.merge_process manual__2021-12-13T11:31:37.192238+00:00 [queued]>
[2021-12-13 11:31:49,359] {taskinstance.py:1035} INFO - Dependencies all met for <TaskInstance: cpp_workflow.merge_process manual__2021-12-13T11:31:37.192238+00:00 [queued]>
[2021-12-13 11:31:49,360] {taskinstance.py:1241} INFO - 
--------------------------------------------------------------------------------
[2021-12-13 11:31:49,360] {taskinstance.py:1242} INFO - Starting attempt 1 of 1
[2021-12-13 11:31:49,360] {taskinstance.py:1243} INFO - 
--------------------------------------------------------------------------------
[2021-12-13 11:31:49,377] {taskinstance.py:1262} INFO - Executing <Task(PythonOperator): merge_process> on 2021-12-13 11:31:37.192238+00:00
[2021-12-13 11:31:49,382] {standard_task_runner.py:52} INFO - Started process 491 to run task
[2021-12-13 11:31:49,387] {standard_task_runner.py:76} INFO - Running: ['***', 'tasks', 'run', 'cpp_workflow', 'merge_process', 'manual__2021-12-13T11:31:37.192238+00:00', '--job-id', '875', '--raw', '--subdir', 'DAGS_FOLDER/first_dag.py', '--cfg-path', '/tmp/tmpw9g88r1g', '--error-file', '/tmp/tmpl1j_3qse']
[2021-12-13 11:31:49,388] {standard_task_runner.py:77} INFO - Job 875: Subtask merge_process
[2021-12-13 11:31:49,439] {logging_mixin.py:109} INFO - Running <TaskInstance: cpp_workflow.merge_process manual__2021-12-13T11:31:37.192238+00:00 [running]> on host 218df5ddc363
[2021-12-13 11:31:49,504] {taskinstance.py:1429} INFO - Exporting the following env vars:
AIRFLOW_CTX_DAG_OWNER=***
AIRFLOW_CTX_DAG_ID=cpp_workflow
AIRFLOW_CTX_TASK_ID=merge_process
AIRFLOW_CTX_EXECUTION_DATE=2021-12-13T11:31:37.192238+00:00
AIRFLOW_CTX_DAG_RUN_ID=manual__2021-12-13T11:31:37.192238+00:00
[2021-12-13 11:31:49,603] {python.py:152} INFO - Done. Returned value was: None
[2021-12-13 11:31:49,617] {taskinstance.py:1280} INFO - Marking task as SUCCESS. dag_id=cpp_workflow, task_id=merge_process, execution_date=20211213T113137, start_date=20211213T113149, end_date=20211213T113149
[2021-12-13 11:31:49,639] {local_task_job.py:154} INFO - Task exited with return code 0
[2021-12-13 11:31:49,686] {local_task_job.py:264} INFO - 0 downstream tasks scheduled from follow-on schedule check
