[2022-01-19 20:01:27,769] {taskinstance.py:1035} INFO - Dependencies all met for <TaskInstance: cpp_workflow.refactor_process_print_cycle manual__2022-01-19T20:01:15.496142+00:00 [queued]>
[2022-01-19 20:01:27,790] {taskinstance.py:1035} INFO - Dependencies all met for <TaskInstance: cpp_workflow.refactor_process_print_cycle manual__2022-01-19T20:01:15.496142+00:00 [queued]>
[2022-01-19 20:01:27,790] {taskinstance.py:1241} INFO - 
--------------------------------------------------------------------------------
[2022-01-19 20:01:27,791] {taskinstance.py:1242} INFO - Starting attempt 1 of 1
[2022-01-19 20:01:27,791] {taskinstance.py:1243} INFO - 
--------------------------------------------------------------------------------
[2022-01-19 20:01:27,820] {taskinstance.py:1262} INFO - Executing <Task(PythonOperator): refactor_process_print_cycle> on 2022-01-19 20:01:15.496142+00:00
[2022-01-19 20:01:27,828] {standard_task_runner.py:52} INFO - Started process 167 to run task
[2022-01-19 20:01:27,834] {standard_task_runner.py:76} INFO - Running: ['***', 'tasks', 'run', 'cpp_workflow', 'refactor_process_print_cycle', 'manual__2022-01-19T20:01:15.496142+00:00', '--job-id', '2804', '--raw', '--subdir', 'DAGS_FOLDER/first_dag.py', '--cfg-path', '/tmp/tmp3lp9y05f', '--error-file', '/tmp/tmp2rfj80kl']
[2022-01-19 20:01:27,836] {standard_task_runner.py:77} INFO - Job 2804: Subtask refactor_process_print_cycle
[2022-01-19 20:01:27,953] {logging_mixin.py:109} INFO - Running <TaskInstance: cpp_workflow.refactor_process_print_cycle manual__2022-01-19T20:01:15.496142+00:00 [running]> on host 218df5ddc363
[2022-01-19 20:01:28,077] {taskinstance.py:1429} INFO - Exporting the following env vars:
AIRFLOW_CTX_DAG_OWNER=***
AIRFLOW_CTX_DAG_ID=cpp_workflow
AIRFLOW_CTX_TASK_ID=refactor_process_print_cycle
AIRFLOW_CTX_EXECUTION_DATE=2022-01-19T20:01:15.496142+00:00
AIRFLOW_CTX_DAG_RUN_ID=manual__2022-01-19T20:01:15.496142+00:00
[2022-01-19 20:01:28,082] {python.py:152} INFO - Done. Returned value was: None
[2022-01-19 20:01:28,107] {taskinstance.py:1280} INFO - Marking task as SUCCESS. dag_id=cpp_workflow, task_id=refactor_process_print_cycle, execution_date=20220119T200115, start_date=20220119T200127, end_date=20220119T200128
[2022-01-19 20:01:28,171] {local_task_job.py:154} INFO - Task exited with return code 0
[2022-01-19 20:01:28,272] {local_task_job.py:264} INFO - 1 downstream tasks scheduled from follow-on schedule check
