[2021-12-08 23:12:08,012] {taskinstance.py:1035} INFO - Dependencies all met for <TaskInstance: cpp_workflow.check_mediaPrepareFile manual__2021-12-08T23:12:05.436468+00:00 [queued]>
[2021-12-08 23:12:08,029] {taskinstance.py:1035} INFO - Dependencies all met for <TaskInstance: cpp_workflow.check_mediaPrepareFile manual__2021-12-08T23:12:05.436468+00:00 [queued]>
[2021-12-08 23:12:08,029] {taskinstance.py:1241} INFO - 
--------------------------------------------------------------------------------
[2021-12-08 23:12:08,030] {taskinstance.py:1242} INFO - Starting attempt 1 of 3
[2021-12-08 23:12:08,030] {taskinstance.py:1243} INFO - 
--------------------------------------------------------------------------------
[2021-12-08 23:12:08,052] {taskinstance.py:1262} INFO - Executing <Task(BashOperator): check_mediaPrepareFile> on 2021-12-08 23:12:05.436468+00:00
[2021-12-08 23:12:08,060] {standard_task_runner.py:52} INFO - Started process 5853 to run task
[2021-12-08 23:12:08,064] {standard_task_runner.py:76} INFO - Running: ['***', 'tasks', 'run', 'cpp_workflow', 'check_mediaPrepareFile', 'manual__2021-12-08T23:12:05.436468+00:00', '--job-id', '591', '--raw', '--subdir', 'DAGS_FOLDER/first_dag.py', '--cfg-path', '/tmp/tmpvm8xt2in', '--error-file', '/tmp/tmp0ma4h26b']
[2021-12-08 23:12:08,065] {standard_task_runner.py:77} INFO - Job 591: Subtask check_mediaPrepareFile
[2021-12-08 23:12:08,129] {logging_mixin.py:109} INFO - Running <TaskInstance: cpp_workflow.check_mediaPrepareFile manual__2021-12-08T23:12:05.436468+00:00 [running]> on host b5fd0372bf6e
[2021-12-08 23:12:08,211] {taskinstance.py:1429} INFO - Exporting the following env vars:
AIRFLOW_CTX_DAG_OWNER=***
AIRFLOW_CTX_DAG_ID=cpp_workflow
AIRFLOW_CTX_TASK_ID=check_mediaPrepareFile
AIRFLOW_CTX_EXECUTION_DATE=2021-12-08T23:12:05.436468+00:00
AIRFLOW_CTX_DAG_RUN_ID=manual__2021-12-08T23:12:05.436468+00:00
[2021-12-08 23:12:08,213] {subprocess.py:62} INFO - Tmp dir root location: 
 /tmp
[2021-12-08 23:12:08,214] {subprocess.py:74} INFO - Running command: ['bash', '-c', 'sha256sum /opt/***/official_data/MediaPrepare.csv']
[2021-12-08 23:12:08,236] {subprocess.py:85} INFO - Output:
[2021-12-08 23:12:08,253] {subprocess.py:89} INFO - 0b00e35412b4279caf7dae04510ba6b449d6c8ca17b4a4622c5d7280c03de385  /opt/***/official_data/MediaPrepare.csv
[2021-12-08 23:12:08,253] {subprocess.py:93} INFO - Command exited with return code 0
[2021-12-08 23:12:08,316] {taskinstance.py:1280} INFO - Marking task as SUCCESS. dag_id=cpp_workflow, task_id=check_mediaPrepareFile, execution_date=20211208T231205, start_date=20211208T231208, end_date=20211208T231208
[2021-12-08 23:12:08,398] {local_task_job.py:154} INFO - Task exited with return code 0
[2021-12-08 23:12:08,466] {local_task_job.py:264} INFO - 1 downstream tasks scheduled from follow-on schedule check
