[2022-02-06 11:48:02,841] {taskinstance.py:1035} INFO - Dependencies all met for <TaskInstance: cpp_workflow.database_processing_print_cycle scheduled__2022-02-01T00:00:00+00:00 [queued]>
[2022-02-06 11:48:03,082] {taskinstance.py:1035} INFO - Dependencies all met for <TaskInstance: cpp_workflow.database_processing_print_cycle scheduled__2022-02-01T00:00:00+00:00 [queued]>
[2022-02-06 11:48:03,098] {taskinstance.py:1241} INFO - 
--------------------------------------------------------------------------------
[2022-02-06 11:48:03,110] {taskinstance.py:1242} INFO - Starting attempt 1 of 1
[2022-02-06 11:48:03,154] {taskinstance.py:1243} INFO - 
--------------------------------------------------------------------------------
[2022-02-06 11:48:03,581] {taskinstance.py:1262} INFO - Executing <Task(PythonOperator): database_processing_print_cycle> on 2022-02-01 00:00:00+00:00
[2022-02-06 11:48:03,788] {standard_task_runner.py:52} INFO - Started process 311 to run task
[2022-02-06 11:48:03,830] {standard_task_runner.py:76} INFO - Running: ['***', 'tasks', 'run', 'cpp_workflow', 'database_processing_print_cycle', 'scheduled__2022-02-01T00:00:00+00:00', '--job-id', '3218', '--raw', '--subdir', 'DAGS_FOLDER/first_dag.py', '--cfg-path', '/tmp/tmp_gpoc2fq', '--error-file', '/tmp/tmpc2s14lr1']
[2022-02-06 11:48:03,869] {standard_task_runner.py:77} INFO - Job 3218: Subtask database_processing_print_cycle
[2022-02-06 11:48:04,972] {logging_mixin.py:109} INFO - Running <TaskInstance: cpp_workflow.database_processing_print_cycle scheduled__2022-02-01T00:00:00+00:00 [running]> on host 218df5ddc363
[2022-02-06 11:48:06,875] {taskinstance.py:1429} INFO - Exporting the following env vars:
AIRFLOW_CTX_DAG_OWNER=***
AIRFLOW_CTX_DAG_ID=cpp_workflow
AIRFLOW_CTX_TASK_ID=database_processing_print_cycle
AIRFLOW_CTX_EXECUTION_DATE=2022-02-01T00:00:00+00:00
AIRFLOW_CTX_DAG_RUN_ID=scheduled__2022-02-01T00:00:00+00:00
[2022-02-06 11:48:06,978] {python.py:152} INFO - Done. Returned value was: None
[2022-02-06 11:48:08,375] {taskinstance.py:1280} INFO - Marking task as SUCCESS. dag_id=cpp_workflow, task_id=database_processing_print_cycle, execution_date=20220201T000000, start_date=20220206T114802, end_date=20220206T114808
[2022-02-06 11:48:09,006] {local_task_job.py:154} INFO - Task exited with return code 0
[2022-02-06 11:48:10,261] {local_task_job.py:264} INFO - 1 downstream tasks scheduled from follow-on schedule check
