[2021-12-12 00:00:07,596] {taskinstance.py:1035} INFO - Dependencies all met for <TaskInstance: cpp_workflow.refactor_process scheduled__2021-12-11T00:00:00+00:00 [queued]>
[2021-12-12 00:00:07,604] {taskinstance.py:1035} INFO - Dependencies all met for <TaskInstance: cpp_workflow.refactor_process scheduled__2021-12-11T00:00:00+00:00 [queued]>
[2021-12-12 00:00:07,605] {taskinstance.py:1241} INFO - 
--------------------------------------------------------------------------------
[2021-12-12 00:00:07,605] {taskinstance.py:1242} INFO - Starting attempt 1 of 1
[2021-12-12 00:00:07,606] {taskinstance.py:1243} INFO - 
--------------------------------------------------------------------------------
[2021-12-12 00:00:07,615] {taskinstance.py:1262} INFO - Executing <Task(PythonOperator): refactor_process> on 2021-12-11 00:00:00+00:00
[2021-12-12 00:00:07,619] {standard_task_runner.py:52} INFO - Started process 22687 to run task
[2021-12-12 00:00:07,622] {standard_task_runner.py:76} INFO - Running: ['***', 'tasks', 'run', 'cpp_workflow', 'refactor_process', 'scheduled__2021-12-11T00:00:00+00:00', '--job-id', '825', '--raw', '--subdir', 'DAGS_FOLDER/first_dag.py', '--cfg-path', '/tmp/tmptdsqk7ui', '--error-file', '/tmp/tmpanvo22z4']
[2021-12-12 00:00:07,623] {standard_task_runner.py:77} INFO - Job 825: Subtask refactor_process
[2021-12-12 00:00:07,663] {logging_mixin.py:109} INFO - Running <TaskInstance: cpp_workflow.refactor_process scheduled__2021-12-11T00:00:00+00:00 [running]> on host 37db090f9774
[2021-12-12 00:00:07,706] {taskinstance.py:1429} INFO - Exporting the following env vars:
AIRFLOW_CTX_DAG_OWNER=***
AIRFLOW_CTX_DAG_ID=cpp_workflow
AIRFLOW_CTX_TASK_ID=refactor_process
AIRFLOW_CTX_EXECUTION_DATE=2021-12-11T00:00:00+00:00
AIRFLOW_CTX_DAG_RUN_ID=scheduled__2021-12-11T00:00:00+00:00
[2021-12-12 00:00:07,783] {python.py:152} INFO - Done. Returned value was: None
[2021-12-12 00:00:07,794] {taskinstance.py:1280} INFO - Marking task as SUCCESS. dag_id=cpp_workflow, task_id=refactor_process, execution_date=20211211T000000, start_date=20211212T000007, end_date=20211212T000007
[2021-12-12 00:00:07,835] {local_task_job.py:154} INFO - Task exited with return code 0
[2021-12-12 00:00:07,869] {local_task_job.py:264} INFO - 1 downstream tasks scheduled from follow-on schedule check
