[2022-01-02 23:49:43,736] {taskinstance.py:1035} INFO - Dependencies all met for <TaskInstance: cpp_workflow.refactor_process_print_cycle manual__2022-01-02T23:49:05.643576+00:00 [queued]>
[2022-01-02 23:49:43,793] {taskinstance.py:1035} INFO - Dependencies all met for <TaskInstance: cpp_workflow.refactor_process_print_cycle manual__2022-01-02T23:49:05.643576+00:00 [queued]>
[2022-01-02 23:49:43,802] {taskinstance.py:1241} INFO - 
--------------------------------------------------------------------------------
[2022-01-02 23:49:43,816] {taskinstance.py:1242} INFO - Starting attempt 1 of 1
[2022-01-02 23:49:43,829] {taskinstance.py:1243} INFO - 
--------------------------------------------------------------------------------
[2022-01-02 23:49:43,929] {taskinstance.py:1262} INFO - Executing <Task(PythonOperator): refactor_process_print_cycle> on 2022-01-02 23:49:05.643576+00:00
[2022-01-02 23:49:43,966] {standard_task_runner.py:52} INFO - Started process 862 to run task
[2022-01-02 23:49:43,981] {standard_task_runner.py:76} INFO - Running: ['***', 'tasks', 'run', 'cpp_workflow', 'refactor_process_print_cycle', 'manual__2022-01-02T23:49:05.643576+00:00', '--job-id', '1930', '--raw', '--subdir', 'DAGS_FOLDER/first_dag.py', '--cfg-path', '/tmp/tmppm1v3s0u', '--error-file', '/tmp/tmptdkjw9ts']
[2022-01-02 23:49:43,992] {standard_task_runner.py:77} INFO - Job 1930: Subtask refactor_process_print_cycle
[2022-01-02 23:49:44,185] {logging_mixin.py:109} INFO - Running <TaskInstance: cpp_workflow.refactor_process_print_cycle manual__2022-01-02T23:49:05.643576+00:00 [running]> on host 218df5ddc363
[2022-01-02 23:49:44,406] {taskinstance.py:1429} INFO - Exporting the following env vars:
AIRFLOW_CTX_DAG_OWNER=***
AIRFLOW_CTX_DAG_ID=cpp_workflow
AIRFLOW_CTX_TASK_ID=refactor_process_print_cycle
AIRFLOW_CTX_EXECUTION_DATE=2022-01-02T23:49:05.643576+00:00
AIRFLOW_CTX_DAG_RUN_ID=manual__2022-01-02T23:49:05.643576+00:00
[2022-01-02 23:49:44,419] {python.py:152} INFO - Done. Returned value was: None
[2022-01-02 23:49:44,512] {taskinstance.py:1280} INFO - Marking task as SUCCESS. dag_id=cpp_workflow, task_id=refactor_process_print_cycle, execution_date=20220102T234905, start_date=20220102T234943, end_date=20220102T234944
[2022-01-02 23:49:44,580] {local_task_job.py:154} INFO - Task exited with return code 0
[2022-01-02 23:49:44,704] {local_task_job.py:264} INFO - 1 downstream tasks scheduled from follow-on schedule check
