[2022-01-20 14:42:42,926] {taskinstance.py:1035} INFO - Dependencies all met for <TaskInstance: cpp_workflow.update_processed_files_media_prepare manual__2022-01-20T14:42:23.948927+00:00 [queued]>
[2022-01-20 14:42:42,941] {taskinstance.py:1035} INFO - Dependencies all met for <TaskInstance: cpp_workflow.update_processed_files_media_prepare manual__2022-01-20T14:42:23.948927+00:00 [queued]>
[2022-01-20 14:42:42,942] {taskinstance.py:1241} INFO - 
--------------------------------------------------------------------------------
[2022-01-20 14:42:42,942] {taskinstance.py:1242} INFO - Starting attempt 1 of 1
[2022-01-20 14:42:42,943] {taskinstance.py:1243} INFO - 
--------------------------------------------------------------------------------
[2022-01-20 14:42:42,957] {taskinstance.py:1262} INFO - Executing <Task(PythonOperator): update_processed_files_media_prepare> on 2022-01-20 14:42:23.948927+00:00
[2022-01-20 14:42:42,963] {standard_task_runner.py:52} INFO - Started process 8029 to run task
[2022-01-20 14:42:42,968] {standard_task_runner.py:76} INFO - Running: ['***', 'tasks', 'run', 'cpp_workflow', 'update_processed_files_media_prepare', 'manual__2022-01-20T14:42:23.948927+00:00', '--job-id', '2932', '--raw', '--subdir', 'DAGS_FOLDER/first_dag.py', '--cfg-path', '/tmp/tmp732tlbal', '--error-file', '/tmp/tmpg2oar_s6']
[2022-01-20 14:42:42,969] {standard_task_runner.py:77} INFO - Job 2932: Subtask update_processed_files_media_prepare
[2022-01-20 14:42:43,012] {logging_mixin.py:109} INFO - Running <TaskInstance: cpp_workflow.update_processed_files_media_prepare manual__2022-01-20T14:42:23.948927+00:00 [running]> on host 218df5ddc363
[2022-01-20 14:42:43,071] {taskinstance.py:1429} INFO - Exporting the following env vars:
AIRFLOW_CTX_DAG_OWNER=***
AIRFLOW_CTX_DAG_ID=cpp_workflow
AIRFLOW_CTX_TASK_ID=update_processed_files_media_prepare
AIRFLOW_CTX_EXECUTION_DATE=2022-01-20T14:42:23.948927+00:00
AIRFLOW_CTX_DAG_RUN_ID=manual__2022-01-20T14:42:23.948927+00:00
[2022-01-20 14:42:43,091] {python.py:152} INFO - Done. Returned value was: None
[2022-01-20 14:42:43,106] {taskinstance.py:1280} INFO - Marking task as SUCCESS. dag_id=cpp_workflow, task_id=update_processed_files_media_prepare, execution_date=20220120T144223, start_date=20220120T144242, end_date=20220120T144243
[2022-01-20 14:42:43,140] {local_task_job.py:154} INFO - Task exited with return code 0
[2022-01-20 14:42:43,186] {local_task_job.py:264} INFO - 0 downstream tasks scheduled from follow-on schedule check
