[2021-12-13 14:27:33,543] {taskinstance.py:1035} INFO - Dependencies all met for <TaskInstance: cpp_workflow.connect_to_database manual__2021-12-13T14:27:20.853262+00:00 [queued]>
[2021-12-13 14:27:33,558] {taskinstance.py:1035} INFO - Dependencies all met for <TaskInstance: cpp_workflow.connect_to_database manual__2021-12-13T14:27:20.853262+00:00 [queued]>
[2021-12-13 14:27:33,559] {taskinstance.py:1241} INFO - 
--------------------------------------------------------------------------------
[2021-12-13 14:27:33,559] {taskinstance.py:1242} INFO - Starting attempt 1 of 1
[2021-12-13 14:27:33,560] {taskinstance.py:1243} INFO - 
--------------------------------------------------------------------------------
[2021-12-13 14:27:33,572] {taskinstance.py:1262} INFO - Executing <Task(PythonOperator): connect_to_database> on 2021-12-13 14:27:20.853262+00:00
[2021-12-13 14:27:33,577] {standard_task_runner.py:52} INFO - Started process 9376 to run task
[2021-12-13 14:27:33,580] {standard_task_runner.py:76} INFO - Running: ['***', 'tasks', 'run', 'cpp_workflow', 'connect_to_database', 'manual__2021-12-13T14:27:20.853262+00:00', '--job-id', '1248', '--raw', '--subdir', 'DAGS_FOLDER/first_dag.py', '--cfg-path', '/tmp/tmph7l41rdq', '--error-file', '/tmp/tmpgri1xvhi']
[2021-12-13 14:27:33,582] {standard_task_runner.py:77} INFO - Job 1248: Subtask connect_to_database
[2021-12-13 14:27:33,618] {logging_mixin.py:109} INFO - Running <TaskInstance: cpp_workflow.connect_to_database manual__2021-12-13T14:27:20.853262+00:00 [running]> on host 218df5ddc363
[2021-12-13 14:27:33,661] {taskinstance.py:1429} INFO - Exporting the following env vars:
AIRFLOW_CTX_DAG_OWNER=***
AIRFLOW_CTX_DAG_ID=cpp_workflow
AIRFLOW_CTX_TASK_ID=connect_to_database
AIRFLOW_CTX_EXECUTION_DATE=2021-12-13T14:27:20.853262+00:00
AIRFLOW_CTX_DAG_RUN_ID=manual__2021-12-13T14:27:20.853262+00:00
[2021-12-13 14:27:33,766] {logging_mixin.py:109} INFO - You're connected to database
[2021-12-13 14:27:41,376] {python.py:152} INFO - Done. Returned value was: None
[2021-12-13 14:27:41,395] {taskinstance.py:1280} INFO - Marking task as SUCCESS. dag_id=cpp_workflow, task_id=connect_to_database, execution_date=20211213T142720, start_date=20211213T142733, end_date=20211213T142741
[2021-12-13 14:27:41,429] {local_task_job.py:154} INFO - Task exited with return code 0
[2021-12-13 14:27:41,465] {local_task_job.py:264} INFO - 0 downstream tasks scheduled from follow-on schedule check
