[2022-01-02 23:36:46,354] {taskinstance.py:1035} INFO - Dependencies all met for <TaskInstance: cpp_workflow.delete_working_files manual__2022-01-02T23:35:15.182406+00:00 [queued]>
[2022-01-02 23:36:46,378] {taskinstance.py:1035} INFO - Dependencies all met for <TaskInstance: cpp_workflow.delete_working_files manual__2022-01-02T23:35:15.182406+00:00 [queued]>
[2022-01-02 23:36:46,379] {taskinstance.py:1241} INFO - 
--------------------------------------------------------------------------------
[2022-01-02 23:36:46,379] {taskinstance.py:1242} INFO - Starting attempt 1 of 1
[2022-01-02 23:36:46,380] {taskinstance.py:1243} INFO - 
--------------------------------------------------------------------------------
[2022-01-02 23:36:46,404] {taskinstance.py:1262} INFO - Executing <Task(PythonOperator): delete_working_files> on 2022-01-02 23:35:15.182406+00:00
[2022-01-02 23:36:46,412] {standard_task_runner.py:52} INFO - Started process 189 to run task
[2022-01-02 23:36:46,417] {standard_task_runner.py:76} INFO - Running: ['***', 'tasks', 'run', 'cpp_workflow', 'delete_working_files', 'manual__2022-01-02T23:35:15.182406+00:00', '--job-id', '1880', '--raw', '--subdir', 'DAGS_FOLDER/first_dag.py', '--cfg-path', '/tmp/tmprgpwc396', '--error-file', '/tmp/tmp0ny52w8b']
[2022-01-02 23:36:46,418] {standard_task_runner.py:77} INFO - Job 1880: Subtask delete_working_files
[2022-01-02 23:36:46,569] {logging_mixin.py:109} INFO - Running <TaskInstance: cpp_workflow.delete_working_files manual__2022-01-02T23:35:15.182406+00:00 [running]> on host 218df5ddc363
[2022-01-02 23:36:46,953] {taskinstance.py:1429} INFO - Exporting the following env vars:
AIRFLOW_CTX_DAG_OWNER=***
AIRFLOW_CTX_DAG_ID=cpp_workflow
AIRFLOW_CTX_TASK_ID=delete_working_files
AIRFLOW_CTX_EXECUTION_DATE=2022-01-02T23:35:15.182406+00:00
AIRFLOW_CTX_DAG_RUN_ID=manual__2022-01-02T23:35:15.182406+00:00
[2022-01-02 23:36:47,015] {python.py:152} INFO - Done. Returned value was: None
[2022-01-02 23:36:47,049] {taskinstance.py:1280} INFO - Marking task as SUCCESS. dag_id=cpp_workflow, task_id=delete_working_files, execution_date=20220102T233515, start_date=20220102T233646, end_date=20220102T233647
[2022-01-02 23:36:47,156] {local_task_job.py:154} INFO - Task exited with return code 0
[2022-01-02 23:36:47,237] {local_task_job.py:264} INFO - 0 downstream tasks scheduled from follow-on schedule check
