[2021-12-08 14:51:45,507] {taskinstance.py:1035} INFO - Dependencies all met for <TaskInstance: cpp_workflow.pre_process scheduled__2021-08-16T00:00:00+00:00 [queued]>
[2021-12-08 14:51:45,700] {taskinstance.py:1035} INFO - Dependencies all met for <TaskInstance: cpp_workflow.pre_process scheduled__2021-08-16T00:00:00+00:00 [queued]>
[2021-12-08 14:51:45,706] {taskinstance.py:1241} INFO - 
--------------------------------------------------------------------------------
[2021-12-08 14:51:45,707] {taskinstance.py:1242} INFO - Starting attempt 1 of 1
[2021-12-08 14:51:45,709] {taskinstance.py:1243} INFO - 
--------------------------------------------------------------------------------
[2021-12-08 14:51:45,852] {taskinstance.py:1262} INFO - Executing <Task(PythonOperator): pre_process> on 2021-08-16 00:00:00+00:00
[2021-12-08 14:51:45,884] {standard_task_runner.py:52} INFO - Started process 176 to run task
[2021-12-08 14:51:45,891] {standard_task_runner.py:76} INFO - Running: ['***', 'tasks', 'run', 'cpp_workflow', 'pre_process', 'scheduled__2021-08-16T00:00:00+00:00', '--job-id', '202', '--raw', '--subdir', 'DAGS_FOLDER/first_dag.py', '--cfg-path', '/tmp/tmpb9hdnzno', '--error-file', '/tmp/tmplorr_1fq']
[2021-12-08 14:51:45,922] {standard_task_runner.py:77} INFO - Job 202: Subtask pre_process
[2021-12-08 14:51:46,150] {logging_mixin.py:109} INFO - Running <TaskInstance: cpp_workflow.pre_process scheduled__2021-08-16T00:00:00+00:00 [running]> on host 8edf9af2b560
[2021-12-08 14:51:46,656] {taskinstance.py:1429} INFO - Exporting the following env vars:
AIRFLOW_CTX_DAG_OWNER=***
AIRFLOW_CTX_DAG_ID=cpp_workflow
AIRFLOW_CTX_TASK_ID=pre_process
AIRFLOW_CTX_EXECUTION_DATE=2021-08-16T00:00:00+00:00
AIRFLOW_CTX_DAG_RUN_ID=scheduled__2021-08-16T00:00:00+00:00
[2021-12-08 14:52:16,803] {warnings.py:110} WARNING - /home/***/.local/lib/python3.7/site-packages/***/operators/python.py:162: DtypeWarning: Columns (0,1,2,3) have mixed types.Specify dtype option on import or set low_memory=False.
  return self.python_callable(*self.op_args, **self.op_kwargs)

[2021-12-08 14:52:17,775] {local_task_job.py:154} INFO - Task exited with return code Negsignal.SIGKILL
[2021-12-08 14:52:18,089] {taskinstance.py:1280} INFO - Marking task as FAILED. dag_id=cpp_workflow, task_id=pre_process, execution_date=20210816T000000, start_date=20211208T145145, end_date=20211208T145218
[2021-12-08 14:52:18,327] {local_task_job.py:264} INFO - 0 downstream tasks scheduled from follow-on schedule check
