[2021-12-13 13:25:27,799] {taskinstance.py:1035} INFO - Dependencies all met for <TaskInstance: cpp_workflow.refactor_process manual__2021-12-13T13:25:17.600664+00:00 [queued]>
[2021-12-13 13:25:27,814] {taskinstance.py:1035} INFO - Dependencies all met for <TaskInstance: cpp_workflow.refactor_process manual__2021-12-13T13:25:17.600664+00:00 [queued]>
[2021-12-13 13:25:27,815] {taskinstance.py:1241} INFO - 
--------------------------------------------------------------------------------
[2021-12-13 13:25:27,815] {taskinstance.py:1242} INFO - Starting attempt 1 of 1
[2021-12-13 13:25:27,815] {taskinstance.py:1243} INFO - 
--------------------------------------------------------------------------------
[2021-12-13 13:25:27,833] {taskinstance.py:1262} INFO - Executing <Task(PythonOperator): refactor_process> on 2021-12-13 13:25:17.600664+00:00
[2021-12-13 13:25:27,839] {standard_task_runner.py:52} INFO - Started process 6197 to run task
[2021-12-13 13:25:27,843] {standard_task_runner.py:76} INFO - Running: ['***', 'tasks', 'run', 'cpp_workflow', 'refactor_process', 'manual__2021-12-13T13:25:17.600664+00:00', '--job-id', '1096', '--raw', '--subdir', 'DAGS_FOLDER/first_dag.py', '--cfg-path', '/tmp/tmpdcrv2ikg', '--error-file', '/tmp/tmpknfbp0tl']
[2021-12-13 13:25:27,845] {standard_task_runner.py:77} INFO - Job 1096: Subtask refactor_process
[2021-12-13 13:25:27,896] {logging_mixin.py:109} INFO - Running <TaskInstance: cpp_workflow.refactor_process manual__2021-12-13T13:25:17.600664+00:00 [running]> on host 218df5ddc363
[2021-12-13 13:25:27,958] {taskinstance.py:1429} INFO - Exporting the following env vars:
AIRFLOW_CTX_DAG_OWNER=***
AIRFLOW_CTX_DAG_ID=cpp_workflow
AIRFLOW_CTX_TASK_ID=refactor_process
AIRFLOW_CTX_EXECUTION_DATE=2021-12-13T13:25:17.600664+00:00
AIRFLOW_CTX_DAG_RUN_ID=manual__2021-12-13T13:25:17.600664+00:00
[2021-12-13 13:25:28,020] {python.py:152} INFO - Done. Returned value was: None
[2021-12-13 13:25:28,037] {taskinstance.py:1280} INFO - Marking task as SUCCESS. dag_id=cpp_workflow, task_id=refactor_process, execution_date=20211213T132517, start_date=20211213T132527, end_date=20211213T132528
[2021-12-13 13:25:28,097] {local_task_job.py:154} INFO - Task exited with return code 0
[2021-12-13 13:25:28,182] {local_task_job.py:264} INFO - 0 downstream tasks scheduled from follow-on schedule check
