[2021-12-08 15:00:30,227] {taskinstance.py:1035} INFO - Dependencies all met for <TaskInstance: cpp_workflow.pre_process scheduled__2021-10-24T00:00:00+00:00 [queued]>
[2021-12-08 15:00:31,316] {taskinstance.py:1035} INFO - Dependencies all met for <TaskInstance: cpp_workflow.pre_process scheduled__2021-10-24T00:00:00+00:00 [queued]>
[2021-12-08 15:00:31,323] {taskinstance.py:1241} INFO - 
--------------------------------------------------------------------------------
[2021-12-08 15:00:31,325] {taskinstance.py:1242} INFO - Starting attempt 1 of 1
[2021-12-08 15:00:31,326] {taskinstance.py:1243} INFO - 
--------------------------------------------------------------------------------
[2021-12-08 15:00:31,630] {taskinstance.py:1262} INFO - Executing <Task(PythonOperator): pre_process> on 2021-10-24 00:00:00+00:00
[2021-12-08 15:00:31,648] {standard_task_runner.py:52} INFO - Started process 982 to run task
[2021-12-08 15:00:31,704] {standard_task_runner.py:76} INFO - Running: ['***', 'tasks', 'run', 'cpp_workflow', 'pre_process', 'scheduled__2021-10-24T00:00:00+00:00', '--job-id', '360', '--raw', '--subdir', 'DAGS_FOLDER/first_dag.py', '--cfg-path', '/tmp/tmphumuhetv', '--error-file', '/tmp/tmppqi1yxkp']
[2021-12-08 15:00:31,727] {standard_task_runner.py:77} INFO - Job 360: Subtask pre_process
[2021-12-08 15:00:38,162] {logging_mixin.py:109} INFO - Running <TaskInstance: cpp_workflow.pre_process scheduled__2021-10-24T00:00:00+00:00 [running]> on host 8edf9af2b560
[2021-12-08 15:00:38,913] {taskinstance.py:1429} INFO - Exporting the following env vars:
AIRFLOW_CTX_DAG_OWNER=***
AIRFLOW_CTX_DAG_ID=cpp_workflow
AIRFLOW_CTX_TASK_ID=pre_process
AIRFLOW_CTX_EXECUTION_DATE=2021-10-24T00:00:00+00:00
AIRFLOW_CTX_DAG_RUN_ID=scheduled__2021-10-24T00:00:00+00:00
[2021-12-08 15:01:05,154] {local_task_job.py:154} INFO - Task exited with return code Negsignal.SIGKILL
[2021-12-08 15:01:05,406] {taskinstance.py:1280} INFO - Marking task as FAILED. dag_id=cpp_workflow, task_id=pre_process, execution_date=20211024T000000, start_date=20211208T150030, end_date=20211208T150105
[2021-12-08 15:01:05,614] {local_task_job.py:264} INFO - 0 downstream tasks scheduled from follow-on schedule check
