[2022-01-07 00:00:19,599] {taskinstance.py:1035} INFO - Dependencies all met for <TaskInstance: cpp_workflow.update_processed_files_image scheduled__2022-01-06T00:00:00+00:00 [queued]>
[2022-01-07 00:00:19,637] {taskinstance.py:1035} INFO - Dependencies all met for <TaskInstance: cpp_workflow.update_processed_files_image scheduled__2022-01-06T00:00:00+00:00 [queued]>
[2022-01-07 00:00:19,638] {taskinstance.py:1241} INFO - 
--------------------------------------------------------------------------------
[2022-01-07 00:00:19,639] {taskinstance.py:1242} INFO - Starting attempt 1 of 1
[2022-01-07 00:00:19,640] {taskinstance.py:1243} INFO - 
--------------------------------------------------------------------------------
[2022-01-07 00:00:19,674] {taskinstance.py:1262} INFO - Executing <Task(PythonOperator): update_processed_files_image> on 2022-01-06 00:00:00+00:00
[2022-01-07 00:00:19,685] {standard_task_runner.py:52} INFO - Started process 7760 to run task
[2022-01-07 00:00:19,698] {standard_task_runner.py:76} INFO - Running: ['***', 'tasks', 'run', 'cpp_workflow', 'update_processed_files_image', 'scheduled__2022-01-06T00:00:00+00:00', '--job-id', '2500', '--raw', '--subdir', 'DAGS_FOLDER/first_dag.py', '--cfg-path', '/tmp/tmp81xb5jj_', '--error-file', '/tmp/tmpjfm4htn9']
[2022-01-07 00:00:19,701] {standard_task_runner.py:77} INFO - Job 2500: Subtask update_processed_files_image
[2022-01-07 00:00:19,821] {logging_mixin.py:109} INFO - Running <TaskInstance: cpp_workflow.update_processed_files_image scheduled__2022-01-06T00:00:00+00:00 [running]> on host 218df5ddc363
[2022-01-07 00:00:19,954] {taskinstance.py:1429} INFO - Exporting the following env vars:
AIRFLOW_CTX_DAG_OWNER=***
AIRFLOW_CTX_DAG_ID=cpp_workflow
AIRFLOW_CTX_TASK_ID=update_processed_files_image
AIRFLOW_CTX_EXECUTION_DATE=2022-01-06T00:00:00+00:00
AIRFLOW_CTX_DAG_RUN_ID=scheduled__2022-01-06T00:00:00+00:00
[2022-01-07 00:00:19,998] {python.py:152} INFO - Done. Returned value was: None
[2022-01-07 00:00:20,030] {taskinstance.py:1280} INFO - Marking task as SUCCESS. dag_id=cpp_workflow, task_id=update_processed_files_image, execution_date=20220106T000000, start_date=20220107T000019, end_date=20220107T000020
[2022-01-07 00:00:20,109] {local_task_job.py:154} INFO - Task exited with return code 0
[2022-01-07 00:00:20,205] {local_task_job.py:264} INFO - 1 downstream tasks scheduled from follow-on schedule check
