[2021-12-13 12:41:52,213] {taskinstance.py:1035} INFO - Dependencies all met for <TaskInstance: cpp_workflow.check_mediaPrepareFile manual__2021-12-13T12:41:49.910893+00:00 [queued]>
[2021-12-13 12:41:52,234] {taskinstance.py:1035} INFO - Dependencies all met for <TaskInstance: cpp_workflow.check_mediaPrepareFile manual__2021-12-13T12:41:49.910893+00:00 [queued]>
[2021-12-13 12:41:52,236] {taskinstance.py:1241} INFO - 
--------------------------------------------------------------------------------
[2021-12-13 12:41:52,238] {taskinstance.py:1242} INFO - Starting attempt 1 of 3
[2021-12-13 12:41:52,238] {taskinstance.py:1243} INFO - 
--------------------------------------------------------------------------------
[2021-12-13 12:41:52,259] {taskinstance.py:1262} INFO - Executing <Task(BashOperator): check_mediaPrepareFile> on 2021-12-13 12:41:49.910893+00:00
[2021-12-13 12:41:52,266] {standard_task_runner.py:52} INFO - Started process 4134 to run task
[2021-12-13 12:41:52,273] {standard_task_runner.py:76} INFO - Running: ['***', 'tasks', 'run', 'cpp_workflow', 'check_mediaPrepareFile', 'manual__2021-12-13T12:41:49.910893+00:00', '--job-id', '1043', '--raw', '--subdir', 'DAGS_FOLDER/first_dag.py', '--cfg-path', '/tmp/tmphryw6_dc', '--error-file', '/tmp/tmpbmggamk5']
[2021-12-13 12:41:52,275] {standard_task_runner.py:77} INFO - Job 1043: Subtask check_mediaPrepareFile
[2021-12-13 12:41:52,349] {logging_mixin.py:109} INFO - Running <TaskInstance: cpp_workflow.check_mediaPrepareFile manual__2021-12-13T12:41:49.910893+00:00 [running]> on host 218df5ddc363
[2021-12-13 12:41:52,439] {taskinstance.py:1429} INFO - Exporting the following env vars:
AIRFLOW_CTX_DAG_OWNER=***
AIRFLOW_CTX_DAG_ID=cpp_workflow
AIRFLOW_CTX_TASK_ID=check_mediaPrepareFile
AIRFLOW_CTX_EXECUTION_DATE=2021-12-13T12:41:49.910893+00:00
AIRFLOW_CTX_DAG_RUN_ID=manual__2021-12-13T12:41:49.910893+00:00
[2021-12-13 12:41:52,440] {subprocess.py:62} INFO - Tmp dir root location: 
 /tmp
[2021-12-13 12:41:52,442] {subprocess.py:74} INFO - Running command: ['bash', '-c', 'sha256sum /opt/***/official_data/MediaPrepare.csv']
[2021-12-13 12:41:52,456] {subprocess.py:85} INFO - Output:
[2021-12-13 12:41:52,463] {subprocess.py:89} INFO - 0b00e35412b4279caf7dae04510ba6b449d6c8ca17b4a4622c5d7280c03de385  /opt/***/official_data/MediaPrepare.csv
[2021-12-13 12:41:52,464] {subprocess.py:93} INFO - Command exited with return code 0
[2021-12-13 12:41:52,506] {taskinstance.py:1280} INFO - Marking task as SUCCESS. dag_id=cpp_workflow, task_id=check_mediaPrepareFile, execution_date=20211213T124149, start_date=20211213T124152, end_date=20211213T124152
[2021-12-13 12:41:52,568] {local_task_job.py:154} INFO - Task exited with return code 0
[2021-12-13 12:41:52,657] {local_task_job.py:264} INFO - 0 downstream tasks scheduled from follow-on schedule check
