[2022-01-14 11:25:34,683] {taskinstance.py:1035} INFO - Dependencies all met for <TaskInstance: cpp_workflow.col_process_media_prepare scheduled__2022-01-13T00:00:00+00:00 [queued]>
[2022-01-14 11:25:34,692] {taskinstance.py:1035} INFO - Dependencies all met for <TaskInstance: cpp_workflow.col_process_media_prepare scheduled__2022-01-13T00:00:00+00:00 [queued]>
[2022-01-14 11:25:34,693] {taskinstance.py:1241} INFO - 
--------------------------------------------------------------------------------
[2022-01-14 11:25:34,693] {taskinstance.py:1242} INFO - Starting attempt 1 of 1
[2022-01-14 11:25:34,693] {taskinstance.py:1243} INFO - 
--------------------------------------------------------------------------------
[2022-01-14 11:25:34,705] {taskinstance.py:1262} INFO - Executing <Task(PythonOperator): col_process_media_prepare> on 2022-01-13 00:00:00+00:00
[2022-01-14 11:25:34,710] {standard_task_runner.py:52} INFO - Started process 83 to run task
[2022-01-14 11:25:34,714] {standard_task_runner.py:76} INFO - Running: ['***', 'tasks', 'run', 'cpp_workflow', 'col_process_media_prepare', 'scheduled__2022-01-13T00:00:00+00:00', '--job-id', '2679', '--raw', '--subdir', 'DAGS_FOLDER/first_dag.py', '--cfg-path', '/tmp/tmp2he4m32d', '--error-file', '/tmp/tmpmuxvqil9']
[2022-01-14 11:25:34,715] {standard_task_runner.py:77} INFO - Job 2679: Subtask col_process_media_prepare
[2022-01-14 11:25:34,755] {logging_mixin.py:109} INFO - Running <TaskInstance: cpp_workflow.col_process_media_prepare scheduled__2022-01-13T00:00:00+00:00 [running]> on host 218df5ddc363
[2022-01-14 11:25:34,804] {taskinstance.py:1429} INFO - Exporting the following env vars:
AIRFLOW_CTX_DAG_OWNER=***
AIRFLOW_CTX_DAG_ID=cpp_workflow
AIRFLOW_CTX_TASK_ID=col_process_media_prepare
AIRFLOW_CTX_EXECUTION_DATE=2022-01-13T00:00:00+00:00
AIRFLOW_CTX_DAG_RUN_ID=scheduled__2022-01-13T00:00:00+00:00
[2022-01-14 11:25:34,806] {python.py:152} INFO - Done. Returned value was: None
[2022-01-14 11:25:34,818] {taskinstance.py:1280} INFO - Marking task as SUCCESS. dag_id=cpp_workflow, task_id=col_process_media_prepare, execution_date=20220113T000000, start_date=20220114T112534, end_date=20220114T112534
[2022-01-14 11:25:34,846] {local_task_job.py:154} INFO - Task exited with return code 0
[2022-01-14 11:25:34,883] {local_task_job.py:264} INFO - 1 downstream tasks scheduled from follow-on schedule check
