[2022-01-02 23:47:17,249] {taskinstance.py:1035} INFO - Dependencies all met for <TaskInstance: cpp_workflow.update_processed_files_image manual__2022-01-02T23:46:32.899506+00:00 [queued]>
[2022-01-02 23:47:17,267] {taskinstance.py:1035} INFO - Dependencies all met for <TaskInstance: cpp_workflow.update_processed_files_image manual__2022-01-02T23:46:32.899506+00:00 [queued]>
[2022-01-02 23:47:17,268] {taskinstance.py:1241} INFO - 
--------------------------------------------------------------------------------
[2022-01-02 23:47:17,268] {taskinstance.py:1242} INFO - Starting attempt 1 of 1
[2022-01-02 23:47:17,269] {taskinstance.py:1243} INFO - 
--------------------------------------------------------------------------------
[2022-01-02 23:47:17,296] {taskinstance.py:1262} INFO - Executing <Task(PythonOperator): update_processed_files_image> on 2022-01-02 23:46:32.899506+00:00
[2022-01-02 23:47:17,302] {standard_task_runner.py:52} INFO - Started process 735 to run task
[2022-01-02 23:47:17,308] {standard_task_runner.py:76} INFO - Running: ['***', 'tasks', 'run', 'cpp_workflow', 'update_processed_files_image', 'manual__2022-01-02T23:46:32.899506+00:00', '--job-id', '1919', '--raw', '--subdir', 'DAGS_FOLDER/first_dag.py', '--cfg-path', '/tmp/tmp2l2r1qow', '--error-file', '/tmp/tmp3ri467rd']
[2022-01-02 23:47:17,309] {standard_task_runner.py:77} INFO - Job 1919: Subtask update_processed_files_image
[2022-01-02 23:47:17,391] {logging_mixin.py:109} INFO - Running <TaskInstance: cpp_workflow.update_processed_files_image manual__2022-01-02T23:46:32.899506+00:00 [running]> on host 218df5ddc363
[2022-01-02 23:47:17,479] {taskinstance.py:1429} INFO - Exporting the following env vars:
AIRFLOW_CTX_DAG_OWNER=***
AIRFLOW_CTX_DAG_ID=cpp_workflow
AIRFLOW_CTX_TASK_ID=update_processed_files_image
AIRFLOW_CTX_EXECUTION_DATE=2022-01-02T23:46:32.899506+00:00
AIRFLOW_CTX_DAG_RUN_ID=manual__2022-01-02T23:46:32.899506+00:00
[2022-01-02 23:47:17,538] {python.py:152} INFO - Done. Returned value was: None
[2022-01-02 23:47:17,571] {taskinstance.py:1280} INFO - Marking task as SUCCESS. dag_id=cpp_workflow, task_id=update_processed_files_image, execution_date=20220102T234632, start_date=20220102T234717, end_date=20220102T234717
[2022-01-02 23:47:17,612] {local_task_job.py:154} INFO - Task exited with return code 0
[2022-01-02 23:47:17,672] {local_task_job.py:264} INFO - 1 downstream tasks scheduled from follow-on schedule check
