[2021-12-25 22:20:50,055] {taskinstance.py:1035} INFO - Dependencies all met for <TaskInstance: cpp_workflow.connect_to_database scheduled__2021-12-24T00:00:00+00:00 [queued]>
[2021-12-25 22:20:50,065] {taskinstance.py:1035} INFO - Dependencies all met for <TaskInstance: cpp_workflow.connect_to_database scheduled__2021-12-24T00:00:00+00:00 [queued]>
[2021-12-25 22:20:50,065] {taskinstance.py:1241} INFO - 
--------------------------------------------------------------------------------
[2021-12-25 22:20:50,066] {taskinstance.py:1242} INFO - Starting attempt 1 of 1
[2021-12-25 22:20:50,066] {taskinstance.py:1243} INFO - 
--------------------------------------------------------------------------------
[2021-12-25 22:20:50,078] {taskinstance.py:1262} INFO - Executing <Task(PythonOperator): connect_to_database> on 2021-12-24 00:00:00+00:00
[2021-12-25 22:20:50,082] {standard_task_runner.py:52} INFO - Started process 98 to run task
[2021-12-25 22:20:50,085] {standard_task_runner.py:76} INFO - Running: ['***', 'tasks', 'run', 'cpp_workflow', 'connect_to_database', 'scheduled__2021-12-24T00:00:00+00:00', '--job-id', '1560', '--raw', '--subdir', 'DAGS_FOLDER/first_dag.py', '--cfg-path', '/tmp/tmpe3d8o3i6', '--error-file', '/tmp/tmpd4unwxeq']
[2021-12-25 22:20:50,087] {standard_task_runner.py:77} INFO - Job 1560: Subtask connect_to_database
[2021-12-25 22:20:50,125] {logging_mixin.py:109} INFO - Running <TaskInstance: cpp_workflow.connect_to_database scheduled__2021-12-24T00:00:00+00:00 [running]> on host 218df5ddc363
[2021-12-25 22:20:50,168] {taskinstance.py:1429} INFO - Exporting the following env vars:
AIRFLOW_CTX_DAG_OWNER=***
AIRFLOW_CTX_DAG_ID=cpp_workflow
AIRFLOW_CTX_TASK_ID=connect_to_database
AIRFLOW_CTX_EXECUTION_DATE=2021-12-24T00:00:00+00:00
AIRFLOW_CTX_DAG_RUN_ID=scheduled__2021-12-24T00:00:00+00:00
[2021-12-25 22:20:50,303] {logging_mixin.py:109} INFO - Error while connecting to the database 2003: Can't connect to MySQL server on '%-.100s:%u' (%s) (Warning: %u format: a number is required, not str)
[2021-12-25 22:20:50,303] {taskinstance.py:1703} ERROR - Task failed with exception
Traceback (most recent call last):
  File "/home/airflow/.local/lib/python3.7/site-packages/airflow/models/taskinstance.py", line 1332, in _run_raw_task
    self._execute_task_with_callbacks(context)
  File "/home/airflow/.local/lib/python3.7/site-packages/airflow/models/taskinstance.py", line 1458, in _execute_task_with_callbacks
    result = self._execute_task(context, self.task)
  File "/home/airflow/.local/lib/python3.7/site-packages/airflow/models/taskinstance.py", line 1514, in _execute_task
    result = execute_callable(context=context)
  File "/home/airflow/.local/lib/python3.7/site-packages/airflow/operators/python.py", line 151, in execute
    return_value = self.execute_callable()
  File "/home/airflow/.local/lib/python3.7/site-packages/airflow/operators/python.py", line 162, in execute_callable
    return self.python_callable(*self.op_args, **self.op_kwargs)
  File "/opt/airflow/dags/database.py", line 73, in database_connection
    mydb.close()
UnboundLocalError: local variable 'mydb' referenced before assignment
[2021-12-25 22:20:50,322] {taskinstance.py:1280} INFO - Marking task as FAILED. dag_id=cpp_workflow, task_id=connect_to_database, execution_date=20211224T000000, start_date=20211225T222050, end_date=20211225T222050
[2021-12-25 22:20:50,338] {standard_task_runner.py:91} ERROR - Failed to execute job 1560 for task connect_to_database
Traceback (most recent call last):
  File "/home/airflow/.local/lib/python3.7/site-packages/airflow/task/task_runner/standard_task_runner.py", line 85, in _start_by_fork
    args.func(args, dag=self.dag)
  File "/home/airflow/.local/lib/python3.7/site-packages/airflow/cli/cli_parser.py", line 48, in command
    return func(*args, **kwargs)
  File "/home/airflow/.local/lib/python3.7/site-packages/airflow/utils/cli.py", line 92, in wrapper
    return f(*args, **kwargs)
  File "/home/airflow/.local/lib/python3.7/site-packages/airflow/cli/commands/task_command.py", line 292, in task_run
    _run_task_by_selected_method(args, dag, ti)
  File "/home/airflow/.local/lib/python3.7/site-packages/airflow/cli/commands/task_command.py", line 107, in _run_task_by_selected_method
    _run_raw_task(args, ti)
  File "/home/airflow/.local/lib/python3.7/site-packages/airflow/cli/commands/task_command.py", line 184, in _run_raw_task
    error_file=args.error_file,
  File "/home/airflow/.local/lib/python3.7/site-packages/airflow/utils/session.py", line 70, in wrapper
    return func(*args, session=session, **kwargs)
  File "/home/airflow/.local/lib/python3.7/site-packages/airflow/models/taskinstance.py", line 1332, in _run_raw_task
    self._execute_task_with_callbacks(context)
  File "/home/airflow/.local/lib/python3.7/site-packages/airflow/models/taskinstance.py", line 1458, in _execute_task_with_callbacks
    result = self._execute_task(context, self.task)
  File "/home/airflow/.local/lib/python3.7/site-packages/airflow/models/taskinstance.py", line 1514, in _execute_task
    result = execute_callable(context=context)
  File "/home/airflow/.local/lib/python3.7/site-packages/airflow/operators/python.py", line 151, in execute
    return_value = self.execute_callable()
  File "/home/airflow/.local/lib/python3.7/site-packages/airflow/operators/python.py", line 162, in execute_callable
    return self.python_callable(*self.op_args, **self.op_kwargs)
  File "/opt/airflow/dags/database.py", line 73, in database_connection
    mydb.close()
UnboundLocalError: local variable 'mydb' referenced before assignment
[2021-12-25 22:20:50,379] {local_task_job.py:154} INFO - Task exited with return code 1
[2021-12-25 22:20:50,404] {local_task_job.py:264} INFO - 0 downstream tasks scheduled from follow-on schedule check
