[2022-01-02 23:47:08,126] {taskinstance.py:1035} INFO - Dependencies all met for <TaskInstance: cpp_workflow.pre_process_print_cycle manual__2022-01-02T23:46:32.899506+00:00 [queued]>
[2022-01-02 23:47:08,143] {taskinstance.py:1035} INFO - Dependencies all met for <TaskInstance: cpp_workflow.pre_process_print_cycle manual__2022-01-02T23:46:32.899506+00:00 [queued]>
[2022-01-02 23:47:08,144] {taskinstance.py:1241} INFO - 
--------------------------------------------------------------------------------
[2022-01-02 23:47:08,144] {taskinstance.py:1242} INFO - Starting attempt 1 of 1
[2022-01-02 23:47:08,144] {taskinstance.py:1243} INFO - 
--------------------------------------------------------------------------------
[2022-01-02 23:47:08,159] {taskinstance.py:1262} INFO - Executing <Task(PythonOperator): pre_process_print_cycle> on 2022-01-02 23:46:32.899506+00:00
[2022-01-02 23:47:08,165] {standard_task_runner.py:52} INFO - Started process 698 to run task
[2022-01-02 23:47:08,171] {standard_task_runner.py:76} INFO - Running: ['***', 'tasks', 'run', 'cpp_workflow', 'pre_process_print_cycle', 'manual__2022-01-02T23:46:32.899506+00:00', '--job-id', '1910', '--raw', '--subdir', 'DAGS_FOLDER/first_dag.py', '--cfg-path', '/tmp/tmpnjpi3ef5', '--error-file', '/tmp/tmp28p7a8xx']
[2022-01-02 23:47:08,172] {standard_task_runner.py:77} INFO - Job 1910: Subtask pre_process_print_cycle
[2022-01-02 23:47:08,238] {logging_mixin.py:109} INFO - Running <TaskInstance: cpp_workflow.pre_process_print_cycle manual__2022-01-02T23:46:32.899506+00:00 [running]> on host 218df5ddc363
[2022-01-02 23:47:08,289] {taskinstance.py:1429} INFO - Exporting the following env vars:
AIRFLOW_CTX_DAG_OWNER=***
AIRFLOW_CTX_DAG_ID=cpp_workflow
AIRFLOW_CTX_TASK_ID=pre_process_print_cycle
AIRFLOW_CTX_EXECUTION_DATE=2022-01-02T23:46:32.899506+00:00
AIRFLOW_CTX_DAG_RUN_ID=manual__2022-01-02T23:46:32.899506+00:00
[2022-01-02 23:47:08,291] {python.py:152} INFO - Done. Returned value was: None
[2022-01-02 23:47:08,303] {taskinstance.py:1280} INFO - Marking task as SUCCESS. dag_id=cpp_workflow, task_id=pre_process_print_cycle, execution_date=20220102T234632, start_date=20220102T234708, end_date=20220102T234708
[2022-01-02 23:47:08,343] {local_task_job.py:154} INFO - Task exited with return code 0
[2022-01-02 23:47:08,391] {local_task_job.py:264} INFO - 1 downstream tasks scheduled from follow-on schedule check
