[2021-12-17 12:30:39,309] {taskinstance.py:1035} INFO - Dependencies all met for <TaskInstance: cpp_workflow.check_printCycleFile scheduled__2021-12-16T00:00:00+00:00 [queued]>
[2021-12-17 12:30:39,423] {taskinstance.py:1035} INFO - Dependencies all met for <TaskInstance: cpp_workflow.check_printCycleFile scheduled__2021-12-16T00:00:00+00:00 [queued]>
[2021-12-17 12:30:39,424] {taskinstance.py:1241} INFO - 
--------------------------------------------------------------------------------
[2021-12-17 12:30:39,424] {taskinstance.py:1242} INFO - Starting attempt 1 of 3
[2021-12-17 12:30:39,437] {taskinstance.py:1243} INFO - 
--------------------------------------------------------------------------------
[2021-12-17 12:30:39,800] {taskinstance.py:1262} INFO - Executing <Task(BashOperator): check_printCycleFile> on 2021-12-16 00:00:00+00:00
[2021-12-17 12:30:39,915] {standard_task_runner.py:52} INFO - Started process 94 to run task
[2021-12-17 12:30:40,037] {standard_task_runner.py:76} INFO - Running: ['***', 'tasks', 'run', 'cpp_workflow', 'check_printCycleFile', 'scheduled__2021-12-16T00:00:00+00:00', '--job-id', '1413', '--raw', '--subdir', 'DAGS_FOLDER/first_dag.py', '--cfg-path', '/tmp/tmpamclfuq9', '--error-file', '/tmp/tmp_sneqs9r']
[2021-12-17 12:30:40,040] {standard_task_runner.py:77} INFO - Job 1413: Subtask check_printCycleFile
[2021-12-17 12:30:41,127] {logging_mixin.py:109} INFO - Running <TaskInstance: cpp_workflow.check_printCycleFile scheduled__2021-12-16T00:00:00+00:00 [running]> on host 218df5ddc363
[2021-12-17 12:30:44,767] {taskinstance.py:1429} INFO - Exporting the following env vars:
AIRFLOW_CTX_DAG_OWNER=***
AIRFLOW_CTX_DAG_ID=cpp_workflow
AIRFLOW_CTX_TASK_ID=check_printCycleFile
AIRFLOW_CTX_EXECUTION_DATE=2021-12-16T00:00:00+00:00
AIRFLOW_CTX_DAG_RUN_ID=scheduled__2021-12-16T00:00:00+00:00
[2021-12-17 12:30:44,828] {subprocess.py:62} INFO - Tmp dir root location: 
 /tmp
[2021-12-17 12:30:44,847] {subprocess.py:74} INFO - Running command: ['bash', '-c', 'sha256sum /opt/***/official_data/PrintCycle.csv']
[2021-12-17 12:30:45,164] {subprocess.py:85} INFO - Output:
[2021-12-17 12:30:45,247] {subprocess.py:89} INFO - 78858cc4f604ffaf035d224054c7add9dd3d581b3895ebe52793396fb8556b0e  /opt/***/official_data/PrintCycle.csv
[2021-12-17 12:30:45,262] {subprocess.py:93} INFO - Command exited with return code 0
[2021-12-17 12:30:45,513] {taskinstance.py:1280} INFO - Marking task as SUCCESS. dag_id=cpp_workflow, task_id=check_printCycleFile, execution_date=20211216T000000, start_date=20211217T123039, end_date=20211217T123045
[2021-12-17 12:30:45,660] {local_task_job.py:154} INFO - Task exited with return code 0
[2021-12-17 12:30:45,880] {local_task_job.py:264} INFO - 0 downstream tasks scheduled from follow-on schedule check
