[2022-01-10 13:33:12,870] {taskinstance.py:1035} INFO - Dependencies all met for <TaskInstance: cpp_workflow.database_processing_image manual__2022-01-10T13:32:54.242487+00:00 [queued]>
[2022-01-10 13:33:12,901] {taskinstance.py:1035} INFO - Dependencies all met for <TaskInstance: cpp_workflow.database_processing_image manual__2022-01-10T13:32:54.242487+00:00 [queued]>
[2022-01-10 13:33:12,901] {taskinstance.py:1241} INFO - 
--------------------------------------------------------------------------------
[2022-01-10 13:33:12,903] {taskinstance.py:1242} INFO - Starting attempt 1 of 1
[2022-01-10 13:33:12,904] {taskinstance.py:1243} INFO - 
--------------------------------------------------------------------------------
[2022-01-10 13:33:12,934] {taskinstance.py:1262} INFO - Executing <Task(PythonOperator): database_processing_image> on 2022-01-10 13:32:54.242487+00:00
[2022-01-10 13:33:12,942] {standard_task_runner.py:52} INFO - Started process 1811 to run task
[2022-01-10 13:33:12,948] {standard_task_runner.py:76} INFO - Running: ['***', 'tasks', 'run', 'cpp_workflow', 'database_processing_image', 'manual__2022-01-10T13:32:54.242487+00:00', '--job-id', '2591', '--raw', '--subdir', 'DAGS_FOLDER/first_dag.py', '--cfg-path', '/tmp/tmpvb0wfki8', '--error-file', '/tmp/tmpdskuzpn3']
[2022-01-10 13:33:12,950] {standard_task_runner.py:77} INFO - Job 2591: Subtask database_processing_image
[2022-01-10 13:33:13,032] {logging_mixin.py:109} INFO - Running <TaskInstance: cpp_workflow.database_processing_image manual__2022-01-10T13:32:54.242487+00:00 [running]> on host 218df5ddc363
[2022-01-10 13:33:13,133] {taskinstance.py:1429} INFO - Exporting the following env vars:
AIRFLOW_CTX_DAG_OWNER=***
AIRFLOW_CTX_DAG_ID=cpp_workflow
AIRFLOW_CTX_TASK_ID=database_processing_image
AIRFLOW_CTX_EXECUTION_DATE=2022-01-10T13:32:54.242487+00:00
AIRFLOW_CTX_DAG_RUN_ID=manual__2022-01-10T13:32:54.242487+00:00
[2022-01-10 13:33:13,137] {python.py:152} INFO - Done. Returned value was: None
[2022-01-10 13:33:13,162] {taskinstance.py:1280} INFO - Marking task as SUCCESS. dag_id=cpp_workflow, task_id=database_processing_image, execution_date=20220110T133254, start_date=20220110T133312, end_date=20220110T133313
[2022-01-10 13:33:13,201] {local_task_job.py:154} INFO - Task exited with return code 0
[2022-01-10 13:33:13,288] {local_task_job.py:264} INFO - 1 downstream tasks scheduled from follow-on schedule check
