[2021-12-08 14:44:58,323] {taskinstance.py:1035} INFO - Dependencies all met for <TaskInstance: cpp_workflow.pre_process scheduled__2021-07-12T00:00:00+00:00 [queued]>
[2021-12-08 14:44:58,408] {taskinstance.py:1035} INFO - Dependencies all met for <TaskInstance: cpp_workflow.pre_process scheduled__2021-07-12T00:00:00+00:00 [queued]>
[2021-12-08 14:44:58,408] {taskinstance.py:1241} INFO - 
--------------------------------------------------------------------------------
[2021-12-08 14:44:58,409] {taskinstance.py:1242} INFO - Starting attempt 1 of 1
[2021-12-08 14:44:58,410] {taskinstance.py:1243} INFO - 
--------------------------------------------------------------------------------
[2021-12-08 14:44:58,482] {taskinstance.py:1262} INFO - Executing <Task(PythonOperator): pre_process> on 2021-07-12 00:00:00+00:00
[2021-12-08 14:44:58,492] {standard_task_runner.py:52} INFO - Started process 139 to run task
[2021-12-08 14:44:58,499] {standard_task_runner.py:76} INFO - Running: ['***', 'tasks', 'run', 'cpp_workflow', 'pre_process', 'scheduled__2021-07-12T00:00:00+00:00', '--job-id', '123', '--raw', '--subdir', 'DAGS_FOLDER/first_dag.py', '--cfg-path', '/tmp/tmpowoi3s03', '--error-file', '/tmp/tmp49r2jitf']
[2021-12-08 14:44:58,516] {standard_task_runner.py:77} INFO - Job 123: Subtask pre_process
[2021-12-08 14:44:58,788] {logging_mixin.py:109} INFO - Running <TaskInstance: cpp_workflow.pre_process scheduled__2021-07-12T00:00:00+00:00 [running]> on host 6ff10d26dc07
[2021-12-08 14:44:59,458] {taskinstance.py:1429} INFO - Exporting the following env vars:
AIRFLOW_CTX_DAG_OWNER=***
AIRFLOW_CTX_DAG_ID=cpp_workflow
AIRFLOW_CTX_TASK_ID=pre_process
AIRFLOW_CTX_EXECUTION_DATE=2021-07-12T00:00:00+00:00
AIRFLOW_CTX_DAG_RUN_ID=scheduled__2021-07-12T00:00:00+00:00
[2021-12-08 14:45:15,805] {warnings.py:110} WARNING - /home/***/.local/lib/python3.7/site-packages/***/operators/python.py:162: DtypeWarning: Columns (0,1,2,3) have mixed types.Specify dtype option on import or set low_memory=False.
  return self.python_callable(*self.op_args, **self.op_kwargs)

[2021-12-08 14:45:18,625] {python.py:152} INFO - Done. Returned value was: None
[2021-12-08 14:45:18,941] {taskinstance.py:1280} INFO - Marking task as SUCCESS. dag_id=cpp_workflow, task_id=pre_process, execution_date=20210712T000000, start_date=20211208T144458, end_date=20211208T144518
[2021-12-08 14:45:19,051] {local_task_job.py:212} WARNING - State of this instance has been externally set to success. Terminating instance.
[2021-12-08 14:45:19,071] {process_utils.py:100} INFO - Sending Signals.SIGTERM to GPID 139
[2021-12-08 14:45:19,113] {process_utils.py:66} INFO - Process psutil.Process(pid=139, status='terminated', exitcode=0, started='14:44:57') (139) terminated with exit code 0
