[2021-12-25 22:20:35,364] {processor.py:163} INFO - Started process (PID=46) to work on /opt/airflow/dags/first_dag.py
[2021-12-25 22:20:35,367] {processor.py:625} INFO - Processing file /opt/airflow/dags/first_dag.py for tasks to queue
[2021-12-25 22:20:35,370] {logging_mixin.py:109} INFO - [2021-12-25 22:20:35,369] {dagbag.py:500} INFO - Filling up the DagBag from /opt/airflow/dags/first_dag.py
[2021-12-25 22:20:36,479] {processor.py:637} INFO - DAG(s) dict_keys(['cpp_workflow']) retrieved from /opt/airflow/dags/first_dag.py
[2021-12-25 22:20:36,495] {logging_mixin.py:109} INFO - [2021-12-25 22:20:36,495] {dag.py:2396} INFO - Sync 1 DAGs
[2021-12-25 22:20:36,531] {logging_mixin.py:109} INFO - [2021-12-25 22:20:36,531] {dag.py:2928} INFO - Setting next_dagrun for cpp_workflow to 2021-12-25T00:00:00+00:00
[2021-12-25 22:20:36,551] {processor.py:171} INFO - Processing /opt/airflow/dags/first_dag.py took 1.192 seconds
[2021-12-25 22:21:06,647] {processor.py:163} INFO - Started process (PID=107) to work on /opt/airflow/dags/first_dag.py
[2021-12-25 22:21:06,656] {processor.py:625} INFO - Processing file /opt/airflow/dags/first_dag.py for tasks to queue
[2021-12-25 22:21:06,658] {logging_mixin.py:109} INFO - [2021-12-25 22:21:06,658] {dagbag.py:500} INFO - Filling up the DagBag from /opt/airflow/dags/first_dag.py
[2021-12-25 22:21:09,757] {processor.py:637} INFO - DAG(s) dict_keys(['cpp_workflow']) retrieved from /opt/airflow/dags/first_dag.py
[2021-12-25 22:21:09,798] {logging_mixin.py:109} INFO - [2021-12-25 22:21:09,797] {dag.py:2396} INFO - Sync 1 DAGs
[2021-12-25 22:21:09,872] {logging_mixin.py:109} INFO - [2021-12-25 22:21:09,872] {dag.py:2928} INFO - Setting next_dagrun for cpp_workflow to 2021-12-25T00:00:00+00:00
[2021-12-25 22:21:09,905] {processor.py:171} INFO - Processing /opt/airflow/dags/first_dag.py took 3.270 seconds
[2021-12-25 22:21:40,228] {processor.py:163} INFO - Started process (PID=170) to work on /opt/airflow/dags/first_dag.py
[2021-12-25 22:21:40,230] {processor.py:625} INFO - Processing file /opt/airflow/dags/first_dag.py for tasks to queue
[2021-12-25 22:21:40,231] {logging_mixin.py:109} INFO - [2021-12-25 22:21:40,231] {dagbag.py:500} INFO - Filling up the DagBag from /opt/airflow/dags/first_dag.py
[2021-12-25 22:21:41,335] {processor.py:637} INFO - DAG(s) dict_keys(['cpp_workflow']) retrieved from /opt/airflow/dags/first_dag.py
[2021-12-25 22:21:41,353] {logging_mixin.py:109} INFO - [2021-12-25 22:21:41,353] {dag.py:2396} INFO - Sync 1 DAGs
[2021-12-25 22:21:41,380] {logging_mixin.py:109} INFO - [2021-12-25 22:21:41,380] {dag.py:2928} INFO - Setting next_dagrun for cpp_workflow to 2021-12-25T00:00:00+00:00
[2021-12-25 22:21:41,397] {processor.py:171} INFO - Processing /opt/airflow/dags/first_dag.py took 1.176 seconds
[2021-12-25 22:22:12,043] {processor.py:163} INFO - Started process (PID=231) to work on /opt/airflow/dags/first_dag.py
[2021-12-25 22:22:12,069] {processor.py:625} INFO - Processing file /opt/airflow/dags/first_dag.py for tasks to queue
[2021-12-25 22:22:12,140] {logging_mixin.py:109} INFO - [2021-12-25 22:22:12,139] {dagbag.py:500} INFO - Filling up the DagBag from /opt/airflow/dags/first_dag.py
[2021-12-25 22:22:15,752] {processor.py:637} INFO - DAG(s) dict_keys(['cpp_workflow']) retrieved from /opt/airflow/dags/first_dag.py
[2021-12-25 22:22:15,799] {logging_mixin.py:109} INFO - [2021-12-25 22:22:15,790] {dag.py:2396} INFO - Sync 1 DAGs
[2021-12-25 22:22:15,866] {logging_mixin.py:109} INFO - [2021-12-25 22:22:15,866] {dag.py:2928} INFO - Setting next_dagrun for cpp_workflow to 2021-12-25T00:00:00+00:00
[2021-12-25 22:22:15,939] {processor.py:171} INFO - Processing /opt/airflow/dags/first_dag.py took 3.939 seconds
[2021-12-25 22:22:46,620] {processor.py:163} INFO - Started process (PID=286) to work on /opt/airflow/dags/first_dag.py
[2021-12-25 22:22:46,628] {processor.py:625} INFO - Processing file /opt/airflow/dags/first_dag.py for tasks to queue
[2021-12-25 22:22:46,631] {logging_mixin.py:109} INFO - [2021-12-25 22:22:46,631] {dagbag.py:500} INFO - Filling up the DagBag from /opt/airflow/dags/first_dag.py
[2021-12-25 22:22:48,504] {processor.py:637} INFO - DAG(s) dict_keys(['cpp_workflow']) retrieved from /opt/airflow/dags/first_dag.py
[2021-12-25 22:22:48,551] {logging_mixin.py:109} INFO - [2021-12-25 22:22:48,550] {dag.py:2396} INFO - Sync 1 DAGs
[2021-12-25 22:22:48,615] {logging_mixin.py:109} INFO - [2021-12-25 22:22:48,615] {dag.py:2928} INFO - Setting next_dagrun for cpp_workflow to 2021-12-25T00:00:00+00:00
[2021-12-25 22:22:48,657] {processor.py:171} INFO - Processing /opt/airflow/dags/first_dag.py took 2.043 seconds
