[2021-12-15 16:25:06,408] {taskinstance.py:1035} INFO - Dependencies all met for <TaskInstance: cpp_workflow.col_process manual__2021-12-15T16:24:57.805303+00:00 [queued]>
[2021-12-15 16:25:06,428] {taskinstance.py:1035} INFO - Dependencies all met for <TaskInstance: cpp_workflow.col_process manual__2021-12-15T16:24:57.805303+00:00 [queued]>
[2021-12-15 16:25:06,429] {taskinstance.py:1241} INFO - 
--------------------------------------------------------------------------------
[2021-12-15 16:25:06,430] {taskinstance.py:1242} INFO - Starting attempt 1 of 1
[2021-12-15 16:25:06,430] {taskinstance.py:1243} INFO - 
--------------------------------------------------------------------------------
[2021-12-15 16:25:06,453] {taskinstance.py:1262} INFO - Executing <Task(PythonOperator): col_process> on 2021-12-15 16:24:57.805303+00:00
[2021-12-15 16:25:06,460] {standard_task_runner.py:52} INFO - Started process 249 to run task
[2021-12-15 16:25:06,468] {standard_task_runner.py:76} INFO - Running: ['***', 'tasks', 'run', 'cpp_workflow', 'col_process', 'manual__2021-12-15T16:24:57.805303+00:00', '--job-id', '1403', '--raw', '--subdir', 'DAGS_FOLDER/first_dag.py', '--cfg-path', '/tmp/tmpqg2jt235', '--error-file', '/tmp/tmp1_sjewo3']
[2021-12-15 16:25:06,470] {standard_task_runner.py:77} INFO - Job 1403: Subtask col_process
[2021-12-15 16:25:06,544] {logging_mixin.py:109} INFO - Running <TaskInstance: cpp_workflow.col_process manual__2021-12-15T16:24:57.805303+00:00 [running]> on host 218df5ddc363
[2021-12-15 16:25:06,632] {taskinstance.py:1429} INFO - Exporting the following env vars:
AIRFLOW_CTX_DAG_OWNER=***
AIRFLOW_CTX_DAG_ID=cpp_workflow
AIRFLOW_CTX_TASK_ID=col_process
AIRFLOW_CTX_EXECUTION_DATE=2021-12-15T16:24:57.805303+00:00
AIRFLOW_CTX_DAG_RUN_ID=manual__2021-12-15T16:24:57.805303+00:00
[2021-12-15 16:25:06,685] {python.py:152} INFO - Done. Returned value was: None
[2021-12-15 16:25:06,705] {taskinstance.py:1280} INFO - Marking task as SUCCESS. dag_id=cpp_workflow, task_id=col_process, execution_date=20211215T162457, start_date=20211215T162506, end_date=20211215T162506
[2021-12-15 16:25:06,762] {local_task_job.py:154} INFO - Task exited with return code 0
[2021-12-15 16:25:06,959] {local_task_job.py:264} INFO - 0 downstream tasks scheduled from follow-on schedule check
