[2022-01-09 11:03:36,166] {taskinstance.py:1035} INFO - Dependencies all met for <TaskInstance: cpp_workflow.update_processed_files_print_cycle scheduled__2022-01-08T00:00:00+00:00 [queued]>
[2022-01-09 11:03:36,203] {taskinstance.py:1035} INFO - Dependencies all met for <TaskInstance: cpp_workflow.update_processed_files_print_cycle scheduled__2022-01-08T00:00:00+00:00 [queued]>
[2022-01-09 11:03:36,206] {taskinstance.py:1241} INFO - 
--------------------------------------------------------------------------------
[2022-01-09 11:03:36,206] {taskinstance.py:1242} INFO - Starting attempt 1 of 1
[2022-01-09 11:03:36,207] {taskinstance.py:1243} INFO - 
--------------------------------------------------------------------------------
[2022-01-09 11:03:36,226] {taskinstance.py:1262} INFO - Executing <Task(PythonOperator): update_processed_files_print_cycle> on 2022-01-08 00:00:00+00:00
[2022-01-09 11:03:36,248] {standard_task_runner.py:52} INFO - Started process 120 to run task
[2022-01-09 11:03:36,255] {standard_task_runner.py:76} INFO - Running: ['***', 'tasks', 'run', 'cpp_workflow', 'update_processed_files_print_cycle', 'scheduled__2022-01-08T00:00:00+00:00', '--job-id', '2541', '--raw', '--subdir', 'DAGS_FOLDER/first_dag.py', '--cfg-path', '/tmp/tmpicp7q8ax', '--error-file', '/tmp/tmp3hwf43m3']
[2022-01-09 11:03:36,258] {standard_task_runner.py:77} INFO - Job 2541: Subtask update_processed_files_print_cycle
[2022-01-09 11:03:36,348] {logging_mixin.py:109} INFO - Running <TaskInstance: cpp_workflow.update_processed_files_print_cycle scheduled__2022-01-08T00:00:00+00:00 [running]> on host 218df5ddc363
[2022-01-09 11:03:36,431] {taskinstance.py:1429} INFO - Exporting the following env vars:
AIRFLOW_CTX_DAG_OWNER=***
AIRFLOW_CTX_DAG_ID=cpp_workflow
AIRFLOW_CTX_TASK_ID=update_processed_files_print_cycle
AIRFLOW_CTX_EXECUTION_DATE=2022-01-08T00:00:00+00:00
AIRFLOW_CTX_DAG_RUN_ID=scheduled__2022-01-08T00:00:00+00:00
[2022-01-09 11:03:36,457] {python.py:152} INFO - Done. Returned value was: None
[2022-01-09 11:03:36,501] {taskinstance.py:1280} INFO - Marking task as SUCCESS. dag_id=cpp_workflow, task_id=update_processed_files_print_cycle, execution_date=20220108T000000, start_date=20220109T110336, end_date=20220109T110336
[2022-01-09 11:03:36,549] {local_task_job.py:154} INFO - Task exited with return code 0
[2022-01-09 11:03:36,612] {local_task_job.py:264} INFO - 0 downstream tasks scheduled from follow-on schedule check
