[2022-01-03 01:02:29,231] {taskinstance.py:1035} INFO - Dependencies all met for <TaskInstance: cpp_workflow.database_processing_image manual__2022-01-03T01:01:54.370046+00:00 [queued]>
[2022-01-03 01:02:29,250] {taskinstance.py:1035} INFO - Dependencies all met for <TaskInstance: cpp_workflow.database_processing_image manual__2022-01-03T01:01:54.370046+00:00 [queued]>
[2022-01-03 01:02:29,250] {taskinstance.py:1241} INFO - 
--------------------------------------------------------------------------------
[2022-01-03 01:02:29,251] {taskinstance.py:1242} INFO - Starting attempt 1 of 1
[2022-01-03 01:02:29,251] {taskinstance.py:1243} INFO - 
--------------------------------------------------------------------------------
[2022-01-03 01:02:29,268] {taskinstance.py:1262} INFO - Executing <Task(PythonOperator): database_processing_image> on 2022-01-03 01:01:54.370046+00:00
[2022-01-03 01:02:29,272] {standard_task_runner.py:52} INFO - Started process 4639 to run task
[2022-01-03 01:02:29,276] {standard_task_runner.py:76} INFO - Running: ['***', 'tasks', 'run', 'cpp_workflow', 'database_processing_image', 'manual__2022-01-03T01:01:54.370046+00:00', '--job-id', '2152', '--raw', '--subdir', 'DAGS_FOLDER/first_dag.py', '--cfg-path', '/tmp/tmp8mk9y7x1', '--error-file', '/tmp/tmpu1toeiif']
[2022-01-03 01:02:29,278] {standard_task_runner.py:77} INFO - Job 2152: Subtask database_processing_image
[2022-01-03 01:02:29,330] {logging_mixin.py:109} INFO - Running <TaskInstance: cpp_workflow.database_processing_image manual__2022-01-03T01:01:54.370046+00:00 [running]> on host 218df5ddc363
[2022-01-03 01:02:29,398] {taskinstance.py:1429} INFO - Exporting the following env vars:
AIRFLOW_CTX_DAG_OWNER=***
AIRFLOW_CTX_DAG_ID=cpp_workflow
AIRFLOW_CTX_TASK_ID=database_processing_image
AIRFLOW_CTX_EXECUTION_DATE=2022-01-03T01:01:54.370046+00:00
AIRFLOW_CTX_DAG_RUN_ID=manual__2022-01-03T01:01:54.370046+00:00
[2022-01-03 01:02:29,401] {python.py:152} INFO - Done. Returned value was: None
[2022-01-03 01:02:29,419] {taskinstance.py:1280} INFO - Marking task as SUCCESS. dag_id=cpp_workflow, task_id=database_processing_image, execution_date=20220103T010154, start_date=20220103T010229, end_date=20220103T010229
[2022-01-03 01:02:29,448] {local_task_job.py:154} INFO - Task exited with return code 0
[2022-01-03 01:02:29,539] {local_task_job.py:264} INFO - 0 downstream tasks scheduled from follow-on schedule check
