[2022-01-14 11:25:41,632] {taskinstance.py:1035} INFO - Dependencies all met for <TaskInstance: cpp_workflow.delete_working_files scheduled__2022-01-13T00:00:00+00:00 [queued]>
[2022-01-14 11:25:41,642] {taskinstance.py:1035} INFO - Dependencies all met for <TaskInstance: cpp_workflow.delete_working_files scheduled__2022-01-13T00:00:00+00:00 [queued]>
[2022-01-14 11:25:41,642] {taskinstance.py:1241} INFO - 
--------------------------------------------------------------------------------
[2022-01-14 11:25:41,642] {taskinstance.py:1242} INFO - Starting attempt 1 of 1
[2022-01-14 11:25:41,643] {taskinstance.py:1243} INFO - 
--------------------------------------------------------------------------------
[2022-01-14 11:25:41,655] {taskinstance.py:1262} INFO - Executing <Task(PythonOperator): delete_working_files> on 2022-01-13 00:00:00+00:00
[2022-01-14 11:25:41,659] {standard_task_runner.py:52} INFO - Started process 124 to run task
[2022-01-14 11:25:41,662] {standard_task_runner.py:76} INFO - Running: ['***', 'tasks', 'run', 'cpp_workflow', 'delete_working_files', 'scheduled__2022-01-13T00:00:00+00:00', '--job-id', '2691', '--raw', '--subdir', 'DAGS_FOLDER/first_dag.py', '--cfg-path', '/tmp/tmpycghoevh', '--error-file', '/tmp/tmpu2efaqq8']
[2022-01-14 11:25:41,664] {standard_task_runner.py:77} INFO - Job 2691: Subtask delete_working_files
[2022-01-14 11:25:41,703] {logging_mixin.py:109} INFO - Running <TaskInstance: cpp_workflow.delete_working_files scheduled__2022-01-13T00:00:00+00:00 [running]> on host 218df5ddc363
[2022-01-14 11:25:41,800] {taskinstance.py:1429} INFO - Exporting the following env vars:
AIRFLOW_CTX_DAG_OWNER=***
AIRFLOW_CTX_DAG_ID=cpp_workflow
AIRFLOW_CTX_TASK_ID=delete_working_files
AIRFLOW_CTX_EXECUTION_DATE=2022-01-13T00:00:00+00:00
AIRFLOW_CTX_DAG_RUN_ID=scheduled__2022-01-13T00:00:00+00:00
[2022-01-14 11:25:41,818] {python.py:152} INFO - Done. Returned value was: None
[2022-01-14 11:25:41,828] {taskinstance.py:1280} INFO - Marking task as SUCCESS. dag_id=cpp_workflow, task_id=delete_working_files, execution_date=20220113T000000, start_date=20220114T112541, end_date=20220114T112541
[2022-01-14 11:25:41,875] {local_task_job.py:154} INFO - Task exited with return code 0
[2022-01-14 11:25:41,905] {local_task_job.py:264} INFO - 0 downstream tasks scheduled from follow-on schedule check
