[2021-12-24 10:57:19,431] {taskinstance.py:1035} INFO - Dependencies all met for <TaskInstance: cpp_workflow.check_printCycleFile scheduled__2021-12-23T00:00:00+00:00 [queued]>
[2021-12-24 10:57:19,515] {taskinstance.py:1035} INFO - Dependencies all met for <TaskInstance: cpp_workflow.check_printCycleFile scheduled__2021-12-23T00:00:00+00:00 [queued]>
[2021-12-24 10:57:19,534] {taskinstance.py:1241} INFO - 
--------------------------------------------------------------------------------
[2021-12-24 10:57:19,637] {taskinstance.py:1242} INFO - Starting attempt 1 of 3
[2021-12-24 10:57:19,677] {taskinstance.py:1243} INFO - 
--------------------------------------------------------------------------------
[2021-12-24 10:57:19,881] {taskinstance.py:1262} INFO - Executing <Task(BashOperator): check_printCycleFile> on 2021-12-23 00:00:00+00:00
[2021-12-24 10:57:19,905] {standard_task_runner.py:52} INFO - Started process 97 to run task
[2021-12-24 10:57:19,912] {standard_task_runner.py:76} INFO - Running: ['***', 'tasks', 'run', 'cpp_workflow', 'check_printCycleFile', 'scheduled__2021-12-23T00:00:00+00:00', '--job-id', '1542', '--raw', '--subdir', 'DAGS_FOLDER/first_dag.py', '--cfg-path', '/tmp/tmp_nzrspwx', '--error-file', '/tmp/tmpnul5wu40']
[2021-12-24 10:57:19,939] {standard_task_runner.py:77} INFO - Job 1542: Subtask check_printCycleFile
[2021-12-24 10:57:20,321] {logging_mixin.py:109} INFO - Running <TaskInstance: cpp_workflow.check_printCycleFile scheduled__2021-12-23T00:00:00+00:00 [running]> on host 218df5ddc363
[2021-12-24 10:57:21,494] {taskinstance.py:1429} INFO - Exporting the following env vars:
AIRFLOW_CTX_DAG_OWNER=***
AIRFLOW_CTX_DAG_ID=cpp_workflow
AIRFLOW_CTX_TASK_ID=check_printCycleFile
AIRFLOW_CTX_EXECUTION_DATE=2021-12-23T00:00:00+00:00
AIRFLOW_CTX_DAG_RUN_ID=scheduled__2021-12-23T00:00:00+00:00
[2021-12-24 10:57:21,498] {subprocess.py:62} INFO - Tmp dir root location: 
 /tmp
[2021-12-24 10:57:21,510] {subprocess.py:74} INFO - Running command: ['bash', '-c', 'sha256sum /opt/***/official_data/PrintCycle.csv']
[2021-12-24 10:57:21,625] {subprocess.py:85} INFO - Output:
[2021-12-24 10:57:21,824] {subprocess.py:89} INFO - 78858cc4f604ffaf035d224054c7add9dd3d581b3895ebe52793396fb8556b0e  /opt/***/official_data/PrintCycle.csv
[2021-12-24 10:57:21,836] {subprocess.py:93} INFO - Command exited with return code 0
[2021-12-24 10:57:22,224] {taskinstance.py:1280} INFO - Marking task as SUCCESS. dag_id=cpp_workflow, task_id=check_printCycleFile, execution_date=20211223T000000, start_date=20211224T105719, end_date=20211224T105722
[2021-12-24 10:57:22,487] {local_task_job.py:154} INFO - Task exited with return code 0
[2021-12-24 10:57:23,093] {local_task_job.py:264} INFO - 0 downstream tasks scheduled from follow-on schedule check
