[2022-01-03 00:50:33,310] {taskinstance.py:1035} INFO - Dependencies all met for <TaskInstance: cpp_workflow.pre_process_media_prepare manual__2022-01-03T00:50:02.517482+00:00 [queued]>
[2022-01-03 00:50:33,323] {taskinstance.py:1035} INFO - Dependencies all met for <TaskInstance: cpp_workflow.pre_process_media_prepare manual__2022-01-03T00:50:02.517482+00:00 [queued]>
[2022-01-03 00:50:33,323] {taskinstance.py:1241} INFO - 
--------------------------------------------------------------------------------
[2022-01-03 00:50:33,324] {taskinstance.py:1242} INFO - Starting attempt 1 of 1
[2022-01-03 00:50:33,324] {taskinstance.py:1243} INFO - 
--------------------------------------------------------------------------------
[2022-01-03 00:50:33,338] {taskinstance.py:1262} INFO - Executing <Task(PythonOperator): pre_process_media_prepare> on 2022-01-03 00:50:02.517482+00:00
[2022-01-03 00:50:33,343] {standard_task_runner.py:52} INFO - Started process 3860 to run task
[2022-01-03 00:50:33,347] {standard_task_runner.py:76} INFO - Running: ['***', 'tasks', 'run', 'cpp_workflow', 'pre_process_media_prepare', 'manual__2022-01-03T00:50:02.517482+00:00', '--job-id', '2059', '--raw', '--subdir', 'DAGS_FOLDER/first_dag.py', '--cfg-path', '/tmp/tmpyd7zbk00', '--error-file', '/tmp/tmpy3vt5uxn']
[2022-01-03 00:50:33,348] {standard_task_runner.py:77} INFO - Job 2059: Subtask pre_process_media_prepare
[2022-01-03 00:50:33,400] {logging_mixin.py:109} INFO - Running <TaskInstance: cpp_workflow.pre_process_media_prepare manual__2022-01-03T00:50:02.517482+00:00 [running]> on host 218df5ddc363
[2022-01-03 00:50:33,464] {taskinstance.py:1429} INFO - Exporting the following env vars:
AIRFLOW_CTX_DAG_OWNER=***
AIRFLOW_CTX_DAG_ID=cpp_workflow
AIRFLOW_CTX_TASK_ID=pre_process_media_prepare
AIRFLOW_CTX_EXECUTION_DATE=2022-01-03T00:50:02.517482+00:00
AIRFLOW_CTX_DAG_RUN_ID=manual__2022-01-03T00:50:02.517482+00:00
[2022-01-03 00:50:33,467] {python.py:152} INFO - Done. Returned value was: None
[2022-01-03 00:50:33,481] {taskinstance.py:1280} INFO - Marking task as SUCCESS. dag_id=cpp_workflow, task_id=pre_process_media_prepare, execution_date=20220103T005002, start_date=20220103T005033, end_date=20220103T005033
[2022-01-03 00:50:33,519] {local_task_job.py:154} INFO - Task exited with return code 0
[2022-01-03 00:50:33,571] {local_task_job.py:264} INFO - 1 downstream tasks scheduled from follow-on schedule check
