[2022-01-03 02:12:14,965] {taskinstance.py:1035} INFO - Dependencies all met for <TaskInstance: cpp_workflow.database_processing_image manual__2022-01-03T02:12:02.601860+00:00 [queued]>
[2022-01-03 02:12:15,003] {taskinstance.py:1035} INFO - Dependencies all met for <TaskInstance: cpp_workflow.database_processing_image manual__2022-01-03T02:12:02.601860+00:00 [queued]>
[2022-01-03 02:12:15,005] {taskinstance.py:1241} INFO - 
--------------------------------------------------------------------------------
[2022-01-03 02:12:15,006] {taskinstance.py:1242} INFO - Starting attempt 1 of 1
[2022-01-03 02:12:15,006] {taskinstance.py:1243} INFO - 
--------------------------------------------------------------------------------
[2022-01-03 02:12:15,052] {taskinstance.py:1262} INFO - Executing <Task(PythonOperator): database_processing_image> on 2022-01-03 02:12:02.601860+00:00
[2022-01-03 02:12:15,059] {standard_task_runner.py:52} INFO - Started process 8255 to run task
[2022-01-03 02:12:15,073] {standard_task_runner.py:76} INFO - Running: ['***', 'tasks', 'run', 'cpp_workflow', 'database_processing_image', 'manual__2022-01-03T02:12:02.601860+00:00', '--job-id', '2357', '--raw', '--subdir', 'DAGS_FOLDER/first_dag.py', '--cfg-path', '/tmp/tmpqjo5vv_1', '--error-file', '/tmp/tmp5cigt6n_']
[2022-01-03 02:12:15,084] {standard_task_runner.py:77} INFO - Job 2357: Subtask database_processing_image
[2022-01-03 02:12:15,209] {logging_mixin.py:109} INFO - Running <TaskInstance: cpp_workflow.database_processing_image manual__2022-01-03T02:12:02.601860+00:00 [running]> on host 218df5ddc363
[2022-01-03 02:12:15,324] {taskinstance.py:1429} INFO - Exporting the following env vars:
AIRFLOW_CTX_DAG_OWNER=***
AIRFLOW_CTX_DAG_ID=cpp_workflow
AIRFLOW_CTX_TASK_ID=database_processing_image
AIRFLOW_CTX_EXECUTION_DATE=2022-01-03T02:12:02.601860+00:00
AIRFLOW_CTX_DAG_RUN_ID=manual__2022-01-03T02:12:02.601860+00:00
[2022-01-03 02:12:15,327] {python.py:152} INFO - Done. Returned value was: None
[2022-01-03 02:12:15,345] {taskinstance.py:1280} INFO - Marking task as SUCCESS. dag_id=cpp_workflow, task_id=database_processing_image, execution_date=20220103T021202, start_date=20220103T021214, end_date=20220103T021215
[2022-01-03 02:12:15,399] {local_task_job.py:154} INFO - Task exited with return code 0
[2022-01-03 02:12:15,471] {local_task_job.py:264} INFO - 1 downstream tasks scheduled from follow-on schedule check
