[2022-01-26 20:37:08,086] {taskinstance.py:1035} INFO - Dependencies all met for <TaskInstance: cpp_workflow.database_processing_print_cycle scheduled__2022-01-24T00:00:00+00:00 [queued]>
[2022-01-26 20:37:08,295] {taskinstance.py:1035} INFO - Dependencies all met for <TaskInstance: cpp_workflow.database_processing_print_cycle scheduled__2022-01-24T00:00:00+00:00 [queued]>
[2022-01-26 20:37:08,391] {taskinstance.py:1241} INFO - 
--------------------------------------------------------------------------------
[2022-01-26 20:37:08,424] {taskinstance.py:1242} INFO - Starting attempt 1 of 1
[2022-01-26 20:37:08,522] {taskinstance.py:1243} INFO - 
--------------------------------------------------------------------------------
[2022-01-26 20:37:08,810] {taskinstance.py:1262} INFO - Executing <Task(PythonOperator): database_processing_print_cycle> on 2022-01-24 00:00:00+00:00
[2022-01-26 20:37:08,972] {standard_task_runner.py:52} INFO - Started process 216 to run task
[2022-01-26 20:37:08,989] {standard_task_runner.py:76} INFO - Running: ['***', 'tasks', 'run', 'cpp_workflow', 'database_processing_print_cycle', 'scheduled__2022-01-24T00:00:00+00:00', '--job-id', '3029', '--raw', '--subdir', 'DAGS_FOLDER/first_dag.py', '--cfg-path', '/tmp/tmpsie53et0', '--error-file', '/tmp/tmp28_plhgn']
[2022-01-26 20:37:09,426] {standard_task_runner.py:77} INFO - Job 3029: Subtask database_processing_print_cycle
[2022-01-26 20:37:10,079] {logging_mixin.py:109} INFO - Running <TaskInstance: cpp_workflow.database_processing_print_cycle scheduled__2022-01-24T00:00:00+00:00 [running]> on host 218df5ddc363
[2022-01-26 20:37:11,049] {taskinstance.py:1429} INFO - Exporting the following env vars:
AIRFLOW_CTX_DAG_OWNER=***
AIRFLOW_CTX_DAG_ID=cpp_workflow
AIRFLOW_CTX_TASK_ID=database_processing_print_cycle
AIRFLOW_CTX_EXECUTION_DATE=2022-01-24T00:00:00+00:00
AIRFLOW_CTX_DAG_RUN_ID=scheduled__2022-01-24T00:00:00+00:00
[2022-01-26 20:37:11,129] {python.py:152} INFO - Done. Returned value was: None
[2022-01-26 20:37:11,293] {taskinstance.py:1280} INFO - Marking task as SUCCESS. dag_id=cpp_workflow, task_id=database_processing_print_cycle, execution_date=20220124T000000, start_date=20220126T203708, end_date=20220126T203711
[2022-01-26 20:37:11,500] {local_task_job.py:154} INFO - Task exited with return code 0
[2022-01-26 20:37:12,202] {local_task_job.py:264} INFO - 0 downstream tasks scheduled from follow-on schedule check
