[2022-01-03 01:27:26,763] {taskinstance.py:1035} INFO - Dependencies all met for <TaskInstance: cpp_workflow.database_processing_image manual__2022-01-03T01:25:26.333025+00:00 [queued]>
[2022-01-03 01:27:26,777] {taskinstance.py:1035} INFO - Dependencies all met for <TaskInstance: cpp_workflow.database_processing_image manual__2022-01-03T01:25:26.333025+00:00 [queued]>
[2022-01-03 01:27:26,778] {taskinstance.py:1241} INFO - 
--------------------------------------------------------------------------------
[2022-01-03 01:27:26,778] {taskinstance.py:1242} INFO - Starting attempt 1 of 1
[2022-01-03 01:27:26,778] {taskinstance.py:1243} INFO - 
--------------------------------------------------------------------------------
[2022-01-03 01:27:26,794] {taskinstance.py:1262} INFO - Executing <Task(PythonOperator): database_processing_image> on 2022-01-03 01:25:26.333025+00:00
[2022-01-03 01:27:26,799] {standard_task_runner.py:52} INFO - Started process 5990 to run task
[2022-01-03 01:27:26,802] {standard_task_runner.py:76} INFO - Running: ['***', 'tasks', 'run', 'cpp_workflow', 'database_processing_image', 'manual__2022-01-03T01:25:26.333025+00:00', '--job-id', '2243', '--raw', '--subdir', 'DAGS_FOLDER/first_dag.py', '--cfg-path', '/tmp/tmp3t3c3oan', '--error-file', '/tmp/tmpqsytawb6']
[2022-01-03 01:27:26,804] {standard_task_runner.py:77} INFO - Job 2243: Subtask database_processing_image
[2022-01-03 01:27:26,849] {logging_mixin.py:109} INFO - Running <TaskInstance: cpp_workflow.database_processing_image manual__2022-01-03T01:25:26.333025+00:00 [running]> on host 218df5ddc363
[2022-01-03 01:27:26,897] {taskinstance.py:1429} INFO - Exporting the following env vars:
AIRFLOW_CTX_DAG_OWNER=***
AIRFLOW_CTX_DAG_ID=cpp_workflow
AIRFLOW_CTX_TASK_ID=database_processing_image
AIRFLOW_CTX_EXECUTION_DATE=2022-01-03T01:25:26.333025+00:00
AIRFLOW_CTX_DAG_RUN_ID=manual__2022-01-03T01:25:26.333025+00:00
[2022-01-03 01:27:27,441] {logging_mixin.py:109} INFO - You're connected to database
[2022-01-03 01:27:33,257] {logging_mixin.py:109} INFO - You're connected to database
[2022-01-03 01:27:43,459] {logging_mixin.py:109} INFO - You're connected to database
[2022-01-03 01:27:57,536] {logging_mixin.py:109} INFO - You're connected to database
[2022-01-03 01:28:15,795] {logging_mixin.py:109} INFO - You're connected to database
[2022-01-03 01:28:38,557] {logging_mixin.py:109} INFO - You're connected to database
[2022-01-03 01:29:05,669] {logging_mixin.py:109} INFO - You're connected to database
[2022-01-03 01:29:37,387] {logging_mixin.py:109} INFO - You're connected to database
[2022-01-03 01:30:18,784] {logging_mixin.py:109} INFO - You're connected to database
[2022-01-03 01:30:58,953] {logging_mixin.py:109} INFO - You're connected to database
[2022-01-03 01:31:43,960] {logging_mixin.py:109} INFO - You're connected to database
[2022-01-03 01:32:32,811] {logging_mixin.py:109} INFO - You're connected to database
[2022-01-03 01:33:24,006] {logging_mixin.py:109} INFO - You're connected to database
[2022-01-03 01:34:16,853] {logging_mixin.py:109} INFO - You're connected to database
[2022-01-03 01:35:17,368] {logging_mixin.py:109} INFO - You're connected to database
[2022-01-03 01:36:18,791] {logging_mixin.py:109} INFO - You're connected to database
[2022-01-03 01:37:25,882] {logging_mixin.py:109} INFO - You're connected to database
[2022-01-03 01:38:36,422] {logging_mixin.py:109} INFO - You're connected to database
[2022-01-03 01:39:41,649] {local_task_job.py:212} WARNING - State of this instance has been externally set to None. Terminating instance.
[2022-01-03 01:39:41,654] {process_utils.py:100} INFO - Sending Signals.SIGTERM to GPID 5990
[2022-01-03 01:39:41,655] {taskinstance.py:1411} ERROR - Received SIGTERM. Terminating subprocesses.
[2022-01-03 01:39:41,679] {taskinstance.py:1703} ERROR - Task failed with exception
Traceback (most recent call last):
  File "/home/airflow/.local/lib/python3.7/site-packages/airflow/models/taskinstance.py", line 1332, in _run_raw_task
    self._execute_task_with_callbacks(context)
  File "/home/airflow/.local/lib/python3.7/site-packages/airflow/models/taskinstance.py", line 1458, in _execute_task_with_callbacks
    result = self._execute_task(context, self.task)
  File "/home/airflow/.local/lib/python3.7/site-packages/airflow/models/taskinstance.py", line 1514, in _execute_task
    result = execute_callable(context=context)
  File "/home/airflow/.local/lib/python3.7/site-packages/airflow/operators/python.py", line 151, in execute
    return_value = self.execute_callable()
  File "/home/airflow/.local/lib/python3.7/site-packages/airflow/operators/python.py", line 162, in execute_callable
    return self.python_callable(*self.op_args, **self.op_kwargs)
  File "/opt/airflow/dags/database_processing_image.py", line 42, in database_processing_image
    cursor.execute(sql_image, tuple(row))
  File "/home/airflow/.local/lib/python3.7/site-packages/mysql/connector/cursor.py", line 569, in execute
    self._handle_result(self._connection.cmd_query(stmt))
  File "/home/airflow/.local/lib/python3.7/site-packages/mysql/connector/connection.py", line 855, in cmd_query
    result = self._handle_result(self._send_cmd(ServerCmd.QUERY, query))
  File "/home/airflow/.local/lib/python3.7/site-packages/mysql/connector/connection.py", line 510, in _send_cmd
    return self._socket.recv()
  File "/home/airflow/.local/lib/python3.7/site-packages/mysql/connector/network.py", line 247, in recv_plain
    chunk = self.sock.recv(4 - packet_len)
  File "/home/airflow/.local/lib/python3.7/site-packages/airflow/models/taskinstance.py", line 1413, in signal_handler
    raise AirflowException("Task received SIGTERM signal")
airflow.exceptions.AirflowException: Task received SIGTERM signal
[2022-01-03 01:39:41,697] {taskinstance.py:1280} INFO - Marking task as FAILED. dag_id=cpp_workflow, task_id=database_processing_image, execution_date=20220103T012526, start_date=20220103T012726, end_date=20220103T013941
[2022-01-03 01:39:41,728] {standard_task_runner.py:91} ERROR - Failed to execute job 2243 for task database_processing_image
Traceback (most recent call last):
  File "/home/airflow/.local/lib/python3.7/site-packages/airflow/task/task_runner/standard_task_runner.py", line 85, in _start_by_fork
    args.func(args, dag=self.dag)
  File "/home/airflow/.local/lib/python3.7/site-packages/airflow/cli/cli_parser.py", line 48, in command
    return func(*args, **kwargs)
  File "/home/airflow/.local/lib/python3.7/site-packages/airflow/utils/cli.py", line 92, in wrapper
    return f(*args, **kwargs)
  File "/home/airflow/.local/lib/python3.7/site-packages/airflow/cli/commands/task_command.py", line 292, in task_run
    _run_task_by_selected_method(args, dag, ti)
  File "/home/airflow/.local/lib/python3.7/site-packages/airflow/cli/commands/task_command.py", line 107, in _run_task_by_selected_method
    _run_raw_task(args, ti)
  File "/home/airflow/.local/lib/python3.7/site-packages/airflow/cli/commands/task_command.py", line 184, in _run_raw_task
    error_file=args.error_file,
  File "/home/airflow/.local/lib/python3.7/site-packages/airflow/utils/session.py", line 70, in wrapper
    return func(*args, session=session, **kwargs)
  File "/home/airflow/.local/lib/python3.7/site-packages/airflow/models/taskinstance.py", line 1332, in _run_raw_task
    self._execute_task_with_callbacks(context)
  File "/home/airflow/.local/lib/python3.7/site-packages/airflow/models/taskinstance.py", line 1458, in _execute_task_with_callbacks
    result = self._execute_task(context, self.task)
  File "/home/airflow/.local/lib/python3.7/site-packages/airflow/models/taskinstance.py", line 1514, in _execute_task
    result = execute_callable(context=context)
  File "/home/airflow/.local/lib/python3.7/site-packages/airflow/operators/python.py", line 151, in execute
    return_value = self.execute_callable()
  File "/home/airflow/.local/lib/python3.7/site-packages/airflow/operators/python.py", line 162, in execute_callable
    return self.python_callable(*self.op_args, **self.op_kwargs)
  File "/opt/airflow/dags/database_processing_image.py", line 42, in database_processing_image
    cursor.execute(sql_image, tuple(row))
  File "/home/airflow/.local/lib/python3.7/site-packages/mysql/connector/cursor.py", line 569, in execute
    self._handle_result(self._connection.cmd_query(stmt))
  File "/home/airflow/.local/lib/python3.7/site-packages/mysql/connector/connection.py", line 855, in cmd_query
    result = self._handle_result(self._send_cmd(ServerCmd.QUERY, query))
  File "/home/airflow/.local/lib/python3.7/site-packages/mysql/connector/connection.py", line 510, in _send_cmd
    return self._socket.recv()
  File "/home/airflow/.local/lib/python3.7/site-packages/mysql/connector/network.py", line 247, in recv_plain
    chunk = self.sock.recv(4 - packet_len)
  File "/home/airflow/.local/lib/python3.7/site-packages/airflow/models/taskinstance.py", line 1413, in signal_handler
    raise AirflowException("Task received SIGTERM signal")
airflow.exceptions.AirflowException: Task received SIGTERM signal
[2022-01-03 01:39:41,748] {process_utils.py:66} INFO - Process psutil.Process(pid=5990, status='terminated', exitcode=1, started='01:27:25') (5990) terminated with exit code 1
