[2021-12-08 14:52:13,098] {taskinstance.py:1035} INFO - Dependencies all met for <TaskInstance: cpp_workflow.pre_process scheduled__2021-08-18T00:00:00+00:00 [queued]>
[2021-12-08 14:52:13,198] {taskinstance.py:1035} INFO - Dependencies all met for <TaskInstance: cpp_workflow.pre_process scheduled__2021-08-18T00:00:00+00:00 [queued]>
[2021-12-08 14:52:13,221] {taskinstance.py:1241} INFO - 
--------------------------------------------------------------------------------
[2021-12-08 14:52:13,222] {taskinstance.py:1242} INFO - Starting attempt 1 of 1
[2021-12-08 14:52:13,224] {taskinstance.py:1243} INFO - 
--------------------------------------------------------------------------------
[2021-12-08 14:52:13,315] {taskinstance.py:1262} INFO - Executing <Task(PythonOperator): pre_process> on 2021-08-18 00:00:00+00:00
[2021-12-08 14:52:13,358] {standard_task_runner.py:52} INFO - Started process 196 to run task
[2021-12-08 14:52:13,374] {standard_task_runner.py:76} INFO - Running: ['***', 'tasks', 'run', 'cpp_workflow', 'pre_process', 'scheduled__2021-08-18T00:00:00+00:00', '--job-id', '207', '--raw', '--subdir', 'DAGS_FOLDER/first_dag.py', '--cfg-path', '/tmp/tmp4yp2bxo0', '--error-file', '/tmp/tmpgg8ymi8a']
[2021-12-08 14:52:13,380] {standard_task_runner.py:77} INFO - Job 207: Subtask pre_process
[2021-12-08 14:52:13,712] {logging_mixin.py:109} INFO - Running <TaskInstance: cpp_workflow.pre_process scheduled__2021-08-18T00:00:00+00:00 [running]> on host 8edf9af2b560
[2021-12-08 14:52:16,389] {taskinstance.py:1429} INFO - Exporting the following env vars:
AIRFLOW_CTX_DAG_OWNER=***
AIRFLOW_CTX_DAG_ID=cpp_workflow
AIRFLOW_CTX_TASK_ID=pre_process
AIRFLOW_CTX_EXECUTION_DATE=2021-08-18T00:00:00+00:00
AIRFLOW_CTX_DAG_RUN_ID=scheduled__2021-08-18T00:00:00+00:00
[2021-12-08 14:52:26,057] {warnings.py:110} WARNING - /home/***/.local/lib/python3.7/site-packages/***/operators/python.py:162: DtypeWarning: Columns (0,1,2,3) have mixed types.Specify dtype option on import or set low_memory=False.
  return self.python_callable(*self.op_args, **self.op_kwargs)

[2021-12-08 14:52:29,234] {python.py:152} INFO - Done. Returned value was: None
[2021-12-08 14:52:29,274] {taskinstance.py:1280} INFO - Marking task as SUCCESS. dag_id=cpp_workflow, task_id=pre_process, execution_date=20210818T000000, start_date=20211208T145213, end_date=20211208T145229
[2021-12-08 14:52:29,441] {local_task_job.py:154} INFO - Task exited with return code 0
[2021-12-08 14:52:29,570] {local_task_job.py:264} INFO - 1 downstream tasks scheduled from follow-on schedule check
