[2022-01-03 01:13:50,088] {taskinstance.py:1035} INFO - Dependencies all met for <TaskInstance: cpp_workflow.delete_working_files manual__2022-01-03T01:13:01.227337+00:00 [queued]>
[2022-01-03 01:13:50,104] {taskinstance.py:1035} INFO - Dependencies all met for <TaskInstance: cpp_workflow.delete_working_files manual__2022-01-03T01:13:01.227337+00:00 [queued]>
[2022-01-03 01:13:50,105] {taskinstance.py:1241} INFO - 
--------------------------------------------------------------------------------
[2022-01-03 01:13:50,105] {taskinstance.py:1242} INFO - Starting attempt 1 of 1
[2022-01-03 01:13:50,106] {taskinstance.py:1243} INFO - 
--------------------------------------------------------------------------------
[2022-01-03 01:13:50,124] {taskinstance.py:1262} INFO - Executing <Task(PythonOperator): delete_working_files> on 2022-01-03 01:13:01.227337+00:00
[2022-01-03 01:13:50,129] {standard_task_runner.py:52} INFO - Started process 5295 to run task
[2022-01-03 01:13:50,134] {standard_task_runner.py:76} INFO - Running: ['***', 'tasks', 'run', 'cpp_workflow', 'delete_working_files', 'manual__2022-01-03T01:13:01.227337+00:00', '--job-id', '2209', '--raw', '--subdir', 'DAGS_FOLDER/first_dag.py', '--cfg-path', '/tmp/tmpyqlhjwhm', '--error-file', '/tmp/tmpc5s93kqz']
[2022-01-03 01:13:50,136] {standard_task_runner.py:77} INFO - Job 2209: Subtask delete_working_files
[2022-01-03 01:13:50,200] {logging_mixin.py:109} INFO - Running <TaskInstance: cpp_workflow.delete_working_files manual__2022-01-03T01:13:01.227337+00:00 [running]> on host 218df5ddc363
[2022-01-03 01:13:50,270] {taskinstance.py:1429} INFO - Exporting the following env vars:
AIRFLOW_CTX_DAG_OWNER=***
AIRFLOW_CTX_DAG_ID=cpp_workflow
AIRFLOW_CTX_TASK_ID=delete_working_files
AIRFLOW_CTX_EXECUTION_DATE=2022-01-03T01:13:01.227337+00:00
AIRFLOW_CTX_DAG_RUN_ID=manual__2022-01-03T01:13:01.227337+00:00
[2022-01-03 01:13:50,282] {python.py:152} INFO - Done. Returned value was: None
[2022-01-03 01:13:50,298] {taskinstance.py:1280} INFO - Marking task as SUCCESS. dag_id=cpp_workflow, task_id=delete_working_files, execution_date=20220103T011301, start_date=20220103T011350, end_date=20220103T011350
[2022-01-03 01:13:50,346] {local_task_job.py:154} INFO - Task exited with return code 0
[2022-01-03 01:13:50,447] {local_task_job.py:264} INFO - 0 downstream tasks scheduled from follow-on schedule check
