[2021-12-13 14:25:41,559] {taskinstance.py:1035} INFO - Dependencies all met for <TaskInstance: cpp_workflow.merge_process manual__2021-12-13T14:25:31.976190+00:00 [queued]>
[2021-12-13 14:25:41,574] {taskinstance.py:1035} INFO - Dependencies all met for <TaskInstance: cpp_workflow.merge_process manual__2021-12-13T14:25:31.976190+00:00 [queued]>
[2021-12-13 14:25:41,575] {taskinstance.py:1241} INFO - 
--------------------------------------------------------------------------------
[2021-12-13 14:25:41,575] {taskinstance.py:1242} INFO - Starting attempt 1 of 1
[2021-12-13 14:25:41,576] {taskinstance.py:1243} INFO - 
--------------------------------------------------------------------------------
[2021-12-13 14:25:41,591] {taskinstance.py:1262} INFO - Executing <Task(PythonOperator): merge_process> on 2021-12-13 14:25:31.976190+00:00
[2021-12-13 14:25:41,597] {standard_task_runner.py:52} INFO - Started process 9238 to run task
[2021-12-13 14:25:41,601] {standard_task_runner.py:76} INFO - Running: ['***', 'tasks', 'run', 'cpp_workflow', 'merge_process', 'manual__2021-12-13T14:25:31.976190+00:00', '--job-id', '1231', '--raw', '--subdir', 'DAGS_FOLDER/first_dag.py', '--cfg-path', '/tmp/tmp6pz05g6x', '--error-file', '/tmp/tmphxi1wyec']
[2021-12-13 14:25:41,603] {standard_task_runner.py:77} INFO - Job 1231: Subtask merge_process
[2021-12-13 14:25:41,646] {logging_mixin.py:109} INFO - Running <TaskInstance: cpp_workflow.merge_process manual__2021-12-13T14:25:31.976190+00:00 [running]> on host 218df5ddc363
[2021-12-13 14:25:41,707] {taskinstance.py:1429} INFO - Exporting the following env vars:
AIRFLOW_CTX_DAG_OWNER=***
AIRFLOW_CTX_DAG_ID=cpp_workflow
AIRFLOW_CTX_TASK_ID=merge_process
AIRFLOW_CTX_EXECUTION_DATE=2021-12-13T14:25:31.976190+00:00
AIRFLOW_CTX_DAG_RUN_ID=manual__2021-12-13T14:25:31.976190+00:00
[2021-12-13 14:25:41,799] {python.py:152} INFO - Done. Returned value was: None
[2021-12-13 14:25:41,814] {taskinstance.py:1280} INFO - Marking task as SUCCESS. dag_id=cpp_workflow, task_id=merge_process, execution_date=20211213T142531, start_date=20211213T142541, end_date=20211213T142541
[2021-12-13 14:25:41,854] {local_task_job.py:154} INFO - Task exited with return code 0
[2021-12-13 14:25:41,896] {local_task_job.py:264} INFO - 1 downstream tasks scheduled from follow-on schedule check
