[2022-01-02 10:28:05,129] {taskinstance.py:1035} INFO - Dependencies all met for <TaskInstance: cpp_workflow.col_process_image scheduled__2022-01-01T00:00:00+00:00 [queued]>
[2022-01-02 10:28:05,155] {taskinstance.py:1035} INFO - Dependencies all met for <TaskInstance: cpp_workflow.col_process_image scheduled__2022-01-01T00:00:00+00:00 [queued]>
[2022-01-02 10:28:05,157] {taskinstance.py:1241} INFO - 
--------------------------------------------------------------------------------
[2022-01-02 10:28:05,160] {taskinstance.py:1242} INFO - Starting attempt 1 of 1
[2022-01-02 10:28:05,160] {taskinstance.py:1243} INFO - 
--------------------------------------------------------------------------------
[2022-01-02 10:28:05,197] {taskinstance.py:1262} INFO - Executing <Task(PythonOperator): col_process_image> on 2022-01-01 00:00:00+00:00
[2022-01-02 10:28:05,210] {standard_task_runner.py:52} INFO - Started process 116 to run task
[2022-01-02 10:28:05,216] {standard_task_runner.py:76} INFO - Running: ['***', 'tasks', 'run', 'cpp_workflow', 'col_process_image', 'scheduled__2022-01-01T00:00:00+00:00', '--job-id', '1817', '--raw', '--subdir', 'DAGS_FOLDER/first_dag.py', '--cfg-path', '/tmp/tmpk08s3hue', '--error-file', '/tmp/tmp_qo_nkrn']
[2022-01-02 10:28:05,225] {standard_task_runner.py:77} INFO - Job 1817: Subtask col_process_image
[2022-01-02 10:28:05,351] {logging_mixin.py:109} INFO - Running <TaskInstance: cpp_workflow.col_process_image scheduled__2022-01-01T00:00:00+00:00 [running]> on host 218df5ddc363
[2022-01-02 10:28:05,486] {taskinstance.py:1429} INFO - Exporting the following env vars:
AIRFLOW_CTX_DAG_OWNER=***
AIRFLOW_CTX_DAG_ID=cpp_workflow
AIRFLOW_CTX_TASK_ID=col_process_image
AIRFLOW_CTX_EXECUTION_DATE=2022-01-01T00:00:00+00:00
AIRFLOW_CTX_DAG_RUN_ID=scheduled__2022-01-01T00:00:00+00:00
[2022-01-02 10:28:05,492] {python.py:152} INFO - Done. Returned value was: None
[2022-01-02 10:28:05,533] {taskinstance.py:1280} INFO - Marking task as SUCCESS. dag_id=cpp_workflow, task_id=col_process_image, execution_date=20220101T000000, start_date=20220102T102805, end_date=20220102T102805
[2022-01-02 10:28:05,602] {local_task_job.py:154} INFO - Task exited with return code 0
[2022-01-02 10:28:05,693] {local_task_job.py:264} INFO - 1 downstream tasks scheduled from follow-on schedule check
