[2022-01-20 12:33:03,865] {taskinstance.py:1035} INFO - Dependencies all met for <TaskInstance: cpp_workflow.database_processing_print_cycle manual__2022-01-20T12:32:52.548335+00:00 [queued]>
[2022-01-20 12:33:03,922] {taskinstance.py:1035} INFO - Dependencies all met for <TaskInstance: cpp_workflow.database_processing_print_cycle manual__2022-01-20T12:32:52.548335+00:00 [queued]>
[2022-01-20 12:33:03,926] {taskinstance.py:1241} INFO - 
--------------------------------------------------------------------------------
[2022-01-20 12:33:03,927] {taskinstance.py:1242} INFO - Starting attempt 1 of 1
[2022-01-20 12:33:03,928] {taskinstance.py:1243} INFO - 
--------------------------------------------------------------------------------
[2022-01-20 12:33:03,981] {taskinstance.py:1262} INFO - Executing <Task(PythonOperator): database_processing_print_cycle> on 2022-01-20 12:32:52.548335+00:00
[2022-01-20 12:33:03,994] {standard_task_runner.py:52} INFO - Started process 2095 to run task
[2022-01-20 12:33:04,006] {standard_task_runner.py:76} INFO - Running: ['***', 'tasks', 'run', 'cpp_workflow', 'database_processing_print_cycle', 'manual__2022-01-20T12:32:52.548335+00:00', '--job-id', '2896', '--raw', '--subdir', 'DAGS_FOLDER/first_dag.py', '--cfg-path', '/tmp/tmp0iwfa61k', '--error-file', '/tmp/tmp2xvkqgcc']
[2022-01-20 12:33:04,010] {standard_task_runner.py:77} INFO - Job 2896: Subtask database_processing_print_cycle
[2022-01-20 12:33:04,226] {logging_mixin.py:109} INFO - Running <TaskInstance: cpp_workflow.database_processing_print_cycle manual__2022-01-20T12:32:52.548335+00:00 [running]> on host 218df5ddc363
[2022-01-20 12:33:04,342] {taskinstance.py:1429} INFO - Exporting the following env vars:
AIRFLOW_CTX_DAG_OWNER=***
AIRFLOW_CTX_DAG_ID=cpp_workflow
AIRFLOW_CTX_TASK_ID=database_processing_print_cycle
AIRFLOW_CTX_EXECUTION_DATE=2022-01-20T12:32:52.548335+00:00
AIRFLOW_CTX_DAG_RUN_ID=manual__2022-01-20T12:32:52.548335+00:00
[2022-01-20 12:33:04,556] {logging_mixin.py:109} INFO - You're connected to database
[2022-01-20 12:33:09,326] {python.py:152} INFO - Done. Returned value was: None
[2022-01-20 12:33:09,345] {taskinstance.py:1280} INFO - Marking task as SUCCESS. dag_id=cpp_workflow, task_id=database_processing_print_cycle, execution_date=20220120T123252, start_date=20220120T123303, end_date=20220120T123309
[2022-01-20 12:33:09,376] {local_task_job.py:154} INFO - Task exited with return code 0
[2022-01-20 12:33:09,428] {local_task_job.py:264} INFO - 1 downstream tasks scheduled from follow-on schedule check
