[2022-02-06 11:47:58,034] {taskinstance.py:1035} INFO - Dependencies all met for <TaskInstance: cpp_workflow.database_processing_media_prepare scheduled__2022-02-03T00:00:00+00:00 [queued]>
[2022-02-06 11:47:58,185] {taskinstance.py:1035} INFO - Dependencies all met for <TaskInstance: cpp_workflow.database_processing_media_prepare scheduled__2022-02-03T00:00:00+00:00 [queued]>
[2022-02-06 11:47:58,245] {taskinstance.py:1241} INFO - 
--------------------------------------------------------------------------------
[2022-02-06 11:47:58,265] {taskinstance.py:1242} INFO - Starting attempt 1 of 1
[2022-02-06 11:47:58,280] {taskinstance.py:1243} INFO - 
--------------------------------------------------------------------------------
[2022-02-06 11:47:58,701] {taskinstance.py:1262} INFO - Executing <Task(PythonOperator): database_processing_media_prepare> on 2022-02-03 00:00:00+00:00
[2022-02-06 11:47:59,114] {standard_task_runner.py:52} INFO - Started process 305 to run task
[2022-02-06 11:47:59,133] {standard_task_runner.py:76} INFO - Running: ['***', 'tasks', 'run', 'cpp_workflow', 'database_processing_media_prepare', 'scheduled__2022-02-03T00:00:00+00:00', '--job-id', '3216', '--raw', '--subdir', 'DAGS_FOLDER/first_dag.py', '--cfg-path', '/tmp/tmpc9pcgrux', '--error-file', '/tmp/tmp1hs2n_du']
[2022-02-06 11:47:59,198] {standard_task_runner.py:77} INFO - Job 3216: Subtask database_processing_media_prepare
[2022-02-06 11:48:00,118] {logging_mixin.py:109} INFO - Running <TaskInstance: cpp_workflow.database_processing_media_prepare scheduled__2022-02-03T00:00:00+00:00 [running]> on host 218df5ddc363
[2022-02-06 11:48:01,209] {taskinstance.py:1429} INFO - Exporting the following env vars:
AIRFLOW_CTX_DAG_OWNER=***
AIRFLOW_CTX_DAG_ID=cpp_workflow
AIRFLOW_CTX_TASK_ID=database_processing_media_prepare
AIRFLOW_CTX_EXECUTION_DATE=2022-02-03T00:00:00+00:00
AIRFLOW_CTX_DAG_RUN_ID=scheduled__2022-02-03T00:00:00+00:00
[2022-02-06 11:48:01,224] {python.py:152} INFO - Done. Returned value was: None
[2022-02-06 11:48:01,976] {taskinstance.py:1280} INFO - Marking task as SUCCESS. dag_id=cpp_workflow, task_id=database_processing_media_prepare, execution_date=20220203T000000, start_date=20220206T114758, end_date=20220206T114801
[2022-02-06 11:48:02,316] {local_task_job.py:154} INFO - Task exited with return code 0
[2022-02-06 11:48:04,719] {local_task_job.py:264} INFO - 0 downstream tasks scheduled from follow-on schedule check
