[2022-01-03 02:13:09,782] {taskinstance.py:1035} INFO - Dependencies all met for <TaskInstance: cpp_workflow.update_processed_files_media_prepare manual__2022-01-03T02:12:02.601860+00:00 [queued]>
[2022-01-03 02:13:09,799] {taskinstance.py:1035} INFO - Dependencies all met for <TaskInstance: cpp_workflow.update_processed_files_media_prepare manual__2022-01-03T02:12:02.601860+00:00 [queued]>
[2022-01-03 02:13:09,800] {taskinstance.py:1241} INFO - 
--------------------------------------------------------------------------------
[2022-01-03 02:13:09,800] {taskinstance.py:1242} INFO - Starting attempt 1 of 1
[2022-01-03 02:13:09,801] {taskinstance.py:1243} INFO - 
--------------------------------------------------------------------------------
[2022-01-03 02:13:09,820] {taskinstance.py:1262} INFO - Executing <Task(PythonOperator): update_processed_files_media_prepare> on 2022-01-03 02:12:02.601860+00:00
[2022-01-03 02:13:09,825] {standard_task_runner.py:52} INFO - Started process 8303 to run task
[2022-01-03 02:13:09,831] {standard_task_runner.py:76} INFO - Running: ['***', 'tasks', 'run', 'cpp_workflow', 'update_processed_files_media_prepare', 'manual__2022-01-03T02:12:02.601860+00:00', '--job-id', '2361', '--raw', '--subdir', 'DAGS_FOLDER/first_dag.py', '--cfg-path', '/tmp/tmpvr1kdaxv', '--error-file', '/tmp/tmpe0p97bgq']
[2022-01-03 02:13:09,832] {standard_task_runner.py:77} INFO - Job 2361: Subtask update_processed_files_media_prepare
[2022-01-03 02:13:09,890] {logging_mixin.py:109} INFO - Running <TaskInstance: cpp_workflow.update_processed_files_media_prepare manual__2022-01-03T02:12:02.601860+00:00 [running]> on host 218df5ddc363
[2022-01-03 02:13:09,955] {taskinstance.py:1429} INFO - Exporting the following env vars:
AIRFLOW_CTX_DAG_OWNER=***
AIRFLOW_CTX_DAG_ID=cpp_workflow
AIRFLOW_CTX_TASK_ID=update_processed_files_media_prepare
AIRFLOW_CTX_EXECUTION_DATE=2022-01-03T02:12:02.601860+00:00
AIRFLOW_CTX_DAG_RUN_ID=manual__2022-01-03T02:12:02.601860+00:00
[2022-01-03 02:13:09,973] {python.py:152} INFO - Done. Returned value was: None
[2022-01-03 02:13:09,990] {taskinstance.py:1280} INFO - Marking task as SUCCESS. dag_id=cpp_workflow, task_id=update_processed_files_media_prepare, execution_date=20220103T021202, start_date=20220103T021309, end_date=20220103T021309
[2022-01-03 02:13:10,043] {local_task_job.py:154} INFO - Task exited with return code 0
[2022-01-03 02:13:10,082] {local_task_job.py:264} INFO - 1 downstream tasks scheduled from follow-on schedule check
