[2021-12-08 23:48:42,347] {taskinstance.py:1035} INFO - Dependencies all met for <TaskInstance: cpp_workflow.refactor_process manual__2021-12-08T23:48:32.608566+00:00 [queued]>
[2021-12-08 23:48:42,364] {taskinstance.py:1035} INFO - Dependencies all met for <TaskInstance: cpp_workflow.refactor_process manual__2021-12-08T23:48:32.608566+00:00 [queued]>
[2021-12-08 23:48:42,365] {taskinstance.py:1241} INFO - 
--------------------------------------------------------------------------------
[2021-12-08 23:48:42,366] {taskinstance.py:1242} INFO - Starting attempt 1 of 1
[2021-12-08 23:48:42,366] {taskinstance.py:1243} INFO - 
--------------------------------------------------------------------------------
[2021-12-08 23:48:42,386] {taskinstance.py:1262} INFO - Executing <Task(PythonOperator): refactor_process> on 2021-12-08 23:48:32.608566+00:00
[2021-12-08 23:48:42,391] {standard_task_runner.py:52} INFO - Started process 7649 to run task
[2021-12-08 23:48:42,398] {standard_task_runner.py:76} INFO - Running: ['***', 'tasks', 'run', 'cpp_workflow', 'refactor_process', 'manual__2021-12-08T23:48:32.608566+00:00', '--job-id', '658', '--raw', '--subdir', 'DAGS_FOLDER/first_dag.py', '--cfg-path', '/tmp/tmploqvmz39', '--error-file', '/tmp/tmpwkxu5cb9']
[2021-12-08 23:48:42,406] {standard_task_runner.py:77} INFO - Job 658: Subtask refactor_process
[2021-12-08 23:48:42,489] {logging_mixin.py:109} INFO - Running <TaskInstance: cpp_workflow.refactor_process manual__2021-12-08T23:48:32.608566+00:00 [running]> on host b5fd0372bf6e
[2021-12-08 23:48:42,542] {taskinstance.py:1429} INFO - Exporting the following env vars:
AIRFLOW_CTX_DAG_OWNER=***
AIRFLOW_CTX_DAG_ID=cpp_workflow
AIRFLOW_CTX_TASK_ID=refactor_process
AIRFLOW_CTX_EXECUTION_DATE=2021-12-08T23:48:32.608566+00:00
AIRFLOW_CTX_DAG_RUN_ID=manual__2021-12-08T23:48:32.608566+00:00
[2021-12-08 23:48:42,602] {python.py:152} INFO - Done. Returned value was: None
[2021-12-08 23:48:42,620] {taskinstance.py:1280} INFO - Marking task as SUCCESS. dag_id=cpp_workflow, task_id=refactor_process, execution_date=20211208T234832, start_date=20211208T234842, end_date=20211208T234842
[2021-12-08 23:48:42,661] {local_task_job.py:154} INFO - Task exited with return code 0
[2021-12-08 23:48:42,717] {local_task_job.py:264} INFO - 1 downstream tasks scheduled from follow-on schedule check
