[2021-12-24 10:57:42,478] {taskinstance.py:1035} INFO - Dependencies all met for <TaskInstance: cpp_workflow.col_process scheduled__2021-12-23T00:00:00+00:00 [queued]>
[2021-12-24 10:57:42,656] {taskinstance.py:1035} INFO - Dependencies all met for <TaskInstance: cpp_workflow.col_process scheduled__2021-12-23T00:00:00+00:00 [queued]>
[2021-12-24 10:57:42,801] {taskinstance.py:1241} INFO - 
--------------------------------------------------------------------------------
[2021-12-24 10:57:42,818] {taskinstance.py:1242} INFO - Starting attempt 1 of 1
[2021-12-24 10:57:42,824] {taskinstance.py:1243} INFO - 
--------------------------------------------------------------------------------
[2021-12-24 10:57:42,928] {taskinstance.py:1262} INFO - Executing <Task(PythonOperator): col_process> on 2021-12-23 00:00:00+00:00
[2021-12-24 10:57:42,947] {standard_task_runner.py:52} INFO - Started process 119 to run task
[2021-12-24 10:57:42,979] {standard_task_runner.py:76} INFO - Running: ['***', 'tasks', 'run', 'cpp_workflow', 'col_process', 'scheduled__2021-12-23T00:00:00+00:00', '--job-id', '1544', '--raw', '--subdir', 'DAGS_FOLDER/first_dag.py', '--cfg-path', '/tmp/tmpqx3_xlqu', '--error-file', '/tmp/tmpnau3crjr']
[2021-12-24 10:57:43,012] {standard_task_runner.py:77} INFO - Job 1544: Subtask col_process
[2021-12-24 10:57:43,363] {logging_mixin.py:109} INFO - Running <TaskInstance: cpp_workflow.col_process scheduled__2021-12-23T00:00:00+00:00 [running]> on host 218df5ddc363
[2021-12-24 10:57:43,852] {taskinstance.py:1429} INFO - Exporting the following env vars:
AIRFLOW_CTX_DAG_OWNER=***
AIRFLOW_CTX_DAG_ID=cpp_workflow
AIRFLOW_CTX_TASK_ID=col_process
AIRFLOW_CTX_EXECUTION_DATE=2021-12-23T00:00:00+00:00
AIRFLOW_CTX_DAG_RUN_ID=scheduled__2021-12-23T00:00:00+00:00
[2021-12-24 10:57:44,293] {python.py:152} INFO - Done. Returned value was: None
[2021-12-24 10:57:44,357] {taskinstance.py:1280} INFO - Marking task as SUCCESS. dag_id=cpp_workflow, task_id=col_process, execution_date=20211223T000000, start_date=20211224T105742, end_date=20211224T105744
[2021-12-24 10:57:44,558] {local_task_job.py:154} INFO - Task exited with return code 0
[2021-12-24 10:57:45,016] {local_task_job.py:264} INFO - 1 downstream tasks scheduled from follow-on schedule check
