[2021-12-24 10:57:31,915] {taskinstance.py:1035} INFO - Dependencies all met for <TaskInstance: cpp_workflow.pre_process scheduled__2021-12-23T00:00:00+00:00 [queued]>
[2021-12-24 10:57:32,042] {taskinstance.py:1035} INFO - Dependencies all met for <TaskInstance: cpp_workflow.pre_process scheduled__2021-12-23T00:00:00+00:00 [queued]>
[2021-12-24 10:57:32,072] {taskinstance.py:1241} INFO - 
--------------------------------------------------------------------------------
[2021-12-24 10:57:32,086] {taskinstance.py:1242} INFO - Starting attempt 1 of 1
[2021-12-24 10:57:32,088] {taskinstance.py:1243} INFO - 
--------------------------------------------------------------------------------
[2021-12-24 10:57:32,250] {taskinstance.py:1262} INFO - Executing <Task(PythonOperator): pre_process> on 2021-12-23 00:00:00+00:00
[2021-12-24 10:57:32,341] {standard_task_runner.py:52} INFO - Started process 107 to run task
[2021-12-24 10:57:32,333] {standard_task_runner.py:76} INFO - Running: ['***', 'tasks', 'run', 'cpp_workflow', 'pre_process', 'scheduled__2021-12-23T00:00:00+00:00', '--job-id', '1543', '--raw', '--subdir', 'DAGS_FOLDER/first_dag.py', '--cfg-path', '/tmp/tmpdllp4ry2', '--error-file', '/tmp/tmp40ou0nus']
[2021-12-24 10:57:32,377] {standard_task_runner.py:77} INFO - Job 1543: Subtask pre_process
[2021-12-24 10:57:32,762] {logging_mixin.py:109} INFO - Running <TaskInstance: cpp_workflow.pre_process scheduled__2021-12-23T00:00:00+00:00 [running]> on host 218df5ddc363
[2021-12-24 10:57:33,217] {taskinstance.py:1429} INFO - Exporting the following env vars:
AIRFLOW_CTX_DAG_OWNER=***
AIRFLOW_CTX_DAG_ID=cpp_workflow
AIRFLOW_CTX_TASK_ID=pre_process
AIRFLOW_CTX_EXECUTION_DATE=2021-12-23T00:00:00+00:00
AIRFLOW_CTX_DAG_RUN_ID=scheduled__2021-12-23T00:00:00+00:00
[2021-12-24 10:57:35,156] {python.py:152} INFO - Done. Returned value was: None
[2021-12-24 10:57:35,334] {taskinstance.py:1280} INFO - Marking task as SUCCESS. dag_id=cpp_workflow, task_id=pre_process, execution_date=20211223T000000, start_date=20211224T105731, end_date=20211224T105735
[2021-12-24 10:57:35,525] {local_task_job.py:154} INFO - Task exited with return code 0
[2021-12-24 10:57:35,810] {local_task_job.py:264} INFO - 1 downstream tasks scheduled from follow-on schedule check
