[2021-12-29 23:19:31,961] {taskinstance.py:1035} INFO - Dependencies all met for <TaskInstance: cpp_workflow.col_process_media_prepare manual__2021-12-29T23:19:00.392707+00:00 [queued]>
[2021-12-29 23:19:31,975] {taskinstance.py:1035} INFO - Dependencies all met for <TaskInstance: cpp_workflow.col_process_media_prepare manual__2021-12-29T23:19:00.392707+00:00 [queued]>
[2021-12-29 23:19:31,976] {taskinstance.py:1241} INFO - 
--------------------------------------------------------------------------------
[2021-12-29 23:19:31,976] {taskinstance.py:1242} INFO - Starting attempt 1 of 1
[2021-12-29 23:19:31,976] {taskinstance.py:1243} INFO - 
--------------------------------------------------------------------------------
[2021-12-29 23:19:31,991] {taskinstance.py:1262} INFO - Executing <Task(PythonOperator): col_process_media_prepare> on 2021-12-29 23:19:00.392707+00:00
[2021-12-29 23:19:31,998] {standard_task_runner.py:52} INFO - Started process 13961 to run task
[2021-12-29 23:19:32,004] {standard_task_runner.py:76} INFO - Running: ['***', 'tasks', 'run', 'cpp_workflow', 'col_process_media_prepare', 'manual__2021-12-29T23:19:00.392707+00:00', '--job-id', '1654', '--raw', '--subdir', 'DAGS_FOLDER/first_dag.py', '--cfg-path', '/tmp/tmpuydv8rb3', '--error-file', '/tmp/tmp5nhl6fj1']
[2021-12-29 23:19:32,006] {standard_task_runner.py:77} INFO - Job 1654: Subtask col_process_media_prepare
[2021-12-29 23:19:32,070] {logging_mixin.py:109} INFO - Running <TaskInstance: cpp_workflow.col_process_media_prepare manual__2021-12-29T23:19:00.392707+00:00 [running]> on host 218df5ddc363
[2021-12-29 23:19:32,140] {taskinstance.py:1429} INFO - Exporting the following env vars:
AIRFLOW_CTX_DAG_OWNER=***
AIRFLOW_CTX_DAG_ID=cpp_workflow
AIRFLOW_CTX_TASK_ID=col_process_media_prepare
AIRFLOW_CTX_EXECUTION_DATE=2021-12-29T23:19:00.392707+00:00
AIRFLOW_CTX_DAG_RUN_ID=manual__2021-12-29T23:19:00.392707+00:00
[2021-12-29 23:19:32,142] {python.py:152} INFO - Done. Returned value was: None
[2021-12-29 23:19:32,157] {taskinstance.py:1280} INFO - Marking task as SUCCESS. dag_id=cpp_workflow, task_id=col_process_media_prepare, execution_date=20211229T231900, start_date=20211229T231931, end_date=20211229T231932
[2021-12-29 23:19:32,215] {local_task_job.py:154} INFO - Task exited with return code 0
[2021-12-29 23:19:32,280] {local_task_job.py:264} INFO - 0 downstream tasks scheduled from follow-on schedule check
