[2022-01-03 01:50:07,551] {taskinstance.py:1035} INFO - Dependencies all met for <TaskInstance: cpp_workflow.col_process_image manual__2022-01-03T01:50:01.614589+00:00 [queued]>
[2022-01-03 01:50:07,570] {taskinstance.py:1035} INFO - Dependencies all met for <TaskInstance: cpp_workflow.col_process_image manual__2022-01-03T01:50:01.614589+00:00 [queued]>
[2022-01-03 01:50:07,571] {taskinstance.py:1241} INFO - 
--------------------------------------------------------------------------------
[2022-01-03 01:50:07,574] {taskinstance.py:1242} INFO - Starting attempt 1 of 1
[2022-01-03 01:50:07,575] {taskinstance.py:1243} INFO - 
--------------------------------------------------------------------------------
[2022-01-03 01:50:07,594] {taskinstance.py:1262} INFO - Executing <Task(PythonOperator): col_process_image> on 2022-01-03 01:50:01.614589+00:00
[2022-01-03 01:50:07,601] {standard_task_runner.py:52} INFO - Started process 7033 to run task
[2022-01-03 01:50:07,608] {standard_task_runner.py:76} INFO - Running: ['***', 'tasks', 'run', 'cpp_workflow', 'col_process_image', 'manual__2022-01-03T01:50:01.614589+00:00', '--job-id', '2266', '--raw', '--subdir', 'DAGS_FOLDER/first_dag.py', '--cfg-path', '/tmp/tmpbngwdgy2', '--error-file', '/tmp/tmp18w9n2dn']
[2022-01-03 01:50:07,610] {standard_task_runner.py:77} INFO - Job 2266: Subtask col_process_image
[2022-01-03 01:50:07,681] {logging_mixin.py:109} INFO - Running <TaskInstance: cpp_workflow.col_process_image manual__2022-01-03T01:50:01.614589+00:00 [running]> on host 218df5ddc363
[2022-01-03 01:50:07,772] {taskinstance.py:1429} INFO - Exporting the following env vars:
AIRFLOW_CTX_DAG_OWNER=***
AIRFLOW_CTX_DAG_ID=cpp_workflow
AIRFLOW_CTX_TASK_ID=col_process_image
AIRFLOW_CTX_EXECUTION_DATE=2022-01-03T01:50:01.614589+00:00
AIRFLOW_CTX_DAG_RUN_ID=manual__2022-01-03T01:50:01.614589+00:00
[2022-01-03 01:50:07,834] {python.py:152} INFO - Done. Returned value was: None
[2022-01-03 01:50:07,861] {taskinstance.py:1280} INFO - Marking task as SUCCESS. dag_id=cpp_workflow, task_id=col_process_image, execution_date=20220103T015001, start_date=20220103T015007, end_date=20220103T015007
[2022-01-03 01:50:07,899] {local_task_job.py:154} INFO - Task exited with return code 0
[2022-01-03 01:50:07,956] {local_task_job.py:264} INFO - 1 downstream tasks scheduled from follow-on schedule check
