[2022-01-02 20:06:50,336] {taskinstance.py:1035} INFO - Dependencies all met for <TaskInstance: cpp_workflow.pre_process_print_cycle manual__2022-01-02T20:05:32.237062+00:00 [queued]>
[2022-01-02 20:06:50,360] {taskinstance.py:1035} INFO - Dependencies all met for <TaskInstance: cpp_workflow.pre_process_print_cycle manual__2022-01-02T20:05:32.237062+00:00 [queued]>
[2022-01-02 20:06:50,361] {taskinstance.py:1241} INFO - 
--------------------------------------------------------------------------------
[2022-01-02 20:06:50,361] {taskinstance.py:1242} INFO - Starting attempt 1 of 1
[2022-01-02 20:06:50,362] {taskinstance.py:1243} INFO - 
--------------------------------------------------------------------------------
[2022-01-02 20:06:50,384] {taskinstance.py:1262} INFO - Executing <Task(PythonOperator): pre_process_print_cycle> on 2022-01-02 20:05:32.237062+00:00
[2022-01-02 20:06:50,389] {standard_task_runner.py:52} INFO - Started process 12251 to run task
[2022-01-02 20:06:50,396] {standard_task_runner.py:76} INFO - Running: ['***', 'tasks', 'run', 'cpp_workflow', 'pre_process_print_cycle', 'manual__2022-01-02T20:05:32.237062+00:00', '--job-id', '1847', '--raw', '--subdir', 'DAGS_FOLDER/first_dag.py', '--cfg-path', '/tmp/tmpmkkqv67w', '--error-file', '/tmp/tmpp714gcsc']
[2022-01-02 20:06:50,398] {standard_task_runner.py:77} INFO - Job 1847: Subtask pre_process_print_cycle
[2022-01-02 20:06:50,549] {logging_mixin.py:109} INFO - Running <TaskInstance: cpp_workflow.pre_process_print_cycle manual__2022-01-02T20:05:32.237062+00:00 [running]> on host 218df5ddc363
[2022-01-02 20:06:50,721] {taskinstance.py:1429} INFO - Exporting the following env vars:
AIRFLOW_CTX_DAG_OWNER=***
AIRFLOW_CTX_DAG_ID=cpp_workflow
AIRFLOW_CTX_TASK_ID=pre_process_print_cycle
AIRFLOW_CTX_EXECUTION_DATE=2022-01-02T20:05:32.237062+00:00
AIRFLOW_CTX_DAG_RUN_ID=manual__2022-01-02T20:05:32.237062+00:00
[2022-01-02 20:06:50,763] {warnings.py:110} WARNING - /opt/***/dags/tasks_methods.py:13: FutureWarning: The default value of regex will change from True to False in a future version. In addition, single character regular expressions will *not* be treated as literal strings when regex=True.
  file.columns = file.columns.str.replace('$','')

[2022-01-02 20:06:50,870] {python.py:152} INFO - Done. Returned value was: None
[2022-01-02 20:06:50,949] {taskinstance.py:1280} INFO - Marking task as SUCCESS. dag_id=cpp_workflow, task_id=pre_process_print_cycle, execution_date=20220102T200532, start_date=20220102T200650, end_date=20220102T200650
[2022-01-02 20:06:51,017] {local_task_job.py:154} INFO - Task exited with return code 0
[2022-01-02 20:06:51,189] {local_task_job.py:264} INFO - 1 downstream tasks scheduled from follow-on schedule check
