[2022-01-14 11:25:33,453] {taskinstance.py:1035} INFO - Dependencies all met for <TaskInstance: cpp_workflow.pre_process_print_cycle scheduled__2022-01-13T00:00:00+00:00 [queued]>
[2022-01-14 11:25:33,462] {taskinstance.py:1035} INFO - Dependencies all met for <TaskInstance: cpp_workflow.pre_process_print_cycle scheduled__2022-01-13T00:00:00+00:00 [queued]>
[2022-01-14 11:25:33,462] {taskinstance.py:1241} INFO - 
--------------------------------------------------------------------------------
[2022-01-14 11:25:33,462] {taskinstance.py:1242} INFO - Starting attempt 1 of 1
[2022-01-14 11:25:33,463] {taskinstance.py:1243} INFO - 
--------------------------------------------------------------------------------
[2022-01-14 11:25:33,475] {taskinstance.py:1262} INFO - Executing <Task(PythonOperator): pre_process_print_cycle> on 2022-01-13 00:00:00+00:00
[2022-01-14 11:25:33,480] {standard_task_runner.py:52} INFO - Started process 75 to run task
[2022-01-14 11:25:33,483] {standard_task_runner.py:76} INFO - Running: ['***', 'tasks', 'run', 'cpp_workflow', 'pre_process_print_cycle', 'scheduled__2022-01-13T00:00:00+00:00', '--job-id', '2677', '--raw', '--subdir', 'DAGS_FOLDER/first_dag.py', '--cfg-path', '/tmp/tmp3avd3503', '--error-file', '/tmp/tmpe5ex2ajn']
[2022-01-14 11:25:33,484] {standard_task_runner.py:77} INFO - Job 2677: Subtask pre_process_print_cycle
[2022-01-14 11:25:33,535] {logging_mixin.py:109} INFO - Running <TaskInstance: cpp_workflow.pre_process_print_cycle scheduled__2022-01-13T00:00:00+00:00 [running]> on host 218df5ddc363
[2022-01-14 11:25:33,635] {taskinstance.py:1429} INFO - Exporting the following env vars:
AIRFLOW_CTX_DAG_OWNER=***
AIRFLOW_CTX_DAG_ID=cpp_workflow
AIRFLOW_CTX_TASK_ID=pre_process_print_cycle
AIRFLOW_CTX_EXECUTION_DATE=2022-01-13T00:00:00+00:00
AIRFLOW_CTX_DAG_RUN_ID=scheduled__2022-01-13T00:00:00+00:00
[2022-01-14 11:25:33,637] {python.py:152} INFO - Done. Returned value was: None
[2022-01-14 11:25:33,653] {taskinstance.py:1280} INFO - Marking task as SUCCESS. dag_id=cpp_workflow, task_id=pre_process_print_cycle, execution_date=20220113T000000, start_date=20220114T112533, end_date=20220114T112533
[2022-01-14 11:25:33,696] {local_task_job.py:154} INFO - Task exited with return code 0
[2022-01-14 11:25:33,736] {local_task_job.py:264} INFO - 1 downstream tasks scheduled from follow-on schedule check
