[2021-12-19 00:00:02,261] {processor.py:163} INFO - Started process (PID=31899) to work on /home/airflow/.local/lib/python3.7/site-packages/airflow/example_dags/example_dag_decorator.py
[2021-12-19 00:00:02,263] {processor.py:625} INFO - Processing file /home/airflow/.local/lib/python3.7/site-packages/airflow/example_dags/example_dag_decorator.py for tasks to queue
[2021-12-19 00:00:02,264] {logging_mixin.py:109} INFO - [2021-12-19 00:00:02,264] {dagbag.py:500} INFO - Filling up the DagBag from /home/airflow/.local/lib/python3.7/site-packages/airflow/example_dags/example_dag_decorator.py
[2021-12-19 00:00:02,345] {processor.py:637} INFO - DAG(s) dict_keys(['example_dag_decorator']) retrieved from /home/airflow/.local/lib/python3.7/site-packages/airflow/example_dags/example_dag_decorator.py
[2021-12-19 00:00:02,627] {logging_mixin.py:109} INFO - [2021-12-19 00:00:02,627] {dag.py:2396} INFO - Sync 1 DAGs
[2021-12-19 00:00:02,644] {logging_mixin.py:109} INFO - [2021-12-19 00:00:02,644] {dag.py:2928} INFO - Setting next_dagrun for example_dag_decorator to None
[2021-12-19 00:00:02,666] {processor.py:171} INFO - Processing /home/airflow/.local/lib/python3.7/site-packages/airflow/example_dags/example_dag_decorator.py took 0.410 seconds
[2021-12-19 00:00:32,758] {processor.py:163} INFO - Started process (PID=31960) to work on /home/airflow/.local/lib/python3.7/site-packages/airflow/example_dags/example_dag_decorator.py
[2021-12-19 00:00:32,759] {processor.py:625} INFO - Processing file /home/airflow/.local/lib/python3.7/site-packages/airflow/example_dags/example_dag_decorator.py for tasks to queue
[2021-12-19 00:00:32,760] {logging_mixin.py:109} INFO - [2021-12-19 00:00:32,760] {dagbag.py:500} INFO - Filling up the DagBag from /home/airflow/.local/lib/python3.7/site-packages/airflow/example_dags/example_dag_decorator.py
[2021-12-19 00:00:32,789] {processor.py:637} INFO - DAG(s) dict_keys(['example_dag_decorator']) retrieved from /home/airflow/.local/lib/python3.7/site-packages/airflow/example_dags/example_dag_decorator.py
[2021-12-19 00:00:32,960] {logging_mixin.py:109} INFO - [2021-12-19 00:00:32,959] {dag.py:2396} INFO - Sync 1 DAGs
[2021-12-19 00:00:32,971] {logging_mixin.py:109} INFO - [2021-12-19 00:00:32,971] {dag.py:2928} INFO - Setting next_dagrun for example_dag_decorator to None
[2021-12-19 00:00:32,983] {processor.py:171} INFO - Processing /home/airflow/.local/lib/python3.7/site-packages/airflow/example_dags/example_dag_decorator.py took 0.228 seconds
[2021-12-19 00:01:03,254] {processor.py:163} INFO - Started process (PID=32030) to work on /home/airflow/.local/lib/python3.7/site-packages/airflow/example_dags/example_dag_decorator.py
[2021-12-19 00:01:03,255] {processor.py:625} INFO - Processing file /home/airflow/.local/lib/python3.7/site-packages/airflow/example_dags/example_dag_decorator.py for tasks to queue
[2021-12-19 00:01:03,256] {logging_mixin.py:109} INFO - [2021-12-19 00:01:03,256] {dagbag.py:500} INFO - Filling up the DagBag from /home/airflow/.local/lib/python3.7/site-packages/airflow/example_dags/example_dag_decorator.py
[2021-12-19 00:01:03,287] {processor.py:637} INFO - DAG(s) dict_keys(['example_dag_decorator']) retrieved from /home/airflow/.local/lib/python3.7/site-packages/airflow/example_dags/example_dag_decorator.py
[2021-12-19 00:01:03,480] {logging_mixin.py:109} INFO - [2021-12-19 00:01:03,479] {dag.py:2396} INFO - Sync 1 DAGs
[2021-12-19 00:01:03,492] {logging_mixin.py:109} INFO - [2021-12-19 00:01:03,492] {dag.py:2928} INFO - Setting next_dagrun for example_dag_decorator to None
[2021-12-19 00:01:03,502] {processor.py:171} INFO - Processing /home/airflow/.local/lib/python3.7/site-packages/airflow/example_dags/example_dag_decorator.py took 0.251 seconds
[2021-12-19 00:01:33,710] {processor.py:163} INFO - Started process (PID=32091) to work on /home/airflow/.local/lib/python3.7/site-packages/airflow/example_dags/example_dag_decorator.py
[2021-12-19 00:01:33,712] {processor.py:625} INFO - Processing file /home/airflow/.local/lib/python3.7/site-packages/airflow/example_dags/example_dag_decorator.py for tasks to queue
[2021-12-19 00:01:33,713] {logging_mixin.py:109} INFO - [2021-12-19 00:01:33,712] {dagbag.py:500} INFO - Filling up the DagBag from /home/airflow/.local/lib/python3.7/site-packages/airflow/example_dags/example_dag_decorator.py
[2021-12-19 00:01:33,742] {processor.py:637} INFO - DAG(s) dict_keys(['example_dag_decorator']) retrieved from /home/airflow/.local/lib/python3.7/site-packages/airflow/example_dags/example_dag_decorator.py
[2021-12-19 00:01:33,911] {logging_mixin.py:109} INFO - [2021-12-19 00:01:33,911] {dag.py:2396} INFO - Sync 1 DAGs
[2021-12-19 00:01:33,922] {logging_mixin.py:109} INFO - [2021-12-19 00:01:33,922] {dag.py:2928} INFO - Setting next_dagrun for example_dag_decorator to None
[2021-12-19 00:01:33,932] {processor.py:171} INFO - Processing /home/airflow/.local/lib/python3.7/site-packages/airflow/example_dags/example_dag_decorator.py took 0.224 seconds
[2021-12-19 00:02:04,105] {processor.py:163} INFO - Started process (PID=32162) to work on /home/airflow/.local/lib/python3.7/site-packages/airflow/example_dags/example_dag_decorator.py
[2021-12-19 00:02:04,107] {processor.py:625} INFO - Processing file /home/airflow/.local/lib/python3.7/site-packages/airflow/example_dags/example_dag_decorator.py for tasks to queue
[2021-12-19 00:02:04,107] {logging_mixin.py:109} INFO - [2021-12-19 00:02:04,107] {dagbag.py:500} INFO - Filling up the DagBag from /home/airflow/.local/lib/python3.7/site-packages/airflow/example_dags/example_dag_decorator.py
[2021-12-19 00:02:04,137] {processor.py:637} INFO - DAG(s) dict_keys(['example_dag_decorator']) retrieved from /home/airflow/.local/lib/python3.7/site-packages/airflow/example_dags/example_dag_decorator.py
[2021-12-19 00:02:04,313] {logging_mixin.py:109} INFO - [2021-12-19 00:02:04,312] {dag.py:2396} INFO - Sync 1 DAGs
[2021-12-19 00:02:04,325] {logging_mixin.py:109} INFO - [2021-12-19 00:02:04,325] {dag.py:2928} INFO - Setting next_dagrun for example_dag_decorator to None
[2021-12-19 00:02:04,336] {processor.py:171} INFO - Processing /home/airflow/.local/lib/python3.7/site-packages/airflow/example_dags/example_dag_decorator.py took 0.234 seconds
[2021-12-19 00:02:34,896] {processor.py:163} INFO - Started process (PID=32223) to work on /home/airflow/.local/lib/python3.7/site-packages/airflow/example_dags/example_dag_decorator.py
[2021-12-19 00:02:34,898] {processor.py:625} INFO - Processing file /home/airflow/.local/lib/python3.7/site-packages/airflow/example_dags/example_dag_decorator.py for tasks to queue
[2021-12-19 00:02:34,900] {logging_mixin.py:109} INFO - [2021-12-19 00:02:34,899] {dagbag.py:500} INFO - Filling up the DagBag from /home/airflow/.local/lib/python3.7/site-packages/airflow/example_dags/example_dag_decorator.py
[2021-12-19 00:02:34,943] {processor.py:637} INFO - DAG(s) dict_keys(['example_dag_decorator']) retrieved from /home/airflow/.local/lib/python3.7/site-packages/airflow/example_dags/example_dag_decorator.py
[2021-12-19 00:02:35,165] {logging_mixin.py:109} INFO - [2021-12-19 00:02:35,165] {dag.py:2396} INFO - Sync 1 DAGs
[2021-12-19 00:02:35,180] {logging_mixin.py:109} INFO - [2021-12-19 00:02:35,180] {dag.py:2928} INFO - Setting next_dagrun for example_dag_decorator to None
[2021-12-19 00:02:35,193] {processor.py:171} INFO - Processing /home/airflow/.local/lib/python3.7/site-packages/airflow/example_dags/example_dag_decorator.py took 0.300 seconds
[2021-12-19 00:03:05,527] {processor.py:163} INFO - Started process (PID=32292) to work on /home/airflow/.local/lib/python3.7/site-packages/airflow/example_dags/example_dag_decorator.py
[2021-12-19 00:03:05,528] {processor.py:625} INFO - Processing file /home/airflow/.local/lib/python3.7/site-packages/airflow/example_dags/example_dag_decorator.py for tasks to queue
[2021-12-19 00:03:05,529] {logging_mixin.py:109} INFO - [2021-12-19 00:03:05,529] {dagbag.py:500} INFO - Filling up the DagBag from /home/airflow/.local/lib/python3.7/site-packages/airflow/example_dags/example_dag_decorator.py
[2021-12-19 00:03:05,559] {processor.py:637} INFO - DAG(s) dict_keys(['example_dag_decorator']) retrieved from /home/airflow/.local/lib/python3.7/site-packages/airflow/example_dags/example_dag_decorator.py
[2021-12-19 00:03:05,729] {logging_mixin.py:109} INFO - [2021-12-19 00:03:05,729] {dag.py:2396} INFO - Sync 1 DAGs
[2021-12-19 00:03:05,741] {logging_mixin.py:109} INFO - [2021-12-19 00:03:05,741] {dag.py:2928} INFO - Setting next_dagrun for example_dag_decorator to None
[2021-12-19 00:03:05,755] {processor.py:171} INFO - Processing /home/airflow/.local/lib/python3.7/site-packages/airflow/example_dags/example_dag_decorator.py took 0.231 seconds
[2021-12-19 00:03:36,187] {processor.py:163} INFO - Started process (PID=32352) to work on /home/airflow/.local/lib/python3.7/site-packages/airflow/example_dags/example_dag_decorator.py
[2021-12-19 00:03:36,188] {processor.py:625} INFO - Processing file /home/airflow/.local/lib/python3.7/site-packages/airflow/example_dags/example_dag_decorator.py for tasks to queue
[2021-12-19 00:03:36,189] {logging_mixin.py:109} INFO - [2021-12-19 00:03:36,189] {dagbag.py:500} INFO - Filling up the DagBag from /home/airflow/.local/lib/python3.7/site-packages/airflow/example_dags/example_dag_decorator.py
[2021-12-19 00:03:36,219] {processor.py:637} INFO - DAG(s) dict_keys(['example_dag_decorator']) retrieved from /home/airflow/.local/lib/python3.7/site-packages/airflow/example_dags/example_dag_decorator.py
[2021-12-19 00:03:36,388] {logging_mixin.py:109} INFO - [2021-12-19 00:03:36,388] {dag.py:2396} INFO - Sync 1 DAGs
[2021-12-19 00:03:36,402] {logging_mixin.py:109} INFO - [2021-12-19 00:03:36,402] {dag.py:2928} INFO - Setting next_dagrun for example_dag_decorator to None
[2021-12-19 00:03:36,415] {processor.py:171} INFO - Processing /home/airflow/.local/lib/python3.7/site-packages/airflow/example_dags/example_dag_decorator.py took 0.231 seconds
[2021-12-19 00:04:07,196] {processor.py:163} INFO - Started process (PID=32423) to work on /home/airflow/.local/lib/python3.7/site-packages/airflow/example_dags/example_dag_decorator.py
[2021-12-19 00:04:07,197] {processor.py:625} INFO - Processing file /home/airflow/.local/lib/python3.7/site-packages/airflow/example_dags/example_dag_decorator.py for tasks to queue
[2021-12-19 00:04:07,198] {logging_mixin.py:109} INFO - [2021-12-19 00:04:07,198] {dagbag.py:500} INFO - Filling up the DagBag from /home/airflow/.local/lib/python3.7/site-packages/airflow/example_dags/example_dag_decorator.py
[2021-12-19 00:04:07,228] {processor.py:637} INFO - DAG(s) dict_keys(['example_dag_decorator']) retrieved from /home/airflow/.local/lib/python3.7/site-packages/airflow/example_dags/example_dag_decorator.py
[2021-12-19 00:04:07,438] {logging_mixin.py:109} INFO - [2021-12-19 00:04:07,438] {dag.py:2396} INFO - Sync 1 DAGs
[2021-12-19 00:04:07,453] {logging_mixin.py:109} INFO - [2021-12-19 00:04:07,452] {dag.py:2928} INFO - Setting next_dagrun for example_dag_decorator to None
[2021-12-19 00:04:07,468] {processor.py:171} INFO - Processing /home/airflow/.local/lib/python3.7/site-packages/airflow/example_dags/example_dag_decorator.py took 0.275 seconds
[2021-12-19 00:04:37,586] {processor.py:163} INFO - Started process (PID=32484) to work on /home/airflow/.local/lib/python3.7/site-packages/airflow/example_dags/example_dag_decorator.py
[2021-12-19 00:04:37,588] {processor.py:625} INFO - Processing file /home/airflow/.local/lib/python3.7/site-packages/airflow/example_dags/example_dag_decorator.py for tasks to queue
[2021-12-19 00:04:37,589] {logging_mixin.py:109} INFO - [2021-12-19 00:04:37,589] {dagbag.py:500} INFO - Filling up the DagBag from /home/airflow/.local/lib/python3.7/site-packages/airflow/example_dags/example_dag_decorator.py
[2021-12-19 00:04:37,623] {processor.py:637} INFO - DAG(s) dict_keys(['example_dag_decorator']) retrieved from /home/airflow/.local/lib/python3.7/site-packages/airflow/example_dags/example_dag_decorator.py
[2021-12-19 00:04:37,803] {logging_mixin.py:109} INFO - [2021-12-19 00:04:37,803] {dag.py:2396} INFO - Sync 1 DAGs
[2021-12-19 00:04:37,816] {logging_mixin.py:109} INFO - [2021-12-19 00:04:37,816] {dag.py:2928} INFO - Setting next_dagrun for example_dag_decorator to None
[2021-12-19 00:04:37,830] {processor.py:171} INFO - Processing /home/airflow/.local/lib/python3.7/site-packages/airflow/example_dags/example_dag_decorator.py took 0.248 seconds
[2021-12-19 00:05:08,503] {processor.py:163} INFO - Started process (PID=32556) to work on /home/airflow/.local/lib/python3.7/site-packages/airflow/example_dags/example_dag_decorator.py
[2021-12-19 00:05:08,504] {processor.py:625} INFO - Processing file /home/airflow/.local/lib/python3.7/site-packages/airflow/example_dags/example_dag_decorator.py for tasks to queue
[2021-12-19 00:05:08,505] {logging_mixin.py:109} INFO - [2021-12-19 00:05:08,505] {dagbag.py:500} INFO - Filling up the DagBag from /home/airflow/.local/lib/python3.7/site-packages/airflow/example_dags/example_dag_decorator.py
[2021-12-19 00:05:08,549] {processor.py:637} INFO - DAG(s) dict_keys(['example_dag_decorator']) retrieved from /home/airflow/.local/lib/python3.7/site-packages/airflow/example_dags/example_dag_decorator.py
[2021-12-19 00:05:08,781] {logging_mixin.py:109} INFO - [2021-12-19 00:05:08,781] {dag.py:2396} INFO - Sync 1 DAGs
[2021-12-19 00:05:08,797] {logging_mixin.py:109} INFO - [2021-12-19 00:05:08,797] {dag.py:2928} INFO - Setting next_dagrun for example_dag_decorator to None
[2021-12-19 00:05:08,809] {processor.py:171} INFO - Processing /home/airflow/.local/lib/python3.7/site-packages/airflow/example_dags/example_dag_decorator.py took 0.311 seconds
[2021-12-19 00:05:39,174] {processor.py:163} INFO - Started process (PID=32616) to work on /home/airflow/.local/lib/python3.7/site-packages/airflow/example_dags/example_dag_decorator.py
[2021-12-19 00:05:39,176] {processor.py:625} INFO - Processing file /home/airflow/.local/lib/python3.7/site-packages/airflow/example_dags/example_dag_decorator.py for tasks to queue
[2021-12-19 00:05:39,177] {logging_mixin.py:109} INFO - [2021-12-19 00:05:39,177] {dagbag.py:500} INFO - Filling up the DagBag from /home/airflow/.local/lib/python3.7/site-packages/airflow/example_dags/example_dag_decorator.py
[2021-12-19 00:05:39,234] {processor.py:637} INFO - DAG(s) dict_keys(['example_dag_decorator']) retrieved from /home/airflow/.local/lib/python3.7/site-packages/airflow/example_dags/example_dag_decorator.py
[2021-12-19 00:05:39,463] {logging_mixin.py:109} INFO - [2021-12-19 00:05:39,463] {dag.py:2396} INFO - Sync 1 DAGs
[2021-12-19 00:05:39,478] {logging_mixin.py:109} INFO - [2021-12-19 00:05:39,478] {dag.py:2928} INFO - Setting next_dagrun for example_dag_decorator to None
[2021-12-19 00:05:39,490] {processor.py:171} INFO - Processing /home/airflow/.local/lib/python3.7/site-packages/airflow/example_dags/example_dag_decorator.py took 0.319 seconds
[2021-12-19 00:06:09,654] {processor.py:163} INFO - Started process (PID=32677) to work on /home/airflow/.local/lib/python3.7/site-packages/airflow/example_dags/example_dag_decorator.py
[2021-12-19 00:06:09,656] {processor.py:625} INFO - Processing file /home/airflow/.local/lib/python3.7/site-packages/airflow/example_dags/example_dag_decorator.py for tasks to queue
[2021-12-19 00:06:09,657] {logging_mixin.py:109} INFO - [2021-12-19 00:06:09,657] {dagbag.py:500} INFO - Filling up the DagBag from /home/airflow/.local/lib/python3.7/site-packages/airflow/example_dags/example_dag_decorator.py
[2021-12-19 00:06:09,686] {processor.py:637} INFO - DAG(s) dict_keys(['example_dag_decorator']) retrieved from /home/airflow/.local/lib/python3.7/site-packages/airflow/example_dags/example_dag_decorator.py
[2021-12-19 00:06:09,869] {logging_mixin.py:109} INFO - [2021-12-19 00:06:09,869] {dag.py:2396} INFO - Sync 1 DAGs
[2021-12-19 00:06:09,882] {logging_mixin.py:109} INFO - [2021-12-19 00:06:09,882] {dag.py:2928} INFO - Setting next_dagrun for example_dag_decorator to None
[2021-12-19 00:06:09,892] {processor.py:171} INFO - Processing /home/airflow/.local/lib/python3.7/site-packages/airflow/example_dags/example_dag_decorator.py took 0.241 seconds
[2021-12-19 00:06:40,437] {processor.py:163} INFO - Started process (PID=32750) to work on /home/airflow/.local/lib/python3.7/site-packages/airflow/example_dags/example_dag_decorator.py
[2021-12-19 00:06:40,439] {processor.py:625} INFO - Processing file /home/airflow/.local/lib/python3.7/site-packages/airflow/example_dags/example_dag_decorator.py for tasks to queue
[2021-12-19 00:06:40,440] {logging_mixin.py:109} INFO - [2021-12-19 00:06:40,439] {dagbag.py:500} INFO - Filling up the DagBag from /home/airflow/.local/lib/python3.7/site-packages/airflow/example_dags/example_dag_decorator.py
[2021-12-19 00:06:40,472] {processor.py:637} INFO - DAG(s) dict_keys(['example_dag_decorator']) retrieved from /home/airflow/.local/lib/python3.7/site-packages/airflow/example_dags/example_dag_decorator.py
[2021-12-19 00:06:40,677] {logging_mixin.py:109} INFO - [2021-12-19 00:06:40,677] {dag.py:2396} INFO - Sync 1 DAGs
[2021-12-19 00:06:40,693] {logging_mixin.py:109} INFO - [2021-12-19 00:06:40,693] {dag.py:2928} INFO - Setting next_dagrun for example_dag_decorator to None
[2021-12-19 00:06:40,709] {processor.py:171} INFO - Processing /home/airflow/.local/lib/python3.7/site-packages/airflow/example_dags/example_dag_decorator.py took 0.276 seconds
[2021-12-19 00:07:10,900] {processor.py:163} INFO - Started process (PID=343) to work on /home/airflow/.local/lib/python3.7/site-packages/airflow/example_dags/example_dag_decorator.py
[2021-12-19 00:07:10,901] {processor.py:625} INFO - Processing file /home/airflow/.local/lib/python3.7/site-packages/airflow/example_dags/example_dag_decorator.py for tasks to queue
[2021-12-19 00:07:10,902] {logging_mixin.py:109} INFO - [2021-12-19 00:07:10,902] {dagbag.py:500} INFO - Filling up the DagBag from /home/airflow/.local/lib/python3.7/site-packages/airflow/example_dags/example_dag_decorator.py
[2021-12-19 00:07:10,939] {processor.py:637} INFO - DAG(s) dict_keys(['example_dag_decorator']) retrieved from /home/airflow/.local/lib/python3.7/site-packages/airflow/example_dags/example_dag_decorator.py
[2021-12-19 00:07:11,132] {logging_mixin.py:109} INFO - [2021-12-19 00:07:11,131] {dag.py:2396} INFO - Sync 1 DAGs
[2021-12-19 00:07:11,147] {logging_mixin.py:109} INFO - [2021-12-19 00:07:11,146] {dag.py:2928} INFO - Setting next_dagrun for example_dag_decorator to None
[2021-12-19 00:07:11,158] {processor.py:171} INFO - Processing /home/airflow/.local/lib/python3.7/site-packages/airflow/example_dags/example_dag_decorator.py took 0.261 seconds
[2021-12-19 00:07:41,381] {processor.py:163} INFO - Started process (PID=414) to work on /home/airflow/.local/lib/python3.7/site-packages/airflow/example_dags/example_dag_decorator.py
[2021-12-19 00:07:41,383] {processor.py:625} INFO - Processing file /home/airflow/.local/lib/python3.7/site-packages/airflow/example_dags/example_dag_decorator.py for tasks to queue
[2021-12-19 00:07:41,384] {logging_mixin.py:109} INFO - [2021-12-19 00:07:41,384] {dagbag.py:500} INFO - Filling up the DagBag from /home/airflow/.local/lib/python3.7/site-packages/airflow/example_dags/example_dag_decorator.py
[2021-12-19 00:07:41,426] {processor.py:637} INFO - DAG(s) dict_keys(['example_dag_decorator']) retrieved from /home/airflow/.local/lib/python3.7/site-packages/airflow/example_dags/example_dag_decorator.py
[2021-12-19 00:07:41,648] {logging_mixin.py:109} INFO - [2021-12-19 00:07:41,648] {dag.py:2396} INFO - Sync 1 DAGs
[2021-12-19 00:07:41,661] {logging_mixin.py:109} INFO - [2021-12-19 00:07:41,661] {dag.py:2928} INFO - Setting next_dagrun for example_dag_decorator to None
[2021-12-19 00:07:41,672] {processor.py:171} INFO - Processing /home/airflow/.local/lib/python3.7/site-packages/airflow/example_dags/example_dag_decorator.py took 0.294 seconds
[2021-12-19 00:08:12,126] {processor.py:163} INFO - Started process (PID=475) to work on /home/airflow/.local/lib/python3.7/site-packages/airflow/example_dags/example_dag_decorator.py
[2021-12-19 00:08:12,127] {processor.py:625} INFO - Processing file /home/airflow/.local/lib/python3.7/site-packages/airflow/example_dags/example_dag_decorator.py for tasks to queue
[2021-12-19 00:08:12,128] {logging_mixin.py:109} INFO - [2021-12-19 00:08:12,128] {dagbag.py:500} INFO - Filling up the DagBag from /home/airflow/.local/lib/python3.7/site-packages/airflow/example_dags/example_dag_decorator.py
[2021-12-19 00:08:12,158] {processor.py:637} INFO - DAG(s) dict_keys(['example_dag_decorator']) retrieved from /home/airflow/.local/lib/python3.7/site-packages/airflow/example_dags/example_dag_decorator.py
[2021-12-19 00:08:12,346] {logging_mixin.py:109} INFO - [2021-12-19 00:08:12,346] {dag.py:2396} INFO - Sync 1 DAGs
[2021-12-19 00:08:12,360] {logging_mixin.py:109} INFO - [2021-12-19 00:08:12,360] {dag.py:2928} INFO - Setting next_dagrun for example_dag_decorator to None
[2021-12-19 00:08:12,370] {processor.py:171} INFO - Processing /home/airflow/.local/lib/python3.7/site-packages/airflow/example_dags/example_dag_decorator.py took 0.247 seconds
[2021-12-19 00:08:42,840] {processor.py:163} INFO - Started process (PID=546) to work on /home/airflow/.local/lib/python3.7/site-packages/airflow/example_dags/example_dag_decorator.py
[2021-12-19 00:08:42,842] {processor.py:625} INFO - Processing file /home/airflow/.local/lib/python3.7/site-packages/airflow/example_dags/example_dag_decorator.py for tasks to queue
[2021-12-19 00:08:42,844] {logging_mixin.py:109} INFO - [2021-12-19 00:08:42,844] {dagbag.py:500} INFO - Filling up the DagBag from /home/airflow/.local/lib/python3.7/site-packages/airflow/example_dags/example_dag_decorator.py
[2021-12-19 00:08:42,894] {processor.py:637} INFO - DAG(s) dict_keys(['example_dag_decorator']) retrieved from /home/airflow/.local/lib/python3.7/site-packages/airflow/example_dags/example_dag_decorator.py
[2021-12-19 00:08:43,141] {logging_mixin.py:109} INFO - [2021-12-19 00:08:43,141] {dag.py:2396} INFO - Sync 1 DAGs
[2021-12-19 00:08:43,156] {logging_mixin.py:109} INFO - [2021-12-19 00:08:43,156] {dag.py:2928} INFO - Setting next_dagrun for example_dag_decorator to None
[2021-12-19 00:08:43,167] {processor.py:171} INFO - Processing /home/airflow/.local/lib/python3.7/site-packages/airflow/example_dags/example_dag_decorator.py took 0.332 seconds
[2021-12-19 00:09:13,657] {processor.py:163} INFO - Started process (PID=608) to work on /home/airflow/.local/lib/python3.7/site-packages/airflow/example_dags/example_dag_decorator.py
[2021-12-19 00:09:13,659] {processor.py:625} INFO - Processing file /home/airflow/.local/lib/python3.7/site-packages/airflow/example_dags/example_dag_decorator.py for tasks to queue
[2021-12-19 00:09:13,660] {logging_mixin.py:109} INFO - [2021-12-19 00:09:13,659] {dagbag.py:500} INFO - Filling up the DagBag from /home/airflow/.local/lib/python3.7/site-packages/airflow/example_dags/example_dag_decorator.py
[2021-12-19 00:09:13,693] {processor.py:637} INFO - DAG(s) dict_keys(['example_dag_decorator']) retrieved from /home/airflow/.local/lib/python3.7/site-packages/airflow/example_dags/example_dag_decorator.py
[2021-12-19 00:09:13,878] {logging_mixin.py:109} INFO - [2021-12-19 00:09:13,877] {dag.py:2396} INFO - Sync 1 DAGs
[2021-12-19 00:09:13,891] {logging_mixin.py:109} INFO - [2021-12-19 00:09:13,891] {dag.py:2928} INFO - Setting next_dagrun for example_dag_decorator to None
[2021-12-19 00:09:13,902] {processor.py:171} INFO - Processing /home/airflow/.local/lib/python3.7/site-packages/airflow/example_dags/example_dag_decorator.py took 0.248 seconds
[2021-12-19 00:09:44,547] {processor.py:163} INFO - Started process (PID=678) to work on /home/airflow/.local/lib/python3.7/site-packages/airflow/example_dags/example_dag_decorator.py
[2021-12-19 00:09:44,549] {processor.py:625} INFO - Processing file /home/airflow/.local/lib/python3.7/site-packages/airflow/example_dags/example_dag_decorator.py for tasks to queue
[2021-12-19 00:09:44,550] {logging_mixin.py:109} INFO - [2021-12-19 00:09:44,550] {dagbag.py:500} INFO - Filling up the DagBag from /home/airflow/.local/lib/python3.7/site-packages/airflow/example_dags/example_dag_decorator.py
[2021-12-19 00:09:44,596] {processor.py:637} INFO - DAG(s) dict_keys(['example_dag_decorator']) retrieved from /home/airflow/.local/lib/python3.7/site-packages/airflow/example_dags/example_dag_decorator.py
[2021-12-19 00:09:44,836] {logging_mixin.py:109} INFO - [2021-12-19 00:09:44,836] {dag.py:2396} INFO - Sync 1 DAGs
[2021-12-19 00:09:44,851] {logging_mixin.py:109} INFO - [2021-12-19 00:09:44,851] {dag.py:2928} INFO - Setting next_dagrun for example_dag_decorator to None
[2021-12-19 00:09:44,865] {processor.py:171} INFO - Processing /home/airflow/.local/lib/python3.7/site-packages/airflow/example_dags/example_dag_decorator.py took 0.322 seconds
[2021-12-19 00:10:15,164] {processor.py:163} INFO - Started process (PID=740) to work on /home/airflow/.local/lib/python3.7/site-packages/airflow/example_dags/example_dag_decorator.py
[2021-12-19 00:10:15,165] {processor.py:625} INFO - Processing file /home/airflow/.local/lib/python3.7/site-packages/airflow/example_dags/example_dag_decorator.py for tasks to queue
[2021-12-19 00:10:15,166] {logging_mixin.py:109} INFO - [2021-12-19 00:10:15,166] {dagbag.py:500} INFO - Filling up the DagBag from /home/airflow/.local/lib/python3.7/site-packages/airflow/example_dags/example_dag_decorator.py
[2021-12-19 00:10:15,196] {processor.py:637} INFO - DAG(s) dict_keys(['example_dag_decorator']) retrieved from /home/airflow/.local/lib/python3.7/site-packages/airflow/example_dags/example_dag_decorator.py
[2021-12-19 00:10:15,390] {logging_mixin.py:109} INFO - [2021-12-19 00:10:15,390] {dag.py:2396} INFO - Sync 1 DAGs
[2021-12-19 00:10:15,403] {logging_mixin.py:109} INFO - [2021-12-19 00:10:15,403] {dag.py:2928} INFO - Setting next_dagrun for example_dag_decorator to None
[2021-12-19 00:10:15,415] {processor.py:171} INFO - Processing /home/airflow/.local/lib/python3.7/site-packages/airflow/example_dags/example_dag_decorator.py took 0.253 seconds
[2021-12-19 00:10:45,692] {processor.py:163} INFO - Started process (PID=801) to work on /home/airflow/.local/lib/python3.7/site-packages/airflow/example_dags/example_dag_decorator.py
[2021-12-19 00:10:45,693] {processor.py:625} INFO - Processing file /home/airflow/.local/lib/python3.7/site-packages/airflow/example_dags/example_dag_decorator.py for tasks to queue
[2021-12-19 00:10:45,694] {logging_mixin.py:109} INFO - [2021-12-19 00:10:45,694] {dagbag.py:500} INFO - Filling up the DagBag from /home/airflow/.local/lib/python3.7/site-packages/airflow/example_dags/example_dag_decorator.py
[2021-12-19 00:10:45,724] {processor.py:637} INFO - DAG(s) dict_keys(['example_dag_decorator']) retrieved from /home/airflow/.local/lib/python3.7/site-packages/airflow/example_dags/example_dag_decorator.py
[2021-12-19 00:10:45,950] {logging_mixin.py:109} INFO - [2021-12-19 00:10:45,950] {dag.py:2396} INFO - Sync 1 DAGs
[2021-12-19 00:10:45,968] {logging_mixin.py:109} INFO - [2021-12-19 00:10:45,967] {dag.py:2928} INFO - Setting next_dagrun for example_dag_decorator to None
[2021-12-19 00:10:45,982] {processor.py:171} INFO - Processing /home/airflow/.local/lib/python3.7/site-packages/airflow/example_dags/example_dag_decorator.py took 0.295 seconds
[2021-12-19 00:11:16,192] {processor.py:163} INFO - Started process (PID=873) to work on /home/airflow/.local/lib/python3.7/site-packages/airflow/example_dags/example_dag_decorator.py
[2021-12-19 00:11:16,193] {processor.py:625} INFO - Processing file /home/airflow/.local/lib/python3.7/site-packages/airflow/example_dags/example_dag_decorator.py for tasks to queue
[2021-12-19 00:11:16,194] {logging_mixin.py:109} INFO - [2021-12-19 00:11:16,194] {dagbag.py:500} INFO - Filling up the DagBag from /home/airflow/.local/lib/python3.7/site-packages/airflow/example_dags/example_dag_decorator.py
[2021-12-19 00:11:16,225] {processor.py:637} INFO - DAG(s) dict_keys(['example_dag_decorator']) retrieved from /home/airflow/.local/lib/python3.7/site-packages/airflow/example_dags/example_dag_decorator.py
[2021-12-19 00:11:16,393] {logging_mixin.py:109} INFO - [2021-12-19 00:11:16,393] {dag.py:2396} INFO - Sync 1 DAGs
[2021-12-19 00:11:16,405] {logging_mixin.py:109} INFO - [2021-12-19 00:11:16,405] {dag.py:2928} INFO - Setting next_dagrun for example_dag_decorator to None
[2021-12-19 00:11:16,417] {processor.py:171} INFO - Processing /home/airflow/.local/lib/python3.7/site-packages/airflow/example_dags/example_dag_decorator.py took 0.227 seconds
[2021-12-19 00:11:46,815] {processor.py:163} INFO - Started process (PID=934) to work on /home/airflow/.local/lib/python3.7/site-packages/airflow/example_dags/example_dag_decorator.py
[2021-12-19 00:11:46,816] {processor.py:625} INFO - Processing file /home/airflow/.local/lib/python3.7/site-packages/airflow/example_dags/example_dag_decorator.py for tasks to queue
[2021-12-19 00:11:46,817] {logging_mixin.py:109} INFO - [2021-12-19 00:11:46,817] {dagbag.py:500} INFO - Filling up the DagBag from /home/airflow/.local/lib/python3.7/site-packages/airflow/example_dags/example_dag_decorator.py
[2021-12-19 00:11:46,849] {processor.py:637} INFO - DAG(s) dict_keys(['example_dag_decorator']) retrieved from /home/airflow/.local/lib/python3.7/site-packages/airflow/example_dags/example_dag_decorator.py
[2021-12-19 00:11:47,054] {logging_mixin.py:109} INFO - [2021-12-19 00:11:47,054] {dag.py:2396} INFO - Sync 1 DAGs
[2021-12-19 00:11:47,066] {logging_mixin.py:109} INFO - [2021-12-19 00:11:47,066] {dag.py:2928} INFO - Setting next_dagrun for example_dag_decorator to None
[2021-12-19 00:11:47,081] {processor.py:171} INFO - Processing /home/airflow/.local/lib/python3.7/site-packages/airflow/example_dags/example_dag_decorator.py took 0.268 seconds
[2021-12-19 00:12:17,616] {processor.py:163} INFO - Started process (PID=1006) to work on /home/airflow/.local/lib/python3.7/site-packages/airflow/example_dags/example_dag_decorator.py
[2021-12-19 00:12:17,618] {processor.py:625} INFO - Processing file /home/airflow/.local/lib/python3.7/site-packages/airflow/example_dags/example_dag_decorator.py for tasks to queue
[2021-12-19 00:12:17,619] {logging_mixin.py:109} INFO - [2021-12-19 00:12:17,619] {dagbag.py:500} INFO - Filling up the DagBag from /home/airflow/.local/lib/python3.7/site-packages/airflow/example_dags/example_dag_decorator.py
[2021-12-19 00:12:17,649] {processor.py:637} INFO - DAG(s) dict_keys(['example_dag_decorator']) retrieved from /home/airflow/.local/lib/python3.7/site-packages/airflow/example_dags/example_dag_decorator.py
[2021-12-19 00:12:17,834] {logging_mixin.py:109} INFO - [2021-12-19 00:12:17,834] {dag.py:2396} INFO - Sync 1 DAGs
[2021-12-19 00:12:17,852] {logging_mixin.py:109} INFO - [2021-12-19 00:12:17,852] {dag.py:2928} INFO - Setting next_dagrun for example_dag_decorator to None
[2021-12-19 00:12:17,866] {processor.py:171} INFO - Processing /home/airflow/.local/lib/python3.7/site-packages/airflow/example_dags/example_dag_decorator.py took 0.253 seconds
[2021-12-19 00:12:48,283] {processor.py:163} INFO - Started process (PID=1066) to work on /home/airflow/.local/lib/python3.7/site-packages/airflow/example_dags/example_dag_decorator.py
[2021-12-19 00:12:48,285] {processor.py:625} INFO - Processing file /home/airflow/.local/lib/python3.7/site-packages/airflow/example_dags/example_dag_decorator.py for tasks to queue
[2021-12-19 00:12:48,285] {logging_mixin.py:109} INFO - [2021-12-19 00:12:48,285] {dagbag.py:500} INFO - Filling up the DagBag from /home/airflow/.local/lib/python3.7/site-packages/airflow/example_dags/example_dag_decorator.py
[2021-12-19 00:12:48,315] {processor.py:637} INFO - DAG(s) dict_keys(['example_dag_decorator']) retrieved from /home/airflow/.local/lib/python3.7/site-packages/airflow/example_dags/example_dag_decorator.py
[2021-12-19 00:12:48,491] {logging_mixin.py:109} INFO - [2021-12-19 00:12:48,491] {dag.py:2396} INFO - Sync 1 DAGs
[2021-12-19 00:12:48,503] {logging_mixin.py:109} INFO - [2021-12-19 00:12:48,503] {dag.py:2928} INFO - Setting next_dagrun for example_dag_decorator to None
[2021-12-19 00:12:48,517] {processor.py:171} INFO - Processing /home/airflow/.local/lib/python3.7/site-packages/airflow/example_dags/example_dag_decorator.py took 0.236 seconds
[2021-12-19 00:13:18,645] {processor.py:163} INFO - Started process (PID=1136) to work on /home/airflow/.local/lib/python3.7/site-packages/airflow/example_dags/example_dag_decorator.py
[2021-12-19 00:13:18,647] {processor.py:625} INFO - Processing file /home/airflow/.local/lib/python3.7/site-packages/airflow/example_dags/example_dag_decorator.py for tasks to queue
[2021-12-19 00:13:18,648] {logging_mixin.py:109} INFO - [2021-12-19 00:13:18,648] {dagbag.py:500} INFO - Filling up the DagBag from /home/airflow/.local/lib/python3.7/site-packages/airflow/example_dags/example_dag_decorator.py
[2021-12-19 00:13:18,685] {processor.py:637} INFO - DAG(s) dict_keys(['example_dag_decorator']) retrieved from /home/airflow/.local/lib/python3.7/site-packages/airflow/example_dags/example_dag_decorator.py
[2021-12-19 00:13:18,881] {logging_mixin.py:109} INFO - [2021-12-19 00:13:18,881] {dag.py:2396} INFO - Sync 1 DAGs
[2021-12-19 00:13:18,900] {logging_mixin.py:109} INFO - [2021-12-19 00:13:18,900] {dag.py:2928} INFO - Setting next_dagrun for example_dag_decorator to None
[2021-12-19 00:13:18,913] {processor.py:171} INFO - Processing /home/airflow/.local/lib/python3.7/site-packages/airflow/example_dags/example_dag_decorator.py took 0.270 seconds
[2021-12-19 00:13:49,222] {processor.py:163} INFO - Started process (PID=1198) to work on /home/airflow/.local/lib/python3.7/site-packages/airflow/example_dags/example_dag_decorator.py
[2021-12-19 00:13:49,223] {processor.py:625} INFO - Processing file /home/airflow/.local/lib/python3.7/site-packages/airflow/example_dags/example_dag_decorator.py for tasks to queue
[2021-12-19 00:13:49,224] {logging_mixin.py:109} INFO - [2021-12-19 00:13:49,224] {dagbag.py:500} INFO - Filling up the DagBag from /home/airflow/.local/lib/python3.7/site-packages/airflow/example_dags/example_dag_decorator.py
[2021-12-19 00:13:49,256] {processor.py:637} INFO - DAG(s) dict_keys(['example_dag_decorator']) retrieved from /home/airflow/.local/lib/python3.7/site-packages/airflow/example_dags/example_dag_decorator.py
[2021-12-19 00:13:49,618] {logging_mixin.py:109} INFO - [2021-12-19 00:13:49,618] {dag.py:2396} INFO - Sync 1 DAGs
[2021-12-19 00:13:49,640] {logging_mixin.py:109} INFO - [2021-12-19 00:13:49,640] {dag.py:2928} INFO - Setting next_dagrun for example_dag_decorator to None
[2021-12-19 00:13:49,659] {processor.py:171} INFO - Processing /home/airflow/.local/lib/python3.7/site-packages/airflow/example_dags/example_dag_decorator.py took 0.440 seconds
[2021-12-19 00:14:19,753] {processor.py:163} INFO - Started process (PID=1271) to work on /home/airflow/.local/lib/python3.7/site-packages/airflow/example_dags/example_dag_decorator.py
[2021-12-19 00:14:19,755] {processor.py:625} INFO - Processing file /home/airflow/.local/lib/python3.7/site-packages/airflow/example_dags/example_dag_decorator.py for tasks to queue
[2021-12-19 00:14:19,756] {logging_mixin.py:109} INFO - [2021-12-19 00:14:19,756] {dagbag.py:500} INFO - Filling up the DagBag from /home/airflow/.local/lib/python3.7/site-packages/airflow/example_dags/example_dag_decorator.py
[2021-12-19 00:14:19,801] {processor.py:637} INFO - DAG(s) dict_keys(['example_dag_decorator']) retrieved from /home/airflow/.local/lib/python3.7/site-packages/airflow/example_dags/example_dag_decorator.py
[2021-12-19 00:14:20,104] {logging_mixin.py:109} INFO - [2021-12-19 00:14:20,104] {dag.py:2396} INFO - Sync 1 DAGs
[2021-12-19 00:14:20,147] {logging_mixin.py:109} INFO - [2021-12-19 00:14:20,147] {dag.py:2928} INFO - Setting next_dagrun for example_dag_decorator to None
[2021-12-19 00:14:20,173] {processor.py:171} INFO - Processing /home/airflow/.local/lib/python3.7/site-packages/airflow/example_dags/example_dag_decorator.py took 0.424 seconds
[2021-12-19 00:14:50,326] {processor.py:163} INFO - Started process (PID=1334) to work on /home/airflow/.local/lib/python3.7/site-packages/airflow/example_dags/example_dag_decorator.py
[2021-12-19 00:14:50,328] {processor.py:625} INFO - Processing file /home/airflow/.local/lib/python3.7/site-packages/airflow/example_dags/example_dag_decorator.py for tasks to queue
[2021-12-19 00:14:50,330] {logging_mixin.py:109} INFO - [2021-12-19 00:14:50,330] {dagbag.py:500} INFO - Filling up the DagBag from /home/airflow/.local/lib/python3.7/site-packages/airflow/example_dags/example_dag_decorator.py
[2021-12-19 00:14:50,383] {processor.py:637} INFO - DAG(s) dict_keys(['example_dag_decorator']) retrieved from /home/airflow/.local/lib/python3.7/site-packages/airflow/example_dags/example_dag_decorator.py
[2021-12-19 00:14:50,617] {logging_mixin.py:109} INFO - [2021-12-19 00:14:50,617] {dag.py:2396} INFO - Sync 1 DAGs
[2021-12-19 00:14:50,630] {logging_mixin.py:109} INFO - [2021-12-19 00:14:50,630] {dag.py:2928} INFO - Setting next_dagrun for example_dag_decorator to None
[2021-12-19 00:14:50,639] {processor.py:171} INFO - Processing /home/airflow/.local/lib/python3.7/site-packages/airflow/example_dags/example_dag_decorator.py took 0.319 seconds
[2021-12-19 00:15:20,737] {processor.py:163} INFO - Started process (PID=1409) to work on /home/airflow/.local/lib/python3.7/site-packages/airflow/example_dags/example_dag_decorator.py
[2021-12-19 00:15:20,739] {processor.py:625} INFO - Processing file /home/airflow/.local/lib/python3.7/site-packages/airflow/example_dags/example_dag_decorator.py for tasks to queue
[2021-12-19 00:15:20,740] {logging_mixin.py:109} INFO - [2021-12-19 00:15:20,740] {dagbag.py:500} INFO - Filling up the DagBag from /home/airflow/.local/lib/python3.7/site-packages/airflow/example_dags/example_dag_decorator.py
[2021-12-19 00:15:20,780] {processor.py:637} INFO - DAG(s) dict_keys(['example_dag_decorator']) retrieved from /home/airflow/.local/lib/python3.7/site-packages/airflow/example_dags/example_dag_decorator.py
[2021-12-19 00:15:21,013] {logging_mixin.py:109} INFO - [2021-12-19 00:15:21,012] {dag.py:2396} INFO - Sync 1 DAGs
[2021-12-19 00:15:21,025] {logging_mixin.py:109} INFO - [2021-12-19 00:15:21,025] {dag.py:2928} INFO - Setting next_dagrun for example_dag_decorator to None
[2021-12-19 00:15:21,037] {processor.py:171} INFO - Processing /home/airflow/.local/lib/python3.7/site-packages/airflow/example_dags/example_dag_decorator.py took 0.303 seconds
[2021-12-19 00:15:51,097] {processor.py:163} INFO - Started process (PID=1471) to work on /home/airflow/.local/lib/python3.7/site-packages/airflow/example_dags/example_dag_decorator.py
[2021-12-19 00:15:51,098] {processor.py:625} INFO - Processing file /home/airflow/.local/lib/python3.7/site-packages/airflow/example_dags/example_dag_decorator.py for tasks to queue
[2021-12-19 00:15:51,099] {logging_mixin.py:109} INFO - [2021-12-19 00:15:51,099] {dagbag.py:500} INFO - Filling up the DagBag from /home/airflow/.local/lib/python3.7/site-packages/airflow/example_dags/example_dag_decorator.py
[2021-12-19 00:15:51,129] {processor.py:637} INFO - DAG(s) dict_keys(['example_dag_decorator']) retrieved from /home/airflow/.local/lib/python3.7/site-packages/airflow/example_dags/example_dag_decorator.py
[2021-12-19 00:15:51,299] {logging_mixin.py:109} INFO - [2021-12-19 00:15:51,299] {dag.py:2396} INFO - Sync 1 DAGs
[2021-12-19 00:15:51,312] {logging_mixin.py:109} INFO - [2021-12-19 00:15:51,312] {dag.py:2928} INFO - Setting next_dagrun for example_dag_decorator to None
[2021-12-19 00:15:51,324] {processor.py:171} INFO - Processing /home/airflow/.local/lib/python3.7/site-packages/airflow/example_dags/example_dag_decorator.py took 0.230 seconds
[2021-12-19 00:16:21,507] {processor.py:163} INFO - Started process (PID=1532) to work on /home/airflow/.local/lib/python3.7/site-packages/airflow/example_dags/example_dag_decorator.py
[2021-12-19 00:16:21,508] {processor.py:625} INFO - Processing file /home/airflow/.local/lib/python3.7/site-packages/airflow/example_dags/example_dag_decorator.py for tasks to queue
[2021-12-19 00:16:21,509] {logging_mixin.py:109} INFO - [2021-12-19 00:16:21,509] {dagbag.py:500} INFO - Filling up the DagBag from /home/airflow/.local/lib/python3.7/site-packages/airflow/example_dags/example_dag_decorator.py
[2021-12-19 00:16:21,544] {processor.py:637} INFO - DAG(s) dict_keys(['example_dag_decorator']) retrieved from /home/airflow/.local/lib/python3.7/site-packages/airflow/example_dags/example_dag_decorator.py
[2021-12-19 00:16:21,729] {logging_mixin.py:109} INFO - [2021-12-19 00:16:21,729] {dag.py:2396} INFO - Sync 1 DAGs
[2021-12-19 00:16:21,742] {logging_mixin.py:109} INFO - [2021-12-19 00:16:21,742] {dag.py:2928} INFO - Setting next_dagrun for example_dag_decorator to None
[2021-12-19 00:16:21,754] {processor.py:171} INFO - Processing /home/airflow/.local/lib/python3.7/site-packages/airflow/example_dags/example_dag_decorator.py took 0.250 seconds
[2021-12-19 00:16:51,793] {processor.py:163} INFO - Started process (PID=1604) to work on /home/airflow/.local/lib/python3.7/site-packages/airflow/example_dags/example_dag_decorator.py
[2021-12-19 00:16:51,794] {processor.py:625} INFO - Processing file /home/airflow/.local/lib/python3.7/site-packages/airflow/example_dags/example_dag_decorator.py for tasks to queue
[2021-12-19 00:16:51,795] {logging_mixin.py:109} INFO - [2021-12-19 00:16:51,795] {dagbag.py:500} INFO - Filling up the DagBag from /home/airflow/.local/lib/python3.7/site-packages/airflow/example_dags/example_dag_decorator.py
[2021-12-19 00:16:51,824] {processor.py:637} INFO - DAG(s) dict_keys(['example_dag_decorator']) retrieved from /home/airflow/.local/lib/python3.7/site-packages/airflow/example_dags/example_dag_decorator.py
[2021-12-19 00:16:52,000] {logging_mixin.py:109} INFO - [2021-12-19 00:16:52,000] {dag.py:2396} INFO - Sync 1 DAGs
[2021-12-19 00:16:52,012] {logging_mixin.py:109} INFO - [2021-12-19 00:16:52,012] {dag.py:2928} INFO - Setting next_dagrun for example_dag_decorator to None
[2021-12-19 00:16:52,022] {processor.py:171} INFO - Processing /home/airflow/.local/lib/python3.7/site-packages/airflow/example_dags/example_dag_decorator.py took 0.233 seconds
[2021-12-19 00:17:22,064] {processor.py:163} INFO - Started process (PID=1665) to work on /home/airflow/.local/lib/python3.7/site-packages/airflow/example_dags/example_dag_decorator.py
[2021-12-19 00:17:22,065] {processor.py:625} INFO - Processing file /home/airflow/.local/lib/python3.7/site-packages/airflow/example_dags/example_dag_decorator.py for tasks to queue
[2021-12-19 00:17:22,066] {logging_mixin.py:109} INFO - [2021-12-19 00:17:22,066] {dagbag.py:500} INFO - Filling up the DagBag from /home/airflow/.local/lib/python3.7/site-packages/airflow/example_dags/example_dag_decorator.py
[2021-12-19 00:17:22,096] {processor.py:637} INFO - DAG(s) dict_keys(['example_dag_decorator']) retrieved from /home/airflow/.local/lib/python3.7/site-packages/airflow/example_dags/example_dag_decorator.py
[2021-12-19 00:17:22,268] {logging_mixin.py:109} INFO - [2021-12-19 00:17:22,268] {dag.py:2396} INFO - Sync 1 DAGs
[2021-12-19 00:17:22,279] {logging_mixin.py:109} INFO - [2021-12-19 00:17:22,279] {dag.py:2928} INFO - Setting next_dagrun for example_dag_decorator to None
[2021-12-19 00:17:22,290] {processor.py:171} INFO - Processing /home/airflow/.local/lib/python3.7/site-packages/airflow/example_dags/example_dag_decorator.py took 0.229 seconds
[2021-12-19 00:17:52,578] {processor.py:163} INFO - Started process (PID=1723) to work on /home/airflow/.local/lib/python3.7/site-packages/airflow/example_dags/example_dag_decorator.py
[2021-12-19 00:17:52,580] {processor.py:625} INFO - Processing file /home/airflow/.local/lib/python3.7/site-packages/airflow/example_dags/example_dag_decorator.py for tasks to queue
[2021-12-19 00:17:52,581] {logging_mixin.py:109} INFO - [2021-12-19 00:17:52,581] {dagbag.py:500} INFO - Filling up the DagBag from /home/airflow/.local/lib/python3.7/site-packages/airflow/example_dags/example_dag_decorator.py
[2021-12-19 00:17:52,614] {processor.py:637} INFO - DAG(s) dict_keys(['example_dag_decorator']) retrieved from /home/airflow/.local/lib/python3.7/site-packages/airflow/example_dags/example_dag_decorator.py
[2021-12-19 00:17:52,799] {logging_mixin.py:109} INFO - [2021-12-19 00:17:52,799] {dag.py:2396} INFO - Sync 1 DAGs
[2021-12-19 00:17:52,812] {logging_mixin.py:109} INFO - [2021-12-19 00:17:52,812] {dag.py:2928} INFO - Setting next_dagrun for example_dag_decorator to None
[2021-12-19 00:17:52,821] {processor.py:171} INFO - Processing /home/airflow/.local/lib/python3.7/site-packages/airflow/example_dags/example_dag_decorator.py took 0.246 seconds
[2021-12-19 00:18:23,276] {processor.py:163} INFO - Started process (PID=1794) to work on /home/airflow/.local/lib/python3.7/site-packages/airflow/example_dags/example_dag_decorator.py
[2021-12-19 00:18:23,278] {processor.py:625} INFO - Processing file /home/airflow/.local/lib/python3.7/site-packages/airflow/example_dags/example_dag_decorator.py for tasks to queue
[2021-12-19 00:18:23,278] {logging_mixin.py:109} INFO - [2021-12-19 00:18:23,278] {dagbag.py:500} INFO - Filling up the DagBag from /home/airflow/.local/lib/python3.7/site-packages/airflow/example_dags/example_dag_decorator.py
[2021-12-19 00:18:23,311] {processor.py:637} INFO - DAG(s) dict_keys(['example_dag_decorator']) retrieved from /home/airflow/.local/lib/python3.7/site-packages/airflow/example_dags/example_dag_decorator.py
[2021-12-19 00:18:23,519] {logging_mixin.py:109} INFO - [2021-12-19 00:18:23,518] {dag.py:2396} INFO - Sync 1 DAGs
[2021-12-19 00:18:23,535] {logging_mixin.py:109} INFO - [2021-12-19 00:18:23,535] {dag.py:2928} INFO - Setting next_dagrun for example_dag_decorator to None
[2021-12-19 00:18:23,547] {processor.py:171} INFO - Processing /home/airflow/.local/lib/python3.7/site-packages/airflow/example_dags/example_dag_decorator.py took 0.274 seconds
[2021-12-19 00:18:54,305] {processor.py:163} INFO - Started process (PID=1855) to work on /home/airflow/.local/lib/python3.7/site-packages/airflow/example_dags/example_dag_decorator.py
[2021-12-19 00:18:54,306] {processor.py:625} INFO - Processing file /home/airflow/.local/lib/python3.7/site-packages/airflow/example_dags/example_dag_decorator.py for tasks to queue
[2021-12-19 00:18:54,307] {logging_mixin.py:109} INFO - [2021-12-19 00:18:54,307] {dagbag.py:500} INFO - Filling up the DagBag from /home/airflow/.local/lib/python3.7/site-packages/airflow/example_dags/example_dag_decorator.py
[2021-12-19 00:18:54,335] {processor.py:637} INFO - DAG(s) dict_keys(['example_dag_decorator']) retrieved from /home/airflow/.local/lib/python3.7/site-packages/airflow/example_dags/example_dag_decorator.py
[2021-12-19 00:18:54,519] {logging_mixin.py:109} INFO - [2021-12-19 00:18:54,519] {dag.py:2396} INFO - Sync 1 DAGs
[2021-12-19 00:18:54,532] {logging_mixin.py:109} INFO - [2021-12-19 00:18:54,532] {dag.py:2928} INFO - Setting next_dagrun for example_dag_decorator to None
[2021-12-19 00:18:54,544] {processor.py:171} INFO - Processing /home/airflow/.local/lib/python3.7/site-packages/airflow/example_dags/example_dag_decorator.py took 0.242 seconds
[2021-12-19 00:19:25,009] {processor.py:163} INFO - Started process (PID=1926) to work on /home/airflow/.local/lib/python3.7/site-packages/airflow/example_dags/example_dag_decorator.py
[2021-12-19 00:19:25,011] {processor.py:625} INFO - Processing file /home/airflow/.local/lib/python3.7/site-packages/airflow/example_dags/example_dag_decorator.py for tasks to queue
[2021-12-19 00:19:25,012] {logging_mixin.py:109} INFO - [2021-12-19 00:19:25,012] {dagbag.py:500} INFO - Filling up the DagBag from /home/airflow/.local/lib/python3.7/site-packages/airflow/example_dags/example_dag_decorator.py
[2021-12-19 00:19:25,051] {processor.py:637} INFO - DAG(s) dict_keys(['example_dag_decorator']) retrieved from /home/airflow/.local/lib/python3.7/site-packages/airflow/example_dags/example_dag_decorator.py
[2021-12-19 00:19:25,259] {logging_mixin.py:109} INFO - [2021-12-19 00:19:25,259] {dag.py:2396} INFO - Sync 1 DAGs
[2021-12-19 00:19:25,273] {logging_mixin.py:109} INFO - [2021-12-19 00:19:25,273] {dag.py:2928} INFO - Setting next_dagrun for example_dag_decorator to None
[2021-12-19 00:19:25,286] {processor.py:171} INFO - Processing /home/airflow/.local/lib/python3.7/site-packages/airflow/example_dags/example_dag_decorator.py took 0.281 seconds
[2021-12-19 20:26:56,449] {processor.py:163} INFO - Started process (PID=58) to work on /home/airflow/.local/lib/python3.7/site-packages/airflow/example_dags/example_dag_decorator.py
[2021-12-19 20:26:56,454] {processor.py:625} INFO - Processing file /home/airflow/.local/lib/python3.7/site-packages/airflow/example_dags/example_dag_decorator.py for tasks to queue
[2021-12-19 20:26:56,457] {logging_mixin.py:109} INFO - [2021-12-19 20:26:56,457] {dagbag.py:500} INFO - Filling up the DagBag from /home/airflow/.local/lib/python3.7/site-packages/airflow/example_dags/example_dag_decorator.py
[2021-12-19 20:26:56,539] {processor.py:637} INFO - DAG(s) dict_keys(['example_dag_decorator']) retrieved from /home/airflow/.local/lib/python3.7/site-packages/airflow/example_dags/example_dag_decorator.py
[2021-12-19 20:26:57,142] {logging_mixin.py:109} INFO - [2021-12-19 20:26:57,141] {dag.py:2396} INFO - Sync 1 DAGs
[2021-12-19 20:26:57,175] {logging_mixin.py:109} INFO - [2021-12-19 20:26:57,175] {dag.py:2928} INFO - Setting next_dagrun for example_dag_decorator to None
[2021-12-19 20:26:57,194] {processor.py:171} INFO - Processing /home/airflow/.local/lib/python3.7/site-packages/airflow/example_dags/example_dag_decorator.py took 0.756 seconds
[2021-12-19 20:27:37,463] {processor.py:163} INFO - Started process (PID=131) to work on /home/airflow/.local/lib/python3.7/site-packages/airflow/example_dags/example_dag_decorator.py
[2021-12-19 20:27:37,466] {processor.py:625} INFO - Processing file /home/airflow/.local/lib/python3.7/site-packages/airflow/example_dags/example_dag_decorator.py for tasks to queue
[2021-12-19 20:27:37,469] {logging_mixin.py:109} INFO - [2021-12-19 20:27:37,469] {dagbag.py:500} INFO - Filling up the DagBag from /home/airflow/.local/lib/python3.7/site-packages/airflow/example_dags/example_dag_decorator.py
[2021-12-19 20:27:37,546] {processor.py:637} INFO - DAG(s) dict_keys(['example_dag_decorator']) retrieved from /home/airflow/.local/lib/python3.7/site-packages/airflow/example_dags/example_dag_decorator.py
[2021-12-19 20:27:38,418] {logging_mixin.py:109} INFO - [2021-12-19 20:27:38,418] {dag.py:2396} INFO - Sync 1 DAGs
[2021-12-19 20:27:38,473] {logging_mixin.py:109} INFO - [2021-12-19 20:27:38,473] {dag.py:2928} INFO - Setting next_dagrun for example_dag_decorator to None
[2021-12-19 20:27:38,502] {processor.py:171} INFO - Processing /home/airflow/.local/lib/python3.7/site-packages/airflow/example_dags/example_dag_decorator.py took 1.045 seconds
