[2021-12-19 00:00:20,139] {processor.py:163} INFO - Started process (PID=31947) to work on /home/airflow/.local/lib/python3.7/site-packages/airflow/example_dags/example_task_group_decorator.py
[2021-12-19 00:00:20,141] {processor.py:625} INFO - Processing file /home/airflow/.local/lib/python3.7/site-packages/airflow/example_dags/example_task_group_decorator.py for tasks to queue
[2021-12-19 00:00:20,141] {logging_mixin.py:109} INFO - [2021-12-19 00:00:20,141] {dagbag.py:500} INFO - Filling up the DagBag from /home/airflow/.local/lib/python3.7/site-packages/airflow/example_dags/example_task_group_decorator.py
[2021-12-19 00:00:20,178] {processor.py:637} INFO - DAG(s) dict_keys(['example_task_group_decorator']) retrieved from /home/airflow/.local/lib/python3.7/site-packages/airflow/example_dags/example_task_group_decorator.py
[2021-12-19 00:00:20,386] {logging_mixin.py:109} INFO - [2021-12-19 00:00:20,386] {dag.py:2396} INFO - Sync 1 DAGs
[2021-12-19 00:00:20,405] {logging_mixin.py:109} INFO - [2021-12-19 00:00:20,405] {dag.py:2928} INFO - Setting next_dagrun for example_task_group_decorator to 2021-12-18T00:00:20.405464+00:00
[2021-12-19 00:00:20,421] {processor.py:171} INFO - Processing /home/airflow/.local/lib/python3.7/site-packages/airflow/example_dags/example_task_group_decorator.py took 0.285 seconds
[2021-12-19 00:00:50,944] {processor.py:163} INFO - Started process (PID=32017) to work on /home/airflow/.local/lib/python3.7/site-packages/airflow/example_dags/example_task_group_decorator.py
[2021-12-19 00:00:50,945] {processor.py:625} INFO - Processing file /home/airflow/.local/lib/python3.7/site-packages/airflow/example_dags/example_task_group_decorator.py for tasks to queue
[2021-12-19 00:00:50,946] {logging_mixin.py:109} INFO - [2021-12-19 00:00:50,946] {dagbag.py:500} INFO - Filling up the DagBag from /home/airflow/.local/lib/python3.7/site-packages/airflow/example_dags/example_task_group_decorator.py
[2021-12-19 00:00:50,982] {processor.py:637} INFO - DAG(s) dict_keys(['example_task_group_decorator']) retrieved from /home/airflow/.local/lib/python3.7/site-packages/airflow/example_dags/example_task_group_decorator.py
[2021-12-19 00:00:51,156] {logging_mixin.py:109} INFO - [2021-12-19 00:00:51,156] {dag.py:2396} INFO - Sync 1 DAGs
[2021-12-19 00:00:51,169] {logging_mixin.py:109} INFO - [2021-12-19 00:00:51,169] {dag.py:2928} INFO - Setting next_dagrun for example_task_group_decorator to 2021-12-18T00:00:51.169178+00:00
[2021-12-19 00:00:51,181] {processor.py:171} INFO - Processing /home/airflow/.local/lib/python3.7/site-packages/airflow/example_dags/example_task_group_decorator.py took 0.240 seconds
[2021-12-19 00:01:21,399] {processor.py:163} INFO - Started process (PID=32079) to work on /home/airflow/.local/lib/python3.7/site-packages/airflow/example_dags/example_task_group_decorator.py
[2021-12-19 00:01:21,401] {processor.py:625} INFO - Processing file /home/airflow/.local/lib/python3.7/site-packages/airflow/example_dags/example_task_group_decorator.py for tasks to queue
[2021-12-19 00:01:21,402] {logging_mixin.py:109} INFO - [2021-12-19 00:01:21,402] {dagbag.py:500} INFO - Filling up the DagBag from /home/airflow/.local/lib/python3.7/site-packages/airflow/example_dags/example_task_group_decorator.py
[2021-12-19 00:01:21,439] {processor.py:637} INFO - DAG(s) dict_keys(['example_task_group_decorator']) retrieved from /home/airflow/.local/lib/python3.7/site-packages/airflow/example_dags/example_task_group_decorator.py
[2021-12-19 00:01:21,623] {logging_mixin.py:109} INFO - [2021-12-19 00:01:21,623] {dag.py:2396} INFO - Sync 1 DAGs
[2021-12-19 00:01:21,637] {logging_mixin.py:109} INFO - [2021-12-19 00:01:21,637] {dag.py:2928} INFO - Setting next_dagrun for example_task_group_decorator to 2021-12-18T00:01:21.636846+00:00
[2021-12-19 00:01:21,648] {processor.py:171} INFO - Processing /home/airflow/.local/lib/python3.7/site-packages/airflow/example_dags/example_task_group_decorator.py took 0.253 seconds
[2021-12-19 00:01:52,045] {processor.py:163} INFO - Started process (PID=32149) to work on /home/airflow/.local/lib/python3.7/site-packages/airflow/example_dags/example_task_group_decorator.py
[2021-12-19 00:01:52,047] {processor.py:625} INFO - Processing file /home/airflow/.local/lib/python3.7/site-packages/airflow/example_dags/example_task_group_decorator.py for tasks to queue
[2021-12-19 00:01:52,048] {logging_mixin.py:109} INFO - [2021-12-19 00:01:52,048] {dagbag.py:500} INFO - Filling up the DagBag from /home/airflow/.local/lib/python3.7/site-packages/airflow/example_dags/example_task_group_decorator.py
[2021-12-19 00:01:52,082] {processor.py:637} INFO - DAG(s) dict_keys(['example_task_group_decorator']) retrieved from /home/airflow/.local/lib/python3.7/site-packages/airflow/example_dags/example_task_group_decorator.py
[2021-12-19 00:01:52,273] {logging_mixin.py:109} INFO - [2021-12-19 00:01:52,273] {dag.py:2396} INFO - Sync 1 DAGs
[2021-12-19 00:01:52,286] {logging_mixin.py:109} INFO - [2021-12-19 00:01:52,286] {dag.py:2928} INFO - Setting next_dagrun for example_task_group_decorator to 2021-12-18T00:01:52.286453+00:00
[2021-12-19 00:01:52,298] {processor.py:171} INFO - Processing /home/airflow/.local/lib/python3.7/site-packages/airflow/example_dags/example_task_group_decorator.py took 0.255 seconds
[2021-12-19 00:02:22,841] {processor.py:163} INFO - Started process (PID=32210) to work on /home/airflow/.local/lib/python3.7/site-packages/airflow/example_dags/example_task_group_decorator.py
[2021-12-19 00:02:22,842] {processor.py:625} INFO - Processing file /home/airflow/.local/lib/python3.7/site-packages/airflow/example_dags/example_task_group_decorator.py for tasks to queue
[2021-12-19 00:02:22,843] {logging_mixin.py:109} INFO - [2021-12-19 00:02:22,843] {dagbag.py:500} INFO - Filling up the DagBag from /home/airflow/.local/lib/python3.7/site-packages/airflow/example_dags/example_task_group_decorator.py
[2021-12-19 00:02:22,881] {processor.py:637} INFO - DAG(s) dict_keys(['example_task_group_decorator']) retrieved from /home/airflow/.local/lib/python3.7/site-packages/airflow/example_dags/example_task_group_decorator.py
[2021-12-19 00:02:23,091] {logging_mixin.py:109} INFO - [2021-12-19 00:02:23,091] {dag.py:2396} INFO - Sync 1 DAGs
[2021-12-19 00:02:23,105] {logging_mixin.py:109} INFO - [2021-12-19 00:02:23,105] {dag.py:2928} INFO - Setting next_dagrun for example_task_group_decorator to 2021-12-18T00:02:23.104964+00:00
[2021-12-19 00:02:23,117] {processor.py:171} INFO - Processing /home/airflow/.local/lib/python3.7/site-packages/airflow/example_dags/example_task_group_decorator.py took 0.279 seconds
[2021-12-19 00:02:53,463] {processor.py:163} INFO - Started process (PID=32281) to work on /home/airflow/.local/lib/python3.7/site-packages/airflow/example_dags/example_task_group_decorator.py
[2021-12-19 00:02:53,465] {processor.py:625} INFO - Processing file /home/airflow/.local/lib/python3.7/site-packages/airflow/example_dags/example_task_group_decorator.py for tasks to queue
[2021-12-19 00:02:53,466] {logging_mixin.py:109} INFO - [2021-12-19 00:02:53,466] {dagbag.py:500} INFO - Filling up the DagBag from /home/airflow/.local/lib/python3.7/site-packages/airflow/example_dags/example_task_group_decorator.py
[2021-12-19 00:02:53,501] {processor.py:637} INFO - DAG(s) dict_keys(['example_task_group_decorator']) retrieved from /home/airflow/.local/lib/python3.7/site-packages/airflow/example_dags/example_task_group_decorator.py
[2021-12-19 00:02:53,702] {logging_mixin.py:109} INFO - [2021-12-19 00:02:53,701] {dag.py:2396} INFO - Sync 1 DAGs
[2021-12-19 00:02:53,715] {logging_mixin.py:109} INFO - [2021-12-19 00:02:53,715] {dag.py:2928} INFO - Setting next_dagrun for example_task_group_decorator to 2021-12-18T00:02:53.714815+00:00
[2021-12-19 00:02:53,729] {processor.py:171} INFO - Processing /home/airflow/.local/lib/python3.7/site-packages/airflow/example_dags/example_task_group_decorator.py took 0.268 seconds
[2021-12-19 00:03:24,116] {processor.py:163} INFO - Started process (PID=32340) to work on /home/airflow/.local/lib/python3.7/site-packages/airflow/example_dags/example_task_group_decorator.py
[2021-12-19 00:03:24,118] {processor.py:625} INFO - Processing file /home/airflow/.local/lib/python3.7/site-packages/airflow/example_dags/example_task_group_decorator.py for tasks to queue
[2021-12-19 00:03:24,119] {logging_mixin.py:109} INFO - [2021-12-19 00:03:24,119] {dagbag.py:500} INFO - Filling up the DagBag from /home/airflow/.local/lib/python3.7/site-packages/airflow/example_dags/example_task_group_decorator.py
[2021-12-19 00:03:24,160] {processor.py:637} INFO - DAG(s) dict_keys(['example_task_group_decorator']) retrieved from /home/airflow/.local/lib/python3.7/site-packages/airflow/example_dags/example_task_group_decorator.py
[2021-12-19 00:03:24,351] {logging_mixin.py:109} INFO - [2021-12-19 00:03:24,351] {dag.py:2396} INFO - Sync 1 DAGs
[2021-12-19 00:03:24,365] {logging_mixin.py:109} INFO - [2021-12-19 00:03:24,365] {dag.py:2928} INFO - Setting next_dagrun for example_task_group_decorator to 2021-12-18T00:03:24.364841+00:00
[2021-12-19 00:03:24,376] {processor.py:171} INFO - Processing /home/airflow/.local/lib/python3.7/site-packages/airflow/example_dags/example_task_group_decorator.py took 0.262 seconds
[2021-12-19 00:03:54,863] {processor.py:163} INFO - Started process (PID=32411) to work on /home/airflow/.local/lib/python3.7/site-packages/airflow/example_dags/example_task_group_decorator.py
[2021-12-19 00:03:54,864] {processor.py:625} INFO - Processing file /home/airflow/.local/lib/python3.7/site-packages/airflow/example_dags/example_task_group_decorator.py for tasks to queue
[2021-12-19 00:03:54,865] {logging_mixin.py:109} INFO - [2021-12-19 00:03:54,865] {dagbag.py:500} INFO - Filling up the DagBag from /home/airflow/.local/lib/python3.7/site-packages/airflow/example_dags/example_task_group_decorator.py
[2021-12-19 00:03:54,899] {processor.py:637} INFO - DAG(s) dict_keys(['example_task_group_decorator']) retrieved from /home/airflow/.local/lib/python3.7/site-packages/airflow/example_dags/example_task_group_decorator.py
[2021-12-19 00:03:55,090] {logging_mixin.py:109} INFO - [2021-12-19 00:03:55,090] {dag.py:2396} INFO - Sync 1 DAGs
[2021-12-19 00:03:55,103] {logging_mixin.py:109} INFO - [2021-12-19 00:03:55,102] {dag.py:2928} INFO - Setting next_dagrun for example_task_group_decorator to 2021-12-18T00:03:55.102756+00:00
[2021-12-19 00:03:55,114] {processor.py:171} INFO - Processing /home/airflow/.local/lib/python3.7/site-packages/airflow/example_dags/example_task_group_decorator.py took 0.254 seconds
[2021-12-19 00:04:25,209] {processor.py:163} INFO - Started process (PID=32472) to work on /home/airflow/.local/lib/python3.7/site-packages/airflow/example_dags/example_task_group_decorator.py
[2021-12-19 00:04:25,210] {processor.py:625} INFO - Processing file /home/airflow/.local/lib/python3.7/site-packages/airflow/example_dags/example_task_group_decorator.py for tasks to queue
[2021-12-19 00:04:25,211] {logging_mixin.py:109} INFO - [2021-12-19 00:04:25,211] {dagbag.py:500} INFO - Filling up the DagBag from /home/airflow/.local/lib/python3.7/site-packages/airflow/example_dags/example_task_group_decorator.py
[2021-12-19 00:04:25,257] {processor.py:637} INFO - DAG(s) dict_keys(['example_task_group_decorator']) retrieved from /home/airflow/.local/lib/python3.7/site-packages/airflow/example_dags/example_task_group_decorator.py
[2021-12-19 00:04:25,473] {logging_mixin.py:109} INFO - [2021-12-19 00:04:25,473] {dag.py:2396} INFO - Sync 1 DAGs
[2021-12-19 00:04:25,491] {logging_mixin.py:109} INFO - [2021-12-19 00:04:25,491] {dag.py:2928} INFO - Setting next_dagrun for example_task_group_decorator to 2021-12-18T00:04:25.490706+00:00
[2021-12-19 00:04:25,503] {processor.py:171} INFO - Processing /home/airflow/.local/lib/python3.7/site-packages/airflow/example_dags/example_task_group_decorator.py took 0.298 seconds
[2021-12-19 00:04:56,145] {processor.py:163} INFO - Started process (PID=32543) to work on /home/airflow/.local/lib/python3.7/site-packages/airflow/example_dags/example_task_group_decorator.py
[2021-12-19 00:04:56,146] {processor.py:625} INFO - Processing file /home/airflow/.local/lib/python3.7/site-packages/airflow/example_dags/example_task_group_decorator.py for tasks to queue
[2021-12-19 00:04:56,148] {logging_mixin.py:109} INFO - [2021-12-19 00:04:56,147] {dagbag.py:500} INFO - Filling up the DagBag from /home/airflow/.local/lib/python3.7/site-packages/airflow/example_dags/example_task_group_decorator.py
[2021-12-19 00:04:56,196] {processor.py:637} INFO - DAG(s) dict_keys(['example_task_group_decorator']) retrieved from /home/airflow/.local/lib/python3.7/site-packages/airflow/example_dags/example_task_group_decorator.py
[2021-12-19 00:04:56,465] {logging_mixin.py:109} INFO - [2021-12-19 00:04:56,465] {dag.py:2396} INFO - Sync 1 DAGs
[2021-12-19 00:04:56,483] {logging_mixin.py:109} INFO - [2021-12-19 00:04:56,483] {dag.py:2928} INFO - Setting next_dagrun for example_task_group_decorator to 2021-12-18T00:04:56.483161+00:00
[2021-12-19 00:04:56,497] {processor.py:171} INFO - Processing /home/airflow/.local/lib/python3.7/site-packages/airflow/example_dags/example_task_group_decorator.py took 0.356 seconds
[2021-12-19 00:05:26,738] {processor.py:163} INFO - Started process (PID=32604) to work on /home/airflow/.local/lib/python3.7/site-packages/airflow/example_dags/example_task_group_decorator.py
[2021-12-19 00:05:26,740] {processor.py:625} INFO - Processing file /home/airflow/.local/lib/python3.7/site-packages/airflow/example_dags/example_task_group_decorator.py for tasks to queue
[2021-12-19 00:05:26,740] {logging_mixin.py:109} INFO - [2021-12-19 00:05:26,740] {dagbag.py:500} INFO - Filling up the DagBag from /home/airflow/.local/lib/python3.7/site-packages/airflow/example_dags/example_task_group_decorator.py
[2021-12-19 00:05:26,776] {processor.py:637} INFO - DAG(s) dict_keys(['example_task_group_decorator']) retrieved from /home/airflow/.local/lib/python3.7/site-packages/airflow/example_dags/example_task_group_decorator.py
[2021-12-19 00:05:27,021] {logging_mixin.py:109} INFO - [2021-12-19 00:05:27,021] {dag.py:2396} INFO - Sync 1 DAGs
[2021-12-19 00:05:27,047] {logging_mixin.py:109} INFO - [2021-12-19 00:05:27,047] {dag.py:2928} INFO - Setting next_dagrun for example_task_group_decorator to 2021-12-18T00:05:27.047132+00:00
[2021-12-19 00:05:27,070] {processor.py:171} INFO - Processing /home/airflow/.local/lib/python3.7/site-packages/airflow/example_dags/example_task_group_decorator.py took 0.334 seconds
[2021-12-19 00:05:57,313] {processor.py:163} INFO - Started process (PID=32664) to work on /home/airflow/.local/lib/python3.7/site-packages/airflow/example_dags/example_task_group_decorator.py
[2021-12-19 00:05:57,315] {processor.py:625} INFO - Processing file /home/airflow/.local/lib/python3.7/site-packages/airflow/example_dags/example_task_group_decorator.py for tasks to queue
[2021-12-19 00:05:57,316] {logging_mixin.py:109} INFO - [2021-12-19 00:05:57,316] {dagbag.py:500} INFO - Filling up the DagBag from /home/airflow/.local/lib/python3.7/site-packages/airflow/example_dags/example_task_group_decorator.py
[2021-12-19 00:05:57,353] {processor.py:637} INFO - DAG(s) dict_keys(['example_task_group_decorator']) retrieved from /home/airflow/.local/lib/python3.7/site-packages/airflow/example_dags/example_task_group_decorator.py
[2021-12-19 00:05:57,541] {logging_mixin.py:109} INFO - [2021-12-19 00:05:57,541] {dag.py:2396} INFO - Sync 1 DAGs
[2021-12-19 00:05:57,555] {logging_mixin.py:109} INFO - [2021-12-19 00:05:57,555] {dag.py:2928} INFO - Setting next_dagrun for example_task_group_decorator to 2021-12-18T00:05:57.555466+00:00
[2021-12-19 00:05:57,569] {processor.py:171} INFO - Processing /home/airflow/.local/lib/python3.7/site-packages/airflow/example_dags/example_task_group_decorator.py took 0.259 seconds
[2021-12-19 00:06:28,067] {processor.py:163} INFO - Started process (PID=32737) to work on /home/airflow/.local/lib/python3.7/site-packages/airflow/example_dags/example_task_group_decorator.py
[2021-12-19 00:06:28,069] {processor.py:625} INFO - Processing file /home/airflow/.local/lib/python3.7/site-packages/airflow/example_dags/example_task_group_decorator.py for tasks to queue
[2021-12-19 00:06:28,070] {logging_mixin.py:109} INFO - [2021-12-19 00:06:28,070] {dagbag.py:500} INFO - Filling up the DagBag from /home/airflow/.local/lib/python3.7/site-packages/airflow/example_dags/example_task_group_decorator.py
[2021-12-19 00:06:28,114] {processor.py:637} INFO - DAG(s) dict_keys(['example_task_group_decorator']) retrieved from /home/airflow/.local/lib/python3.7/site-packages/airflow/example_dags/example_task_group_decorator.py
[2021-12-19 00:06:28,324] {logging_mixin.py:109} INFO - [2021-12-19 00:06:28,324] {dag.py:2396} INFO - Sync 1 DAGs
[2021-12-19 00:06:28,339] {logging_mixin.py:109} INFO - [2021-12-19 00:06:28,339] {dag.py:2928} INFO - Setting next_dagrun for example_task_group_decorator to 2021-12-18T00:06:28.339597+00:00
[2021-12-19 00:06:28,351] {processor.py:171} INFO - Processing /home/airflow/.local/lib/python3.7/site-packages/airflow/example_dags/example_task_group_decorator.py took 0.287 seconds
[2021-12-19 00:06:58,474] {processor.py:163} INFO - Started process (PID=331) to work on /home/airflow/.local/lib/python3.7/site-packages/airflow/example_dags/example_task_group_decorator.py
[2021-12-19 00:06:58,476] {processor.py:625} INFO - Processing file /home/airflow/.local/lib/python3.7/site-packages/airflow/example_dags/example_task_group_decorator.py for tasks to queue
[2021-12-19 00:06:58,477] {logging_mixin.py:109} INFO - [2021-12-19 00:06:58,477] {dagbag.py:500} INFO - Filling up the DagBag from /home/airflow/.local/lib/python3.7/site-packages/airflow/example_dags/example_task_group_decorator.py
[2021-12-19 00:06:58,513] {processor.py:637} INFO - DAG(s) dict_keys(['example_task_group_decorator']) retrieved from /home/airflow/.local/lib/python3.7/site-packages/airflow/example_dags/example_task_group_decorator.py
[2021-12-19 00:06:58,692] {logging_mixin.py:109} INFO - [2021-12-19 00:06:58,692] {dag.py:2396} INFO - Sync 1 DAGs
[2021-12-19 00:06:58,707] {logging_mixin.py:109} INFO - [2021-12-19 00:06:58,707] {dag.py:2928} INFO - Setting next_dagrun for example_task_group_decorator to 2021-12-18T00:06:58.706890+00:00
[2021-12-19 00:06:58,719] {processor.py:171} INFO - Processing /home/airflow/.local/lib/python3.7/site-packages/airflow/example_dags/example_task_group_decorator.py took 0.247 seconds
[2021-12-19 00:07:29,009] {processor.py:163} INFO - Started process (PID=402) to work on /home/airflow/.local/lib/python3.7/site-packages/airflow/example_dags/example_task_group_decorator.py
[2021-12-19 00:07:29,011] {processor.py:625} INFO - Processing file /home/airflow/.local/lib/python3.7/site-packages/airflow/example_dags/example_task_group_decorator.py for tasks to queue
[2021-12-19 00:07:29,012] {logging_mixin.py:109} INFO - [2021-12-19 00:07:29,012] {dagbag.py:500} INFO - Filling up the DagBag from /home/airflow/.local/lib/python3.7/site-packages/airflow/example_dags/example_task_group_decorator.py
[2021-12-19 00:07:29,048] {processor.py:637} INFO - DAG(s) dict_keys(['example_task_group_decorator']) retrieved from /home/airflow/.local/lib/python3.7/site-packages/airflow/example_dags/example_task_group_decorator.py
[2021-12-19 00:07:29,263] {logging_mixin.py:109} INFO - [2021-12-19 00:07:29,263] {dag.py:2396} INFO - Sync 1 DAGs
[2021-12-19 00:07:29,279] {logging_mixin.py:109} INFO - [2021-12-19 00:07:29,279] {dag.py:2928} INFO - Setting next_dagrun for example_task_group_decorator to 2021-12-18T00:07:29.279377+00:00
[2021-12-19 00:07:29,292] {processor.py:171} INFO - Processing /home/airflow/.local/lib/python3.7/site-packages/airflow/example_dags/example_task_group_decorator.py took 0.285 seconds
[2021-12-19 00:07:59,430] {processor.py:163} INFO - Started process (PID=454) to work on /home/airflow/.local/lib/python3.7/site-packages/airflow/example_dags/example_task_group_decorator.py
[2021-12-19 00:07:59,432] {processor.py:625} INFO - Processing file /home/airflow/.local/lib/python3.7/site-packages/airflow/example_dags/example_task_group_decorator.py for tasks to queue
[2021-12-19 00:07:59,433] {logging_mixin.py:109} INFO - [2021-12-19 00:07:59,433] {dagbag.py:500} INFO - Filling up the DagBag from /home/airflow/.local/lib/python3.7/site-packages/airflow/example_dags/example_task_group_decorator.py
[2021-12-19 00:07:59,478] {processor.py:637} INFO - DAG(s) dict_keys(['example_task_group_decorator']) retrieved from /home/airflow/.local/lib/python3.7/site-packages/airflow/example_dags/example_task_group_decorator.py
[2021-12-19 00:07:59,738] {logging_mixin.py:109} INFO - [2021-12-19 00:07:59,738] {dag.py:2396} INFO - Sync 1 DAGs
[2021-12-19 00:07:59,755] {logging_mixin.py:109} INFO - [2021-12-19 00:07:59,755] {dag.py:2928} INFO - Setting next_dagrun for example_task_group_decorator to 2021-12-18T00:07:59.755607+00:00
[2021-12-19 00:07:59,767] {processor.py:171} INFO - Processing /home/airflow/.local/lib/python3.7/site-packages/airflow/example_dags/example_task_group_decorator.py took 0.340 seconds
[2021-12-19 00:08:30,026] {processor.py:163} INFO - Started process (PID=524) to work on /home/airflow/.local/lib/python3.7/site-packages/airflow/example_dags/example_task_group_decorator.py
[2021-12-19 00:08:30,028] {processor.py:625} INFO - Processing file /home/airflow/.local/lib/python3.7/site-packages/airflow/example_dags/example_task_group_decorator.py for tasks to queue
[2021-12-19 00:08:30,029] {logging_mixin.py:109} INFO - [2021-12-19 00:08:30,029] {dagbag.py:500} INFO - Filling up the DagBag from /home/airflow/.local/lib/python3.7/site-packages/airflow/example_dags/example_task_group_decorator.py
[2021-12-19 00:08:30,067] {processor.py:637} INFO - DAG(s) dict_keys(['example_task_group_decorator']) retrieved from /home/airflow/.local/lib/python3.7/site-packages/airflow/example_dags/example_task_group_decorator.py
[2021-12-19 00:08:30,289] {logging_mixin.py:109} INFO - [2021-12-19 00:08:30,289] {dag.py:2396} INFO - Sync 1 DAGs
[2021-12-19 00:08:30,308] {logging_mixin.py:109} INFO - [2021-12-19 00:08:30,307] {dag.py:2928} INFO - Setting next_dagrun for example_task_group_decorator to 2021-12-18T00:08:30.307651+00:00
[2021-12-19 00:08:30,324] {processor.py:171} INFO - Processing /home/airflow/.local/lib/python3.7/site-packages/airflow/example_dags/example_task_group_decorator.py took 0.301 seconds
[2021-12-19 00:09:00,520] {processor.py:163} INFO - Started process (PID=586) to work on /home/airflow/.local/lib/python3.7/site-packages/airflow/example_dags/example_task_group_decorator.py
[2021-12-19 00:09:00,521] {processor.py:625} INFO - Processing file /home/airflow/.local/lib/python3.7/site-packages/airflow/example_dags/example_task_group_decorator.py for tasks to queue
[2021-12-19 00:09:00,522] {logging_mixin.py:109} INFO - [2021-12-19 00:09:00,522] {dagbag.py:500} INFO - Filling up the DagBag from /home/airflow/.local/lib/python3.7/site-packages/airflow/example_dags/example_task_group_decorator.py
[2021-12-19 00:09:00,564] {processor.py:637} INFO - DAG(s) dict_keys(['example_task_group_decorator']) retrieved from /home/airflow/.local/lib/python3.7/site-packages/airflow/example_dags/example_task_group_decorator.py
[2021-12-19 00:09:00,765] {logging_mixin.py:109} INFO - [2021-12-19 00:09:00,765] {dag.py:2396} INFO - Sync 1 DAGs
[2021-12-19 00:09:00,780] {logging_mixin.py:109} INFO - [2021-12-19 00:09:00,780] {dag.py:2928} INFO - Setting next_dagrun for example_task_group_decorator to 2021-12-18T00:09:00.780238+00:00
[2021-12-19 00:09:00,793] {processor.py:171} INFO - Processing /home/airflow/.local/lib/python3.7/site-packages/airflow/example_dags/example_task_group_decorator.py took 0.277 seconds
[2021-12-19 00:09:31,245] {processor.py:163} INFO - Started process (PID=657) to work on /home/airflow/.local/lib/python3.7/site-packages/airflow/example_dags/example_task_group_decorator.py
[2021-12-19 00:09:31,246] {processor.py:625} INFO - Processing file /home/airflow/.local/lib/python3.7/site-packages/airflow/example_dags/example_task_group_decorator.py for tasks to queue
[2021-12-19 00:09:31,247] {logging_mixin.py:109} INFO - [2021-12-19 00:09:31,247] {dagbag.py:500} INFO - Filling up the DagBag from /home/airflow/.local/lib/python3.7/site-packages/airflow/example_dags/example_task_group_decorator.py
[2021-12-19 00:09:31,287] {processor.py:637} INFO - DAG(s) dict_keys(['example_task_group_decorator']) retrieved from /home/airflow/.local/lib/python3.7/site-packages/airflow/example_dags/example_task_group_decorator.py
[2021-12-19 00:09:31,541] {logging_mixin.py:109} INFO - [2021-12-19 00:09:31,541] {dag.py:2396} INFO - Sync 1 DAGs
[2021-12-19 00:09:31,563] {logging_mixin.py:109} INFO - [2021-12-19 00:09:31,563] {dag.py:2928} INFO - Setting next_dagrun for example_task_group_decorator to 2021-12-18T00:09:31.562998+00:00
[2021-12-19 00:09:31,579] {processor.py:171} INFO - Processing /home/airflow/.local/lib/python3.7/site-packages/airflow/example_dags/example_task_group_decorator.py took 0.339 seconds
[2021-12-19 00:10:02,206] {processor.py:163} INFO - Started process (PID=718) to work on /home/airflow/.local/lib/python3.7/site-packages/airflow/example_dags/example_task_group_decorator.py
[2021-12-19 00:10:02,208] {processor.py:625} INFO - Processing file /home/airflow/.local/lib/python3.7/site-packages/airflow/example_dags/example_task_group_decorator.py for tasks to queue
[2021-12-19 00:10:02,209] {logging_mixin.py:109} INFO - [2021-12-19 00:10:02,209] {dagbag.py:500} INFO - Filling up the DagBag from /home/airflow/.local/lib/python3.7/site-packages/airflow/example_dags/example_task_group_decorator.py
[2021-12-19 00:10:02,247] {processor.py:637} INFO - DAG(s) dict_keys(['example_task_group_decorator']) retrieved from /home/airflow/.local/lib/python3.7/site-packages/airflow/example_dags/example_task_group_decorator.py
[2021-12-19 00:10:02,457] {logging_mixin.py:109} INFO - [2021-12-19 00:10:02,457] {dag.py:2396} INFO - Sync 1 DAGs
[2021-12-19 00:10:02,472] {logging_mixin.py:109} INFO - [2021-12-19 00:10:02,472] {dag.py:2928} INFO - Setting next_dagrun for example_task_group_decorator to 2021-12-18T00:10:02.471824+00:00
[2021-12-19 00:10:02,486] {processor.py:171} INFO - Processing /home/airflow/.local/lib/python3.7/site-packages/airflow/example_dags/example_task_group_decorator.py took 0.284 seconds
[2021-12-19 00:10:32,665] {processor.py:163} INFO - Started process (PID=779) to work on /home/airflow/.local/lib/python3.7/site-packages/airflow/example_dags/example_task_group_decorator.py
[2021-12-19 00:10:32,666] {processor.py:625} INFO - Processing file /home/airflow/.local/lib/python3.7/site-packages/airflow/example_dags/example_task_group_decorator.py for tasks to queue
[2021-12-19 00:10:32,667] {logging_mixin.py:109} INFO - [2021-12-19 00:10:32,667] {dagbag.py:500} INFO - Filling up the DagBag from /home/airflow/.local/lib/python3.7/site-packages/airflow/example_dags/example_task_group_decorator.py
[2021-12-19 00:10:32,713] {processor.py:637} INFO - DAG(s) dict_keys(['example_task_group_decorator']) retrieved from /home/airflow/.local/lib/python3.7/site-packages/airflow/example_dags/example_task_group_decorator.py
[2021-12-19 00:10:32,909] {logging_mixin.py:109} INFO - [2021-12-19 00:10:32,908] {dag.py:2396} INFO - Sync 1 DAGs
[2021-12-19 00:10:32,929] {logging_mixin.py:109} INFO - [2021-12-19 00:10:32,929] {dag.py:2928} INFO - Setting next_dagrun for example_task_group_decorator to 2021-12-18T00:10:32.929579+00:00
[2021-12-19 00:10:32,943] {processor.py:171} INFO - Processing /home/airflow/.local/lib/python3.7/site-packages/airflow/example_dags/example_task_group_decorator.py took 0.281 seconds
[2021-12-19 00:11:03,270] {processor.py:163} INFO - Started process (PID=851) to work on /home/airflow/.local/lib/python3.7/site-packages/airflow/example_dags/example_task_group_decorator.py
[2021-12-19 00:11:03,271] {processor.py:625} INFO - Processing file /home/airflow/.local/lib/python3.7/site-packages/airflow/example_dags/example_task_group_decorator.py for tasks to queue
[2021-12-19 00:11:03,272] {logging_mixin.py:109} INFO - [2021-12-19 00:11:03,272] {dagbag.py:500} INFO - Filling up the DagBag from /home/airflow/.local/lib/python3.7/site-packages/airflow/example_dags/example_task_group_decorator.py
[2021-12-19 00:11:03,308] {processor.py:637} INFO - DAG(s) dict_keys(['example_task_group_decorator']) retrieved from /home/airflow/.local/lib/python3.7/site-packages/airflow/example_dags/example_task_group_decorator.py
[2021-12-19 00:11:03,480] {logging_mixin.py:109} INFO - [2021-12-19 00:11:03,479] {dag.py:2396} INFO - Sync 1 DAGs
[2021-12-19 00:11:03,493] {logging_mixin.py:109} INFO - [2021-12-19 00:11:03,493] {dag.py:2928} INFO - Setting next_dagrun for example_task_group_decorator to 2021-12-18T00:11:03.492805+00:00
[2021-12-19 00:11:03,505] {processor.py:171} INFO - Processing /home/airflow/.local/lib/python3.7/site-packages/airflow/example_dags/example_task_group_decorator.py took 0.238 seconds
[2021-12-19 00:11:33,853] {processor.py:163} INFO - Started process (PID=913) to work on /home/airflow/.local/lib/python3.7/site-packages/airflow/example_dags/example_task_group_decorator.py
[2021-12-19 00:11:33,855] {processor.py:625} INFO - Processing file /home/airflow/.local/lib/python3.7/site-packages/airflow/example_dags/example_task_group_decorator.py for tasks to queue
[2021-12-19 00:11:33,855] {logging_mixin.py:109} INFO - [2021-12-19 00:11:33,855] {dagbag.py:500} INFO - Filling up the DagBag from /home/airflow/.local/lib/python3.7/site-packages/airflow/example_dags/example_task_group_decorator.py
[2021-12-19 00:11:33,890] {processor.py:637} INFO - DAG(s) dict_keys(['example_task_group_decorator']) retrieved from /home/airflow/.local/lib/python3.7/site-packages/airflow/example_dags/example_task_group_decorator.py
[2021-12-19 00:11:34,071] {logging_mixin.py:109} INFO - [2021-12-19 00:11:34,071] {dag.py:2396} INFO - Sync 1 DAGs
[2021-12-19 00:11:34,090] {logging_mixin.py:109} INFO - [2021-12-19 00:11:34,090] {dag.py:2928} INFO - Setting next_dagrun for example_task_group_decorator to 2021-12-18T00:11:34.089833+00:00
[2021-12-19 00:11:34,103] {processor.py:171} INFO - Processing /home/airflow/.local/lib/python3.7/site-packages/airflow/example_dags/example_task_group_decorator.py took 0.253 seconds
[2021-12-19 00:12:04,545] {processor.py:163} INFO - Started process (PID=984) to work on /home/airflow/.local/lib/python3.7/site-packages/airflow/example_dags/example_task_group_decorator.py
[2021-12-19 00:12:04,547] {processor.py:625} INFO - Processing file /home/airflow/.local/lib/python3.7/site-packages/airflow/example_dags/example_task_group_decorator.py for tasks to queue
[2021-12-19 00:12:04,548] {logging_mixin.py:109} INFO - [2021-12-19 00:12:04,548] {dagbag.py:500} INFO - Filling up the DagBag from /home/airflow/.local/lib/python3.7/site-packages/airflow/example_dags/example_task_group_decorator.py
[2021-12-19 00:12:04,584] {processor.py:637} INFO - DAG(s) dict_keys(['example_task_group_decorator']) retrieved from /home/airflow/.local/lib/python3.7/site-packages/airflow/example_dags/example_task_group_decorator.py
[2021-12-19 00:12:04,768] {logging_mixin.py:109} INFO - [2021-12-19 00:12:04,768] {dag.py:2396} INFO - Sync 1 DAGs
[2021-12-19 00:12:04,782] {logging_mixin.py:109} INFO - [2021-12-19 00:12:04,782] {dag.py:2928} INFO - Setting next_dagrun for example_task_group_decorator to 2021-12-18T00:12:04.781966+00:00
[2021-12-19 00:12:04,793] {processor.py:171} INFO - Processing /home/airflow/.local/lib/python3.7/site-packages/airflow/example_dags/example_task_group_decorator.py took 0.250 seconds
[2021-12-19 00:12:35,181] {processor.py:163} INFO - Started process (PID=1045) to work on /home/airflow/.local/lib/python3.7/site-packages/airflow/example_dags/example_task_group_decorator.py
[2021-12-19 00:12:35,183] {processor.py:625} INFO - Processing file /home/airflow/.local/lib/python3.7/site-packages/airflow/example_dags/example_task_group_decorator.py for tasks to queue
[2021-12-19 00:12:35,184] {logging_mixin.py:109} INFO - [2021-12-19 00:12:35,184] {dagbag.py:500} INFO - Filling up the DagBag from /home/airflow/.local/lib/python3.7/site-packages/airflow/example_dags/example_task_group_decorator.py
[2021-12-19 00:12:35,228] {processor.py:637} INFO - DAG(s) dict_keys(['example_task_group_decorator']) retrieved from /home/airflow/.local/lib/python3.7/site-packages/airflow/example_dags/example_task_group_decorator.py
[2021-12-19 00:12:35,469] {logging_mixin.py:109} INFO - [2021-12-19 00:12:35,469] {dag.py:2396} INFO - Sync 1 DAGs
[2021-12-19 00:12:35,486] {logging_mixin.py:109} INFO - [2021-12-19 00:12:35,486] {dag.py:2928} INFO - Setting next_dagrun for example_task_group_decorator to 2021-12-18T00:12:35.486354+00:00
[2021-12-19 00:12:35,497] {processor.py:171} INFO - Processing /home/airflow/.local/lib/python3.7/site-packages/airflow/example_dags/example_task_group_decorator.py took 0.320 seconds
[2021-12-19 00:13:05,690] {processor.py:163} INFO - Started process (PID=1115) to work on /home/airflow/.local/lib/python3.7/site-packages/airflow/example_dags/example_task_group_decorator.py
[2021-12-19 00:13:05,692] {processor.py:625} INFO - Processing file /home/airflow/.local/lib/python3.7/site-packages/airflow/example_dags/example_task_group_decorator.py for tasks to queue
[2021-12-19 00:13:05,693] {logging_mixin.py:109} INFO - [2021-12-19 00:13:05,693] {dagbag.py:500} INFO - Filling up the DagBag from /home/airflow/.local/lib/python3.7/site-packages/airflow/example_dags/example_task_group_decorator.py
[2021-12-19 00:13:05,733] {processor.py:637} INFO - DAG(s) dict_keys(['example_task_group_decorator']) retrieved from /home/airflow/.local/lib/python3.7/site-packages/airflow/example_dags/example_task_group_decorator.py
[2021-12-19 00:13:05,920] {logging_mixin.py:109} INFO - [2021-12-19 00:13:05,920] {dag.py:2396} INFO - Sync 1 DAGs
[2021-12-19 00:13:05,933] {logging_mixin.py:109} INFO - [2021-12-19 00:13:05,933] {dag.py:2928} INFO - Setting next_dagrun for example_task_group_decorator to 2021-12-18T00:13:05.933175+00:00
[2021-12-19 00:13:05,944] {processor.py:171} INFO - Processing /home/airflow/.local/lib/python3.7/site-packages/airflow/example_dags/example_task_group_decorator.py took 0.258 seconds
[2021-12-19 00:13:36,231] {processor.py:163} INFO - Started process (PID=1176) to work on /home/airflow/.local/lib/python3.7/site-packages/airflow/example_dags/example_task_group_decorator.py
[2021-12-19 00:13:36,233] {processor.py:625} INFO - Processing file /home/airflow/.local/lib/python3.7/site-packages/airflow/example_dags/example_task_group_decorator.py for tasks to queue
[2021-12-19 00:13:36,234] {logging_mixin.py:109} INFO - [2021-12-19 00:13:36,234] {dagbag.py:500} INFO - Filling up the DagBag from /home/airflow/.local/lib/python3.7/site-packages/airflow/example_dags/example_task_group_decorator.py
[2021-12-19 00:13:36,270] {processor.py:637} INFO - DAG(s) dict_keys(['example_task_group_decorator']) retrieved from /home/airflow/.local/lib/python3.7/site-packages/airflow/example_dags/example_task_group_decorator.py
[2021-12-19 00:13:36,510] {logging_mixin.py:109} INFO - [2021-12-19 00:13:36,510] {dag.py:2396} INFO - Sync 1 DAGs
[2021-12-19 00:13:36,534] {logging_mixin.py:109} INFO - [2021-12-19 00:13:36,533] {dag.py:2928} INFO - Setting next_dagrun for example_task_group_decorator to 2021-12-18T00:13:36.533660+00:00
[2021-12-19 00:13:36,548] {processor.py:171} INFO - Processing /home/airflow/.local/lib/python3.7/site-packages/airflow/example_dags/example_task_group_decorator.py took 0.320 seconds
[2021-12-19 00:14:06,967] {processor.py:163} INFO - Started process (PID=1249) to work on /home/airflow/.local/lib/python3.7/site-packages/airflow/example_dags/example_task_group_decorator.py
[2021-12-19 00:14:06,968] {processor.py:625} INFO - Processing file /home/airflow/.local/lib/python3.7/site-packages/airflow/example_dags/example_task_group_decorator.py for tasks to queue
[2021-12-19 00:14:06,969] {logging_mixin.py:109} INFO - [2021-12-19 00:14:06,969] {dagbag.py:500} INFO - Filling up the DagBag from /home/airflow/.local/lib/python3.7/site-packages/airflow/example_dags/example_task_group_decorator.py
[2021-12-19 00:14:07,018] {processor.py:637} INFO - DAG(s) dict_keys(['example_task_group_decorator']) retrieved from /home/airflow/.local/lib/python3.7/site-packages/airflow/example_dags/example_task_group_decorator.py
[2021-12-19 00:14:07,266] {logging_mixin.py:109} INFO - [2021-12-19 00:14:07,266] {dag.py:2396} INFO - Sync 1 DAGs
[2021-12-19 00:14:07,284] {logging_mixin.py:109} INFO - [2021-12-19 00:14:07,284] {dag.py:2928} INFO - Setting next_dagrun for example_task_group_decorator to 2021-12-18T00:14:07.284197+00:00
[2021-12-19 00:14:07,300] {processor.py:171} INFO - Processing /home/airflow/.local/lib/python3.7/site-packages/airflow/example_dags/example_task_group_decorator.py took 0.337 seconds
[2021-12-19 00:14:37,570] {processor.py:163} INFO - Started process (PID=1310) to work on /home/airflow/.local/lib/python3.7/site-packages/airflow/example_dags/example_task_group_decorator.py
[2021-12-19 00:14:37,572] {processor.py:625} INFO - Processing file /home/airflow/.local/lib/python3.7/site-packages/airflow/example_dags/example_task_group_decorator.py for tasks to queue
[2021-12-19 00:14:37,573] {logging_mixin.py:109} INFO - [2021-12-19 00:14:37,573] {dagbag.py:500} INFO - Filling up the DagBag from /home/airflow/.local/lib/python3.7/site-packages/airflow/example_dags/example_task_group_decorator.py
[2021-12-19 00:14:37,609] {processor.py:637} INFO - DAG(s) dict_keys(['example_task_group_decorator']) retrieved from /home/airflow/.local/lib/python3.7/site-packages/airflow/example_dags/example_task_group_decorator.py
[2021-12-19 00:14:37,793] {logging_mixin.py:109} INFO - [2021-12-19 00:14:37,793] {dag.py:2396} INFO - Sync 1 DAGs
[2021-12-19 00:14:37,807] {logging_mixin.py:109} INFO - [2021-12-19 00:14:37,807] {dag.py:2928} INFO - Setting next_dagrun for example_task_group_decorator to 2021-12-18T00:14:37.807309+00:00
[2021-12-19 00:14:37,820] {processor.py:171} INFO - Processing /home/airflow/.local/lib/python3.7/site-packages/airflow/example_dags/example_task_group_decorator.py took 0.252 seconds
[2021-12-19 00:15:07,953] {processor.py:163} INFO - Started process (PID=1372) to work on /home/airflow/.local/lib/python3.7/site-packages/airflow/example_dags/example_task_group_decorator.py
[2021-12-19 00:15:07,954] {processor.py:625} INFO - Processing file /home/airflow/.local/lib/python3.7/site-packages/airflow/example_dags/example_task_group_decorator.py for tasks to queue
[2021-12-19 00:15:07,955] {logging_mixin.py:109} INFO - [2021-12-19 00:15:07,955] {dagbag.py:500} INFO - Filling up the DagBag from /home/airflow/.local/lib/python3.7/site-packages/airflow/example_dags/example_task_group_decorator.py
[2021-12-19 00:15:07,992] {processor.py:637} INFO - DAG(s) dict_keys(['example_task_group_decorator']) retrieved from /home/airflow/.local/lib/python3.7/site-packages/airflow/example_dags/example_task_group_decorator.py
[2021-12-19 00:15:08,202] {logging_mixin.py:109} INFO - [2021-12-19 00:15:08,202] {dag.py:2396} INFO - Sync 1 DAGs
[2021-12-19 00:15:08,218] {logging_mixin.py:109} INFO - [2021-12-19 00:15:08,217] {dag.py:2928} INFO - Setting next_dagrun for example_task_group_decorator to 2021-12-18T00:15:08.217403+00:00
[2021-12-19 00:15:08,231] {processor.py:171} INFO - Processing /home/airflow/.local/lib/python3.7/site-packages/airflow/example_dags/example_task_group_decorator.py took 0.281 seconds
[2021-12-19 00:15:38,342] {processor.py:163} INFO - Started process (PID=1444) to work on /home/airflow/.local/lib/python3.7/site-packages/airflow/example_dags/example_task_group_decorator.py
[2021-12-19 00:15:38,343] {processor.py:625} INFO - Processing file /home/airflow/.local/lib/python3.7/site-packages/airflow/example_dags/example_task_group_decorator.py for tasks to queue
[2021-12-19 00:15:38,344] {logging_mixin.py:109} INFO - [2021-12-19 00:15:38,344] {dagbag.py:500} INFO - Filling up the DagBag from /home/airflow/.local/lib/python3.7/site-packages/airflow/example_dags/example_task_group_decorator.py
[2021-12-19 00:15:38,379] {processor.py:637} INFO - DAG(s) dict_keys(['example_task_group_decorator']) retrieved from /home/airflow/.local/lib/python3.7/site-packages/airflow/example_dags/example_task_group_decorator.py
[2021-12-19 00:15:38,570] {logging_mixin.py:109} INFO - [2021-12-19 00:15:38,570] {dag.py:2396} INFO - Sync 1 DAGs
[2021-12-19 00:15:38,583] {logging_mixin.py:109} INFO - [2021-12-19 00:15:38,583] {dag.py:2928} INFO - Setting next_dagrun for example_task_group_decorator to 2021-12-18T00:15:38.583575+00:00
[2021-12-19 00:15:38,594] {processor.py:171} INFO - Processing /home/airflow/.local/lib/python3.7/site-packages/airflow/example_dags/example_task_group_decorator.py took 0.255 seconds
[2021-12-19 00:16:08,686] {processor.py:163} INFO - Started process (PID=1505) to work on /home/airflow/.local/lib/python3.7/site-packages/airflow/example_dags/example_task_group_decorator.py
[2021-12-19 00:16:08,687] {processor.py:625} INFO - Processing file /home/airflow/.local/lib/python3.7/site-packages/airflow/example_dags/example_task_group_decorator.py for tasks to queue
[2021-12-19 00:16:08,688] {logging_mixin.py:109} INFO - [2021-12-19 00:16:08,688] {dagbag.py:500} INFO - Filling up the DagBag from /home/airflow/.local/lib/python3.7/site-packages/airflow/example_dags/example_task_group_decorator.py
[2021-12-19 00:16:08,736] {processor.py:637} INFO - DAG(s) dict_keys(['example_task_group_decorator']) retrieved from /home/airflow/.local/lib/python3.7/site-packages/airflow/example_dags/example_task_group_decorator.py
[2021-12-19 00:16:08,959] {logging_mixin.py:109} INFO - [2021-12-19 00:16:08,959] {dag.py:2396} INFO - Sync 1 DAGs
[2021-12-19 00:16:08,977] {logging_mixin.py:109} INFO - [2021-12-19 00:16:08,977] {dag.py:2928} INFO - Setting next_dagrun for example_task_group_decorator to 2021-12-18T00:16:08.977393+00:00
[2021-12-19 00:16:08,988] {processor.py:171} INFO - Processing /home/airflow/.local/lib/python3.7/site-packages/airflow/example_dags/example_task_group_decorator.py took 0.307 seconds
[2021-12-19 00:16:39,849] {processor.py:163} INFO - Started process (PID=1575) to work on /home/airflow/.local/lib/python3.7/site-packages/airflow/example_dags/example_task_group_decorator.py
[2021-12-19 00:16:39,850] {processor.py:625} INFO - Processing file /home/airflow/.local/lib/python3.7/site-packages/airflow/example_dags/example_task_group_decorator.py for tasks to queue
[2021-12-19 00:16:39,851] {logging_mixin.py:109} INFO - [2021-12-19 00:16:39,851] {dagbag.py:500} INFO - Filling up the DagBag from /home/airflow/.local/lib/python3.7/site-packages/airflow/example_dags/example_task_group_decorator.py
[2021-12-19 00:16:39,889] {processor.py:637} INFO - DAG(s) dict_keys(['example_task_group_decorator']) retrieved from /home/airflow/.local/lib/python3.7/site-packages/airflow/example_dags/example_task_group_decorator.py
[2021-12-19 00:16:40,063] {logging_mixin.py:109} INFO - [2021-12-19 00:16:40,063] {dag.py:2396} INFO - Sync 1 DAGs
[2021-12-19 00:16:40,077] {logging_mixin.py:109} INFO - [2021-12-19 00:16:40,077] {dag.py:2928} INFO - Setting next_dagrun for example_task_group_decorator to 2021-12-18T00:16:40.077292+00:00
[2021-12-19 00:16:40,089] {processor.py:171} INFO - Processing /home/airflow/.local/lib/python3.7/site-packages/airflow/example_dags/example_task_group_decorator.py took 0.243 seconds
[2021-12-19 00:17:10,401] {processor.py:163} INFO - Started process (PID=1637) to work on /home/airflow/.local/lib/python3.7/site-packages/airflow/example_dags/example_task_group_decorator.py
[2021-12-19 00:17:10,402] {processor.py:625} INFO - Processing file /home/airflow/.local/lib/python3.7/site-packages/airflow/example_dags/example_task_group_decorator.py for tasks to queue
[2021-12-19 00:17:10,403] {logging_mixin.py:109} INFO - [2021-12-19 00:17:10,403] {dagbag.py:500} INFO - Filling up the DagBag from /home/airflow/.local/lib/python3.7/site-packages/airflow/example_dags/example_task_group_decorator.py
[2021-12-19 00:17:10,437] {processor.py:637} INFO - DAG(s) dict_keys(['example_task_group_decorator']) retrieved from /home/airflow/.local/lib/python3.7/site-packages/airflow/example_dags/example_task_group_decorator.py
[2021-12-19 00:17:10,617] {logging_mixin.py:109} INFO - [2021-12-19 00:17:10,617] {dag.py:2396} INFO - Sync 1 DAGs
[2021-12-19 00:17:10,630] {logging_mixin.py:109} INFO - [2021-12-19 00:17:10,630] {dag.py:2928} INFO - Setting next_dagrun for example_task_group_decorator to 2021-12-18T00:17:10.630633+00:00
[2021-12-19 00:17:10,642] {processor.py:171} INFO - Processing /home/airflow/.local/lib/python3.7/site-packages/airflow/example_dags/example_task_group_decorator.py took 0.245 seconds
[2021-12-19 00:17:40,820] {processor.py:163} INFO - Started process (PID=1707) to work on /home/airflow/.local/lib/python3.7/site-packages/airflow/example_dags/example_task_group_decorator.py
[2021-12-19 00:17:40,822] {processor.py:625} INFO - Processing file /home/airflow/.local/lib/python3.7/site-packages/airflow/example_dags/example_task_group_decorator.py for tasks to queue
[2021-12-19 00:17:40,823] {logging_mixin.py:109} INFO - [2021-12-19 00:17:40,823] {dagbag.py:500} INFO - Filling up the DagBag from /home/airflow/.local/lib/python3.7/site-packages/airflow/example_dags/example_task_group_decorator.py
[2021-12-19 00:17:40,887] {processor.py:637} INFO - DAG(s) dict_keys(['example_task_group_decorator']) retrieved from /home/airflow/.local/lib/python3.7/site-packages/airflow/example_dags/example_task_group_decorator.py
[2021-12-19 00:17:41,180] {logging_mixin.py:109} INFO - [2021-12-19 00:17:41,179] {dag.py:2396} INFO - Sync 1 DAGs
[2021-12-19 00:17:41,219] {logging_mixin.py:109} INFO - [2021-12-19 00:17:41,219] {dag.py:2928} INFO - Setting next_dagrun for example_task_group_decorator to 2021-12-18T00:17:41.219044+00:00
[2021-12-19 00:17:41,243] {processor.py:171} INFO - Processing /home/airflow/.local/lib/python3.7/site-packages/airflow/example_dags/example_task_group_decorator.py took 0.427 seconds
[2021-12-19 00:18:11,304] {processor.py:163} INFO - Started process (PID=1769) to work on /home/airflow/.local/lib/python3.7/site-packages/airflow/example_dags/example_task_group_decorator.py
[2021-12-19 00:18:11,306] {processor.py:625} INFO - Processing file /home/airflow/.local/lib/python3.7/site-packages/airflow/example_dags/example_task_group_decorator.py for tasks to queue
[2021-12-19 00:18:11,307] {logging_mixin.py:109} INFO - [2021-12-19 00:18:11,307] {dagbag.py:500} INFO - Filling up the DagBag from /home/airflow/.local/lib/python3.7/site-packages/airflow/example_dags/example_task_group_decorator.py
[2021-12-19 00:18:11,342] {processor.py:637} INFO - DAG(s) dict_keys(['example_task_group_decorator']) retrieved from /home/airflow/.local/lib/python3.7/site-packages/airflow/example_dags/example_task_group_decorator.py
[2021-12-19 00:18:11,521] {logging_mixin.py:109} INFO - [2021-12-19 00:18:11,521] {dag.py:2396} INFO - Sync 1 DAGs
[2021-12-19 00:18:11,534] {logging_mixin.py:109} INFO - [2021-12-19 00:18:11,534] {dag.py:2928} INFO - Setting next_dagrun for example_task_group_decorator to 2021-12-18T00:18:11.534355+00:00
[2021-12-19 00:18:11,546] {processor.py:171} INFO - Processing /home/airflow/.local/lib/python3.7/site-packages/airflow/example_dags/example_task_group_decorator.py took 0.244 seconds
[2021-12-19 00:18:41,611] {processor.py:163} INFO - Started process (PID=1830) to work on /home/airflow/.local/lib/python3.7/site-packages/airflow/example_dags/example_task_group_decorator.py
[2021-12-19 00:18:41,612] {processor.py:625} INFO - Processing file /home/airflow/.local/lib/python3.7/site-packages/airflow/example_dags/example_task_group_decorator.py for tasks to queue
[2021-12-19 00:18:41,613] {logging_mixin.py:109} INFO - [2021-12-19 00:18:41,613] {dagbag.py:500} INFO - Filling up the DagBag from /home/airflow/.local/lib/python3.7/site-packages/airflow/example_dags/example_task_group_decorator.py
[2021-12-19 00:18:41,753] {processor.py:637} INFO - DAG(s) dict_keys(['example_task_group_decorator']) retrieved from /home/airflow/.local/lib/python3.7/site-packages/airflow/example_dags/example_task_group_decorator.py
[2021-12-19 00:18:41,985] {logging_mixin.py:109} INFO - [2021-12-19 00:18:41,985] {dag.py:2396} INFO - Sync 1 DAGs
[2021-12-19 00:18:41,999] {logging_mixin.py:109} INFO - [2021-12-19 00:18:41,999] {dag.py:2928} INFO - Setting next_dagrun for example_task_group_decorator to 2021-12-18T00:18:41.998930+00:00
[2021-12-19 00:18:42,012] {processor.py:171} INFO - Processing /home/airflow/.local/lib/python3.7/site-packages/airflow/example_dags/example_task_group_decorator.py took 0.404 seconds
[2021-12-19 00:19:12,062] {processor.py:163} INFO - Started process (PID=1902) to work on /home/airflow/.local/lib/python3.7/site-packages/airflow/example_dags/example_task_group_decorator.py
[2021-12-19 00:19:12,064] {processor.py:625} INFO - Processing file /home/airflow/.local/lib/python3.7/site-packages/airflow/example_dags/example_task_group_decorator.py for tasks to queue
[2021-12-19 00:19:12,065] {logging_mixin.py:109} INFO - [2021-12-19 00:19:12,065] {dagbag.py:500} INFO - Filling up the DagBag from /home/airflow/.local/lib/python3.7/site-packages/airflow/example_dags/example_task_group_decorator.py
[2021-12-19 00:19:12,102] {processor.py:637} INFO - DAG(s) dict_keys(['example_task_group_decorator']) retrieved from /home/airflow/.local/lib/python3.7/site-packages/airflow/example_dags/example_task_group_decorator.py
[2021-12-19 00:19:12,293] {logging_mixin.py:109} INFO - [2021-12-19 00:19:12,293] {dag.py:2396} INFO - Sync 1 DAGs
[2021-12-19 00:19:12,307] {logging_mixin.py:109} INFO - [2021-12-19 00:19:12,307] {dag.py:2928} INFO - Setting next_dagrun for example_task_group_decorator to 2021-12-18T00:19:12.307109+00:00
[2021-12-19 00:19:12,319] {processor.py:171} INFO - Processing /home/airflow/.local/lib/python3.7/site-packages/airflow/example_dags/example_task_group_decorator.py took 0.260 seconds
[2021-12-19 20:26:58,993] {processor.py:163} INFO - Started process (PID=86) to work on /home/airflow/.local/lib/python3.7/site-packages/airflow/example_dags/example_task_group_decorator.py
[2021-12-19 20:26:58,999] {processor.py:625} INFO - Processing file /home/airflow/.local/lib/python3.7/site-packages/airflow/example_dags/example_task_group_decorator.py for tasks to queue
[2021-12-19 20:26:59,017] {logging_mixin.py:109} INFO - [2021-12-19 20:26:59,017] {dagbag.py:500} INFO - Filling up the DagBag from /home/airflow/.local/lib/python3.7/site-packages/airflow/example_dags/example_task_group_decorator.py
[2021-12-19 20:26:59,153] {processor.py:637} INFO - DAG(s) dict_keys(['example_task_group_decorator']) retrieved from /home/airflow/.local/lib/python3.7/site-packages/airflow/example_dags/example_task_group_decorator.py
[2021-12-19 20:26:59,880] {logging_mixin.py:109} INFO - [2021-12-19 20:26:59,879] {dag.py:2396} INFO - Sync 1 DAGs
[2021-12-19 20:26:59,915] {logging_mixin.py:109} INFO - [2021-12-19 20:26:59,915] {dag.py:2928} INFO - Setting next_dagrun for example_task_group_decorator to 2021-12-18T20:26:59.914748+00:00
[2021-12-19 20:26:59,947] {processor.py:171} INFO - Processing /home/airflow/.local/lib/python3.7/site-packages/airflow/example_dags/example_task_group_decorator.py took 0.963 seconds
[2021-12-19 20:27:41,416] {processor.py:163} INFO - Started process (PID=149) to work on /home/airflow/.local/lib/python3.7/site-packages/airflow/example_dags/example_task_group_decorator.py
[2021-12-19 20:27:41,419] {processor.py:625} INFO - Processing file /home/airflow/.local/lib/python3.7/site-packages/airflow/example_dags/example_task_group_decorator.py for tasks to queue
[2021-12-19 20:27:41,421] {logging_mixin.py:109} INFO - [2021-12-19 20:27:41,421] {dagbag.py:500} INFO - Filling up the DagBag from /home/airflow/.local/lib/python3.7/site-packages/airflow/example_dags/example_task_group_decorator.py
[2021-12-19 20:27:41,510] {processor.py:637} INFO - DAG(s) dict_keys(['example_task_group_decorator']) retrieved from /home/airflow/.local/lib/python3.7/site-packages/airflow/example_dags/example_task_group_decorator.py
[2021-12-19 20:27:42,182] {logging_mixin.py:109} INFO - [2021-12-19 20:27:42,181] {dag.py:2396} INFO - Sync 1 DAGs
[2021-12-19 20:27:42,216] {logging_mixin.py:109} INFO - [2021-12-19 20:27:42,216] {dag.py:2928} INFO - Setting next_dagrun for example_task_group_decorator to 2021-12-18T20:27:42.216163+00:00
[2021-12-19 20:27:42,249] {processor.py:171} INFO - Processing /home/airflow/.local/lib/python3.7/site-packages/airflow/example_dags/example_task_group_decorator.py took 0.840 seconds
