[2021-12-19 00:00:10,906] {processor.py:163} INFO - Started process (PID=31924) to work on /home/airflow/.local/lib/python3.7/site-packages/airflow/example_dags/example_kubernetes_executor.py
[2021-12-19 00:00:10,908] {processor.py:625} INFO - Processing file /home/airflow/.local/lib/python3.7/site-packages/airflow/example_dags/example_kubernetes_executor.py for tasks to queue
[2021-12-19 00:00:10,909] {logging_mixin.py:109} INFO - [2021-12-19 00:00:10,908] {dagbag.py:500} INFO - Filling up the DagBag from /home/airflow/.local/lib/python3.7/site-packages/airflow/example_dags/example_kubernetes_executor.py
[2021-12-19 00:00:10,939] {processor.py:637} INFO - DAG(s) dict_keys(['example_kubernetes_executor']) retrieved from /home/airflow/.local/lib/python3.7/site-packages/airflow/example_dags/example_kubernetes_executor.py
[2021-12-19 00:00:10,950] {logging_mixin.py:109} INFO - [2021-12-19 00:00:10,950] {dag.py:2396} INFO - Sync 1 DAGs
[2021-12-19 00:00:10,966] {logging_mixin.py:109} INFO - [2021-12-19 00:00:10,965] {dag.py:2928} INFO - Setting next_dagrun for example_kubernetes_executor to None
[2021-12-19 00:00:10,975] {processor.py:171} INFO - Processing /home/airflow/.local/lib/python3.7/site-packages/airflow/example_dags/example_kubernetes_executor.py took 0.072 seconds
[2021-12-19 00:00:41,758] {processor.py:163} INFO - Started process (PID=31985) to work on /home/airflow/.local/lib/python3.7/site-packages/airflow/example_dags/example_kubernetes_executor.py
[2021-12-19 00:00:41,760] {processor.py:625} INFO - Processing file /home/airflow/.local/lib/python3.7/site-packages/airflow/example_dags/example_kubernetes_executor.py for tasks to queue
[2021-12-19 00:00:41,760] {logging_mixin.py:109} INFO - [2021-12-19 00:00:41,760] {dagbag.py:500} INFO - Filling up the DagBag from /home/airflow/.local/lib/python3.7/site-packages/airflow/example_dags/example_kubernetes_executor.py
[2021-12-19 00:00:41,785] {processor.py:637} INFO - DAG(s) dict_keys(['example_kubernetes_executor']) retrieved from /home/airflow/.local/lib/python3.7/site-packages/airflow/example_dags/example_kubernetes_executor.py
[2021-12-19 00:00:41,797] {logging_mixin.py:109} INFO - [2021-12-19 00:00:41,797] {dag.py:2396} INFO - Sync 1 DAGs
[2021-12-19 00:00:41,814] {logging_mixin.py:109} INFO - [2021-12-19 00:00:41,814] {dag.py:2928} INFO - Setting next_dagrun for example_kubernetes_executor to None
[2021-12-19 00:00:41,826] {processor.py:171} INFO - Processing /home/airflow/.local/lib/python3.7/site-packages/airflow/example_dags/example_kubernetes_executor.py took 0.070 seconds
[2021-12-19 00:01:12,136] {processor.py:163} INFO - Started process (PID=32056) to work on /home/airflow/.local/lib/python3.7/site-packages/airflow/example_dags/example_kubernetes_executor.py
[2021-12-19 00:01:12,138] {processor.py:625} INFO - Processing file /home/airflow/.local/lib/python3.7/site-packages/airflow/example_dags/example_kubernetes_executor.py for tasks to queue
[2021-12-19 00:01:12,139] {logging_mixin.py:109} INFO - [2021-12-19 00:01:12,139] {dagbag.py:500} INFO - Filling up the DagBag from /home/airflow/.local/lib/python3.7/site-packages/airflow/example_dags/example_kubernetes_executor.py
[2021-12-19 00:01:12,173] {processor.py:637} INFO - DAG(s) dict_keys(['example_kubernetes_executor']) retrieved from /home/airflow/.local/lib/python3.7/site-packages/airflow/example_dags/example_kubernetes_executor.py
[2021-12-19 00:01:12,187] {logging_mixin.py:109} INFO - [2021-12-19 00:01:12,187] {dag.py:2396} INFO - Sync 1 DAGs
[2021-12-19 00:01:12,208] {logging_mixin.py:109} INFO - [2021-12-19 00:01:12,207] {dag.py:2928} INFO - Setting next_dagrun for example_kubernetes_executor to None
[2021-12-19 00:01:12,220] {processor.py:171} INFO - Processing /home/airflow/.local/lib/python3.7/site-packages/airflow/example_dags/example_kubernetes_executor.py took 0.088 seconds
[2021-12-19 00:01:42,615] {processor.py:163} INFO - Started process (PID=32116) to work on /home/airflow/.local/lib/python3.7/site-packages/airflow/example_dags/example_kubernetes_executor.py
[2021-12-19 00:01:42,617] {processor.py:625} INFO - Processing file /home/airflow/.local/lib/python3.7/site-packages/airflow/example_dags/example_kubernetes_executor.py for tasks to queue
[2021-12-19 00:01:42,617] {logging_mixin.py:109} INFO - [2021-12-19 00:01:42,617] {dagbag.py:500} INFO - Filling up the DagBag from /home/airflow/.local/lib/python3.7/site-packages/airflow/example_dags/example_kubernetes_executor.py
[2021-12-19 00:01:42,641] {processor.py:637} INFO - DAG(s) dict_keys(['example_kubernetes_executor']) retrieved from /home/airflow/.local/lib/python3.7/site-packages/airflow/example_dags/example_kubernetes_executor.py
[2021-12-19 00:01:42,650] {logging_mixin.py:109} INFO - [2021-12-19 00:01:42,650] {dag.py:2396} INFO - Sync 1 DAGs
[2021-12-19 00:01:42,664] {logging_mixin.py:109} INFO - [2021-12-19 00:01:42,664] {dag.py:2928} INFO - Setting next_dagrun for example_kubernetes_executor to None
[2021-12-19 00:01:42,676] {processor.py:171} INFO - Processing /home/airflow/.local/lib/python3.7/site-packages/airflow/example_dags/example_kubernetes_executor.py took 0.063 seconds
[2021-12-19 00:02:13,068] {processor.py:163} INFO - Started process (PID=32187) to work on /home/airflow/.local/lib/python3.7/site-packages/airflow/example_dags/example_kubernetes_executor.py
[2021-12-19 00:02:13,070] {processor.py:625} INFO - Processing file /home/airflow/.local/lib/python3.7/site-packages/airflow/example_dags/example_kubernetes_executor.py for tasks to queue
[2021-12-19 00:02:13,071] {logging_mixin.py:109} INFO - [2021-12-19 00:02:13,071] {dagbag.py:500} INFO - Filling up the DagBag from /home/airflow/.local/lib/python3.7/site-packages/airflow/example_dags/example_kubernetes_executor.py
[2021-12-19 00:02:13,105] {processor.py:637} INFO - DAG(s) dict_keys(['example_kubernetes_executor']) retrieved from /home/airflow/.local/lib/python3.7/site-packages/airflow/example_dags/example_kubernetes_executor.py
[2021-12-19 00:02:13,115] {logging_mixin.py:109} INFO - [2021-12-19 00:02:13,115] {dag.py:2396} INFO - Sync 1 DAGs
[2021-12-19 00:02:13,134] {logging_mixin.py:109} INFO - [2021-12-19 00:02:13,134] {dag.py:2928} INFO - Setting next_dagrun for example_kubernetes_executor to None
[2021-12-19 00:02:13,145] {processor.py:171} INFO - Processing /home/airflow/.local/lib/python3.7/site-packages/airflow/example_dags/example_kubernetes_executor.py took 0.081 seconds
[2021-12-19 00:02:43,799] {processor.py:163} INFO - Started process (PID=32248) to work on /home/airflow/.local/lib/python3.7/site-packages/airflow/example_dags/example_kubernetes_executor.py
[2021-12-19 00:02:43,800] {processor.py:625} INFO - Processing file /home/airflow/.local/lib/python3.7/site-packages/airflow/example_dags/example_kubernetes_executor.py for tasks to queue
[2021-12-19 00:02:43,801] {logging_mixin.py:109} INFO - [2021-12-19 00:02:43,801] {dagbag.py:500} INFO - Filling up the DagBag from /home/airflow/.local/lib/python3.7/site-packages/airflow/example_dags/example_kubernetes_executor.py
[2021-12-19 00:02:43,824] {processor.py:637} INFO - DAG(s) dict_keys(['example_kubernetes_executor']) retrieved from /home/airflow/.local/lib/python3.7/site-packages/airflow/example_dags/example_kubernetes_executor.py
[2021-12-19 00:02:43,833] {logging_mixin.py:109} INFO - [2021-12-19 00:02:43,833] {dag.py:2396} INFO - Sync 1 DAGs
[2021-12-19 00:02:43,846] {logging_mixin.py:109} INFO - [2021-12-19 00:02:43,846] {dag.py:2928} INFO - Setting next_dagrun for example_kubernetes_executor to None
[2021-12-19 00:02:43,858] {processor.py:171} INFO - Processing /home/airflow/.local/lib/python3.7/site-packages/airflow/example_dags/example_kubernetes_executor.py took 0.062 seconds
[2021-12-19 00:03:14,322] {processor.py:163} INFO - Started process (PID=32314) to work on /home/airflow/.local/lib/python3.7/site-packages/airflow/example_dags/example_kubernetes_executor.py
[2021-12-19 00:03:14,323] {processor.py:625} INFO - Processing file /home/airflow/.local/lib/python3.7/site-packages/airflow/example_dags/example_kubernetes_executor.py for tasks to queue
[2021-12-19 00:03:14,324] {logging_mixin.py:109} INFO - [2021-12-19 00:03:14,324] {dagbag.py:500} INFO - Filling up the DagBag from /home/airflow/.local/lib/python3.7/site-packages/airflow/example_dags/example_kubernetes_executor.py
[2021-12-19 00:03:14,355] {processor.py:637} INFO - DAG(s) dict_keys(['example_kubernetes_executor']) retrieved from /home/airflow/.local/lib/python3.7/site-packages/airflow/example_dags/example_kubernetes_executor.py
[2021-12-19 00:03:14,367] {logging_mixin.py:109} INFO - [2021-12-19 00:03:14,367] {dag.py:2396} INFO - Sync 1 DAGs
[2021-12-19 00:03:14,387] {logging_mixin.py:109} INFO - [2021-12-19 00:03:14,387] {dag.py:2928} INFO - Setting next_dagrun for example_kubernetes_executor to None
[2021-12-19 00:03:14,399] {processor.py:171} INFO - Processing /home/airflow/.local/lib/python3.7/site-packages/airflow/example_dags/example_kubernetes_executor.py took 0.081 seconds
[2021-12-19 00:03:45,050] {processor.py:163} INFO - Started process (PID=32378) to work on /home/airflow/.local/lib/python3.7/site-packages/airflow/example_dags/example_kubernetes_executor.py
[2021-12-19 00:03:45,052] {processor.py:625} INFO - Processing file /home/airflow/.local/lib/python3.7/site-packages/airflow/example_dags/example_kubernetes_executor.py for tasks to queue
[2021-12-19 00:03:45,052] {logging_mixin.py:109} INFO - [2021-12-19 00:03:45,052] {dagbag.py:500} INFO - Filling up the DagBag from /home/airflow/.local/lib/python3.7/site-packages/airflow/example_dags/example_kubernetes_executor.py
[2021-12-19 00:03:45,075] {processor.py:637} INFO - DAG(s) dict_keys(['example_kubernetes_executor']) retrieved from /home/airflow/.local/lib/python3.7/site-packages/airflow/example_dags/example_kubernetes_executor.py
[2021-12-19 00:03:45,085] {logging_mixin.py:109} INFO - [2021-12-19 00:03:45,085] {dag.py:2396} INFO - Sync 1 DAGs
[2021-12-19 00:03:45,099] {logging_mixin.py:109} INFO - [2021-12-19 00:03:45,099] {dag.py:2928} INFO - Setting next_dagrun for example_kubernetes_executor to None
[2021-12-19 00:03:45,111] {processor.py:171} INFO - Processing /home/airflow/.local/lib/python3.7/site-packages/airflow/example_dags/example_kubernetes_executor.py took 0.063 seconds
[2021-12-19 00:04:15,381] {processor.py:163} INFO - Started process (PID=32439) to work on /home/airflow/.local/lib/python3.7/site-packages/airflow/example_dags/example_kubernetes_executor.py
[2021-12-19 00:04:15,383] {processor.py:625} INFO - Processing file /home/airflow/.local/lib/python3.7/site-packages/airflow/example_dags/example_kubernetes_executor.py for tasks to queue
[2021-12-19 00:04:15,385] {logging_mixin.py:109} INFO - [2021-12-19 00:04:15,384] {dagbag.py:500} INFO - Filling up the DagBag from /home/airflow/.local/lib/python3.7/site-packages/airflow/example_dags/example_kubernetes_executor.py
[2021-12-19 00:04:15,419] {processor.py:637} INFO - DAG(s) dict_keys(['example_kubernetes_executor']) retrieved from /home/airflow/.local/lib/python3.7/site-packages/airflow/example_dags/example_kubernetes_executor.py
[2021-12-19 00:04:15,431] {logging_mixin.py:109} INFO - [2021-12-19 00:04:15,430] {dag.py:2396} INFO - Sync 1 DAGs
[2021-12-19 00:04:15,447] {logging_mixin.py:109} INFO - [2021-12-19 00:04:15,447] {dag.py:2928} INFO - Setting next_dagrun for example_kubernetes_executor to None
[2021-12-19 00:04:15,457] {processor.py:171} INFO - Processing /home/airflow/.local/lib/python3.7/site-packages/airflow/example_dags/example_kubernetes_executor.py took 0.080 seconds
[2021-12-19 00:04:45,661] {processor.py:163} INFO - Started process (PID=32510) to work on /home/airflow/.local/lib/python3.7/site-packages/airflow/example_dags/example_kubernetes_executor.py
[2021-12-19 00:04:45,662] {processor.py:625} INFO - Processing file /home/airflow/.local/lib/python3.7/site-packages/airflow/example_dags/example_kubernetes_executor.py for tasks to queue
[2021-12-19 00:04:45,664] {logging_mixin.py:109} INFO - [2021-12-19 00:04:45,664] {dagbag.py:500} INFO - Filling up the DagBag from /home/airflow/.local/lib/python3.7/site-packages/airflow/example_dags/example_kubernetes_executor.py
[2021-12-19 00:04:45,694] {processor.py:637} INFO - DAG(s) dict_keys(['example_kubernetes_executor']) retrieved from /home/airflow/.local/lib/python3.7/site-packages/airflow/example_dags/example_kubernetes_executor.py
[2021-12-19 00:04:45,703] {logging_mixin.py:109} INFO - [2021-12-19 00:04:45,703] {dag.py:2396} INFO - Sync 1 DAGs
[2021-12-19 00:04:45,716] {logging_mixin.py:109} INFO - [2021-12-19 00:04:45,716] {dag.py:2928} INFO - Setting next_dagrun for example_kubernetes_executor to None
[2021-12-19 00:04:45,729] {processor.py:171} INFO - Processing /home/airflow/.local/lib/python3.7/site-packages/airflow/example_dags/example_kubernetes_executor.py took 0.070 seconds
[2021-12-19 00:05:16,514] {processor.py:163} INFO - Started process (PID=32572) to work on /home/airflow/.local/lib/python3.7/site-packages/airflow/example_dags/example_kubernetes_executor.py
[2021-12-19 00:05:16,516] {processor.py:625} INFO - Processing file /home/airflow/.local/lib/python3.7/site-packages/airflow/example_dags/example_kubernetes_executor.py for tasks to queue
[2021-12-19 00:05:16,516] {logging_mixin.py:109} INFO - [2021-12-19 00:05:16,516] {dagbag.py:500} INFO - Filling up the DagBag from /home/airflow/.local/lib/python3.7/site-packages/airflow/example_dags/example_kubernetes_executor.py
[2021-12-19 00:05:16,543] {processor.py:637} INFO - DAG(s) dict_keys(['example_kubernetes_executor']) retrieved from /home/airflow/.local/lib/python3.7/site-packages/airflow/example_dags/example_kubernetes_executor.py
[2021-12-19 00:05:16,554] {logging_mixin.py:109} INFO - [2021-12-19 00:05:16,554] {dag.py:2396} INFO - Sync 1 DAGs
[2021-12-19 00:05:16,569] {logging_mixin.py:109} INFO - [2021-12-19 00:05:16,569] {dag.py:2928} INFO - Setting next_dagrun for example_kubernetes_executor to None
[2021-12-19 00:05:16,581] {processor.py:171} INFO - Processing /home/airflow/.local/lib/python3.7/site-packages/airflow/example_dags/example_kubernetes_executor.py took 0.069 seconds
[2021-12-19 00:05:47,133] {processor.py:163} INFO - Started process (PID=32641) to work on /home/airflow/.local/lib/python3.7/site-packages/airflow/example_dags/example_kubernetes_executor.py
[2021-12-19 00:05:47,134] {processor.py:625} INFO - Processing file /home/airflow/.local/lib/python3.7/site-packages/airflow/example_dags/example_kubernetes_executor.py for tasks to queue
[2021-12-19 00:05:47,136] {logging_mixin.py:109} INFO - [2021-12-19 00:05:47,136] {dagbag.py:500} INFO - Filling up the DagBag from /home/airflow/.local/lib/python3.7/site-packages/airflow/example_dags/example_kubernetes_executor.py
[2021-12-19 00:05:47,169] {processor.py:637} INFO - DAG(s) dict_keys(['example_kubernetes_executor']) retrieved from /home/airflow/.local/lib/python3.7/site-packages/airflow/example_dags/example_kubernetes_executor.py
[2021-12-19 00:05:47,182] {logging_mixin.py:109} INFO - [2021-12-19 00:05:47,182] {dag.py:2396} INFO - Sync 1 DAGs
[2021-12-19 00:05:47,200] {logging_mixin.py:109} INFO - [2021-12-19 00:05:47,200] {dag.py:2928} INFO - Setting next_dagrun for example_kubernetes_executor to None
[2021-12-19 00:05:47,211] {processor.py:171} INFO - Processing /home/airflow/.local/lib/python3.7/site-packages/airflow/example_dags/example_kubernetes_executor.py took 0.083 seconds
[2021-12-19 00:06:17,510] {processor.py:163} INFO - Started process (PID=32703) to work on /home/airflow/.local/lib/python3.7/site-packages/airflow/example_dags/example_kubernetes_executor.py
[2021-12-19 00:06:17,511] {processor.py:625} INFO - Processing file /home/airflow/.local/lib/python3.7/site-packages/airflow/example_dags/example_kubernetes_executor.py for tasks to queue
[2021-12-19 00:06:17,512] {logging_mixin.py:109} INFO - [2021-12-19 00:06:17,512] {dagbag.py:500} INFO - Filling up the DagBag from /home/airflow/.local/lib/python3.7/site-packages/airflow/example_dags/example_kubernetes_executor.py
[2021-12-19 00:06:17,536] {processor.py:637} INFO - DAG(s) dict_keys(['example_kubernetes_executor']) retrieved from /home/airflow/.local/lib/python3.7/site-packages/airflow/example_dags/example_kubernetes_executor.py
[2021-12-19 00:06:17,546] {logging_mixin.py:109} INFO - [2021-12-19 00:06:17,546] {dag.py:2396} INFO - Sync 1 DAGs
[2021-12-19 00:06:17,560] {logging_mixin.py:109} INFO - [2021-12-19 00:06:17,560] {dag.py:2928} INFO - Setting next_dagrun for example_kubernetes_executor to None
[2021-12-19 00:06:17,571] {processor.py:171} INFO - Processing /home/airflow/.local/lib/python3.7/site-packages/airflow/example_dags/example_kubernetes_executor.py took 0.064 seconds
[2021-12-19 00:06:48,509] {processor.py:163} INFO - Started process (PID=308) to work on /home/airflow/.local/lib/python3.7/site-packages/airflow/example_dags/example_kubernetes_executor.py
[2021-12-19 00:06:48,510] {processor.py:625} INFO - Processing file /home/airflow/.local/lib/python3.7/site-packages/airflow/example_dags/example_kubernetes_executor.py for tasks to queue
[2021-12-19 00:06:48,511] {logging_mixin.py:109} INFO - [2021-12-19 00:06:48,511] {dagbag.py:500} INFO - Filling up the DagBag from /home/airflow/.local/lib/python3.7/site-packages/airflow/example_dags/example_kubernetes_executor.py
[2021-12-19 00:06:48,540] {processor.py:637} INFO - DAG(s) dict_keys(['example_kubernetes_executor']) retrieved from /home/airflow/.local/lib/python3.7/site-packages/airflow/example_dags/example_kubernetes_executor.py
[2021-12-19 00:06:48,552] {logging_mixin.py:109} INFO - [2021-12-19 00:06:48,552] {dag.py:2396} INFO - Sync 1 DAGs
[2021-12-19 00:06:48,574] {logging_mixin.py:109} INFO - [2021-12-19 00:06:48,574] {dag.py:2928} INFO - Setting next_dagrun for example_kubernetes_executor to None
[2021-12-19 00:06:48,585] {processor.py:171} INFO - Processing /home/airflow/.local/lib/python3.7/site-packages/airflow/example_dags/example_kubernetes_executor.py took 0.079 seconds
[2021-12-19 00:07:19,002] {processor.py:163} INFO - Started process (PID=369) to work on /home/airflow/.local/lib/python3.7/site-packages/airflow/example_dags/example_kubernetes_executor.py
[2021-12-19 00:07:19,003] {processor.py:625} INFO - Processing file /home/airflow/.local/lib/python3.7/site-packages/airflow/example_dags/example_kubernetes_executor.py for tasks to queue
[2021-12-19 00:07:19,005] {logging_mixin.py:109} INFO - [2021-12-19 00:07:19,004] {dagbag.py:500} INFO - Filling up the DagBag from /home/airflow/.local/lib/python3.7/site-packages/airflow/example_dags/example_kubernetes_executor.py
[2021-12-19 00:07:19,039] {processor.py:637} INFO - DAG(s) dict_keys(['example_kubernetes_executor']) retrieved from /home/airflow/.local/lib/python3.7/site-packages/airflow/example_dags/example_kubernetes_executor.py
[2021-12-19 00:07:19,052] {logging_mixin.py:109} INFO - [2021-12-19 00:07:19,052] {dag.py:2396} INFO - Sync 1 DAGs
[2021-12-19 00:07:19,070] {logging_mixin.py:109} INFO - [2021-12-19 00:07:19,070] {dag.py:2928} INFO - Setting next_dagrun for example_kubernetes_executor to None
[2021-12-19 00:07:19,080] {processor.py:171} INFO - Processing /home/airflow/.local/lib/python3.7/site-packages/airflow/example_dags/example_kubernetes_executor.py took 0.084 seconds
[2021-12-19 00:07:49,322] {processor.py:163} INFO - Started process (PID=430) to work on /home/airflow/.local/lib/python3.7/site-packages/airflow/example_dags/example_kubernetes_executor.py
[2021-12-19 00:07:49,323] {processor.py:625} INFO - Processing file /home/airflow/.local/lib/python3.7/site-packages/airflow/example_dags/example_kubernetes_executor.py for tasks to queue
[2021-12-19 00:07:49,324] {logging_mixin.py:109} INFO - [2021-12-19 00:07:49,324] {dagbag.py:500} INFO - Filling up the DagBag from /home/airflow/.local/lib/python3.7/site-packages/airflow/example_dags/example_kubernetes_executor.py
[2021-12-19 00:07:49,349] {processor.py:637} INFO - DAG(s) dict_keys(['example_kubernetes_executor']) retrieved from /home/airflow/.local/lib/python3.7/site-packages/airflow/example_dags/example_kubernetes_executor.py
[2021-12-19 00:07:49,359] {logging_mixin.py:109} INFO - [2021-12-19 00:07:49,359] {dag.py:2396} INFO - Sync 1 DAGs
[2021-12-19 00:07:49,374] {logging_mixin.py:109} INFO - [2021-12-19 00:07:49,374] {dag.py:2928} INFO - Setting next_dagrun for example_kubernetes_executor to None
[2021-12-19 00:07:49,383] {processor.py:171} INFO - Processing /home/airflow/.local/lib/python3.7/site-packages/airflow/example_dags/example_kubernetes_executor.py took 0.064 seconds
[2021-12-19 00:08:19,995] {processor.py:163} INFO - Started process (PID=500) to work on /home/airflow/.local/lib/python3.7/site-packages/airflow/example_dags/example_kubernetes_executor.py
[2021-12-19 00:08:19,997] {processor.py:625} INFO - Processing file /home/airflow/.local/lib/python3.7/site-packages/airflow/example_dags/example_kubernetes_executor.py for tasks to queue
[2021-12-19 00:08:19,998] {logging_mixin.py:109} INFO - [2021-12-19 00:08:19,998] {dagbag.py:500} INFO - Filling up the DagBag from /home/airflow/.local/lib/python3.7/site-packages/airflow/example_dags/example_kubernetes_executor.py
[2021-12-19 00:08:20,024] {processor.py:637} INFO - DAG(s) dict_keys(['example_kubernetes_executor']) retrieved from /home/airflow/.local/lib/python3.7/site-packages/airflow/example_dags/example_kubernetes_executor.py
[2021-12-19 00:08:20,035] {logging_mixin.py:109} INFO - [2021-12-19 00:08:20,035] {dag.py:2396} INFO - Sync 1 DAGs
[2021-12-19 00:08:20,055] {logging_mixin.py:109} INFO - [2021-12-19 00:08:20,055] {dag.py:2928} INFO - Setting next_dagrun for example_kubernetes_executor to None
[2021-12-19 00:08:20,067] {processor.py:171} INFO - Processing /home/airflow/.local/lib/python3.7/site-packages/airflow/example_dags/example_kubernetes_executor.py took 0.075 seconds
[2021-12-19 00:08:50,798] {processor.py:163} INFO - Started process (PID=562) to work on /home/airflow/.local/lib/python3.7/site-packages/airflow/example_dags/example_kubernetes_executor.py
[2021-12-19 00:08:50,800] {processor.py:625} INFO - Processing file /home/airflow/.local/lib/python3.7/site-packages/airflow/example_dags/example_kubernetes_executor.py for tasks to queue
[2021-12-19 00:08:50,801] {logging_mixin.py:109} INFO - [2021-12-19 00:08:50,801] {dagbag.py:500} INFO - Filling up the DagBag from /home/airflow/.local/lib/python3.7/site-packages/airflow/example_dags/example_kubernetes_executor.py
[2021-12-19 00:08:50,825] {processor.py:637} INFO - DAG(s) dict_keys(['example_kubernetes_executor']) retrieved from /home/airflow/.local/lib/python3.7/site-packages/airflow/example_dags/example_kubernetes_executor.py
[2021-12-19 00:08:50,834] {logging_mixin.py:109} INFO - [2021-12-19 00:08:50,834] {dag.py:2396} INFO - Sync 1 DAGs
[2021-12-19 00:08:50,847] {logging_mixin.py:109} INFO - [2021-12-19 00:08:50,847] {dag.py:2928} INFO - Setting next_dagrun for example_kubernetes_executor to None
[2021-12-19 00:08:50,859] {processor.py:171} INFO - Processing /home/airflow/.local/lib/python3.7/site-packages/airflow/example_dags/example_kubernetes_executor.py took 0.064 seconds
[2021-12-19 00:09:21,501] {processor.py:163} INFO - Started process (PID=633) to work on /home/airflow/.local/lib/python3.7/site-packages/airflow/example_dags/example_kubernetes_executor.py
[2021-12-19 00:09:21,502] {processor.py:625} INFO - Processing file /home/airflow/.local/lib/python3.7/site-packages/airflow/example_dags/example_kubernetes_executor.py for tasks to queue
[2021-12-19 00:09:21,503] {logging_mixin.py:109} INFO - [2021-12-19 00:09:21,503] {dagbag.py:500} INFO - Filling up the DagBag from /home/airflow/.local/lib/python3.7/site-packages/airflow/example_dags/example_kubernetes_executor.py
[2021-12-19 00:09:21,527] {processor.py:637} INFO - DAG(s) dict_keys(['example_kubernetes_executor']) retrieved from /home/airflow/.local/lib/python3.7/site-packages/airflow/example_dags/example_kubernetes_executor.py
[2021-12-19 00:09:21,536] {logging_mixin.py:109} INFO - [2021-12-19 00:09:21,536] {dag.py:2396} INFO - Sync 1 DAGs
[2021-12-19 00:09:21,550] {logging_mixin.py:109} INFO - [2021-12-19 00:09:21,550] {dag.py:2928} INFO - Setting next_dagrun for example_kubernetes_executor to None
[2021-12-19 00:09:21,559] {processor.py:171} INFO - Processing /home/airflow/.local/lib/python3.7/site-packages/airflow/example_dags/example_kubernetes_executor.py took 0.061 seconds
[2021-12-19 00:09:51,663] {processor.py:163} INFO - Started process (PID=694) to work on /home/airflow/.local/lib/python3.7/site-packages/airflow/example_dags/example_kubernetes_executor.py
[2021-12-19 00:09:51,665] {processor.py:625} INFO - Processing file /home/airflow/.local/lib/python3.7/site-packages/airflow/example_dags/example_kubernetes_executor.py for tasks to queue
[2021-12-19 00:09:51,665] {logging_mixin.py:109} INFO - [2021-12-19 00:09:51,665] {dagbag.py:500} INFO - Filling up the DagBag from /home/airflow/.local/lib/python3.7/site-packages/airflow/example_dags/example_kubernetes_executor.py
[2021-12-19 00:09:51,688] {processor.py:637} INFO - DAG(s) dict_keys(['example_kubernetes_executor']) retrieved from /home/airflow/.local/lib/python3.7/site-packages/airflow/example_dags/example_kubernetes_executor.py
[2021-12-19 00:09:51,698] {logging_mixin.py:109} INFO - [2021-12-19 00:09:51,698] {dag.py:2396} INFO - Sync 1 DAGs
[2021-12-19 00:09:51,712] {logging_mixin.py:109} INFO - [2021-12-19 00:09:51,711] {dag.py:2928} INFO - Setting next_dagrun for example_kubernetes_executor to None
[2021-12-19 00:09:51,722] {processor.py:171} INFO - Processing /home/airflow/.local/lib/python3.7/site-packages/airflow/example_dags/example_kubernetes_executor.py took 0.063 seconds
[2021-12-19 00:10:22,046] {processor.py:163} INFO - Started process (PID=765) to work on /home/airflow/.local/lib/python3.7/site-packages/airflow/example_dags/example_kubernetes_executor.py
[2021-12-19 00:10:22,048] {processor.py:625} INFO - Processing file /home/airflow/.local/lib/python3.7/site-packages/airflow/example_dags/example_kubernetes_executor.py for tasks to queue
[2021-12-19 00:10:22,048] {logging_mixin.py:109} INFO - [2021-12-19 00:10:22,048] {dagbag.py:500} INFO - Filling up the DagBag from /home/airflow/.local/lib/python3.7/site-packages/airflow/example_dags/example_kubernetes_executor.py
[2021-12-19 00:10:22,078] {processor.py:637} INFO - DAG(s) dict_keys(['example_kubernetes_executor']) retrieved from /home/airflow/.local/lib/python3.7/site-packages/airflow/example_dags/example_kubernetes_executor.py
[2021-12-19 00:10:22,088] {logging_mixin.py:109} INFO - [2021-12-19 00:10:22,088] {dag.py:2396} INFO - Sync 1 DAGs
[2021-12-19 00:10:22,104] {logging_mixin.py:109} INFO - [2021-12-19 00:10:22,103] {dag.py:2928} INFO - Setting next_dagrun for example_kubernetes_executor to None
[2021-12-19 00:10:22,117] {processor.py:171} INFO - Processing /home/airflow/.local/lib/python3.7/site-packages/airflow/example_dags/example_kubernetes_executor.py took 0.074 seconds
[2021-12-19 00:10:52,654] {processor.py:163} INFO - Started process (PID=827) to work on /home/airflow/.local/lib/python3.7/site-packages/airflow/example_dags/example_kubernetes_executor.py
[2021-12-19 00:10:52,656] {processor.py:625} INFO - Processing file /home/airflow/.local/lib/python3.7/site-packages/airflow/example_dags/example_kubernetes_executor.py for tasks to queue
[2021-12-19 00:10:52,657] {logging_mixin.py:109} INFO - [2021-12-19 00:10:52,657] {dagbag.py:500} INFO - Filling up the DagBag from /home/airflow/.local/lib/python3.7/site-packages/airflow/example_dags/example_kubernetes_executor.py
[2021-12-19 00:10:52,686] {processor.py:637} INFO - DAG(s) dict_keys(['example_kubernetes_executor']) retrieved from /home/airflow/.local/lib/python3.7/site-packages/airflow/example_dags/example_kubernetes_executor.py
[2021-12-19 00:10:52,697] {logging_mixin.py:109} INFO - [2021-12-19 00:10:52,697] {dag.py:2396} INFO - Sync 1 DAGs
[2021-12-19 00:10:52,711] {logging_mixin.py:109} INFO - [2021-12-19 00:10:52,711] {dag.py:2928} INFO - Setting next_dagrun for example_kubernetes_executor to None
[2021-12-19 00:10:52,720] {processor.py:171} INFO - Processing /home/airflow/.local/lib/python3.7/site-packages/airflow/example_dags/example_kubernetes_executor.py took 0.069 seconds
[2021-12-19 00:11:23,266] {processor.py:163} INFO - Started process (PID=896) to work on /home/airflow/.local/lib/python3.7/site-packages/airflow/example_dags/example_kubernetes_executor.py
[2021-12-19 00:11:23,267] {processor.py:625} INFO - Processing file /home/airflow/.local/lib/python3.7/site-packages/airflow/example_dags/example_kubernetes_executor.py for tasks to queue
[2021-12-19 00:11:23,268] {logging_mixin.py:109} INFO - [2021-12-19 00:11:23,268] {dagbag.py:500} INFO - Filling up the DagBag from /home/airflow/.local/lib/python3.7/site-packages/airflow/example_dags/example_kubernetes_executor.py
[2021-12-19 00:11:23,297] {processor.py:637} INFO - DAG(s) dict_keys(['example_kubernetes_executor']) retrieved from /home/airflow/.local/lib/python3.7/site-packages/airflow/example_dags/example_kubernetes_executor.py
[2021-12-19 00:11:23,307] {logging_mixin.py:109} INFO - [2021-12-19 00:11:23,306] {dag.py:2396} INFO - Sync 1 DAGs
[2021-12-19 00:11:23,325] {logging_mixin.py:109} INFO - [2021-12-19 00:11:23,325] {dag.py:2928} INFO - Setting next_dagrun for example_kubernetes_executor to None
[2021-12-19 00:11:23,336] {processor.py:171} INFO - Processing /home/airflow/.local/lib/python3.7/site-packages/airflow/example_dags/example_kubernetes_executor.py took 0.073 seconds
[2021-12-19 00:11:53,893] {processor.py:163} INFO - Started process (PID=960) to work on /home/airflow/.local/lib/python3.7/site-packages/airflow/example_dags/example_kubernetes_executor.py
[2021-12-19 00:11:53,894] {processor.py:625} INFO - Processing file /home/airflow/.local/lib/python3.7/site-packages/airflow/example_dags/example_kubernetes_executor.py for tasks to queue
[2021-12-19 00:11:53,895] {logging_mixin.py:109} INFO - [2021-12-19 00:11:53,895] {dagbag.py:500} INFO - Filling up the DagBag from /home/airflow/.local/lib/python3.7/site-packages/airflow/example_dags/example_kubernetes_executor.py
[2021-12-19 00:11:53,919] {processor.py:637} INFO - DAG(s) dict_keys(['example_kubernetes_executor']) retrieved from /home/airflow/.local/lib/python3.7/site-packages/airflow/example_dags/example_kubernetes_executor.py
[2021-12-19 00:11:53,928] {logging_mixin.py:109} INFO - [2021-12-19 00:11:53,928] {dag.py:2396} INFO - Sync 1 DAGs
[2021-12-19 00:11:53,941] {logging_mixin.py:109} INFO - [2021-12-19 00:11:53,941] {dag.py:2928} INFO - Setting next_dagrun for example_kubernetes_executor to None
[2021-12-19 00:11:53,953] {processor.py:171} INFO - Processing /home/airflow/.local/lib/python3.7/site-packages/airflow/example_dags/example_kubernetes_executor.py took 0.063 seconds
[2021-12-19 00:12:24,547] {processor.py:163} INFO - Started process (PID=1022) to work on /home/airflow/.local/lib/python3.7/site-packages/airflow/example_dags/example_kubernetes_executor.py
[2021-12-19 00:12:24,548] {processor.py:625} INFO - Processing file /home/airflow/.local/lib/python3.7/site-packages/airflow/example_dags/example_kubernetes_executor.py for tasks to queue
[2021-12-19 00:12:24,549] {logging_mixin.py:109} INFO - [2021-12-19 00:12:24,549] {dagbag.py:500} INFO - Filling up the DagBag from /home/airflow/.local/lib/python3.7/site-packages/airflow/example_dags/example_kubernetes_executor.py
[2021-12-19 00:12:24,572] {processor.py:637} INFO - DAG(s) dict_keys(['example_kubernetes_executor']) retrieved from /home/airflow/.local/lib/python3.7/site-packages/airflow/example_dags/example_kubernetes_executor.py
[2021-12-19 00:12:24,581] {logging_mixin.py:109} INFO - [2021-12-19 00:12:24,581] {dag.py:2396} INFO - Sync 1 DAGs
[2021-12-19 00:12:24,594] {logging_mixin.py:109} INFO - [2021-12-19 00:12:24,594] {dag.py:2928} INFO - Setting next_dagrun for example_kubernetes_executor to None
[2021-12-19 00:12:24,606] {processor.py:171} INFO - Processing /home/airflow/.local/lib/python3.7/site-packages/airflow/example_dags/example_kubernetes_executor.py took 0.063 seconds
[2021-12-19 00:12:55,137] {processor.py:163} INFO - Started process (PID=1091) to work on /home/airflow/.local/lib/python3.7/site-packages/airflow/example_dags/example_kubernetes_executor.py
[2021-12-19 00:12:55,138] {processor.py:625} INFO - Processing file /home/airflow/.local/lib/python3.7/site-packages/airflow/example_dags/example_kubernetes_executor.py for tasks to queue
[2021-12-19 00:12:55,139] {logging_mixin.py:109} INFO - [2021-12-19 00:12:55,139] {dagbag.py:500} INFO - Filling up the DagBag from /home/airflow/.local/lib/python3.7/site-packages/airflow/example_dags/example_kubernetes_executor.py
[2021-12-19 00:12:55,162] {processor.py:637} INFO - DAG(s) dict_keys(['example_kubernetes_executor']) retrieved from /home/airflow/.local/lib/python3.7/site-packages/airflow/example_dags/example_kubernetes_executor.py
[2021-12-19 00:12:55,172] {logging_mixin.py:109} INFO - [2021-12-19 00:12:55,172] {dag.py:2396} INFO - Sync 1 DAGs
[2021-12-19 00:12:55,184] {logging_mixin.py:109} INFO - [2021-12-19 00:12:55,184] {dag.py:2928} INFO - Setting next_dagrun for example_kubernetes_executor to None
[2021-12-19 00:12:55,195] {processor.py:171} INFO - Processing /home/airflow/.local/lib/python3.7/site-packages/airflow/example_dags/example_kubernetes_executor.py took 0.061 seconds
[2021-12-19 00:13:25,625] {processor.py:163} INFO - Started process (PID=1152) to work on /home/airflow/.local/lib/python3.7/site-packages/airflow/example_dags/example_kubernetes_executor.py
[2021-12-19 00:13:25,626] {processor.py:625} INFO - Processing file /home/airflow/.local/lib/python3.7/site-packages/airflow/example_dags/example_kubernetes_executor.py for tasks to queue
[2021-12-19 00:13:25,627] {logging_mixin.py:109} INFO - [2021-12-19 00:13:25,627] {dagbag.py:500} INFO - Filling up the DagBag from /home/airflow/.local/lib/python3.7/site-packages/airflow/example_dags/example_kubernetes_executor.py
[2021-12-19 00:13:25,652] {processor.py:637} INFO - DAG(s) dict_keys(['example_kubernetes_executor']) retrieved from /home/airflow/.local/lib/python3.7/site-packages/airflow/example_dags/example_kubernetes_executor.py
[2021-12-19 00:13:25,663] {logging_mixin.py:109} INFO - [2021-12-19 00:13:25,663] {dag.py:2396} INFO - Sync 1 DAGs
[2021-12-19 00:13:25,679] {logging_mixin.py:109} INFO - [2021-12-19 00:13:25,679] {dag.py:2928} INFO - Setting next_dagrun for example_kubernetes_executor to None
[2021-12-19 00:13:25,690] {processor.py:171} INFO - Processing /home/airflow/.local/lib/python3.7/site-packages/airflow/example_dags/example_kubernetes_executor.py took 0.068 seconds
[2021-12-19 00:13:56,338] {processor.py:163} INFO - Started process (PID=1224) to work on /home/airflow/.local/lib/python3.7/site-packages/airflow/example_dags/example_kubernetes_executor.py
[2021-12-19 00:13:56,340] {processor.py:625} INFO - Processing file /home/airflow/.local/lib/python3.7/site-packages/airflow/example_dags/example_kubernetes_executor.py for tasks to queue
[2021-12-19 00:13:56,340] {logging_mixin.py:109} INFO - [2021-12-19 00:13:56,340] {dagbag.py:500} INFO - Filling up the DagBag from /home/airflow/.local/lib/python3.7/site-packages/airflow/example_dags/example_kubernetes_executor.py
[2021-12-19 00:13:56,366] {processor.py:637} INFO - DAG(s) dict_keys(['example_kubernetes_executor']) retrieved from /home/airflow/.local/lib/python3.7/site-packages/airflow/example_dags/example_kubernetes_executor.py
[2021-12-19 00:13:56,377] {logging_mixin.py:109} INFO - [2021-12-19 00:13:56,377] {dag.py:2396} INFO - Sync 1 DAGs
[2021-12-19 00:13:56,393] {logging_mixin.py:109} INFO - [2021-12-19 00:13:56,393] {dag.py:2928} INFO - Setting next_dagrun for example_kubernetes_executor to None
[2021-12-19 00:13:56,406] {processor.py:171} INFO - Processing /home/airflow/.local/lib/python3.7/site-packages/airflow/example_dags/example_kubernetes_executor.py took 0.071 seconds
[2021-12-19 00:14:26,934] {processor.py:163} INFO - Started process (PID=1287) to work on /home/airflow/.local/lib/python3.7/site-packages/airflow/example_dags/example_kubernetes_executor.py
[2021-12-19 00:14:26,936] {processor.py:625} INFO - Processing file /home/airflow/.local/lib/python3.7/site-packages/airflow/example_dags/example_kubernetes_executor.py for tasks to queue
[2021-12-19 00:14:26,937] {logging_mixin.py:109} INFO - [2021-12-19 00:14:26,937] {dagbag.py:500} INFO - Filling up the DagBag from /home/airflow/.local/lib/python3.7/site-packages/airflow/example_dags/example_kubernetes_executor.py
[2021-12-19 00:14:26,997] {processor.py:637} INFO - DAG(s) dict_keys(['example_kubernetes_executor']) retrieved from /home/airflow/.local/lib/python3.7/site-packages/airflow/example_dags/example_kubernetes_executor.py
[2021-12-19 00:14:27,008] {logging_mixin.py:109} INFO - [2021-12-19 00:14:27,008] {dag.py:2396} INFO - Sync 1 DAGs
[2021-12-19 00:14:27,030] {logging_mixin.py:109} INFO - [2021-12-19 00:14:27,030] {dag.py:2928} INFO - Setting next_dagrun for example_kubernetes_executor to None
[2021-12-19 00:14:27,046] {processor.py:171} INFO - Processing /home/airflow/.local/lib/python3.7/site-packages/airflow/example_dags/example_kubernetes_executor.py took 0.122 seconds
[2021-12-19 00:14:57,290] {processor.py:163} INFO - Started process (PID=1358) to work on /home/airflow/.local/lib/python3.7/site-packages/airflow/example_dags/example_kubernetes_executor.py
[2021-12-19 00:14:57,292] {processor.py:625} INFO - Processing file /home/airflow/.local/lib/python3.7/site-packages/airflow/example_dags/example_kubernetes_executor.py for tasks to queue
[2021-12-19 00:14:57,294] {logging_mixin.py:109} INFO - [2021-12-19 00:14:57,294] {dagbag.py:500} INFO - Filling up the DagBag from /home/airflow/.local/lib/python3.7/site-packages/airflow/example_dags/example_kubernetes_executor.py
[2021-12-19 00:14:57,333] {processor.py:637} INFO - DAG(s) dict_keys(['example_kubernetes_executor']) retrieved from /home/airflow/.local/lib/python3.7/site-packages/airflow/example_dags/example_kubernetes_executor.py
[2021-12-19 00:14:57,351] {logging_mixin.py:109} INFO - [2021-12-19 00:14:57,351] {dag.py:2396} INFO - Sync 1 DAGs
[2021-12-19 00:14:57,379] {logging_mixin.py:109} INFO - [2021-12-19 00:14:57,379] {dag.py:2928} INFO - Setting next_dagrun for example_kubernetes_executor to None
[2021-12-19 00:14:57,400] {processor.py:171} INFO - Processing /home/airflow/.local/lib/python3.7/site-packages/airflow/example_dags/example_kubernetes_executor.py took 0.114 seconds
[2021-12-19 00:15:27,475] {processor.py:163} INFO - Started process (PID=1420) to work on /home/airflow/.local/lib/python3.7/site-packages/airflow/example_dags/example_kubernetes_executor.py
[2021-12-19 00:15:27,476] {processor.py:625} INFO - Processing file /home/airflow/.local/lib/python3.7/site-packages/airflow/example_dags/example_kubernetes_executor.py for tasks to queue
[2021-12-19 00:15:27,477] {logging_mixin.py:109} INFO - [2021-12-19 00:15:27,477] {dagbag.py:500} INFO - Filling up the DagBag from /home/airflow/.local/lib/python3.7/site-packages/airflow/example_dags/example_kubernetes_executor.py
[2021-12-19 00:15:27,500] {processor.py:637} INFO - DAG(s) dict_keys(['example_kubernetes_executor']) retrieved from /home/airflow/.local/lib/python3.7/site-packages/airflow/example_dags/example_kubernetes_executor.py
[2021-12-19 00:15:27,509] {logging_mixin.py:109} INFO - [2021-12-19 00:15:27,509] {dag.py:2396} INFO - Sync 1 DAGs
[2021-12-19 00:15:27,523] {logging_mixin.py:109} INFO - [2021-12-19 00:15:27,523] {dag.py:2928} INFO - Setting next_dagrun for example_kubernetes_executor to None
[2021-12-19 00:15:27,534] {processor.py:171} INFO - Processing /home/airflow/.local/lib/python3.7/site-packages/airflow/example_dags/example_kubernetes_executor.py took 0.062 seconds
[2021-12-19 00:15:57,657] {processor.py:163} INFO - Started process (PID=1481) to work on /home/airflow/.local/lib/python3.7/site-packages/airflow/example_dags/example_kubernetes_executor.py
[2021-12-19 00:15:57,659] {processor.py:625} INFO - Processing file /home/airflow/.local/lib/python3.7/site-packages/airflow/example_dags/example_kubernetes_executor.py for tasks to queue
[2021-12-19 00:15:57,660] {logging_mixin.py:109} INFO - [2021-12-19 00:15:57,659] {dagbag.py:500} INFO - Filling up the DagBag from /home/airflow/.local/lib/python3.7/site-packages/airflow/example_dags/example_kubernetes_executor.py
[2021-12-19 00:15:57,716] {processor.py:637} INFO - DAG(s) dict_keys(['example_kubernetes_executor']) retrieved from /home/airflow/.local/lib/python3.7/site-packages/airflow/example_dags/example_kubernetes_executor.py
[2021-12-19 00:15:57,736] {logging_mixin.py:109} INFO - [2021-12-19 00:15:57,736] {dag.py:2396} INFO - Sync 1 DAGs
[2021-12-19 00:15:57,767] {logging_mixin.py:109} INFO - [2021-12-19 00:15:57,767] {dag.py:2928} INFO - Setting next_dagrun for example_kubernetes_executor to None
[2021-12-19 00:15:57,790] {processor.py:171} INFO - Processing /home/airflow/.local/lib/python3.7/site-packages/airflow/example_dags/example_kubernetes_executor.py took 0.137 seconds
[2021-12-19 00:16:28,240] {processor.py:163} INFO - Started process (PID=1552) to work on /home/airflow/.local/lib/python3.7/site-packages/airflow/example_dags/example_kubernetes_executor.py
[2021-12-19 00:16:28,241] {processor.py:625} INFO - Processing file /home/airflow/.local/lib/python3.7/site-packages/airflow/example_dags/example_kubernetes_executor.py for tasks to queue
[2021-12-19 00:16:28,242] {logging_mixin.py:109} INFO - [2021-12-19 00:16:28,242] {dagbag.py:500} INFO - Filling up the DagBag from /home/airflow/.local/lib/python3.7/site-packages/airflow/example_dags/example_kubernetes_executor.py
[2021-12-19 00:16:28,267] {processor.py:637} INFO - DAG(s) dict_keys(['example_kubernetes_executor']) retrieved from /home/airflow/.local/lib/python3.7/site-packages/airflow/example_dags/example_kubernetes_executor.py
[2021-12-19 00:16:28,276] {logging_mixin.py:109} INFO - [2021-12-19 00:16:28,276] {dag.py:2396} INFO - Sync 1 DAGs
[2021-12-19 00:16:28,290] {logging_mixin.py:109} INFO - [2021-12-19 00:16:28,289] {dag.py:2928} INFO - Setting next_dagrun for example_kubernetes_executor to None
[2021-12-19 00:16:28,300] {processor.py:171} INFO - Processing /home/airflow/.local/lib/python3.7/site-packages/airflow/example_dags/example_kubernetes_executor.py took 0.063 seconds
[2021-12-19 00:16:58,607] {processor.py:163} INFO - Started process (PID=1613) to work on /home/airflow/.local/lib/python3.7/site-packages/airflow/example_dags/example_kubernetes_executor.py
[2021-12-19 00:16:58,609] {processor.py:625} INFO - Processing file /home/airflow/.local/lib/python3.7/site-packages/airflow/example_dags/example_kubernetes_executor.py for tasks to queue
[2021-12-19 00:16:58,610] {logging_mixin.py:109} INFO - [2021-12-19 00:16:58,610] {dagbag.py:500} INFO - Filling up the DagBag from /home/airflow/.local/lib/python3.7/site-packages/airflow/example_dags/example_kubernetes_executor.py
[2021-12-19 00:16:58,632] {processor.py:637} INFO - DAG(s) dict_keys(['example_kubernetes_executor']) retrieved from /home/airflow/.local/lib/python3.7/site-packages/airflow/example_dags/example_kubernetes_executor.py
[2021-12-19 00:16:58,642] {logging_mixin.py:109} INFO - [2021-12-19 00:16:58,642] {dag.py:2396} INFO - Sync 1 DAGs
[2021-12-19 00:16:58,656] {logging_mixin.py:109} INFO - [2021-12-19 00:16:58,656] {dag.py:2928} INFO - Setting next_dagrun for example_kubernetes_executor to None
[2021-12-19 00:16:58,667] {processor.py:171} INFO - Processing /home/airflow/.local/lib/python3.7/site-packages/airflow/example_dags/example_kubernetes_executor.py took 0.062 seconds
[2021-12-19 00:17:28,829] {processor.py:163} INFO - Started process (PID=1684) to work on /home/airflow/.local/lib/python3.7/site-packages/airflow/example_dags/example_kubernetes_executor.py
[2021-12-19 00:17:28,831] {processor.py:625} INFO - Processing file /home/airflow/.local/lib/python3.7/site-packages/airflow/example_dags/example_kubernetes_executor.py for tasks to queue
[2021-12-19 00:17:28,833] {logging_mixin.py:109} INFO - [2021-12-19 00:17:28,832] {dagbag.py:500} INFO - Filling up the DagBag from /home/airflow/.local/lib/python3.7/site-packages/airflow/example_dags/example_kubernetes_executor.py
[2021-12-19 00:17:28,874] {processor.py:637} INFO - DAG(s) dict_keys(['example_kubernetes_executor']) retrieved from /home/airflow/.local/lib/python3.7/site-packages/airflow/example_dags/example_kubernetes_executor.py
[2021-12-19 00:17:28,890] {logging_mixin.py:109} INFO - [2021-12-19 00:17:28,890] {dag.py:2396} INFO - Sync 1 DAGs
[2021-12-19 00:17:28,911] {logging_mixin.py:109} INFO - [2021-12-19 00:17:28,911] {dag.py:2928} INFO - Setting next_dagrun for example_kubernetes_executor to None
[2021-12-19 00:17:28,923] {processor.py:171} INFO - Processing /home/airflow/.local/lib/python3.7/site-packages/airflow/example_dags/example_kubernetes_executor.py took 0.098 seconds
[2021-12-19 00:17:59,280] {processor.py:163} INFO - Started process (PID=1745) to work on /home/airflow/.local/lib/python3.7/site-packages/airflow/example_dags/example_kubernetes_executor.py
[2021-12-19 00:17:59,281] {processor.py:625} INFO - Processing file /home/airflow/.local/lib/python3.7/site-packages/airflow/example_dags/example_kubernetes_executor.py for tasks to queue
[2021-12-19 00:17:59,282] {logging_mixin.py:109} INFO - [2021-12-19 00:17:59,282] {dagbag.py:500} INFO - Filling up the DagBag from /home/airflow/.local/lib/python3.7/site-packages/airflow/example_dags/example_kubernetes_executor.py
[2021-12-19 00:17:59,318] {processor.py:637} INFO - DAG(s) dict_keys(['example_kubernetes_executor']) retrieved from /home/airflow/.local/lib/python3.7/site-packages/airflow/example_dags/example_kubernetes_executor.py
[2021-12-19 00:17:59,332] {logging_mixin.py:109} INFO - [2021-12-19 00:17:59,332] {dag.py:2396} INFO - Sync 1 DAGs
[2021-12-19 00:17:59,349] {logging_mixin.py:109} INFO - [2021-12-19 00:17:59,349] {dag.py:2928} INFO - Setting next_dagrun for example_kubernetes_executor to None
[2021-12-19 00:17:59,363] {processor.py:171} INFO - Processing /home/airflow/.local/lib/python3.7/site-packages/airflow/example_dags/example_kubernetes_executor.py took 0.087 seconds
[2021-12-19 00:18:29,975] {processor.py:163} INFO - Started process (PID=1806) to work on /home/airflow/.local/lib/python3.7/site-packages/airflow/example_dags/example_kubernetes_executor.py
[2021-12-19 00:18:29,977] {processor.py:625} INFO - Processing file /home/airflow/.local/lib/python3.7/site-packages/airflow/example_dags/example_kubernetes_executor.py for tasks to queue
[2021-12-19 00:18:29,978] {logging_mixin.py:109} INFO - [2021-12-19 00:18:29,978] {dagbag.py:500} INFO - Filling up the DagBag from /home/airflow/.local/lib/python3.7/site-packages/airflow/example_dags/example_kubernetes_executor.py
[2021-12-19 00:18:30,001] {processor.py:637} INFO - DAG(s) dict_keys(['example_kubernetes_executor']) retrieved from /home/airflow/.local/lib/python3.7/site-packages/airflow/example_dags/example_kubernetes_executor.py
[2021-12-19 00:18:30,010] {logging_mixin.py:109} INFO - [2021-12-19 00:18:30,010] {dag.py:2396} INFO - Sync 1 DAGs
[2021-12-19 00:18:30,024] {logging_mixin.py:109} INFO - [2021-12-19 00:18:30,024] {dag.py:2928} INFO - Setting next_dagrun for example_kubernetes_executor to None
[2021-12-19 00:18:30,035] {processor.py:171} INFO - Processing /home/airflow/.local/lib/python3.7/site-packages/airflow/example_dags/example_kubernetes_executor.py took 0.063 seconds
[2021-12-19 00:19:00,120] {processor.py:163} INFO - Started process (PID=1878) to work on /home/airflow/.local/lib/python3.7/site-packages/airflow/example_dags/example_kubernetes_executor.py
[2021-12-19 00:19:00,121] {processor.py:625} INFO - Processing file /home/airflow/.local/lib/python3.7/site-packages/airflow/example_dags/example_kubernetes_executor.py for tasks to queue
[2021-12-19 00:19:00,122] {logging_mixin.py:109} INFO - [2021-12-19 00:19:00,122] {dagbag.py:500} INFO - Filling up the DagBag from /home/airflow/.local/lib/python3.7/site-packages/airflow/example_dags/example_kubernetes_executor.py
[2021-12-19 00:19:00,146] {processor.py:637} INFO - DAG(s) dict_keys(['example_kubernetes_executor']) retrieved from /home/airflow/.local/lib/python3.7/site-packages/airflow/example_dags/example_kubernetes_executor.py
[2021-12-19 00:19:00,156] {logging_mixin.py:109} INFO - [2021-12-19 00:19:00,156] {dag.py:2396} INFO - Sync 1 DAGs
[2021-12-19 00:19:00,170] {logging_mixin.py:109} INFO - [2021-12-19 00:19:00,170] {dag.py:2928} INFO - Setting next_dagrun for example_kubernetes_executor to None
[2021-12-19 00:19:00,181] {processor.py:171} INFO - Processing /home/airflow/.local/lib/python3.7/site-packages/airflow/example_dags/example_kubernetes_executor.py took 0.064 seconds
[2021-12-19 00:19:30,359] {processor.py:163} INFO - Started process (PID=1939) to work on /home/airflow/.local/lib/python3.7/site-packages/airflow/example_dags/example_kubernetes_executor.py
[2021-12-19 00:19:30,361] {processor.py:625} INFO - Processing file /home/airflow/.local/lib/python3.7/site-packages/airflow/example_dags/example_kubernetes_executor.py for tasks to queue
[2021-12-19 00:19:30,362] {logging_mixin.py:109} INFO - [2021-12-19 00:19:30,362] {dagbag.py:500} INFO - Filling up the DagBag from /home/airflow/.local/lib/python3.7/site-packages/airflow/example_dags/example_kubernetes_executor.py
[2021-12-19 00:19:30,390] {processor.py:637} INFO - DAG(s) dict_keys(['example_kubernetes_executor']) retrieved from /home/airflow/.local/lib/python3.7/site-packages/airflow/example_dags/example_kubernetes_executor.py
[2021-12-19 00:19:30,399] {logging_mixin.py:109} INFO - [2021-12-19 00:19:30,399] {dag.py:2396} INFO - Sync 1 DAGs
[2021-12-19 00:19:30,413] {logging_mixin.py:109} INFO - [2021-12-19 00:19:30,413] {dag.py:2928} INFO - Setting next_dagrun for example_kubernetes_executor to None
[2021-12-19 00:19:30,423] {processor.py:171} INFO - Processing /home/airflow/.local/lib/python3.7/site-packages/airflow/example_dags/example_kubernetes_executor.py took 0.067 seconds
[2021-12-19 20:26:56,245] {processor.py:163} INFO - Started process (PID=56) to work on /home/airflow/.local/lib/python3.7/site-packages/airflow/example_dags/example_kubernetes_executor.py
[2021-12-19 20:26:56,249] {processor.py:625} INFO - Processing file /home/airflow/.local/lib/python3.7/site-packages/airflow/example_dags/example_kubernetes_executor.py for tasks to queue
[2021-12-19 20:26:56,251] {logging_mixin.py:109} INFO - [2021-12-19 20:26:56,251] {dagbag.py:500} INFO - Filling up the DagBag from /home/airflow/.local/lib/python3.7/site-packages/airflow/example_dags/example_kubernetes_executor.py
[2021-12-19 20:26:56,303] {processor.py:637} INFO - DAG(s) dict_keys(['example_kubernetes_executor']) retrieved from /home/airflow/.local/lib/python3.7/site-packages/airflow/example_dags/example_kubernetes_executor.py
[2021-12-19 20:26:56,324] {logging_mixin.py:109} INFO - [2021-12-19 20:26:56,323] {dag.py:2396} INFO - Sync 1 DAGs
[2021-12-19 20:26:56,364] {logging_mixin.py:109} INFO - [2021-12-19 20:26:56,363] {dag.py:2928} INFO - Setting next_dagrun for example_kubernetes_executor to None
[2021-12-19 20:26:56,399] {processor.py:171} INFO - Processing /home/airflow/.local/lib/python3.7/site-packages/airflow/example_dags/example_kubernetes_executor.py took 0.159 seconds
[2021-12-19 20:27:37,101] {processor.py:163} INFO - Started process (PID=129) to work on /home/airflow/.local/lib/python3.7/site-packages/airflow/example_dags/example_kubernetes_executor.py
[2021-12-19 20:27:37,104] {processor.py:625} INFO - Processing file /home/airflow/.local/lib/python3.7/site-packages/airflow/example_dags/example_kubernetes_executor.py for tasks to queue
[2021-12-19 20:27:37,106] {logging_mixin.py:109} INFO - [2021-12-19 20:27:37,106] {dagbag.py:500} INFO - Filling up the DagBag from /home/airflow/.local/lib/python3.7/site-packages/airflow/example_dags/example_kubernetes_executor.py
[2021-12-19 20:27:37,165] {processor.py:637} INFO - DAG(s) dict_keys(['example_kubernetes_executor']) retrieved from /home/airflow/.local/lib/python3.7/site-packages/airflow/example_dags/example_kubernetes_executor.py
[2021-12-19 20:27:37,196] {logging_mixin.py:109} INFO - [2021-12-19 20:27:37,196] {dag.py:2396} INFO - Sync 1 DAGs
[2021-12-19 20:27:37,241] {logging_mixin.py:109} INFO - [2021-12-19 20:27:37,241] {dag.py:2928} INFO - Setting next_dagrun for example_kubernetes_executor to None
[2021-12-19 20:27:37,268] {processor.py:171} INFO - Processing /home/airflow/.local/lib/python3.7/site-packages/airflow/example_dags/example_kubernetes_executor.py took 0.173 seconds
