[2021-12-19 00:00:06,726] {processor.py:163} INFO - Started process (PID=31911) to work on /home/airflow/.local/lib/python3.7/site-packages/airflow/example_dags/example_nested_branch_dag.py
[2021-12-19 00:00:06,727] {processor.py:625} INFO - Processing file /home/airflow/.local/lib/python3.7/site-packages/airflow/example_dags/example_nested_branch_dag.py for tasks to queue
[2021-12-19 00:00:06,727] {logging_mixin.py:109} INFO - [2021-12-19 00:00:06,727] {dagbag.py:500} INFO - Filling up the DagBag from /home/airflow/.local/lib/python3.7/site-packages/airflow/example_dags/example_nested_branch_dag.py
[2021-12-19 00:00:06,751] {processor.py:637} INFO - DAG(s) dict_keys(['example_nested_branch_dag']) retrieved from /home/airflow/.local/lib/python3.7/site-packages/airflow/example_dags/example_nested_branch_dag.py
[2021-12-19 00:00:06,761] {logging_mixin.py:109} INFO - [2021-12-19 00:00:06,761] {dag.py:2396} INFO - Sync 1 DAGs
[2021-12-19 00:00:06,777] {logging_mixin.py:109} INFO - [2021-12-19 00:00:06,777] {dag.py:2928} INFO - Setting next_dagrun for example_nested_branch_dag to 2021-12-18 00:00:00+00:00
[2021-12-19 00:00:06,785] {processor.py:171} INFO - Processing /home/airflow/.local/lib/python3.7/site-packages/airflow/example_dags/example_nested_branch_dag.py took 0.062 seconds
[2021-12-19 00:00:37,455] {processor.py:163} INFO - Started process (PID=31982) to work on /home/airflow/.local/lib/python3.7/site-packages/airflow/example_dags/example_nested_branch_dag.py
[2021-12-19 00:00:37,456] {processor.py:625} INFO - Processing file /home/airflow/.local/lib/python3.7/site-packages/airflow/example_dags/example_nested_branch_dag.py for tasks to queue
[2021-12-19 00:00:37,457] {logging_mixin.py:109} INFO - [2021-12-19 00:00:37,457] {dagbag.py:500} INFO - Filling up the DagBag from /home/airflow/.local/lib/python3.7/site-packages/airflow/example_dags/example_nested_branch_dag.py
[2021-12-19 00:00:37,482] {processor.py:637} INFO - DAG(s) dict_keys(['example_nested_branch_dag']) retrieved from /home/airflow/.local/lib/python3.7/site-packages/airflow/example_dags/example_nested_branch_dag.py
[2021-12-19 00:00:37,492] {logging_mixin.py:109} INFO - [2021-12-19 00:00:37,492] {dag.py:2396} INFO - Sync 1 DAGs
[2021-12-19 00:00:37,508] {logging_mixin.py:109} INFO - [2021-12-19 00:00:37,508] {dag.py:2928} INFO - Setting next_dagrun for example_nested_branch_dag to 2021-12-18 00:00:00+00:00
[2021-12-19 00:00:37,517] {processor.py:171} INFO - Processing /home/airflow/.local/lib/python3.7/site-packages/airflow/example_dags/example_nested_branch_dag.py took 0.065 seconds
[2021-12-19 00:01:07,953] {processor.py:163} INFO - Started process (PID=32043) to work on /home/airflow/.local/lib/python3.7/site-packages/airflow/example_dags/example_nested_branch_dag.py
[2021-12-19 00:01:07,954] {processor.py:625} INFO - Processing file /home/airflow/.local/lib/python3.7/site-packages/airflow/example_dags/example_nested_branch_dag.py for tasks to queue
[2021-12-19 00:01:07,955] {logging_mixin.py:109} INFO - [2021-12-19 00:01:07,955] {dagbag.py:500} INFO - Filling up the DagBag from /home/airflow/.local/lib/python3.7/site-packages/airflow/example_dags/example_nested_branch_dag.py
[2021-12-19 00:01:07,986] {processor.py:637} INFO - DAG(s) dict_keys(['example_nested_branch_dag']) retrieved from /home/airflow/.local/lib/python3.7/site-packages/airflow/example_dags/example_nested_branch_dag.py
[2021-12-19 00:01:07,998] {logging_mixin.py:109} INFO - [2021-12-19 00:01:07,998] {dag.py:2396} INFO - Sync 1 DAGs
[2021-12-19 00:01:08,015] {logging_mixin.py:109} INFO - [2021-12-19 00:01:08,015] {dag.py:2928} INFO - Setting next_dagrun for example_nested_branch_dag to 2021-12-18 00:00:00+00:00
[2021-12-19 00:01:08,025] {processor.py:171} INFO - Processing /home/airflow/.local/lib/python3.7/site-packages/airflow/example_dags/example_nested_branch_dag.py took 0.076 seconds
[2021-12-19 00:01:38,407] {processor.py:163} INFO - Started process (PID=32113) to work on /home/airflow/.local/lib/python3.7/site-packages/airflow/example_dags/example_nested_branch_dag.py
[2021-12-19 00:01:38,409] {processor.py:625} INFO - Processing file /home/airflow/.local/lib/python3.7/site-packages/airflow/example_dags/example_nested_branch_dag.py for tasks to queue
[2021-12-19 00:01:38,410] {logging_mixin.py:109} INFO - [2021-12-19 00:01:38,410] {dagbag.py:500} INFO - Filling up the DagBag from /home/airflow/.local/lib/python3.7/site-packages/airflow/example_dags/example_nested_branch_dag.py
[2021-12-19 00:01:38,435] {processor.py:637} INFO - DAG(s) dict_keys(['example_nested_branch_dag']) retrieved from /home/airflow/.local/lib/python3.7/site-packages/airflow/example_dags/example_nested_branch_dag.py
[2021-12-19 00:01:38,445] {logging_mixin.py:109} INFO - [2021-12-19 00:01:38,445] {dag.py:2396} INFO - Sync 1 DAGs
[2021-12-19 00:01:38,460] {logging_mixin.py:109} INFO - [2021-12-19 00:01:38,460] {dag.py:2928} INFO - Setting next_dagrun for example_nested_branch_dag to 2021-12-18 00:00:00+00:00
[2021-12-19 00:01:38,471] {processor.py:171} INFO - Processing /home/airflow/.local/lib/python3.7/site-packages/airflow/example_dags/example_nested_branch_dag.py took 0.067 seconds
[2021-12-19 00:02:08,898] {processor.py:163} INFO - Started process (PID=32175) to work on /home/airflow/.local/lib/python3.7/site-packages/airflow/example_dags/example_nested_branch_dag.py
[2021-12-19 00:02:08,900] {processor.py:625} INFO - Processing file /home/airflow/.local/lib/python3.7/site-packages/airflow/example_dags/example_nested_branch_dag.py for tasks to queue
[2021-12-19 00:02:08,900] {logging_mixin.py:109} INFO - [2021-12-19 00:02:08,900] {dagbag.py:500} INFO - Filling up the DagBag from /home/airflow/.local/lib/python3.7/site-packages/airflow/example_dags/example_nested_branch_dag.py
[2021-12-19 00:02:08,927] {processor.py:637} INFO - DAG(s) dict_keys(['example_nested_branch_dag']) retrieved from /home/airflow/.local/lib/python3.7/site-packages/airflow/example_dags/example_nested_branch_dag.py
[2021-12-19 00:02:08,940] {logging_mixin.py:109} INFO - [2021-12-19 00:02:08,940] {dag.py:2396} INFO - Sync 1 DAGs
[2021-12-19 00:02:08,956] {logging_mixin.py:109} INFO - [2021-12-19 00:02:08,955] {dag.py:2928} INFO - Setting next_dagrun for example_nested_branch_dag to 2021-12-18 00:00:00+00:00
[2021-12-19 00:02:08,966] {processor.py:171} INFO - Processing /home/airflow/.local/lib/python3.7/site-packages/airflow/example_dags/example_nested_branch_dag.py took 0.071 seconds
[2021-12-19 00:02:39,684] {processor.py:163} INFO - Started process (PID=32245) to work on /home/airflow/.local/lib/python3.7/site-packages/airflow/example_dags/example_nested_branch_dag.py
[2021-12-19 00:02:39,685] {processor.py:625} INFO - Processing file /home/airflow/.local/lib/python3.7/site-packages/airflow/example_dags/example_nested_branch_dag.py for tasks to queue
[2021-12-19 00:02:39,685] {logging_mixin.py:109} INFO - [2021-12-19 00:02:39,685] {dagbag.py:500} INFO - Filling up the DagBag from /home/airflow/.local/lib/python3.7/site-packages/airflow/example_dags/example_nested_branch_dag.py
[2021-12-19 00:02:39,710] {processor.py:637} INFO - DAG(s) dict_keys(['example_nested_branch_dag']) retrieved from /home/airflow/.local/lib/python3.7/site-packages/airflow/example_dags/example_nested_branch_dag.py
[2021-12-19 00:02:39,720] {logging_mixin.py:109} INFO - [2021-12-19 00:02:39,720] {dag.py:2396} INFO - Sync 1 DAGs
[2021-12-19 00:02:39,734] {logging_mixin.py:109} INFO - [2021-12-19 00:02:39,734] {dag.py:2928} INFO - Setting next_dagrun for example_nested_branch_dag to 2021-12-18 00:00:00+00:00
[2021-12-19 00:02:39,745] {processor.py:171} INFO - Processing /home/airflow/.local/lib/python3.7/site-packages/airflow/example_dags/example_nested_branch_dag.py took 0.064 seconds
[2021-12-19 00:03:10,202] {processor.py:163} INFO - Started process (PID=32305) to work on /home/airflow/.local/lib/python3.7/site-packages/airflow/example_dags/example_nested_branch_dag.py
[2021-12-19 00:03:10,203] {processor.py:625} INFO - Processing file /home/airflow/.local/lib/python3.7/site-packages/airflow/example_dags/example_nested_branch_dag.py for tasks to queue
[2021-12-19 00:03:10,204] {logging_mixin.py:109} INFO - [2021-12-19 00:03:10,204] {dagbag.py:500} INFO - Filling up the DagBag from /home/airflow/.local/lib/python3.7/site-packages/airflow/example_dags/example_nested_branch_dag.py
[2021-12-19 00:03:10,229] {processor.py:637} INFO - DAG(s) dict_keys(['example_nested_branch_dag']) retrieved from /home/airflow/.local/lib/python3.7/site-packages/airflow/example_dags/example_nested_branch_dag.py
[2021-12-19 00:03:10,238] {logging_mixin.py:109} INFO - [2021-12-19 00:03:10,238] {dag.py:2396} INFO - Sync 1 DAGs
[2021-12-19 00:03:10,253] {logging_mixin.py:109} INFO - [2021-12-19 00:03:10,253] {dag.py:2928} INFO - Setting next_dagrun for example_nested_branch_dag to 2021-12-18 00:00:00+00:00
[2021-12-19 00:03:10,265] {processor.py:171} INFO - Processing /home/airflow/.local/lib/python3.7/site-packages/airflow/example_dags/example_nested_branch_dag.py took 0.066 seconds
[2021-12-19 00:03:40,881] {processor.py:163} INFO - Started process (PID=32375) to work on /home/airflow/.local/lib/python3.7/site-packages/airflow/example_dags/example_nested_branch_dag.py
[2021-12-19 00:03:40,882] {processor.py:625} INFO - Processing file /home/airflow/.local/lib/python3.7/site-packages/airflow/example_dags/example_nested_branch_dag.py for tasks to queue
[2021-12-19 00:03:40,883] {logging_mixin.py:109} INFO - [2021-12-19 00:03:40,883] {dagbag.py:500} INFO - Filling up the DagBag from /home/airflow/.local/lib/python3.7/site-packages/airflow/example_dags/example_nested_branch_dag.py
[2021-12-19 00:03:40,914] {processor.py:637} INFO - DAG(s) dict_keys(['example_nested_branch_dag']) retrieved from /home/airflow/.local/lib/python3.7/site-packages/airflow/example_dags/example_nested_branch_dag.py
[2021-12-19 00:03:40,926] {logging_mixin.py:109} INFO - [2021-12-19 00:03:40,926] {dag.py:2396} INFO - Sync 1 DAGs
[2021-12-19 00:03:40,946] {logging_mixin.py:109} INFO - [2021-12-19 00:03:40,946] {dag.py:2928} INFO - Setting next_dagrun for example_nested_branch_dag to 2021-12-18 00:00:00+00:00
[2021-12-19 00:03:40,957] {processor.py:171} INFO - Processing /home/airflow/.local/lib/python3.7/site-packages/airflow/example_dags/example_nested_branch_dag.py took 0.080 seconds
[2021-12-19 00:04:11,253] {processor.py:163} INFO - Started process (PID=32436) to work on /home/airflow/.local/lib/python3.7/site-packages/airflow/example_dags/example_nested_branch_dag.py
[2021-12-19 00:04:11,254] {processor.py:625} INFO - Processing file /home/airflow/.local/lib/python3.7/site-packages/airflow/example_dags/example_nested_branch_dag.py for tasks to queue
[2021-12-19 00:04:11,255] {logging_mixin.py:109} INFO - [2021-12-19 00:04:11,255] {dagbag.py:500} INFO - Filling up the DagBag from /home/airflow/.local/lib/python3.7/site-packages/airflow/example_dags/example_nested_branch_dag.py
[2021-12-19 00:04:11,281] {processor.py:637} INFO - DAG(s) dict_keys(['example_nested_branch_dag']) retrieved from /home/airflow/.local/lib/python3.7/site-packages/airflow/example_dags/example_nested_branch_dag.py
[2021-12-19 00:04:11,292] {logging_mixin.py:109} INFO - [2021-12-19 00:04:11,291] {dag.py:2396} INFO - Sync 1 DAGs
[2021-12-19 00:04:11,308] {logging_mixin.py:109} INFO - [2021-12-19 00:04:11,307] {dag.py:2928} INFO - Setting next_dagrun for example_nested_branch_dag to 2021-12-18 00:00:00+00:00
[2021-12-19 00:04:11,318] {processor.py:171} INFO - Processing /home/airflow/.local/lib/python3.7/site-packages/airflow/example_dags/example_nested_branch_dag.py took 0.068 seconds
[2021-12-19 00:04:41,563] {processor.py:163} INFO - Started process (PID=32497) to work on /home/airflow/.local/lib/python3.7/site-packages/airflow/example_dags/example_nested_branch_dag.py
[2021-12-19 00:04:41,565] {processor.py:625} INFO - Processing file /home/airflow/.local/lib/python3.7/site-packages/airflow/example_dags/example_nested_branch_dag.py for tasks to queue
[2021-12-19 00:04:41,566] {logging_mixin.py:109} INFO - [2021-12-19 00:04:41,565] {dagbag.py:500} INFO - Filling up the DagBag from /home/airflow/.local/lib/python3.7/site-packages/airflow/example_dags/example_nested_branch_dag.py
[2021-12-19 00:04:41,614] {processor.py:637} INFO - DAG(s) dict_keys(['example_nested_branch_dag']) retrieved from /home/airflow/.local/lib/python3.7/site-packages/airflow/example_dags/example_nested_branch_dag.py
[2021-12-19 00:04:41,629] {logging_mixin.py:109} INFO - [2021-12-19 00:04:41,629] {dag.py:2396} INFO - Sync 1 DAGs
[2021-12-19 00:04:41,654] {logging_mixin.py:109} INFO - [2021-12-19 00:04:41,654] {dag.py:2928} INFO - Setting next_dagrun for example_nested_branch_dag to 2021-12-18 00:00:00+00:00
[2021-12-19 00:04:41,667] {processor.py:171} INFO - Processing /home/airflow/.local/lib/python3.7/site-packages/airflow/example_dags/example_nested_branch_dag.py took 0.108 seconds
[2021-12-19 00:05:12,403] {processor.py:163} INFO - Started process (PID=32569) to work on /home/airflow/.local/lib/python3.7/site-packages/airflow/example_dags/example_nested_branch_dag.py
[2021-12-19 00:05:12,405] {processor.py:625} INFO - Processing file /home/airflow/.local/lib/python3.7/site-packages/airflow/example_dags/example_nested_branch_dag.py for tasks to queue
[2021-12-19 00:05:12,406] {logging_mixin.py:109} INFO - [2021-12-19 00:05:12,406] {dagbag.py:500} INFO - Filling up the DagBag from /home/airflow/.local/lib/python3.7/site-packages/airflow/example_dags/example_nested_branch_dag.py
[2021-12-19 00:05:12,432] {processor.py:637} INFO - DAG(s) dict_keys(['example_nested_branch_dag']) retrieved from /home/airflow/.local/lib/python3.7/site-packages/airflow/example_dags/example_nested_branch_dag.py
[2021-12-19 00:05:12,442] {logging_mixin.py:109} INFO - [2021-12-19 00:05:12,442] {dag.py:2396} INFO - Sync 1 DAGs
[2021-12-19 00:05:12,457] {logging_mixin.py:109} INFO - [2021-12-19 00:05:12,457] {dag.py:2928} INFO - Setting next_dagrun for example_nested_branch_dag to 2021-12-18 00:00:00+00:00
[2021-12-19 00:05:12,469] {processor.py:171} INFO - Processing /home/airflow/.local/lib/python3.7/site-packages/airflow/example_dags/example_nested_branch_dag.py took 0.069 seconds
[2021-12-19 00:05:42,986] {processor.py:163} INFO - Started process (PID=32629) to work on /home/airflow/.local/lib/python3.7/site-packages/airflow/example_dags/example_nested_branch_dag.py
[2021-12-19 00:05:42,988] {processor.py:625} INFO - Processing file /home/airflow/.local/lib/python3.7/site-packages/airflow/example_dags/example_nested_branch_dag.py for tasks to queue
[2021-12-19 00:05:42,989] {logging_mixin.py:109} INFO - [2021-12-19 00:05:42,989] {dagbag.py:500} INFO - Filling up the DagBag from /home/airflow/.local/lib/python3.7/site-packages/airflow/example_dags/example_nested_branch_dag.py
[2021-12-19 00:05:43,021] {processor.py:637} INFO - DAG(s) dict_keys(['example_nested_branch_dag']) retrieved from /home/airflow/.local/lib/python3.7/site-packages/airflow/example_dags/example_nested_branch_dag.py
[2021-12-19 00:05:43,033] {logging_mixin.py:109} INFO - [2021-12-19 00:05:43,033] {dag.py:2396} INFO - Sync 1 DAGs
[2021-12-19 00:05:43,050] {logging_mixin.py:109} INFO - [2021-12-19 00:05:43,050] {dag.py:2928} INFO - Setting next_dagrun for example_nested_branch_dag to 2021-12-18 00:00:00+00:00
[2021-12-19 00:05:43,059] {processor.py:171} INFO - Processing /home/airflow/.local/lib/python3.7/site-packages/airflow/example_dags/example_nested_branch_dag.py took 0.076 seconds
[2021-12-19 00:06:13,401] {processor.py:163} INFO - Started process (PID=32700) to work on /home/airflow/.local/lib/python3.7/site-packages/airflow/example_dags/example_nested_branch_dag.py
[2021-12-19 00:06:13,403] {processor.py:625} INFO - Processing file /home/airflow/.local/lib/python3.7/site-packages/airflow/example_dags/example_nested_branch_dag.py for tasks to queue
[2021-12-19 00:06:13,407] {logging_mixin.py:109} INFO - [2021-12-19 00:06:13,406] {dagbag.py:500} INFO - Filling up the DagBag from /home/airflow/.local/lib/python3.7/site-packages/airflow/example_dags/example_nested_branch_dag.py
[2021-12-19 00:06:13,438] {processor.py:637} INFO - DAG(s) dict_keys(['example_nested_branch_dag']) retrieved from /home/airflow/.local/lib/python3.7/site-packages/airflow/example_dags/example_nested_branch_dag.py
[2021-12-19 00:06:13,447] {logging_mixin.py:109} INFO - [2021-12-19 00:06:13,447] {dag.py:2396} INFO - Sync 1 DAGs
[2021-12-19 00:06:13,462] {logging_mixin.py:109} INFO - [2021-12-19 00:06:13,462] {dag.py:2928} INFO - Setting next_dagrun for example_nested_branch_dag to 2021-12-18 00:00:00+00:00
[2021-12-19 00:06:13,472] {processor.py:171} INFO - Processing /home/airflow/.local/lib/python3.7/site-packages/airflow/example_dags/example_nested_branch_dag.py took 0.074 seconds
[2021-12-19 00:06:44,398] {processor.py:163} INFO - Started process (PID=32763) to work on /home/airflow/.local/lib/python3.7/site-packages/airflow/example_dags/example_nested_branch_dag.py
[2021-12-19 00:06:44,399] {processor.py:625} INFO - Processing file /home/airflow/.local/lib/python3.7/site-packages/airflow/example_dags/example_nested_branch_dag.py for tasks to queue
[2021-12-19 00:06:44,400] {logging_mixin.py:109} INFO - [2021-12-19 00:06:44,400] {dagbag.py:500} INFO - Filling up the DagBag from /home/airflow/.local/lib/python3.7/site-packages/airflow/example_dags/example_nested_branch_dag.py
[2021-12-19 00:06:44,424] {processor.py:637} INFO - DAG(s) dict_keys(['example_nested_branch_dag']) retrieved from /home/airflow/.local/lib/python3.7/site-packages/airflow/example_dags/example_nested_branch_dag.py
[2021-12-19 00:06:44,438] {logging_mixin.py:109} INFO - [2021-12-19 00:06:44,437] {dag.py:2396} INFO - Sync 1 DAGs
[2021-12-19 00:06:44,453] {logging_mixin.py:109} INFO - [2021-12-19 00:06:44,453] {dag.py:2928} INFO - Setting next_dagrun for example_nested_branch_dag to 2021-12-18 00:00:00+00:00
[2021-12-19 00:06:44,463] {processor.py:171} INFO - Processing /home/airflow/.local/lib/python3.7/site-packages/airflow/example_dags/example_nested_branch_dag.py took 0.068 seconds
[2021-12-19 00:07:14,867] {processor.py:163} INFO - Started process (PID=366) to work on /home/airflow/.local/lib/python3.7/site-packages/airflow/example_dags/example_nested_branch_dag.py
[2021-12-19 00:07:14,869] {processor.py:625} INFO - Processing file /home/airflow/.local/lib/python3.7/site-packages/airflow/example_dags/example_nested_branch_dag.py for tasks to queue
[2021-12-19 00:07:14,869] {logging_mixin.py:109} INFO - [2021-12-19 00:07:14,869] {dagbag.py:500} INFO - Filling up the DagBag from /home/airflow/.local/lib/python3.7/site-packages/airflow/example_dags/example_nested_branch_dag.py
[2021-12-19 00:07:14,908] {processor.py:637} INFO - DAG(s) dict_keys(['example_nested_branch_dag']) retrieved from /home/airflow/.local/lib/python3.7/site-packages/airflow/example_dags/example_nested_branch_dag.py
[2021-12-19 00:07:14,926] {logging_mixin.py:109} INFO - [2021-12-19 00:07:14,926] {dag.py:2396} INFO - Sync 1 DAGs
[2021-12-19 00:07:14,947] {logging_mixin.py:109} INFO - [2021-12-19 00:07:14,947] {dag.py:2928} INFO - Setting next_dagrun for example_nested_branch_dag to 2021-12-18 00:00:00+00:00
[2021-12-19 00:07:14,965] {processor.py:171} INFO - Processing /home/airflow/.local/lib/python3.7/site-packages/airflow/example_dags/example_nested_branch_dag.py took 0.102 seconds
[2021-12-19 00:07:45,211] {processor.py:163} INFO - Started process (PID=427) to work on /home/airflow/.local/lib/python3.7/site-packages/airflow/example_dags/example_nested_branch_dag.py
[2021-12-19 00:07:45,212] {processor.py:625} INFO - Processing file /home/airflow/.local/lib/python3.7/site-packages/airflow/example_dags/example_nested_branch_dag.py for tasks to queue
[2021-12-19 00:07:45,213] {logging_mixin.py:109} INFO - [2021-12-19 00:07:45,213] {dagbag.py:500} INFO - Filling up the DagBag from /home/airflow/.local/lib/python3.7/site-packages/airflow/example_dags/example_nested_branch_dag.py
[2021-12-19 00:07:45,238] {processor.py:637} INFO - DAG(s) dict_keys(['example_nested_branch_dag']) retrieved from /home/airflow/.local/lib/python3.7/site-packages/airflow/example_dags/example_nested_branch_dag.py
[2021-12-19 00:07:45,248] {logging_mixin.py:109} INFO - [2021-12-19 00:07:45,247] {dag.py:2396} INFO - Sync 1 DAGs
[2021-12-19 00:07:45,263] {logging_mixin.py:109} INFO - [2021-12-19 00:07:45,263] {dag.py:2928} INFO - Setting next_dagrun for example_nested_branch_dag to 2021-12-18 00:00:00+00:00
[2021-12-19 00:07:45,274] {processor.py:171} INFO - Processing /home/airflow/.local/lib/python3.7/site-packages/airflow/example_dags/example_nested_branch_dag.py took 0.065 seconds
[2021-12-19 00:08:15,878] {processor.py:163} INFO - Started process (PID=497) to work on /home/airflow/.local/lib/python3.7/site-packages/airflow/example_dags/example_nested_branch_dag.py
[2021-12-19 00:08:15,879] {processor.py:625} INFO - Processing file /home/airflow/.local/lib/python3.7/site-packages/airflow/example_dags/example_nested_branch_dag.py for tasks to queue
[2021-12-19 00:08:15,880] {logging_mixin.py:109} INFO - [2021-12-19 00:08:15,880] {dagbag.py:500} INFO - Filling up the DagBag from /home/airflow/.local/lib/python3.7/site-packages/airflow/example_dags/example_nested_branch_dag.py
[2021-12-19 00:08:15,914] {processor.py:637} INFO - DAG(s) dict_keys(['example_nested_branch_dag']) retrieved from /home/airflow/.local/lib/python3.7/site-packages/airflow/example_dags/example_nested_branch_dag.py
[2021-12-19 00:08:15,929] {logging_mixin.py:109} INFO - [2021-12-19 00:08:15,929] {dag.py:2396} INFO - Sync 1 DAGs
[2021-12-19 00:08:15,946] {logging_mixin.py:109} INFO - [2021-12-19 00:08:15,946] {dag.py:2928} INFO - Setting next_dagrun for example_nested_branch_dag to 2021-12-18 00:00:00+00:00
[2021-12-19 00:08:15,956] {processor.py:171} INFO - Processing /home/airflow/.local/lib/python3.7/site-packages/airflow/example_dags/example_nested_branch_dag.py took 0.081 seconds
[2021-12-19 00:08:46,670] {processor.py:163} INFO - Started process (PID=559) to work on /home/airflow/.local/lib/python3.7/site-packages/airflow/example_dags/example_nested_branch_dag.py
[2021-12-19 00:08:46,671] {processor.py:625} INFO - Processing file /home/airflow/.local/lib/python3.7/site-packages/airflow/example_dags/example_nested_branch_dag.py for tasks to queue
[2021-12-19 00:08:46,672] {logging_mixin.py:109} INFO - [2021-12-19 00:08:46,672] {dagbag.py:500} INFO - Filling up the DagBag from /home/airflow/.local/lib/python3.7/site-packages/airflow/example_dags/example_nested_branch_dag.py
[2021-12-19 00:08:46,697] {processor.py:637} INFO - DAG(s) dict_keys(['example_nested_branch_dag']) retrieved from /home/airflow/.local/lib/python3.7/site-packages/airflow/example_dags/example_nested_branch_dag.py
[2021-12-19 00:08:46,708] {logging_mixin.py:109} INFO - [2021-12-19 00:08:46,708] {dag.py:2396} INFO - Sync 1 DAGs
[2021-12-19 00:08:46,724] {logging_mixin.py:109} INFO - [2021-12-19 00:08:46,724] {dag.py:2928} INFO - Setting next_dagrun for example_nested_branch_dag to 2021-12-18 00:00:00+00:00
[2021-12-19 00:08:46,732] {processor.py:171} INFO - Processing /home/airflow/.local/lib/python3.7/site-packages/airflow/example_dags/example_nested_branch_dag.py took 0.065 seconds
[2021-12-19 00:09:17,376] {processor.py:163} INFO - Started process (PID=621) to work on /home/airflow/.local/lib/python3.7/site-packages/airflow/example_dags/example_nested_branch_dag.py
[2021-12-19 00:09:17,378] {processor.py:625} INFO - Processing file /home/airflow/.local/lib/python3.7/site-packages/airflow/example_dags/example_nested_branch_dag.py for tasks to queue
[2021-12-19 00:09:17,378] {logging_mixin.py:109} INFO - [2021-12-19 00:09:17,378] {dagbag.py:500} INFO - Filling up the DagBag from /home/airflow/.local/lib/python3.7/site-packages/airflow/example_dags/example_nested_branch_dag.py
[2021-12-19 00:09:17,405] {processor.py:637} INFO - DAG(s) dict_keys(['example_nested_branch_dag']) retrieved from /home/airflow/.local/lib/python3.7/site-packages/airflow/example_dags/example_nested_branch_dag.py
[2021-12-19 00:09:17,416] {logging_mixin.py:109} INFO - [2021-12-19 00:09:17,415] {dag.py:2396} INFO - Sync 1 DAGs
[2021-12-19 00:09:17,432] {logging_mixin.py:109} INFO - [2021-12-19 00:09:17,432] {dag.py:2928} INFO - Setting next_dagrun for example_nested_branch_dag to 2021-12-18 00:00:00+00:00
[2021-12-19 00:09:17,441] {processor.py:171} INFO - Processing /home/airflow/.local/lib/python3.7/site-packages/airflow/example_dags/example_nested_branch_dag.py took 0.067 seconds
[2021-12-19 00:09:47,526] {processor.py:163} INFO - Started process (PID=691) to work on /home/airflow/.local/lib/python3.7/site-packages/airflow/example_dags/example_nested_branch_dag.py
[2021-12-19 00:09:47,527] {processor.py:625} INFO - Processing file /home/airflow/.local/lib/python3.7/site-packages/airflow/example_dags/example_nested_branch_dag.py for tasks to queue
[2021-12-19 00:09:47,528] {logging_mixin.py:109} INFO - [2021-12-19 00:09:47,528] {dagbag.py:500} INFO - Filling up the DagBag from /home/airflow/.local/lib/python3.7/site-packages/airflow/example_dags/example_nested_branch_dag.py
[2021-12-19 00:09:47,553] {processor.py:637} INFO - DAG(s) dict_keys(['example_nested_branch_dag']) retrieved from /home/airflow/.local/lib/python3.7/site-packages/airflow/example_dags/example_nested_branch_dag.py
[2021-12-19 00:09:47,563] {logging_mixin.py:109} INFO - [2021-12-19 00:09:47,563] {dag.py:2396} INFO - Sync 1 DAGs
[2021-12-19 00:09:47,577] {logging_mixin.py:109} INFO - [2021-12-19 00:09:47,577] {dag.py:2928} INFO - Setting next_dagrun for example_nested_branch_dag to 2021-12-18 00:00:00+00:00
[2021-12-19 00:09:47,588] {processor.py:171} INFO - Processing /home/airflow/.local/lib/python3.7/site-packages/airflow/example_dags/example_nested_branch_dag.py took 0.065 seconds
[2021-12-19 00:10:17,905] {processor.py:163} INFO - Started process (PID=753) to work on /home/airflow/.local/lib/python3.7/site-packages/airflow/example_dags/example_nested_branch_dag.py
[2021-12-19 00:10:17,906] {processor.py:625} INFO - Processing file /home/airflow/.local/lib/python3.7/site-packages/airflow/example_dags/example_nested_branch_dag.py for tasks to queue
[2021-12-19 00:10:17,907] {logging_mixin.py:109} INFO - [2021-12-19 00:10:17,907] {dagbag.py:500} INFO - Filling up the DagBag from /home/airflow/.local/lib/python3.7/site-packages/airflow/example_dags/example_nested_branch_dag.py
[2021-12-19 00:10:17,933] {processor.py:637} INFO - DAG(s) dict_keys(['example_nested_branch_dag']) retrieved from /home/airflow/.local/lib/python3.7/site-packages/airflow/example_dags/example_nested_branch_dag.py
[2021-12-19 00:10:17,943] {logging_mixin.py:109} INFO - [2021-12-19 00:10:17,943] {dag.py:2396} INFO - Sync 1 DAGs
[2021-12-19 00:10:17,957] {logging_mixin.py:109} INFO - [2021-12-19 00:10:17,957] {dag.py:2928} INFO - Setting next_dagrun for example_nested_branch_dag to 2021-12-18 00:00:00+00:00
[2021-12-19 00:10:17,968] {processor.py:171} INFO - Processing /home/airflow/.local/lib/python3.7/site-packages/airflow/example_dags/example_nested_branch_dag.py took 0.066 seconds
[2021-12-19 00:10:48,527] {processor.py:163} INFO - Started process (PID=824) to work on /home/airflow/.local/lib/python3.7/site-packages/airflow/example_dags/example_nested_branch_dag.py
[2021-12-19 00:10:48,528] {processor.py:625} INFO - Processing file /home/airflow/.local/lib/python3.7/site-packages/airflow/example_dags/example_nested_branch_dag.py for tasks to queue
[2021-12-19 00:10:48,529] {logging_mixin.py:109} INFO - [2021-12-19 00:10:48,529] {dagbag.py:500} INFO - Filling up the DagBag from /home/airflow/.local/lib/python3.7/site-packages/airflow/example_dags/example_nested_branch_dag.py
[2021-12-19 00:10:48,558] {processor.py:637} INFO - DAG(s) dict_keys(['example_nested_branch_dag']) retrieved from /home/airflow/.local/lib/python3.7/site-packages/airflow/example_dags/example_nested_branch_dag.py
[2021-12-19 00:10:48,567] {logging_mixin.py:109} INFO - [2021-12-19 00:10:48,567] {dag.py:2396} INFO - Sync 1 DAGs
[2021-12-19 00:10:48,582] {logging_mixin.py:109} INFO - [2021-12-19 00:10:48,582] {dag.py:2928} INFO - Setting next_dagrun for example_nested_branch_dag to 2021-12-18 00:00:00+00:00
[2021-12-19 00:10:48,593] {processor.py:171} INFO - Processing /home/airflow/.local/lib/python3.7/site-packages/airflow/example_dags/example_nested_branch_dag.py took 0.069 seconds
[2021-12-19 00:11:19,138] {processor.py:163} INFO - Started process (PID=886) to work on /home/airflow/.local/lib/python3.7/site-packages/airflow/example_dags/example_nested_branch_dag.py
[2021-12-19 00:11:19,139] {processor.py:625} INFO - Processing file /home/airflow/.local/lib/python3.7/site-packages/airflow/example_dags/example_nested_branch_dag.py for tasks to queue
[2021-12-19 00:11:19,140] {logging_mixin.py:109} INFO - [2021-12-19 00:11:19,140] {dagbag.py:500} INFO - Filling up the DagBag from /home/airflow/.local/lib/python3.7/site-packages/airflow/example_dags/example_nested_branch_dag.py
[2021-12-19 00:11:19,166] {processor.py:637} INFO - DAG(s) dict_keys(['example_nested_branch_dag']) retrieved from /home/airflow/.local/lib/python3.7/site-packages/airflow/example_dags/example_nested_branch_dag.py
[2021-12-19 00:11:19,175] {logging_mixin.py:109} INFO - [2021-12-19 00:11:19,175] {dag.py:2396} INFO - Sync 1 DAGs
[2021-12-19 00:11:19,190] {logging_mixin.py:109} INFO - [2021-12-19 00:11:19,190] {dag.py:2928} INFO - Setting next_dagrun for example_nested_branch_dag to 2021-12-18 00:00:00+00:00
[2021-12-19 00:11:19,201] {processor.py:171} INFO - Processing /home/airflow/.local/lib/python3.7/site-packages/airflow/example_dags/example_nested_branch_dag.py took 0.066 seconds
[2021-12-19 00:11:49,788] {processor.py:163} INFO - Started process (PID=957) to work on /home/airflow/.local/lib/python3.7/site-packages/airflow/example_dags/example_nested_branch_dag.py
[2021-12-19 00:11:49,791] {processor.py:625} INFO - Processing file /home/airflow/.local/lib/python3.7/site-packages/airflow/example_dags/example_nested_branch_dag.py for tasks to queue
[2021-12-19 00:11:49,792] {logging_mixin.py:109} INFO - [2021-12-19 00:11:49,792] {dagbag.py:500} INFO - Filling up the DagBag from /home/airflow/.local/lib/python3.7/site-packages/airflow/example_dags/example_nested_branch_dag.py
[2021-12-19 00:11:49,853] {processor.py:637} INFO - DAG(s) dict_keys(['example_nested_branch_dag']) retrieved from /home/airflow/.local/lib/python3.7/site-packages/airflow/example_dags/example_nested_branch_dag.py
[2021-12-19 00:11:49,872] {logging_mixin.py:109} INFO - [2021-12-19 00:11:49,872] {dag.py:2396} INFO - Sync 1 DAGs
[2021-12-19 00:11:49,908] {logging_mixin.py:109} INFO - [2021-12-19 00:11:49,908] {dag.py:2928} INFO - Setting next_dagrun for example_nested_branch_dag to 2021-12-18 00:00:00+00:00
[2021-12-19 00:11:49,927] {processor.py:171} INFO - Processing /home/airflow/.local/lib/python3.7/site-packages/airflow/example_dags/example_nested_branch_dag.py took 0.145 seconds
[2021-12-19 00:12:20,409] {processor.py:163} INFO - Started process (PID=1019) to work on /home/airflow/.local/lib/python3.7/site-packages/airflow/example_dags/example_nested_branch_dag.py
[2021-12-19 00:12:20,410] {processor.py:625} INFO - Processing file /home/airflow/.local/lib/python3.7/site-packages/airflow/example_dags/example_nested_branch_dag.py for tasks to queue
[2021-12-19 00:12:20,411] {logging_mixin.py:109} INFO - [2021-12-19 00:12:20,411] {dagbag.py:500} INFO - Filling up the DagBag from /home/airflow/.local/lib/python3.7/site-packages/airflow/example_dags/example_nested_branch_dag.py
[2021-12-19 00:12:20,440] {processor.py:637} INFO - DAG(s) dict_keys(['example_nested_branch_dag']) retrieved from /home/airflow/.local/lib/python3.7/site-packages/airflow/example_dags/example_nested_branch_dag.py
[2021-12-19 00:12:20,451] {logging_mixin.py:109} INFO - [2021-12-19 00:12:20,451] {dag.py:2396} INFO - Sync 1 DAGs
[2021-12-19 00:12:20,468] {logging_mixin.py:109} INFO - [2021-12-19 00:12:20,468] {dag.py:2928} INFO - Setting next_dagrun for example_nested_branch_dag to 2021-12-18 00:00:00+00:00
[2021-12-19 00:12:20,479] {processor.py:171} INFO - Processing /home/airflow/.local/lib/python3.7/site-packages/airflow/example_dags/example_nested_branch_dag.py took 0.073 seconds
[2021-12-19 00:12:51,017] {processor.py:163} INFO - Started process (PID=1088) to work on /home/airflow/.local/lib/python3.7/site-packages/airflow/example_dags/example_nested_branch_dag.py
[2021-12-19 00:12:51,018] {processor.py:625} INFO - Processing file /home/airflow/.local/lib/python3.7/site-packages/airflow/example_dags/example_nested_branch_dag.py for tasks to queue
[2021-12-19 00:12:51,019] {logging_mixin.py:109} INFO - [2021-12-19 00:12:51,019] {dagbag.py:500} INFO - Filling up the DagBag from /home/airflow/.local/lib/python3.7/site-packages/airflow/example_dags/example_nested_branch_dag.py
[2021-12-19 00:12:51,046] {processor.py:637} INFO - DAG(s) dict_keys(['example_nested_branch_dag']) retrieved from /home/airflow/.local/lib/python3.7/site-packages/airflow/example_dags/example_nested_branch_dag.py
[2021-12-19 00:12:51,057] {logging_mixin.py:109} INFO - [2021-12-19 00:12:51,056] {dag.py:2396} INFO - Sync 1 DAGs
[2021-12-19 00:12:51,075] {logging_mixin.py:109} INFO - [2021-12-19 00:12:51,075] {dag.py:2928} INFO - Setting next_dagrun for example_nested_branch_dag to 2021-12-18 00:00:00+00:00
[2021-12-19 00:12:51,084] {processor.py:171} INFO - Processing /home/airflow/.local/lib/python3.7/site-packages/airflow/example_dags/example_nested_branch_dag.py took 0.070 seconds
[2021-12-19 00:13:21,510] {processor.py:163} INFO - Started process (PID=1149) to work on /home/airflow/.local/lib/python3.7/site-packages/airflow/example_dags/example_nested_branch_dag.py
[2021-12-19 00:13:21,511] {processor.py:625} INFO - Processing file /home/airflow/.local/lib/python3.7/site-packages/airflow/example_dags/example_nested_branch_dag.py for tasks to queue
[2021-12-19 00:13:21,512] {logging_mixin.py:109} INFO - [2021-12-19 00:13:21,512] {dagbag.py:500} INFO - Filling up the DagBag from /home/airflow/.local/lib/python3.7/site-packages/airflow/example_dags/example_nested_branch_dag.py
[2021-12-19 00:13:21,539] {processor.py:637} INFO - DAG(s) dict_keys(['example_nested_branch_dag']) retrieved from /home/airflow/.local/lib/python3.7/site-packages/airflow/example_dags/example_nested_branch_dag.py
[2021-12-19 00:13:21,551] {logging_mixin.py:109} INFO - [2021-12-19 00:13:21,550] {dag.py:2396} INFO - Sync 1 DAGs
[2021-12-19 00:13:21,568] {logging_mixin.py:109} INFO - [2021-12-19 00:13:21,567] {dag.py:2928} INFO - Setting next_dagrun for example_nested_branch_dag to 2021-12-18 00:00:00+00:00
[2021-12-19 00:13:21,577] {processor.py:171} INFO - Processing /home/airflow/.local/lib/python3.7/site-packages/airflow/example_dags/example_nested_branch_dag.py took 0.069 seconds
[2021-12-19 00:13:52,225] {processor.py:163} INFO - Started process (PID=1211) to work on /home/airflow/.local/lib/python3.7/site-packages/airflow/example_dags/example_nested_branch_dag.py
[2021-12-19 00:13:52,227] {processor.py:625} INFO - Processing file /home/airflow/.local/lib/python3.7/site-packages/airflow/example_dags/example_nested_branch_dag.py for tasks to queue
[2021-12-19 00:13:52,228] {logging_mixin.py:109} INFO - [2021-12-19 00:13:52,227] {dagbag.py:500} INFO - Filling up the DagBag from /home/airflow/.local/lib/python3.7/site-packages/airflow/example_dags/example_nested_branch_dag.py
[2021-12-19 00:13:52,254] {processor.py:637} INFO - DAG(s) dict_keys(['example_nested_branch_dag']) retrieved from /home/airflow/.local/lib/python3.7/site-packages/airflow/example_dags/example_nested_branch_dag.py
[2021-12-19 00:13:52,264] {logging_mixin.py:109} INFO - [2021-12-19 00:13:52,264] {dag.py:2396} INFO - Sync 1 DAGs
[2021-12-19 00:13:52,279] {logging_mixin.py:109} INFO - [2021-12-19 00:13:52,279] {dag.py:2928} INFO - Setting next_dagrun for example_nested_branch_dag to 2021-12-18 00:00:00+00:00
[2021-12-19 00:13:52,288] {processor.py:171} INFO - Processing /home/airflow/.local/lib/python3.7/site-packages/airflow/example_dags/example_nested_branch_dag.py took 0.065 seconds
[2021-12-19 00:14:22,792] {processor.py:163} INFO - Started process (PID=1284) to work on /home/airflow/.local/lib/python3.7/site-packages/airflow/example_dags/example_nested_branch_dag.py
[2021-12-19 00:14:22,793] {processor.py:625} INFO - Processing file /home/airflow/.local/lib/python3.7/site-packages/airflow/example_dags/example_nested_branch_dag.py for tasks to queue
[2021-12-19 00:14:22,794] {logging_mixin.py:109} INFO - [2021-12-19 00:14:22,794] {dagbag.py:500} INFO - Filling up the DagBag from /home/airflow/.local/lib/python3.7/site-packages/airflow/example_dags/example_nested_branch_dag.py
[2021-12-19 00:14:22,821] {processor.py:637} INFO - DAG(s) dict_keys(['example_nested_branch_dag']) retrieved from /home/airflow/.local/lib/python3.7/site-packages/airflow/example_dags/example_nested_branch_dag.py
[2021-12-19 00:14:22,832] {logging_mixin.py:109} INFO - [2021-12-19 00:14:22,832] {dag.py:2396} INFO - Sync 1 DAGs
[2021-12-19 00:14:22,848] {logging_mixin.py:109} INFO - [2021-12-19 00:14:22,848] {dag.py:2928} INFO - Setting next_dagrun for example_nested_branch_dag to 2021-12-18 00:00:00+00:00
[2021-12-19 00:14:22,861] {processor.py:171} INFO - Processing /home/airflow/.local/lib/python3.7/site-packages/airflow/example_dags/example_nested_branch_dag.py took 0.072 seconds
[2021-12-19 00:14:53,146] {processor.py:163} INFO - Started process (PID=1345) to work on /home/airflow/.local/lib/python3.7/site-packages/airflow/example_dags/example_nested_branch_dag.py
[2021-12-19 00:14:53,147] {processor.py:625} INFO - Processing file /home/airflow/.local/lib/python3.7/site-packages/airflow/example_dags/example_nested_branch_dag.py for tasks to queue
[2021-12-19 00:14:53,148] {logging_mixin.py:109} INFO - [2021-12-19 00:14:53,148] {dagbag.py:500} INFO - Filling up the DagBag from /home/airflow/.local/lib/python3.7/site-packages/airflow/example_dags/example_nested_branch_dag.py
[2021-12-19 00:14:53,176] {processor.py:637} INFO - DAG(s) dict_keys(['example_nested_branch_dag']) retrieved from /home/airflow/.local/lib/python3.7/site-packages/airflow/example_dags/example_nested_branch_dag.py
[2021-12-19 00:14:53,188] {logging_mixin.py:109} INFO - [2021-12-19 00:14:53,188] {dag.py:2396} INFO - Sync 1 DAGs
[2021-12-19 00:14:53,206] {logging_mixin.py:109} INFO - [2021-12-19 00:14:53,206] {dag.py:2928} INFO - Setting next_dagrun for example_nested_branch_dag to 2021-12-18 00:00:00+00:00
[2021-12-19 00:14:53,216] {processor.py:171} INFO - Processing /home/airflow/.local/lib/python3.7/site-packages/airflow/example_dags/example_nested_branch_dag.py took 0.072 seconds
[2021-12-19 00:15:23,284] {processor.py:163} INFO - Started process (PID=1417) to work on /home/airflow/.local/lib/python3.7/site-packages/airflow/example_dags/example_nested_branch_dag.py
[2021-12-19 00:15:23,286] {processor.py:625} INFO - Processing file /home/airflow/.local/lib/python3.7/site-packages/airflow/example_dags/example_nested_branch_dag.py for tasks to queue
[2021-12-19 00:15:23,287] {logging_mixin.py:109} INFO - [2021-12-19 00:15:23,287] {dagbag.py:500} INFO - Filling up the DagBag from /home/airflow/.local/lib/python3.7/site-packages/airflow/example_dags/example_nested_branch_dag.py
[2021-12-19 00:15:23,312] {processor.py:637} INFO - DAG(s) dict_keys(['example_nested_branch_dag']) retrieved from /home/airflow/.local/lib/python3.7/site-packages/airflow/example_dags/example_nested_branch_dag.py
[2021-12-19 00:15:23,323] {logging_mixin.py:109} INFO - [2021-12-19 00:15:23,323] {dag.py:2396} INFO - Sync 1 DAGs
[2021-12-19 00:15:23,337] {logging_mixin.py:109} INFO - [2021-12-19 00:15:23,337] {dag.py:2928} INFO - Setting next_dagrun for example_nested_branch_dag to 2021-12-18 00:00:00+00:00
[2021-12-19 00:15:23,346] {processor.py:171} INFO - Processing /home/airflow/.local/lib/python3.7/site-packages/airflow/example_dags/example_nested_branch_dag.py took 0.065 seconds
[2021-12-19 00:15:53,503] {processor.py:163} INFO - Started process (PID=1478) to work on /home/airflow/.local/lib/python3.7/site-packages/airflow/example_dags/example_nested_branch_dag.py
[2021-12-19 00:15:53,504] {processor.py:625} INFO - Processing file /home/airflow/.local/lib/python3.7/site-packages/airflow/example_dags/example_nested_branch_dag.py for tasks to queue
[2021-12-19 00:15:53,505] {logging_mixin.py:109} INFO - [2021-12-19 00:15:53,505] {dagbag.py:500} INFO - Filling up the DagBag from /home/airflow/.local/lib/python3.7/site-packages/airflow/example_dags/example_nested_branch_dag.py
[2021-12-19 00:15:53,530] {processor.py:637} INFO - DAG(s) dict_keys(['example_nested_branch_dag']) retrieved from /home/airflow/.local/lib/python3.7/site-packages/airflow/example_dags/example_nested_branch_dag.py
[2021-12-19 00:15:53,539] {logging_mixin.py:109} INFO - [2021-12-19 00:15:53,539] {dag.py:2396} INFO - Sync 1 DAGs
[2021-12-19 00:15:53,554] {logging_mixin.py:109} INFO - [2021-12-19 00:15:53,553] {dag.py:2928} INFO - Setting next_dagrun for example_nested_branch_dag to 2021-12-18 00:00:00+00:00
[2021-12-19 00:15:53,563] {processor.py:171} INFO - Processing /home/airflow/.local/lib/python3.7/site-packages/airflow/example_dags/example_nested_branch_dag.py took 0.062 seconds
[2021-12-19 00:16:24,026] {processor.py:163} INFO - Started process (PID=1549) to work on /home/airflow/.local/lib/python3.7/site-packages/airflow/example_dags/example_nested_branch_dag.py
[2021-12-19 00:16:24,027] {processor.py:625} INFO - Processing file /home/airflow/.local/lib/python3.7/site-packages/airflow/example_dags/example_nested_branch_dag.py for tasks to queue
[2021-12-19 00:16:24,028] {logging_mixin.py:109} INFO - [2021-12-19 00:16:24,028] {dagbag.py:500} INFO - Filling up the DagBag from /home/airflow/.local/lib/python3.7/site-packages/airflow/example_dags/example_nested_branch_dag.py
[2021-12-19 00:16:24,057] {processor.py:637} INFO - DAG(s) dict_keys(['example_nested_branch_dag']) retrieved from /home/airflow/.local/lib/python3.7/site-packages/airflow/example_dags/example_nested_branch_dag.py
[2021-12-19 00:16:24,069] {logging_mixin.py:109} INFO - [2021-12-19 00:16:24,069] {dag.py:2396} INFO - Sync 1 DAGs
[2021-12-19 00:16:24,092] {logging_mixin.py:109} INFO - [2021-12-19 00:16:24,092] {dag.py:2928} INFO - Setting next_dagrun for example_nested_branch_dag to 2021-12-18 00:00:00+00:00
[2021-12-19 00:16:24,103] {processor.py:171} INFO - Processing /home/airflow/.local/lib/python3.7/site-packages/airflow/example_dags/example_nested_branch_dag.py took 0.081 seconds
[2021-12-19 00:16:54,498] {processor.py:163} INFO - Started process (PID=1610) to work on /home/airflow/.local/lib/python3.7/site-packages/airflow/example_dags/example_nested_branch_dag.py
[2021-12-19 00:16:54,500] {processor.py:625} INFO - Processing file /home/airflow/.local/lib/python3.7/site-packages/airflow/example_dags/example_nested_branch_dag.py for tasks to queue
[2021-12-19 00:16:54,500] {logging_mixin.py:109} INFO - [2021-12-19 00:16:54,500] {dagbag.py:500} INFO - Filling up the DagBag from /home/airflow/.local/lib/python3.7/site-packages/airflow/example_dags/example_nested_branch_dag.py
[2021-12-19 00:16:54,526] {processor.py:637} INFO - DAG(s) dict_keys(['example_nested_branch_dag']) retrieved from /home/airflow/.local/lib/python3.7/site-packages/airflow/example_dags/example_nested_branch_dag.py
[2021-12-19 00:16:54,536] {logging_mixin.py:109} INFO - [2021-12-19 00:16:54,535] {dag.py:2396} INFO - Sync 1 DAGs
[2021-12-19 00:16:54,550] {logging_mixin.py:109} INFO - [2021-12-19 00:16:54,550] {dag.py:2928} INFO - Setting next_dagrun for example_nested_branch_dag to 2021-12-18 00:00:00+00:00
[2021-12-19 00:16:54,559] {processor.py:171} INFO - Processing /home/airflow/.local/lib/python3.7/site-packages/airflow/example_dags/example_nested_branch_dag.py took 0.063 seconds
[2021-12-19 00:17:25,437] {processor.py:163} INFO - Started process (PID=1671) to work on /home/airflow/.local/lib/python3.7/site-packages/airflow/example_dags/example_nested_branch_dag.py
[2021-12-19 00:17:25,439] {processor.py:625} INFO - Processing file /home/airflow/.local/lib/python3.7/site-packages/airflow/example_dags/example_nested_branch_dag.py for tasks to queue
[2021-12-19 00:17:25,439] {logging_mixin.py:109} INFO - [2021-12-19 00:17:25,439] {dagbag.py:500} INFO - Filling up the DagBag from /home/airflow/.local/lib/python3.7/site-packages/airflow/example_dags/example_nested_branch_dag.py
[2021-12-19 00:17:25,465] {processor.py:637} INFO - DAG(s) dict_keys(['example_nested_branch_dag']) retrieved from /home/airflow/.local/lib/python3.7/site-packages/airflow/example_dags/example_nested_branch_dag.py
[2021-12-19 00:17:25,475] {logging_mixin.py:109} INFO - [2021-12-19 00:17:25,475] {dag.py:2396} INFO - Sync 1 DAGs
[2021-12-19 00:17:25,491] {logging_mixin.py:109} INFO - [2021-12-19 00:17:25,491] {dag.py:2928} INFO - Setting next_dagrun for example_nested_branch_dag to 2021-12-18 00:00:00+00:00
[2021-12-19 00:17:25,500] {processor.py:171} INFO - Processing /home/airflow/.local/lib/python3.7/site-packages/airflow/example_dags/example_nested_branch_dag.py took 0.066 seconds
[2021-12-19 00:17:56,028] {processor.py:163} INFO - Started process (PID=1742) to work on /home/airflow/.local/lib/python3.7/site-packages/airflow/example_dags/example_nested_branch_dag.py
[2021-12-19 00:17:56,030] {processor.py:625} INFO - Processing file /home/airflow/.local/lib/python3.7/site-packages/airflow/example_dags/example_nested_branch_dag.py for tasks to queue
[2021-12-19 00:17:56,031] {logging_mixin.py:109} INFO - [2021-12-19 00:17:56,031] {dagbag.py:500} INFO - Filling up the DagBag from /home/airflow/.local/lib/python3.7/site-packages/airflow/example_dags/example_nested_branch_dag.py
[2021-12-19 00:17:56,072] {processor.py:637} INFO - DAG(s) dict_keys(['example_nested_branch_dag']) retrieved from /home/airflow/.local/lib/python3.7/site-packages/airflow/example_dags/example_nested_branch_dag.py
[2021-12-19 00:17:56,087] {logging_mixin.py:109} INFO - [2021-12-19 00:17:56,087] {dag.py:2396} INFO - Sync 1 DAGs
[2021-12-19 00:17:56,108] {logging_mixin.py:109} INFO - [2021-12-19 00:17:56,108] {dag.py:2928} INFO - Setting next_dagrun for example_nested_branch_dag to 2021-12-18 00:00:00+00:00
[2021-12-19 00:17:56,126] {processor.py:171} INFO - Processing /home/airflow/.local/lib/python3.7/site-packages/airflow/example_dags/example_nested_branch_dag.py took 0.102 seconds
[2021-12-19 00:18:26,771] {processor.py:163} INFO - Started process (PID=1803) to work on /home/airflow/.local/lib/python3.7/site-packages/airflow/example_dags/example_nested_branch_dag.py
[2021-12-19 00:18:26,772] {processor.py:625} INFO - Processing file /home/airflow/.local/lib/python3.7/site-packages/airflow/example_dags/example_nested_branch_dag.py for tasks to queue
[2021-12-19 00:18:26,773] {logging_mixin.py:109} INFO - [2021-12-19 00:18:26,773] {dagbag.py:500} INFO - Filling up the DagBag from /home/airflow/.local/lib/python3.7/site-packages/airflow/example_dags/example_nested_branch_dag.py
[2021-12-19 00:18:26,799] {processor.py:637} INFO - DAG(s) dict_keys(['example_nested_branch_dag']) retrieved from /home/airflow/.local/lib/python3.7/site-packages/airflow/example_dags/example_nested_branch_dag.py
[2021-12-19 00:18:26,809] {logging_mixin.py:109} INFO - [2021-12-19 00:18:26,809] {dag.py:2396} INFO - Sync 1 DAGs
[2021-12-19 00:18:26,825] {logging_mixin.py:109} INFO - [2021-12-19 00:18:26,825] {dag.py:2928} INFO - Setting next_dagrun for example_nested_branch_dag to 2021-12-18 00:00:00+00:00
[2021-12-19 00:18:26,834] {processor.py:171} INFO - Processing /home/airflow/.local/lib/python3.7/site-packages/airflow/example_dags/example_nested_branch_dag.py took 0.066 seconds
[2021-12-19 00:18:56,911] {processor.py:163} INFO - Started process (PID=1874) to work on /home/airflow/.local/lib/python3.7/site-packages/airflow/example_dags/example_nested_branch_dag.py
[2021-12-19 00:18:56,912] {processor.py:625} INFO - Processing file /home/airflow/.local/lib/python3.7/site-packages/airflow/example_dags/example_nested_branch_dag.py for tasks to queue
[2021-12-19 00:18:56,913] {logging_mixin.py:109} INFO - [2021-12-19 00:18:56,913] {dagbag.py:500} INFO - Filling up the DagBag from /home/airflow/.local/lib/python3.7/site-packages/airflow/example_dags/example_nested_branch_dag.py
[2021-12-19 00:18:56,939] {processor.py:637} INFO - DAG(s) dict_keys(['example_nested_branch_dag']) retrieved from /home/airflow/.local/lib/python3.7/site-packages/airflow/example_dags/example_nested_branch_dag.py
[2021-12-19 00:18:56,951] {logging_mixin.py:109} INFO - [2021-12-19 00:18:56,951] {dag.py:2396} INFO - Sync 1 DAGs
[2021-12-19 00:18:56,967] {logging_mixin.py:109} INFO - [2021-12-19 00:18:56,967] {dag.py:2928} INFO - Setting next_dagrun for example_nested_branch_dag to 2021-12-18 00:00:00+00:00
[2021-12-19 00:18:56,981] {processor.py:171} INFO - Processing /home/airflow/.local/lib/python3.7/site-packages/airflow/example_dags/example_nested_branch_dag.py took 0.072 seconds
[2021-12-19 00:19:27,995] {processor.py:163} INFO - Started process (PID=1935) to work on /home/airflow/.local/lib/python3.7/site-packages/airflow/example_dags/example_nested_branch_dag.py
[2021-12-19 00:19:27,996] {processor.py:625} INFO - Processing file /home/airflow/.local/lib/python3.7/site-packages/airflow/example_dags/example_nested_branch_dag.py for tasks to queue
[2021-12-19 00:19:27,997] {logging_mixin.py:109} INFO - [2021-12-19 00:19:27,997] {dagbag.py:500} INFO - Filling up the DagBag from /home/airflow/.local/lib/python3.7/site-packages/airflow/example_dags/example_nested_branch_dag.py
[2021-12-19 00:19:28,026] {processor.py:637} INFO - DAG(s) dict_keys(['example_nested_branch_dag']) retrieved from /home/airflow/.local/lib/python3.7/site-packages/airflow/example_dags/example_nested_branch_dag.py
[2021-12-19 00:19:28,035] {logging_mixin.py:109} INFO - [2021-12-19 00:19:28,035] {dag.py:2396} INFO - Sync 1 DAGs
[2021-12-19 00:19:28,050] {logging_mixin.py:109} INFO - [2021-12-19 00:19:28,050] {dag.py:2928} INFO - Setting next_dagrun for example_nested_branch_dag to 2021-12-18 00:00:00+00:00
[2021-12-19 00:19:28,062] {processor.py:171} INFO - Processing /home/airflow/.local/lib/python3.7/site-packages/airflow/example_dags/example_nested_branch_dag.py took 0.069 seconds
[2021-12-19 20:26:58,291] {processor.py:163} INFO - Started process (PID=72) to work on /home/airflow/.local/lib/python3.7/site-packages/airflow/example_dags/example_nested_branch_dag.py
[2021-12-19 20:26:58,294] {processor.py:625} INFO - Processing file /home/airflow/.local/lib/python3.7/site-packages/airflow/example_dags/example_nested_branch_dag.py for tasks to queue
[2021-12-19 20:26:58,295] {logging_mixin.py:109} INFO - [2021-12-19 20:26:58,295] {dagbag.py:500} INFO - Filling up the DagBag from /home/airflow/.local/lib/python3.7/site-packages/airflow/example_dags/example_nested_branch_dag.py
[2021-12-19 20:26:58,360] {processor.py:637} INFO - DAG(s) dict_keys(['example_nested_branch_dag']) retrieved from /home/airflow/.local/lib/python3.7/site-packages/airflow/example_dags/example_nested_branch_dag.py
[2021-12-19 20:26:58,387] {logging_mixin.py:109} INFO - [2021-12-19 20:26:58,386] {dag.py:2396} INFO - Sync 1 DAGs
[2021-12-19 20:26:58,445] {logging_mixin.py:109} INFO - [2021-12-19 20:26:58,445] {dag.py:2928} INFO - Setting next_dagrun for example_nested_branch_dag to 2021-12-18 00:00:00+00:00
[2021-12-19 20:26:58,476] {processor.py:171} INFO - Processing /home/airflow/.local/lib/python3.7/site-packages/airflow/example_dags/example_nested_branch_dag.py took 0.191 seconds
[2021-12-19 20:27:40,795] {processor.py:163} INFO - Started process (PID=145) to work on /home/airflow/.local/lib/python3.7/site-packages/airflow/example_dags/example_nested_branch_dag.py
[2021-12-19 20:27:40,825] {processor.py:625} INFO - Processing file /home/airflow/.local/lib/python3.7/site-packages/airflow/example_dags/example_nested_branch_dag.py for tasks to queue
[2021-12-19 20:27:40,827] {logging_mixin.py:109} INFO - [2021-12-19 20:27:40,827] {dagbag.py:500} INFO - Filling up the DagBag from /home/airflow/.local/lib/python3.7/site-packages/airflow/example_dags/example_nested_branch_dag.py
[2021-12-19 20:27:40,905] {processor.py:637} INFO - DAG(s) dict_keys(['example_nested_branch_dag']) retrieved from /home/airflow/.local/lib/python3.7/site-packages/airflow/example_dags/example_nested_branch_dag.py
[2021-12-19 20:27:40,939] {logging_mixin.py:109} INFO - [2021-12-19 20:27:40,939] {dag.py:2396} INFO - Sync 1 DAGs
[2021-12-19 20:27:40,978] {logging_mixin.py:109} INFO - [2021-12-19 20:27:40,978] {dag.py:2928} INFO - Setting next_dagrun for example_nested_branch_dag to 2021-12-18 00:00:00+00:00
[2021-12-19 20:27:41,003] {processor.py:171} INFO - Processing /home/airflow/.local/lib/python3.7/site-packages/airflow/example_dags/example_nested_branch_dag.py took 0.215 seconds
