[2021-12-19 00:00:05,516] {processor.py:163} INFO - Started process (PID=31906) to work on /home/airflow/.local/lib/python3.7/site-packages/airflow/example_dags/tutorial.py
[2021-12-19 00:00:05,517] {processor.py:625} INFO - Processing file /home/airflow/.local/lib/python3.7/site-packages/airflow/example_dags/tutorial.py for tasks to queue
[2021-12-19 00:00:05,518] {logging_mixin.py:109} INFO - [2021-12-19 00:00:05,518] {dagbag.py:500} INFO - Filling up the DagBag from /home/airflow/.local/lib/python3.7/site-packages/airflow/example_dags/tutorial.py
[2021-12-19 00:00:05,543] {processor.py:637} INFO - DAG(s) dict_keys(['tutorial']) retrieved from /home/airflow/.local/lib/python3.7/site-packages/airflow/example_dags/tutorial.py
[2021-12-19 00:00:05,552] {logging_mixin.py:109} INFO - [2021-12-19 00:00:05,552] {dag.py:2396} INFO - Sync 1 DAGs
[2021-12-19 00:00:05,565] {logging_mixin.py:109} INFO - [2021-12-19 00:00:05,565] {dag.py:2928} INFO - Setting next_dagrun for tutorial to 2021-12-18T00:00:05.565597+00:00
[2021-12-19 00:00:05,575] {processor.py:171} INFO - Processing /home/airflow/.local/lib/python3.7/site-packages/airflow/example_dags/tutorial.py took 0.061 seconds
[2021-12-19 00:00:36,274] {processor.py:163} INFO - Started process (PID=31977) to work on /home/airflow/.local/lib/python3.7/site-packages/airflow/example_dags/tutorial.py
[2021-12-19 00:00:36,275] {processor.py:625} INFO - Processing file /home/airflow/.local/lib/python3.7/site-packages/airflow/example_dags/tutorial.py for tasks to queue
[2021-12-19 00:00:36,276] {logging_mixin.py:109} INFO - [2021-12-19 00:00:36,276] {dagbag.py:500} INFO - Filling up the DagBag from /home/airflow/.local/lib/python3.7/site-packages/airflow/example_dags/tutorial.py
[2021-12-19 00:00:36,301] {processor.py:637} INFO - DAG(s) dict_keys(['tutorial']) retrieved from /home/airflow/.local/lib/python3.7/site-packages/airflow/example_dags/tutorial.py
[2021-12-19 00:00:36,310] {logging_mixin.py:109} INFO - [2021-12-19 00:00:36,310] {dag.py:2396} INFO - Sync 1 DAGs
[2021-12-19 00:00:36,324] {logging_mixin.py:109} INFO - [2021-12-19 00:00:36,324] {dag.py:2928} INFO - Setting next_dagrun for tutorial to 2021-12-18T00:00:36.323927+00:00
[2021-12-19 00:00:36,334] {processor.py:171} INFO - Processing /home/airflow/.local/lib/python3.7/site-packages/airflow/example_dags/tutorial.py took 0.063 seconds
[2021-12-19 00:01:06,753] {processor.py:163} INFO - Started process (PID=32038) to work on /home/airflow/.local/lib/python3.7/site-packages/airflow/example_dags/tutorial.py
[2021-12-19 00:01:06,754] {processor.py:625} INFO - Processing file /home/airflow/.local/lib/python3.7/site-packages/airflow/example_dags/tutorial.py for tasks to queue
[2021-12-19 00:01:06,755] {logging_mixin.py:109} INFO - [2021-12-19 00:01:06,755] {dagbag.py:500} INFO - Filling up the DagBag from /home/airflow/.local/lib/python3.7/site-packages/airflow/example_dags/tutorial.py
[2021-12-19 00:01:06,782] {processor.py:637} INFO - DAG(s) dict_keys(['tutorial']) retrieved from /home/airflow/.local/lib/python3.7/site-packages/airflow/example_dags/tutorial.py
[2021-12-19 00:01:06,793] {logging_mixin.py:109} INFO - [2021-12-19 00:01:06,793] {dag.py:2396} INFO - Sync 1 DAGs
[2021-12-19 00:01:06,807] {logging_mixin.py:109} INFO - [2021-12-19 00:01:06,807] {dag.py:2928} INFO - Setting next_dagrun for tutorial to 2021-12-18T00:01:06.807433+00:00
[2021-12-19 00:01:06,817] {processor.py:171} INFO - Processing /home/airflow/.local/lib/python3.7/site-packages/airflow/example_dags/tutorial.py took 0.067 seconds
[2021-12-19 00:01:37,171] {processor.py:163} INFO - Started process (PID=32108) to work on /home/airflow/.local/lib/python3.7/site-packages/airflow/example_dags/tutorial.py
[2021-12-19 00:01:37,173] {processor.py:625} INFO - Processing file /home/airflow/.local/lib/python3.7/site-packages/airflow/example_dags/tutorial.py for tasks to queue
[2021-12-19 00:01:37,174] {logging_mixin.py:109} INFO - [2021-12-19 00:01:37,174] {dagbag.py:500} INFO - Filling up the DagBag from /home/airflow/.local/lib/python3.7/site-packages/airflow/example_dags/tutorial.py
[2021-12-19 00:01:37,205] {processor.py:637} INFO - DAG(s) dict_keys(['tutorial']) retrieved from /home/airflow/.local/lib/python3.7/site-packages/airflow/example_dags/tutorial.py
[2021-12-19 00:01:37,215] {logging_mixin.py:109} INFO - [2021-12-19 00:01:37,215] {dag.py:2396} INFO - Sync 1 DAGs
[2021-12-19 00:01:37,233] {logging_mixin.py:109} INFO - [2021-12-19 00:01:37,233] {dag.py:2928} INFO - Setting next_dagrun for tutorial to 2021-12-18T00:01:37.233474+00:00
[2021-12-19 00:01:37,244] {processor.py:171} INFO - Processing /home/airflow/.local/lib/python3.7/site-packages/airflow/example_dags/tutorial.py took 0.077 seconds
[2021-12-19 00:02:07,644] {processor.py:163} INFO - Started process (PID=32170) to work on /home/airflow/.local/lib/python3.7/site-packages/airflow/example_dags/tutorial.py
[2021-12-19 00:02:07,646] {processor.py:625} INFO - Processing file /home/airflow/.local/lib/python3.7/site-packages/airflow/example_dags/tutorial.py for tasks to queue
[2021-12-19 00:02:07,647] {logging_mixin.py:109} INFO - [2021-12-19 00:02:07,646] {dagbag.py:500} INFO - Filling up the DagBag from /home/airflow/.local/lib/python3.7/site-packages/airflow/example_dags/tutorial.py
[2021-12-19 00:02:07,675] {processor.py:637} INFO - DAG(s) dict_keys(['tutorial']) retrieved from /home/airflow/.local/lib/python3.7/site-packages/airflow/example_dags/tutorial.py
[2021-12-19 00:02:07,684] {logging_mixin.py:109} INFO - [2021-12-19 00:02:07,684] {dag.py:2396} INFO - Sync 1 DAGs
[2021-12-19 00:02:07,697] {logging_mixin.py:109} INFO - [2021-12-19 00:02:07,697] {dag.py:2928} INFO - Setting next_dagrun for tutorial to 2021-12-18T00:02:07.696987+00:00
[2021-12-19 00:02:07,708] {processor.py:171} INFO - Processing /home/airflow/.local/lib/python3.7/site-packages/airflow/example_dags/tutorial.py took 0.067 seconds
[2021-12-19 00:02:38,406] {processor.py:163} INFO - Started process (PID=32240) to work on /home/airflow/.local/lib/python3.7/site-packages/airflow/example_dags/tutorial.py
[2021-12-19 00:02:38,407] {processor.py:625} INFO - Processing file /home/airflow/.local/lib/python3.7/site-packages/airflow/example_dags/tutorial.py for tasks to queue
[2021-12-19 00:02:38,408] {logging_mixin.py:109} INFO - [2021-12-19 00:02:38,408] {dagbag.py:500} INFO - Filling up the DagBag from /home/airflow/.local/lib/python3.7/site-packages/airflow/example_dags/tutorial.py
[2021-12-19 00:02:38,436] {processor.py:637} INFO - DAG(s) dict_keys(['tutorial']) retrieved from /home/airflow/.local/lib/python3.7/site-packages/airflow/example_dags/tutorial.py
[2021-12-19 00:02:38,446] {logging_mixin.py:109} INFO - [2021-12-19 00:02:38,446] {dag.py:2396} INFO - Sync 1 DAGs
[2021-12-19 00:02:38,462] {logging_mixin.py:109} INFO - [2021-12-19 00:02:38,462] {dag.py:2928} INFO - Setting next_dagrun for tutorial to 2021-12-18T00:02:38.462202+00:00
[2021-12-19 00:02:38,473] {processor.py:171} INFO - Processing /home/airflow/.local/lib/python3.7/site-packages/airflow/example_dags/tutorial.py took 0.070 seconds
[2021-12-19 00:03:09,021] {processor.py:163} INFO - Started process (PID=32300) to work on /home/airflow/.local/lib/python3.7/site-packages/airflow/example_dags/tutorial.py
[2021-12-19 00:03:09,022] {processor.py:625} INFO - Processing file /home/airflow/.local/lib/python3.7/site-packages/airflow/example_dags/tutorial.py for tasks to queue
[2021-12-19 00:03:09,023] {logging_mixin.py:109} INFO - [2021-12-19 00:03:09,023] {dagbag.py:500} INFO - Filling up the DagBag from /home/airflow/.local/lib/python3.7/site-packages/airflow/example_dags/tutorial.py
[2021-12-19 00:03:09,048] {processor.py:637} INFO - DAG(s) dict_keys(['tutorial']) retrieved from /home/airflow/.local/lib/python3.7/site-packages/airflow/example_dags/tutorial.py
[2021-12-19 00:03:09,056] {logging_mixin.py:109} INFO - [2021-12-19 00:03:09,056] {dag.py:2396} INFO - Sync 1 DAGs
[2021-12-19 00:03:09,069] {logging_mixin.py:109} INFO - [2021-12-19 00:03:09,069] {dag.py:2928} INFO - Setting next_dagrun for tutorial to 2021-12-18T00:03:09.069440+00:00
[2021-12-19 00:03:09,079] {processor.py:171} INFO - Processing /home/airflow/.local/lib/python3.7/site-packages/airflow/example_dags/tutorial.py took 0.061 seconds
[2021-12-19 00:03:39,678] {processor.py:163} INFO - Started process (PID=32370) to work on /home/airflow/.local/lib/python3.7/site-packages/airflow/example_dags/tutorial.py
[2021-12-19 00:03:39,680] {processor.py:625} INFO - Processing file /home/airflow/.local/lib/python3.7/site-packages/airflow/example_dags/tutorial.py for tasks to queue
[2021-12-19 00:03:39,680] {logging_mixin.py:109} INFO - [2021-12-19 00:03:39,680] {dagbag.py:500} INFO - Filling up the DagBag from /home/airflow/.local/lib/python3.7/site-packages/airflow/example_dags/tutorial.py
[2021-12-19 00:03:39,710] {processor.py:637} INFO - DAG(s) dict_keys(['tutorial']) retrieved from /home/airflow/.local/lib/python3.7/site-packages/airflow/example_dags/tutorial.py
[2021-12-19 00:03:39,720] {logging_mixin.py:109} INFO - [2021-12-19 00:03:39,720] {dag.py:2396} INFO - Sync 1 DAGs
[2021-12-19 00:03:39,735] {logging_mixin.py:109} INFO - [2021-12-19 00:03:39,735] {dag.py:2928} INFO - Setting next_dagrun for tutorial to 2021-12-18T00:03:39.735091+00:00
[2021-12-19 00:03:39,747] {processor.py:171} INFO - Processing /home/airflow/.local/lib/python3.7/site-packages/airflow/example_dags/tutorial.py took 0.073 seconds
[2021-12-19 00:04:09,995] {processor.py:163} INFO - Started process (PID=32431) to work on /home/airflow/.local/lib/python3.7/site-packages/airflow/example_dags/tutorial.py
[2021-12-19 00:04:09,997] {processor.py:625} INFO - Processing file /home/airflow/.local/lib/python3.7/site-packages/airflow/example_dags/tutorial.py for tasks to queue
[2021-12-19 00:04:09,998] {logging_mixin.py:109} INFO - [2021-12-19 00:04:09,998] {dagbag.py:500} INFO - Filling up the DagBag from /home/airflow/.local/lib/python3.7/site-packages/airflow/example_dags/tutorial.py
[2021-12-19 00:04:10,034] {processor.py:637} INFO - DAG(s) dict_keys(['tutorial']) retrieved from /home/airflow/.local/lib/python3.7/site-packages/airflow/example_dags/tutorial.py
[2021-12-19 00:04:10,047] {logging_mixin.py:109} INFO - [2021-12-19 00:04:10,047] {dag.py:2396} INFO - Sync 1 DAGs
[2021-12-19 00:04:10,065] {logging_mixin.py:109} INFO - [2021-12-19 00:04:10,065] {dag.py:2928} INFO - Setting next_dagrun for tutorial to 2021-12-18T00:04:10.065119+00:00
[2021-12-19 00:04:10,078] {processor.py:171} INFO - Processing /home/airflow/.local/lib/python3.7/site-packages/airflow/example_dags/tutorial.py took 0.089 seconds
[2021-12-19 00:04:40,280] {processor.py:163} INFO - Started process (PID=32492) to work on /home/airflow/.local/lib/python3.7/site-packages/airflow/example_dags/tutorial.py
[2021-12-19 00:04:40,282] {processor.py:625} INFO - Processing file /home/airflow/.local/lib/python3.7/site-packages/airflow/example_dags/tutorial.py for tasks to queue
[2021-12-19 00:04:40,283] {logging_mixin.py:109} INFO - [2021-12-19 00:04:40,283] {dagbag.py:500} INFO - Filling up the DagBag from /home/airflow/.local/lib/python3.7/site-packages/airflow/example_dags/tutorial.py
[2021-12-19 00:04:40,309] {processor.py:637} INFO - DAG(s) dict_keys(['tutorial']) retrieved from /home/airflow/.local/lib/python3.7/site-packages/airflow/example_dags/tutorial.py
[2021-12-19 00:04:40,318] {logging_mixin.py:109} INFO - [2021-12-19 00:04:40,318] {dag.py:2396} INFO - Sync 1 DAGs
[2021-12-19 00:04:40,332] {logging_mixin.py:109} INFO - [2021-12-19 00:04:40,332] {dag.py:2928} INFO - Setting next_dagrun for tutorial to 2021-12-18T00:04:40.332401+00:00
[2021-12-19 00:04:40,344] {processor.py:171} INFO - Processing /home/airflow/.local/lib/python3.7/site-packages/airflow/example_dags/tutorial.py took 0.067 seconds
[2021-12-19 00:05:11,151] {processor.py:163} INFO - Started process (PID=32564) to work on /home/airflow/.local/lib/python3.7/site-packages/airflow/example_dags/tutorial.py
[2021-12-19 00:05:11,152] {processor.py:625} INFO - Processing file /home/airflow/.local/lib/python3.7/site-packages/airflow/example_dags/tutorial.py for tasks to queue
[2021-12-19 00:05:11,153] {logging_mixin.py:109} INFO - [2021-12-19 00:05:11,153] {dagbag.py:500} INFO - Filling up the DagBag from /home/airflow/.local/lib/python3.7/site-packages/airflow/example_dags/tutorial.py
[2021-12-19 00:05:11,176] {processor.py:637} INFO - DAG(s) dict_keys(['tutorial']) retrieved from /home/airflow/.local/lib/python3.7/site-packages/airflow/example_dags/tutorial.py
[2021-12-19 00:05:11,185] {logging_mixin.py:109} INFO - [2021-12-19 00:05:11,185] {dag.py:2396} INFO - Sync 1 DAGs
[2021-12-19 00:05:11,199] {logging_mixin.py:109} INFO - [2021-12-19 00:05:11,199] {dag.py:2928} INFO - Setting next_dagrun for tutorial to 2021-12-18T00:05:11.199078+00:00
[2021-12-19 00:05:11,211] {processor.py:171} INFO - Processing /home/airflow/.local/lib/python3.7/site-packages/airflow/example_dags/tutorial.py took 0.063 seconds
[2021-12-19 00:05:41,722] {processor.py:163} INFO - Started process (PID=32624) to work on /home/airflow/.local/lib/python3.7/site-packages/airflow/example_dags/tutorial.py
[2021-12-19 00:05:41,723] {processor.py:625} INFO - Processing file /home/airflow/.local/lib/python3.7/site-packages/airflow/example_dags/tutorial.py for tasks to queue
[2021-12-19 00:05:41,725] {logging_mixin.py:109} INFO - [2021-12-19 00:05:41,725] {dagbag.py:500} INFO - Filling up the DagBag from /home/airflow/.local/lib/python3.7/site-packages/airflow/example_dags/tutorial.py
[2021-12-19 00:05:41,749] {processor.py:637} INFO - DAG(s) dict_keys(['tutorial']) retrieved from /home/airflow/.local/lib/python3.7/site-packages/airflow/example_dags/tutorial.py
[2021-12-19 00:05:41,760] {logging_mixin.py:109} INFO - [2021-12-19 00:05:41,760] {dag.py:2396} INFO - Sync 1 DAGs
[2021-12-19 00:05:41,778] {logging_mixin.py:109} INFO - [2021-12-19 00:05:41,777] {dag.py:2928} INFO - Setting next_dagrun for tutorial to 2021-12-18T00:05:41.777614+00:00
[2021-12-19 00:05:41,788] {processor.py:171} INFO - Processing /home/airflow/.local/lib/python3.7/site-packages/airflow/example_dags/tutorial.py took 0.069 seconds
[2021-12-19 00:06:12,042] {processor.py:163} INFO - Started process (PID=32695) to work on /home/airflow/.local/lib/python3.7/site-packages/airflow/example_dags/tutorial.py
[2021-12-19 00:06:12,044] {processor.py:625} INFO - Processing file /home/airflow/.local/lib/python3.7/site-packages/airflow/example_dags/tutorial.py for tasks to queue
[2021-12-19 00:06:12,045] {logging_mixin.py:109} INFO - [2021-12-19 00:06:12,045] {dagbag.py:500} INFO - Filling up the DagBag from /home/airflow/.local/lib/python3.7/site-packages/airflow/example_dags/tutorial.py
[2021-12-19 00:06:12,079] {processor.py:637} INFO - DAG(s) dict_keys(['tutorial']) retrieved from /home/airflow/.local/lib/python3.7/site-packages/airflow/example_dags/tutorial.py
[2021-12-19 00:06:12,090] {logging_mixin.py:109} INFO - [2021-12-19 00:06:12,090] {dag.py:2396} INFO - Sync 1 DAGs
[2021-12-19 00:06:12,106] {logging_mixin.py:109} INFO - [2021-12-19 00:06:12,106] {dag.py:2928} INFO - Setting next_dagrun for tutorial to 2021-12-18T00:06:12.106246+00:00
[2021-12-19 00:06:12,117] {processor.py:171} INFO - Processing /home/airflow/.local/lib/python3.7/site-packages/airflow/example_dags/tutorial.py took 0.080 seconds
[2021-12-19 00:06:42,204] {processor.py:163} INFO - Started process (PID=32758) to work on /home/airflow/.local/lib/python3.7/site-packages/airflow/example_dags/tutorial.py
[2021-12-19 00:06:42,205] {processor.py:625} INFO - Processing file /home/airflow/.local/lib/python3.7/site-packages/airflow/example_dags/tutorial.py for tasks to queue
[2021-12-19 00:06:42,206] {logging_mixin.py:109} INFO - [2021-12-19 00:06:42,206] {dagbag.py:500} INFO - Filling up the DagBag from /home/airflow/.local/lib/python3.7/site-packages/airflow/example_dags/tutorial.py
[2021-12-19 00:06:42,232] {processor.py:637} INFO - DAG(s) dict_keys(['tutorial']) retrieved from /home/airflow/.local/lib/python3.7/site-packages/airflow/example_dags/tutorial.py
[2021-12-19 00:06:42,241] {logging_mixin.py:109} INFO - [2021-12-19 00:06:42,241] {dag.py:2396} INFO - Sync 1 DAGs
[2021-12-19 00:06:42,254] {logging_mixin.py:109} INFO - [2021-12-19 00:06:42,254] {dag.py:2928} INFO - Setting next_dagrun for tutorial to 2021-12-18T00:06:42.254269+00:00
[2021-12-19 00:06:42,265] {processor.py:171} INFO - Processing /home/airflow/.local/lib/python3.7/site-packages/airflow/example_dags/tutorial.py took 0.064 seconds
[2021-12-19 00:07:12,554] {processor.py:163} INFO - Started process (PID=351) to work on /home/airflow/.local/lib/python3.7/site-packages/airflow/example_dags/tutorial.py
[2021-12-19 00:07:12,555] {processor.py:625} INFO - Processing file /home/airflow/.local/lib/python3.7/site-packages/airflow/example_dags/tutorial.py for tasks to queue
[2021-12-19 00:07:12,556] {logging_mixin.py:109} INFO - [2021-12-19 00:07:12,556] {dagbag.py:500} INFO - Filling up the DagBag from /home/airflow/.local/lib/python3.7/site-packages/airflow/example_dags/tutorial.py
[2021-12-19 00:07:12,581] {processor.py:637} INFO - DAG(s) dict_keys(['tutorial']) retrieved from /home/airflow/.local/lib/python3.7/site-packages/airflow/example_dags/tutorial.py
[2021-12-19 00:07:12,589] {logging_mixin.py:109} INFO - [2021-12-19 00:07:12,589] {dag.py:2396} INFO - Sync 1 DAGs
[2021-12-19 00:07:12,603] {logging_mixin.py:109} INFO - [2021-12-19 00:07:12,603] {dag.py:2928} INFO - Setting next_dagrun for tutorial to 2021-12-18T00:07:12.602987+00:00
[2021-12-19 00:07:12,612] {processor.py:171} INFO - Processing /home/airflow/.local/lib/python3.7/site-packages/airflow/example_dags/tutorial.py took 0.061 seconds
[2021-12-19 00:07:43,022] {processor.py:163} INFO - Started process (PID=422) to work on /home/airflow/.local/lib/python3.7/site-packages/airflow/example_dags/tutorial.py
[2021-12-19 00:07:43,024] {processor.py:625} INFO - Processing file /home/airflow/.local/lib/python3.7/site-packages/airflow/example_dags/tutorial.py for tasks to queue
[2021-12-19 00:07:43,025] {logging_mixin.py:109} INFO - [2021-12-19 00:07:43,024] {dagbag.py:500} INFO - Filling up the DagBag from /home/airflow/.local/lib/python3.7/site-packages/airflow/example_dags/tutorial.py
[2021-12-19 00:07:43,053] {processor.py:637} INFO - DAG(s) dict_keys(['tutorial']) retrieved from /home/airflow/.local/lib/python3.7/site-packages/airflow/example_dags/tutorial.py
[2021-12-19 00:07:43,063] {logging_mixin.py:109} INFO - [2021-12-19 00:07:43,062] {dag.py:2396} INFO - Sync 1 DAGs
[2021-12-19 00:07:43,078] {logging_mixin.py:109} INFO - [2021-12-19 00:07:43,078] {dag.py:2928} INFO - Setting next_dagrun for tutorial to 2021-12-18T00:07:43.078288+00:00
[2021-12-19 00:07:43,089] {processor.py:171} INFO - Processing /home/airflow/.local/lib/python3.7/site-packages/airflow/example_dags/tutorial.py took 0.070 seconds
[2021-12-19 00:08:13,669] {processor.py:163} INFO - Started process (PID=483) to work on /home/airflow/.local/lib/python3.7/site-packages/airflow/example_dags/tutorial.py
[2021-12-19 00:08:13,670] {processor.py:625} INFO - Processing file /home/airflow/.local/lib/python3.7/site-packages/airflow/example_dags/tutorial.py for tasks to queue
[2021-12-19 00:08:13,671] {logging_mixin.py:109} INFO - [2021-12-19 00:08:13,671] {dagbag.py:500} INFO - Filling up the DagBag from /home/airflow/.local/lib/python3.7/site-packages/airflow/example_dags/tutorial.py
[2021-12-19 00:08:13,697] {processor.py:637} INFO - DAG(s) dict_keys(['tutorial']) retrieved from /home/airflow/.local/lib/python3.7/site-packages/airflow/example_dags/tutorial.py
[2021-12-19 00:08:13,706] {logging_mixin.py:109} INFO - [2021-12-19 00:08:13,705] {dag.py:2396} INFO - Sync 1 DAGs
[2021-12-19 00:08:13,719] {logging_mixin.py:109} INFO - [2021-12-19 00:08:13,719] {dag.py:2928} INFO - Setting next_dagrun for tutorial to 2021-12-18T00:08:13.719618+00:00
[2021-12-19 00:08:13,729] {processor.py:171} INFO - Processing /home/airflow/.local/lib/python3.7/site-packages/airflow/example_dags/tutorial.py took 0.063 seconds
[2021-12-19 00:08:44,454] {processor.py:163} INFO - Started process (PID=554) to work on /home/airflow/.local/lib/python3.7/site-packages/airflow/example_dags/tutorial.py
[2021-12-19 00:08:44,455] {processor.py:625} INFO - Processing file /home/airflow/.local/lib/python3.7/site-packages/airflow/example_dags/tutorial.py for tasks to queue
[2021-12-19 00:08:44,457] {logging_mixin.py:109} INFO - [2021-12-19 00:08:44,456] {dagbag.py:500} INFO - Filling up the DagBag from /home/airflow/.local/lib/python3.7/site-packages/airflow/example_dags/tutorial.py
[2021-12-19 00:08:44,483] {processor.py:637} INFO - DAG(s) dict_keys(['tutorial']) retrieved from /home/airflow/.local/lib/python3.7/site-packages/airflow/example_dags/tutorial.py
[2021-12-19 00:08:44,494] {logging_mixin.py:109} INFO - [2021-12-19 00:08:44,494] {dag.py:2396} INFO - Sync 1 DAGs
[2021-12-19 00:08:44,510] {logging_mixin.py:109} INFO - [2021-12-19 00:08:44,510] {dag.py:2928} INFO - Setting next_dagrun for tutorial to 2021-12-18T00:08:44.510486+00:00
[2021-12-19 00:08:44,521] {processor.py:171} INFO - Processing /home/airflow/.local/lib/python3.7/site-packages/airflow/example_dags/tutorial.py took 0.070 seconds
[2021-12-19 00:09:15,194] {processor.py:163} INFO - Started process (PID=616) to work on /home/airflow/.local/lib/python3.7/site-packages/airflow/example_dags/tutorial.py
[2021-12-19 00:09:15,195] {processor.py:625} INFO - Processing file /home/airflow/.local/lib/python3.7/site-packages/airflow/example_dags/tutorial.py for tasks to queue
[2021-12-19 00:09:15,196] {logging_mixin.py:109} INFO - [2021-12-19 00:09:15,196] {dagbag.py:500} INFO - Filling up the DagBag from /home/airflow/.local/lib/python3.7/site-packages/airflow/example_dags/tutorial.py
[2021-12-19 00:09:15,221] {processor.py:637} INFO - DAG(s) dict_keys(['tutorial']) retrieved from /home/airflow/.local/lib/python3.7/site-packages/airflow/example_dags/tutorial.py
[2021-12-19 00:09:15,229] {logging_mixin.py:109} INFO - [2021-12-19 00:09:15,229] {dag.py:2396} INFO - Sync 1 DAGs
[2021-12-19 00:09:15,242] {logging_mixin.py:109} INFO - [2021-12-19 00:09:15,242] {dag.py:2928} INFO - Setting next_dagrun for tutorial to 2021-12-18T00:09:15.241935+00:00
[2021-12-19 00:09:15,253] {processor.py:171} INFO - Processing /home/airflow/.local/lib/python3.7/site-packages/airflow/example_dags/tutorial.py took 0.062 seconds
[2021-12-19 00:09:45,412] {processor.py:163} INFO - Started process (PID=686) to work on /home/airflow/.local/lib/python3.7/site-packages/airflow/example_dags/tutorial.py
[2021-12-19 00:09:45,414] {processor.py:625} INFO - Processing file /home/airflow/.local/lib/python3.7/site-packages/airflow/example_dags/tutorial.py for tasks to queue
[2021-12-19 00:09:45,416] {logging_mixin.py:109} INFO - [2021-12-19 00:09:45,415] {dagbag.py:500} INFO - Filling up the DagBag from /home/airflow/.local/lib/python3.7/site-packages/airflow/example_dags/tutorial.py
[2021-12-19 00:09:45,442] {processor.py:637} INFO - DAG(s) dict_keys(['tutorial']) retrieved from /home/airflow/.local/lib/python3.7/site-packages/airflow/example_dags/tutorial.py
[2021-12-19 00:09:45,453] {logging_mixin.py:109} INFO - [2021-12-19 00:09:45,453] {dag.py:2396} INFO - Sync 1 DAGs
[2021-12-19 00:09:45,470] {logging_mixin.py:109} INFO - [2021-12-19 00:09:45,470] {dag.py:2928} INFO - Setting next_dagrun for tutorial to 2021-12-18T00:09:45.469768+00:00
[2021-12-19 00:09:45,481] {processor.py:171} INFO - Processing /home/airflow/.local/lib/python3.7/site-packages/airflow/example_dags/tutorial.py took 0.072 seconds
[2021-12-19 00:10:15,717] {processor.py:163} INFO - Started process (PID=748) to work on /home/airflow/.local/lib/python3.7/site-packages/airflow/example_dags/tutorial.py
[2021-12-19 00:10:15,718] {processor.py:625} INFO - Processing file /home/airflow/.local/lib/python3.7/site-packages/airflow/example_dags/tutorial.py for tasks to queue
[2021-12-19 00:10:15,719] {logging_mixin.py:109} INFO - [2021-12-19 00:10:15,719] {dagbag.py:500} INFO - Filling up the DagBag from /home/airflow/.local/lib/python3.7/site-packages/airflow/example_dags/tutorial.py
[2021-12-19 00:10:15,745] {processor.py:637} INFO - DAG(s) dict_keys(['tutorial']) retrieved from /home/airflow/.local/lib/python3.7/site-packages/airflow/example_dags/tutorial.py
[2021-12-19 00:10:15,754] {logging_mixin.py:109} INFO - [2021-12-19 00:10:15,754] {dag.py:2396} INFO - Sync 1 DAGs
[2021-12-19 00:10:15,768] {logging_mixin.py:109} INFO - [2021-12-19 00:10:15,768] {dag.py:2928} INFO - Setting next_dagrun for tutorial to 2021-12-18T00:10:15.768151+00:00
[2021-12-19 00:10:15,779] {processor.py:171} INFO - Processing /home/airflow/.local/lib/python3.7/site-packages/airflow/example_dags/tutorial.py took 0.065 seconds
[2021-12-19 00:10:46,329] {processor.py:163} INFO - Started process (PID=819) to work on /home/airflow/.local/lib/python3.7/site-packages/airflow/example_dags/tutorial.py
[2021-12-19 00:10:46,330] {processor.py:625} INFO - Processing file /home/airflow/.local/lib/python3.7/site-packages/airflow/example_dags/tutorial.py for tasks to queue
[2021-12-19 00:10:46,331] {logging_mixin.py:109} INFO - [2021-12-19 00:10:46,331] {dagbag.py:500} INFO - Filling up the DagBag from /home/airflow/.local/lib/python3.7/site-packages/airflow/example_dags/tutorial.py
[2021-12-19 00:10:46,361] {processor.py:637} INFO - DAG(s) dict_keys(['tutorial']) retrieved from /home/airflow/.local/lib/python3.7/site-packages/airflow/example_dags/tutorial.py
[2021-12-19 00:10:46,371] {logging_mixin.py:109} INFO - [2021-12-19 00:10:46,371] {dag.py:2396} INFO - Sync 1 DAGs
[2021-12-19 00:10:46,386] {logging_mixin.py:109} INFO - [2021-12-19 00:10:46,386] {dag.py:2928} INFO - Setting next_dagrun for tutorial to 2021-12-18T00:10:46.386129+00:00
[2021-12-19 00:10:46,395] {processor.py:171} INFO - Processing /home/airflow/.local/lib/python3.7/site-packages/airflow/example_dags/tutorial.py took 0.070 seconds
[2021-12-19 00:11:16,859] {processor.py:163} INFO - Started process (PID=881) to work on /home/airflow/.local/lib/python3.7/site-packages/airflow/example_dags/tutorial.py
[2021-12-19 00:11:16,860] {processor.py:625} INFO - Processing file /home/airflow/.local/lib/python3.7/site-packages/airflow/example_dags/tutorial.py for tasks to queue
[2021-12-19 00:11:16,861] {logging_mixin.py:109} INFO - [2021-12-19 00:11:16,861] {dagbag.py:500} INFO - Filling up the DagBag from /home/airflow/.local/lib/python3.7/site-packages/airflow/example_dags/tutorial.py
[2021-12-19 00:11:16,888] {processor.py:637} INFO - DAG(s) dict_keys(['tutorial']) retrieved from /home/airflow/.local/lib/python3.7/site-packages/airflow/example_dags/tutorial.py
[2021-12-19 00:11:16,896] {logging_mixin.py:109} INFO - [2021-12-19 00:11:16,896] {dag.py:2396} INFO - Sync 1 DAGs
[2021-12-19 00:11:16,910] {logging_mixin.py:109} INFO - [2021-12-19 00:11:16,910] {dag.py:2928} INFO - Setting next_dagrun for tutorial to 2021-12-18T00:11:16.910346+00:00
[2021-12-19 00:11:16,920] {processor.py:171} INFO - Processing /home/airflow/.local/lib/python3.7/site-packages/airflow/example_dags/tutorial.py took 0.063 seconds
[2021-12-19 00:11:47,448] {processor.py:163} INFO - Started process (PID=942) to work on /home/airflow/.local/lib/python3.7/site-packages/airflow/example_dags/tutorial.py
[2021-12-19 00:11:47,450] {processor.py:625} INFO - Processing file /home/airflow/.local/lib/python3.7/site-packages/airflow/example_dags/tutorial.py for tasks to queue
[2021-12-19 00:11:47,450] {logging_mixin.py:109} INFO - [2021-12-19 00:11:47,450] {dagbag.py:500} INFO - Filling up the DagBag from /home/airflow/.local/lib/python3.7/site-packages/airflow/example_dags/tutorial.py
[2021-12-19 00:11:47,474] {processor.py:637} INFO - DAG(s) dict_keys(['tutorial']) retrieved from /home/airflow/.local/lib/python3.7/site-packages/airflow/example_dags/tutorial.py
[2021-12-19 00:11:47,483] {logging_mixin.py:109} INFO - [2021-12-19 00:11:47,483] {dag.py:2396} INFO - Sync 1 DAGs
[2021-12-19 00:11:47,497] {logging_mixin.py:109} INFO - [2021-12-19 00:11:47,497] {dag.py:2928} INFO - Setting next_dagrun for tutorial to 2021-12-18T00:11:47.496955+00:00
[2021-12-19 00:11:47,508] {processor.py:171} INFO - Processing /home/airflow/.local/lib/python3.7/site-packages/airflow/example_dags/tutorial.py took 0.062 seconds
[2021-12-19 00:12:18,183] {processor.py:163} INFO - Started process (PID=1013) to work on /home/airflow/.local/lib/python3.7/site-packages/airflow/example_dags/tutorial.py
[2021-12-19 00:12:18,184] {processor.py:625} INFO - Processing file /home/airflow/.local/lib/python3.7/site-packages/airflow/example_dags/tutorial.py for tasks to queue
[2021-12-19 00:12:18,185] {logging_mixin.py:109} INFO - [2021-12-19 00:12:18,185] {dagbag.py:500} INFO - Filling up the DagBag from /home/airflow/.local/lib/python3.7/site-packages/airflow/example_dags/tutorial.py
[2021-12-19 00:12:18,212] {processor.py:637} INFO - DAG(s) dict_keys(['tutorial']) retrieved from /home/airflow/.local/lib/python3.7/site-packages/airflow/example_dags/tutorial.py
[2021-12-19 00:12:18,221] {logging_mixin.py:109} INFO - [2021-12-19 00:12:18,221] {dag.py:2396} INFO - Sync 1 DAGs
[2021-12-19 00:12:18,238] {logging_mixin.py:109} INFO - [2021-12-19 00:12:18,238] {dag.py:2928} INFO - Setting next_dagrun for tutorial to 2021-12-18T00:12:18.238000+00:00
[2021-12-19 00:12:18,249] {processor.py:171} INFO - Processing /home/airflow/.local/lib/python3.7/site-packages/airflow/example_dags/tutorial.py took 0.069 seconds
[2021-12-19 00:12:48,801] {processor.py:163} INFO - Started process (PID=1073) to work on /home/airflow/.local/lib/python3.7/site-packages/airflow/example_dags/tutorial.py
[2021-12-19 00:12:48,803] {processor.py:625} INFO - Processing file /home/airflow/.local/lib/python3.7/site-packages/airflow/example_dags/tutorial.py for tasks to queue
[2021-12-19 00:12:48,804] {logging_mixin.py:109} INFO - [2021-12-19 00:12:48,804] {dagbag.py:500} INFO - Filling up the DagBag from /home/airflow/.local/lib/python3.7/site-packages/airflow/example_dags/tutorial.py
[2021-12-19 00:12:48,830] {processor.py:637} INFO - DAG(s) dict_keys(['tutorial']) retrieved from /home/airflow/.local/lib/python3.7/site-packages/airflow/example_dags/tutorial.py
[2021-12-19 00:12:48,839] {logging_mixin.py:109} INFO - [2021-12-19 00:12:48,839] {dag.py:2396} INFO - Sync 1 DAGs
[2021-12-19 00:12:48,851] {logging_mixin.py:109} INFO - [2021-12-19 00:12:48,851] {dag.py:2928} INFO - Setting next_dagrun for tutorial to 2021-12-18T00:12:48.850954+00:00
[2021-12-19 00:12:48,862] {processor.py:171} INFO - Processing /home/airflow/.local/lib/python3.7/site-packages/airflow/example_dags/tutorial.py took 0.065 seconds
[2021-12-19 00:13:19,308] {processor.py:163} INFO - Started process (PID=1143) to work on /home/airflow/.local/lib/python3.7/site-packages/airflow/example_dags/tutorial.py
[2021-12-19 00:13:19,309] {processor.py:625} INFO - Processing file /home/airflow/.local/lib/python3.7/site-packages/airflow/example_dags/tutorial.py for tasks to queue
[2021-12-19 00:13:19,310] {logging_mixin.py:109} INFO - [2021-12-19 00:13:19,310] {dagbag.py:500} INFO - Filling up the DagBag from /home/airflow/.local/lib/python3.7/site-packages/airflow/example_dags/tutorial.py
[2021-12-19 00:13:19,334] {processor.py:637} INFO - DAG(s) dict_keys(['tutorial']) retrieved from /home/airflow/.local/lib/python3.7/site-packages/airflow/example_dags/tutorial.py
[2021-12-19 00:13:19,343] {logging_mixin.py:109} INFO - [2021-12-19 00:13:19,343] {dag.py:2396} INFO - Sync 1 DAGs
[2021-12-19 00:13:19,358] {logging_mixin.py:109} INFO - [2021-12-19 00:13:19,358] {dag.py:2928} INFO - Setting next_dagrun for tutorial to 2021-12-18T00:13:19.357822+00:00
[2021-12-19 00:13:19,367] {processor.py:171} INFO - Processing /home/airflow/.local/lib/python3.7/site-packages/airflow/example_dags/tutorial.py took 0.063 seconds
[2021-12-19 00:13:49,984] {processor.py:163} INFO - Started process (PID=1206) to work on /home/airflow/.local/lib/python3.7/site-packages/airflow/example_dags/tutorial.py
[2021-12-19 00:13:49,985] {processor.py:625} INFO - Processing file /home/airflow/.local/lib/python3.7/site-packages/airflow/example_dags/tutorial.py for tasks to queue
[2021-12-19 00:13:49,986] {logging_mixin.py:109} INFO - [2021-12-19 00:13:49,986] {dagbag.py:500} INFO - Filling up the DagBag from /home/airflow/.local/lib/python3.7/site-packages/airflow/example_dags/tutorial.py
[2021-12-19 00:13:50,016] {processor.py:637} INFO - DAG(s) dict_keys(['tutorial']) retrieved from /home/airflow/.local/lib/python3.7/site-packages/airflow/example_dags/tutorial.py
[2021-12-19 00:13:50,027] {logging_mixin.py:109} INFO - [2021-12-19 00:13:50,027] {dag.py:2396} INFO - Sync 1 DAGs
[2021-12-19 00:13:50,043] {logging_mixin.py:109} INFO - [2021-12-19 00:13:50,043] {dag.py:2928} INFO - Setting next_dagrun for tutorial to 2021-12-18T00:13:50.042529+00:00
[2021-12-19 00:13:50,053] {processor.py:171} INFO - Processing /home/airflow/.local/lib/python3.7/site-packages/airflow/example_dags/tutorial.py took 0.073 seconds
[2021-12-19 00:14:20,505] {processor.py:163} INFO - Started process (PID=1279) to work on /home/airflow/.local/lib/python3.7/site-packages/airflow/example_dags/tutorial.py
[2021-12-19 00:14:20,509] {processor.py:625} INFO - Processing file /home/airflow/.local/lib/python3.7/site-packages/airflow/example_dags/tutorial.py for tasks to queue
[2021-12-19 00:14:20,510] {logging_mixin.py:109} INFO - [2021-12-19 00:14:20,510] {dagbag.py:500} INFO - Filling up the DagBag from /home/airflow/.local/lib/python3.7/site-packages/airflow/example_dags/tutorial.py
[2021-12-19 00:14:20,553] {processor.py:637} INFO - DAG(s) dict_keys(['tutorial']) retrieved from /home/airflow/.local/lib/python3.7/site-packages/airflow/example_dags/tutorial.py
[2021-12-19 00:14:20,568] {logging_mixin.py:109} INFO - [2021-12-19 00:14:20,567] {dag.py:2396} INFO - Sync 1 DAGs
[2021-12-19 00:14:20,614] {logging_mixin.py:109} INFO - [2021-12-19 00:14:20,613] {dag.py:2928} INFO - Setting next_dagrun for tutorial to 2021-12-18T00:14:20.612711+00:00
[2021-12-19 00:14:20,644] {processor.py:171} INFO - Processing /home/airflow/.local/lib/python3.7/site-packages/airflow/example_dags/tutorial.py took 0.144 seconds
[2021-12-19 00:14:50,711] {processor.py:163} INFO - Started process (PID=1339) to work on /home/airflow/.local/lib/python3.7/site-packages/airflow/example_dags/tutorial.py
[2021-12-19 00:14:50,713] {processor.py:625} INFO - Processing file /home/airflow/.local/lib/python3.7/site-packages/airflow/example_dags/tutorial.py for tasks to queue
[2021-12-19 00:14:50,713] {logging_mixin.py:109} INFO - [2021-12-19 00:14:50,713] {dagbag.py:500} INFO - Filling up the DagBag from /home/airflow/.local/lib/python3.7/site-packages/airflow/example_dags/tutorial.py
[2021-12-19 00:14:50,742] {processor.py:637} INFO - DAG(s) dict_keys(['tutorial']) retrieved from /home/airflow/.local/lib/python3.7/site-packages/airflow/example_dags/tutorial.py
[2021-12-19 00:14:50,750] {logging_mixin.py:109} INFO - [2021-12-19 00:14:50,750] {dag.py:2396} INFO - Sync 1 DAGs
[2021-12-19 00:14:50,763] {logging_mixin.py:109} INFO - [2021-12-19 00:14:50,763] {dag.py:2928} INFO - Setting next_dagrun for tutorial to 2021-12-18T00:14:50.763381+00:00
[2021-12-19 00:14:50,774] {processor.py:171} INFO - Processing /home/airflow/.local/lib/python3.7/site-packages/airflow/example_dags/tutorial.py took 0.066 seconds
[2021-12-19 00:15:20,839] {processor.py:163} INFO - Started process (PID=1411) to work on /home/airflow/.local/lib/python3.7/site-packages/airflow/example_dags/tutorial.py
[2021-12-19 00:15:20,841] {processor.py:625} INFO - Processing file /home/airflow/.local/lib/python3.7/site-packages/airflow/example_dags/tutorial.py for tasks to queue
[2021-12-19 00:15:20,842] {logging_mixin.py:109} INFO - [2021-12-19 00:15:20,842] {dagbag.py:500} INFO - Filling up the DagBag from /home/airflow/.local/lib/python3.7/site-packages/airflow/example_dags/tutorial.py
[2021-12-19 00:15:20,874] {processor.py:637} INFO - DAG(s) dict_keys(['tutorial']) retrieved from /home/airflow/.local/lib/python3.7/site-packages/airflow/example_dags/tutorial.py
[2021-12-19 00:15:20,886] {logging_mixin.py:109} INFO - [2021-12-19 00:15:20,886] {dag.py:2396} INFO - Sync 1 DAGs
[2021-12-19 00:15:20,903] {logging_mixin.py:109} INFO - [2021-12-19 00:15:20,902] {dag.py:2928} INFO - Setting next_dagrun for tutorial to 2021-12-18T00:15:20.902710+00:00
[2021-12-19 00:15:20,914] {processor.py:171} INFO - Processing /home/airflow/.local/lib/python3.7/site-packages/airflow/example_dags/tutorial.py took 0.078 seconds
[2021-12-19 00:15:51,097] {processor.py:163} INFO - Started process (PID=1472) to work on /home/airflow/.local/lib/python3.7/site-packages/airflow/example_dags/tutorial.py
[2021-12-19 00:15:51,099] {processor.py:625} INFO - Processing file /home/airflow/.local/lib/python3.7/site-packages/airflow/example_dags/tutorial.py for tasks to queue
[2021-12-19 00:15:51,099] {logging_mixin.py:109} INFO - [2021-12-19 00:15:51,099] {dagbag.py:500} INFO - Filling up the DagBag from /home/airflow/.local/lib/python3.7/site-packages/airflow/example_dags/tutorial.py
[2021-12-19 00:15:51,124] {processor.py:637} INFO - DAG(s) dict_keys(['tutorial']) retrieved from /home/airflow/.local/lib/python3.7/site-packages/airflow/example_dags/tutorial.py
[2021-12-19 00:15:51,132] {logging_mixin.py:109} INFO - [2021-12-19 00:15:51,132] {dag.py:2396} INFO - Sync 1 DAGs
[2021-12-19 00:15:51,146] {logging_mixin.py:109} INFO - [2021-12-19 00:15:51,146] {dag.py:2928} INFO - Setting next_dagrun for tutorial to 2021-12-18T00:15:51.146251+00:00
[2021-12-19 00:15:51,157] {processor.py:171} INFO - Processing /home/airflow/.local/lib/python3.7/site-packages/airflow/example_dags/tutorial.py took 0.062 seconds
[2021-12-19 00:16:21,591] {processor.py:163} INFO - Started process (PID=1534) to work on /home/airflow/.local/lib/python3.7/site-packages/airflow/example_dags/tutorial.py
[2021-12-19 00:16:21,592] {processor.py:625} INFO - Processing file /home/airflow/.local/lib/python3.7/site-packages/airflow/example_dags/tutorial.py for tasks to queue
[2021-12-19 00:16:21,593] {logging_mixin.py:109} INFO - [2021-12-19 00:16:21,593] {dagbag.py:500} INFO - Filling up the DagBag from /home/airflow/.local/lib/python3.7/site-packages/airflow/example_dags/tutorial.py
[2021-12-19 00:16:21,619] {processor.py:637} INFO - DAG(s) dict_keys(['tutorial']) retrieved from /home/airflow/.local/lib/python3.7/site-packages/airflow/example_dags/tutorial.py
[2021-12-19 00:16:21,628] {logging_mixin.py:109} INFO - [2021-12-19 00:16:21,628] {dag.py:2396} INFO - Sync 1 DAGs
[2021-12-19 00:16:21,645] {logging_mixin.py:109} INFO - [2021-12-19 00:16:21,645] {dag.py:2928} INFO - Setting next_dagrun for tutorial to 2021-12-18T00:16:21.644742+00:00
[2021-12-19 00:16:21,657] {processor.py:171} INFO - Processing /home/airflow/.local/lib/python3.7/site-packages/airflow/example_dags/tutorial.py took 0.070 seconds
[2021-12-19 00:16:51,706] {processor.py:163} INFO - Started process (PID=1603) to work on /home/airflow/.local/lib/python3.7/site-packages/airflow/example_dags/tutorial.py
[2021-12-19 00:16:51,707] {processor.py:625} INFO - Processing file /home/airflow/.local/lib/python3.7/site-packages/airflow/example_dags/tutorial.py for tasks to queue
[2021-12-19 00:16:51,708] {logging_mixin.py:109} INFO - [2021-12-19 00:16:51,708] {dagbag.py:500} INFO - Filling up the DagBag from /home/airflow/.local/lib/python3.7/site-packages/airflow/example_dags/tutorial.py
[2021-12-19 00:16:51,732] {processor.py:637} INFO - DAG(s) dict_keys(['tutorial']) retrieved from /home/airflow/.local/lib/python3.7/site-packages/airflow/example_dags/tutorial.py
[2021-12-19 00:16:51,741] {logging_mixin.py:109} INFO - [2021-12-19 00:16:51,741] {dag.py:2396} INFO - Sync 1 DAGs
[2021-12-19 00:16:51,753] {logging_mixin.py:109} INFO - [2021-12-19 00:16:51,753] {dag.py:2928} INFO - Setting next_dagrun for tutorial to 2021-12-18T00:16:51.753365+00:00
[2021-12-19 00:16:51,764] {processor.py:171} INFO - Processing /home/airflow/.local/lib/python3.7/site-packages/airflow/example_dags/tutorial.py took 0.061 seconds
[2021-12-19 00:17:21,979] {processor.py:163} INFO - Started process (PID=1664) to work on /home/airflow/.local/lib/python3.7/site-packages/airflow/example_dags/tutorial.py
[2021-12-19 00:17:21,980] {processor.py:625} INFO - Processing file /home/airflow/.local/lib/python3.7/site-packages/airflow/example_dags/tutorial.py for tasks to queue
[2021-12-19 00:17:21,981] {logging_mixin.py:109} INFO - [2021-12-19 00:17:21,981] {dagbag.py:500} INFO - Filling up the DagBag from /home/airflow/.local/lib/python3.7/site-packages/airflow/example_dags/tutorial.py
[2021-12-19 00:17:22,007] {processor.py:637} INFO - DAG(s) dict_keys(['tutorial']) retrieved from /home/airflow/.local/lib/python3.7/site-packages/airflow/example_dags/tutorial.py
[2021-12-19 00:17:22,016] {logging_mixin.py:109} INFO - [2021-12-19 00:17:22,015] {dag.py:2396} INFO - Sync 1 DAGs
[2021-12-19 00:17:22,029] {logging_mixin.py:109} INFO - [2021-12-19 00:17:22,029] {dag.py:2928} INFO - Setting next_dagrun for tutorial to 2021-12-18T00:17:22.028803+00:00
[2021-12-19 00:17:22,038] {processor.py:171} INFO - Processing /home/airflow/.local/lib/python3.7/site-packages/airflow/example_dags/tutorial.py took 0.062 seconds
[2021-12-19 00:17:52,786] {processor.py:163} INFO - Started process (PID=1726) to work on /home/airflow/.local/lib/python3.7/site-packages/airflow/example_dags/tutorial.py
[2021-12-19 00:17:52,788] {processor.py:625} INFO - Processing file /home/airflow/.local/lib/python3.7/site-packages/airflow/example_dags/tutorial.py for tasks to queue
[2021-12-19 00:17:52,788] {logging_mixin.py:109} INFO - [2021-12-19 00:17:52,788] {dagbag.py:500} INFO - Filling up the DagBag from /home/airflow/.local/lib/python3.7/site-packages/airflow/example_dags/tutorial.py
[2021-12-19 00:17:52,812] {processor.py:637} INFO - DAG(s) dict_keys(['tutorial']) retrieved from /home/airflow/.local/lib/python3.7/site-packages/airflow/example_dags/tutorial.py
[2021-12-19 00:17:52,821] {logging_mixin.py:109} INFO - [2021-12-19 00:17:52,820] {dag.py:2396} INFO - Sync 1 DAGs
[2021-12-19 00:17:52,835] {logging_mixin.py:109} INFO - [2021-12-19 00:17:52,835] {dag.py:2928} INFO - Setting next_dagrun for tutorial to 2021-12-18T00:17:52.835108+00:00
[2021-12-19 00:17:52,843] {processor.py:171} INFO - Processing /home/airflow/.local/lib/python3.7/site-packages/airflow/example_dags/tutorial.py took 0.059 seconds
[2021-12-19 00:18:23,545] {processor.py:163} INFO - Started process (PID=1797) to work on /home/airflow/.local/lib/python3.7/site-packages/airflow/example_dags/tutorial.py
[2021-12-19 00:18:23,546] {processor.py:625} INFO - Processing file /home/airflow/.local/lib/python3.7/site-packages/airflow/example_dags/tutorial.py for tasks to queue
[2021-12-19 00:18:23,547] {logging_mixin.py:109} INFO - [2021-12-19 00:18:23,547] {dagbag.py:500} INFO - Filling up the DagBag from /home/airflow/.local/lib/python3.7/site-packages/airflow/example_dags/tutorial.py
[2021-12-19 00:18:23,581] {processor.py:637} INFO - DAG(s) dict_keys(['tutorial']) retrieved from /home/airflow/.local/lib/python3.7/site-packages/airflow/example_dags/tutorial.py
[2021-12-19 00:18:23,590] {logging_mixin.py:109} INFO - [2021-12-19 00:18:23,590] {dag.py:2396} INFO - Sync 1 DAGs
[2021-12-19 00:18:23,609] {logging_mixin.py:109} INFO - [2021-12-19 00:18:23,609] {dag.py:2928} INFO - Setting next_dagrun for tutorial to 2021-12-18T00:18:23.609343+00:00
[2021-12-19 00:18:23,617] {processor.py:171} INFO - Processing /home/airflow/.local/lib/python3.7/site-packages/airflow/example_dags/tutorial.py took 0.076 seconds
[2021-12-19 00:18:54,687] {processor.py:163} INFO - Started process (PID=1859) to work on /home/airflow/.local/lib/python3.7/site-packages/airflow/example_dags/tutorial.py
[2021-12-19 00:18:54,689] {processor.py:625} INFO - Processing file /home/airflow/.local/lib/python3.7/site-packages/airflow/example_dags/tutorial.py for tasks to queue
[2021-12-19 00:18:54,690] {logging_mixin.py:109} INFO - [2021-12-19 00:18:54,690] {dagbag.py:500} INFO - Filling up the DagBag from /home/airflow/.local/lib/python3.7/site-packages/airflow/example_dags/tutorial.py
[2021-12-19 00:18:54,714] {processor.py:637} INFO - DAG(s) dict_keys(['tutorial']) retrieved from /home/airflow/.local/lib/python3.7/site-packages/airflow/example_dags/tutorial.py
[2021-12-19 00:18:54,723] {logging_mixin.py:109} INFO - [2021-12-19 00:18:54,723] {dag.py:2396} INFO - Sync 1 DAGs
[2021-12-19 00:18:54,737] {logging_mixin.py:109} INFO - [2021-12-19 00:18:54,737] {dag.py:2928} INFO - Setting next_dagrun for tutorial to 2021-12-18T00:18:54.737238+00:00
[2021-12-19 00:18:54,747] {processor.py:171} INFO - Processing /home/airflow/.local/lib/python3.7/site-packages/airflow/example_dags/tutorial.py took 0.062 seconds
[2021-12-19 00:19:25,486] {processor.py:163} INFO - Started process (PID=1930) to work on /home/airflow/.local/lib/python3.7/site-packages/airflow/example_dags/tutorial.py
[2021-12-19 00:19:25,488] {processor.py:625} INFO - Processing file /home/airflow/.local/lib/python3.7/site-packages/airflow/example_dags/tutorial.py for tasks to queue
[2021-12-19 00:19:25,488] {logging_mixin.py:109} INFO - [2021-12-19 00:19:25,488] {dagbag.py:500} INFO - Filling up the DagBag from /home/airflow/.local/lib/python3.7/site-packages/airflow/example_dags/tutorial.py
[2021-12-19 00:19:25,512] {processor.py:637} INFO - DAG(s) dict_keys(['tutorial']) retrieved from /home/airflow/.local/lib/python3.7/site-packages/airflow/example_dags/tutorial.py
[2021-12-19 00:19:25,523] {logging_mixin.py:109} INFO - [2021-12-19 00:19:25,523] {dag.py:2396} INFO - Sync 1 DAGs
[2021-12-19 00:19:25,537] {logging_mixin.py:109} INFO - [2021-12-19 00:19:25,537] {dag.py:2928} INFO - Setting next_dagrun for tutorial to 2021-12-18T00:19:25.537566+00:00
[2021-12-19 00:19:25,548] {processor.py:171} INFO - Processing /home/airflow/.local/lib/python3.7/site-packages/airflow/example_dags/tutorial.py took 0.065 seconds
[2021-12-19 20:26:57,446] {processor.py:163} INFO - Started process (PID=66) to work on /home/airflow/.local/lib/python3.7/site-packages/airflow/example_dags/tutorial.py
[2021-12-19 20:26:57,450] {processor.py:625} INFO - Processing file /home/airflow/.local/lib/python3.7/site-packages/airflow/example_dags/tutorial.py for tasks to queue
[2021-12-19 20:26:57,452] {logging_mixin.py:109} INFO - [2021-12-19 20:26:57,451] {dagbag.py:500} INFO - Filling up the DagBag from /home/airflow/.local/lib/python3.7/site-packages/airflow/example_dags/tutorial.py
[2021-12-19 20:26:57,499] {processor.py:637} INFO - DAG(s) dict_keys(['tutorial']) retrieved from /home/airflow/.local/lib/python3.7/site-packages/airflow/example_dags/tutorial.py
[2021-12-19 20:26:57,513] {logging_mixin.py:109} INFO - [2021-12-19 20:26:57,513] {dag.py:2396} INFO - Sync 1 DAGs
[2021-12-19 20:26:57,537] {logging_mixin.py:109} INFO - [2021-12-19 20:26:57,536] {dag.py:2928} INFO - Setting next_dagrun for tutorial to 2021-12-18T20:26:57.536200+00:00
[2021-12-19 20:26:57,553] {processor.py:171} INFO - Processing /home/airflow/.local/lib/python3.7/site-packages/airflow/example_dags/tutorial.py took 0.114 seconds
[2021-12-19 20:27:39,103] {processor.py:163} INFO - Started process (PID=139) to work on /home/airflow/.local/lib/python3.7/site-packages/airflow/example_dags/tutorial.py
[2021-12-19 20:27:39,108] {processor.py:625} INFO - Processing file /home/airflow/.local/lib/python3.7/site-packages/airflow/example_dags/tutorial.py for tasks to queue
[2021-12-19 20:27:39,110] {logging_mixin.py:109} INFO - [2021-12-19 20:27:39,110] {dagbag.py:500} INFO - Filling up the DagBag from /home/airflow/.local/lib/python3.7/site-packages/airflow/example_dags/tutorial.py
[2021-12-19 20:27:39,185] {processor.py:637} INFO - DAG(s) dict_keys(['tutorial']) retrieved from /home/airflow/.local/lib/python3.7/site-packages/airflow/example_dags/tutorial.py
[2021-12-19 20:27:39,222] {logging_mixin.py:109} INFO - [2021-12-19 20:27:39,222] {dag.py:2396} INFO - Sync 1 DAGs
[2021-12-19 20:27:39,286] {logging_mixin.py:109} INFO - [2021-12-19 20:27:39,286] {dag.py:2928} INFO - Setting next_dagrun for tutorial to 2021-12-18T20:27:39.285561+00:00
[2021-12-19 20:27:39,310] {processor.py:171} INFO - Processing /home/airflow/.local/lib/python3.7/site-packages/airflow/example_dags/tutorial.py took 0.219 seconds
