[2022-01-27 13:32:35,317] {taskinstance.py:1035} INFO - Dependencies all met for <TaskInstance: cpp_workflow.refactor_process_print_cycle scheduled__2022-01-26T00:00:00+00:00 [queued]>
[2022-01-27 13:32:35,332] {taskinstance.py:1035} INFO - Dependencies all met for <TaskInstance: cpp_workflow.refactor_process_print_cycle scheduled__2022-01-26T00:00:00+00:00 [queued]>
[2022-01-27 13:32:35,333] {taskinstance.py:1241} INFO - 
--------------------------------------------------------------------------------
[2022-01-27 13:32:35,334] {taskinstance.py:1242} INFO - Starting attempt 1 of 1
[2022-01-27 13:32:35,334] {taskinstance.py:1243} INFO - 
--------------------------------------------------------------------------------
[2022-01-27 13:32:35,355] {taskinstance.py:1262} INFO - Executing <Task(PythonOperator): refactor_process_print_cycle> on 2022-01-26 00:00:00+00:00
[2022-01-27 13:32:35,365] {standard_task_runner.py:52} INFO - Started process 100 to run task
[2022-01-27 13:32:35,376] {standard_task_runner.py:76} INFO - Running: ['***', 'tasks', 'run', 'cpp_workflow', 'refactor_process_print_cycle', 'scheduled__2022-01-26T00:00:00+00:00', '--job-id', '3052', '--raw', '--subdir', 'DAGS_FOLDER/first_dag.py', '--cfg-path', '/tmp/tmp9r5pd8wg', '--error-file', '/tmp/tmpi6xws45v']
[2022-01-27 13:32:35,380] {standard_task_runner.py:77} INFO - Job 3052: Subtask refactor_process_print_cycle
[2022-01-27 13:32:35,558] {logging_mixin.py:109} INFO - Running <TaskInstance: cpp_workflow.refactor_process_print_cycle scheduled__2022-01-26T00:00:00+00:00 [running]> on host 218df5ddc363
[2022-01-27 13:32:35,757] {taskinstance.py:1429} INFO - Exporting the following env vars:
AIRFLOW_CTX_DAG_OWNER=***
AIRFLOW_CTX_DAG_ID=cpp_workflow
AIRFLOW_CTX_TASK_ID=refactor_process_print_cycle
AIRFLOW_CTX_EXECUTION_DATE=2022-01-26T00:00:00+00:00
AIRFLOW_CTX_DAG_RUN_ID=scheduled__2022-01-26T00:00:00+00:00
[2022-01-27 13:32:35,762] {python.py:152} INFO - Done. Returned value was: None
[2022-01-27 13:32:35,795] {taskinstance.py:1280} INFO - Marking task as SUCCESS. dag_id=cpp_workflow, task_id=refactor_process_print_cycle, execution_date=20220126T000000, start_date=20220127T133235, end_date=20220127T133235
[2022-01-27 13:32:35,833] {local_task_job.py:154} INFO - Task exited with return code 0
[2022-01-27 13:32:35,902] {local_task_job.py:264} INFO - 1 downstream tasks scheduled from follow-on schedule check
