[2021-12-09 00:08:46,305] {taskinstance.py:1035} INFO - Dependencies all met for <TaskInstance: cpp_workflow.refactor_process manual__2021-12-09T00:08:35.392963+00:00 [queued]>
[2021-12-09 00:08:46,321] {taskinstance.py:1035} INFO - Dependencies all met for <TaskInstance: cpp_workflow.refactor_process manual__2021-12-09T00:08:35.392963+00:00 [queued]>
[2021-12-09 00:08:46,322] {taskinstance.py:1241} INFO - 
--------------------------------------------------------------------------------
[2021-12-09 00:08:46,322] {taskinstance.py:1242} INFO - Starting attempt 1 of 1
[2021-12-09 00:08:46,322] {taskinstance.py:1243} INFO - 
--------------------------------------------------------------------------------
[2021-12-09 00:08:46,339] {taskinstance.py:1262} INFO - Executing <Task(PythonOperator): refactor_process> on 2021-12-09 00:08:35.392963+00:00
[2021-12-09 00:08:46,345] {standard_task_runner.py:52} INFO - Started process 8628 to run task
[2021-12-09 00:08:46,350] {standard_task_runner.py:76} INFO - Running: ['***', 'tasks', 'run', 'cpp_workflow', 'refactor_process', 'manual__2021-12-09T00:08:35.392963+00:00', '--job-id', '699', '--raw', '--subdir', 'DAGS_FOLDER/first_dag.py', '--cfg-path', '/tmp/tmpz6xnv78d', '--error-file', '/tmp/tmp37nb98q8']
[2021-12-09 00:08:46,352] {standard_task_runner.py:77} INFO - Job 699: Subtask refactor_process
[2021-12-09 00:08:46,398] {logging_mixin.py:109} INFO - Running <TaskInstance: cpp_workflow.refactor_process manual__2021-12-09T00:08:35.392963+00:00 [running]> on host b5fd0372bf6e
[2021-12-09 00:08:46,454] {taskinstance.py:1429} INFO - Exporting the following env vars:
AIRFLOW_CTX_DAG_OWNER=***
AIRFLOW_CTX_DAG_ID=cpp_workflow
AIRFLOW_CTX_TASK_ID=refactor_process
AIRFLOW_CTX_EXECUTION_DATE=2021-12-09T00:08:35.392963+00:00
AIRFLOW_CTX_DAG_RUN_ID=manual__2021-12-09T00:08:35.392963+00:00
[2021-12-09 00:08:46,502] {python.py:152} INFO - Done. Returned value was: None
[2021-12-09 00:08:46,515] {taskinstance.py:1280} INFO - Marking task as SUCCESS. dag_id=cpp_workflow, task_id=refactor_process, execution_date=20211209T000835, start_date=20211209T000846, end_date=20211209T000846
[2021-12-09 00:08:46,562] {local_task_job.py:154} INFO - Task exited with return code 0
[2021-12-09 00:08:46,626] {local_task_job.py:264} INFO - 0 downstream tasks scheduled from follow-on schedule check
