[2022-01-03 01:10:08,421] {taskinstance.py:1035} INFO - Dependencies all met for <TaskInstance: cpp_workflow.col_process_media_prepare manual__2022-01-03T01:09:38.381179+00:00 [queued]>
[2022-01-03 01:10:08,444] {taskinstance.py:1035} INFO - Dependencies all met for <TaskInstance: cpp_workflow.col_process_media_prepare manual__2022-01-03T01:09:38.381179+00:00 [queued]>
[2022-01-03 01:10:08,444] {taskinstance.py:1241} INFO - 
--------------------------------------------------------------------------------
[2022-01-03 01:10:08,445] {taskinstance.py:1242} INFO - Starting attempt 1 of 1
[2022-01-03 01:10:08,445] {taskinstance.py:1243} INFO - 
--------------------------------------------------------------------------------
[2022-01-03 01:10:08,465] {taskinstance.py:1262} INFO - Executing <Task(PythonOperator): col_process_media_prepare> on 2022-01-03 01:09:38.381179+00:00
[2022-01-03 01:10:08,477] {standard_task_runner.py:76} INFO - Running: ['***', 'tasks', 'run', 'cpp_workflow', 'col_process_media_prepare', 'manual__2022-01-03T01:09:38.381179+00:00', '--job-id', '2180', '--raw', '--subdir', 'DAGS_FOLDER/first_dag.py', '--cfg-path', '/tmp/tmpvxc7ce2n', '--error-file', '/tmp/tmp4w3io2ny']
[2022-01-03 01:10:08,470] {standard_task_runner.py:52} INFO - Started process 5060 to run task
[2022-01-03 01:10:08,480] {standard_task_runner.py:77} INFO - Job 2180: Subtask col_process_media_prepare
[2022-01-03 01:10:08,550] {logging_mixin.py:109} INFO - Running <TaskInstance: cpp_workflow.col_process_media_prepare manual__2022-01-03T01:09:38.381179+00:00 [running]> on host 218df5ddc363
[2022-01-03 01:10:08,629] {taskinstance.py:1429} INFO - Exporting the following env vars:
AIRFLOW_CTX_DAG_OWNER=***
AIRFLOW_CTX_DAG_ID=cpp_workflow
AIRFLOW_CTX_TASK_ID=col_process_media_prepare
AIRFLOW_CTX_EXECUTION_DATE=2022-01-03T01:09:38.381179+00:00
AIRFLOW_CTX_DAG_RUN_ID=manual__2022-01-03T01:09:38.381179+00:00
[2022-01-03 01:10:08,632] {python.py:152} INFO - Done. Returned value was: None
[2022-01-03 01:10:08,652] {taskinstance.py:1280} INFO - Marking task as SUCCESS. dag_id=cpp_workflow, task_id=col_process_media_prepare, execution_date=20220103T010938, start_date=20220103T011008, end_date=20220103T011008
[2022-01-03 01:10:08,696] {local_task_job.py:154} INFO - Task exited with return code 0
[2022-01-03 01:10:08,768] {local_task_job.py:264} INFO - 1 downstream tasks scheduled from follow-on schedule check
