[2022-01-03 02:09:30,052] {taskinstance.py:1035} INFO - Dependencies all met for <TaskInstance: cpp_workflow.refactor_process_print_cycle manual__2022-01-03T02:09:23.026071+00:00 [queued]>
[2022-01-03 02:09:30,068] {taskinstance.py:1035} INFO - Dependencies all met for <TaskInstance: cpp_workflow.refactor_process_print_cycle manual__2022-01-03T02:09:23.026071+00:00 [queued]>
[2022-01-03 02:09:30,069] {taskinstance.py:1241} INFO - 
--------------------------------------------------------------------------------
[2022-01-03 02:09:30,069] {taskinstance.py:1242} INFO - Starting attempt 1 of 1
[2022-01-03 02:09:30,069] {taskinstance.py:1243} INFO - 
--------------------------------------------------------------------------------
[2022-01-03 02:09:30,085] {taskinstance.py:1262} INFO - Executing <Task(PythonOperator): refactor_process_print_cycle> on 2022-01-03 02:09:23.026071+00:00
[2022-01-03 02:09:30,091] {standard_task_runner.py:52} INFO - Started process 8071 to run task
[2022-01-03 02:09:30,094] {standard_task_runner.py:76} INFO - Running: ['***', 'tasks', 'run', 'cpp_workflow', 'refactor_process_print_cycle', 'manual__2022-01-03T02:09:23.026071+00:00', '--job-id', '2338', '--raw', '--subdir', 'DAGS_FOLDER/first_dag.py', '--cfg-path', '/tmp/tmp65sna9p4', '--error-file', '/tmp/tmpk34vtxmg']
[2022-01-03 02:09:30,096] {standard_task_runner.py:77} INFO - Job 2338: Subtask refactor_process_print_cycle
[2022-01-03 02:09:30,155] {logging_mixin.py:109} INFO - Running <TaskInstance: cpp_workflow.refactor_process_print_cycle manual__2022-01-03T02:09:23.026071+00:00 [running]> on host 218df5ddc363
[2022-01-03 02:09:30,232] {taskinstance.py:1429} INFO - Exporting the following env vars:
AIRFLOW_CTX_DAG_OWNER=***
AIRFLOW_CTX_DAG_ID=cpp_workflow
AIRFLOW_CTX_TASK_ID=refactor_process_print_cycle
AIRFLOW_CTX_EXECUTION_DATE=2022-01-03T02:09:23.026071+00:00
AIRFLOW_CTX_DAG_RUN_ID=manual__2022-01-03T02:09:23.026071+00:00
[2022-01-03 02:09:30,236] {python.py:152} INFO - Done. Returned value was: None
[2022-01-03 02:09:30,271] {taskinstance.py:1280} INFO - Marking task as SUCCESS. dag_id=cpp_workflow, task_id=refactor_process_print_cycle, execution_date=20220103T020923, start_date=20220103T020930, end_date=20220103T020930
[2022-01-03 02:09:30,310] {local_task_job.py:154} INFO - Task exited with return code 0
[2022-01-03 02:09:30,400] {local_task_job.py:264} INFO - 1 downstream tasks scheduled from follow-on schedule check
