[2022-01-06 15:03:13,178] {taskinstance.py:1035} INFO - Dependencies all met for <TaskInstance: cpp_workflow.col_process_media_prepare scheduled__2022-01-05T00:00:00+00:00 [queued]>
[2022-01-06 15:03:13,234] {taskinstance.py:1035} INFO - Dependencies all met for <TaskInstance: cpp_workflow.col_process_media_prepare scheduled__2022-01-05T00:00:00+00:00 [queued]>
[2022-01-06 15:03:13,238] {taskinstance.py:1241} INFO - 
--------------------------------------------------------------------------------
[2022-01-06 15:03:13,238] {taskinstance.py:1242} INFO - Starting attempt 1 of 1
[2022-01-06 15:03:13,241] {taskinstance.py:1243} INFO - 
--------------------------------------------------------------------------------
[2022-01-06 15:03:13,432] {taskinstance.py:1262} INFO - Executing <Task(PythonOperator): col_process_media_prepare> on 2022-01-05 00:00:00+00:00
[2022-01-06 15:03:13,457] {standard_task_runner.py:52} INFO - Started process 149 to run task
[2022-01-06 15:03:13,504] {standard_task_runner.py:76} INFO - Running: ['***', 'tasks', 'run', 'cpp_workflow', 'col_process_media_prepare', 'scheduled__2022-01-05T00:00:00+00:00', '--job-id', '2453', '--raw', '--subdir', 'DAGS_FOLDER/first_dag.py', '--cfg-path', '/tmp/tmpv9qw4mha', '--error-file', '/tmp/tmpd8wr94np']
[2022-01-06 15:03:13,509] {standard_task_runner.py:77} INFO - Job 2453: Subtask col_process_media_prepare
[2022-01-06 15:03:13,885] {logging_mixin.py:109} INFO - Running <TaskInstance: cpp_workflow.col_process_media_prepare scheduled__2022-01-05T00:00:00+00:00 [running]> on host 218df5ddc363
[2022-01-06 15:03:14,291] {taskinstance.py:1429} INFO - Exporting the following env vars:
AIRFLOW_CTX_DAG_OWNER=***
AIRFLOW_CTX_DAG_ID=cpp_workflow
AIRFLOW_CTX_TASK_ID=col_process_media_prepare
AIRFLOW_CTX_EXECUTION_DATE=2022-01-05T00:00:00+00:00
AIRFLOW_CTX_DAG_RUN_ID=scheduled__2022-01-05T00:00:00+00:00
[2022-01-06 15:03:14,302] {python.py:152} INFO - Done. Returned value was: None
[2022-01-06 15:03:14,522] {taskinstance.py:1280} INFO - Marking task as SUCCESS. dag_id=cpp_workflow, task_id=col_process_media_prepare, execution_date=20220105T000000, start_date=20220106T150313, end_date=20220106T150314
[2022-01-06 15:03:14,743] {local_task_job.py:154} INFO - Task exited with return code 0
[2022-01-06 15:03:15,284] {local_task_job.py:264} INFO - 1 downstream tasks scheduled from follow-on schedule check
