[2022-01-03 01:53:54,855] {taskinstance.py:1035} INFO - Dependencies all met for <TaskInstance: cpp_workflow.update_processed_files_image manual__2022-01-03T01:50:01.614589+00:00 [queued]>
[2022-01-03 01:53:54,865] {taskinstance.py:1035} INFO - Dependencies all met for <TaskInstance: cpp_workflow.update_processed_files_image manual__2022-01-03T01:50:01.614589+00:00 [queued]>
[2022-01-03 01:53:54,866] {taskinstance.py:1241} INFO - 
--------------------------------------------------------------------------------
[2022-01-03 01:53:54,866] {taskinstance.py:1242} INFO - Starting attempt 1 of 1
[2022-01-03 01:53:54,866] {taskinstance.py:1243} INFO - 
--------------------------------------------------------------------------------
[2022-01-03 01:53:54,879] {taskinstance.py:1262} INFO - Executing <Task(PythonOperator): update_processed_files_image> on 2022-01-03 01:50:01.614589+00:00
[2022-01-03 01:53:54,883] {standard_task_runner.py:52} INFO - Started process 7226 to run task
[2022-01-03 01:53:54,886] {standard_task_runner.py:76} INFO - Running: ['***', 'tasks', 'run', 'cpp_workflow', 'update_processed_files_image', 'manual__2022-01-03T01:50:01.614589+00:00', '--job-id', '2276', '--raw', '--subdir', 'DAGS_FOLDER/first_dag.py', '--cfg-path', '/tmp/tmp_cis96ah', '--error-file', '/tmp/tmpma6pns3q']
[2022-01-03 01:53:54,887] {standard_task_runner.py:77} INFO - Job 2276: Subtask update_processed_files_image
[2022-01-03 01:53:54,924] {logging_mixin.py:109} INFO - Running <TaskInstance: cpp_workflow.update_processed_files_image manual__2022-01-03T01:50:01.614589+00:00 [running]> on host 218df5ddc363
[2022-01-03 01:53:54,967] {taskinstance.py:1429} INFO - Exporting the following env vars:
AIRFLOW_CTX_DAG_OWNER=***
AIRFLOW_CTX_DAG_ID=cpp_workflow
AIRFLOW_CTX_TASK_ID=update_processed_files_image
AIRFLOW_CTX_EXECUTION_DATE=2022-01-03T01:50:01.614589+00:00
AIRFLOW_CTX_DAG_RUN_ID=manual__2022-01-03T01:50:01.614589+00:00
[2022-01-03 01:53:54,982] {python.py:152} INFO - Done. Returned value was: None
[2022-01-03 01:53:54,993] {taskinstance.py:1280} INFO - Marking task as SUCCESS. dag_id=cpp_workflow, task_id=update_processed_files_image, execution_date=20220103T015001, start_date=20220103T015354, end_date=20220103T015354
[2022-01-03 01:53:55,018] {local_task_job.py:154} INFO - Task exited with return code 0
[2022-01-03 01:53:55,048] {local_task_job.py:264} INFO - 1 downstream tasks scheduled from follow-on schedule check
