[2022-01-17 19:30:00,495] {taskinstance.py:1035} INFO - Dependencies all met for <TaskInstance: cpp_workflow.database_processing_print_cycle scheduled__2022-01-16T00:00:00+00:00 [queued]>
[2022-01-17 19:30:00,536] {taskinstance.py:1035} INFO - Dependencies all met for <TaskInstance: cpp_workflow.database_processing_print_cycle scheduled__2022-01-16T00:00:00+00:00 [queued]>
[2022-01-17 19:30:00,542] {taskinstance.py:1241} INFO - 
--------------------------------------------------------------------------------
[2022-01-17 19:30:00,547] {taskinstance.py:1242} INFO - Starting attempt 1 of 1
[2022-01-17 19:30:00,556] {taskinstance.py:1243} INFO - 
--------------------------------------------------------------------------------
[2022-01-17 19:30:00,599] {taskinstance.py:1262} INFO - Executing <Task(PythonOperator): database_processing_print_cycle> on 2022-01-16 00:00:00+00:00
[2022-01-17 19:30:00,606] {standard_task_runner.py:52} INFO - Started process 114 to run task
[2022-01-17 19:30:00,618] {standard_task_runner.py:76} INFO - Running: ['***', 'tasks', 'run', 'cpp_workflow', 'database_processing_print_cycle', 'scheduled__2022-01-16T00:00:00+00:00', '--job-id', '2744', '--raw', '--subdir', 'DAGS_FOLDER/first_dag.py', '--cfg-path', '/tmp/tmpqhvjhito', '--error-file', '/tmp/tmpaf3pum_d']
[2022-01-17 19:30:00,620] {standard_task_runner.py:77} INFO - Job 2744: Subtask database_processing_print_cycle
[2022-01-17 19:30:00,771] {logging_mixin.py:109} INFO - Running <TaskInstance: cpp_workflow.database_processing_print_cycle scheduled__2022-01-16T00:00:00+00:00 [running]> on host 218df5ddc363
[2022-01-17 19:30:00,916] {taskinstance.py:1429} INFO - Exporting the following env vars:
AIRFLOW_CTX_DAG_OWNER=***
AIRFLOW_CTX_DAG_ID=cpp_workflow
AIRFLOW_CTX_TASK_ID=database_processing_print_cycle
AIRFLOW_CTX_EXECUTION_DATE=2022-01-16T00:00:00+00:00
AIRFLOW_CTX_DAG_RUN_ID=scheduled__2022-01-16T00:00:00+00:00
[2022-01-17 19:30:00,919] {python.py:152} INFO - Done. Returned value was: None
[2022-01-17 19:30:00,984] {taskinstance.py:1280} INFO - Marking task as SUCCESS. dag_id=cpp_workflow, task_id=database_processing_print_cycle, execution_date=20220116T000000, start_date=20220117T193000, end_date=20220117T193000
[2022-01-17 19:30:01,035] {local_task_job.py:154} INFO - Task exited with return code 0
[2022-01-17 19:30:01,155] {local_task_job.py:264} INFO - 1 downstream tasks scheduled from follow-on schedule check
