[2022-01-10 09:16:31,021] {taskinstance.py:1035} INFO - Dependencies all met for <TaskInstance: cpp_workflow.refactor_process_print_cycle scheduled__2022-01-09T00:00:00+00:00 [queued]>
[2022-01-10 09:16:31,045] {taskinstance.py:1035} INFO - Dependencies all met for <TaskInstance: cpp_workflow.refactor_process_print_cycle scheduled__2022-01-09T00:00:00+00:00 [queued]>
[2022-01-10 09:16:31,046] {taskinstance.py:1241} INFO - 
--------------------------------------------------------------------------------
[2022-01-10 09:16:31,047] {taskinstance.py:1242} INFO - Starting attempt 1 of 1
[2022-01-10 09:16:31,047] {taskinstance.py:1243} INFO - 
--------------------------------------------------------------------------------
[2022-01-10 09:16:31,070] {taskinstance.py:1262} INFO - Executing <Task(PythonOperator): refactor_process_print_cycle> on 2022-01-09 00:00:00+00:00
[2022-01-10 09:16:31,078] {standard_task_runner.py:52} INFO - Started process 105 to run task
[2022-01-10 09:16:31,086] {standard_task_runner.py:76} INFO - Running: ['***', 'tasks', 'run', 'cpp_workflow', 'refactor_process_print_cycle', 'scheduled__2022-01-09T00:00:00+00:00', '--job-id', '2552', '--raw', '--subdir', 'DAGS_FOLDER/first_dag.py', '--cfg-path', '/tmp/tmpjzgaxdk_', '--error-file', '/tmp/tmp_cnpucd5']
[2022-01-10 09:16:31,088] {standard_task_runner.py:77} INFO - Job 2552: Subtask refactor_process_print_cycle
[2022-01-10 09:16:31,165] {logging_mixin.py:109} INFO - Running <TaskInstance: cpp_workflow.refactor_process_print_cycle scheduled__2022-01-09T00:00:00+00:00 [running]> on host 218df5ddc363
[2022-01-10 09:16:31,256] {taskinstance.py:1429} INFO - Exporting the following env vars:
AIRFLOW_CTX_DAG_OWNER=***
AIRFLOW_CTX_DAG_ID=cpp_workflow
AIRFLOW_CTX_TASK_ID=refactor_process_print_cycle
AIRFLOW_CTX_EXECUTION_DATE=2022-01-09T00:00:00+00:00
AIRFLOW_CTX_DAG_RUN_ID=scheduled__2022-01-09T00:00:00+00:00
[2022-01-10 09:16:31,260] {python.py:152} INFO - Done. Returned value was: None
[2022-01-10 09:16:31,281] {taskinstance.py:1280} INFO - Marking task as SUCCESS. dag_id=cpp_workflow, task_id=refactor_process_print_cycle, execution_date=20220109T000000, start_date=20220110T091631, end_date=20220110T091631
[2022-01-10 09:16:31,352] {local_task_job.py:154} INFO - Task exited with return code 0
[2022-01-10 09:16:31,430] {local_task_job.py:264} INFO - 1 downstream tasks scheduled from follow-on schedule check
