[2022-01-02 18:26:31,406] {taskinstance.py:1035} INFO - Dependencies all met for <TaskInstance: cpp_workflow.connect_to_database manual__2022-01-02T18:26:27.953289+00:00 [queued]>
[2022-01-02 18:26:31,430] {taskinstance.py:1035} INFO - Dependencies all met for <TaskInstance: cpp_workflow.connect_to_database manual__2022-01-02T18:26:27.953289+00:00 [queued]>
[2022-01-02 18:26:31,431] {taskinstance.py:1241} INFO - 
--------------------------------------------------------------------------------
[2022-01-02 18:26:31,432] {taskinstance.py:1242} INFO - Starting attempt 1 of 1
[2022-01-02 18:26:31,432] {taskinstance.py:1243} INFO - 
--------------------------------------------------------------------------------
[2022-01-02 18:26:31,465] {taskinstance.py:1262} INFO - Executing <Task(PythonOperator): connect_to_database> on 2022-01-02 18:26:27.953289+00:00
[2022-01-02 18:26:31,475] {standard_task_runner.py:52} INFO - Started process 10803 to run task
[2022-01-02 18:26:31,482] {standard_task_runner.py:76} INFO - Running: ['***', 'tasks', 'run', 'cpp_workflow', 'connect_to_database', 'manual__2022-01-02T18:26:27.953289+00:00', '--job-id', '1825', '--raw', '--subdir', 'DAGS_FOLDER/first_dag.py', '--cfg-path', '/tmp/tmpd4ksdh7z', '--error-file', '/tmp/tmpwjrezhh_']
[2022-01-02 18:26:31,484] {standard_task_runner.py:77} INFO - Job 1825: Subtask connect_to_database
[2022-01-02 18:26:31,608] {logging_mixin.py:109} INFO - Running <TaskInstance: cpp_workflow.connect_to_database manual__2022-01-02T18:26:27.953289+00:00 [running]> on host 218df5ddc363
[2022-01-02 18:26:31,794] {taskinstance.py:1429} INFO - Exporting the following env vars:
AIRFLOW_CTX_DAG_OWNER=***
AIRFLOW_CTX_DAG_ID=cpp_workflow
AIRFLOW_CTX_TASK_ID=connect_to_database
AIRFLOW_CTX_EXECUTION_DATE=2022-01-02T18:26:27.953289+00:00
AIRFLOW_CTX_DAG_RUN_ID=manual__2022-01-02T18:26:27.953289+00:00
[2022-01-02 18:26:31,818] {taskinstance.py:1703} ERROR - Task failed with exception
Traceback (most recent call last):
  File "/home/airflow/.local/lib/python3.7/site-packages/airflow/models/taskinstance.py", line 1332, in _run_raw_task
    self._execute_task_with_callbacks(context)
  File "/home/airflow/.local/lib/python3.7/site-packages/airflow/models/taskinstance.py", line 1458, in _execute_task_with_callbacks
    result = self._execute_task(context, self.task)
  File "/home/airflow/.local/lib/python3.7/site-packages/airflow/models/taskinstance.py", line 1514, in _execute_task
    result = execute_callable(context=context)
  File "/home/airflow/.local/lib/python3.7/site-packages/airflow/operators/python.py", line 151, in execute
    return_value = self.execute_callable()
  File "/home/airflow/.local/lib/python3.7/site-packages/airflow/operators/python.py", line 162, in execute_callable
    return self.python_callable(*self.op_args, **self.op_kwargs)
  File "/opt/airflow/dags/database.py", line 12, in database_connection
    merged_data = pd.read_csv(os.path.join(os.environ['TEST_DATA_FILES_DIRECTORY'], "merged_Data.csv"), usecols = ['date', 'cyan', 'yellow', 'magenta', 'black', 'media_category', 'print_volume', 'print_mode', 'image_length', 'image_width', 'image_result'])
  File "/home/airflow/.local/lib/python3.7/site-packages/pandas/util/_decorators.py", line 311, in wrapper
    return func(*args, **kwargs)
  File "/home/airflow/.local/lib/python3.7/site-packages/pandas/io/parsers/readers.py", line 586, in read_csv
    return _read(filepath_or_buffer, kwds)
  File "/home/airflow/.local/lib/python3.7/site-packages/pandas/io/parsers/readers.py", line 482, in _read
    parser = TextFileReader(filepath_or_buffer, **kwds)
  File "/home/airflow/.local/lib/python3.7/site-packages/pandas/io/parsers/readers.py", line 811, in __init__
    self._engine = self._make_engine(self.engine)
  File "/home/airflow/.local/lib/python3.7/site-packages/pandas/io/parsers/readers.py", line 1040, in _make_engine
    return mapping[engine](self.f, **self.options)  # type: ignore[call-arg]
  File "/home/airflow/.local/lib/python3.7/site-packages/pandas/io/parsers/c_parser_wrapper.py", line 51, in __init__
    self._open_handles(src, kwds)
  File "/home/airflow/.local/lib/python3.7/site-packages/pandas/io/parsers/base_parser.py", line 229, in _open_handles
    errors=kwds.get("encoding_errors", "strict"),
  File "/home/airflow/.local/lib/python3.7/site-packages/pandas/io/common.py", line 707, in get_handle
    newline="",
FileNotFoundError: [Errno 2] No such file or directory: '/opt/airflow/test_data/merged_Data.csv'
[2022-01-02 18:26:31,925] {taskinstance.py:1280} INFO - Marking task as FAILED. dag_id=cpp_workflow, task_id=connect_to_database, execution_date=20220102T182627, start_date=20220102T182631, end_date=20220102T182631
[2022-01-02 18:26:31,986] {standard_task_runner.py:91} ERROR - Failed to execute job 1825 for task connect_to_database
Traceback (most recent call last):
  File "/home/airflow/.local/lib/python3.7/site-packages/airflow/task/task_runner/standard_task_runner.py", line 85, in _start_by_fork
    args.func(args, dag=self.dag)
  File "/home/airflow/.local/lib/python3.7/site-packages/airflow/cli/cli_parser.py", line 48, in command
    return func(*args, **kwargs)
  File "/home/airflow/.local/lib/python3.7/site-packages/airflow/utils/cli.py", line 92, in wrapper
    return f(*args, **kwargs)
  File "/home/airflow/.local/lib/python3.7/site-packages/airflow/cli/commands/task_command.py", line 292, in task_run
    _run_task_by_selected_method(args, dag, ti)
  File "/home/airflow/.local/lib/python3.7/site-packages/airflow/cli/commands/task_command.py", line 107, in _run_task_by_selected_method
    _run_raw_task(args, ti)
  File "/home/airflow/.local/lib/python3.7/site-packages/airflow/cli/commands/task_command.py", line 184, in _run_raw_task
    error_file=args.error_file,
  File "/home/airflow/.local/lib/python3.7/site-packages/airflow/utils/session.py", line 70, in wrapper
    return func(*args, session=session, **kwargs)
  File "/home/airflow/.local/lib/python3.7/site-packages/airflow/models/taskinstance.py", line 1332, in _run_raw_task
    self._execute_task_with_callbacks(context)
  File "/home/airflow/.local/lib/python3.7/site-packages/airflow/models/taskinstance.py", line 1458, in _execute_task_with_callbacks
    result = self._execute_task(context, self.task)
  File "/home/airflow/.local/lib/python3.7/site-packages/airflow/models/taskinstance.py", line 1514, in _execute_task
    result = execute_callable(context=context)
  File "/home/airflow/.local/lib/python3.7/site-packages/airflow/operators/python.py", line 151, in execute
    return_value = self.execute_callable()
  File "/home/airflow/.local/lib/python3.7/site-packages/airflow/operators/python.py", line 162, in execute_callable
    return self.python_callable(*self.op_args, **self.op_kwargs)
  File "/opt/airflow/dags/database.py", line 12, in database_connection
    merged_data = pd.read_csv(os.path.join(os.environ['TEST_DATA_FILES_DIRECTORY'], "merged_Data.csv"), usecols = ['date', 'cyan', 'yellow', 'magenta', 'black', 'media_category', 'print_volume', 'print_mode', 'image_length', 'image_width', 'image_result'])
  File "/home/airflow/.local/lib/python3.7/site-packages/pandas/util/_decorators.py", line 311, in wrapper
    return func(*args, **kwargs)
  File "/home/airflow/.local/lib/python3.7/site-packages/pandas/io/parsers/readers.py", line 586, in read_csv
    return _read(filepath_or_buffer, kwds)
  File "/home/airflow/.local/lib/python3.7/site-packages/pandas/io/parsers/readers.py", line 482, in _read
    parser = TextFileReader(filepath_or_buffer, **kwds)
  File "/home/airflow/.local/lib/python3.7/site-packages/pandas/io/parsers/readers.py", line 811, in __init__
    self._engine = self._make_engine(self.engine)
  File "/home/airflow/.local/lib/python3.7/site-packages/pandas/io/parsers/readers.py", line 1040, in _make_engine
    return mapping[engine](self.f, **self.options)  # type: ignore[call-arg]
  File "/home/airflow/.local/lib/python3.7/site-packages/pandas/io/parsers/c_parser_wrapper.py", line 51, in __init__
    self._open_handles(src, kwds)
  File "/home/airflow/.local/lib/python3.7/site-packages/pandas/io/parsers/base_parser.py", line 229, in _open_handles
    errors=kwds.get("encoding_errors", "strict"),
  File "/home/airflow/.local/lib/python3.7/site-packages/pandas/io/common.py", line 707, in get_handle
    newline="",
FileNotFoundError: [Errno 2] No such file or directory: '/opt/airflow/test_data/merged_Data.csv'
[2022-01-02 18:26:32,026] {local_task_job.py:154} INFO - Task exited with return code 1
[2022-01-02 18:26:32,154] {local_task_job.py:264} INFO - 0 downstream tasks scheduled from follow-on schedule check
