[2022-01-03 12:38:15,799] {taskinstance.py:1035} INFO - Dependencies all met for <TaskInstance: cpp_workflow.check_file_changes manual__2022-01-03T12:38:08.677288+00:00 [queued]>
[2022-01-03 12:38:15,850] {taskinstance.py:1035} INFO - Dependencies all met for <TaskInstance: cpp_workflow.check_file_changes manual__2022-01-03T12:38:08.677288+00:00 [queued]>
[2022-01-03 12:38:15,857] {taskinstance.py:1241} INFO - 
--------------------------------------------------------------------------------
[2022-01-03 12:38:15,859] {taskinstance.py:1242} INFO - Starting attempt 1 of 1
[2022-01-03 12:38:15,861] {taskinstance.py:1243} INFO - 
--------------------------------------------------------------------------------
[2022-01-03 12:38:15,962] {taskinstance.py:1262} INFO - Executing <Task(PythonOperator): check_file_changes> on 2022-01-03 12:38:08.677288+00:00
[2022-01-03 12:38:15,985] {standard_task_runner.py:52} INFO - Started process 1612 to run task
[2022-01-03 12:38:15,997] {standard_task_runner.py:76} INFO - Running: ['***', 'tasks', 'run', 'cpp_workflow', 'check_file_changes', 'manual__2022-01-03T12:38:08.677288+00:00', '--job-id', '2397', '--raw', '--subdir', 'DAGS_FOLDER/first_dag.py', '--cfg-path', '/tmp/tmpkwln033z', '--error-file', '/tmp/tmpwalz05rw']
[2022-01-03 12:38:16,017] {standard_task_runner.py:77} INFO - Job 2397: Subtask check_file_changes
[2022-01-03 12:38:16,394] {logging_mixin.py:109} INFO - Running <TaskInstance: cpp_workflow.check_file_changes manual__2022-01-03T12:38:08.677288+00:00 [running]> on host 218df5ddc363
[2022-01-03 12:38:16,762] {taskinstance.py:1429} INFO - Exporting the following env vars:
AIRFLOW_CTX_DAG_OWNER=***
AIRFLOW_CTX_DAG_ID=cpp_workflow
AIRFLOW_CTX_TASK_ID=check_file_changes
AIRFLOW_CTX_EXECUTION_DATE=2022-01-03T12:38:08.677288+00:00
AIRFLOW_CTX_DAG_RUN_ID=manual__2022-01-03T12:38:08.677288+00:00
[2022-01-03 12:38:19,533] {python.py:152} INFO - Done. Returned value was: None
[2022-01-03 12:38:19,570] {taskinstance.py:1280} INFO - Marking task as SUCCESS. dag_id=cpp_workflow, task_id=check_file_changes, execution_date=20220103T123808, start_date=20220103T123815, end_date=20220103T123819
[2022-01-03 12:38:19,667] {local_task_job.py:154} INFO - Task exited with return code 0
[2022-01-03 12:38:19,905] {local_task_job.py:264} INFO - 3 downstream tasks scheduled from follow-on schedule check
