[2021-12-08 14:44:36,447] {taskinstance.py:1035} INFO - Dependencies all met for <TaskInstance: cpp_workflow.connect_to_database scheduled__2021-06-30T00:00:00+00:00 [queued]>
[2021-12-08 14:44:36,524] {taskinstance.py:1035} INFO - Dependencies all met for <TaskInstance: cpp_workflow.connect_to_database scheduled__2021-06-30T00:00:00+00:00 [queued]>
[2021-12-08 14:44:36,529] {taskinstance.py:1241} INFO - 
--------------------------------------------------------------------------------
[2021-12-08 14:44:36,530] {taskinstance.py:1242} INFO - Starting attempt 1 of 1
[2021-12-08 14:44:36,532] {taskinstance.py:1243} INFO - 
--------------------------------------------------------------------------------
[2021-12-08 14:44:36,685] {taskinstance.py:1262} INFO - Executing <Task(PythonOperator): connect_to_database> on 2021-06-30 00:00:00+00:00
[2021-12-08 14:44:36,702] {standard_task_runner.py:52} INFO - Started process 88 to run task
[2021-12-08 14:44:36,828] {standard_task_runner.py:76} INFO - Running: ['***', 'tasks', 'run', 'cpp_workflow', 'connect_to_database', 'scheduled__2021-06-30T00:00:00+00:00', '--job-id', '108', '--raw', '--subdir', 'DAGS_FOLDER/first_dag.py', '--cfg-path', '/tmp/tmpvl2jsak3', '--error-file', '/tmp/tmpwnbe7jqn']
[2021-12-08 14:44:36,914] {standard_task_runner.py:77} INFO - Job 108: Subtask connect_to_database
[2021-12-08 14:44:37,486] {logging_mixin.py:109} INFO - Running <TaskInstance: cpp_workflow.connect_to_database scheduled__2021-06-30T00:00:00+00:00 [running]> on host 6ff10d26dc07
[2021-12-08 14:44:38,051] {taskinstance.py:1429} INFO - Exporting the following env vars:
AIRFLOW_CTX_DAG_OWNER=***
AIRFLOW_CTX_DAG_ID=cpp_workflow
AIRFLOW_CTX_TASK_ID=connect_to_database
AIRFLOW_CTX_EXECUTION_DATE=2021-06-30T00:00:00+00:00
AIRFLOW_CTX_DAG_RUN_ID=scheduled__2021-06-30T00:00:00+00:00
[2021-12-08 14:44:39,587] {python.py:152} INFO - Done. Returned value was: None
[2021-12-08 14:44:40,227] {taskinstance.py:1280} INFO - Marking task as SUCCESS. dag_id=cpp_workflow, task_id=connect_to_database, execution_date=20210630T000000, start_date=20211208T144436, end_date=20211208T144440
[2021-12-08 14:44:40,487] {local_task_job.py:154} INFO - Task exited with return code 0
[2021-12-08 14:44:40,660] {local_task_job.py:264} INFO - 0 downstream tasks scheduled from follow-on schedule check
