[2022-01-02 23:47:14,205] {taskinstance.py:1035} INFO - Dependencies all met for <TaskInstance: cpp_workflow.update_processed_files_print_cycle manual__2022-01-02T23:46:32.899506+00:00 [queued]>
[2022-01-02 23:47:14,225] {taskinstance.py:1035} INFO - Dependencies all met for <TaskInstance: cpp_workflow.update_processed_files_print_cycle manual__2022-01-02T23:46:32.899506+00:00 [queued]>
[2022-01-02 23:47:14,226] {taskinstance.py:1241} INFO - 
--------------------------------------------------------------------------------
[2022-01-02 23:47:14,226] {taskinstance.py:1242} INFO - Starting attempt 1 of 1
[2022-01-02 23:47:14,226] {taskinstance.py:1243} INFO - 
--------------------------------------------------------------------------------
[2022-01-02 23:47:14,240] {taskinstance.py:1262} INFO - Executing <Task(PythonOperator): update_processed_files_print_cycle> on 2022-01-02 23:46:32.899506+00:00
[2022-01-02 23:47:14,245] {standard_task_runner.py:52} INFO - Started process 731 to run task
[2022-01-02 23:47:14,250] {standard_task_runner.py:76} INFO - Running: ['***', 'tasks', 'run', 'cpp_workflow', 'update_processed_files_print_cycle', 'manual__2022-01-02T23:46:32.899506+00:00', '--job-id', '1917', '--raw', '--subdir', 'DAGS_FOLDER/first_dag.py', '--cfg-path', '/tmp/tmpuk8y1lmh', '--error-file', '/tmp/tmpyh4jtlgc']
[2022-01-02 23:47:14,252] {standard_task_runner.py:77} INFO - Job 1917: Subtask update_processed_files_print_cycle
[2022-01-02 23:47:14,325] {logging_mixin.py:109} INFO - Running <TaskInstance: cpp_workflow.update_processed_files_print_cycle manual__2022-01-02T23:46:32.899506+00:00 [running]> on host 218df5ddc363
[2022-01-02 23:47:14,534] {taskinstance.py:1429} INFO - Exporting the following env vars:
AIRFLOW_CTX_DAG_OWNER=***
AIRFLOW_CTX_DAG_ID=cpp_workflow
AIRFLOW_CTX_TASK_ID=update_processed_files_print_cycle
AIRFLOW_CTX_EXECUTION_DATE=2022-01-02T23:46:32.899506+00:00
AIRFLOW_CTX_DAG_RUN_ID=manual__2022-01-02T23:46:32.899506+00:00
[2022-01-02 23:47:14,620] {python.py:152} INFO - Done. Returned value was: None
[2022-01-02 23:47:14,669] {taskinstance.py:1280} INFO - Marking task as SUCCESS. dag_id=cpp_workflow, task_id=update_processed_files_print_cycle, execution_date=20220102T234632, start_date=20220102T234714, end_date=20220102T234714
[2022-01-02 23:47:14,761] {local_task_job.py:154} INFO - Task exited with return code 0
[2022-01-02 23:47:15,041] {local_task_job.py:264} INFO - 0 downstream tasks scheduled from follow-on schedule check
