[2021-12-13 11:31:41,992] {taskinstance.py:1035} INFO - Dependencies all met for <TaskInstance: cpp_workflow.pre_process manual__2021-12-13T11:31:37.192238+00:00 [queued]>
[2021-12-13 11:31:42,013] {taskinstance.py:1035} INFO - Dependencies all met for <TaskInstance: cpp_workflow.pre_process manual__2021-12-13T11:31:37.192238+00:00 [queued]>
[2021-12-13 11:31:42,013] {taskinstance.py:1241} INFO - 
--------------------------------------------------------------------------------
[2021-12-13 11:31:42,014] {taskinstance.py:1242} INFO - Starting attempt 1 of 1
[2021-12-13 11:31:42,014] {taskinstance.py:1243} INFO - 
--------------------------------------------------------------------------------
[2021-12-13 11:31:42,032] {taskinstance.py:1262} INFO - Executing <Task(PythonOperator): pre_process> on 2021-12-13 11:31:37.192238+00:00
[2021-12-13 11:31:42,040] {standard_task_runner.py:52} INFO - Started process 473 to run task
[2021-12-13 11:31:42,046] {standard_task_runner.py:76} INFO - Running: ['***', 'tasks', 'run', 'cpp_workflow', 'pre_process', 'manual__2021-12-13T11:31:37.192238+00:00', '--job-id', '872', '--raw', '--subdir', 'DAGS_FOLDER/first_dag.py', '--cfg-path', '/tmp/tmphb9v0vq5', '--error-file', '/tmp/tmp_ffvfj5c']
[2021-12-13 11:31:42,047] {standard_task_runner.py:77} INFO - Job 872: Subtask pre_process
[2021-12-13 11:31:42,143] {logging_mixin.py:109} INFO - Running <TaskInstance: cpp_workflow.pre_process manual__2021-12-13T11:31:37.192238+00:00 [running]> on host 218df5ddc363
[2021-12-13 11:31:42,341] {taskinstance.py:1429} INFO - Exporting the following env vars:
AIRFLOW_CTX_DAG_OWNER=***
AIRFLOW_CTX_DAG_ID=cpp_workflow
AIRFLOW_CTX_TASK_ID=pre_process
AIRFLOW_CTX_EXECUTION_DATE=2021-12-13T11:31:37.192238+00:00
AIRFLOW_CTX_DAG_RUN_ID=manual__2021-12-13T11:31:37.192238+00:00
[2021-12-13 11:31:42,429] {python.py:152} INFO - Done. Returned value was: None
[2021-12-13 11:31:42,448] {taskinstance.py:1280} INFO - Marking task as SUCCESS. dag_id=cpp_workflow, task_id=pre_process, execution_date=20211213T113137, start_date=20211213T113141, end_date=20211213T113142
[2021-12-13 11:31:42,505] {local_task_job.py:154} INFO - Task exited with return code 0
[2021-12-13 11:31:42,554] {local_task_job.py:264} INFO - 1 downstream tasks scheduled from follow-on schedule check
