[2022-01-17 19:29:46,089] {processor.py:163} INFO - Started process (PID=75) to work on /home/airflow/.local/lib/python3.7/site-packages/airflow/example_dags/example_latest_only.py
[2022-01-17 19:29:46,091] {processor.py:625} INFO - Processing file /home/airflow/.local/lib/python3.7/site-packages/airflow/example_dags/example_latest_only.py for tasks to queue
[2022-01-17 19:29:46,093] {logging_mixin.py:109} INFO - [2022-01-17 19:29:46,092] {dagbag.py:500} INFO - Filling up the DagBag from /home/airflow/.local/lib/python3.7/site-packages/airflow/example_dags/example_latest_only.py
[2022-01-17 19:29:46,132] {processor.py:637} INFO - DAG(s) dict_keys(['latest_only']) retrieved from /home/airflow/.local/lib/python3.7/site-packages/airflow/example_dags/example_latest_only.py
[2022-01-17 19:29:46,148] {logging_mixin.py:109} INFO - [2022-01-17 19:29:46,148] {dag.py:2396} INFO - Sync 1 DAGs
[2022-01-17 19:29:46,177] {logging_mixin.py:109} INFO - [2022-01-17 19:29:46,177] {dag.py:2928} INFO - Setting next_dagrun for latest_only to 2022-01-17T15:29:46.176781+00:00
[2022-01-17 19:29:46,194] {processor.py:171} INFO - Processing /home/airflow/.local/lib/python3.7/site-packages/airflow/example_dags/example_latest_only.py took 0.110 seconds
[2022-01-17 19:30:17,265] {processor.py:163} INFO - Started process (PID=163) to work on /home/airflow/.local/lib/python3.7/site-packages/airflow/example_dags/example_latest_only.py
[2022-01-17 19:30:17,267] {processor.py:625} INFO - Processing file /home/airflow/.local/lib/python3.7/site-packages/airflow/example_dags/example_latest_only.py for tasks to queue
[2022-01-17 19:30:17,268] {logging_mixin.py:109} INFO - [2022-01-17 19:30:17,268] {dagbag.py:500} INFO - Filling up the DagBag from /home/airflow/.local/lib/python3.7/site-packages/airflow/example_dags/example_latest_only.py
[2022-01-17 19:30:17,304] {processor.py:637} INFO - DAG(s) dict_keys(['latest_only']) retrieved from /home/airflow/.local/lib/python3.7/site-packages/airflow/example_dags/example_latest_only.py
[2022-01-17 19:30:17,319] {logging_mixin.py:109} INFO - [2022-01-17 19:30:17,319] {dag.py:2396} INFO - Sync 1 DAGs
[2022-01-17 19:30:17,343] {logging_mixin.py:109} INFO - [2022-01-17 19:30:17,343] {dag.py:2928} INFO - Setting next_dagrun for latest_only to 2022-01-17T15:30:17.342949+00:00
[2022-01-17 19:30:17,357] {processor.py:171} INFO - Processing /home/airflow/.local/lib/python3.7/site-packages/airflow/example_dags/example_latest_only.py took 0.097 seconds
[2022-01-17 19:30:47,499] {processor.py:163} INFO - Started process (PID=224) to work on /home/airflow/.local/lib/python3.7/site-packages/airflow/example_dags/example_latest_only.py
[2022-01-17 19:30:47,501] {processor.py:625} INFO - Processing file /home/airflow/.local/lib/python3.7/site-packages/airflow/example_dags/example_latest_only.py for tasks to queue
[2022-01-17 19:30:47,502] {logging_mixin.py:109} INFO - [2022-01-17 19:30:47,502] {dagbag.py:500} INFO - Filling up the DagBag from /home/airflow/.local/lib/python3.7/site-packages/airflow/example_dags/example_latest_only.py
[2022-01-17 19:30:47,538] {processor.py:637} INFO - DAG(s) dict_keys(['latest_only']) retrieved from /home/airflow/.local/lib/python3.7/site-packages/airflow/example_dags/example_latest_only.py
[2022-01-17 19:30:47,555] {logging_mixin.py:109} INFO - [2022-01-17 19:30:47,554] {dag.py:2396} INFO - Sync 1 DAGs
[2022-01-17 19:30:47,582] {logging_mixin.py:109} INFO - [2022-01-17 19:30:47,582] {dag.py:2928} INFO - Setting next_dagrun for latest_only to 2022-01-17T15:30:47.581740+00:00
[2022-01-17 19:30:47,600] {processor.py:171} INFO - Processing /home/airflow/.local/lib/python3.7/site-packages/airflow/example_dags/example_latest_only.py took 0.106 seconds
[2022-01-17 19:31:19,460] {processor.py:163} INFO - Started process (PID=285) to work on /home/airflow/.local/lib/python3.7/site-packages/airflow/example_dags/example_latest_only.py
[2022-01-17 19:31:19,465] {processor.py:625} INFO - Processing file /home/airflow/.local/lib/python3.7/site-packages/airflow/example_dags/example_latest_only.py for tasks to queue
[2022-01-17 19:31:19,467] {logging_mixin.py:109} INFO - [2022-01-17 19:31:19,467] {dagbag.py:500} INFO - Filling up the DagBag from /home/airflow/.local/lib/python3.7/site-packages/airflow/example_dags/example_latest_only.py
[2022-01-17 19:31:19,523] {processor.py:637} INFO - DAG(s) dict_keys(['latest_only']) retrieved from /home/airflow/.local/lib/python3.7/site-packages/airflow/example_dags/example_latest_only.py
[2022-01-17 19:31:19,546] {logging_mixin.py:109} INFO - [2022-01-17 19:31:19,546] {dag.py:2396} INFO - Sync 1 DAGs
[2022-01-17 19:31:19,581] {logging_mixin.py:109} INFO - [2022-01-17 19:31:19,581] {dag.py:2928} INFO - Setting next_dagrun for latest_only to 2022-01-17T15:31:19.580510+00:00
[2022-01-17 19:31:19,602] {processor.py:171} INFO - Processing /home/airflow/.local/lib/python3.7/site-packages/airflow/example_dags/example_latest_only.py took 0.154 seconds
[2022-01-17 19:31:49,662] {processor.py:163} INFO - Started process (PID=345) to work on /home/airflow/.local/lib/python3.7/site-packages/airflow/example_dags/example_latest_only.py
[2022-01-17 19:31:49,664] {processor.py:625} INFO - Processing file /home/airflow/.local/lib/python3.7/site-packages/airflow/example_dags/example_latest_only.py for tasks to queue
[2022-01-17 19:31:49,665] {logging_mixin.py:109} INFO - [2022-01-17 19:31:49,665] {dagbag.py:500} INFO - Filling up the DagBag from /home/airflow/.local/lib/python3.7/site-packages/airflow/example_dags/example_latest_only.py
[2022-01-17 19:31:49,697] {processor.py:637} INFO - DAG(s) dict_keys(['latest_only']) retrieved from /home/airflow/.local/lib/python3.7/site-packages/airflow/example_dags/example_latest_only.py
[2022-01-17 19:31:49,711] {logging_mixin.py:109} INFO - [2022-01-17 19:31:49,711] {dag.py:2396} INFO - Sync 1 DAGs
[2022-01-17 19:31:49,734] {logging_mixin.py:109} INFO - [2022-01-17 19:31:49,734] {dag.py:2928} INFO - Setting next_dagrun for latest_only to 2022-01-17T15:31:49.733915+00:00
[2022-01-17 19:31:49,754] {processor.py:171} INFO - Processing /home/airflow/.local/lib/python3.7/site-packages/airflow/example_dags/example_latest_only.py took 0.096 seconds
[2022-01-17 19:32:22,559] {processor.py:163} INFO - Started process (PID=406) to work on /home/airflow/.local/lib/python3.7/site-packages/airflow/example_dags/example_latest_only.py
[2022-01-17 19:32:22,566] {processor.py:625} INFO - Processing file /home/airflow/.local/lib/python3.7/site-packages/airflow/example_dags/example_latest_only.py for tasks to queue
[2022-01-17 19:32:22,574] {logging_mixin.py:109} INFO - [2022-01-17 19:32:22,573] {dagbag.py:500} INFO - Filling up the DagBag from /home/airflow/.local/lib/python3.7/site-packages/airflow/example_dags/example_latest_only.py
[2022-01-17 19:32:22,648] {processor.py:637} INFO - DAG(s) dict_keys(['latest_only']) retrieved from /home/airflow/.local/lib/python3.7/site-packages/airflow/example_dags/example_latest_only.py
[2022-01-17 19:32:22,699] {logging_mixin.py:109} INFO - [2022-01-17 19:32:22,698] {dag.py:2396} INFO - Sync 1 DAGs
[2022-01-17 19:32:22,781] {logging_mixin.py:109} INFO - [2022-01-17 19:32:22,780] {dag.py:2928} INFO - Setting next_dagrun for latest_only to 2022-01-17T15:32:22.780173+00:00
[2022-01-17 19:32:22,831] {processor.py:171} INFO - Processing /home/airflow/.local/lib/python3.7/site-packages/airflow/example_dags/example_latest_only.py took 0.290 seconds
[2022-01-17 19:32:53,086] {processor.py:163} INFO - Started process (PID=466) to work on /home/airflow/.local/lib/python3.7/site-packages/airflow/example_dags/example_latest_only.py
[2022-01-17 19:32:53,088] {processor.py:625} INFO - Processing file /home/airflow/.local/lib/python3.7/site-packages/airflow/example_dags/example_latest_only.py for tasks to queue
[2022-01-17 19:32:53,089] {logging_mixin.py:109} INFO - [2022-01-17 19:32:53,089] {dagbag.py:500} INFO - Filling up the DagBag from /home/airflow/.local/lib/python3.7/site-packages/airflow/example_dags/example_latest_only.py
[2022-01-17 19:32:53,119] {processor.py:637} INFO - DAG(s) dict_keys(['latest_only']) retrieved from /home/airflow/.local/lib/python3.7/site-packages/airflow/example_dags/example_latest_only.py
[2022-01-17 19:32:53,133] {logging_mixin.py:109} INFO - [2022-01-17 19:32:53,133] {dag.py:2396} INFO - Sync 1 DAGs
[2022-01-17 19:32:53,151] {logging_mixin.py:109} INFO - [2022-01-17 19:32:53,151] {dag.py:2928} INFO - Setting next_dagrun for latest_only to 2022-01-17T15:32:53.151109+00:00
[2022-01-17 19:32:53,163] {processor.py:171} INFO - Processing /home/airflow/.local/lib/python3.7/site-packages/airflow/example_dags/example_latest_only.py took 0.081 seconds
[2022-01-17 19:33:23,479] {processor.py:163} INFO - Started process (PID=518) to work on /home/airflow/.local/lib/python3.7/site-packages/airflow/example_dags/example_latest_only.py
[2022-01-17 19:33:23,481] {processor.py:625} INFO - Processing file /home/airflow/.local/lib/python3.7/site-packages/airflow/example_dags/example_latest_only.py for tasks to queue
[2022-01-17 19:33:23,481] {logging_mixin.py:109} INFO - [2022-01-17 19:33:23,481] {dagbag.py:500} INFO - Filling up the DagBag from /home/airflow/.local/lib/python3.7/site-packages/airflow/example_dags/example_latest_only.py
[2022-01-17 19:33:23,511] {processor.py:637} INFO - DAG(s) dict_keys(['latest_only']) retrieved from /home/airflow/.local/lib/python3.7/site-packages/airflow/example_dags/example_latest_only.py
[2022-01-17 19:33:23,525] {logging_mixin.py:109} INFO - [2022-01-17 19:33:23,525] {dag.py:2396} INFO - Sync 1 DAGs
[2022-01-17 19:33:23,544] {logging_mixin.py:109} INFO - [2022-01-17 19:33:23,544] {dag.py:2928} INFO - Setting next_dagrun for latest_only to 2022-01-17T15:33:23.544242+00:00
[2022-01-17 19:33:23,557] {processor.py:171} INFO - Processing /home/airflow/.local/lib/python3.7/site-packages/airflow/example_dags/example_latest_only.py took 0.087 seconds
[2022-01-17 19:33:53,796] {processor.py:163} INFO - Started process (PID=589) to work on /home/airflow/.local/lib/python3.7/site-packages/airflow/example_dags/example_latest_only.py
[2022-01-17 19:33:53,798] {processor.py:625} INFO - Processing file /home/airflow/.local/lib/python3.7/site-packages/airflow/example_dags/example_latest_only.py for tasks to queue
[2022-01-17 19:33:53,799] {logging_mixin.py:109} INFO - [2022-01-17 19:33:53,799] {dagbag.py:500} INFO - Filling up the DagBag from /home/airflow/.local/lib/python3.7/site-packages/airflow/example_dags/example_latest_only.py
[2022-01-17 19:33:53,829] {processor.py:637} INFO - DAG(s) dict_keys(['latest_only']) retrieved from /home/airflow/.local/lib/python3.7/site-packages/airflow/example_dags/example_latest_only.py
[2022-01-17 19:33:53,842] {logging_mixin.py:109} INFO - [2022-01-17 19:33:53,842] {dag.py:2396} INFO - Sync 1 DAGs
[2022-01-17 19:33:53,865] {logging_mixin.py:109} INFO - [2022-01-17 19:33:53,864] {dag.py:2928} INFO - Setting next_dagrun for latest_only to 2022-01-17T15:33:53.864437+00:00
[2022-01-17 19:33:53,880] {processor.py:171} INFO - Processing /home/airflow/.local/lib/python3.7/site-packages/airflow/example_dags/example_latest_only.py took 0.087 seconds
[2022-01-17 19:34:24,820] {processor.py:163} INFO - Started process (PID=650) to work on /home/airflow/.local/lib/python3.7/site-packages/airflow/example_dags/example_latest_only.py
[2022-01-17 19:34:24,823] {processor.py:625} INFO - Processing file /home/airflow/.local/lib/python3.7/site-packages/airflow/example_dags/example_latest_only.py for tasks to queue
[2022-01-17 19:34:24,826] {logging_mixin.py:109} INFO - [2022-01-17 19:34:24,825] {dagbag.py:500} INFO - Filling up the DagBag from /home/airflow/.local/lib/python3.7/site-packages/airflow/example_dags/example_latest_only.py
[2022-01-17 19:34:24,884] {processor.py:637} INFO - DAG(s) dict_keys(['latest_only']) retrieved from /home/airflow/.local/lib/python3.7/site-packages/airflow/example_dags/example_latest_only.py
[2022-01-17 19:34:24,910] {logging_mixin.py:109} INFO - [2022-01-17 19:34:24,910] {dag.py:2396} INFO - Sync 1 DAGs
[2022-01-17 19:34:24,955] {logging_mixin.py:109} INFO - [2022-01-17 19:34:24,955] {dag.py:2928} INFO - Setting next_dagrun for latest_only to 2022-01-17T15:34:24.954487+00:00
[2022-01-17 19:34:24,979] {processor.py:171} INFO - Processing /home/airflow/.local/lib/python3.7/site-packages/airflow/example_dags/example_latest_only.py took 0.168 seconds
[2022-01-17 19:34:55,987] {processor.py:163} INFO - Started process (PID=711) to work on /home/airflow/.local/lib/python3.7/site-packages/airflow/example_dags/example_latest_only.py
[2022-01-17 19:34:55,988] {processor.py:625} INFO - Processing file /home/airflow/.local/lib/python3.7/site-packages/airflow/example_dags/example_latest_only.py for tasks to queue
[2022-01-17 19:34:55,989] {logging_mixin.py:109} INFO - [2022-01-17 19:34:55,989] {dagbag.py:500} INFO - Filling up the DagBag from /home/airflow/.local/lib/python3.7/site-packages/airflow/example_dags/example_latest_only.py
[2022-01-17 19:34:56,022] {processor.py:637} INFO - DAG(s) dict_keys(['latest_only']) retrieved from /home/airflow/.local/lib/python3.7/site-packages/airflow/example_dags/example_latest_only.py
[2022-01-17 19:34:56,034] {logging_mixin.py:109} INFO - [2022-01-17 19:34:56,034] {dag.py:2396} INFO - Sync 1 DAGs
[2022-01-17 19:34:56,054] {logging_mixin.py:109} INFO - [2022-01-17 19:34:56,054] {dag.py:2928} INFO - Setting next_dagrun for latest_only to 2022-01-17T15:34:56.054202+00:00
[2022-01-17 19:34:56,075] {processor.py:171} INFO - Processing /home/airflow/.local/lib/python3.7/site-packages/airflow/example_dags/example_latest_only.py took 0.094 seconds
[2022-01-17 19:35:27,917] {processor.py:163} INFO - Started process (PID=771) to work on /home/airflow/.local/lib/python3.7/site-packages/airflow/example_dags/example_latest_only.py
[2022-01-17 19:35:27,919] {processor.py:625} INFO - Processing file /home/airflow/.local/lib/python3.7/site-packages/airflow/example_dags/example_latest_only.py for tasks to queue
[2022-01-17 19:35:27,921] {logging_mixin.py:109} INFO - [2022-01-17 19:35:27,921] {dagbag.py:500} INFO - Filling up the DagBag from /home/airflow/.local/lib/python3.7/site-packages/airflow/example_dags/example_latest_only.py
[2022-01-17 19:35:27,986] {processor.py:637} INFO - DAG(s) dict_keys(['latest_only']) retrieved from /home/airflow/.local/lib/python3.7/site-packages/airflow/example_dags/example_latest_only.py
[2022-01-17 19:35:28,018] {logging_mixin.py:109} INFO - [2022-01-17 19:35:28,017] {dag.py:2396} INFO - Sync 1 DAGs
[2022-01-17 19:35:28,040] {logging_mixin.py:109} INFO - [2022-01-17 19:35:28,039] {dag.py:2928} INFO - Setting next_dagrun for latest_only to 2022-01-17T15:35:28.039553+00:00
[2022-01-17 19:35:28,051] {processor.py:171} INFO - Processing /home/airflow/.local/lib/python3.7/site-packages/airflow/example_dags/example_latest_only.py took 0.148 seconds
[2022-01-17 19:35:59,090] {processor.py:163} INFO - Started process (PID=839) to work on /home/airflow/.local/lib/python3.7/site-packages/airflow/example_dags/example_latest_only.py
[2022-01-17 19:35:59,092] {processor.py:625} INFO - Processing file /home/airflow/.local/lib/python3.7/site-packages/airflow/example_dags/example_latest_only.py for tasks to queue
[2022-01-17 19:35:59,093] {logging_mixin.py:109} INFO - [2022-01-17 19:35:59,093] {dagbag.py:500} INFO - Filling up the DagBag from /home/airflow/.local/lib/python3.7/site-packages/airflow/example_dags/example_latest_only.py
[2022-01-17 19:35:59,131] {processor.py:637} INFO - DAG(s) dict_keys(['latest_only']) retrieved from /home/airflow/.local/lib/python3.7/site-packages/airflow/example_dags/example_latest_only.py
[2022-01-17 19:35:59,148] {logging_mixin.py:109} INFO - [2022-01-17 19:35:59,148] {dag.py:2396} INFO - Sync 1 DAGs
[2022-01-17 19:35:59,172] {logging_mixin.py:109} INFO - [2022-01-17 19:35:59,172] {dag.py:2928} INFO - Setting next_dagrun for latest_only to 2022-01-17T15:35:59.171807+00:00
[2022-01-17 19:35:59,187] {processor.py:171} INFO - Processing /home/airflow/.local/lib/python3.7/site-packages/airflow/example_dags/example_latest_only.py took 0.102 seconds
[2022-01-17 19:36:30,203] {processor.py:163} INFO - Started process (PID=903) to work on /home/airflow/.local/lib/python3.7/site-packages/airflow/example_dags/example_latest_only.py
[2022-01-17 19:36:30,206] {processor.py:625} INFO - Processing file /home/airflow/.local/lib/python3.7/site-packages/airflow/example_dags/example_latest_only.py for tasks to queue
[2022-01-17 19:36:30,208] {logging_mixin.py:109} INFO - [2022-01-17 19:36:30,208] {dagbag.py:500} INFO - Filling up the DagBag from /home/airflow/.local/lib/python3.7/site-packages/airflow/example_dags/example_latest_only.py
[2022-01-17 19:36:30,266] {processor.py:637} INFO - DAG(s) dict_keys(['latest_only']) retrieved from /home/airflow/.local/lib/python3.7/site-packages/airflow/example_dags/example_latest_only.py
[2022-01-17 19:36:30,286] {logging_mixin.py:109} INFO - [2022-01-17 19:36:30,285] {dag.py:2396} INFO - Sync 1 DAGs
[2022-01-17 19:36:30,316] {logging_mixin.py:109} INFO - [2022-01-17 19:36:30,316] {dag.py:2928} INFO - Setting next_dagrun for latest_only to 2022-01-17T15:36:30.316207+00:00
[2022-01-17 19:36:30,337] {processor.py:171} INFO - Processing /home/airflow/.local/lib/python3.7/site-packages/airflow/example_dags/example_latest_only.py took 0.141 seconds
[2022-01-17 19:37:00,775] {processor.py:163} INFO - Started process (PID=964) to work on /home/airflow/.local/lib/python3.7/site-packages/airflow/example_dags/example_latest_only.py
[2022-01-17 19:37:00,777] {processor.py:625} INFO - Processing file /home/airflow/.local/lib/python3.7/site-packages/airflow/example_dags/example_latest_only.py for tasks to queue
[2022-01-17 19:37:00,779] {logging_mixin.py:109} INFO - [2022-01-17 19:37:00,779] {dagbag.py:500} INFO - Filling up the DagBag from /home/airflow/.local/lib/python3.7/site-packages/airflow/example_dags/example_latest_only.py
[2022-01-17 19:37:00,816] {processor.py:637} INFO - DAG(s) dict_keys(['latest_only']) retrieved from /home/airflow/.local/lib/python3.7/site-packages/airflow/example_dags/example_latest_only.py
[2022-01-17 19:37:00,835] {logging_mixin.py:109} INFO - [2022-01-17 19:37:00,835] {dag.py:2396} INFO - Sync 1 DAGs
[2022-01-17 19:37:00,862] {logging_mixin.py:109} INFO - [2022-01-17 19:37:00,861] {dag.py:2928} INFO - Setting next_dagrun for latest_only to 2022-01-17T15:37:00.861468+00:00
[2022-01-17 19:37:00,878] {processor.py:171} INFO - Processing /home/airflow/.local/lib/python3.7/site-packages/airflow/example_dags/example_latest_only.py took 0.108 seconds
[2022-01-17 19:37:32,067] {processor.py:163} INFO - Started process (PID=1025) to work on /home/airflow/.local/lib/python3.7/site-packages/airflow/example_dags/example_latest_only.py
[2022-01-17 19:37:32,071] {processor.py:625} INFO - Processing file /home/airflow/.local/lib/python3.7/site-packages/airflow/example_dags/example_latest_only.py for tasks to queue
[2022-01-17 19:37:32,072] {logging_mixin.py:109} INFO - [2022-01-17 19:37:32,072] {dagbag.py:500} INFO - Filling up the DagBag from /home/airflow/.local/lib/python3.7/site-packages/airflow/example_dags/example_latest_only.py
[2022-01-17 19:37:32,106] {processor.py:637} INFO - DAG(s) dict_keys(['latest_only']) retrieved from /home/airflow/.local/lib/python3.7/site-packages/airflow/example_dags/example_latest_only.py
[2022-01-17 19:37:32,120] {logging_mixin.py:109} INFO - [2022-01-17 19:37:32,120] {dag.py:2396} INFO - Sync 1 DAGs
[2022-01-17 19:37:32,144] {logging_mixin.py:109} INFO - [2022-01-17 19:37:32,144] {dag.py:2928} INFO - Setting next_dagrun for latest_only to 2022-01-17T15:37:32.143911+00:00
[2022-01-17 19:37:32,160] {processor.py:171} INFO - Processing /home/airflow/.local/lib/python3.7/site-packages/airflow/example_dags/example_latest_only.py took 0.098 seconds
[2022-01-17 19:38:03,786] {processor.py:163} INFO - Started process (PID=1086) to work on /home/airflow/.local/lib/python3.7/site-packages/airflow/example_dags/example_latest_only.py
[2022-01-17 19:38:03,789] {processor.py:625} INFO - Processing file /home/airflow/.local/lib/python3.7/site-packages/airflow/example_dags/example_latest_only.py for tasks to queue
[2022-01-17 19:38:03,790] {logging_mixin.py:109} INFO - [2022-01-17 19:38:03,790] {dagbag.py:500} INFO - Filling up the DagBag from /home/airflow/.local/lib/python3.7/site-packages/airflow/example_dags/example_latest_only.py
[2022-01-17 19:38:03,830] {processor.py:637} INFO - DAG(s) dict_keys(['latest_only']) retrieved from /home/airflow/.local/lib/python3.7/site-packages/airflow/example_dags/example_latest_only.py
[2022-01-17 19:38:03,845] {logging_mixin.py:109} INFO - [2022-01-17 19:38:03,845] {dag.py:2396} INFO - Sync 1 DAGs
[2022-01-17 19:38:03,869] {logging_mixin.py:109} INFO - [2022-01-17 19:38:03,869] {dag.py:2928} INFO - Setting next_dagrun for latest_only to 2022-01-17T15:38:03.869137+00:00
[2022-01-17 19:38:03,996] {processor.py:171} INFO - Processing /home/airflow/.local/lib/python3.7/site-packages/airflow/example_dags/example_latest_only.py took 0.215 seconds
[2022-01-17 19:38:34,861] {processor.py:163} INFO - Started process (PID=1158) to work on /home/airflow/.local/lib/python3.7/site-packages/airflow/example_dags/example_latest_only.py
[2022-01-17 19:38:34,863] {processor.py:625} INFO - Processing file /home/airflow/.local/lib/python3.7/site-packages/airflow/example_dags/example_latest_only.py for tasks to queue
[2022-01-17 19:38:34,864] {logging_mixin.py:109} INFO - [2022-01-17 19:38:34,864] {dagbag.py:500} INFO - Filling up the DagBag from /home/airflow/.local/lib/python3.7/site-packages/airflow/example_dags/example_latest_only.py
[2022-01-17 19:38:34,903] {processor.py:637} INFO - DAG(s) dict_keys(['latest_only']) retrieved from /home/airflow/.local/lib/python3.7/site-packages/airflow/example_dags/example_latest_only.py
[2022-01-17 19:38:34,919] {logging_mixin.py:109} INFO - [2022-01-17 19:38:34,919] {dag.py:2396} INFO - Sync 1 DAGs
[2022-01-17 19:38:35,053] {logging_mixin.py:109} INFO - [2022-01-17 19:38:35,053] {dag.py:2928} INFO - Setting next_dagrun for latest_only to 2022-01-17T15:38:35.052883+00:00
[2022-01-17 19:38:35,071] {processor.py:171} INFO - Processing /home/airflow/.local/lib/python3.7/site-packages/airflow/example_dags/example_latest_only.py took 0.216 seconds
[2022-01-17 19:39:05,252] {processor.py:163} INFO - Started process (PID=1219) to work on /home/airflow/.local/lib/python3.7/site-packages/airflow/example_dags/example_latest_only.py
[2022-01-17 19:39:05,254] {processor.py:625} INFO - Processing file /home/airflow/.local/lib/python3.7/site-packages/airflow/example_dags/example_latest_only.py for tasks to queue
[2022-01-17 19:39:05,256] {logging_mixin.py:109} INFO - [2022-01-17 19:39:05,256] {dagbag.py:500} INFO - Filling up the DagBag from /home/airflow/.local/lib/python3.7/site-packages/airflow/example_dags/example_latest_only.py
[2022-01-17 19:39:05,308] {processor.py:637} INFO - DAG(s) dict_keys(['latest_only']) retrieved from /home/airflow/.local/lib/python3.7/site-packages/airflow/example_dags/example_latest_only.py
[2022-01-17 19:39:05,325] {logging_mixin.py:109} INFO - [2022-01-17 19:39:05,325] {dag.py:2396} INFO - Sync 1 DAGs
[2022-01-17 19:39:05,470] {logging_mixin.py:109} INFO - [2022-01-17 19:39:05,470] {dag.py:2928} INFO - Setting next_dagrun for latest_only to 2022-01-17T15:39:05.469659+00:00
[2022-01-17 19:39:05,485] {processor.py:171} INFO - Processing /home/airflow/.local/lib/python3.7/site-packages/airflow/example_dags/example_latest_only.py took 0.239 seconds
[2022-01-17 19:39:36,726] {processor.py:163} INFO - Started process (PID=1280) to work on /home/airflow/.local/lib/python3.7/site-packages/airflow/example_dags/example_latest_only.py
[2022-01-17 19:39:36,728] {processor.py:625} INFO - Processing file /home/airflow/.local/lib/python3.7/site-packages/airflow/example_dags/example_latest_only.py for tasks to queue
[2022-01-17 19:39:36,730] {logging_mixin.py:109} INFO - [2022-01-17 19:39:36,730] {dagbag.py:500} INFO - Filling up the DagBag from /home/airflow/.local/lib/python3.7/site-packages/airflow/example_dags/example_latest_only.py
[2022-01-17 19:39:36,781] {processor.py:637} INFO - DAG(s) dict_keys(['latest_only']) retrieved from /home/airflow/.local/lib/python3.7/site-packages/airflow/example_dags/example_latest_only.py
[2022-01-17 19:39:36,802] {logging_mixin.py:109} INFO - [2022-01-17 19:39:36,802] {dag.py:2396} INFO - Sync 1 DAGs
[2022-01-17 19:39:36,950] {logging_mixin.py:109} INFO - [2022-01-17 19:39:36,950] {dag.py:2928} INFO - Setting next_dagrun for latest_only to 2022-01-17T15:39:36.950543+00:00
[2022-01-17 19:39:36,964] {processor.py:171} INFO - Processing /home/airflow/.local/lib/python3.7/site-packages/airflow/example_dags/example_latest_only.py took 0.245 seconds
[2022-01-17 19:40:07,538] {processor.py:163} INFO - Started process (PID=1340) to work on /home/airflow/.local/lib/python3.7/site-packages/airflow/example_dags/example_latest_only.py
[2022-01-17 19:40:07,540] {processor.py:625} INFO - Processing file /home/airflow/.local/lib/python3.7/site-packages/airflow/example_dags/example_latest_only.py for tasks to queue
[2022-01-17 19:40:07,541] {logging_mixin.py:109} INFO - [2022-01-17 19:40:07,541] {dagbag.py:500} INFO - Filling up the DagBag from /home/airflow/.local/lib/python3.7/site-packages/airflow/example_dags/example_latest_only.py
[2022-01-17 19:40:07,671] {processor.py:637} INFO - DAG(s) dict_keys(['latest_only']) retrieved from /home/airflow/.local/lib/python3.7/site-packages/airflow/example_dags/example_latest_only.py
[2022-01-17 19:40:07,687] {logging_mixin.py:109} INFO - [2022-01-17 19:40:07,687] {dag.py:2396} INFO - Sync 1 DAGs
[2022-01-17 19:40:07,713] {logging_mixin.py:109} INFO - [2022-01-17 19:40:07,713] {dag.py:2928} INFO - Setting next_dagrun for latest_only to 2022-01-17T15:40:07.712705+00:00
[2022-01-17 19:40:07,732] {processor.py:171} INFO - Processing /home/airflow/.local/lib/python3.7/site-packages/airflow/example_dags/example_latest_only.py took 0.198 seconds
[2022-01-17 19:40:38,481] {processor.py:163} INFO - Started process (PID=1402) to work on /home/airflow/.local/lib/python3.7/site-packages/airflow/example_dags/example_latest_only.py
[2022-01-17 19:40:38,483] {processor.py:625} INFO - Processing file /home/airflow/.local/lib/python3.7/site-packages/airflow/example_dags/example_latest_only.py for tasks to queue
[2022-01-17 19:40:38,484] {logging_mixin.py:109} INFO - [2022-01-17 19:40:38,484] {dagbag.py:500} INFO - Filling up the DagBag from /home/airflow/.local/lib/python3.7/site-packages/airflow/example_dags/example_latest_only.py
[2022-01-17 19:40:38,655] {processor.py:637} INFO - DAG(s) dict_keys(['latest_only']) retrieved from /home/airflow/.local/lib/python3.7/site-packages/airflow/example_dags/example_latest_only.py
[2022-01-17 19:40:38,671] {logging_mixin.py:109} INFO - [2022-01-17 19:40:38,670] {dag.py:2396} INFO - Sync 1 DAGs
[2022-01-17 19:40:38,694] {logging_mixin.py:109} INFO - [2022-01-17 19:40:38,693] {dag.py:2928} INFO - Setting next_dagrun for latest_only to 2022-01-17T15:40:38.693566+00:00
[2022-01-17 19:40:38,707] {processor.py:171} INFO - Processing /home/airflow/.local/lib/python3.7/site-packages/airflow/example_dags/example_latest_only.py took 0.231 seconds
[2022-01-17 19:41:08,791] {processor.py:163} INFO - Started process (PID=1465) to work on /home/airflow/.local/lib/python3.7/site-packages/airflow/example_dags/example_latest_only.py
[2022-01-17 19:41:08,793] {processor.py:625} INFO - Processing file /home/airflow/.local/lib/python3.7/site-packages/airflow/example_dags/example_latest_only.py for tasks to queue
[2022-01-17 19:41:08,794] {logging_mixin.py:109} INFO - [2022-01-17 19:41:08,794] {dagbag.py:500} INFO - Filling up the DagBag from /home/airflow/.local/lib/python3.7/site-packages/airflow/example_dags/example_latest_only.py
[2022-01-17 19:41:08,940] {processor.py:637} INFO - DAG(s) dict_keys(['latest_only']) retrieved from /home/airflow/.local/lib/python3.7/site-packages/airflow/example_dags/example_latest_only.py
[2022-01-17 19:41:08,952] {logging_mixin.py:109} INFO - [2022-01-17 19:41:08,952] {dag.py:2396} INFO - Sync 1 DAGs
[2022-01-17 19:41:08,971] {logging_mixin.py:109} INFO - [2022-01-17 19:41:08,971] {dag.py:2928} INFO - Setting next_dagrun for latest_only to 2022-01-17T15:41:08.970950+00:00
[2022-01-17 19:41:08,985] {processor.py:171} INFO - Processing /home/airflow/.local/lib/python3.7/site-packages/airflow/example_dags/example_latest_only.py took 0.198 seconds
[2022-01-17 19:41:39,887] {processor.py:163} INFO - Started process (PID=1536) to work on /home/airflow/.local/lib/python3.7/site-packages/airflow/example_dags/example_latest_only.py
[2022-01-17 19:41:39,889] {processor.py:625} INFO - Processing file /home/airflow/.local/lib/python3.7/site-packages/airflow/example_dags/example_latest_only.py for tasks to queue
[2022-01-17 19:41:39,891] {logging_mixin.py:109} INFO - [2022-01-17 19:41:39,890] {dagbag.py:500} INFO - Filling up the DagBag from /home/airflow/.local/lib/python3.7/site-packages/airflow/example_dags/example_latest_only.py
[2022-01-17 19:41:40,100] {processor.py:637} INFO - DAG(s) dict_keys(['latest_only']) retrieved from /home/airflow/.local/lib/python3.7/site-packages/airflow/example_dags/example_latest_only.py
[2022-01-17 19:41:40,121] {logging_mixin.py:109} INFO - [2022-01-17 19:41:40,121] {dag.py:2396} INFO - Sync 1 DAGs
[2022-01-17 19:41:40,154] {logging_mixin.py:109} INFO - [2022-01-17 19:41:40,154] {dag.py:2928} INFO - Setting next_dagrun for latest_only to 2022-01-17T15:41:40.153854+00:00
[2022-01-17 19:41:40,175] {processor.py:171} INFO - Processing /home/airflow/.local/lib/python3.7/site-packages/airflow/example_dags/example_latest_only.py took 0.293 seconds
[2022-01-17 19:42:10,753] {processor.py:163} INFO - Started process (PID=1598) to work on /home/airflow/.local/lib/python3.7/site-packages/airflow/example_dags/example_latest_only.py
[2022-01-17 19:42:10,755] {processor.py:625} INFO - Processing file /home/airflow/.local/lib/python3.7/site-packages/airflow/example_dags/example_latest_only.py for tasks to queue
[2022-01-17 19:42:10,757] {logging_mixin.py:109} INFO - [2022-01-17 19:42:10,756] {dagbag.py:500} INFO - Filling up the DagBag from /home/airflow/.local/lib/python3.7/site-packages/airflow/example_dags/example_latest_only.py
[2022-01-17 19:42:10,794] {processor.py:637} INFO - DAG(s) dict_keys(['latest_only']) retrieved from /home/airflow/.local/lib/python3.7/site-packages/airflow/example_dags/example_latest_only.py
[2022-01-17 19:42:10,809] {logging_mixin.py:109} INFO - [2022-01-17 19:42:10,809] {dag.py:2396} INFO - Sync 1 DAGs
[2022-01-17 19:42:10,831] {logging_mixin.py:109} INFO - [2022-01-17 19:42:10,831] {dag.py:2928} INFO - Setting next_dagrun for latest_only to 2022-01-17T15:42:10.830894+00:00
[2022-01-17 19:42:10,844] {processor.py:171} INFO - Processing /home/airflow/.local/lib/python3.7/site-packages/airflow/example_dags/example_latest_only.py took 0.096 seconds
[2022-01-17 19:42:41,258] {processor.py:163} INFO - Started process (PID=1660) to work on /home/airflow/.local/lib/python3.7/site-packages/airflow/example_dags/example_latest_only.py
[2022-01-17 19:42:41,260] {processor.py:625} INFO - Processing file /home/airflow/.local/lib/python3.7/site-packages/airflow/example_dags/example_latest_only.py for tasks to queue
[2022-01-17 19:42:41,262] {logging_mixin.py:109} INFO - [2022-01-17 19:42:41,262] {dagbag.py:500} INFO - Filling up the DagBag from /home/airflow/.local/lib/python3.7/site-packages/airflow/example_dags/example_latest_only.py
[2022-01-17 19:42:41,303] {processor.py:637} INFO - DAG(s) dict_keys(['latest_only']) retrieved from /home/airflow/.local/lib/python3.7/site-packages/airflow/example_dags/example_latest_only.py
[2022-01-17 19:42:41,322] {logging_mixin.py:109} INFO - [2022-01-17 19:42:41,321] {dag.py:2396} INFO - Sync 1 DAGs
[2022-01-17 19:42:41,359] {logging_mixin.py:109} INFO - [2022-01-17 19:42:41,359] {dag.py:2928} INFO - Setting next_dagrun for latest_only to 2022-01-17T15:42:41.358453+00:00
[2022-01-17 19:42:41,382] {processor.py:171} INFO - Processing /home/airflow/.local/lib/python3.7/site-packages/airflow/example_dags/example_latest_only.py took 0.129 seconds
[2022-01-17 19:43:11,792] {processor.py:163} INFO - Started process (PID=1722) to work on /home/airflow/.local/lib/python3.7/site-packages/airflow/example_dags/example_latest_only.py
[2022-01-17 19:43:11,793] {processor.py:625} INFO - Processing file /home/airflow/.local/lib/python3.7/site-packages/airflow/example_dags/example_latest_only.py for tasks to queue
[2022-01-17 19:43:11,794] {logging_mixin.py:109} INFO - [2022-01-17 19:43:11,794] {dagbag.py:500} INFO - Filling up the DagBag from /home/airflow/.local/lib/python3.7/site-packages/airflow/example_dags/example_latest_only.py
[2022-01-17 19:43:11,818] {processor.py:637} INFO - DAG(s) dict_keys(['latest_only']) retrieved from /home/airflow/.local/lib/python3.7/site-packages/airflow/example_dags/example_latest_only.py
[2022-01-17 19:43:11,826] {logging_mixin.py:109} INFO - [2022-01-17 19:43:11,826] {dag.py:2396} INFO - Sync 1 DAGs
[2022-01-17 19:43:11,851] {logging_mixin.py:109} INFO - [2022-01-17 19:43:11,851] {dag.py:2928} INFO - Setting next_dagrun for latest_only to 2022-01-17T15:43:11.850833+00:00
[2022-01-17 19:43:11,863] {processor.py:171} INFO - Processing /home/airflow/.local/lib/python3.7/site-packages/airflow/example_dags/example_latest_only.py took 0.074 seconds
[2022-01-17 19:43:42,295] {processor.py:163} INFO - Started process (PID=1793) to work on /home/airflow/.local/lib/python3.7/site-packages/airflow/example_dags/example_latest_only.py
[2022-01-17 19:43:42,297] {processor.py:625} INFO - Processing file /home/airflow/.local/lib/python3.7/site-packages/airflow/example_dags/example_latest_only.py for tasks to queue
[2022-01-17 19:43:42,298] {logging_mixin.py:109} INFO - [2022-01-17 19:43:42,298] {dagbag.py:500} INFO - Filling up the DagBag from /home/airflow/.local/lib/python3.7/site-packages/airflow/example_dags/example_latest_only.py
[2022-01-17 19:43:42,342] {processor.py:637} INFO - DAG(s) dict_keys(['latest_only']) retrieved from /home/airflow/.local/lib/python3.7/site-packages/airflow/example_dags/example_latest_only.py
[2022-01-17 19:43:42,359] {logging_mixin.py:109} INFO - [2022-01-17 19:43:42,359] {dag.py:2396} INFO - Sync 1 DAGs
[2022-01-17 19:43:42,397] {logging_mixin.py:109} INFO - [2022-01-17 19:43:42,397] {dag.py:2928} INFO - Setting next_dagrun for latest_only to 2022-01-17T15:43:42.396726+00:00
[2022-01-17 19:43:42,416] {processor.py:171} INFO - Processing /home/airflow/.local/lib/python3.7/site-packages/airflow/example_dags/example_latest_only.py took 0.128 seconds
[2022-01-17 19:44:12,890] {processor.py:163} INFO - Started process (PID=1854) to work on /home/airflow/.local/lib/python3.7/site-packages/airflow/example_dags/example_latest_only.py
[2022-01-17 19:44:12,892] {processor.py:625} INFO - Processing file /home/airflow/.local/lib/python3.7/site-packages/airflow/example_dags/example_latest_only.py for tasks to queue
[2022-01-17 19:44:12,893] {logging_mixin.py:109} INFO - [2022-01-17 19:44:12,893] {dagbag.py:500} INFO - Filling up the DagBag from /home/airflow/.local/lib/python3.7/site-packages/airflow/example_dags/example_latest_only.py
[2022-01-17 19:44:12,924] {processor.py:637} INFO - DAG(s) dict_keys(['latest_only']) retrieved from /home/airflow/.local/lib/python3.7/site-packages/airflow/example_dags/example_latest_only.py
[2022-01-17 19:44:12,938] {logging_mixin.py:109} INFO - [2022-01-17 19:44:12,937] {dag.py:2396} INFO - Sync 1 DAGs
[2022-01-17 19:44:12,958] {logging_mixin.py:109} INFO - [2022-01-17 19:44:12,958] {dag.py:2928} INFO - Setting next_dagrun for latest_only to 2022-01-17T15:44:12.958321+00:00
[2022-01-17 19:44:12,972] {processor.py:171} INFO - Processing /home/airflow/.local/lib/python3.7/site-packages/airflow/example_dags/example_latest_only.py took 0.086 seconds
[2022-01-17 19:44:43,697] {processor.py:163} INFO - Started process (PID=1914) to work on /home/airflow/.local/lib/python3.7/site-packages/airflow/example_dags/example_latest_only.py
[2022-01-17 19:44:43,703] {processor.py:625} INFO - Processing file /home/airflow/.local/lib/python3.7/site-packages/airflow/example_dags/example_latest_only.py for tasks to queue
[2022-01-17 19:44:43,706] {logging_mixin.py:109} INFO - [2022-01-17 19:44:43,706] {dagbag.py:500} INFO - Filling up the DagBag from /home/airflow/.local/lib/python3.7/site-packages/airflow/example_dags/example_latest_only.py
[2022-01-17 19:44:43,796] {processor.py:637} INFO - DAG(s) dict_keys(['latest_only']) retrieved from /home/airflow/.local/lib/python3.7/site-packages/airflow/example_dags/example_latest_only.py
[2022-01-17 19:44:43,831] {logging_mixin.py:109} INFO - [2022-01-17 19:44:43,831] {dag.py:2396} INFO - Sync 1 DAGs
[2022-01-17 19:44:43,891] {logging_mixin.py:109} INFO - [2022-01-17 19:44:43,891] {dag.py:2928} INFO - Setting next_dagrun for latest_only to 2022-01-17T15:44:43.890654+00:00
[2022-01-17 19:44:43,925] {processor.py:171} INFO - Processing /home/airflow/.local/lib/python3.7/site-packages/airflow/example_dags/example_latest_only.py took 0.237 seconds
[2022-01-17 19:45:14,790] {processor.py:163} INFO - Started process (PID=1974) to work on /home/airflow/.local/lib/python3.7/site-packages/airflow/example_dags/example_latest_only.py
[2022-01-17 19:45:14,792] {processor.py:625} INFO - Processing file /home/airflow/.local/lib/python3.7/site-packages/airflow/example_dags/example_latest_only.py for tasks to queue
[2022-01-17 19:45:14,793] {logging_mixin.py:109} INFO - [2022-01-17 19:45:14,793] {dagbag.py:500} INFO - Filling up the DagBag from /home/airflow/.local/lib/python3.7/site-packages/airflow/example_dags/example_latest_only.py
[2022-01-17 19:45:14,825] {processor.py:637} INFO - DAG(s) dict_keys(['latest_only']) retrieved from /home/airflow/.local/lib/python3.7/site-packages/airflow/example_dags/example_latest_only.py
[2022-01-17 19:45:14,838] {logging_mixin.py:109} INFO - [2022-01-17 19:45:14,837] {dag.py:2396} INFO - Sync 1 DAGs
[2022-01-17 19:45:14,857] {logging_mixin.py:109} INFO - [2022-01-17 19:45:14,857] {dag.py:2928} INFO - Setting next_dagrun for latest_only to 2022-01-17T15:45:14.857123+00:00
[2022-01-17 19:45:14,872] {processor.py:171} INFO - Processing /home/airflow/.local/lib/python3.7/site-packages/airflow/example_dags/example_latest_only.py took 0.091 seconds
[2022-01-17 19:45:45,280] {processor.py:163} INFO - Started process (PID=2045) to work on /home/airflow/.local/lib/python3.7/site-packages/airflow/example_dags/example_latest_only.py
[2022-01-17 19:45:45,282] {processor.py:625} INFO - Processing file /home/airflow/.local/lib/python3.7/site-packages/airflow/example_dags/example_latest_only.py for tasks to queue
[2022-01-17 19:45:45,283] {logging_mixin.py:109} INFO - [2022-01-17 19:45:45,283] {dagbag.py:500} INFO - Filling up the DagBag from /home/airflow/.local/lib/python3.7/site-packages/airflow/example_dags/example_latest_only.py
[2022-01-17 19:45:45,317] {processor.py:637} INFO - DAG(s) dict_keys(['latest_only']) retrieved from /home/airflow/.local/lib/python3.7/site-packages/airflow/example_dags/example_latest_only.py
[2022-01-17 19:45:45,334] {logging_mixin.py:109} INFO - [2022-01-17 19:45:45,334] {dag.py:2396} INFO - Sync 1 DAGs
[2022-01-17 19:45:45,358] {logging_mixin.py:109} INFO - [2022-01-17 19:45:45,358] {dag.py:2928} INFO - Setting next_dagrun for latest_only to 2022-01-17T15:45:45.358071+00:00
[2022-01-17 19:45:45,372] {processor.py:171} INFO - Processing /home/airflow/.local/lib/python3.7/site-packages/airflow/example_dags/example_latest_only.py took 0.095 seconds
[2022-01-17 19:46:16,061] {processor.py:163} INFO - Started process (PID=2107) to work on /home/airflow/.local/lib/python3.7/site-packages/airflow/example_dags/example_latest_only.py
[2022-01-17 19:46:16,067] {processor.py:625} INFO - Processing file /home/airflow/.local/lib/python3.7/site-packages/airflow/example_dags/example_latest_only.py for tasks to queue
[2022-01-17 19:46:16,071] {logging_mixin.py:109} INFO - [2022-01-17 19:46:16,070] {dagbag.py:500} INFO - Filling up the DagBag from /home/airflow/.local/lib/python3.7/site-packages/airflow/example_dags/example_latest_only.py
[2022-01-17 19:46:16,180] {processor.py:637} INFO - DAG(s) dict_keys(['latest_only']) retrieved from /home/airflow/.local/lib/python3.7/site-packages/airflow/example_dags/example_latest_only.py
[2022-01-17 19:46:16,193] {logging_mixin.py:109} INFO - [2022-01-17 19:46:16,193] {dag.py:2396} INFO - Sync 1 DAGs
[2022-01-17 19:46:16,219] {logging_mixin.py:109} INFO - [2022-01-17 19:46:16,219] {dag.py:2928} INFO - Setting next_dagrun for latest_only to 2022-01-17T15:46:16.219413+00:00
[2022-01-17 19:46:16,233] {processor.py:171} INFO - Processing /home/airflow/.local/lib/python3.7/site-packages/airflow/example_dags/example_latest_only.py took 0.187 seconds
[2022-01-17 19:46:46,331] {processor.py:163} INFO - Started process (PID=2168) to work on /home/airflow/.local/lib/python3.7/site-packages/airflow/example_dags/example_latest_only.py
[2022-01-17 19:46:46,332] {processor.py:625} INFO - Processing file /home/airflow/.local/lib/python3.7/site-packages/airflow/example_dags/example_latest_only.py for tasks to queue
[2022-01-17 19:46:46,334] {logging_mixin.py:109} INFO - [2022-01-17 19:46:46,334] {dagbag.py:500} INFO - Filling up the DagBag from /home/airflow/.local/lib/python3.7/site-packages/airflow/example_dags/example_latest_only.py
[2022-01-17 19:46:46,366] {processor.py:637} INFO - DAG(s) dict_keys(['latest_only']) retrieved from /home/airflow/.local/lib/python3.7/site-packages/airflow/example_dags/example_latest_only.py
[2022-01-17 19:46:46,378] {logging_mixin.py:109} INFO - [2022-01-17 19:46:46,378] {dag.py:2396} INFO - Sync 1 DAGs
[2022-01-17 19:46:46,399] {logging_mixin.py:109} INFO - [2022-01-17 19:46:46,399] {dag.py:2928} INFO - Setting next_dagrun for latest_only to 2022-01-17T15:46:46.399292+00:00
[2022-01-17 19:46:46,412] {processor.py:171} INFO - Processing /home/airflow/.local/lib/python3.7/site-packages/airflow/example_dags/example_latest_only.py took 0.086 seconds
[2022-01-17 19:47:17,251] {processor.py:163} INFO - Started process (PID=2228) to work on /home/airflow/.local/lib/python3.7/site-packages/airflow/example_dags/example_latest_only.py
[2022-01-17 19:47:17,253] {processor.py:625} INFO - Processing file /home/airflow/.local/lib/python3.7/site-packages/airflow/example_dags/example_latest_only.py for tasks to queue
[2022-01-17 19:47:17,254] {logging_mixin.py:109} INFO - [2022-01-17 19:47:17,254] {dagbag.py:500} INFO - Filling up the DagBag from /home/airflow/.local/lib/python3.7/site-packages/airflow/example_dags/example_latest_only.py
[2022-01-17 19:47:17,293] {processor.py:637} INFO - DAG(s) dict_keys(['latest_only']) retrieved from /home/airflow/.local/lib/python3.7/site-packages/airflow/example_dags/example_latest_only.py
[2022-01-17 19:47:17,308] {logging_mixin.py:109} INFO - [2022-01-17 19:47:17,308] {dag.py:2396} INFO - Sync 1 DAGs
[2022-01-17 19:47:17,331] {logging_mixin.py:109} INFO - [2022-01-17 19:47:17,330] {dag.py:2928} INFO - Setting next_dagrun for latest_only to 2022-01-17T15:47:17.330673+00:00
[2022-01-17 19:47:17,345] {processor.py:171} INFO - Processing /home/airflow/.local/lib/python3.7/site-packages/airflow/example_dags/example_latest_only.py took 0.101 seconds
[2022-01-17 19:47:47,463] {processor.py:163} INFO - Started process (PID=2288) to work on /home/airflow/.local/lib/python3.7/site-packages/airflow/example_dags/example_latest_only.py
[2022-01-17 19:47:47,464] {processor.py:625} INFO - Processing file /home/airflow/.local/lib/python3.7/site-packages/airflow/example_dags/example_latest_only.py for tasks to queue
[2022-01-17 19:47:47,466] {logging_mixin.py:109} INFO - [2022-01-17 19:47:47,466] {dagbag.py:500} INFO - Filling up the DagBag from /home/airflow/.local/lib/python3.7/site-packages/airflow/example_dags/example_latest_only.py
[2022-01-17 19:47:47,500] {processor.py:637} INFO - DAG(s) dict_keys(['latest_only']) retrieved from /home/airflow/.local/lib/python3.7/site-packages/airflow/example_dags/example_latest_only.py
[2022-01-17 19:47:47,518] {logging_mixin.py:109} INFO - [2022-01-17 19:47:47,517] {dag.py:2396} INFO - Sync 1 DAGs
[2022-01-17 19:47:47,539] {logging_mixin.py:109} INFO - [2022-01-17 19:47:47,539] {dag.py:2928} INFO - Setting next_dagrun for latest_only to 2022-01-17T15:47:47.539050+00:00
[2022-01-17 19:47:47,555] {processor.py:171} INFO - Processing /home/airflow/.local/lib/python3.7/site-packages/airflow/example_dags/example_latest_only.py took 0.097 seconds
[2022-01-17 19:48:18,862] {processor.py:163} INFO - Started process (PID=2360) to work on /home/airflow/.local/lib/python3.7/site-packages/airflow/example_dags/example_latest_only.py
[2022-01-17 19:48:18,864] {processor.py:625} INFO - Processing file /home/airflow/.local/lib/python3.7/site-packages/airflow/example_dags/example_latest_only.py for tasks to queue
[2022-01-17 19:48:18,865] {logging_mixin.py:109} INFO - [2022-01-17 19:48:18,865] {dagbag.py:500} INFO - Filling up the DagBag from /home/airflow/.local/lib/python3.7/site-packages/airflow/example_dags/example_latest_only.py
[2022-01-17 19:48:18,902] {processor.py:637} INFO - DAG(s) dict_keys(['latest_only']) retrieved from /home/airflow/.local/lib/python3.7/site-packages/airflow/example_dags/example_latest_only.py
[2022-01-17 19:48:18,916] {logging_mixin.py:109} INFO - [2022-01-17 19:48:18,916] {dag.py:2396} INFO - Sync 1 DAGs
[2022-01-17 19:48:18,939] {logging_mixin.py:109} INFO - [2022-01-17 19:48:18,939] {dag.py:2928} INFO - Setting next_dagrun for latest_only to 2022-01-17T15:48:18.939337+00:00
[2022-01-17 19:48:18,955] {processor.py:171} INFO - Processing /home/airflow/.local/lib/python3.7/site-packages/airflow/example_dags/example_latest_only.py took 0.098 seconds
[2022-01-17 19:48:49,998] {processor.py:163} INFO - Started process (PID=2421) to work on /home/airflow/.local/lib/python3.7/site-packages/airflow/example_dags/example_latest_only.py
[2022-01-17 19:48:50,001] {processor.py:625} INFO - Processing file /home/airflow/.local/lib/python3.7/site-packages/airflow/example_dags/example_latest_only.py for tasks to queue
[2022-01-17 19:48:50,002] {logging_mixin.py:109} INFO - [2022-01-17 19:48:50,002] {dagbag.py:500} INFO - Filling up the DagBag from /home/airflow/.local/lib/python3.7/site-packages/airflow/example_dags/example_latest_only.py
[2022-01-17 19:48:50,038] {processor.py:637} INFO - DAG(s) dict_keys(['latest_only']) retrieved from /home/airflow/.local/lib/python3.7/site-packages/airflow/example_dags/example_latest_only.py
[2022-01-17 19:48:50,058] {logging_mixin.py:109} INFO - [2022-01-17 19:48:50,058] {dag.py:2396} INFO - Sync 1 DAGs
[2022-01-17 19:48:50,088] {logging_mixin.py:109} INFO - [2022-01-17 19:48:50,088] {dag.py:2928} INFO - Setting next_dagrun for latest_only to 2022-01-17T15:48:50.088040+00:00
[2022-01-17 19:48:50,104] {processor.py:171} INFO - Processing /home/airflow/.local/lib/python3.7/site-packages/airflow/example_dags/example_latest_only.py took 0.111 seconds
[2022-01-17 19:49:20,410] {processor.py:163} INFO - Started process (PID=2483) to work on /home/airflow/.local/lib/python3.7/site-packages/airflow/example_dags/example_latest_only.py
[2022-01-17 19:49:20,412] {processor.py:625} INFO - Processing file /home/airflow/.local/lib/python3.7/site-packages/airflow/example_dags/example_latest_only.py for tasks to queue
[2022-01-17 19:49:20,413] {logging_mixin.py:109} INFO - [2022-01-17 19:49:20,413] {dagbag.py:500} INFO - Filling up the DagBag from /home/airflow/.local/lib/python3.7/site-packages/airflow/example_dags/example_latest_only.py
[2022-01-17 19:49:20,451] {processor.py:637} INFO - DAG(s) dict_keys(['latest_only']) retrieved from /home/airflow/.local/lib/python3.7/site-packages/airflow/example_dags/example_latest_only.py
[2022-01-17 19:49:20,465] {logging_mixin.py:109} INFO - [2022-01-17 19:49:20,465] {dag.py:2396} INFO - Sync 1 DAGs
[2022-01-17 19:49:20,493] {logging_mixin.py:109} INFO - [2022-01-17 19:49:20,493] {dag.py:2928} INFO - Setting next_dagrun for latest_only to 2022-01-17T15:49:20.493099+00:00
[2022-01-17 19:49:20,507] {processor.py:171} INFO - Processing /home/airflow/.local/lib/python3.7/site-packages/airflow/example_dags/example_latest_only.py took 0.102 seconds
[2022-01-17 19:49:51,258] {processor.py:163} INFO - Started process (PID=2544) to work on /home/airflow/.local/lib/python3.7/site-packages/airflow/example_dags/example_latest_only.py
[2022-01-17 19:49:51,260] {processor.py:625} INFO - Processing file /home/airflow/.local/lib/python3.7/site-packages/airflow/example_dags/example_latest_only.py for tasks to queue
[2022-01-17 19:49:51,261] {logging_mixin.py:109} INFO - [2022-01-17 19:49:51,261] {dagbag.py:500} INFO - Filling up the DagBag from /home/airflow/.local/lib/python3.7/site-packages/airflow/example_dags/example_latest_only.py
[2022-01-17 19:49:51,303] {processor.py:637} INFO - DAG(s) dict_keys(['latest_only']) retrieved from /home/airflow/.local/lib/python3.7/site-packages/airflow/example_dags/example_latest_only.py
[2022-01-17 19:49:51,315] {logging_mixin.py:109} INFO - [2022-01-17 19:49:51,315] {dag.py:2396} INFO - Sync 1 DAGs
[2022-01-17 19:49:51,342] {logging_mixin.py:109} INFO - [2022-01-17 19:49:51,342] {dag.py:2928} INFO - Setting next_dagrun for latest_only to 2022-01-17T15:49:51.342017+00:00
[2022-01-17 19:49:51,356] {processor.py:171} INFO - Processing /home/airflow/.local/lib/python3.7/site-packages/airflow/example_dags/example_latest_only.py took 0.103 seconds
[2022-01-17 19:50:22,602] {processor.py:163} INFO - Started process (PID=2606) to work on /home/airflow/.local/lib/python3.7/site-packages/airflow/example_dags/example_latest_only.py
[2022-01-17 19:50:22,604] {processor.py:625} INFO - Processing file /home/airflow/.local/lib/python3.7/site-packages/airflow/example_dags/example_latest_only.py for tasks to queue
[2022-01-17 19:50:22,605] {logging_mixin.py:109} INFO - [2022-01-17 19:50:22,605] {dagbag.py:500} INFO - Filling up the DagBag from /home/airflow/.local/lib/python3.7/site-packages/airflow/example_dags/example_latest_only.py
[2022-01-17 19:50:22,640] {processor.py:637} INFO - DAG(s) dict_keys(['latest_only']) retrieved from /home/airflow/.local/lib/python3.7/site-packages/airflow/example_dags/example_latest_only.py
[2022-01-17 19:50:22,655] {logging_mixin.py:109} INFO - [2022-01-17 19:50:22,655] {dag.py:2396} INFO - Sync 1 DAGs
[2022-01-17 19:50:22,677] {logging_mixin.py:109} INFO - [2022-01-17 19:50:22,677] {dag.py:2928} INFO - Setting next_dagrun for latest_only to 2022-01-17T15:50:22.676880+00:00
[2022-01-17 19:50:22,691] {processor.py:171} INFO - Processing /home/airflow/.local/lib/python3.7/site-packages/airflow/example_dags/example_latest_only.py took 0.093 seconds
[2022-01-17 19:50:53,011] {processor.py:163} INFO - Started process (PID=2676) to work on /home/airflow/.local/lib/python3.7/site-packages/airflow/example_dags/example_latest_only.py
[2022-01-17 19:50:53,013] {processor.py:625} INFO - Processing file /home/airflow/.local/lib/python3.7/site-packages/airflow/example_dags/example_latest_only.py for tasks to queue
[2022-01-17 19:50:53,015] {logging_mixin.py:109} INFO - [2022-01-17 19:50:53,014] {dagbag.py:500} INFO - Filling up the DagBag from /home/airflow/.local/lib/python3.7/site-packages/airflow/example_dags/example_latest_only.py
[2022-01-17 19:50:53,052] {processor.py:637} INFO - DAG(s) dict_keys(['latest_only']) retrieved from /home/airflow/.local/lib/python3.7/site-packages/airflow/example_dags/example_latest_only.py
[2022-01-17 19:50:53,066] {logging_mixin.py:109} INFO - [2022-01-17 19:50:53,066] {dag.py:2396} INFO - Sync 1 DAGs
[2022-01-17 19:50:53,089] {logging_mixin.py:109} INFO - [2022-01-17 19:50:53,089] {dag.py:2928} INFO - Setting next_dagrun for latest_only to 2022-01-17T15:50:53.089245+00:00
[2022-01-17 19:50:53,104] {processor.py:171} INFO - Processing /home/airflow/.local/lib/python3.7/site-packages/airflow/example_dags/example_latest_only.py took 0.098 seconds
[2022-01-17 19:51:23,890] {processor.py:163} INFO - Started process (PID=2737) to work on /home/airflow/.local/lib/python3.7/site-packages/airflow/example_dags/example_latest_only.py
[2022-01-17 19:51:23,892] {processor.py:625} INFO - Processing file /home/airflow/.local/lib/python3.7/site-packages/airflow/example_dags/example_latest_only.py for tasks to queue
[2022-01-17 19:51:23,894] {logging_mixin.py:109} INFO - [2022-01-17 19:51:23,894] {dagbag.py:500} INFO - Filling up the DagBag from /home/airflow/.local/lib/python3.7/site-packages/airflow/example_dags/example_latest_only.py
[2022-01-17 19:51:23,927] {processor.py:637} INFO - DAG(s) dict_keys(['latest_only']) retrieved from /home/airflow/.local/lib/python3.7/site-packages/airflow/example_dags/example_latest_only.py
[2022-01-17 19:51:23,941] {logging_mixin.py:109} INFO - [2022-01-17 19:51:23,941] {dag.py:2396} INFO - Sync 1 DAGs
[2022-01-17 19:51:23,965] {logging_mixin.py:109} INFO - [2022-01-17 19:51:23,965] {dag.py:2928} INFO - Setting next_dagrun for latest_only to 2022-01-17T15:51:23.965342+00:00
[2022-01-17 19:51:23,979] {processor.py:171} INFO - Processing /home/airflow/.local/lib/python3.7/site-packages/airflow/example_dags/example_latest_only.py took 0.093 seconds
[2022-01-17 19:51:55,436] {processor.py:163} INFO - Started process (PID=2798) to work on /home/airflow/.local/lib/python3.7/site-packages/airflow/example_dags/example_latest_only.py
[2022-01-17 19:51:55,438] {processor.py:625} INFO - Processing file /home/airflow/.local/lib/python3.7/site-packages/airflow/example_dags/example_latest_only.py for tasks to queue
[2022-01-17 19:51:55,439] {logging_mixin.py:109} INFO - [2022-01-17 19:51:55,439] {dagbag.py:500} INFO - Filling up the DagBag from /home/airflow/.local/lib/python3.7/site-packages/airflow/example_dags/example_latest_only.py
[2022-01-17 19:51:55,481] {processor.py:637} INFO - DAG(s) dict_keys(['latest_only']) retrieved from /home/airflow/.local/lib/python3.7/site-packages/airflow/example_dags/example_latest_only.py
[2022-01-17 19:51:55,497] {logging_mixin.py:109} INFO - [2022-01-17 19:51:55,497] {dag.py:2396} INFO - Sync 1 DAGs
[2022-01-17 19:51:55,520] {logging_mixin.py:109} INFO - [2022-01-17 19:51:55,520] {dag.py:2928} INFO - Setting next_dagrun for latest_only to 2022-01-17T15:51:55.519861+00:00
[2022-01-17 19:51:55,535] {processor.py:171} INFO - Processing /home/airflow/.local/lib/python3.7/site-packages/airflow/example_dags/example_latest_only.py took 0.103 seconds
[2022-01-17 19:52:25,874] {processor.py:163} INFO - Started process (PID=2860) to work on /home/airflow/.local/lib/python3.7/site-packages/airflow/example_dags/example_latest_only.py
[2022-01-17 19:52:25,876] {processor.py:625} INFO - Processing file /home/airflow/.local/lib/python3.7/site-packages/airflow/example_dags/example_latest_only.py for tasks to queue
[2022-01-17 19:52:25,878] {logging_mixin.py:109} INFO - [2022-01-17 19:52:25,877] {dagbag.py:500} INFO - Filling up the DagBag from /home/airflow/.local/lib/python3.7/site-packages/airflow/example_dags/example_latest_only.py
[2022-01-17 19:52:25,915] {processor.py:637} INFO - DAG(s) dict_keys(['latest_only']) retrieved from /home/airflow/.local/lib/python3.7/site-packages/airflow/example_dags/example_latest_only.py
[2022-01-17 19:52:25,927] {logging_mixin.py:109} INFO - [2022-01-17 19:52:25,927] {dag.py:2396} INFO - Sync 1 DAGs
[2022-01-17 19:52:25,948] {logging_mixin.py:109} INFO - [2022-01-17 19:52:25,948] {dag.py:2928} INFO - Setting next_dagrun for latest_only to 2022-01-17T15:52:25.948218+00:00
[2022-01-17 19:52:25,961] {processor.py:171} INFO - Processing /home/airflow/.local/lib/python3.7/site-packages/airflow/example_dags/example_latest_only.py took 0.094 seconds
[2022-01-17 19:52:57,024] {processor.py:163} INFO - Started process (PID=2921) to work on /home/airflow/.local/lib/python3.7/site-packages/airflow/example_dags/example_latest_only.py
[2022-01-17 19:52:57,027] {processor.py:625} INFO - Processing file /home/airflow/.local/lib/python3.7/site-packages/airflow/example_dags/example_latest_only.py for tasks to queue
[2022-01-17 19:52:57,031] {logging_mixin.py:109} INFO - [2022-01-17 19:52:57,030] {dagbag.py:500} INFO - Filling up the DagBag from /home/airflow/.local/lib/python3.7/site-packages/airflow/example_dags/example_latest_only.py
[2022-01-17 19:52:57,082] {processor.py:637} INFO - DAG(s) dict_keys(['latest_only']) retrieved from /home/airflow/.local/lib/python3.7/site-packages/airflow/example_dags/example_latest_only.py
[2022-01-17 19:52:57,106] {logging_mixin.py:109} INFO - [2022-01-17 19:52:57,105] {dag.py:2396} INFO - Sync 1 DAGs
[2022-01-17 19:52:57,138] {logging_mixin.py:109} INFO - [2022-01-17 19:52:57,138] {dag.py:2928} INFO - Setting next_dagrun for latest_only to 2022-01-17T15:52:57.138109+00:00
[2022-01-17 19:52:57,155] {processor.py:171} INFO - Processing /home/airflow/.local/lib/python3.7/site-packages/airflow/example_dags/example_latest_only.py took 0.138 seconds
[2022-01-17 19:53:28,132] {processor.py:163} INFO - Started process (PID=2981) to work on /home/airflow/.local/lib/python3.7/site-packages/airflow/example_dags/example_latest_only.py
[2022-01-17 19:53:28,133] {processor.py:625} INFO - Processing file /home/airflow/.local/lib/python3.7/site-packages/airflow/example_dags/example_latest_only.py for tasks to queue
[2022-01-17 19:53:28,135] {logging_mixin.py:109} INFO - [2022-01-17 19:53:28,134] {dagbag.py:500} INFO - Filling up the DagBag from /home/airflow/.local/lib/python3.7/site-packages/airflow/example_dags/example_latest_only.py
[2022-01-17 19:53:28,165] {processor.py:637} INFO - DAG(s) dict_keys(['latest_only']) retrieved from /home/airflow/.local/lib/python3.7/site-packages/airflow/example_dags/example_latest_only.py
[2022-01-17 19:53:28,178] {logging_mixin.py:109} INFO - [2022-01-17 19:53:28,177] {dag.py:2396} INFO - Sync 1 DAGs
[2022-01-17 19:53:28,198] {logging_mixin.py:109} INFO - [2022-01-17 19:53:28,198] {dag.py:2928} INFO - Setting next_dagrun for latest_only to 2022-01-17T15:53:28.198526+00:00
[2022-01-17 19:53:28,210] {processor.py:171} INFO - Processing /home/airflow/.local/lib/python3.7/site-packages/airflow/example_dags/example_latest_only.py took 0.082 seconds
[2022-01-17 19:53:59,251] {processor.py:163} INFO - Started process (PID=3052) to work on /home/airflow/.local/lib/python3.7/site-packages/airflow/example_dags/example_latest_only.py
[2022-01-17 19:53:59,254] {processor.py:625} INFO - Processing file /home/airflow/.local/lib/python3.7/site-packages/airflow/example_dags/example_latest_only.py for tasks to queue
[2022-01-17 19:53:59,255] {logging_mixin.py:109} INFO - [2022-01-17 19:53:59,255] {dagbag.py:500} INFO - Filling up the DagBag from /home/airflow/.local/lib/python3.7/site-packages/airflow/example_dags/example_latest_only.py
[2022-01-17 19:53:59,313] {processor.py:637} INFO - DAG(s) dict_keys(['latest_only']) retrieved from /home/airflow/.local/lib/python3.7/site-packages/airflow/example_dags/example_latest_only.py
[2022-01-17 19:53:59,333] {logging_mixin.py:109} INFO - [2022-01-17 19:53:59,332] {dag.py:2396} INFO - Sync 1 DAGs
[2022-01-17 19:53:59,367] {logging_mixin.py:109} INFO - [2022-01-17 19:53:59,367] {dag.py:2928} INFO - Setting next_dagrun for latest_only to 2022-01-17T15:53:59.366583+00:00
[2022-01-17 19:53:59,388] {processor.py:171} INFO - Processing /home/airflow/.local/lib/python3.7/site-packages/airflow/example_dags/example_latest_only.py took 0.144 seconds
[2022-01-17 19:54:30,861] {processor.py:163} INFO - Started process (PID=3114) to work on /home/airflow/.local/lib/python3.7/site-packages/airflow/example_dags/example_latest_only.py
[2022-01-17 19:54:30,863] {processor.py:625} INFO - Processing file /home/airflow/.local/lib/python3.7/site-packages/airflow/example_dags/example_latest_only.py for tasks to queue
[2022-01-17 19:54:30,865] {logging_mixin.py:109} INFO - [2022-01-17 19:54:30,865] {dagbag.py:500} INFO - Filling up the DagBag from /home/airflow/.local/lib/python3.7/site-packages/airflow/example_dags/example_latest_only.py
[2022-01-17 19:54:30,962] {processor.py:637} INFO - DAG(s) dict_keys(['latest_only']) retrieved from /home/airflow/.local/lib/python3.7/site-packages/airflow/example_dags/example_latest_only.py
[2022-01-17 19:54:30,977] {logging_mixin.py:109} INFO - [2022-01-17 19:54:30,977] {dag.py:2396} INFO - Sync 1 DAGs
[2022-01-17 19:54:31,007] {logging_mixin.py:109} INFO - [2022-01-17 19:54:31,007] {dag.py:2928} INFO - Setting next_dagrun for latest_only to 2022-01-17T15:54:31.006923+00:00
[2022-01-17 19:54:31,019] {processor.py:171} INFO - Processing /home/airflow/.local/lib/python3.7/site-packages/airflow/example_dags/example_latest_only.py took 0.164 seconds
[2022-01-17 19:55:02,045] {processor.py:163} INFO - Started process (PID=3175) to work on /home/airflow/.local/lib/python3.7/site-packages/airflow/example_dags/example_latest_only.py
[2022-01-17 19:55:02,047] {processor.py:625} INFO - Processing file /home/airflow/.local/lib/python3.7/site-packages/airflow/example_dags/example_latest_only.py for tasks to queue
[2022-01-17 19:55:02,048] {logging_mixin.py:109} INFO - [2022-01-17 19:55:02,048] {dagbag.py:500} INFO - Filling up the DagBag from /home/airflow/.local/lib/python3.7/site-packages/airflow/example_dags/example_latest_only.py
[2022-01-17 19:55:02,080] {processor.py:637} INFO - DAG(s) dict_keys(['latest_only']) retrieved from /home/airflow/.local/lib/python3.7/site-packages/airflow/example_dags/example_latest_only.py
[2022-01-17 19:55:02,092] {logging_mixin.py:109} INFO - [2022-01-17 19:55:02,092] {dag.py:2396} INFO - Sync 1 DAGs
[2022-01-17 19:55:02,111] {logging_mixin.py:109} INFO - [2022-01-17 19:55:02,111] {dag.py:2928} INFO - Setting next_dagrun for latest_only to 2022-01-17T15:55:02.110566+00:00
[2022-01-17 19:55:02,123] {processor.py:171} INFO - Processing /home/airflow/.local/lib/python3.7/site-packages/airflow/example_dags/example_latest_only.py took 0.082 seconds
[2022-01-17 19:55:32,785] {processor.py:163} INFO - Started process (PID=3246) to work on /home/airflow/.local/lib/python3.7/site-packages/airflow/example_dags/example_latest_only.py
[2022-01-17 19:55:32,787] {processor.py:625} INFO - Processing file /home/airflow/.local/lib/python3.7/site-packages/airflow/example_dags/example_latest_only.py for tasks to queue
[2022-01-17 19:55:32,789] {logging_mixin.py:109} INFO - [2022-01-17 19:55:32,788] {dagbag.py:500} INFO - Filling up the DagBag from /home/airflow/.local/lib/python3.7/site-packages/airflow/example_dags/example_latest_only.py
[2022-01-17 19:55:32,835] {processor.py:637} INFO - DAG(s) dict_keys(['latest_only']) retrieved from /home/airflow/.local/lib/python3.7/site-packages/airflow/example_dags/example_latest_only.py
[2022-01-17 19:55:32,852] {logging_mixin.py:109} INFO - [2022-01-17 19:55:32,852] {dag.py:2396} INFO - Sync 1 DAGs
[2022-01-17 19:55:32,883] {logging_mixin.py:109} INFO - [2022-01-17 19:55:32,883] {dag.py:2928} INFO - Setting next_dagrun for latest_only to 2022-01-17T15:55:32.883098+00:00
[2022-01-17 19:55:32,899] {processor.py:171} INFO - Processing /home/airflow/.local/lib/python3.7/site-packages/airflow/example_dags/example_latest_only.py took 0.121 seconds
[2022-01-17 19:56:03,539] {processor.py:163} INFO - Started process (PID=3309) to work on /home/airflow/.local/lib/python3.7/site-packages/airflow/example_dags/example_latest_only.py
[2022-01-17 19:56:03,541] {processor.py:625} INFO - Processing file /home/airflow/.local/lib/python3.7/site-packages/airflow/example_dags/example_latest_only.py for tasks to queue
[2022-01-17 19:56:03,542] {logging_mixin.py:109} INFO - [2022-01-17 19:56:03,542] {dagbag.py:500} INFO - Filling up the DagBag from /home/airflow/.local/lib/python3.7/site-packages/airflow/example_dags/example_latest_only.py
[2022-01-17 19:56:03,586] {processor.py:637} INFO - DAG(s) dict_keys(['latest_only']) retrieved from /home/airflow/.local/lib/python3.7/site-packages/airflow/example_dags/example_latest_only.py
[2022-01-17 19:56:03,606] {logging_mixin.py:109} INFO - [2022-01-17 19:56:03,606] {dag.py:2396} INFO - Sync 1 DAGs
[2022-01-17 19:56:03,643] {logging_mixin.py:109} INFO - [2022-01-17 19:56:03,643] {dag.py:2928} INFO - Setting next_dagrun for latest_only to 2022-01-17T15:56:03.642494+00:00
[2022-01-17 19:56:03,666] {processor.py:171} INFO - Processing /home/airflow/.local/lib/python3.7/site-packages/airflow/example_dags/example_latest_only.py took 0.133 seconds
[2022-01-17 19:56:34,511] {processor.py:163} INFO - Started process (PID=3370) to work on /home/airflow/.local/lib/python3.7/site-packages/airflow/example_dags/example_latest_only.py
[2022-01-17 19:56:34,514] {processor.py:625} INFO - Processing file /home/airflow/.local/lib/python3.7/site-packages/airflow/example_dags/example_latest_only.py for tasks to queue
[2022-01-17 19:56:34,515] {logging_mixin.py:109} INFO - [2022-01-17 19:56:34,515] {dagbag.py:500} INFO - Filling up the DagBag from /home/airflow/.local/lib/python3.7/site-packages/airflow/example_dags/example_latest_only.py
[2022-01-17 19:56:34,550] {processor.py:637} INFO - DAG(s) dict_keys(['latest_only']) retrieved from /home/airflow/.local/lib/python3.7/site-packages/airflow/example_dags/example_latest_only.py
[2022-01-17 19:56:34,565] {logging_mixin.py:109} INFO - [2022-01-17 19:56:34,565] {dag.py:2396} INFO - Sync 1 DAGs
[2022-01-17 19:56:34,586] {logging_mixin.py:109} INFO - [2022-01-17 19:56:34,586] {dag.py:2928} INFO - Setting next_dagrun for latest_only to 2022-01-17T15:56:34.585713+00:00
[2022-01-17 19:56:34,599] {processor.py:171} INFO - Processing /home/airflow/.local/lib/python3.7/site-packages/airflow/example_dags/example_latest_only.py took 0.093 seconds
[2022-01-17 19:57:04,942] {processor.py:163} INFO - Started process (PID=3432) to work on /home/airflow/.local/lib/python3.7/site-packages/airflow/example_dags/example_latest_only.py
[2022-01-17 19:57:04,943] {processor.py:625} INFO - Processing file /home/airflow/.local/lib/python3.7/site-packages/airflow/example_dags/example_latest_only.py for tasks to queue
[2022-01-17 19:57:04,945] {logging_mixin.py:109} INFO - [2022-01-17 19:57:04,944] {dagbag.py:500} INFO - Filling up the DagBag from /home/airflow/.local/lib/python3.7/site-packages/airflow/example_dags/example_latest_only.py
[2022-01-17 19:57:04,980] {processor.py:637} INFO - DAG(s) dict_keys(['latest_only']) retrieved from /home/airflow/.local/lib/python3.7/site-packages/airflow/example_dags/example_latest_only.py
[2022-01-17 19:57:04,996] {logging_mixin.py:109} INFO - [2022-01-17 19:57:04,996] {dag.py:2396} INFO - Sync 1 DAGs
[2022-01-17 19:57:05,017] {logging_mixin.py:109} INFO - [2022-01-17 19:57:05,017] {dag.py:2928} INFO - Setting next_dagrun for latest_only to 2022-01-17T15:57:05.017555+00:00
[2022-01-17 19:57:05,031] {processor.py:171} INFO - Processing /home/airflow/.local/lib/python3.7/site-packages/airflow/example_dags/example_latest_only.py took 0.093 seconds
[2022-01-17 19:57:35,680] {processor.py:163} INFO - Started process (PID=3494) to work on /home/airflow/.local/lib/python3.7/site-packages/airflow/example_dags/example_latest_only.py
[2022-01-17 19:57:35,682] {processor.py:625} INFO - Processing file /home/airflow/.local/lib/python3.7/site-packages/airflow/example_dags/example_latest_only.py for tasks to queue
[2022-01-17 19:57:35,683] {logging_mixin.py:109} INFO - [2022-01-17 19:57:35,683] {dagbag.py:500} INFO - Filling up the DagBag from /home/airflow/.local/lib/python3.7/site-packages/airflow/example_dags/example_latest_only.py
[2022-01-17 19:57:35,710] {processor.py:637} INFO - DAG(s) dict_keys(['latest_only']) retrieved from /home/airflow/.local/lib/python3.7/site-packages/airflow/example_dags/example_latest_only.py
[2022-01-17 19:57:35,720] {logging_mixin.py:109} INFO - [2022-01-17 19:57:35,720] {dag.py:2396} INFO - Sync 1 DAGs
[2022-01-17 19:57:35,739] {logging_mixin.py:109} INFO - [2022-01-17 19:57:35,738] {dag.py:2928} INFO - Setting next_dagrun for latest_only to 2022-01-17T15:57:35.738683+00:00
[2022-01-17 19:57:35,750] {processor.py:171} INFO - Processing /home/airflow/.local/lib/python3.7/site-packages/airflow/example_dags/example_latest_only.py took 0.074 seconds
[2022-01-17 19:58:06,964] {processor.py:163} INFO - Started process (PID=3565) to work on /home/airflow/.local/lib/python3.7/site-packages/airflow/example_dags/example_latest_only.py
[2022-01-17 19:58:06,966] {processor.py:625} INFO - Processing file /home/airflow/.local/lib/python3.7/site-packages/airflow/example_dags/example_latest_only.py for tasks to queue
[2022-01-17 19:58:06,967] {logging_mixin.py:109} INFO - [2022-01-17 19:58:06,967] {dagbag.py:500} INFO - Filling up the DagBag from /home/airflow/.local/lib/python3.7/site-packages/airflow/example_dags/example_latest_only.py
[2022-01-17 19:58:06,998] {processor.py:637} INFO - DAG(s) dict_keys(['latest_only']) retrieved from /home/airflow/.local/lib/python3.7/site-packages/airflow/example_dags/example_latest_only.py
[2022-01-17 19:58:07,010] {logging_mixin.py:109} INFO - [2022-01-17 19:58:07,010] {dag.py:2396} INFO - Sync 1 DAGs
[2022-01-17 19:58:07,029] {logging_mixin.py:109} INFO - [2022-01-17 19:58:07,029] {dag.py:2928} INFO - Setting next_dagrun for latest_only to 2022-01-17T15:58:07.029545+00:00
[2022-01-17 19:58:07,045] {processor.py:171} INFO - Processing /home/airflow/.local/lib/python3.7/site-packages/airflow/example_dags/example_latest_only.py took 0.085 seconds
[2022-01-17 19:58:37,319] {processor.py:163} INFO - Started process (PID=3626) to work on /home/airflow/.local/lib/python3.7/site-packages/airflow/example_dags/example_latest_only.py
[2022-01-17 19:58:37,321] {processor.py:625} INFO - Processing file /home/airflow/.local/lib/python3.7/site-packages/airflow/example_dags/example_latest_only.py for tasks to queue
[2022-01-17 19:58:37,322] {logging_mixin.py:109} INFO - [2022-01-17 19:58:37,322] {dagbag.py:500} INFO - Filling up the DagBag from /home/airflow/.local/lib/python3.7/site-packages/airflow/example_dags/example_latest_only.py
[2022-01-17 19:58:37,351] {processor.py:637} INFO - DAG(s) dict_keys(['latest_only']) retrieved from /home/airflow/.local/lib/python3.7/site-packages/airflow/example_dags/example_latest_only.py
[2022-01-17 19:58:37,364] {logging_mixin.py:109} INFO - [2022-01-17 19:58:37,364] {dag.py:2396} INFO - Sync 1 DAGs
[2022-01-17 19:58:37,383] {logging_mixin.py:109} INFO - [2022-01-17 19:58:37,383] {dag.py:2928} INFO - Setting next_dagrun for latest_only to 2022-01-17T15:58:37.383219+00:00
[2022-01-17 19:58:37,397] {processor.py:171} INFO - Processing /home/airflow/.local/lib/python3.7/site-packages/airflow/example_dags/example_latest_only.py took 0.082 seconds
[2022-01-17 19:59:08,345] {processor.py:163} INFO - Started process (PID=3687) to work on /home/airflow/.local/lib/python3.7/site-packages/airflow/example_dags/example_latest_only.py
[2022-01-17 19:59:08,350] {processor.py:625} INFO - Processing file /home/airflow/.local/lib/python3.7/site-packages/airflow/example_dags/example_latest_only.py for tasks to queue
[2022-01-17 19:59:08,353] {logging_mixin.py:109} INFO - [2022-01-17 19:59:08,353] {dagbag.py:500} INFO - Filling up the DagBag from /home/airflow/.local/lib/python3.7/site-packages/airflow/example_dags/example_latest_only.py
[2022-01-17 19:59:08,442] {processor.py:637} INFO - DAG(s) dict_keys(['latest_only']) retrieved from /home/airflow/.local/lib/python3.7/site-packages/airflow/example_dags/example_latest_only.py
[2022-01-17 19:59:08,477] {logging_mixin.py:109} INFO - [2022-01-17 19:59:08,477] {dag.py:2396} INFO - Sync 1 DAGs
[2022-01-17 19:59:08,532] {logging_mixin.py:109} INFO - [2022-01-17 19:59:08,531] {dag.py:2928} INFO - Setting next_dagrun for latest_only to 2022-01-17T15:59:08.530870+00:00
[2022-01-17 19:59:08,562] {processor.py:171} INFO - Processing /home/airflow/.local/lib/python3.7/site-packages/airflow/example_dags/example_latest_only.py took 0.226 seconds
[2022-01-17 19:59:38,755] {processor.py:163} INFO - Started process (PID=3749) to work on /home/airflow/.local/lib/python3.7/site-packages/airflow/example_dags/example_latest_only.py
[2022-01-17 19:59:38,757] {processor.py:625} INFO - Processing file /home/airflow/.local/lib/python3.7/site-packages/airflow/example_dags/example_latest_only.py for tasks to queue
[2022-01-17 19:59:38,758] {logging_mixin.py:109} INFO - [2022-01-17 19:59:38,758] {dagbag.py:500} INFO - Filling up the DagBag from /home/airflow/.local/lib/python3.7/site-packages/airflow/example_dags/example_latest_only.py
[2022-01-17 19:59:38,791] {processor.py:637} INFO - DAG(s) dict_keys(['latest_only']) retrieved from /home/airflow/.local/lib/python3.7/site-packages/airflow/example_dags/example_latest_only.py
[2022-01-17 19:59:38,805] {logging_mixin.py:109} INFO - [2022-01-17 19:59:38,804] {dag.py:2396} INFO - Sync 1 DAGs
[2022-01-17 19:59:38,827] {logging_mixin.py:109} INFO - [2022-01-17 19:59:38,827] {dag.py:2928} INFO - Setting next_dagrun for latest_only to 2022-01-17T15:59:38.826677+00:00
[2022-01-17 19:59:38,842] {processor.py:171} INFO - Processing /home/airflow/.local/lib/python3.7/site-packages/airflow/example_dags/example_latest_only.py took 0.091 seconds
[2022-01-17 20:00:09,523] {processor.py:163} INFO - Started process (PID=3811) to work on /home/airflow/.local/lib/python3.7/site-packages/airflow/example_dags/example_latest_only.py
[2022-01-17 20:00:09,525] {processor.py:625} INFO - Processing file /home/airflow/.local/lib/python3.7/site-packages/airflow/example_dags/example_latest_only.py for tasks to queue
[2022-01-17 20:00:09,526] {logging_mixin.py:109} INFO - [2022-01-17 20:00:09,526] {dagbag.py:500} INFO - Filling up the DagBag from /home/airflow/.local/lib/python3.7/site-packages/airflow/example_dags/example_latest_only.py
[2022-01-17 20:00:09,562] {processor.py:637} INFO - DAG(s) dict_keys(['latest_only']) retrieved from /home/airflow/.local/lib/python3.7/site-packages/airflow/example_dags/example_latest_only.py
[2022-01-17 20:00:09,577] {logging_mixin.py:109} INFO - [2022-01-17 20:00:09,577] {dag.py:2396} INFO - Sync 1 DAGs
[2022-01-17 20:00:09,604] {logging_mixin.py:109} INFO - [2022-01-17 20:00:09,604] {dag.py:2928} INFO - Setting next_dagrun for latest_only to 2022-01-17T16:00:09.603744+00:00
[2022-01-17 20:00:09,619] {processor.py:171} INFO - Processing /home/airflow/.local/lib/python3.7/site-packages/airflow/example_dags/example_latest_only.py took 0.101 seconds
[2022-01-17 20:00:40,329] {processor.py:163} INFO - Started process (PID=3883) to work on /home/airflow/.local/lib/python3.7/site-packages/airflow/example_dags/example_latest_only.py
[2022-01-17 20:00:40,332] {processor.py:625} INFO - Processing file /home/airflow/.local/lib/python3.7/site-packages/airflow/example_dags/example_latest_only.py for tasks to queue
[2022-01-17 20:00:40,333] {logging_mixin.py:109} INFO - [2022-01-17 20:00:40,333] {dagbag.py:500} INFO - Filling up the DagBag from /home/airflow/.local/lib/python3.7/site-packages/airflow/example_dags/example_latest_only.py
[2022-01-17 20:00:40,373] {processor.py:637} INFO - DAG(s) dict_keys(['latest_only']) retrieved from /home/airflow/.local/lib/python3.7/site-packages/airflow/example_dags/example_latest_only.py
[2022-01-17 20:00:40,389] {logging_mixin.py:109} INFO - [2022-01-17 20:00:40,389] {dag.py:2396} INFO - Sync 1 DAGs
[2022-01-17 20:00:40,415] {logging_mixin.py:109} INFO - [2022-01-17 20:00:40,415] {dag.py:2928} INFO - Setting next_dagrun for latest_only to 2022-01-17T16:00:40.415305+00:00
[2022-01-17 20:00:40,435] {processor.py:171} INFO - Processing /home/airflow/.local/lib/python3.7/site-packages/airflow/example_dags/example_latest_only.py took 0.113 seconds
[2022-01-17 20:01:11,391] {processor.py:163} INFO - Started process (PID=3944) to work on /home/airflow/.local/lib/python3.7/site-packages/airflow/example_dags/example_latest_only.py
[2022-01-17 20:01:11,393] {processor.py:625} INFO - Processing file /home/airflow/.local/lib/python3.7/site-packages/airflow/example_dags/example_latest_only.py for tasks to queue
[2022-01-17 20:01:11,395] {logging_mixin.py:109} INFO - [2022-01-17 20:01:11,394] {dagbag.py:500} INFO - Filling up the DagBag from /home/airflow/.local/lib/python3.7/site-packages/airflow/example_dags/example_latest_only.py
[2022-01-17 20:01:11,431] {processor.py:637} INFO - DAG(s) dict_keys(['latest_only']) retrieved from /home/airflow/.local/lib/python3.7/site-packages/airflow/example_dags/example_latest_only.py
[2022-01-17 20:01:11,444] {logging_mixin.py:109} INFO - [2022-01-17 20:01:11,444] {dag.py:2396} INFO - Sync 1 DAGs
[2022-01-17 20:01:11,467] {logging_mixin.py:109} INFO - [2022-01-17 20:01:11,467] {dag.py:2928} INFO - Setting next_dagrun for latest_only to 2022-01-17T16:01:11.466883+00:00
[2022-01-17 20:01:11,481] {processor.py:171} INFO - Processing /home/airflow/.local/lib/python3.7/site-packages/airflow/example_dags/example_latest_only.py took 0.094 seconds
[2022-01-17 20:01:42,590] {processor.py:163} INFO - Started process (PID=4006) to work on /home/airflow/.local/lib/python3.7/site-packages/airflow/example_dags/example_latest_only.py
[2022-01-17 20:01:42,592] {processor.py:625} INFO - Processing file /home/airflow/.local/lib/python3.7/site-packages/airflow/example_dags/example_latest_only.py for tasks to queue
[2022-01-17 20:01:42,593] {logging_mixin.py:109} INFO - [2022-01-17 20:01:42,593] {dagbag.py:500} INFO - Filling up the DagBag from /home/airflow/.local/lib/python3.7/site-packages/airflow/example_dags/example_latest_only.py
[2022-01-17 20:01:42,626] {processor.py:637} INFO - DAG(s) dict_keys(['latest_only']) retrieved from /home/airflow/.local/lib/python3.7/site-packages/airflow/example_dags/example_latest_only.py
[2022-01-17 20:01:42,642] {logging_mixin.py:109} INFO - [2022-01-17 20:01:42,642] {dag.py:2396} INFO - Sync 1 DAGs
[2022-01-17 20:01:42,664] {logging_mixin.py:109} INFO - [2022-01-17 20:01:42,663] {dag.py:2928} INFO - Setting next_dagrun for latest_only to 2022-01-17T16:01:42.663509+00:00
[2022-01-17 20:01:42,679] {processor.py:171} INFO - Processing /home/airflow/.local/lib/python3.7/site-packages/airflow/example_dags/example_latest_only.py took 0.093 seconds
[2022-01-17 20:02:13,242] {processor.py:163} INFO - Started process (PID=4060) to work on /home/airflow/.local/lib/python3.7/site-packages/airflow/example_dags/example_latest_only.py
[2022-01-17 20:02:13,245] {processor.py:625} INFO - Processing file /home/airflow/.local/lib/python3.7/site-packages/airflow/example_dags/example_latest_only.py for tasks to queue
[2022-01-17 20:02:13,246] {logging_mixin.py:109} INFO - [2022-01-17 20:02:13,246] {dagbag.py:500} INFO - Filling up the DagBag from /home/airflow/.local/lib/python3.7/site-packages/airflow/example_dags/example_latest_only.py
[2022-01-17 20:02:13,282] {processor.py:637} INFO - DAG(s) dict_keys(['latest_only']) retrieved from /home/airflow/.local/lib/python3.7/site-packages/airflow/example_dags/example_latest_only.py
[2022-01-17 20:02:13,304] {logging_mixin.py:109} INFO - [2022-01-17 20:02:13,304] {dag.py:2396} INFO - Sync 1 DAGs
[2022-01-17 20:02:13,382] {logging_mixin.py:109} INFO - [2022-01-17 20:02:13,381] {dag.py:2928} INFO - Setting next_dagrun for latest_only to 2022-01-17T16:02:13.380462+00:00
[2022-01-17 20:02:13,403] {processor.py:171} INFO - Processing /home/airflow/.local/lib/python3.7/site-packages/airflow/example_dags/example_latest_only.py took 0.167 seconds
[2022-01-17 20:02:44,761] {processor.py:163} INFO - Started process (PID=4121) to work on /home/airflow/.local/lib/python3.7/site-packages/airflow/example_dags/example_latest_only.py
[2022-01-17 20:02:44,765] {processor.py:625} INFO - Processing file /home/airflow/.local/lib/python3.7/site-packages/airflow/example_dags/example_latest_only.py for tasks to queue
[2022-01-17 20:02:44,767] {logging_mixin.py:109} INFO - [2022-01-17 20:02:44,767] {dagbag.py:500} INFO - Filling up the DagBag from /home/airflow/.local/lib/python3.7/site-packages/airflow/example_dags/example_latest_only.py
[2022-01-17 20:02:44,832] {processor.py:637} INFO - DAG(s) dict_keys(['latest_only']) retrieved from /home/airflow/.local/lib/python3.7/site-packages/airflow/example_dags/example_latest_only.py
[2022-01-17 20:02:44,860] {logging_mixin.py:109} INFO - [2022-01-17 20:02:44,860] {dag.py:2396} INFO - Sync 1 DAGs
[2022-01-17 20:02:44,923] {logging_mixin.py:109} INFO - [2022-01-17 20:02:44,922] {dag.py:2928} INFO - Setting next_dagrun for latest_only to 2022-01-17T16:02:44.921604+00:00
[2022-01-17 20:02:44,953] {processor.py:171} INFO - Processing /home/airflow/.local/lib/python3.7/site-packages/airflow/example_dags/example_latest_only.py took 0.201 seconds
[2022-01-17 20:03:15,158] {processor.py:163} INFO - Started process (PID=4192) to work on /home/airflow/.local/lib/python3.7/site-packages/airflow/example_dags/example_latest_only.py
[2022-01-17 20:03:15,160] {processor.py:625} INFO - Processing file /home/airflow/.local/lib/python3.7/site-packages/airflow/example_dags/example_latest_only.py for tasks to queue
[2022-01-17 20:03:15,162] {logging_mixin.py:109} INFO - [2022-01-17 20:03:15,162] {dagbag.py:500} INFO - Filling up the DagBag from /home/airflow/.local/lib/python3.7/site-packages/airflow/example_dags/example_latest_only.py
[2022-01-17 20:03:15,200] {processor.py:637} INFO - DAG(s) dict_keys(['latest_only']) retrieved from /home/airflow/.local/lib/python3.7/site-packages/airflow/example_dags/example_latest_only.py
[2022-01-17 20:03:15,215] {logging_mixin.py:109} INFO - [2022-01-17 20:03:15,215] {dag.py:2396} INFO - Sync 1 DAGs
[2022-01-17 20:03:15,238] {logging_mixin.py:109} INFO - [2022-01-17 20:03:15,237] {dag.py:2928} INFO - Setting next_dagrun for latest_only to 2022-01-17T16:03:15.237522+00:00
[2022-01-17 20:03:15,253] {processor.py:171} INFO - Processing /home/airflow/.local/lib/python3.7/site-packages/airflow/example_dags/example_latest_only.py took 0.100 seconds
[2022-01-17 20:03:46,010] {processor.py:163} INFO - Started process (PID=4253) to work on /home/airflow/.local/lib/python3.7/site-packages/airflow/example_dags/example_latest_only.py
[2022-01-17 20:03:46,015] {processor.py:625} INFO - Processing file /home/airflow/.local/lib/python3.7/site-packages/airflow/example_dags/example_latest_only.py for tasks to queue
[2022-01-17 20:03:46,017] {logging_mixin.py:109} INFO - [2022-01-17 20:03:46,017] {dagbag.py:500} INFO - Filling up the DagBag from /home/airflow/.local/lib/python3.7/site-packages/airflow/example_dags/example_latest_only.py
[2022-01-17 20:03:46,092] {processor.py:637} INFO - DAG(s) dict_keys(['latest_only']) retrieved from /home/airflow/.local/lib/python3.7/site-packages/airflow/example_dags/example_latest_only.py
[2022-01-17 20:03:46,138] {logging_mixin.py:109} INFO - [2022-01-17 20:03:46,138] {dag.py:2396} INFO - Sync 1 DAGs
[2022-01-17 20:03:46,195] {logging_mixin.py:109} INFO - [2022-01-17 20:03:46,195] {dag.py:2928} INFO - Setting next_dagrun for latest_only to 2022-01-17T16:03:46.194455+00:00
[2022-01-17 20:03:46,230] {processor.py:171} INFO - Processing /home/airflow/.local/lib/python3.7/site-packages/airflow/example_dags/example_latest_only.py took 0.228 seconds
[2022-01-17 20:04:17,205] {processor.py:163} INFO - Started process (PID=4317) to work on /home/airflow/.local/lib/python3.7/site-packages/airflow/example_dags/example_latest_only.py
[2022-01-17 20:04:17,207] {processor.py:625} INFO - Processing file /home/airflow/.local/lib/python3.7/site-packages/airflow/example_dags/example_latest_only.py for tasks to queue
[2022-01-17 20:04:17,208] {logging_mixin.py:109} INFO - [2022-01-17 20:04:17,208] {dagbag.py:500} INFO - Filling up the DagBag from /home/airflow/.local/lib/python3.7/site-packages/airflow/example_dags/example_latest_only.py
[2022-01-17 20:04:17,238] {processor.py:637} INFO - DAG(s) dict_keys(['latest_only']) retrieved from /home/airflow/.local/lib/python3.7/site-packages/airflow/example_dags/example_latest_only.py
[2022-01-17 20:04:17,251] {logging_mixin.py:109} INFO - [2022-01-17 20:04:17,250] {dag.py:2396} INFO - Sync 1 DAGs
[2022-01-17 20:04:17,272] {logging_mixin.py:109} INFO - [2022-01-17 20:04:17,272] {dag.py:2928} INFO - Setting next_dagrun for latest_only to 2022-01-17T16:04:17.272270+00:00
[2022-01-17 20:04:17,288] {processor.py:171} INFO - Processing /home/airflow/.local/lib/python3.7/site-packages/airflow/example_dags/example_latest_only.py took 0.087 seconds
[2022-01-17 20:04:48,020] {processor.py:163} INFO - Started process (PID=4379) to work on /home/airflow/.local/lib/python3.7/site-packages/airflow/example_dags/example_latest_only.py
[2022-01-17 20:04:48,023] {processor.py:625} INFO - Processing file /home/airflow/.local/lib/python3.7/site-packages/airflow/example_dags/example_latest_only.py for tasks to queue
[2022-01-17 20:04:48,025] {logging_mixin.py:109} INFO - [2022-01-17 20:04:48,025] {dagbag.py:500} INFO - Filling up the DagBag from /home/airflow/.local/lib/python3.7/site-packages/airflow/example_dags/example_latest_only.py
[2022-01-17 20:04:48,079] {processor.py:637} INFO - DAG(s) dict_keys(['latest_only']) retrieved from /home/airflow/.local/lib/python3.7/site-packages/airflow/example_dags/example_latest_only.py
[2022-01-17 20:04:48,100] {logging_mixin.py:109} INFO - [2022-01-17 20:04:48,100] {dag.py:2396} INFO - Sync 1 DAGs
[2022-01-17 20:04:48,136] {logging_mixin.py:109} INFO - [2022-01-17 20:04:48,135] {dag.py:2928} INFO - Setting next_dagrun for latest_only to 2022-01-17T16:04:48.135287+00:00
[2022-01-17 20:04:48,159] {processor.py:171} INFO - Processing /home/airflow/.local/lib/python3.7/site-packages/airflow/example_dags/example_latest_only.py took 0.146 seconds
[2022-01-17 20:05:18,572] {processor.py:163} INFO - Started process (PID=4440) to work on /home/airflow/.local/lib/python3.7/site-packages/airflow/example_dags/example_latest_only.py
[2022-01-17 20:05:18,574] {processor.py:625} INFO - Processing file /home/airflow/.local/lib/python3.7/site-packages/airflow/example_dags/example_latest_only.py for tasks to queue
[2022-01-17 20:05:18,575] {logging_mixin.py:109} INFO - [2022-01-17 20:05:18,575] {dagbag.py:500} INFO - Filling up the DagBag from /home/airflow/.local/lib/python3.7/site-packages/airflow/example_dags/example_latest_only.py
[2022-01-17 20:05:18,607] {processor.py:637} INFO - DAG(s) dict_keys(['latest_only']) retrieved from /home/airflow/.local/lib/python3.7/site-packages/airflow/example_dags/example_latest_only.py
[2022-01-17 20:05:18,622] {logging_mixin.py:109} INFO - [2022-01-17 20:05:18,622] {dag.py:2396} INFO - Sync 1 DAGs
[2022-01-17 20:05:18,644] {logging_mixin.py:109} INFO - [2022-01-17 20:05:18,643] {dag.py:2928} INFO - Setting next_dagrun for latest_only to 2022-01-17T16:05:18.643447+00:00
[2022-01-17 20:05:18,656] {processor.py:171} INFO - Processing /home/airflow/.local/lib/python3.7/site-packages/airflow/example_dags/example_latest_only.py took 0.087 seconds
[2022-01-17 20:05:49,926] {processor.py:163} INFO - Started process (PID=4510) to work on /home/airflow/.local/lib/python3.7/site-packages/airflow/example_dags/example_latest_only.py
[2022-01-17 20:05:49,928] {processor.py:625} INFO - Processing file /home/airflow/.local/lib/python3.7/site-packages/airflow/example_dags/example_latest_only.py for tasks to queue
[2022-01-17 20:05:49,930] {logging_mixin.py:109} INFO - [2022-01-17 20:05:49,929] {dagbag.py:500} INFO - Filling up the DagBag from /home/airflow/.local/lib/python3.7/site-packages/airflow/example_dags/example_latest_only.py
[2022-01-17 20:05:49,969] {processor.py:637} INFO - DAG(s) dict_keys(['latest_only']) retrieved from /home/airflow/.local/lib/python3.7/site-packages/airflow/example_dags/example_latest_only.py
[2022-01-17 20:05:49,985] {logging_mixin.py:109} INFO - [2022-01-17 20:05:49,985] {dag.py:2396} INFO - Sync 1 DAGs
[2022-01-17 20:05:50,017] {logging_mixin.py:109} INFO - [2022-01-17 20:05:50,017] {dag.py:2928} INFO - Setting next_dagrun for latest_only to 2022-01-17T16:05:50.016657+00:00
[2022-01-17 20:05:50,029] {processor.py:171} INFO - Processing /home/airflow/.local/lib/python3.7/site-packages/airflow/example_dags/example_latest_only.py took 0.110 seconds
[2022-01-17 20:06:20,872] {processor.py:163} INFO - Started process (PID=4571) to work on /home/airflow/.local/lib/python3.7/site-packages/airflow/example_dags/example_latest_only.py
[2022-01-17 20:06:20,874] {processor.py:625} INFO - Processing file /home/airflow/.local/lib/python3.7/site-packages/airflow/example_dags/example_latest_only.py for tasks to queue
[2022-01-17 20:06:20,875] {logging_mixin.py:109} INFO - [2022-01-17 20:06:20,875] {dagbag.py:500} INFO - Filling up the DagBag from /home/airflow/.local/lib/python3.7/site-packages/airflow/example_dags/example_latest_only.py
[2022-01-17 20:06:20,913] {processor.py:637} INFO - DAG(s) dict_keys(['latest_only']) retrieved from /home/airflow/.local/lib/python3.7/site-packages/airflow/example_dags/example_latest_only.py
[2022-01-17 20:06:20,926] {logging_mixin.py:109} INFO - [2022-01-17 20:06:20,926] {dag.py:2396} INFO - Sync 1 DAGs
[2022-01-17 20:06:20,951] {logging_mixin.py:109} INFO - [2022-01-17 20:06:20,950] {dag.py:2928} INFO - Setting next_dagrun for latest_only to 2022-01-17T16:06:20.950490+00:00
[2022-01-17 20:06:20,963] {processor.py:171} INFO - Processing /home/airflow/.local/lib/python3.7/site-packages/airflow/example_dags/example_latest_only.py took 0.097 seconds
[2022-01-17 20:06:52,000] {processor.py:163} INFO - Started process (PID=4633) to work on /home/airflow/.local/lib/python3.7/site-packages/airflow/example_dags/example_latest_only.py
[2022-01-17 20:06:52,001] {processor.py:625} INFO - Processing file /home/airflow/.local/lib/python3.7/site-packages/airflow/example_dags/example_latest_only.py for tasks to queue
[2022-01-17 20:06:52,003] {logging_mixin.py:109} INFO - [2022-01-17 20:06:52,002] {dagbag.py:500} INFO - Filling up the DagBag from /home/airflow/.local/lib/python3.7/site-packages/airflow/example_dags/example_latest_only.py
[2022-01-17 20:06:52,036] {processor.py:637} INFO - DAG(s) dict_keys(['latest_only']) retrieved from /home/airflow/.local/lib/python3.7/site-packages/airflow/example_dags/example_latest_only.py
[2022-01-17 20:06:52,050] {logging_mixin.py:109} INFO - [2022-01-17 20:06:52,049] {dag.py:2396} INFO - Sync 1 DAGs
[2022-01-17 20:06:52,073] {logging_mixin.py:109} INFO - [2022-01-17 20:06:52,073] {dag.py:2928} INFO - Setting next_dagrun for latest_only to 2022-01-17T16:06:52.073022+00:00
[2022-01-17 20:06:52,085] {processor.py:171} INFO - Processing /home/airflow/.local/lib/python3.7/site-packages/airflow/example_dags/example_latest_only.py took 0.092 seconds
[2022-01-17 20:07:23,119] {processor.py:163} INFO - Started process (PID=4695) to work on /home/airflow/.local/lib/python3.7/site-packages/airflow/example_dags/example_latest_only.py
[2022-01-17 20:07:23,125] {processor.py:625} INFO - Processing file /home/airflow/.local/lib/python3.7/site-packages/airflow/example_dags/example_latest_only.py for tasks to queue
[2022-01-17 20:07:23,128] {logging_mixin.py:109} INFO - [2022-01-17 20:07:23,128] {dagbag.py:500} INFO - Filling up the DagBag from /home/airflow/.local/lib/python3.7/site-packages/airflow/example_dags/example_latest_only.py
[2022-01-17 20:07:23,213] {processor.py:637} INFO - DAG(s) dict_keys(['latest_only']) retrieved from /home/airflow/.local/lib/python3.7/site-packages/airflow/example_dags/example_latest_only.py
[2022-01-17 20:07:23,232] {logging_mixin.py:109} INFO - [2022-01-17 20:07:23,232] {dag.py:2396} INFO - Sync 1 DAGs
[2022-01-17 20:07:23,258] {logging_mixin.py:109} INFO - [2022-01-17 20:07:23,258] {dag.py:2928} INFO - Setting next_dagrun for latest_only to 2022-01-17T16:07:23.257852+00:00
[2022-01-17 20:07:23,278] {processor.py:171} INFO - Processing /home/airflow/.local/lib/python3.7/site-packages/airflow/example_dags/example_latest_only.py took 0.169 seconds
[2022-01-17 20:07:54,024] {processor.py:163} INFO - Started process (PID=4767) to work on /home/airflow/.local/lib/python3.7/site-packages/airflow/example_dags/example_latest_only.py
[2022-01-17 20:07:54,026] {processor.py:625} INFO - Processing file /home/airflow/.local/lib/python3.7/site-packages/airflow/example_dags/example_latest_only.py for tasks to queue
[2022-01-17 20:07:54,027] {logging_mixin.py:109} INFO - [2022-01-17 20:07:54,027] {dagbag.py:500} INFO - Filling up the DagBag from /home/airflow/.local/lib/python3.7/site-packages/airflow/example_dags/example_latest_only.py
[2022-01-17 20:07:54,063] {processor.py:637} INFO - DAG(s) dict_keys(['latest_only']) retrieved from /home/airflow/.local/lib/python3.7/site-packages/airflow/example_dags/example_latest_only.py
[2022-01-17 20:07:54,076] {logging_mixin.py:109} INFO - [2022-01-17 20:07:54,076] {dag.py:2396} INFO - Sync 1 DAGs
[2022-01-17 20:07:54,099] {logging_mixin.py:109} INFO - [2022-01-17 20:07:54,099] {dag.py:2928} INFO - Setting next_dagrun for latest_only to 2022-01-17T16:07:54.099060+00:00
[2022-01-17 20:07:54,113] {processor.py:171} INFO - Processing /home/airflow/.local/lib/python3.7/site-packages/airflow/example_dags/example_latest_only.py took 0.092 seconds
[2022-01-17 20:08:24,641] {processor.py:163} INFO - Started process (PID=4829) to work on /home/airflow/.local/lib/python3.7/site-packages/airflow/example_dags/example_latest_only.py
[2022-01-17 20:08:24,643] {processor.py:625} INFO - Processing file /home/airflow/.local/lib/python3.7/site-packages/airflow/example_dags/example_latest_only.py for tasks to queue
[2022-01-17 20:08:24,644] {logging_mixin.py:109} INFO - [2022-01-17 20:08:24,644] {dagbag.py:500} INFO - Filling up the DagBag from /home/airflow/.local/lib/python3.7/site-packages/airflow/example_dags/example_latest_only.py
[2022-01-17 20:08:24,674] {processor.py:637} INFO - DAG(s) dict_keys(['latest_only']) retrieved from /home/airflow/.local/lib/python3.7/site-packages/airflow/example_dags/example_latest_only.py
[2022-01-17 20:08:24,690] {logging_mixin.py:109} INFO - [2022-01-17 20:08:24,690] {dag.py:2396} INFO - Sync 1 DAGs
[2022-01-17 20:08:24,715] {logging_mixin.py:109} INFO - [2022-01-17 20:08:24,715] {dag.py:2928} INFO - Setting next_dagrun for latest_only to 2022-01-17T16:08:24.714986+00:00
[2022-01-17 20:08:24,726] {processor.py:171} INFO - Processing /home/airflow/.local/lib/python3.7/site-packages/airflow/example_dags/example_latest_only.py took 0.089 seconds
[2022-01-17 20:08:56,150] {processor.py:163} INFO - Started process (PID=4890) to work on /home/airflow/.local/lib/python3.7/site-packages/airflow/example_dags/example_latest_only.py
[2022-01-17 20:08:56,154] {processor.py:625} INFO - Processing file /home/airflow/.local/lib/python3.7/site-packages/airflow/example_dags/example_latest_only.py for tasks to queue
[2022-01-17 20:08:56,158] {logging_mixin.py:109} INFO - [2022-01-17 20:08:56,156] {dagbag.py:500} INFO - Filling up the DagBag from /home/airflow/.local/lib/python3.7/site-packages/airflow/example_dags/example_latest_only.py
[2022-01-17 20:08:56,212] {processor.py:637} INFO - DAG(s) dict_keys(['latest_only']) retrieved from /home/airflow/.local/lib/python3.7/site-packages/airflow/example_dags/example_latest_only.py
[2022-01-17 20:08:56,227] {logging_mixin.py:109} INFO - [2022-01-17 20:08:56,227] {dag.py:2396} INFO - Sync 1 DAGs
[2022-01-17 20:08:56,293] {logging_mixin.py:109} INFO - [2022-01-17 20:08:56,293] {dag.py:2928} INFO - Setting next_dagrun for latest_only to 2022-01-17T16:08:56.292466+00:00
[2022-01-17 20:08:56,364] {processor.py:171} INFO - Processing /home/airflow/.local/lib/python3.7/site-packages/airflow/example_dags/example_latest_only.py took 0.223 seconds
[2022-01-17 20:09:27,933] {processor.py:163} INFO - Started process (PID=4952) to work on /home/airflow/.local/lib/python3.7/site-packages/airflow/example_dags/example_latest_only.py
[2022-01-17 20:09:27,935] {processor.py:625} INFO - Processing file /home/airflow/.local/lib/python3.7/site-packages/airflow/example_dags/example_latest_only.py for tasks to queue
[2022-01-17 20:09:27,936] {logging_mixin.py:109} INFO - [2022-01-17 20:09:27,936] {dagbag.py:500} INFO - Filling up the DagBag from /home/airflow/.local/lib/python3.7/site-packages/airflow/example_dags/example_latest_only.py
[2022-01-17 20:09:27,969] {processor.py:637} INFO - DAG(s) dict_keys(['latest_only']) retrieved from /home/airflow/.local/lib/python3.7/site-packages/airflow/example_dags/example_latest_only.py
[2022-01-17 20:09:27,984] {logging_mixin.py:109} INFO - [2022-01-17 20:09:27,984] {dag.py:2396} INFO - Sync 1 DAGs
[2022-01-17 20:09:28,011] {logging_mixin.py:109} INFO - [2022-01-17 20:09:28,010] {dag.py:2928} INFO - Setting next_dagrun for latest_only to 2022-01-17T16:09:28.010601+00:00
[2022-01-17 20:09:28,026] {processor.py:171} INFO - Processing /home/airflow/.local/lib/python3.7/site-packages/airflow/example_dags/example_latest_only.py took 0.096 seconds
[2022-01-17 20:09:59,640] {processor.py:163} INFO - Started process (PID=5015) to work on /home/airflow/.local/lib/python3.7/site-packages/airflow/example_dags/example_latest_only.py
[2022-01-17 20:09:59,645] {processor.py:625} INFO - Processing file /home/airflow/.local/lib/python3.7/site-packages/airflow/example_dags/example_latest_only.py for tasks to queue
[2022-01-17 20:09:59,648] {logging_mixin.py:109} INFO - [2022-01-17 20:09:59,648] {dagbag.py:500} INFO - Filling up the DagBag from /home/airflow/.local/lib/python3.7/site-packages/airflow/example_dags/example_latest_only.py
[2022-01-17 20:09:59,745] {processor.py:637} INFO - DAG(s) dict_keys(['latest_only']) retrieved from /home/airflow/.local/lib/python3.7/site-packages/airflow/example_dags/example_latest_only.py
[2022-01-17 20:09:59,780] {logging_mixin.py:109} INFO - [2022-01-17 20:09:59,780] {dag.py:2396} INFO - Sync 1 DAGs
[2022-01-17 20:09:59,844] {logging_mixin.py:109} INFO - [2022-01-17 20:09:59,844] {dag.py:2928} INFO - Setting next_dagrun for latest_only to 2022-01-17T16:09:59.843591+00:00
[2022-01-17 20:09:59,878] {processor.py:171} INFO - Processing /home/airflow/.local/lib/python3.7/site-packages/airflow/example_dags/example_latest_only.py took 0.249 seconds
[2022-01-17 20:10:30,466] {processor.py:163} INFO - Started process (PID=5083) to work on /home/airflow/.local/lib/python3.7/site-packages/airflow/example_dags/example_latest_only.py
[2022-01-17 20:10:30,468] {processor.py:625} INFO - Processing file /home/airflow/.local/lib/python3.7/site-packages/airflow/example_dags/example_latest_only.py for tasks to queue
[2022-01-17 20:10:30,469] {logging_mixin.py:109} INFO - [2022-01-17 20:10:30,469] {dagbag.py:500} INFO - Filling up the DagBag from /home/airflow/.local/lib/python3.7/site-packages/airflow/example_dags/example_latest_only.py
[2022-01-17 20:10:30,506] {processor.py:637} INFO - DAG(s) dict_keys(['latest_only']) retrieved from /home/airflow/.local/lib/python3.7/site-packages/airflow/example_dags/example_latest_only.py
[2022-01-17 20:10:30,521] {logging_mixin.py:109} INFO - [2022-01-17 20:10:30,521] {dag.py:2396} INFO - Sync 1 DAGs
[2022-01-17 20:10:30,548] {logging_mixin.py:109} INFO - [2022-01-17 20:10:30,548] {dag.py:2928} INFO - Setting next_dagrun for latest_only to 2022-01-17T16:10:30.548022+00:00
[2022-01-17 20:10:30,564] {processor.py:171} INFO - Processing /home/airflow/.local/lib/python3.7/site-packages/airflow/example_dags/example_latest_only.py took 0.103 seconds
