[2022-01-17 19:29:43,787] {processor.py:163} INFO - Started process (PID=67) to work on /home/airflow/.local/lib/python3.7/site-packages/airflow/example_dags/example_complex.py
[2022-01-17 19:29:43,792] {processor.py:625} INFO - Processing file /home/airflow/.local/lib/python3.7/site-packages/airflow/example_dags/example_complex.py for tasks to queue
[2022-01-17 19:29:43,795] {logging_mixin.py:109} INFO - [2022-01-17 19:29:43,795] {dagbag.py:500} INFO - Filling up the DagBag from /home/airflow/.local/lib/python3.7/site-packages/airflow/example_dags/example_complex.py
[2022-01-17 19:29:43,888] {processor.py:637} INFO - DAG(s) dict_keys(['example_complex']) retrieved from /home/airflow/.local/lib/python3.7/site-packages/airflow/example_dags/example_complex.py
[2022-01-17 19:29:43,928] {logging_mixin.py:109} INFO - [2022-01-17 19:29:43,928] {dag.py:2396} INFO - Sync 1 DAGs
[2022-01-17 19:29:43,970] {logging_mixin.py:109} INFO - [2022-01-17 19:29:43,970] {dag.py:2928} INFO - Setting next_dagrun for example_complex to None
[2022-01-17 19:29:43,994] {processor.py:171} INFO - Processing /home/airflow/.local/lib/python3.7/site-packages/airflow/example_dags/example_complex.py took 0.215 seconds
[2022-01-17 19:30:15,996] {processor.py:163} INFO - Started process (PID=155) to work on /home/airflow/.local/lib/python3.7/site-packages/airflow/example_dags/example_complex.py
[2022-01-17 19:30:15,999] {processor.py:625} INFO - Processing file /home/airflow/.local/lib/python3.7/site-packages/airflow/example_dags/example_complex.py for tasks to queue
[2022-01-17 19:30:16,001] {logging_mixin.py:109} INFO - [2022-01-17 19:30:16,001] {dagbag.py:500} INFO - Filling up the DagBag from /home/airflow/.local/lib/python3.7/site-packages/airflow/example_dags/example_complex.py
[2022-01-17 19:30:16,098] {processor.py:637} INFO - DAG(s) dict_keys(['example_complex']) retrieved from /home/airflow/.local/lib/python3.7/site-packages/airflow/example_dags/example_complex.py
[2022-01-17 19:30:16,136] {logging_mixin.py:109} INFO - [2022-01-17 19:30:16,136] {dag.py:2396} INFO - Sync 1 DAGs
[2022-01-17 19:30:16,164] {logging_mixin.py:109} INFO - [2022-01-17 19:30:16,164] {dag.py:2928} INFO - Setting next_dagrun for example_complex to None
[2022-01-17 19:30:16,191] {processor.py:171} INFO - Processing /home/airflow/.local/lib/python3.7/site-packages/airflow/example_dags/example_complex.py took 0.208 seconds
[2022-01-17 19:30:46,798] {processor.py:163} INFO - Started process (PID=216) to work on /home/airflow/.local/lib/python3.7/site-packages/airflow/example_dags/example_complex.py
[2022-01-17 19:30:46,800] {processor.py:625} INFO - Processing file /home/airflow/.local/lib/python3.7/site-packages/airflow/example_dags/example_complex.py for tasks to queue
[2022-01-17 19:30:46,801] {logging_mixin.py:109} INFO - [2022-01-17 19:30:46,801] {dagbag.py:500} INFO - Filling up the DagBag from /home/airflow/.local/lib/python3.7/site-packages/airflow/example_dags/example_complex.py
[2022-01-17 19:30:46,857] {processor.py:637} INFO - DAG(s) dict_keys(['example_complex']) retrieved from /home/airflow/.local/lib/python3.7/site-packages/airflow/example_dags/example_complex.py
[2022-01-17 19:30:46,888] {logging_mixin.py:109} INFO - [2022-01-17 19:30:46,888] {dag.py:2396} INFO - Sync 1 DAGs
[2022-01-17 19:30:46,915] {logging_mixin.py:109} INFO - [2022-01-17 19:30:46,915] {dag.py:2928} INFO - Setting next_dagrun for example_complex to None
[2022-01-17 19:30:46,930] {processor.py:171} INFO - Processing /home/airflow/.local/lib/python3.7/site-packages/airflow/example_dags/example_complex.py took 0.136 seconds
[2022-01-17 19:31:18,207] {processor.py:163} INFO - Started process (PID=277) to work on /home/airflow/.local/lib/python3.7/site-packages/airflow/example_dags/example_complex.py
[2022-01-17 19:31:18,211] {processor.py:625} INFO - Processing file /home/airflow/.local/lib/python3.7/site-packages/airflow/example_dags/example_complex.py for tasks to queue
[2022-01-17 19:31:18,213] {logging_mixin.py:109} INFO - [2022-01-17 19:31:18,213] {dagbag.py:500} INFO - Filling up the DagBag from /home/airflow/.local/lib/python3.7/site-packages/airflow/example_dags/example_complex.py
[2022-01-17 19:31:18,317] {processor.py:637} INFO - DAG(s) dict_keys(['example_complex']) retrieved from /home/airflow/.local/lib/python3.7/site-packages/airflow/example_dags/example_complex.py
[2022-01-17 19:31:18,372] {logging_mixin.py:109} INFO - [2022-01-17 19:31:18,372] {dag.py:2396} INFO - Sync 1 DAGs
[2022-01-17 19:31:18,420] {logging_mixin.py:109} INFO - [2022-01-17 19:31:18,420] {dag.py:2928} INFO - Setting next_dagrun for example_complex to None
[2022-01-17 19:31:18,445] {processor.py:171} INFO - Processing /home/airflow/.local/lib/python3.7/site-packages/airflow/example_dags/example_complex.py took 0.247 seconds
[2022-01-17 19:31:49,008] {processor.py:163} INFO - Started process (PID=338) to work on /home/airflow/.local/lib/python3.7/site-packages/airflow/example_dags/example_complex.py
[2022-01-17 19:31:49,010] {processor.py:625} INFO - Processing file /home/airflow/.local/lib/python3.7/site-packages/airflow/example_dags/example_complex.py for tasks to queue
[2022-01-17 19:31:49,011] {logging_mixin.py:109} INFO - [2022-01-17 19:31:49,011] {dagbag.py:500} INFO - Filling up the DagBag from /home/airflow/.local/lib/python3.7/site-packages/airflow/example_dags/example_complex.py
[2022-01-17 19:31:49,063] {processor.py:637} INFO - DAG(s) dict_keys(['example_complex']) retrieved from /home/airflow/.local/lib/python3.7/site-packages/airflow/example_dags/example_complex.py
[2022-01-17 19:31:49,095] {logging_mixin.py:109} INFO - [2022-01-17 19:31:49,095] {dag.py:2396} INFO - Sync 1 DAGs
[2022-01-17 19:31:49,119] {logging_mixin.py:109} INFO - [2022-01-17 19:31:49,119] {dag.py:2928} INFO - Setting next_dagrun for example_complex to None
[2022-01-17 19:31:49,131] {processor.py:171} INFO - Processing /home/airflow/.local/lib/python3.7/site-packages/airflow/example_dags/example_complex.py took 0.128 seconds
[2022-01-17 19:32:21,023] {processor.py:163} INFO - Started process (PID=398) to work on /home/airflow/.local/lib/python3.7/site-packages/airflow/example_dags/example_complex.py
[2022-01-17 19:32:21,036] {processor.py:625} INFO - Processing file /home/airflow/.local/lib/python3.7/site-packages/airflow/example_dags/example_complex.py for tasks to queue
[2022-01-17 19:32:21,039] {logging_mixin.py:109} INFO - [2022-01-17 19:32:21,039] {dagbag.py:500} INFO - Filling up the DagBag from /home/airflow/.local/lib/python3.7/site-packages/airflow/example_dags/example_complex.py
[2022-01-17 19:32:21,125] {processor.py:637} INFO - DAG(s) dict_keys(['example_complex']) retrieved from /home/airflow/.local/lib/python3.7/site-packages/airflow/example_dags/example_complex.py
[2022-01-17 19:32:21,171] {logging_mixin.py:109} INFO - [2022-01-17 19:32:21,170] {dag.py:2396} INFO - Sync 1 DAGs
[2022-01-17 19:32:21,214] {logging_mixin.py:109} INFO - [2022-01-17 19:32:21,213] {dag.py:2928} INFO - Setting next_dagrun for example_complex to None
[2022-01-17 19:32:21,241] {processor.py:171} INFO - Processing /home/airflow/.local/lib/python3.7/site-packages/airflow/example_dags/example_complex.py took 0.224 seconds
[2022-01-17 19:32:51,540] {processor.py:163} INFO - Started process (PID=450) to work on /home/airflow/.local/lib/python3.7/site-packages/airflow/example_dags/example_complex.py
[2022-01-17 19:32:51,543] {processor.py:625} INFO - Processing file /home/airflow/.local/lib/python3.7/site-packages/airflow/example_dags/example_complex.py for tasks to queue
[2022-01-17 19:32:51,545] {logging_mixin.py:109} INFO - [2022-01-17 19:32:51,545] {dagbag.py:500} INFO - Filling up the DagBag from /home/airflow/.local/lib/python3.7/site-packages/airflow/example_dags/example_complex.py
[2022-01-17 19:32:51,627] {processor.py:637} INFO - DAG(s) dict_keys(['example_complex']) retrieved from /home/airflow/.local/lib/python3.7/site-packages/airflow/example_dags/example_complex.py
[2022-01-17 19:32:51,670] {logging_mixin.py:109} INFO - [2022-01-17 19:32:51,670] {dag.py:2396} INFO - Sync 1 DAGs
[2022-01-17 19:32:51,711] {logging_mixin.py:109} INFO - [2022-01-17 19:32:51,711] {dag.py:2928} INFO - Setting next_dagrun for example_complex to None
[2022-01-17 19:32:51,732] {processor.py:171} INFO - Processing /home/airflow/.local/lib/python3.7/site-packages/airflow/example_dags/example_complex.py took 0.199 seconds
[2022-01-17 19:33:22,070] {processor.py:163} INFO - Started process (PID=510) to work on /home/airflow/.local/lib/python3.7/site-packages/airflow/example_dags/example_complex.py
[2022-01-17 19:33:22,072] {processor.py:625} INFO - Processing file /home/airflow/.local/lib/python3.7/site-packages/airflow/example_dags/example_complex.py for tasks to queue
[2022-01-17 19:33:22,073] {logging_mixin.py:109} INFO - [2022-01-17 19:33:22,073] {dagbag.py:500} INFO - Filling up the DagBag from /home/airflow/.local/lib/python3.7/site-packages/airflow/example_dags/example_complex.py
[2022-01-17 19:33:22,114] {processor.py:637} INFO - DAG(s) dict_keys(['example_complex']) retrieved from /home/airflow/.local/lib/python3.7/site-packages/airflow/example_dags/example_complex.py
[2022-01-17 19:33:22,137] {logging_mixin.py:109} INFO - [2022-01-17 19:33:22,137] {dag.py:2396} INFO - Sync 1 DAGs
[2022-01-17 19:33:22,157] {logging_mixin.py:109} INFO - [2022-01-17 19:33:22,157] {dag.py:2928} INFO - Setting next_dagrun for example_complex to None
[2022-01-17 19:33:22,170] {processor.py:171} INFO - Processing /home/airflow/.local/lib/python3.7/site-packages/airflow/example_dags/example_complex.py took 0.104 seconds
[2022-01-17 19:33:52,297] {processor.py:163} INFO - Started process (PID=571) to work on /home/airflow/.local/lib/python3.7/site-packages/airflow/example_dags/example_complex.py
[2022-01-17 19:33:52,303] {processor.py:625} INFO - Processing file /home/airflow/.local/lib/python3.7/site-packages/airflow/example_dags/example_complex.py for tasks to queue
[2022-01-17 19:33:52,306] {logging_mixin.py:109} INFO - [2022-01-17 19:33:52,306] {dagbag.py:500} INFO - Filling up the DagBag from /home/airflow/.local/lib/python3.7/site-packages/airflow/example_dags/example_complex.py
[2022-01-17 19:33:52,428] {processor.py:637} INFO - DAG(s) dict_keys(['example_complex']) retrieved from /home/airflow/.local/lib/python3.7/site-packages/airflow/example_dags/example_complex.py
[2022-01-17 19:33:52,466] {logging_mixin.py:109} INFO - [2022-01-17 19:33:52,466] {dag.py:2396} INFO - Sync 1 DAGs
[2022-01-17 19:33:52,500] {logging_mixin.py:109} INFO - [2022-01-17 19:33:52,500] {dag.py:2928} INFO - Setting next_dagrun for example_complex to None
[2022-01-17 19:33:52,519] {processor.py:171} INFO - Processing /home/airflow/.local/lib/python3.7/site-packages/airflow/example_dags/example_complex.py took 0.237 seconds
[2022-01-17 19:34:22,594] {processor.py:163} INFO - Started process (PID=641) to work on /home/airflow/.local/lib/python3.7/site-packages/airflow/example_dags/example_complex.py
[2022-01-17 19:34:22,596] {processor.py:625} INFO - Processing file /home/airflow/.local/lib/python3.7/site-packages/airflow/example_dags/example_complex.py for tasks to queue
[2022-01-17 19:34:22,597] {logging_mixin.py:109} INFO - [2022-01-17 19:34:22,597] {dagbag.py:500} INFO - Filling up the DagBag from /home/airflow/.local/lib/python3.7/site-packages/airflow/example_dags/example_complex.py
[2022-01-17 19:34:22,638] {processor.py:637} INFO - DAG(s) dict_keys(['example_complex']) retrieved from /home/airflow/.local/lib/python3.7/site-packages/airflow/example_dags/example_complex.py
[2022-01-17 19:34:22,658] {logging_mixin.py:109} INFO - [2022-01-17 19:34:22,658] {dag.py:2396} INFO - Sync 1 DAGs
[2022-01-17 19:34:22,677] {logging_mixin.py:109} INFO - [2022-01-17 19:34:22,677] {dag.py:2928} INFO - Setting next_dagrun for example_complex to None
[2022-01-17 19:34:22,689] {processor.py:171} INFO - Processing /home/airflow/.local/lib/python3.7/site-packages/airflow/example_dags/example_complex.py took 0.099 seconds
[2022-01-17 19:34:53,594] {processor.py:163} INFO - Started process (PID=702) to work on /home/airflow/.local/lib/python3.7/site-packages/airflow/example_dags/example_complex.py
[2022-01-17 19:34:53,597] {processor.py:625} INFO - Processing file /home/airflow/.local/lib/python3.7/site-packages/airflow/example_dags/example_complex.py for tasks to queue
[2022-01-17 19:34:53,598] {logging_mixin.py:109} INFO - [2022-01-17 19:34:53,598] {dagbag.py:500} INFO - Filling up the DagBag from /home/airflow/.local/lib/python3.7/site-packages/airflow/example_dags/example_complex.py
[2022-01-17 19:34:53,672] {processor.py:637} INFO - DAG(s) dict_keys(['example_complex']) retrieved from /home/airflow/.local/lib/python3.7/site-packages/airflow/example_dags/example_complex.py
[2022-01-17 19:34:53,712] {logging_mixin.py:109} INFO - [2022-01-17 19:34:53,712] {dag.py:2396} INFO - Sync 1 DAGs
[2022-01-17 19:34:53,751] {logging_mixin.py:109} INFO - [2022-01-17 19:34:53,751] {dag.py:2928} INFO - Setting next_dagrun for example_complex to None
[2022-01-17 19:34:53,770] {processor.py:171} INFO - Processing /home/airflow/.local/lib/python3.7/site-packages/airflow/example_dags/example_complex.py took 0.182 seconds
[2022-01-17 19:35:24,203] {processor.py:163} INFO - Started process (PID=762) to work on /home/airflow/.local/lib/python3.7/site-packages/airflow/example_dags/example_complex.py
[2022-01-17 19:35:24,207] {processor.py:625} INFO - Processing file /home/airflow/.local/lib/python3.7/site-packages/airflow/example_dags/example_complex.py for tasks to queue
[2022-01-17 19:35:24,209] {logging_mixin.py:109} INFO - [2022-01-17 19:35:24,209] {dagbag.py:500} INFO - Filling up the DagBag from /home/airflow/.local/lib/python3.7/site-packages/airflow/example_dags/example_complex.py
[2022-01-17 19:35:24,299] {processor.py:637} INFO - DAG(s) dict_keys(['example_complex']) retrieved from /home/airflow/.local/lib/python3.7/site-packages/airflow/example_dags/example_complex.py
[2022-01-17 19:35:24,343] {logging_mixin.py:109} INFO - [2022-01-17 19:35:24,343] {dag.py:2396} INFO - Sync 1 DAGs
[2022-01-17 19:35:24,383] {logging_mixin.py:109} INFO - [2022-01-17 19:35:24,383] {dag.py:2928} INFO - Setting next_dagrun for example_complex to None
[2022-01-17 19:35:24,403] {processor.py:171} INFO - Processing /home/airflow/.local/lib/python3.7/site-packages/airflow/example_dags/example_complex.py took 0.209 seconds
[2022-01-17 19:35:54,864] {processor.py:163} INFO - Started process (PID=822) to work on /home/airflow/.local/lib/python3.7/site-packages/airflow/example_dags/example_complex.py
[2022-01-17 19:35:54,869] {processor.py:625} INFO - Processing file /home/airflow/.local/lib/python3.7/site-packages/airflow/example_dags/example_complex.py for tasks to queue
[2022-01-17 19:35:54,873] {logging_mixin.py:109} INFO - [2022-01-17 19:35:54,872] {dagbag.py:500} INFO - Filling up the DagBag from /home/airflow/.local/lib/python3.7/site-packages/airflow/example_dags/example_complex.py
[2022-01-17 19:35:55,009] {processor.py:637} INFO - DAG(s) dict_keys(['example_complex']) retrieved from /home/airflow/.local/lib/python3.7/site-packages/airflow/example_dags/example_complex.py
[2022-01-17 19:35:55,083] {logging_mixin.py:109} INFO - [2022-01-17 19:35:55,083] {dag.py:2396} INFO - Sync 1 DAGs
[2022-01-17 19:35:55,391] {logging_mixin.py:109} INFO - [2022-01-17 19:35:55,391] {dag.py:2928} INFO - Setting next_dagrun for example_complex to None
[2022-01-17 19:35:55,424] {processor.py:171} INFO - Processing /home/airflow/.local/lib/python3.7/site-packages/airflow/example_dags/example_complex.py took 0.571 seconds
[2022-01-17 19:36:25,739] {processor.py:163} INFO - Started process (PID=885) to work on /home/airflow/.local/lib/python3.7/site-packages/airflow/example_dags/example_complex.py
[2022-01-17 19:36:25,743] {processor.py:625} INFO - Processing file /home/airflow/.local/lib/python3.7/site-packages/airflow/example_dags/example_complex.py for tasks to queue
[2022-01-17 19:36:25,747] {logging_mixin.py:109} INFO - [2022-01-17 19:36:25,747] {dagbag.py:500} INFO - Filling up the DagBag from /home/airflow/.local/lib/python3.7/site-packages/airflow/example_dags/example_complex.py
[2022-01-17 19:36:25,889] {processor.py:637} INFO - DAG(s) dict_keys(['example_complex']) retrieved from /home/airflow/.local/lib/python3.7/site-packages/airflow/example_dags/example_complex.py
[2022-01-17 19:36:25,969] {logging_mixin.py:109} INFO - [2022-01-17 19:36:25,969] {dag.py:2396} INFO - Sync 1 DAGs
[2022-01-17 19:36:26,196] {logging_mixin.py:109} INFO - [2022-01-17 19:36:26,196] {dag.py:2928} INFO - Setting next_dagrun for example_complex to None
[2022-01-17 19:36:26,218] {processor.py:171} INFO - Processing /home/airflow/.local/lib/python3.7/site-packages/airflow/example_dags/example_complex.py took 0.492 seconds
[2022-01-17 19:36:56,812] {processor.py:163} INFO - Started process (PID=956) to work on /home/airflow/.local/lib/python3.7/site-packages/airflow/example_dags/example_complex.py
[2022-01-17 19:36:56,815] {processor.py:625} INFO - Processing file /home/airflow/.local/lib/python3.7/site-packages/airflow/example_dags/example_complex.py for tasks to queue
[2022-01-17 19:36:56,817] {logging_mixin.py:109} INFO - [2022-01-17 19:36:56,816] {dagbag.py:500} INFO - Filling up the DagBag from /home/airflow/.local/lib/python3.7/site-packages/airflow/example_dags/example_complex.py
[2022-01-17 19:36:56,897] {processor.py:637} INFO - DAG(s) dict_keys(['example_complex']) retrieved from /home/airflow/.local/lib/python3.7/site-packages/airflow/example_dags/example_complex.py
[2022-01-17 19:36:56,930] {logging_mixin.py:109} INFO - [2022-01-17 19:36:56,929] {dag.py:2396} INFO - Sync 1 DAGs
[2022-01-17 19:36:57,081] {logging_mixin.py:109} INFO - [2022-01-17 19:36:57,081] {dag.py:2928} INFO - Setting next_dagrun for example_complex to None
[2022-01-17 19:36:57,096] {processor.py:171} INFO - Processing /home/airflow/.local/lib/python3.7/site-packages/airflow/example_dags/example_complex.py took 0.291 seconds
[2022-01-17 19:37:27,334] {processor.py:163} INFO - Started process (PID=1017) to work on /home/airflow/.local/lib/python3.7/site-packages/airflow/example_dags/example_complex.py
[2022-01-17 19:37:27,336] {processor.py:625} INFO - Processing file /home/airflow/.local/lib/python3.7/site-packages/airflow/example_dags/example_complex.py for tasks to queue
[2022-01-17 19:37:27,338] {logging_mixin.py:109} INFO - [2022-01-17 19:37:27,338] {dagbag.py:500} INFO - Filling up the DagBag from /home/airflow/.local/lib/python3.7/site-packages/airflow/example_dags/example_complex.py
[2022-01-17 19:37:27,417] {processor.py:637} INFO - DAG(s) dict_keys(['example_complex']) retrieved from /home/airflow/.local/lib/python3.7/site-packages/airflow/example_dags/example_complex.py
[2022-01-17 19:37:27,616] {logging_mixin.py:109} INFO - [2022-01-17 19:37:27,616] {dag.py:2396} INFO - Sync 1 DAGs
[2022-01-17 19:37:27,654] {logging_mixin.py:109} INFO - [2022-01-17 19:37:27,654] {dag.py:2928} INFO - Setting next_dagrun for example_complex to None
[2022-01-17 19:37:27,670] {processor.py:171} INFO - Processing /home/airflow/.local/lib/python3.7/site-packages/airflow/example_dags/example_complex.py took 0.342 seconds
[2022-01-17 19:37:58,075] {processor.py:163} INFO - Started process (PID=1078) to work on /home/airflow/.local/lib/python3.7/site-packages/airflow/example_dags/example_complex.py
[2022-01-17 19:37:58,080] {processor.py:625} INFO - Processing file /home/airflow/.local/lib/python3.7/site-packages/airflow/example_dags/example_complex.py for tasks to queue
[2022-01-17 19:37:58,083] {logging_mixin.py:109} INFO - [2022-01-17 19:37:58,082] {dagbag.py:500} INFO - Filling up the DagBag from /home/airflow/.local/lib/python3.7/site-packages/airflow/example_dags/example_complex.py
[2022-01-17 19:37:58,205] {processor.py:637} INFO - DAG(s) dict_keys(['example_complex']) retrieved from /home/airflow/.local/lib/python3.7/site-packages/airflow/example_dags/example_complex.py
[2022-01-17 19:37:58,472] {logging_mixin.py:109} INFO - [2022-01-17 19:37:58,472] {dag.py:2396} INFO - Sync 1 DAGs
[2022-01-17 19:37:58,521] {logging_mixin.py:109} INFO - [2022-01-17 19:37:58,520] {dag.py:2928} INFO - Setting next_dagrun for example_complex to None
[2022-01-17 19:37:58,552] {processor.py:171} INFO - Processing /home/airflow/.local/lib/python3.7/site-packages/airflow/example_dags/example_complex.py took 0.487 seconds
[2022-01-17 19:38:28,842] {processor.py:163} INFO - Started process (PID=1141) to work on /home/airflow/.local/lib/python3.7/site-packages/airflow/example_dags/example_complex.py
[2022-01-17 19:38:28,847] {processor.py:625} INFO - Processing file /home/airflow/.local/lib/python3.7/site-packages/airflow/example_dags/example_complex.py for tasks to queue
[2022-01-17 19:38:28,850] {logging_mixin.py:109} INFO - [2022-01-17 19:38:28,850] {dagbag.py:500} INFO - Filling up the DagBag from /home/airflow/.local/lib/python3.7/site-packages/airflow/example_dags/example_complex.py
[2022-01-17 19:38:29,205] {processor.py:637} INFO - DAG(s) dict_keys(['example_complex']) retrieved from /home/airflow/.local/lib/python3.7/site-packages/airflow/example_dags/example_complex.py
[2022-01-17 19:38:29,268] {logging_mixin.py:109} INFO - [2022-01-17 19:38:29,268] {dag.py:2396} INFO - Sync 1 DAGs
[2022-01-17 19:38:29,322] {logging_mixin.py:109} INFO - [2022-01-17 19:38:29,321] {dag.py:2928} INFO - Setting next_dagrun for example_complex to None
[2022-01-17 19:38:29,355] {processor.py:171} INFO - Processing /home/airflow/.local/lib/python3.7/site-packages/airflow/example_dags/example_complex.py took 0.525 seconds
[2022-01-17 19:38:59,978] {processor.py:163} INFO - Started process (PID=1202) to work on /home/airflow/.local/lib/python3.7/site-packages/airflow/example_dags/example_complex.py
[2022-01-17 19:38:59,982] {processor.py:625} INFO - Processing file /home/airflow/.local/lib/python3.7/site-packages/airflow/example_dags/example_complex.py for tasks to queue
[2022-01-17 19:38:59,984] {logging_mixin.py:109} INFO - [2022-01-17 19:38:59,984] {dagbag.py:500} INFO - Filling up the DagBag from /home/airflow/.local/lib/python3.7/site-packages/airflow/example_dags/example_complex.py
[2022-01-17 19:39:00,195] {processor.py:637} INFO - DAG(s) dict_keys(['example_complex']) retrieved from /home/airflow/.local/lib/python3.7/site-packages/airflow/example_dags/example_complex.py
[2022-01-17 19:39:00,224] {logging_mixin.py:109} INFO - [2022-01-17 19:39:00,224] {dag.py:2396} INFO - Sync 1 DAGs
[2022-01-17 19:39:00,251] {logging_mixin.py:109} INFO - [2022-01-17 19:39:00,250] {dag.py:2928} INFO - Setting next_dagrun for example_complex to None
[2022-01-17 19:39:00,268] {processor.py:171} INFO - Processing /home/airflow/.local/lib/python3.7/site-packages/airflow/example_dags/example_complex.py took 0.301 seconds
[2022-01-17 19:39:30,737] {processor.py:163} INFO - Started process (PID=1263) to work on /home/airflow/.local/lib/python3.7/site-packages/airflow/example_dags/example_complex.py
[2022-01-17 19:39:30,742] {processor.py:625} INFO - Processing file /home/airflow/.local/lib/python3.7/site-packages/airflow/example_dags/example_complex.py for tasks to queue
[2022-01-17 19:39:30,746] {logging_mixin.py:109} INFO - [2022-01-17 19:39:30,745] {dagbag.py:500} INFO - Filling up the DagBag from /home/airflow/.local/lib/python3.7/site-packages/airflow/example_dags/example_complex.py
[2022-01-17 19:39:31,114] {processor.py:637} INFO - DAG(s) dict_keys(['example_complex']) retrieved from /home/airflow/.local/lib/python3.7/site-packages/airflow/example_dags/example_complex.py
[2022-01-17 19:39:31,137] {logging_mixin.py:109} INFO - [2022-01-17 19:39:31,136] {dag.py:2396} INFO - Sync 1 DAGs
[2022-01-17 19:39:31,156] {logging_mixin.py:109} INFO - [2022-01-17 19:39:31,156] {dag.py:2928} INFO - Setting next_dagrun for example_complex to None
[2022-01-17 19:39:31,169] {processor.py:171} INFO - Processing /home/airflow/.local/lib/python3.7/site-packages/airflow/example_dags/example_complex.py took 0.448 seconds
[2022-01-17 19:40:01,230] {processor.py:163} INFO - Started process (PID=1332) to work on /home/airflow/.local/lib/python3.7/site-packages/airflow/example_dags/example_complex.py
[2022-01-17 19:40:01,232] {processor.py:625} INFO - Processing file /home/airflow/.local/lib/python3.7/site-packages/airflow/example_dags/example_complex.py for tasks to queue
[2022-01-17 19:40:01,234] {logging_mixin.py:109} INFO - [2022-01-17 19:40:01,233] {dagbag.py:500} INFO - Filling up the DagBag from /home/airflow/.local/lib/python3.7/site-packages/airflow/example_dags/example_complex.py
[2022-01-17 19:40:01,379] {processor.py:637} INFO - DAG(s) dict_keys(['example_complex']) retrieved from /home/airflow/.local/lib/python3.7/site-packages/airflow/example_dags/example_complex.py
[2022-01-17 19:40:01,402] {logging_mixin.py:109} INFO - [2022-01-17 19:40:01,402] {dag.py:2396} INFO - Sync 1 DAGs
[2022-01-17 19:40:01,423] {logging_mixin.py:109} INFO - [2022-01-17 19:40:01,423] {dag.py:2928} INFO - Setting next_dagrun for example_complex to None
[2022-01-17 19:40:01,437] {processor.py:171} INFO - Processing /home/airflow/.local/lib/python3.7/site-packages/airflow/example_dags/example_complex.py took 0.211 seconds
[2022-01-17 19:40:31,536] {processor.py:163} INFO - Started process (PID=1394) to work on /home/airflow/.local/lib/python3.7/site-packages/airflow/example_dags/example_complex.py
[2022-01-17 19:40:31,541] {processor.py:625} INFO - Processing file /home/airflow/.local/lib/python3.7/site-packages/airflow/example_dags/example_complex.py for tasks to queue
[2022-01-17 19:40:31,544] {logging_mixin.py:109} INFO - [2022-01-17 19:40:31,544] {dagbag.py:500} INFO - Filling up the DagBag from /home/airflow/.local/lib/python3.7/site-packages/airflow/example_dags/example_complex.py
[2022-01-17 19:40:31,786] {processor.py:637} INFO - DAG(s) dict_keys(['example_complex']) retrieved from /home/airflow/.local/lib/python3.7/site-packages/airflow/example_dags/example_complex.py
[2022-01-17 19:40:31,845] {logging_mixin.py:109} INFO - [2022-01-17 19:40:31,845] {dag.py:2396} INFO - Sync 1 DAGs
[2022-01-17 19:40:31,886] {logging_mixin.py:109} INFO - [2022-01-17 19:40:31,886] {dag.py:2928} INFO - Setting next_dagrun for example_complex to None
[2022-01-17 19:40:31,912] {processor.py:171} INFO - Processing /home/airflow/.local/lib/python3.7/site-packages/airflow/example_dags/example_complex.py took 0.387 seconds
[2022-01-17 19:41:02,355] {processor.py:163} INFO - Started process (PID=1457) to work on /home/airflow/.local/lib/python3.7/site-packages/airflow/example_dags/example_complex.py
[2022-01-17 19:41:02,360] {processor.py:625} INFO - Processing file /home/airflow/.local/lib/python3.7/site-packages/airflow/example_dags/example_complex.py for tasks to queue
[2022-01-17 19:41:02,363] {logging_mixin.py:109} INFO - [2022-01-17 19:41:02,362] {dagbag.py:500} INFO - Filling up the DagBag from /home/airflow/.local/lib/python3.7/site-packages/airflow/example_dags/example_complex.py
[2022-01-17 19:41:02,613] {processor.py:637} INFO - DAG(s) dict_keys(['example_complex']) retrieved from /home/airflow/.local/lib/python3.7/site-packages/airflow/example_dags/example_complex.py
[2022-01-17 19:41:02,649] {logging_mixin.py:109} INFO - [2022-01-17 19:41:02,649] {dag.py:2396} INFO - Sync 1 DAGs
[2022-01-17 19:41:02,680] {logging_mixin.py:109} INFO - [2022-01-17 19:41:02,680] {dag.py:2928} INFO - Setting next_dagrun for example_complex to None
[2022-01-17 19:41:02,700] {processor.py:171} INFO - Processing /home/airflow/.local/lib/python3.7/site-packages/airflow/example_dags/example_complex.py took 0.355 seconds
[2022-01-17 19:41:33,334] {processor.py:163} INFO - Started process (PID=1518) to work on /home/airflow/.local/lib/python3.7/site-packages/airflow/example_dags/example_complex.py
[2022-01-17 19:41:33,336] {processor.py:625} INFO - Processing file /home/airflow/.local/lib/python3.7/site-packages/airflow/example_dags/example_complex.py for tasks to queue
[2022-01-17 19:41:33,337] {logging_mixin.py:109} INFO - [2022-01-17 19:41:33,337] {dagbag.py:500} INFO - Filling up the DagBag from /home/airflow/.local/lib/python3.7/site-packages/airflow/example_dags/example_complex.py
[2022-01-17 19:41:33,475] {processor.py:637} INFO - DAG(s) dict_keys(['example_complex']) retrieved from /home/airflow/.local/lib/python3.7/site-packages/airflow/example_dags/example_complex.py
[2022-01-17 19:41:33,498] {logging_mixin.py:109} INFO - [2022-01-17 19:41:33,498] {dag.py:2396} INFO - Sync 1 DAGs
[2022-01-17 19:41:33,523] {logging_mixin.py:109} INFO - [2022-01-17 19:41:33,522] {dag.py:2928} INFO - Setting next_dagrun for example_complex to None
[2022-01-17 19:41:33,545] {processor.py:171} INFO - Processing /home/airflow/.local/lib/python3.7/site-packages/airflow/example_dags/example_complex.py took 0.215 seconds
[2022-01-17 19:42:03,860] {processor.py:163} INFO - Started process (PID=1582) to work on /home/airflow/.local/lib/python3.7/site-packages/airflow/example_dags/example_complex.py
[2022-01-17 19:42:03,863] {processor.py:625} INFO - Processing file /home/airflow/.local/lib/python3.7/site-packages/airflow/example_dags/example_complex.py for tasks to queue
[2022-01-17 19:42:03,866] {logging_mixin.py:109} INFO - [2022-01-17 19:42:03,865] {dagbag.py:500} INFO - Filling up the DagBag from /home/airflow/.local/lib/python3.7/site-packages/airflow/example_dags/example_complex.py
[2022-01-17 19:42:03,938] {processor.py:637} INFO - DAG(s) dict_keys(['example_complex']) retrieved from /home/airflow/.local/lib/python3.7/site-packages/airflow/example_dags/example_complex.py
[2022-01-17 19:42:03,962] {logging_mixin.py:109} INFO - [2022-01-17 19:42:03,962] {dag.py:2396} INFO - Sync 1 DAGs
[2022-01-17 19:42:03,981] {logging_mixin.py:109} INFO - [2022-01-17 19:42:03,981] {dag.py:2928} INFO - Setting next_dagrun for example_complex to None
[2022-01-17 19:42:03,992] {processor.py:171} INFO - Processing /home/airflow/.local/lib/python3.7/site-packages/airflow/example_dags/example_complex.py took 0.141 seconds
[2022-01-17 19:42:34,481] {processor.py:163} INFO - Started process (PID=1652) to work on /home/airflow/.local/lib/python3.7/site-packages/airflow/example_dags/example_complex.py
[2022-01-17 19:42:34,484] {processor.py:625} INFO - Processing file /home/airflow/.local/lib/python3.7/site-packages/airflow/example_dags/example_complex.py for tasks to queue
[2022-01-17 19:42:34,485] {logging_mixin.py:109} INFO - [2022-01-17 19:42:34,485] {dagbag.py:500} INFO - Filling up the DagBag from /home/airflow/.local/lib/python3.7/site-packages/airflow/example_dags/example_complex.py
[2022-01-17 19:42:34,537] {processor.py:637} INFO - DAG(s) dict_keys(['example_complex']) retrieved from /home/airflow/.local/lib/python3.7/site-packages/airflow/example_dags/example_complex.py
[2022-01-17 19:42:34,569] {logging_mixin.py:109} INFO - [2022-01-17 19:42:34,569] {dag.py:2396} INFO - Sync 1 DAGs
[2022-01-17 19:42:34,592] {logging_mixin.py:109} INFO - [2022-01-17 19:42:34,591] {dag.py:2928} INFO - Setting next_dagrun for example_complex to None
[2022-01-17 19:42:34,604] {processor.py:171} INFO - Processing /home/airflow/.local/lib/python3.7/site-packages/airflow/example_dags/example_complex.py took 0.127 seconds
[2022-01-17 19:43:05,028] {processor.py:163} INFO - Started process (PID=1714) to work on /home/airflow/.local/lib/python3.7/site-packages/airflow/example_dags/example_complex.py
[2022-01-17 19:43:05,031] {processor.py:625} INFO - Processing file /home/airflow/.local/lib/python3.7/site-packages/airflow/example_dags/example_complex.py for tasks to queue
[2022-01-17 19:43:05,033] {logging_mixin.py:109} INFO - [2022-01-17 19:43:05,033] {dagbag.py:500} INFO - Filling up the DagBag from /home/airflow/.local/lib/python3.7/site-packages/airflow/example_dags/example_complex.py
[2022-01-17 19:43:05,113] {processor.py:637} INFO - DAG(s) dict_keys(['example_complex']) retrieved from /home/airflow/.local/lib/python3.7/site-packages/airflow/example_dags/example_complex.py
[2022-01-17 19:43:05,145] {logging_mixin.py:109} INFO - [2022-01-17 19:43:05,145] {dag.py:2396} INFO - Sync 1 DAGs
[2022-01-17 19:43:05,168] {logging_mixin.py:109} INFO - [2022-01-17 19:43:05,168] {dag.py:2928} INFO - Setting next_dagrun for example_complex to None
[2022-01-17 19:43:05,190] {processor.py:171} INFO - Processing /home/airflow/.local/lib/python3.7/site-packages/airflow/example_dags/example_complex.py took 0.170 seconds
[2022-01-17 19:43:35,333] {processor.py:163} INFO - Started process (PID=1776) to work on /home/airflow/.local/lib/python3.7/site-packages/airflow/example_dags/example_complex.py
[2022-01-17 19:43:35,337] {processor.py:625} INFO - Processing file /home/airflow/.local/lib/python3.7/site-packages/airflow/example_dags/example_complex.py for tasks to queue
[2022-01-17 19:43:35,341] {logging_mixin.py:109} INFO - [2022-01-17 19:43:35,340] {dagbag.py:500} INFO - Filling up the DagBag from /home/airflow/.local/lib/python3.7/site-packages/airflow/example_dags/example_complex.py
[2022-01-17 19:43:35,469] {processor.py:637} INFO - DAG(s) dict_keys(['example_complex']) retrieved from /home/airflow/.local/lib/python3.7/site-packages/airflow/example_dags/example_complex.py
[2022-01-17 19:43:35,543] {logging_mixin.py:109} INFO - [2022-01-17 19:43:35,542] {dag.py:2396} INFO - Sync 1 DAGs
[2022-01-17 19:43:35,602] {logging_mixin.py:109} INFO - [2022-01-17 19:43:35,602] {dag.py:2928} INFO - Setting next_dagrun for example_complex to None
[2022-01-17 19:43:35,637] {processor.py:171} INFO - Processing /home/airflow/.local/lib/python3.7/site-packages/airflow/example_dags/example_complex.py took 0.315 seconds
[2022-01-17 19:44:05,735] {processor.py:163} INFO - Started process (PID=1837) to work on /home/airflow/.local/lib/python3.7/site-packages/airflow/example_dags/example_complex.py
[2022-01-17 19:44:05,737] {processor.py:625} INFO - Processing file /home/airflow/.local/lib/python3.7/site-packages/airflow/example_dags/example_complex.py for tasks to queue
[2022-01-17 19:44:05,738] {logging_mixin.py:109} INFO - [2022-01-17 19:44:05,738] {dagbag.py:500} INFO - Filling up the DagBag from /home/airflow/.local/lib/python3.7/site-packages/airflow/example_dags/example_complex.py
[2022-01-17 19:44:05,779] {processor.py:637} INFO - DAG(s) dict_keys(['example_complex']) retrieved from /home/airflow/.local/lib/python3.7/site-packages/airflow/example_dags/example_complex.py
[2022-01-17 19:44:05,800] {logging_mixin.py:109} INFO - [2022-01-17 19:44:05,799] {dag.py:2396} INFO - Sync 1 DAGs
[2022-01-17 19:44:05,817] {logging_mixin.py:109} INFO - [2022-01-17 19:44:05,817] {dag.py:2928} INFO - Setting next_dagrun for example_complex to None
[2022-01-17 19:44:05,829] {processor.py:171} INFO - Processing /home/airflow/.local/lib/python3.7/site-packages/airflow/example_dags/example_complex.py took 0.098 seconds
[2022-01-17 19:44:36,189] {processor.py:163} INFO - Started process (PID=1906) to work on /home/airflow/.local/lib/python3.7/site-packages/airflow/example_dags/example_complex.py
[2022-01-17 19:44:36,191] {processor.py:625} INFO - Processing file /home/airflow/.local/lib/python3.7/site-packages/airflow/example_dags/example_complex.py for tasks to queue
[2022-01-17 19:44:36,193] {logging_mixin.py:109} INFO - [2022-01-17 19:44:36,192] {dagbag.py:500} INFO - Filling up the DagBag from /home/airflow/.local/lib/python3.7/site-packages/airflow/example_dags/example_complex.py
[2022-01-17 19:44:36,248] {processor.py:637} INFO - DAG(s) dict_keys(['example_complex']) retrieved from /home/airflow/.local/lib/python3.7/site-packages/airflow/example_dags/example_complex.py
[2022-01-17 19:44:36,276] {logging_mixin.py:109} INFO - [2022-01-17 19:44:36,276] {dag.py:2396} INFO - Sync 1 DAGs
[2022-01-17 19:44:36,297] {logging_mixin.py:109} INFO - [2022-01-17 19:44:36,296] {dag.py:2928} INFO - Setting next_dagrun for example_complex to None
[2022-01-17 19:44:36,310] {processor.py:171} INFO - Processing /home/airflow/.local/lib/python3.7/site-packages/airflow/example_dags/example_complex.py took 0.126 seconds
[2022-01-17 19:45:06,860] {processor.py:163} INFO - Started process (PID=1966) to work on /home/airflow/.local/lib/python3.7/site-packages/airflow/example_dags/example_complex.py
[2022-01-17 19:45:06,863] {processor.py:625} INFO - Processing file /home/airflow/.local/lib/python3.7/site-packages/airflow/example_dags/example_complex.py for tasks to queue
[2022-01-17 19:45:06,865] {logging_mixin.py:109} INFO - [2022-01-17 19:45:06,864] {dagbag.py:500} INFO - Filling up the DagBag from /home/airflow/.local/lib/python3.7/site-packages/airflow/example_dags/example_complex.py
[2022-01-17 19:45:06,922] {processor.py:637} INFO - DAG(s) dict_keys(['example_complex']) retrieved from /home/airflow/.local/lib/python3.7/site-packages/airflow/example_dags/example_complex.py
[2022-01-17 19:45:06,943] {logging_mixin.py:109} INFO - [2022-01-17 19:45:06,943] {dag.py:2396} INFO - Sync 1 DAGs
[2022-01-17 19:45:06,962] {logging_mixin.py:109} INFO - [2022-01-17 19:45:06,962] {dag.py:2928} INFO - Setting next_dagrun for example_complex to None
[2022-01-17 19:45:06,972] {processor.py:171} INFO - Processing /home/airflow/.local/lib/python3.7/site-packages/airflow/example_dags/example_complex.py took 0.118 seconds
[2022-01-17 19:45:37,249] {processor.py:163} INFO - Started process (PID=2028) to work on /home/airflow/.local/lib/python3.7/site-packages/airflow/example_dags/example_complex.py
[2022-01-17 19:45:37,253] {processor.py:625} INFO - Processing file /home/airflow/.local/lib/python3.7/site-packages/airflow/example_dags/example_complex.py for tasks to queue
[2022-01-17 19:45:37,257] {logging_mixin.py:109} INFO - [2022-01-17 19:45:37,256] {dagbag.py:500} INFO - Filling up the DagBag from /home/airflow/.local/lib/python3.7/site-packages/airflow/example_dags/example_complex.py
[2022-01-17 19:45:37,399] {processor.py:637} INFO - DAG(s) dict_keys(['example_complex']) retrieved from /home/airflow/.local/lib/python3.7/site-packages/airflow/example_dags/example_complex.py
[2022-01-17 19:45:37,426] {logging_mixin.py:109} INFO - [2022-01-17 19:45:37,425] {dag.py:2396} INFO - Sync 1 DAGs
[2022-01-17 19:45:37,444] {logging_mixin.py:109} INFO - [2022-01-17 19:45:37,444] {dag.py:2928} INFO - Setting next_dagrun for example_complex to None
[2022-01-17 19:45:37,454] {processor.py:171} INFO - Processing /home/airflow/.local/lib/python3.7/site-packages/airflow/example_dags/example_complex.py took 0.214 seconds
[2022-01-17 19:46:07,548] {processor.py:163} INFO - Started process (PID=2089) to work on /home/airflow/.local/lib/python3.7/site-packages/airflow/example_dags/example_complex.py
[2022-01-17 19:46:07,553] {processor.py:625} INFO - Processing file /home/airflow/.local/lib/python3.7/site-packages/airflow/example_dags/example_complex.py for tasks to queue
[2022-01-17 19:46:07,556] {logging_mixin.py:109} INFO - [2022-01-17 19:46:07,555] {dagbag.py:500} INFO - Filling up the DagBag from /home/airflow/.local/lib/python3.7/site-packages/airflow/example_dags/example_complex.py
[2022-01-17 19:46:07,682] {processor.py:637} INFO - DAG(s) dict_keys(['example_complex']) retrieved from /home/airflow/.local/lib/python3.7/site-packages/airflow/example_dags/example_complex.py
[2022-01-17 19:46:07,764] {logging_mixin.py:109} INFO - [2022-01-17 19:46:07,763] {dag.py:2396} INFO - Sync 1 DAGs
[2022-01-17 19:46:07,791] {logging_mixin.py:109} INFO - [2022-01-17 19:46:07,791] {dag.py:2928} INFO - Setting next_dagrun for example_complex to None
[2022-01-17 19:46:07,806] {processor.py:171} INFO - Processing /home/airflow/.local/lib/python3.7/site-packages/airflow/example_dags/example_complex.py took 0.270 seconds
[2022-01-17 19:46:38,622] {processor.py:163} INFO - Started process (PID=2151) to work on /home/airflow/.local/lib/python3.7/site-packages/airflow/example_dags/example_complex.py
[2022-01-17 19:46:38,624] {processor.py:625} INFO - Processing file /home/airflow/.local/lib/python3.7/site-packages/airflow/example_dags/example_complex.py for tasks to queue
[2022-01-17 19:46:38,624] {logging_mixin.py:109} INFO - [2022-01-17 19:46:38,624] {dagbag.py:500} INFO - Filling up the DagBag from /home/airflow/.local/lib/python3.7/site-packages/airflow/example_dags/example_complex.py
[2022-01-17 19:46:38,669] {processor.py:637} INFO - DAG(s) dict_keys(['example_complex']) retrieved from /home/airflow/.local/lib/python3.7/site-packages/airflow/example_dags/example_complex.py
[2022-01-17 19:46:38,689] {logging_mixin.py:109} INFO - [2022-01-17 19:46:38,689] {dag.py:2396} INFO - Sync 1 DAGs
[2022-01-17 19:46:38,707] {logging_mixin.py:109} INFO - [2022-01-17 19:46:38,707] {dag.py:2928} INFO - Setting next_dagrun for example_complex to None
[2022-01-17 19:46:38,717] {processor.py:171} INFO - Processing /home/airflow/.local/lib/python3.7/site-packages/airflow/example_dags/example_complex.py took 0.101 seconds
[2022-01-17 19:47:09,170] {processor.py:163} INFO - Started process (PID=2220) to work on /home/airflow/.local/lib/python3.7/site-packages/airflow/example_dags/example_complex.py
[2022-01-17 19:47:09,171] {processor.py:625} INFO - Processing file /home/airflow/.local/lib/python3.7/site-packages/airflow/example_dags/example_complex.py for tasks to queue
[2022-01-17 19:47:09,172] {logging_mixin.py:109} INFO - [2022-01-17 19:47:09,172] {dagbag.py:500} INFO - Filling up the DagBag from /home/airflow/.local/lib/python3.7/site-packages/airflow/example_dags/example_complex.py
[2022-01-17 19:47:09,240] {processor.py:637} INFO - DAG(s) dict_keys(['example_complex']) retrieved from /home/airflow/.local/lib/python3.7/site-packages/airflow/example_dags/example_complex.py
[2022-01-17 19:47:09,264] {logging_mixin.py:109} INFO - [2022-01-17 19:47:09,264] {dag.py:2396} INFO - Sync 1 DAGs
[2022-01-17 19:47:09,289] {logging_mixin.py:109} INFO - [2022-01-17 19:47:09,289] {dag.py:2928} INFO - Setting next_dagrun for example_complex to None
[2022-01-17 19:47:09,302] {processor.py:171} INFO - Processing /home/airflow/.local/lib/python3.7/site-packages/airflow/example_dags/example_complex.py took 0.136 seconds
[2022-01-17 19:47:39,590] {processor.py:163} INFO - Started process (PID=2280) to work on /home/airflow/.local/lib/python3.7/site-packages/airflow/example_dags/example_complex.py
[2022-01-17 19:47:39,592] {processor.py:625} INFO - Processing file /home/airflow/.local/lib/python3.7/site-packages/airflow/example_dags/example_complex.py for tasks to queue
[2022-01-17 19:47:39,594] {logging_mixin.py:109} INFO - [2022-01-17 19:47:39,594] {dagbag.py:500} INFO - Filling up the DagBag from /home/airflow/.local/lib/python3.7/site-packages/airflow/example_dags/example_complex.py
[2022-01-17 19:47:39,650] {processor.py:637} INFO - DAG(s) dict_keys(['example_complex']) retrieved from /home/airflow/.local/lib/python3.7/site-packages/airflow/example_dags/example_complex.py
[2022-01-17 19:47:39,687] {logging_mixin.py:109} INFO - [2022-01-17 19:47:39,687] {dag.py:2396} INFO - Sync 1 DAGs
[2022-01-17 19:47:39,723] {logging_mixin.py:109} INFO - [2022-01-17 19:47:39,722] {dag.py:2928} INFO - Setting next_dagrun for example_complex to None
[2022-01-17 19:47:39,742] {processor.py:171} INFO - Processing /home/airflow/.local/lib/python3.7/site-packages/airflow/example_dags/example_complex.py took 0.156 seconds
[2022-01-17 19:48:10,105] {processor.py:163} INFO - Started process (PID=2342) to work on /home/airflow/.local/lib/python3.7/site-packages/airflow/example_dags/example_complex.py
[2022-01-17 19:48:10,109] {processor.py:625} INFO - Processing file /home/airflow/.local/lib/python3.7/site-packages/airflow/example_dags/example_complex.py for tasks to queue
[2022-01-17 19:48:10,112] {logging_mixin.py:109} INFO - [2022-01-17 19:48:10,112] {dagbag.py:500} INFO - Filling up the DagBag from /home/airflow/.local/lib/python3.7/site-packages/airflow/example_dags/example_complex.py
[2022-01-17 19:48:10,232] {processor.py:637} INFO - DAG(s) dict_keys(['example_complex']) retrieved from /home/airflow/.local/lib/python3.7/site-packages/airflow/example_dags/example_complex.py
[2022-01-17 19:48:10,301] {logging_mixin.py:109} INFO - [2022-01-17 19:48:10,301] {dag.py:2396} INFO - Sync 1 DAGs
[2022-01-17 19:48:10,372] {logging_mixin.py:109} INFO - [2022-01-17 19:48:10,372] {dag.py:2928} INFO - Setting next_dagrun for example_complex to None
[2022-01-17 19:48:10,415] {processor.py:171} INFO - Processing /home/airflow/.local/lib/python3.7/site-packages/airflow/example_dags/example_complex.py took 0.319 seconds
[2022-01-17 19:48:41,181] {processor.py:163} INFO - Started process (PID=2404) to work on /home/airflow/.local/lib/python3.7/site-packages/airflow/example_dags/example_complex.py
[2022-01-17 19:48:41,188] {processor.py:625} INFO - Processing file /home/airflow/.local/lib/python3.7/site-packages/airflow/example_dags/example_complex.py for tasks to queue
[2022-01-17 19:48:41,192] {logging_mixin.py:109} INFO - [2022-01-17 19:48:41,191] {dagbag.py:500} INFO - Filling up the DagBag from /home/airflow/.local/lib/python3.7/site-packages/airflow/example_dags/example_complex.py
[2022-01-17 19:48:41,348] {processor.py:637} INFO - DAG(s) dict_keys(['example_complex']) retrieved from /home/airflow/.local/lib/python3.7/site-packages/airflow/example_dags/example_complex.py
[2022-01-17 19:48:41,426] {logging_mixin.py:109} INFO - [2022-01-17 19:48:41,426] {dag.py:2396} INFO - Sync 1 DAGs
[2022-01-17 19:48:41,483] {logging_mixin.py:109} INFO - [2022-01-17 19:48:41,483] {dag.py:2928} INFO - Setting next_dagrun for example_complex to None
[2022-01-17 19:48:41,514] {processor.py:171} INFO - Processing /home/airflow/.local/lib/python3.7/site-packages/airflow/example_dags/example_complex.py took 0.348 seconds
[2022-01-17 19:49:11,563] {processor.py:163} INFO - Started process (PID=2464) to work on /home/airflow/.local/lib/python3.7/site-packages/airflow/example_dags/example_complex.py
[2022-01-17 19:49:11,565] {processor.py:625} INFO - Processing file /home/airflow/.local/lib/python3.7/site-packages/airflow/example_dags/example_complex.py for tasks to queue
[2022-01-17 19:49:11,566] {logging_mixin.py:109} INFO - [2022-01-17 19:49:11,566] {dagbag.py:500} INFO - Filling up the DagBag from /home/airflow/.local/lib/python3.7/site-packages/airflow/example_dags/example_complex.py
[2022-01-17 19:49:11,608] {processor.py:637} INFO - DAG(s) dict_keys(['example_complex']) retrieved from /home/airflow/.local/lib/python3.7/site-packages/airflow/example_dags/example_complex.py
[2022-01-17 19:49:11,629] {logging_mixin.py:109} INFO - [2022-01-17 19:49:11,629] {dag.py:2396} INFO - Sync 1 DAGs
[2022-01-17 19:49:11,648] {logging_mixin.py:109} INFO - [2022-01-17 19:49:11,647] {dag.py:2928} INFO - Setting next_dagrun for example_complex to None
[2022-01-17 19:49:11,660] {processor.py:171} INFO - Processing /home/airflow/.local/lib/python3.7/site-packages/airflow/example_dags/example_complex.py took 0.101 seconds
[2022-01-17 19:49:42,045] {processor.py:163} INFO - Started process (PID=2527) to work on /home/airflow/.local/lib/python3.7/site-packages/airflow/example_dags/example_complex.py
[2022-01-17 19:49:42,051] {processor.py:625} INFO - Processing file /home/airflow/.local/lib/python3.7/site-packages/airflow/example_dags/example_complex.py for tasks to queue
[2022-01-17 19:49:42,058] {logging_mixin.py:109} INFO - [2022-01-17 19:49:42,057] {dagbag.py:500} INFO - Filling up the DagBag from /home/airflow/.local/lib/python3.7/site-packages/airflow/example_dags/example_complex.py
[2022-01-17 19:49:42,228] {processor.py:637} INFO - DAG(s) dict_keys(['example_complex']) retrieved from /home/airflow/.local/lib/python3.7/site-packages/airflow/example_dags/example_complex.py
[2022-01-17 19:49:42,338] {logging_mixin.py:109} INFO - [2022-01-17 19:49:42,337] {dag.py:2396} INFO - Sync 1 DAGs
[2022-01-17 19:49:42,379] {logging_mixin.py:109} INFO - [2022-01-17 19:49:42,379] {dag.py:2928} INFO - Setting next_dagrun for example_complex to None
[2022-01-17 19:49:42,400] {processor.py:171} INFO - Processing /home/airflow/.local/lib/python3.7/site-packages/airflow/example_dags/example_complex.py took 0.374 seconds
[2022-01-17 19:50:12,692] {processor.py:163} INFO - Started process (PID=2598) to work on /home/airflow/.local/lib/python3.7/site-packages/airflow/example_dags/example_complex.py
[2022-01-17 19:50:12,693] {processor.py:625} INFO - Processing file /home/airflow/.local/lib/python3.7/site-packages/airflow/example_dags/example_complex.py for tasks to queue
[2022-01-17 19:50:12,694] {logging_mixin.py:109} INFO - [2022-01-17 19:50:12,694] {dagbag.py:500} INFO - Filling up the DagBag from /home/airflow/.local/lib/python3.7/site-packages/airflow/example_dags/example_complex.py
[2022-01-17 19:50:12,761] {processor.py:637} INFO - DAG(s) dict_keys(['example_complex']) retrieved from /home/airflow/.local/lib/python3.7/site-packages/airflow/example_dags/example_complex.py
[2022-01-17 19:50:12,792] {logging_mixin.py:109} INFO - [2022-01-17 19:50:12,792] {dag.py:2396} INFO - Sync 1 DAGs
[2022-01-17 19:50:12,818] {logging_mixin.py:109} INFO - [2022-01-17 19:50:12,818] {dag.py:2928} INFO - Setting next_dagrun for example_complex to None
[2022-01-17 19:50:12,832] {processor.py:171} INFO - Processing /home/airflow/.local/lib/python3.7/site-packages/airflow/example_dags/example_complex.py took 0.144 seconds
[2022-01-17 19:50:43,491] {processor.py:163} INFO - Started process (PID=2659) to work on /home/airflow/.local/lib/python3.7/site-packages/airflow/example_dags/example_complex.py
[2022-01-17 19:50:43,493] {processor.py:625} INFO - Processing file /home/airflow/.local/lib/python3.7/site-packages/airflow/example_dags/example_complex.py for tasks to queue
[2022-01-17 19:50:43,494] {logging_mixin.py:109} INFO - [2022-01-17 19:50:43,494] {dagbag.py:500} INFO - Filling up the DagBag from /home/airflow/.local/lib/python3.7/site-packages/airflow/example_dags/example_complex.py
[2022-01-17 19:50:43,533] {processor.py:637} INFO - DAG(s) dict_keys(['example_complex']) retrieved from /home/airflow/.local/lib/python3.7/site-packages/airflow/example_dags/example_complex.py
[2022-01-17 19:50:43,558] {logging_mixin.py:109} INFO - [2022-01-17 19:50:43,557] {dag.py:2396} INFO - Sync 1 DAGs
[2022-01-17 19:50:43,576] {logging_mixin.py:109} INFO - [2022-01-17 19:50:43,576] {dag.py:2928} INFO - Setting next_dagrun for example_complex to None
[2022-01-17 19:50:43,589] {processor.py:171} INFO - Processing /home/airflow/.local/lib/python3.7/site-packages/airflow/example_dags/example_complex.py took 0.102 seconds
[2022-01-17 19:51:14,022] {processor.py:163} INFO - Started process (PID=2719) to work on /home/airflow/.local/lib/python3.7/site-packages/airflow/example_dags/example_complex.py
[2022-01-17 19:51:14,024] {processor.py:625} INFO - Processing file /home/airflow/.local/lib/python3.7/site-packages/airflow/example_dags/example_complex.py for tasks to queue
[2022-01-17 19:51:14,025] {logging_mixin.py:109} INFO - [2022-01-17 19:51:14,025] {dagbag.py:500} INFO - Filling up the DagBag from /home/airflow/.local/lib/python3.7/site-packages/airflow/example_dags/example_complex.py
[2022-01-17 19:51:14,110] {processor.py:637} INFO - DAG(s) dict_keys(['example_complex']) retrieved from /home/airflow/.local/lib/python3.7/site-packages/airflow/example_dags/example_complex.py
[2022-01-17 19:51:14,139] {logging_mixin.py:109} INFO - [2022-01-17 19:51:14,139] {dag.py:2396} INFO - Sync 1 DAGs
[2022-01-17 19:51:14,157] {logging_mixin.py:109} INFO - [2022-01-17 19:51:14,157] {dag.py:2928} INFO - Setting next_dagrun for example_complex to None
[2022-01-17 19:51:14,168] {processor.py:171} INFO - Processing /home/airflow/.local/lib/python3.7/site-packages/airflow/example_dags/example_complex.py took 0.149 seconds
[2022-01-17 19:51:44,476] {processor.py:163} INFO - Started process (PID=2772) to work on /home/airflow/.local/lib/python3.7/site-packages/airflow/example_dags/example_complex.py
[2022-01-17 19:51:44,478] {processor.py:625} INFO - Processing file /home/airflow/.local/lib/python3.7/site-packages/airflow/example_dags/example_complex.py for tasks to queue
[2022-01-17 19:51:44,479] {logging_mixin.py:109} INFO - [2022-01-17 19:51:44,479] {dagbag.py:500} INFO - Filling up the DagBag from /home/airflow/.local/lib/python3.7/site-packages/airflow/example_dags/example_complex.py
[2022-01-17 19:51:44,549] {processor.py:637} INFO - DAG(s) dict_keys(['example_complex']) retrieved from /home/airflow/.local/lib/python3.7/site-packages/airflow/example_dags/example_complex.py
[2022-01-17 19:51:44,617] {logging_mixin.py:109} INFO - [2022-01-17 19:51:44,617] {dag.py:2396} INFO - Sync 1 DAGs
[2022-01-17 19:51:44,646] {logging_mixin.py:109} INFO - [2022-01-17 19:51:44,646] {dag.py:2928} INFO - Setting next_dagrun for example_complex to None
[2022-01-17 19:51:44,659] {processor.py:171} INFO - Processing /home/airflow/.local/lib/python3.7/site-packages/airflow/example_dags/example_complex.py took 0.188 seconds
[2022-01-17 19:52:14,989] {processor.py:163} INFO - Started process (PID=2834) to work on /home/airflow/.local/lib/python3.7/site-packages/airflow/example_dags/example_complex.py
[2022-01-17 19:52:14,990] {processor.py:625} INFO - Processing file /home/airflow/.local/lib/python3.7/site-packages/airflow/example_dags/example_complex.py for tasks to queue
[2022-01-17 19:52:14,991] {logging_mixin.py:109} INFO - [2022-01-17 19:52:14,991] {dagbag.py:500} INFO - Filling up the DagBag from /home/airflow/.local/lib/python3.7/site-packages/airflow/example_dags/example_complex.py
[2022-01-17 19:52:15,033] {processor.py:637} INFO - DAG(s) dict_keys(['example_complex']) retrieved from /home/airflow/.local/lib/python3.7/site-packages/airflow/example_dags/example_complex.py
[2022-01-17 19:52:15,053] {logging_mixin.py:109} INFO - [2022-01-17 19:52:15,053] {dag.py:2396} INFO - Sync 1 DAGs
[2022-01-17 19:52:15,070] {logging_mixin.py:109} INFO - [2022-01-17 19:52:15,070] {dag.py:2928} INFO - Setting next_dagrun for example_complex to None
[2022-01-17 19:52:15,082] {processor.py:171} INFO - Processing /home/airflow/.local/lib/python3.7/site-packages/airflow/example_dags/example_complex.py took 0.096 seconds
[2022-01-17 19:52:45,890] {processor.py:163} INFO - Started process (PID=2904) to work on /home/airflow/.local/lib/python3.7/site-packages/airflow/example_dags/example_complex.py
[2022-01-17 19:52:45,892] {processor.py:625} INFO - Processing file /home/airflow/.local/lib/python3.7/site-packages/airflow/example_dags/example_complex.py for tasks to queue
[2022-01-17 19:52:45,893] {logging_mixin.py:109} INFO - [2022-01-17 19:52:45,893] {dagbag.py:500} INFO - Filling up the DagBag from /home/airflow/.local/lib/python3.7/site-packages/airflow/example_dags/example_complex.py
[2022-01-17 19:52:45,941] {processor.py:637} INFO - DAG(s) dict_keys(['example_complex']) retrieved from /home/airflow/.local/lib/python3.7/site-packages/airflow/example_dags/example_complex.py
[2022-01-17 19:52:45,968] {logging_mixin.py:109} INFO - [2022-01-17 19:52:45,968] {dag.py:2396} INFO - Sync 1 DAGs
[2022-01-17 19:52:45,990] {logging_mixin.py:109} INFO - [2022-01-17 19:52:45,990] {dag.py:2928} INFO - Setting next_dagrun for example_complex to None
[2022-01-17 19:52:46,003] {processor.py:171} INFO - Processing /home/airflow/.local/lib/python3.7/site-packages/airflow/example_dags/example_complex.py took 0.118 seconds
[2022-01-17 19:53:16,316] {processor.py:163} INFO - Started process (PID=2964) to work on /home/airflow/.local/lib/python3.7/site-packages/airflow/example_dags/example_complex.py
[2022-01-17 19:53:16,318] {processor.py:625} INFO - Processing file /home/airflow/.local/lib/python3.7/site-packages/airflow/example_dags/example_complex.py for tasks to queue
[2022-01-17 19:53:16,319] {logging_mixin.py:109} INFO - [2022-01-17 19:53:16,319] {dagbag.py:500} INFO - Filling up the DagBag from /home/airflow/.local/lib/python3.7/site-packages/airflow/example_dags/example_complex.py
[2022-01-17 19:53:16,367] {processor.py:637} INFO - DAG(s) dict_keys(['example_complex']) retrieved from /home/airflow/.local/lib/python3.7/site-packages/airflow/example_dags/example_complex.py
[2022-01-17 19:53:16,388] {logging_mixin.py:109} INFO - [2022-01-17 19:53:16,388] {dag.py:2396} INFO - Sync 1 DAGs
[2022-01-17 19:53:16,406] {logging_mixin.py:109} INFO - [2022-01-17 19:53:16,406] {dag.py:2928} INFO - Setting next_dagrun for example_complex to None
[2022-01-17 19:53:16,418] {processor.py:171} INFO - Processing /home/airflow/.local/lib/python3.7/site-packages/airflow/example_dags/example_complex.py took 0.106 seconds
[2022-01-17 19:53:47,327] {processor.py:163} INFO - Started process (PID=3026) to work on /home/airflow/.local/lib/python3.7/site-packages/airflow/example_dags/example_complex.py
[2022-01-17 19:53:47,330] {processor.py:625} INFO - Processing file /home/airflow/.local/lib/python3.7/site-packages/airflow/example_dags/example_complex.py for tasks to queue
[2022-01-17 19:53:47,331] {logging_mixin.py:109} INFO - [2022-01-17 19:53:47,331] {dagbag.py:500} INFO - Filling up the DagBag from /home/airflow/.local/lib/python3.7/site-packages/airflow/example_dags/example_complex.py
[2022-01-17 19:53:47,374] {processor.py:637} INFO - DAG(s) dict_keys(['example_complex']) retrieved from /home/airflow/.local/lib/python3.7/site-packages/airflow/example_dags/example_complex.py
[2022-01-17 19:53:47,394] {logging_mixin.py:109} INFO - [2022-01-17 19:53:47,394] {dag.py:2396} INFO - Sync 1 DAGs
[2022-01-17 19:53:47,412] {logging_mixin.py:109} INFO - [2022-01-17 19:53:47,411] {dag.py:2928} INFO - Setting next_dagrun for example_complex to None
[2022-01-17 19:53:47,423] {processor.py:171} INFO - Processing /home/airflow/.local/lib/python3.7/site-packages/airflow/example_dags/example_complex.py took 0.105 seconds
[2022-01-17 19:54:18,050] {processor.py:163} INFO - Started process (PID=3087) to work on /home/airflow/.local/lib/python3.7/site-packages/airflow/example_dags/example_complex.py
[2022-01-17 19:54:18,052] {processor.py:625} INFO - Processing file /home/airflow/.local/lib/python3.7/site-packages/airflow/example_dags/example_complex.py for tasks to queue
[2022-01-17 19:54:18,053] {logging_mixin.py:109} INFO - [2022-01-17 19:54:18,053] {dagbag.py:500} INFO - Filling up the DagBag from /home/airflow/.local/lib/python3.7/site-packages/airflow/example_dags/example_complex.py
[2022-01-17 19:54:18,102] {processor.py:637} INFO - DAG(s) dict_keys(['example_complex']) retrieved from /home/airflow/.local/lib/python3.7/site-packages/airflow/example_dags/example_complex.py
[2022-01-17 19:54:18,123] {logging_mixin.py:109} INFO - [2022-01-17 19:54:18,123] {dag.py:2396} INFO - Sync 1 DAGs
[2022-01-17 19:54:18,141] {logging_mixin.py:109} INFO - [2022-01-17 19:54:18,141] {dag.py:2928} INFO - Setting next_dagrun for example_complex to None
[2022-01-17 19:54:18,153] {processor.py:171} INFO - Processing /home/airflow/.local/lib/python3.7/site-packages/airflow/example_dags/example_complex.py took 0.108 seconds
[2022-01-17 19:54:48,820] {processor.py:163} INFO - Started process (PID=3149) to work on /home/airflow/.local/lib/python3.7/site-packages/airflow/example_dags/example_complex.py
[2022-01-17 19:54:48,825] {processor.py:625} INFO - Processing file /home/airflow/.local/lib/python3.7/site-packages/airflow/example_dags/example_complex.py for tasks to queue
[2022-01-17 19:54:48,828] {logging_mixin.py:109} INFO - [2022-01-17 19:54:48,827] {dagbag.py:500} INFO - Filling up the DagBag from /home/airflow/.local/lib/python3.7/site-packages/airflow/example_dags/example_complex.py
[2022-01-17 19:54:48,874] {processor.py:637} INFO - DAG(s) dict_keys(['example_complex']) retrieved from /home/airflow/.local/lib/python3.7/site-packages/airflow/example_dags/example_complex.py
[2022-01-17 19:54:48,895] {logging_mixin.py:109} INFO - [2022-01-17 19:54:48,895] {dag.py:2396} INFO - Sync 1 DAGs
[2022-01-17 19:54:48,913] {logging_mixin.py:109} INFO - [2022-01-17 19:54:48,913] {dag.py:2928} INFO - Setting next_dagrun for example_complex to None
[2022-01-17 19:54:48,925] {processor.py:171} INFO - Processing /home/airflow/.local/lib/python3.7/site-packages/airflow/example_dags/example_complex.py took 0.115 seconds
[2022-01-17 19:55:19,070] {processor.py:163} INFO - Started process (PID=3217) to work on /home/airflow/.local/lib/python3.7/site-packages/airflow/example_dags/example_complex.py
[2022-01-17 19:55:19,072] {processor.py:625} INFO - Processing file /home/airflow/.local/lib/python3.7/site-packages/airflow/example_dags/example_complex.py for tasks to queue
[2022-01-17 19:55:19,073] {logging_mixin.py:109} INFO - [2022-01-17 19:55:19,073] {dagbag.py:500} INFO - Filling up the DagBag from /home/airflow/.local/lib/python3.7/site-packages/airflow/example_dags/example_complex.py
[2022-01-17 19:55:19,121] {processor.py:637} INFO - DAG(s) dict_keys(['example_complex']) retrieved from /home/airflow/.local/lib/python3.7/site-packages/airflow/example_dags/example_complex.py
[2022-01-17 19:55:19,145] {logging_mixin.py:109} INFO - [2022-01-17 19:55:19,145] {dag.py:2396} INFO - Sync 1 DAGs
[2022-01-17 19:55:19,170] {logging_mixin.py:109} INFO - [2022-01-17 19:55:19,170] {dag.py:2928} INFO - Setting next_dagrun for example_complex to None
[2022-01-17 19:55:19,185] {processor.py:171} INFO - Processing /home/airflow/.local/lib/python3.7/site-packages/airflow/example_dags/example_complex.py took 0.119 seconds
[2022-01-17 19:55:49,914] {processor.py:163} INFO - Started process (PID=3282) to work on /home/airflow/.local/lib/python3.7/site-packages/airflow/example_dags/example_complex.py
[2022-01-17 19:55:49,917] {processor.py:625} INFO - Processing file /home/airflow/.local/lib/python3.7/site-packages/airflow/example_dags/example_complex.py for tasks to queue
[2022-01-17 19:55:49,918] {logging_mixin.py:109} INFO - [2022-01-17 19:55:49,918] {dagbag.py:500} INFO - Filling up the DagBag from /home/airflow/.local/lib/python3.7/site-packages/airflow/example_dags/example_complex.py
[2022-01-17 19:55:49,991] {processor.py:637} INFO - DAG(s) dict_keys(['example_complex']) retrieved from /home/airflow/.local/lib/python3.7/site-packages/airflow/example_dags/example_complex.py
[2022-01-17 19:55:50,023] {logging_mixin.py:109} INFO - [2022-01-17 19:55:50,023] {dag.py:2396} INFO - Sync 1 DAGs
[2022-01-17 19:55:50,045] {logging_mixin.py:109} INFO - [2022-01-17 19:55:50,045] {dag.py:2928} INFO - Setting next_dagrun for example_complex to None
[2022-01-17 19:55:50,061] {processor.py:171} INFO - Processing /home/airflow/.local/lib/python3.7/site-packages/airflow/example_dags/example_complex.py took 0.152 seconds
[2022-01-17 19:56:20,139] {processor.py:163} INFO - Started process (PID=3344) to work on /home/airflow/.local/lib/python3.7/site-packages/airflow/example_dags/example_complex.py
[2022-01-17 19:56:20,141] {processor.py:625} INFO - Processing file /home/airflow/.local/lib/python3.7/site-packages/airflow/example_dags/example_complex.py for tasks to queue
[2022-01-17 19:56:20,142] {logging_mixin.py:109} INFO - [2022-01-17 19:56:20,141] {dagbag.py:500} INFO - Filling up the DagBag from /home/airflow/.local/lib/python3.7/site-packages/airflow/example_dags/example_complex.py
[2022-01-17 19:56:20,187] {processor.py:637} INFO - DAG(s) dict_keys(['example_complex']) retrieved from /home/airflow/.local/lib/python3.7/site-packages/airflow/example_dags/example_complex.py
[2022-01-17 19:56:20,208] {logging_mixin.py:109} INFO - [2022-01-17 19:56:20,208] {dag.py:2396} INFO - Sync 1 DAGs
[2022-01-17 19:56:20,229] {logging_mixin.py:109} INFO - [2022-01-17 19:56:20,229] {dag.py:2928} INFO - Setting next_dagrun for example_complex to None
[2022-01-17 19:56:20,241] {processor.py:171} INFO - Processing /home/airflow/.local/lib/python3.7/site-packages/airflow/example_dags/example_complex.py took 0.106 seconds
[2022-01-17 19:56:51,072] {processor.py:163} INFO - Started process (PID=3405) to work on /home/airflow/.local/lib/python3.7/site-packages/airflow/example_dags/example_complex.py
[2022-01-17 19:56:51,074] {processor.py:625} INFO - Processing file /home/airflow/.local/lib/python3.7/site-packages/airflow/example_dags/example_complex.py for tasks to queue
[2022-01-17 19:56:51,076] {logging_mixin.py:109} INFO - [2022-01-17 19:56:51,075] {dagbag.py:500} INFO - Filling up the DagBag from /home/airflow/.local/lib/python3.7/site-packages/airflow/example_dags/example_complex.py
[2022-01-17 19:56:51,143] {processor.py:637} INFO - DAG(s) dict_keys(['example_complex']) retrieved from /home/airflow/.local/lib/python3.7/site-packages/airflow/example_dags/example_complex.py
[2022-01-17 19:56:51,168] {logging_mixin.py:109} INFO - [2022-01-17 19:56:51,168] {dag.py:2396} INFO - Sync 1 DAGs
[2022-01-17 19:56:51,194] {logging_mixin.py:109} INFO - [2022-01-17 19:56:51,194] {dag.py:2928} INFO - Setting next_dagrun for example_complex to None
[2022-01-17 19:56:51,206] {processor.py:171} INFO - Processing /home/airflow/.local/lib/python3.7/site-packages/airflow/example_dags/example_complex.py took 0.139 seconds
[2022-01-17 19:57:21,324] {processor.py:163} INFO - Started process (PID=3467) to work on /home/airflow/.local/lib/python3.7/site-packages/airflow/example_dags/example_complex.py
[2022-01-17 19:57:21,326] {processor.py:625} INFO - Processing file /home/airflow/.local/lib/python3.7/site-packages/airflow/example_dags/example_complex.py for tasks to queue
[2022-01-17 19:57:21,327] {logging_mixin.py:109} INFO - [2022-01-17 19:57:21,327] {dagbag.py:500} INFO - Filling up the DagBag from /home/airflow/.local/lib/python3.7/site-packages/airflow/example_dags/example_complex.py
[2022-01-17 19:57:21,366] {processor.py:637} INFO - DAG(s) dict_keys(['example_complex']) retrieved from /home/airflow/.local/lib/python3.7/site-packages/airflow/example_dags/example_complex.py
[2022-01-17 19:57:21,386] {logging_mixin.py:109} INFO - [2022-01-17 19:57:21,386] {dag.py:2396} INFO - Sync 1 DAGs
[2022-01-17 19:57:21,403] {logging_mixin.py:109} INFO - [2022-01-17 19:57:21,403] {dag.py:2928} INFO - Setting next_dagrun for example_complex to None
[2022-01-17 19:57:21,415] {processor.py:171} INFO - Processing /home/airflow/.local/lib/python3.7/site-packages/airflow/example_dags/example_complex.py took 0.095 seconds
[2022-01-17 19:57:52,216] {processor.py:163} INFO - Started process (PID=3537) to work on /home/airflow/.local/lib/python3.7/site-packages/airflow/example_dags/example_complex.py
[2022-01-17 19:57:52,220] {processor.py:625} INFO - Processing file /home/airflow/.local/lib/python3.7/site-packages/airflow/example_dags/example_complex.py for tasks to queue
[2022-01-17 19:57:52,224] {logging_mixin.py:109} INFO - [2022-01-17 19:57:52,224] {dagbag.py:500} INFO - Filling up the DagBag from /home/airflow/.local/lib/python3.7/site-packages/airflow/example_dags/example_complex.py
[2022-01-17 19:57:52,351] {processor.py:637} INFO - DAG(s) dict_keys(['example_complex']) retrieved from /home/airflow/.local/lib/python3.7/site-packages/airflow/example_dags/example_complex.py
[2022-01-17 19:57:52,376] {logging_mixin.py:109} INFO - [2022-01-17 19:57:52,376] {dag.py:2396} INFO - Sync 1 DAGs
[2022-01-17 19:57:52,401] {logging_mixin.py:109} INFO - [2022-01-17 19:57:52,401] {dag.py:2928} INFO - Setting next_dagrun for example_complex to None
[2022-01-17 19:57:52,416] {processor.py:171} INFO - Processing /home/airflow/.local/lib/python3.7/site-packages/airflow/example_dags/example_complex.py took 0.213 seconds
[2022-01-17 19:58:22,649] {processor.py:163} INFO - Started process (PID=3600) to work on /home/airflow/.local/lib/python3.7/site-packages/airflow/example_dags/example_complex.py
[2022-01-17 19:58:22,651] {processor.py:625} INFO - Processing file /home/airflow/.local/lib/python3.7/site-packages/airflow/example_dags/example_complex.py for tasks to queue
[2022-01-17 19:58:22,652] {logging_mixin.py:109} INFO - [2022-01-17 19:58:22,652] {dagbag.py:500} INFO - Filling up the DagBag from /home/airflow/.local/lib/python3.7/site-packages/airflow/example_dags/example_complex.py
[2022-01-17 19:58:22,709] {processor.py:637} INFO - DAG(s) dict_keys(['example_complex']) retrieved from /home/airflow/.local/lib/python3.7/site-packages/airflow/example_dags/example_complex.py
[2022-01-17 19:58:22,738] {logging_mixin.py:109} INFO - [2022-01-17 19:58:22,738] {dag.py:2396} INFO - Sync 1 DAGs
[2022-01-17 19:58:22,760] {logging_mixin.py:109} INFO - [2022-01-17 19:58:22,760] {dag.py:2928} INFO - Setting next_dagrun for example_complex to None
[2022-01-17 19:58:22,776] {processor.py:171} INFO - Processing /home/airflow/.local/lib/python3.7/site-packages/airflow/example_dags/example_complex.py took 0.133 seconds
[2022-01-17 19:58:53,251] {processor.py:163} INFO - Started process (PID=3661) to work on /home/airflow/.local/lib/python3.7/site-packages/airflow/example_dags/example_complex.py
[2022-01-17 19:58:53,253] {processor.py:625} INFO - Processing file /home/airflow/.local/lib/python3.7/site-packages/airflow/example_dags/example_complex.py for tasks to queue
[2022-01-17 19:58:53,254] {logging_mixin.py:109} INFO - [2022-01-17 19:58:53,254] {dagbag.py:500} INFO - Filling up the DagBag from /home/airflow/.local/lib/python3.7/site-packages/airflow/example_dags/example_complex.py
[2022-01-17 19:58:53,293] {processor.py:637} INFO - DAG(s) dict_keys(['example_complex']) retrieved from /home/airflow/.local/lib/python3.7/site-packages/airflow/example_dags/example_complex.py
[2022-01-17 19:58:53,313] {logging_mixin.py:109} INFO - [2022-01-17 19:58:53,313] {dag.py:2396} INFO - Sync 1 DAGs
[2022-01-17 19:58:53,332] {logging_mixin.py:109} INFO - [2022-01-17 19:58:53,331] {dag.py:2928} INFO - Setting next_dagrun for example_complex to None
[2022-01-17 19:58:53,342] {processor.py:171} INFO - Processing /home/airflow/.local/lib/python3.7/site-packages/airflow/example_dags/example_complex.py took 0.094 seconds
[2022-01-17 19:59:23,924] {processor.py:163} INFO - Started process (PID=3722) to work on /home/airflow/.local/lib/python3.7/site-packages/airflow/example_dags/example_complex.py
[2022-01-17 19:59:23,926] {processor.py:625} INFO - Processing file /home/airflow/.local/lib/python3.7/site-packages/airflow/example_dags/example_complex.py for tasks to queue
[2022-01-17 19:59:23,927] {logging_mixin.py:109} INFO - [2022-01-17 19:59:23,927] {dagbag.py:500} INFO - Filling up the DagBag from /home/airflow/.local/lib/python3.7/site-packages/airflow/example_dags/example_complex.py
[2022-01-17 19:59:23,974] {processor.py:637} INFO - DAG(s) dict_keys(['example_complex']) retrieved from /home/airflow/.local/lib/python3.7/site-packages/airflow/example_dags/example_complex.py
[2022-01-17 19:59:23,995] {logging_mixin.py:109} INFO - [2022-01-17 19:59:23,995] {dag.py:2396} INFO - Sync 1 DAGs
[2022-01-17 19:59:24,013] {logging_mixin.py:109} INFO - [2022-01-17 19:59:24,013] {dag.py:2928} INFO - Setting next_dagrun for example_complex to None
[2022-01-17 19:59:24,025] {processor.py:171} INFO - Processing /home/airflow/.local/lib/python3.7/site-packages/airflow/example_dags/example_complex.py took 0.105 seconds
[2022-01-17 19:59:54,715] {processor.py:163} INFO - Started process (PID=3784) to work on /home/airflow/.local/lib/python3.7/site-packages/airflow/example_dags/example_complex.py
[2022-01-17 19:59:54,719] {processor.py:625} INFO - Processing file /home/airflow/.local/lib/python3.7/site-packages/airflow/example_dags/example_complex.py for tasks to queue
[2022-01-17 19:59:54,722] {logging_mixin.py:109} INFO - [2022-01-17 19:59:54,722] {dagbag.py:500} INFO - Filling up the DagBag from /home/airflow/.local/lib/python3.7/site-packages/airflow/example_dags/example_complex.py
[2022-01-17 19:59:54,867] {processor.py:637} INFO - DAG(s) dict_keys(['example_complex']) retrieved from /home/airflow/.local/lib/python3.7/site-packages/airflow/example_dags/example_complex.py
[2022-01-17 19:59:54,954] {logging_mixin.py:109} INFO - [2022-01-17 19:59:54,954] {dag.py:2396} INFO - Sync 1 DAGs
[2022-01-17 19:59:54,980] {logging_mixin.py:109} INFO - [2022-01-17 19:59:54,980] {dag.py:2928} INFO - Setting next_dagrun for example_complex to None
[2022-01-17 19:59:54,993] {processor.py:171} INFO - Processing /home/airflow/.local/lib/python3.7/site-packages/airflow/example_dags/example_complex.py took 0.290 seconds
[2022-01-17 20:00:25,245] {processor.py:163} INFO - Started process (PID=3856) to work on /home/airflow/.local/lib/python3.7/site-packages/airflow/example_dags/example_complex.py
[2022-01-17 20:00:25,247] {processor.py:625} INFO - Processing file /home/airflow/.local/lib/python3.7/site-packages/airflow/example_dags/example_complex.py for tasks to queue
[2022-01-17 20:00:25,248] {logging_mixin.py:109} INFO - [2022-01-17 20:00:25,248] {dagbag.py:500} INFO - Filling up the DagBag from /home/airflow/.local/lib/python3.7/site-packages/airflow/example_dags/example_complex.py
[2022-01-17 20:00:25,296] {processor.py:637} INFO - DAG(s) dict_keys(['example_complex']) retrieved from /home/airflow/.local/lib/python3.7/site-packages/airflow/example_dags/example_complex.py
[2022-01-17 20:00:25,323] {logging_mixin.py:109} INFO - [2022-01-17 20:00:25,323] {dag.py:2396} INFO - Sync 1 DAGs
[2022-01-17 20:00:25,345] {logging_mixin.py:109} INFO - [2022-01-17 20:00:25,344] {dag.py:2928} INFO - Setting next_dagrun for example_complex to None
[2022-01-17 20:00:25,363] {processor.py:171} INFO - Processing /home/airflow/.local/lib/python3.7/site-packages/airflow/example_dags/example_complex.py took 0.122 seconds
[2022-01-17 20:00:55,642] {processor.py:163} INFO - Started process (PID=3917) to work on /home/airflow/.local/lib/python3.7/site-packages/airflow/example_dags/example_complex.py
[2022-01-17 20:00:55,644] {processor.py:625} INFO - Processing file /home/airflow/.local/lib/python3.7/site-packages/airflow/example_dags/example_complex.py for tasks to queue
[2022-01-17 20:00:55,645] {logging_mixin.py:109} INFO - [2022-01-17 20:00:55,645] {dagbag.py:500} INFO - Filling up the DagBag from /home/airflow/.local/lib/python3.7/site-packages/airflow/example_dags/example_complex.py
[2022-01-17 20:00:55,693] {processor.py:637} INFO - DAG(s) dict_keys(['example_complex']) retrieved from /home/airflow/.local/lib/python3.7/site-packages/airflow/example_dags/example_complex.py
[2022-01-17 20:00:55,717] {logging_mixin.py:109} INFO - [2022-01-17 20:00:55,717] {dag.py:2396} INFO - Sync 1 DAGs
[2022-01-17 20:00:55,739] {logging_mixin.py:109} INFO - [2022-01-17 20:00:55,739] {dag.py:2928} INFO - Setting next_dagrun for example_complex to None
[2022-01-17 20:00:55,751] {processor.py:171} INFO - Processing /home/airflow/.local/lib/python3.7/site-packages/airflow/example_dags/example_complex.py took 0.114 seconds
[2022-01-17 20:01:25,908] {processor.py:163} INFO - Started process (PID=3979) to work on /home/airflow/.local/lib/python3.7/site-packages/airflow/example_dags/example_complex.py
[2022-01-17 20:01:25,910] {processor.py:625} INFO - Processing file /home/airflow/.local/lib/python3.7/site-packages/airflow/example_dags/example_complex.py for tasks to queue
[2022-01-17 20:01:25,911] {logging_mixin.py:109} INFO - [2022-01-17 20:01:25,911] {dagbag.py:500} INFO - Filling up the DagBag from /home/airflow/.local/lib/python3.7/site-packages/airflow/example_dags/example_complex.py
[2022-01-17 20:01:25,956] {processor.py:637} INFO - DAG(s) dict_keys(['example_complex']) retrieved from /home/airflow/.local/lib/python3.7/site-packages/airflow/example_dags/example_complex.py
[2022-01-17 20:01:25,977] {logging_mixin.py:109} INFO - [2022-01-17 20:01:25,977] {dag.py:2396} INFO - Sync 1 DAGs
[2022-01-17 20:01:25,996] {logging_mixin.py:109} INFO - [2022-01-17 20:01:25,996] {dag.py:2928} INFO - Setting next_dagrun for example_complex to None
[2022-01-17 20:01:26,009] {processor.py:171} INFO - Processing /home/airflow/.local/lib/python3.7/site-packages/airflow/example_dags/example_complex.py took 0.104 seconds
[2022-01-17 20:01:56,339] {processor.py:163} INFO - Started process (PID=4041) to work on /home/airflow/.local/lib/python3.7/site-packages/airflow/example_dags/example_complex.py
[2022-01-17 20:01:56,340] {processor.py:625} INFO - Processing file /home/airflow/.local/lib/python3.7/site-packages/airflow/example_dags/example_complex.py for tasks to queue
[2022-01-17 20:01:56,341] {logging_mixin.py:109} INFO - [2022-01-17 20:01:56,341] {dagbag.py:500} INFO - Filling up the DagBag from /home/airflow/.local/lib/python3.7/site-packages/airflow/example_dags/example_complex.py
[2022-01-17 20:01:56,381] {processor.py:637} INFO - DAG(s) dict_keys(['example_complex']) retrieved from /home/airflow/.local/lib/python3.7/site-packages/airflow/example_dags/example_complex.py
[2022-01-17 20:01:56,401] {logging_mixin.py:109} INFO - [2022-01-17 20:01:56,401] {dag.py:2396} INFO - Sync 1 DAGs
[2022-01-17 20:01:56,426] {logging_mixin.py:109} INFO - [2022-01-17 20:01:56,426] {dag.py:2928} INFO - Setting next_dagrun for example_complex to None
[2022-01-17 20:01:56,450] {processor.py:171} INFO - Processing /home/airflow/.local/lib/python3.7/site-packages/airflow/example_dags/example_complex.py took 0.115 seconds
[2022-01-17 20:02:27,287] {processor.py:163} INFO - Started process (PID=4103) to work on /home/airflow/.local/lib/python3.7/site-packages/airflow/example_dags/example_complex.py
[2022-01-17 20:02:27,291] {processor.py:625} INFO - Processing file /home/airflow/.local/lib/python3.7/site-packages/airflow/example_dags/example_complex.py for tasks to queue
[2022-01-17 20:02:27,294] {logging_mixin.py:109} INFO - [2022-01-17 20:02:27,293] {dagbag.py:500} INFO - Filling up the DagBag from /home/airflow/.local/lib/python3.7/site-packages/airflow/example_dags/example_complex.py
[2022-01-17 20:02:27,448] {processor.py:637} INFO - DAG(s) dict_keys(['example_complex']) retrieved from /home/airflow/.local/lib/python3.7/site-packages/airflow/example_dags/example_complex.py
[2022-01-17 20:02:27,521] {logging_mixin.py:109} INFO - [2022-01-17 20:02:27,520] {dag.py:2396} INFO - Sync 1 DAGs
[2022-01-17 20:02:27,580] {logging_mixin.py:109} INFO - [2022-01-17 20:02:27,580] {dag.py:2928} INFO - Setting next_dagrun for example_complex to None
[2022-01-17 20:02:27,628] {processor.py:171} INFO - Processing /home/airflow/.local/lib/python3.7/site-packages/airflow/example_dags/example_complex.py took 0.351 seconds
[2022-01-17 20:02:57,806] {processor.py:163} INFO - Started process (PID=4165) to work on /home/airflow/.local/lib/python3.7/site-packages/airflow/example_dags/example_complex.py
[2022-01-17 20:02:57,811] {processor.py:625} INFO - Processing file /home/airflow/.local/lib/python3.7/site-packages/airflow/example_dags/example_complex.py for tasks to queue
[2022-01-17 20:02:57,814] {logging_mixin.py:109} INFO - [2022-01-17 20:02:57,813] {dagbag.py:500} INFO - Filling up the DagBag from /home/airflow/.local/lib/python3.7/site-packages/airflow/example_dags/example_complex.py
[2022-01-17 20:02:57,973] {processor.py:637} INFO - DAG(s) dict_keys(['example_complex']) retrieved from /home/airflow/.local/lib/python3.7/site-packages/airflow/example_dags/example_complex.py
[2022-01-17 20:02:58,037] {logging_mixin.py:109} INFO - [2022-01-17 20:02:58,037] {dag.py:2396} INFO - Sync 1 DAGs
[2022-01-17 20:02:58,086] {logging_mixin.py:109} INFO - [2022-01-17 20:02:58,086] {dag.py:2928} INFO - Setting next_dagrun for example_complex to None
[2022-01-17 20:02:58,115] {processor.py:171} INFO - Processing /home/airflow/.local/lib/python3.7/site-packages/airflow/example_dags/example_complex.py took 0.323 seconds
[2022-01-17 20:03:28,795] {processor.py:163} INFO - Started process (PID=4236) to work on /home/airflow/.local/lib/python3.7/site-packages/airflow/example_dags/example_complex.py
[2022-01-17 20:03:28,798] {processor.py:625} INFO - Processing file /home/airflow/.local/lib/python3.7/site-packages/airflow/example_dags/example_complex.py for tasks to queue
[2022-01-17 20:03:28,799] {logging_mixin.py:109} INFO - [2022-01-17 20:03:28,799] {dagbag.py:500} INFO - Filling up the DagBag from /home/airflow/.local/lib/python3.7/site-packages/airflow/example_dags/example_complex.py
[2022-01-17 20:03:28,860] {processor.py:637} INFO - DAG(s) dict_keys(['example_complex']) retrieved from /home/airflow/.local/lib/python3.7/site-packages/airflow/example_dags/example_complex.py
[2022-01-17 20:03:28,886] {logging_mixin.py:109} INFO - [2022-01-17 20:03:28,886] {dag.py:2396} INFO - Sync 1 DAGs
[2022-01-17 20:03:28,907] {logging_mixin.py:109} INFO - [2022-01-17 20:03:28,907] {dag.py:2928} INFO - Setting next_dagrun for example_complex to None
[2022-01-17 20:03:28,923] {processor.py:171} INFO - Processing /home/airflow/.local/lib/python3.7/site-packages/airflow/example_dags/example_complex.py took 0.133 seconds
[2022-01-17 20:03:59,530] {processor.py:163} INFO - Started process (PID=4297) to work on /home/airflow/.local/lib/python3.7/site-packages/airflow/example_dags/example_complex.py
[2022-01-17 20:03:59,535] {processor.py:625} INFO - Processing file /home/airflow/.local/lib/python3.7/site-packages/airflow/example_dags/example_complex.py for tasks to queue
[2022-01-17 20:03:59,537] {logging_mixin.py:109} INFO - [2022-01-17 20:03:59,537] {dagbag.py:500} INFO - Filling up the DagBag from /home/airflow/.local/lib/python3.7/site-packages/airflow/example_dags/example_complex.py
[2022-01-17 20:03:59,658] {processor.py:637} INFO - DAG(s) dict_keys(['example_complex']) retrieved from /home/airflow/.local/lib/python3.7/site-packages/airflow/example_dags/example_complex.py
[2022-01-17 20:03:59,725] {logging_mixin.py:109} INFO - [2022-01-17 20:03:59,725] {dag.py:2396} INFO - Sync 1 DAGs
[2022-01-17 20:03:59,805] {logging_mixin.py:109} INFO - [2022-01-17 20:03:59,804] {dag.py:2928} INFO - Setting next_dagrun for example_complex to None
[2022-01-17 20:03:59,843] {processor.py:171} INFO - Processing /home/airflow/.local/lib/python3.7/site-packages/airflow/example_dags/example_complex.py took 0.325 seconds
[2022-01-17 20:04:30,233] {processor.py:163} INFO - Started process (PID=4361) to work on /home/airflow/.local/lib/python3.7/site-packages/airflow/example_dags/example_complex.py
[2022-01-17 20:04:30,236] {processor.py:625} INFO - Processing file /home/airflow/.local/lib/python3.7/site-packages/airflow/example_dags/example_complex.py for tasks to queue
[2022-01-17 20:04:30,237] {logging_mixin.py:109} INFO - [2022-01-17 20:04:30,237] {dagbag.py:500} INFO - Filling up the DagBag from /home/airflow/.local/lib/python3.7/site-packages/airflow/example_dags/example_complex.py
[2022-01-17 20:04:30,300] {processor.py:637} INFO - DAG(s) dict_keys(['example_complex']) retrieved from /home/airflow/.local/lib/python3.7/site-packages/airflow/example_dags/example_complex.py
[2022-01-17 20:04:30,330] {logging_mixin.py:109} INFO - [2022-01-17 20:04:30,329] {dag.py:2396} INFO - Sync 1 DAGs
[2022-01-17 20:04:30,353] {logging_mixin.py:109} INFO - [2022-01-17 20:04:30,353] {dag.py:2928} INFO - Setting next_dagrun for example_complex to None
[2022-01-17 20:04:30,371] {processor.py:171} INFO - Processing /home/airflow/.local/lib/python3.7/site-packages/airflow/example_dags/example_complex.py took 0.144 seconds
[2022-01-17 20:05:00,855] {processor.py:163} INFO - Started process (PID=4422) to work on /home/airflow/.local/lib/python3.7/site-packages/airflow/example_dags/example_complex.py
[2022-01-17 20:05:00,859] {processor.py:625} INFO - Processing file /home/airflow/.local/lib/python3.7/site-packages/airflow/example_dags/example_complex.py for tasks to queue
[2022-01-17 20:05:00,862] {logging_mixin.py:109} INFO - [2022-01-17 20:05:00,862] {dagbag.py:500} INFO - Filling up the DagBag from /home/airflow/.local/lib/python3.7/site-packages/airflow/example_dags/example_complex.py
[2022-01-17 20:05:00,987] {processor.py:637} INFO - DAG(s) dict_keys(['example_complex']) retrieved from /home/airflow/.local/lib/python3.7/site-packages/airflow/example_dags/example_complex.py
[2022-01-17 20:05:01,057] {logging_mixin.py:109} INFO - [2022-01-17 20:05:01,057] {dag.py:2396} INFO - Sync 1 DAGs
[2022-01-17 20:05:01,111] {logging_mixin.py:109} INFO - [2022-01-17 20:05:01,111] {dag.py:2928} INFO - Setting next_dagrun for example_complex to None
[2022-01-17 20:05:01,144] {processor.py:171} INFO - Processing /home/airflow/.local/lib/python3.7/site-packages/airflow/example_dags/example_complex.py took 0.301 seconds
[2022-01-17 20:05:31,760] {processor.py:163} INFO - Started process (PID=4483) to work on /home/airflow/.local/lib/python3.7/site-packages/airflow/example_dags/example_complex.py
[2022-01-17 20:05:31,764] {processor.py:625} INFO - Processing file /home/airflow/.local/lib/python3.7/site-packages/airflow/example_dags/example_complex.py for tasks to queue
[2022-01-17 20:05:31,766] {logging_mixin.py:109} INFO - [2022-01-17 20:05:31,766] {dagbag.py:500} INFO - Filling up the DagBag from /home/airflow/.local/lib/python3.7/site-packages/airflow/example_dags/example_complex.py
[2022-01-17 20:05:31,901] {processor.py:637} INFO - DAG(s) dict_keys(['example_complex']) retrieved from /home/airflow/.local/lib/python3.7/site-packages/airflow/example_dags/example_complex.py
[2022-01-17 20:05:31,958] {logging_mixin.py:109} INFO - [2022-01-17 20:05:31,957] {dag.py:2396} INFO - Sync 1 DAGs
[2022-01-17 20:05:31,999] {logging_mixin.py:109} INFO - [2022-01-17 20:05:31,999] {dag.py:2928} INFO - Setting next_dagrun for example_complex to None
[2022-01-17 20:05:32,026] {processor.py:171} INFO - Processing /home/airflow/.local/lib/python3.7/site-packages/airflow/example_dags/example_complex.py took 0.277 seconds
[2022-01-17 20:06:02,792] {processor.py:163} INFO - Started process (PID=4554) to work on /home/airflow/.local/lib/python3.7/site-packages/airflow/example_dags/example_complex.py
[2022-01-17 20:06:02,794] {processor.py:625} INFO - Processing file /home/airflow/.local/lib/python3.7/site-packages/airflow/example_dags/example_complex.py for tasks to queue
[2022-01-17 20:06:02,795] {logging_mixin.py:109} INFO - [2022-01-17 20:06:02,795] {dagbag.py:500} INFO - Filling up the DagBag from /home/airflow/.local/lib/python3.7/site-packages/airflow/example_dags/example_complex.py
[2022-01-17 20:06:02,861] {processor.py:637} INFO - DAG(s) dict_keys(['example_complex']) retrieved from /home/airflow/.local/lib/python3.7/site-packages/airflow/example_dags/example_complex.py
[2022-01-17 20:06:02,900] {logging_mixin.py:109} INFO - [2022-01-17 20:06:02,900] {dag.py:2396} INFO - Sync 1 DAGs
[2022-01-17 20:06:02,936] {logging_mixin.py:109} INFO - [2022-01-17 20:06:02,936] {dag.py:2928} INFO - Setting next_dagrun for example_complex to None
[2022-01-17 20:06:02,958] {processor.py:171} INFO - Processing /home/airflow/.local/lib/python3.7/site-packages/airflow/example_dags/example_complex.py took 0.171 seconds
[2022-01-17 20:06:33,022] {processor.py:163} INFO - Started process (PID=4615) to work on /home/airflow/.local/lib/python3.7/site-packages/airflow/example_dags/example_complex.py
[2022-01-17 20:06:33,024] {processor.py:625} INFO - Processing file /home/airflow/.local/lib/python3.7/site-packages/airflow/example_dags/example_complex.py for tasks to queue
[2022-01-17 20:06:33,025] {logging_mixin.py:109} INFO - [2022-01-17 20:06:33,024] {dagbag.py:500} INFO - Filling up the DagBag from /home/airflow/.local/lib/python3.7/site-packages/airflow/example_dags/example_complex.py
[2022-01-17 20:06:33,069] {processor.py:637} INFO - DAG(s) dict_keys(['example_complex']) retrieved from /home/airflow/.local/lib/python3.7/site-packages/airflow/example_dags/example_complex.py
[2022-01-17 20:06:33,091] {logging_mixin.py:109} INFO - [2022-01-17 20:06:33,091] {dag.py:2396} INFO - Sync 1 DAGs
[2022-01-17 20:06:33,113] {logging_mixin.py:109} INFO - [2022-01-17 20:06:33,113] {dag.py:2928} INFO - Setting next_dagrun for example_complex to None
[2022-01-17 20:06:33,130] {processor.py:171} INFO - Processing /home/airflow/.local/lib/python3.7/site-packages/airflow/example_dags/example_complex.py took 0.114 seconds
[2022-01-17 20:07:03,569] {processor.py:163} INFO - Started process (PID=4675) to work on /home/airflow/.local/lib/python3.7/site-packages/airflow/example_dags/example_complex.py
[2022-01-17 20:07:03,570] {processor.py:625} INFO - Processing file /home/airflow/.local/lib/python3.7/site-packages/airflow/example_dags/example_complex.py for tasks to queue
[2022-01-17 20:07:03,571] {logging_mixin.py:109} INFO - [2022-01-17 20:07:03,571] {dagbag.py:500} INFO - Filling up the DagBag from /home/airflow/.local/lib/python3.7/site-packages/airflow/example_dags/example_complex.py
[2022-01-17 20:07:03,618] {processor.py:637} INFO - DAG(s) dict_keys(['example_complex']) retrieved from /home/airflow/.local/lib/python3.7/site-packages/airflow/example_dags/example_complex.py
[2022-01-17 20:07:03,641] {logging_mixin.py:109} INFO - [2022-01-17 20:07:03,641] {dag.py:2396} INFO - Sync 1 DAGs
[2022-01-17 20:07:03,664] {logging_mixin.py:109} INFO - [2022-01-17 20:07:03,663] {dag.py:2928} INFO - Setting next_dagrun for example_complex to None
[2022-01-17 20:07:03,678] {processor.py:171} INFO - Processing /home/airflow/.local/lib/python3.7/site-packages/airflow/example_dags/example_complex.py took 0.113 seconds
[2022-01-17 20:07:34,323] {processor.py:163} INFO - Started process (PID=4737) to work on /home/airflow/.local/lib/python3.7/site-packages/airflow/example_dags/example_complex.py
[2022-01-17 20:07:34,327] {processor.py:625} INFO - Processing file /home/airflow/.local/lib/python3.7/site-packages/airflow/example_dags/example_complex.py for tasks to queue
[2022-01-17 20:07:34,330] {logging_mixin.py:109} INFO - [2022-01-17 20:07:34,330] {dagbag.py:500} INFO - Filling up the DagBag from /home/airflow/.local/lib/python3.7/site-packages/airflow/example_dags/example_complex.py
[2022-01-17 20:07:34,402] {processor.py:637} INFO - DAG(s) dict_keys(['example_complex']) retrieved from /home/airflow/.local/lib/python3.7/site-packages/airflow/example_dags/example_complex.py
[2022-01-17 20:07:34,426] {logging_mixin.py:109} INFO - [2022-01-17 20:07:34,425] {dag.py:2396} INFO - Sync 1 DAGs
[2022-01-17 20:07:34,444] {logging_mixin.py:109} INFO - [2022-01-17 20:07:34,444] {dag.py:2928} INFO - Setting next_dagrun for example_complex to None
[2022-01-17 20:07:34,458] {processor.py:171} INFO - Processing /home/airflow/.local/lib/python3.7/site-packages/airflow/example_dags/example_complex.py took 0.144 seconds
[2022-01-17 20:08:05,110] {processor.py:163} INFO - Started process (PID=4799) to work on /home/airflow/.local/lib/python3.7/site-packages/airflow/example_dags/example_complex.py
[2022-01-17 20:08:05,111] {processor.py:625} INFO - Processing file /home/airflow/.local/lib/python3.7/site-packages/airflow/example_dags/example_complex.py for tasks to queue
[2022-01-17 20:08:05,112] {logging_mixin.py:109} INFO - [2022-01-17 20:08:05,112] {dagbag.py:500} INFO - Filling up the DagBag from /home/airflow/.local/lib/python3.7/site-packages/airflow/example_dags/example_complex.py
[2022-01-17 20:08:05,172] {processor.py:637} INFO - DAG(s) dict_keys(['example_complex']) retrieved from /home/airflow/.local/lib/python3.7/site-packages/airflow/example_dags/example_complex.py
[2022-01-17 20:08:05,197] {logging_mixin.py:109} INFO - [2022-01-17 20:08:05,197] {dag.py:2396} INFO - Sync 1 DAGs
[2022-01-17 20:08:05,219] {logging_mixin.py:109} INFO - [2022-01-17 20:08:05,219] {dag.py:2928} INFO - Setting next_dagrun for example_complex to None
[2022-01-17 20:08:05,231] {processor.py:171} INFO - Processing /home/airflow/.local/lib/python3.7/site-packages/airflow/example_dags/example_complex.py took 0.126 seconds
[2022-01-17 20:08:35,347] {processor.py:163} INFO - Started process (PID=4869) to work on /home/airflow/.local/lib/python3.7/site-packages/airflow/example_dags/example_complex.py
[2022-01-17 20:08:35,350] {processor.py:625} INFO - Processing file /home/airflow/.local/lib/python3.7/site-packages/airflow/example_dags/example_complex.py for tasks to queue
[2022-01-17 20:08:35,351] {logging_mixin.py:109} INFO - [2022-01-17 20:08:35,351] {dagbag.py:500} INFO - Filling up the DagBag from /home/airflow/.local/lib/python3.7/site-packages/airflow/example_dags/example_complex.py
[2022-01-17 20:08:35,412] {processor.py:637} INFO - DAG(s) dict_keys(['example_complex']) retrieved from /home/airflow/.local/lib/python3.7/site-packages/airflow/example_dags/example_complex.py
[2022-01-17 20:08:35,436] {logging_mixin.py:109} INFO - [2022-01-17 20:08:35,436] {dag.py:2396} INFO - Sync 1 DAGs
[2022-01-17 20:08:35,463] {logging_mixin.py:109} INFO - [2022-01-17 20:08:35,463] {dag.py:2928} INFO - Setting next_dagrun for example_complex to None
[2022-01-17 20:08:35,479] {processor.py:171} INFO - Processing /home/airflow/.local/lib/python3.7/site-packages/airflow/example_dags/example_complex.py took 0.141 seconds
[2022-01-17 20:09:05,823] {processor.py:163} INFO - Started process (PID=4930) to work on /home/airflow/.local/lib/python3.7/site-packages/airflow/example_dags/example_complex.py
[2022-01-17 20:09:05,826] {processor.py:625} INFO - Processing file /home/airflow/.local/lib/python3.7/site-packages/airflow/example_dags/example_complex.py for tasks to queue
[2022-01-17 20:09:05,827] {logging_mixin.py:109} INFO - [2022-01-17 20:09:05,827] {dagbag.py:500} INFO - Filling up the DagBag from /home/airflow/.local/lib/python3.7/site-packages/airflow/example_dags/example_complex.py
[2022-01-17 20:09:05,891] {processor.py:637} INFO - DAG(s) dict_keys(['example_complex']) retrieved from /home/airflow/.local/lib/python3.7/site-packages/airflow/example_dags/example_complex.py
[2022-01-17 20:09:05,920] {logging_mixin.py:109} INFO - [2022-01-17 20:09:05,920] {dag.py:2396} INFO - Sync 1 DAGs
[2022-01-17 20:09:05,944] {logging_mixin.py:109} INFO - [2022-01-17 20:09:05,944] {dag.py:2928} INFO - Setting next_dagrun for example_complex to None
[2022-01-17 20:09:05,960] {processor.py:171} INFO - Processing /home/airflow/.local/lib/python3.7/site-packages/airflow/example_dags/example_complex.py took 0.142 seconds
[2022-01-17 20:09:36,521] {processor.py:163} INFO - Started process (PID=4993) to work on /home/airflow/.local/lib/python3.7/site-packages/airflow/example_dags/example_complex.py
[2022-01-17 20:09:36,523] {processor.py:625} INFO - Processing file /home/airflow/.local/lib/python3.7/site-packages/airflow/example_dags/example_complex.py for tasks to queue
[2022-01-17 20:09:36,524] {logging_mixin.py:109} INFO - [2022-01-17 20:09:36,524] {dagbag.py:500} INFO - Filling up the DagBag from /home/airflow/.local/lib/python3.7/site-packages/airflow/example_dags/example_complex.py
[2022-01-17 20:09:36,565] {processor.py:637} INFO - DAG(s) dict_keys(['example_complex']) retrieved from /home/airflow/.local/lib/python3.7/site-packages/airflow/example_dags/example_complex.py
[2022-01-17 20:09:36,587] {logging_mixin.py:109} INFO - [2022-01-17 20:09:36,586] {dag.py:2396} INFO - Sync 1 DAGs
[2022-01-17 20:09:36,609] {logging_mixin.py:109} INFO - [2022-01-17 20:09:36,609] {dag.py:2928} INFO - Setting next_dagrun for example_complex to None
[2022-01-17 20:09:36,626] {processor.py:171} INFO - Processing /home/airflow/.local/lib/python3.7/site-packages/airflow/example_dags/example_complex.py took 0.112 seconds
[2022-01-17 20:10:07,292] {processor.py:163} INFO - Started process (PID=5054) to work on /home/airflow/.local/lib/python3.7/site-packages/airflow/example_dags/example_complex.py
[2022-01-17 20:10:07,294] {processor.py:625} INFO - Processing file /home/airflow/.local/lib/python3.7/site-packages/airflow/example_dags/example_complex.py for tasks to queue
[2022-01-17 20:10:07,295] {logging_mixin.py:109} INFO - [2022-01-17 20:10:07,295] {dagbag.py:500} INFO - Filling up the DagBag from /home/airflow/.local/lib/python3.7/site-packages/airflow/example_dags/example_complex.py
[2022-01-17 20:10:07,342] {processor.py:637} INFO - DAG(s) dict_keys(['example_complex']) retrieved from /home/airflow/.local/lib/python3.7/site-packages/airflow/example_dags/example_complex.py
[2022-01-17 20:10:07,366] {logging_mixin.py:109} INFO - [2022-01-17 20:10:07,365] {dag.py:2396} INFO - Sync 1 DAGs
[2022-01-17 20:10:07,390] {logging_mixin.py:109} INFO - [2022-01-17 20:10:07,390] {dag.py:2928} INFO - Setting next_dagrun for example_complex to None
[2022-01-17 20:10:07,403] {processor.py:171} INFO - Processing /home/airflow/.local/lib/python3.7/site-packages/airflow/example_dags/example_complex.py took 0.115 seconds
[2022-01-17 20:10:37,451] {processor.py:163} INFO - Started process (PID=5115) to work on /home/airflow/.local/lib/python3.7/site-packages/airflow/example_dags/example_complex.py
[2022-01-17 20:10:37,453] {processor.py:625} INFO - Processing file /home/airflow/.local/lib/python3.7/site-packages/airflow/example_dags/example_complex.py for tasks to queue
[2022-01-17 20:10:37,454] {logging_mixin.py:109} INFO - [2022-01-17 20:10:37,454] {dagbag.py:500} INFO - Filling up the DagBag from /home/airflow/.local/lib/python3.7/site-packages/airflow/example_dags/example_complex.py
[2022-01-17 20:10:37,497] {processor.py:637} INFO - DAG(s) dict_keys(['example_complex']) retrieved from /home/airflow/.local/lib/python3.7/site-packages/airflow/example_dags/example_complex.py
[2022-01-17 20:10:37,519] {logging_mixin.py:109} INFO - [2022-01-17 20:10:37,519] {dag.py:2396} INFO - Sync 1 DAGs
[2022-01-17 20:10:37,538] {logging_mixin.py:109} INFO - [2022-01-17 20:10:37,538] {dag.py:2928} INFO - Setting next_dagrun for example_complex to None
[2022-01-17 20:10:37,550] {processor.py:171} INFO - Processing /home/airflow/.local/lib/python3.7/site-packages/airflow/example_dags/example_complex.py took 0.102 seconds
