[2021-12-17 12:32:35,463] {taskinstance.py:1035} INFO - Dependencies all met for <TaskInstance: cpp_workflow.merge_process scheduled__2021-12-15T00:00:00+00:00 [queued]>
[2021-12-17 12:32:35,502] {taskinstance.py:1035} INFO - Dependencies all met for <TaskInstance: cpp_workflow.merge_process scheduled__2021-12-15T00:00:00+00:00 [queued]>
[2021-12-17 12:32:35,503] {taskinstance.py:1241} INFO - 
--------------------------------------------------------------------------------
[2021-12-17 12:32:35,503] {taskinstance.py:1242} INFO - Starting attempt 1 of 1
[2021-12-17 12:32:35,504] {taskinstance.py:1243} INFO - 
--------------------------------------------------------------------------------
[2021-12-17 12:32:35,568] {taskinstance.py:1262} INFO - Executing <Task(PythonOperator): merge_process> on 2021-12-15 00:00:00+00:00
[2021-12-17 12:32:35,606] {standard_task_runner.py:52} INFO - Started process 193 to run task
[2021-12-17 12:32:35,626] {standard_task_runner.py:76} INFO - Running: ['***', 'tasks', 'run', 'cpp_workflow', 'merge_process', 'scheduled__2021-12-15T00:00:00+00:00', '--job-id', '1422', '--raw', '--subdir', 'DAGS_FOLDER/first_dag.py', '--cfg-path', '/tmp/tmpq_i3q4p5', '--error-file', '/tmp/tmpjk8keorp']
[2021-12-17 12:32:35,627] {standard_task_runner.py:77} INFO - Job 1422: Subtask merge_process
[2021-12-17 12:32:35,769] {logging_mixin.py:109} INFO - Running <TaskInstance: cpp_workflow.merge_process scheduled__2021-12-15T00:00:00+00:00 [running]> on host 218df5ddc363
[2021-12-17 12:32:35,984] {taskinstance.py:1429} INFO - Exporting the following env vars:
AIRFLOW_CTX_DAG_OWNER=***
AIRFLOW_CTX_DAG_ID=cpp_workflow
AIRFLOW_CTX_TASK_ID=merge_process
AIRFLOW_CTX_EXECUTION_DATE=2021-12-15T00:00:00+00:00
AIRFLOW_CTX_DAG_RUN_ID=scheduled__2021-12-15T00:00:00+00:00
[2021-12-17 12:32:36,488] {python.py:152} INFO - Done. Returned value was: None
[2021-12-17 12:32:36,589] {taskinstance.py:1280} INFO - Marking task as SUCCESS. dag_id=cpp_workflow, task_id=merge_process, execution_date=20211215T000000, start_date=20211217T123235, end_date=20211217T123236
[2021-12-17 12:32:36,662] {local_task_job.py:154} INFO - Task exited with return code 0
[2021-12-17 12:32:36,759] {local_task_job.py:264} INFO - 1 downstream tasks scheduled from follow-on schedule check
