[2021-12-30 00:00:45,522] {taskinstance.py:1035} INFO - Dependencies all met for <TaskInstance: cpp_workflow.delete_working_files scheduled__2021-12-29T00:00:00+00:00 [queued]>
[2021-12-30 00:00:45,537] {taskinstance.py:1035} INFO - Dependencies all met for <TaskInstance: cpp_workflow.delete_working_files scheduled__2021-12-29T00:00:00+00:00 [queued]>
[2021-12-30 00:00:45,538] {taskinstance.py:1241} INFO - 
--------------------------------------------------------------------------------
[2021-12-30 00:00:45,538] {taskinstance.py:1242} INFO - Starting attempt 1 of 1
[2021-12-30 00:00:45,539] {taskinstance.py:1243} INFO - 
--------------------------------------------------------------------------------
[2021-12-30 00:00:45,558] {taskinstance.py:1262} INFO - Executing <Task(PythonOperator): delete_working_files> on 2021-12-29 00:00:00+00:00
[2021-12-30 00:00:45,563] {standard_task_runner.py:52} INFO - Started process 16095 to run task
[2021-12-30 00:00:45,568] {standard_task_runner.py:76} INFO - Running: ['***', 'tasks', 'run', 'cpp_workflow', 'delete_working_files', 'scheduled__2021-12-29T00:00:00+00:00', '--job-id', '1773', '--raw', '--subdir', 'DAGS_FOLDER/first_dag.py', '--cfg-path', '/tmp/tmpgpiu_b3o', '--error-file', '/tmp/tmp229rlrlf']
[2021-12-30 00:00:45,569] {standard_task_runner.py:77} INFO - Job 1773: Subtask delete_working_files
[2021-12-30 00:00:45,643] {logging_mixin.py:109} INFO - Running <TaskInstance: cpp_workflow.delete_working_files scheduled__2021-12-29T00:00:00+00:00 [running]> on host 218df5ddc363
[2021-12-30 00:00:45,712] {taskinstance.py:1429} INFO - Exporting the following env vars:
AIRFLOW_CTX_DAG_OWNER=***
AIRFLOW_CTX_DAG_ID=cpp_workflow
AIRFLOW_CTX_TASK_ID=delete_working_files
AIRFLOW_CTX_EXECUTION_DATE=2021-12-29T00:00:00+00:00
AIRFLOW_CTX_DAG_RUN_ID=scheduled__2021-12-29T00:00:00+00:00
[2021-12-30 00:00:45,719] {python.py:152} INFO - Done. Returned value was: None
[2021-12-30 00:00:45,739] {taskinstance.py:1280} INFO - Marking task as SUCCESS. dag_id=cpp_workflow, task_id=delete_working_files, execution_date=20211229T000000, start_date=20211230T000045, end_date=20211230T000045
[2021-12-30 00:00:45,782] {local_task_job.py:154} INFO - Task exited with return code 0
[2021-12-30 00:00:45,836] {local_task_job.py:264} INFO - 0 downstream tasks scheduled from follow-on schedule check
