[2022-01-22 12:58:18,199] {processor.py:163} INFO - Started process (PID=82) to work on /home/airflow/.local/lib/python3.7/site-packages/airflow/example_dags/example_task_group_decorator.py
[2022-01-22 12:58:18,203] {processor.py:625} INFO - Processing file /home/airflow/.local/lib/python3.7/site-packages/airflow/example_dags/example_task_group_decorator.py for tasks to queue
[2022-01-22 12:58:18,205] {logging_mixin.py:109} INFO - [2022-01-22 12:58:18,205] {dagbag.py:500} INFO - Filling up the DagBag from /home/airflow/.local/lib/python3.7/site-packages/airflow/example_dags/example_task_group_decorator.py
[2022-01-22 12:58:18,311] {processor.py:637} INFO - DAG(s) dict_keys(['example_task_group_decorator']) retrieved from /home/airflow/.local/lib/python3.7/site-packages/airflow/example_dags/example_task_group_decorator.py
[2022-01-22 12:58:19,961] {logging_mixin.py:109} INFO - [2022-01-22 12:58:19,961] {dag.py:2396} INFO - Sync 1 DAGs
[2022-01-22 12:58:20,112] {logging_mixin.py:109} INFO - [2022-01-22 12:58:20,112] {dag.py:2928} INFO - Setting next_dagrun for example_task_group_decorator to 2022-01-21T12:58:20.112211+00:00
[2022-01-22 12:58:20,269] {processor.py:171} INFO - Processing /home/airflow/.local/lib/python3.7/site-packages/airflow/example_dags/example_task_group_decorator.py took 2.077 seconds
[2022-01-22 12:59:04,389] {processor.py:163} INFO - Started process (PID=173) to work on /home/airflow/.local/lib/python3.7/site-packages/airflow/example_dags/example_task_group_decorator.py
[2022-01-22 12:59:04,400] {processor.py:625} INFO - Processing file /home/airflow/.local/lib/python3.7/site-packages/airflow/example_dags/example_task_group_decorator.py for tasks to queue
[2022-01-22 12:59:04,409] {logging_mixin.py:109} INFO - [2022-01-22 12:59:04,409] {dagbag.py:500} INFO - Filling up the DagBag from /home/airflow/.local/lib/python3.7/site-packages/airflow/example_dags/example_task_group_decorator.py
[2022-01-22 12:59:04,911] {processor.py:637} INFO - DAG(s) dict_keys(['example_task_group_decorator']) retrieved from /home/airflow/.local/lib/python3.7/site-packages/airflow/example_dags/example_task_group_decorator.py
[2022-01-22 12:59:06,990] {logging_mixin.py:109} INFO - [2022-01-22 12:59:06,989] {dag.py:2396} INFO - Sync 1 DAGs
[2022-01-22 12:59:07,072] {logging_mixin.py:109} INFO - [2022-01-22 12:59:07,072] {dag.py:2928} INFO - Setting next_dagrun for example_task_group_decorator to 2022-01-21T12:59:07.071829+00:00
[2022-01-22 12:59:07,205] {processor.py:171} INFO - Processing /home/airflow/.local/lib/python3.7/site-packages/airflow/example_dags/example_task_group_decorator.py took 2.830 seconds
[2022-01-22 12:59:38,209] {processor.py:163} INFO - Started process (PID=255) to work on /home/airflow/.local/lib/python3.7/site-packages/airflow/example_dags/example_task_group_decorator.py
[2022-01-22 12:59:38,213] {processor.py:625} INFO - Processing file /home/airflow/.local/lib/python3.7/site-packages/airflow/example_dags/example_task_group_decorator.py for tasks to queue
[2022-01-22 12:59:38,215] {logging_mixin.py:109} INFO - [2022-01-22 12:59:38,215] {dagbag.py:500} INFO - Filling up the DagBag from /home/airflow/.local/lib/python3.7/site-packages/airflow/example_dags/example_task_group_decorator.py
[2022-01-22 12:59:38,289] {processor.py:637} INFO - DAG(s) dict_keys(['example_task_group_decorator']) retrieved from /home/airflow/.local/lib/python3.7/site-packages/airflow/example_dags/example_task_group_decorator.py
[2022-01-22 12:59:38,843] {logging_mixin.py:109} INFO - [2022-01-22 12:59:38,843] {dag.py:2396} INFO - Sync 1 DAGs
[2022-01-22 12:59:38,863] {logging_mixin.py:109} INFO - [2022-01-22 12:59:38,863] {dag.py:2928} INFO - Setting next_dagrun for example_task_group_decorator to 2022-01-21T12:59:38.862924+00:00
[2022-01-22 12:59:38,878] {processor.py:171} INFO - Processing /home/airflow/.local/lib/python3.7/site-packages/airflow/example_dags/example_task_group_decorator.py took 0.676 seconds
[2022-01-22 13:00:09,063] {processor.py:163} INFO - Started process (PID=318) to work on /home/airflow/.local/lib/python3.7/site-packages/airflow/example_dags/example_task_group_decorator.py
[2022-01-22 13:00:09,068] {processor.py:625} INFO - Processing file /home/airflow/.local/lib/python3.7/site-packages/airflow/example_dags/example_task_group_decorator.py for tasks to queue
[2022-01-22 13:00:09,070] {logging_mixin.py:109} INFO - [2022-01-22 13:00:09,070] {dagbag.py:500} INFO - Filling up the DagBag from /home/airflow/.local/lib/python3.7/site-packages/airflow/example_dags/example_task_group_decorator.py
[2022-01-22 13:00:09,166] {processor.py:637} INFO - DAG(s) dict_keys(['example_task_group_decorator']) retrieved from /home/airflow/.local/lib/python3.7/site-packages/airflow/example_dags/example_task_group_decorator.py
[2022-01-22 13:00:09,662] {logging_mixin.py:109} INFO - [2022-01-22 13:00:09,662] {dag.py:2396} INFO - Sync 1 DAGs
[2022-01-22 13:00:09,701] {logging_mixin.py:109} INFO - [2022-01-22 13:00:09,701] {dag.py:2928} INFO - Setting next_dagrun for example_task_group_decorator to 2022-01-21T13:00:09.700519+00:00
[2022-01-22 13:00:09,732] {processor.py:171} INFO - Processing /home/airflow/.local/lib/python3.7/site-packages/airflow/example_dags/example_task_group_decorator.py took 0.677 seconds
[2022-01-22 13:00:40,581] {processor.py:163} INFO - Started process (PID=379) to work on /home/airflow/.local/lib/python3.7/site-packages/airflow/example_dags/example_task_group_decorator.py
[2022-01-22 13:00:40,588] {processor.py:625} INFO - Processing file /home/airflow/.local/lib/python3.7/site-packages/airflow/example_dags/example_task_group_decorator.py for tasks to queue
[2022-01-22 13:00:40,590] {logging_mixin.py:109} INFO - [2022-01-22 13:00:40,590] {dagbag.py:500} INFO - Filling up the DagBag from /home/airflow/.local/lib/python3.7/site-packages/airflow/example_dags/example_task_group_decorator.py
[2022-01-22 13:00:40,735] {processor.py:637} INFO - DAG(s) dict_keys(['example_task_group_decorator']) retrieved from /home/airflow/.local/lib/python3.7/site-packages/airflow/example_dags/example_task_group_decorator.py
[2022-01-22 13:00:41,289] {logging_mixin.py:109} INFO - [2022-01-22 13:00:41,289] {dag.py:2396} INFO - Sync 1 DAGs
[2022-01-22 13:00:41,308] {logging_mixin.py:109} INFO - [2022-01-22 13:00:41,308] {dag.py:2928} INFO - Setting next_dagrun for example_task_group_decorator to 2022-01-21T13:00:41.308143+00:00
[2022-01-22 13:00:41,326] {processor.py:171} INFO - Processing /home/airflow/.local/lib/python3.7/site-packages/airflow/example_dags/example_task_group_decorator.py took 0.755 seconds
[2022-01-22 13:01:12,282] {processor.py:163} INFO - Started process (PID=441) to work on /home/airflow/.local/lib/python3.7/site-packages/airflow/example_dags/example_task_group_decorator.py
[2022-01-22 13:01:12,285] {processor.py:625} INFO - Processing file /home/airflow/.local/lib/python3.7/site-packages/airflow/example_dags/example_task_group_decorator.py for tasks to queue
[2022-01-22 13:01:12,286] {logging_mixin.py:109} INFO - [2022-01-22 13:01:12,286] {dagbag.py:500} INFO - Filling up the DagBag from /home/airflow/.local/lib/python3.7/site-packages/airflow/example_dags/example_task_group_decorator.py
[2022-01-22 13:01:12,380] {processor.py:637} INFO - DAG(s) dict_keys(['example_task_group_decorator']) retrieved from /home/airflow/.local/lib/python3.7/site-packages/airflow/example_dags/example_task_group_decorator.py
[2022-01-22 13:01:13,153] {logging_mixin.py:109} INFO - [2022-01-22 13:01:13,153] {dag.py:2396} INFO - Sync 1 DAGs
[2022-01-22 13:01:13,199] {logging_mixin.py:109} INFO - [2022-01-22 13:01:13,199] {dag.py:2928} INFO - Setting next_dagrun for example_task_group_decorator to 2022-01-21T13:01:13.198975+00:00
[2022-01-22 13:01:13,244] {processor.py:171} INFO - Processing /home/airflow/.local/lib/python3.7/site-packages/airflow/example_dags/example_task_group_decorator.py took 0.968 seconds
[2022-01-22 13:01:43,547] {processor.py:163} INFO - Started process (PID=503) to work on /home/airflow/.local/lib/python3.7/site-packages/airflow/example_dags/example_task_group_decorator.py
[2022-01-22 13:01:43,559] {processor.py:625} INFO - Processing file /home/airflow/.local/lib/python3.7/site-packages/airflow/example_dags/example_task_group_decorator.py for tasks to queue
[2022-01-22 13:01:43,566] {logging_mixin.py:109} INFO - [2022-01-22 13:01:43,566] {dagbag.py:500} INFO - Filling up the DagBag from /home/airflow/.local/lib/python3.7/site-packages/airflow/example_dags/example_task_group_decorator.py
[2022-01-22 13:01:43,675] {processor.py:637} INFO - DAG(s) dict_keys(['example_task_group_decorator']) retrieved from /home/airflow/.local/lib/python3.7/site-packages/airflow/example_dags/example_task_group_decorator.py
[2022-01-22 13:01:44,524] {logging_mixin.py:109} INFO - [2022-01-22 13:01:44,524] {dag.py:2396} INFO - Sync 1 DAGs
[2022-01-22 13:01:44,572] {logging_mixin.py:109} INFO - [2022-01-22 13:01:44,572] {dag.py:2928} INFO - Setting next_dagrun for example_task_group_decorator to 2022-01-21T13:01:44.568890+00:00
[2022-01-22 13:01:44,604] {processor.py:171} INFO - Processing /home/airflow/.local/lib/python3.7/site-packages/airflow/example_dags/example_task_group_decorator.py took 1.066 seconds
[2022-01-22 13:02:14,758] {processor.py:163} INFO - Started process (PID=563) to work on /home/airflow/.local/lib/python3.7/site-packages/airflow/example_dags/example_task_group_decorator.py
[2022-01-22 13:02:14,761] {processor.py:625} INFO - Processing file /home/airflow/.local/lib/python3.7/site-packages/airflow/example_dags/example_task_group_decorator.py for tasks to queue
[2022-01-22 13:02:14,762] {logging_mixin.py:109} INFO - [2022-01-22 13:02:14,762] {dagbag.py:500} INFO - Filling up the DagBag from /home/airflow/.local/lib/python3.7/site-packages/airflow/example_dags/example_task_group_decorator.py
[2022-01-22 13:02:14,861] {processor.py:637} INFO - DAG(s) dict_keys(['example_task_group_decorator']) retrieved from /home/airflow/.local/lib/python3.7/site-packages/airflow/example_dags/example_task_group_decorator.py
[2022-01-22 13:02:15,252] {logging_mixin.py:109} INFO - [2022-01-22 13:02:15,252] {dag.py:2396} INFO - Sync 1 DAGs
[2022-01-22 13:02:15,271] {logging_mixin.py:109} INFO - [2022-01-22 13:02:15,271] {dag.py:2928} INFO - Setting next_dagrun for example_task_group_decorator to 2022-01-21T13:02:15.270852+00:00
[2022-01-22 13:02:15,285] {processor.py:171} INFO - Processing /home/airflow/.local/lib/python3.7/site-packages/airflow/example_dags/example_task_group_decorator.py took 0.532 seconds
[2022-01-22 13:02:46,112] {processor.py:163} INFO - Started process (PID=623) to work on /home/airflow/.local/lib/python3.7/site-packages/airflow/example_dags/example_task_group_decorator.py
[2022-01-22 13:02:46,116] {processor.py:625} INFO - Processing file /home/airflow/.local/lib/python3.7/site-packages/airflow/example_dags/example_task_group_decorator.py for tasks to queue
[2022-01-22 13:02:46,118] {logging_mixin.py:109} INFO - [2022-01-22 13:02:46,118] {dagbag.py:500} INFO - Filling up the DagBag from /home/airflow/.local/lib/python3.7/site-packages/airflow/example_dags/example_task_group_decorator.py
[2022-01-22 13:02:46,220] {processor.py:637} INFO - DAG(s) dict_keys(['example_task_group_decorator']) retrieved from /home/airflow/.local/lib/python3.7/site-packages/airflow/example_dags/example_task_group_decorator.py
[2022-01-22 13:02:46,617] {logging_mixin.py:109} INFO - [2022-01-22 13:02:46,617] {dag.py:2396} INFO - Sync 1 DAGs
[2022-01-22 13:02:46,633] {logging_mixin.py:109} INFO - [2022-01-22 13:02:46,633] {dag.py:2928} INFO - Setting next_dagrun for example_task_group_decorator to 2022-01-21T13:02:46.633506+00:00
[2022-01-22 13:02:46,646] {processor.py:171} INFO - Processing /home/airflow/.local/lib/python3.7/site-packages/airflow/example_dags/example_task_group_decorator.py took 0.541 seconds
[2022-01-22 13:03:17,638] {processor.py:163} INFO - Started process (PID=686) to work on /home/airflow/.local/lib/python3.7/site-packages/airflow/example_dags/example_task_group_decorator.py
[2022-01-22 13:03:17,641] {processor.py:625} INFO - Processing file /home/airflow/.local/lib/python3.7/site-packages/airflow/example_dags/example_task_group_decorator.py for tasks to queue
[2022-01-22 13:03:17,643] {logging_mixin.py:109} INFO - [2022-01-22 13:03:17,643] {dagbag.py:500} INFO - Filling up the DagBag from /home/airflow/.local/lib/python3.7/site-packages/airflow/example_dags/example_task_group_decorator.py
[2022-01-22 13:03:17,719] {processor.py:637} INFO - DAG(s) dict_keys(['example_task_group_decorator']) retrieved from /home/airflow/.local/lib/python3.7/site-packages/airflow/example_dags/example_task_group_decorator.py
[2022-01-22 13:03:18,128] {logging_mixin.py:109} INFO - [2022-01-22 13:03:18,128] {dag.py:2396} INFO - Sync 1 DAGs
[2022-01-22 13:03:18,175] {logging_mixin.py:109} INFO - [2022-01-22 13:03:18,175] {dag.py:2928} INFO - Setting next_dagrun for example_task_group_decorator to 2022-01-21T13:03:18.174584+00:00
[2022-01-22 13:03:18,206] {processor.py:171} INFO - Processing /home/airflow/.local/lib/python3.7/site-packages/airflow/example_dags/example_task_group_decorator.py took 0.576 seconds
[2022-01-22 13:03:48,390] {processor.py:163} INFO - Started process (PID=747) to work on /home/airflow/.local/lib/python3.7/site-packages/airflow/example_dags/example_task_group_decorator.py
[2022-01-22 13:03:48,393] {processor.py:625} INFO - Processing file /home/airflow/.local/lib/python3.7/site-packages/airflow/example_dags/example_task_group_decorator.py for tasks to queue
[2022-01-22 13:03:48,395] {logging_mixin.py:109} INFO - [2022-01-22 13:03:48,395] {dagbag.py:500} INFO - Filling up the DagBag from /home/airflow/.local/lib/python3.7/site-packages/airflow/example_dags/example_task_group_decorator.py
[2022-01-22 13:03:48,460] {processor.py:637} INFO - DAG(s) dict_keys(['example_task_group_decorator']) retrieved from /home/airflow/.local/lib/python3.7/site-packages/airflow/example_dags/example_task_group_decorator.py
[2022-01-22 13:03:49,092] {logging_mixin.py:109} INFO - [2022-01-22 13:03:49,092] {dag.py:2396} INFO - Sync 1 DAGs
[2022-01-22 13:03:49,113] {logging_mixin.py:109} INFO - [2022-01-22 13:03:49,113] {dag.py:2928} INFO - Setting next_dagrun for example_task_group_decorator to 2022-01-21T13:03:49.113576+00:00
[2022-01-22 13:03:49,204] {processor.py:171} INFO - Processing /home/airflow/.local/lib/python3.7/site-packages/airflow/example_dags/example_task_group_decorator.py took 0.822 seconds
[2022-01-22 13:04:19,804] {processor.py:163} INFO - Started process (PID=817) to work on /home/airflow/.local/lib/python3.7/site-packages/airflow/example_dags/example_task_group_decorator.py
[2022-01-22 13:04:19,807] {processor.py:625} INFO - Processing file /home/airflow/.local/lib/python3.7/site-packages/airflow/example_dags/example_task_group_decorator.py for tasks to queue
[2022-01-22 13:04:19,809] {logging_mixin.py:109} INFO - [2022-01-22 13:04:19,809] {dagbag.py:500} INFO - Filling up the DagBag from /home/airflow/.local/lib/python3.7/site-packages/airflow/example_dags/example_task_group_decorator.py
[2022-01-22 13:04:19,883] {processor.py:637} INFO - DAG(s) dict_keys(['example_task_group_decorator']) retrieved from /home/airflow/.local/lib/python3.7/site-packages/airflow/example_dags/example_task_group_decorator.py
[2022-01-22 13:04:20,344] {logging_mixin.py:109} INFO - [2022-01-22 13:04:20,344] {dag.py:2396} INFO - Sync 1 DAGs
[2022-01-22 13:04:20,375] {logging_mixin.py:109} INFO - [2022-01-22 13:04:20,375] {dag.py:2928} INFO - Setting next_dagrun for example_task_group_decorator to 2022-01-21T13:04:20.374668+00:00
[2022-01-22 13:04:20,397] {processor.py:171} INFO - Processing /home/airflow/.local/lib/python3.7/site-packages/airflow/example_dags/example_task_group_decorator.py took 0.601 seconds
[2022-01-22 13:04:50,588] {processor.py:163} INFO - Started process (PID=877) to work on /home/airflow/.local/lib/python3.7/site-packages/airflow/example_dags/example_task_group_decorator.py
[2022-01-22 13:04:50,590] {processor.py:625} INFO - Processing file /home/airflow/.local/lib/python3.7/site-packages/airflow/example_dags/example_task_group_decorator.py for tasks to queue
[2022-01-22 13:04:50,591] {logging_mixin.py:109} INFO - [2022-01-22 13:04:50,591] {dagbag.py:500} INFO - Filling up the DagBag from /home/airflow/.local/lib/python3.7/site-packages/airflow/example_dags/example_task_group_decorator.py
[2022-01-22 13:04:50,654] {processor.py:637} INFO - DAG(s) dict_keys(['example_task_group_decorator']) retrieved from /home/airflow/.local/lib/python3.7/site-packages/airflow/example_dags/example_task_group_decorator.py
[2022-01-22 13:04:51,211] {logging_mixin.py:109} INFO - [2022-01-22 13:04:51,211] {dag.py:2396} INFO - Sync 1 DAGs
[2022-01-22 13:04:51,244] {logging_mixin.py:109} INFO - [2022-01-22 13:04:51,244] {dag.py:2928} INFO - Setting next_dagrun for example_task_group_decorator to 2022-01-21T13:04:51.243580+00:00
[2022-01-22 13:04:51,274] {processor.py:171} INFO - Processing /home/airflow/.local/lib/python3.7/site-packages/airflow/example_dags/example_task_group_decorator.py took 0.692 seconds
[2022-01-22 13:05:21,739] {processor.py:163} INFO - Started process (PID=937) to work on /home/airflow/.local/lib/python3.7/site-packages/airflow/example_dags/example_task_group_decorator.py
[2022-01-22 13:05:21,744] {processor.py:625} INFO - Processing file /home/airflow/.local/lib/python3.7/site-packages/airflow/example_dags/example_task_group_decorator.py for tasks to queue
[2022-01-22 13:05:21,747] {logging_mixin.py:109} INFO - [2022-01-22 13:05:21,747] {dagbag.py:500} INFO - Filling up the DagBag from /home/airflow/.local/lib/python3.7/site-packages/airflow/example_dags/example_task_group_decorator.py
[2022-01-22 13:05:21,886] {processor.py:637} INFO - DAG(s) dict_keys(['example_task_group_decorator']) retrieved from /home/airflow/.local/lib/python3.7/site-packages/airflow/example_dags/example_task_group_decorator.py
[2022-01-22 13:05:22,570] {logging_mixin.py:109} INFO - [2022-01-22 13:05:22,570] {dag.py:2396} INFO - Sync 1 DAGs
[2022-01-22 13:05:22,618] {logging_mixin.py:109} INFO - [2022-01-22 13:05:22,618] {dag.py:2928} INFO - Setting next_dagrun for example_task_group_decorator to 2022-01-21T13:05:22.617927+00:00
[2022-01-22 13:05:22,656] {processor.py:171} INFO - Processing /home/airflow/.local/lib/python3.7/site-packages/airflow/example_dags/example_task_group_decorator.py took 0.929 seconds
[2022-01-22 13:05:53,927] {processor.py:163} INFO - Started process (PID=1000) to work on /home/airflow/.local/lib/python3.7/site-packages/airflow/example_dags/example_task_group_decorator.py
[2022-01-22 13:05:53,933] {processor.py:625} INFO - Processing file /home/airflow/.local/lib/python3.7/site-packages/airflow/example_dags/example_task_group_decorator.py for tasks to queue
[2022-01-22 13:05:53,935] {logging_mixin.py:109} INFO - [2022-01-22 13:05:53,934] {dagbag.py:500} INFO - Filling up the DagBag from /home/airflow/.local/lib/python3.7/site-packages/airflow/example_dags/example_task_group_decorator.py
[2022-01-22 13:05:54,048] {processor.py:637} INFO - DAG(s) dict_keys(['example_task_group_decorator']) retrieved from /home/airflow/.local/lib/python3.7/site-packages/airflow/example_dags/example_task_group_decorator.py
[2022-01-22 13:05:54,760] {logging_mixin.py:109} INFO - [2022-01-22 13:05:54,760] {dag.py:2396} INFO - Sync 1 DAGs
[2022-01-22 13:05:54,814] {logging_mixin.py:109} INFO - [2022-01-22 13:05:54,813] {dag.py:2928} INFO - Setting next_dagrun for example_task_group_decorator to 2022-01-21T13:05:54.812989+00:00
[2022-01-22 13:05:54,854] {processor.py:171} INFO - Processing /home/airflow/.local/lib/python3.7/site-packages/airflow/example_dags/example_task_group_decorator.py took 0.936 seconds
[2022-01-22 13:06:25,377] {processor.py:163} INFO - Started process (PID=1062) to work on /home/airflow/.local/lib/python3.7/site-packages/airflow/example_dags/example_task_group_decorator.py
[2022-01-22 13:06:25,383] {processor.py:625} INFO - Processing file /home/airflow/.local/lib/python3.7/site-packages/airflow/example_dags/example_task_group_decorator.py for tasks to queue
[2022-01-22 13:06:25,386] {logging_mixin.py:109} INFO - [2022-01-22 13:06:25,386] {dagbag.py:500} INFO - Filling up the DagBag from /home/airflow/.local/lib/python3.7/site-packages/airflow/example_dags/example_task_group_decorator.py
[2022-01-22 13:06:25,543] {processor.py:637} INFO - DAG(s) dict_keys(['example_task_group_decorator']) retrieved from /home/airflow/.local/lib/python3.7/site-packages/airflow/example_dags/example_task_group_decorator.py
[2022-01-22 13:06:26,322] {logging_mixin.py:109} INFO - [2022-01-22 13:06:26,322] {dag.py:2396} INFO - Sync 1 DAGs
[2022-01-22 13:06:26,343] {logging_mixin.py:109} INFO - [2022-01-22 13:06:26,343] {dag.py:2928} INFO - Setting next_dagrun for example_task_group_decorator to 2022-01-21T13:06:26.343136+00:00
[2022-01-22 13:06:26,357] {processor.py:171} INFO - Processing /home/airflow/.local/lib/python3.7/site-packages/airflow/example_dags/example_task_group_decorator.py took 0.994 seconds
[2022-01-22 13:06:56,419] {processor.py:163} INFO - Started process (PID=1133) to work on /home/airflow/.local/lib/python3.7/site-packages/airflow/example_dags/example_task_group_decorator.py
[2022-01-22 13:06:56,421] {processor.py:625} INFO - Processing file /home/airflow/.local/lib/python3.7/site-packages/airflow/example_dags/example_task_group_decorator.py for tasks to queue
[2022-01-22 13:06:56,422] {logging_mixin.py:109} INFO - [2022-01-22 13:06:56,422] {dagbag.py:500} INFO - Filling up the DagBag from /home/airflow/.local/lib/python3.7/site-packages/airflow/example_dags/example_task_group_decorator.py
[2022-01-22 13:06:56,471] {processor.py:637} INFO - DAG(s) dict_keys(['example_task_group_decorator']) retrieved from /home/airflow/.local/lib/python3.7/site-packages/airflow/example_dags/example_task_group_decorator.py
[2022-01-22 13:06:56,875] {logging_mixin.py:109} INFO - [2022-01-22 13:06:56,875] {dag.py:2396} INFO - Sync 1 DAGs
[2022-01-22 13:06:56,901] {logging_mixin.py:109} INFO - [2022-01-22 13:06:56,901] {dag.py:2928} INFO - Setting next_dagrun for example_task_group_decorator to 2022-01-21T13:06:56.901167+00:00
[2022-01-22 13:06:56,915] {processor.py:171} INFO - Processing /home/airflow/.local/lib/python3.7/site-packages/airflow/example_dags/example_task_group_decorator.py took 0.501 seconds
[2022-01-22 13:07:27,671] {processor.py:163} INFO - Started process (PID=1194) to work on /home/airflow/.local/lib/python3.7/site-packages/airflow/example_dags/example_task_group_decorator.py
[2022-01-22 13:07:27,675] {processor.py:625} INFO - Processing file /home/airflow/.local/lib/python3.7/site-packages/airflow/example_dags/example_task_group_decorator.py for tasks to queue
[2022-01-22 13:07:27,677] {logging_mixin.py:109} INFO - [2022-01-22 13:07:27,677] {dagbag.py:500} INFO - Filling up the DagBag from /home/airflow/.local/lib/python3.7/site-packages/airflow/example_dags/example_task_group_decorator.py
[2022-01-22 13:07:27,889] {processor.py:637} INFO - DAG(s) dict_keys(['example_task_group_decorator']) retrieved from /home/airflow/.local/lib/python3.7/site-packages/airflow/example_dags/example_task_group_decorator.py
[2022-01-22 13:07:28,419] {logging_mixin.py:109} INFO - [2022-01-22 13:07:28,419] {dag.py:2396} INFO - Sync 1 DAGs
[2022-01-22 13:07:28,454] {logging_mixin.py:109} INFO - [2022-01-22 13:07:28,454] {dag.py:2928} INFO - Setting next_dagrun for example_task_group_decorator to 2022-01-21T13:07:28.453706+00:00
[2022-01-22 13:07:28,481] {processor.py:171} INFO - Processing /home/airflow/.local/lib/python3.7/site-packages/airflow/example_dags/example_task_group_decorator.py took 0.817 seconds
[2022-01-22 13:07:59,287] {processor.py:163} INFO - Started process (PID=1255) to work on /home/airflow/.local/lib/python3.7/site-packages/airflow/example_dags/example_task_group_decorator.py
[2022-01-22 13:07:59,292] {processor.py:625} INFO - Processing file /home/airflow/.local/lib/python3.7/site-packages/airflow/example_dags/example_task_group_decorator.py for tasks to queue
[2022-01-22 13:07:59,295] {logging_mixin.py:109} INFO - [2022-01-22 13:07:59,294] {dagbag.py:500} INFO - Filling up the DagBag from /home/airflow/.local/lib/python3.7/site-packages/airflow/example_dags/example_task_group_decorator.py
[2022-01-22 13:07:59,599] {processor.py:637} INFO - DAG(s) dict_keys(['example_task_group_decorator']) retrieved from /home/airflow/.local/lib/python3.7/site-packages/airflow/example_dags/example_task_group_decorator.py
[2022-01-22 13:08:00,068] {logging_mixin.py:109} INFO - [2022-01-22 13:08:00,068] {dag.py:2396} INFO - Sync 1 DAGs
[2022-01-22 13:08:00,105] {logging_mixin.py:109} INFO - [2022-01-22 13:08:00,105] {dag.py:2928} INFO - Setting next_dagrun for example_task_group_decorator to 2022-01-21T13:08:00.104755+00:00
[2022-01-22 13:08:00,143] {processor.py:171} INFO - Processing /home/airflow/.local/lib/python3.7/site-packages/airflow/example_dags/example_task_group_decorator.py took 0.868 seconds
[2022-01-22 13:08:30,401] {processor.py:163} INFO - Started process (PID=1316) to work on /home/airflow/.local/lib/python3.7/site-packages/airflow/example_dags/example_task_group_decorator.py
[2022-01-22 13:08:30,406] {processor.py:625} INFO - Processing file /home/airflow/.local/lib/python3.7/site-packages/airflow/example_dags/example_task_group_decorator.py for tasks to queue
[2022-01-22 13:08:30,408] {logging_mixin.py:109} INFO - [2022-01-22 13:08:30,408] {dagbag.py:500} INFO - Filling up the DagBag from /home/airflow/.local/lib/python3.7/site-packages/airflow/example_dags/example_task_group_decorator.py
[2022-01-22 13:08:30,571] {processor.py:637} INFO - DAG(s) dict_keys(['example_task_group_decorator']) retrieved from /home/airflow/.local/lib/python3.7/site-packages/airflow/example_dags/example_task_group_decorator.py
[2022-01-22 13:08:30,927] {logging_mixin.py:109} INFO - [2022-01-22 13:08:30,927] {dag.py:2396} INFO - Sync 1 DAGs
[2022-01-22 13:08:30,943] {logging_mixin.py:109} INFO - [2022-01-22 13:08:30,943] {dag.py:2928} INFO - Setting next_dagrun for example_task_group_decorator to 2022-01-21T13:08:30.943509+00:00
[2022-01-22 13:08:30,958] {processor.py:171} INFO - Processing /home/airflow/.local/lib/python3.7/site-packages/airflow/example_dags/example_task_group_decorator.py took 0.568 seconds
[2022-01-22 13:09:01,309] {processor.py:163} INFO - Started process (PID=1379) to work on /home/airflow/.local/lib/python3.7/site-packages/airflow/example_dags/example_task_group_decorator.py
[2022-01-22 13:09:01,313] {processor.py:625} INFO - Processing file /home/airflow/.local/lib/python3.7/site-packages/airflow/example_dags/example_task_group_decorator.py for tasks to queue
[2022-01-22 13:09:01,316] {logging_mixin.py:109} INFO - [2022-01-22 13:09:01,316] {dagbag.py:500} INFO - Filling up the DagBag from /home/airflow/.local/lib/python3.7/site-packages/airflow/example_dags/example_task_group_decorator.py
[2022-01-22 13:09:01,569] {processor.py:637} INFO - DAG(s) dict_keys(['example_task_group_decorator']) retrieved from /home/airflow/.local/lib/python3.7/site-packages/airflow/example_dags/example_task_group_decorator.py
[2022-01-22 13:09:01,987] {logging_mixin.py:109} INFO - [2022-01-22 13:09:01,987] {dag.py:2396} INFO - Sync 1 DAGs
[2022-01-22 13:09:02,038] {logging_mixin.py:109} INFO - [2022-01-22 13:09:02,038] {dag.py:2928} INFO - Setting next_dagrun for example_task_group_decorator to 2022-01-21T13:09:02.037944+00:00
[2022-01-22 13:09:02,080] {processor.py:171} INFO - Processing /home/airflow/.local/lib/python3.7/site-packages/airflow/example_dags/example_task_group_decorator.py took 0.783 seconds
[2022-01-22 13:09:33,272] {processor.py:163} INFO - Started process (PID=1453) to work on /home/airflow/.local/lib/python3.7/site-packages/airflow/example_dags/example_task_group_decorator.py
[2022-01-22 13:09:33,274] {processor.py:625} INFO - Processing file /home/airflow/.local/lib/python3.7/site-packages/airflow/example_dags/example_task_group_decorator.py for tasks to queue
[2022-01-22 13:09:33,275] {logging_mixin.py:109} INFO - [2022-01-22 13:09:33,275] {dagbag.py:500} INFO - Filling up the DagBag from /home/airflow/.local/lib/python3.7/site-packages/airflow/example_dags/example_task_group_decorator.py
[2022-01-22 13:09:33,449] {processor.py:637} INFO - DAG(s) dict_keys(['example_task_group_decorator']) retrieved from /home/airflow/.local/lib/python3.7/site-packages/airflow/example_dags/example_task_group_decorator.py
[2022-01-22 13:09:33,725] {logging_mixin.py:109} INFO - [2022-01-22 13:09:33,725] {dag.py:2396} INFO - Sync 1 DAGs
[2022-01-22 13:09:33,742] {logging_mixin.py:109} INFO - [2022-01-22 13:09:33,742] {dag.py:2928} INFO - Setting next_dagrun for example_task_group_decorator to 2022-01-21T13:09:33.741914+00:00
[2022-01-22 13:09:33,757] {processor.py:171} INFO - Processing /home/airflow/.local/lib/python3.7/site-packages/airflow/example_dags/example_task_group_decorator.py took 0.489 seconds
[2022-01-22 13:10:04,663] {processor.py:163} INFO - Started process (PID=1514) to work on /home/airflow/.local/lib/python3.7/site-packages/airflow/example_dags/example_task_group_decorator.py
[2022-01-22 13:10:04,666] {processor.py:625} INFO - Processing file /home/airflow/.local/lib/python3.7/site-packages/airflow/example_dags/example_task_group_decorator.py for tasks to queue
[2022-01-22 13:10:04,668] {logging_mixin.py:109} INFO - [2022-01-22 13:10:04,668] {dagbag.py:500} INFO - Filling up the DagBag from /home/airflow/.local/lib/python3.7/site-packages/airflow/example_dags/example_task_group_decorator.py
[2022-01-22 13:10:04,868] {processor.py:637} INFO - DAG(s) dict_keys(['example_task_group_decorator']) retrieved from /home/airflow/.local/lib/python3.7/site-packages/airflow/example_dags/example_task_group_decorator.py
[2022-01-22 13:10:05,223] {logging_mixin.py:109} INFO - [2022-01-22 13:10:05,223] {dag.py:2396} INFO - Sync 1 DAGs
[2022-01-22 13:10:05,253] {logging_mixin.py:109} INFO - [2022-01-22 13:10:05,253] {dag.py:2928} INFO - Setting next_dagrun for example_task_group_decorator to 2022-01-21T13:10:05.253080+00:00
[2022-01-22 13:10:05,277] {processor.py:171} INFO - Processing /home/airflow/.local/lib/python3.7/site-packages/airflow/example_dags/example_task_group_decorator.py took 0.620 seconds
[2022-01-22 13:10:36,188] {processor.py:163} INFO - Started process (PID=1575) to work on /home/airflow/.local/lib/python3.7/site-packages/airflow/example_dags/example_task_group_decorator.py
[2022-01-22 13:10:36,190] {processor.py:625} INFO - Processing file /home/airflow/.local/lib/python3.7/site-packages/airflow/example_dags/example_task_group_decorator.py for tasks to queue
[2022-01-22 13:10:36,192] {logging_mixin.py:109} INFO - [2022-01-22 13:10:36,192] {dagbag.py:500} INFO - Filling up the DagBag from /home/airflow/.local/lib/python3.7/site-packages/airflow/example_dags/example_task_group_decorator.py
[2022-01-22 13:10:36,388] {processor.py:637} INFO - DAG(s) dict_keys(['example_task_group_decorator']) retrieved from /home/airflow/.local/lib/python3.7/site-packages/airflow/example_dags/example_task_group_decorator.py
[2022-01-22 13:10:36,624] {logging_mixin.py:109} INFO - [2022-01-22 13:10:36,624] {dag.py:2396} INFO - Sync 1 DAGs
[2022-01-22 13:10:36,640] {logging_mixin.py:109} INFO - [2022-01-22 13:10:36,640] {dag.py:2928} INFO - Setting next_dagrun for example_task_group_decorator to 2022-01-21T13:10:36.640061+00:00
[2022-01-22 13:10:36,654] {processor.py:171} INFO - Processing /home/airflow/.local/lib/python3.7/site-packages/airflow/example_dags/example_task_group_decorator.py took 0.472 seconds
[2022-01-22 13:11:07,081] {processor.py:163} INFO - Started process (PID=1637) to work on /home/airflow/.local/lib/python3.7/site-packages/airflow/example_dags/example_task_group_decorator.py
[2022-01-22 13:11:07,087] {processor.py:625} INFO - Processing file /home/airflow/.local/lib/python3.7/site-packages/airflow/example_dags/example_task_group_decorator.py for tasks to queue
[2022-01-22 13:11:07,090] {logging_mixin.py:109} INFO - [2022-01-22 13:11:07,090] {dagbag.py:500} INFO - Filling up the DagBag from /home/airflow/.local/lib/python3.7/site-packages/airflow/example_dags/example_task_group_decorator.py
[2022-01-22 13:11:07,226] {processor.py:637} INFO - DAG(s) dict_keys(['example_task_group_decorator']) retrieved from /home/airflow/.local/lib/python3.7/site-packages/airflow/example_dags/example_task_group_decorator.py
[2022-01-22 13:11:07,886] {logging_mixin.py:109} INFO - [2022-01-22 13:11:07,886] {dag.py:2396} INFO - Sync 1 DAGs
[2022-01-22 13:11:07,940] {logging_mixin.py:109} INFO - [2022-01-22 13:11:07,940] {dag.py:2928} INFO - Setting next_dagrun for example_task_group_decorator to 2022-01-21T13:11:07.938881+00:00
[2022-01-22 13:11:07,980] {processor.py:171} INFO - Processing /home/airflow/.local/lib/python3.7/site-packages/airflow/example_dags/example_task_group_decorator.py took 0.912 seconds
[2022-01-22 13:11:38,892] {processor.py:163} INFO - Started process (PID=1697) to work on /home/airflow/.local/lib/python3.7/site-packages/airflow/example_dags/example_task_group_decorator.py
[2022-01-22 13:11:38,897] {processor.py:625} INFO - Processing file /home/airflow/.local/lib/python3.7/site-packages/airflow/example_dags/example_task_group_decorator.py for tasks to queue
[2022-01-22 13:11:38,900] {logging_mixin.py:109} INFO - [2022-01-22 13:11:38,900] {dagbag.py:500} INFO - Filling up the DagBag from /home/airflow/.local/lib/python3.7/site-packages/airflow/example_dags/example_task_group_decorator.py
[2022-01-22 13:11:39,012] {processor.py:637} INFO - DAG(s) dict_keys(['example_task_group_decorator']) retrieved from /home/airflow/.local/lib/python3.7/site-packages/airflow/example_dags/example_task_group_decorator.py
[2022-01-22 13:11:39,360] {logging_mixin.py:109} INFO - [2022-01-22 13:11:39,359] {dag.py:2396} INFO - Sync 1 DAGs
[2022-01-22 13:11:39,381] {logging_mixin.py:109} INFO - [2022-01-22 13:11:39,381] {dag.py:2928} INFO - Setting next_dagrun for example_task_group_decorator to 2022-01-21T13:11:39.380589+00:00
[2022-01-22 13:11:39,399] {processor.py:171} INFO - Processing /home/airflow/.local/lib/python3.7/site-packages/airflow/example_dags/example_task_group_decorator.py took 0.524 seconds
[2022-01-22 13:12:09,801] {processor.py:163} INFO - Started process (PID=1758) to work on /home/airflow/.local/lib/python3.7/site-packages/airflow/example_dags/example_task_group_decorator.py
[2022-01-22 13:12:09,805] {processor.py:625} INFO - Processing file /home/airflow/.local/lib/python3.7/site-packages/airflow/example_dags/example_task_group_decorator.py for tasks to queue
[2022-01-22 13:12:09,807] {logging_mixin.py:109} INFO - [2022-01-22 13:12:09,807] {dagbag.py:500} INFO - Filling up the DagBag from /home/airflow/.local/lib/python3.7/site-packages/airflow/example_dags/example_task_group_decorator.py
[2022-01-22 13:12:09,912] {processor.py:637} INFO - DAG(s) dict_keys(['example_task_group_decorator']) retrieved from /home/airflow/.local/lib/python3.7/site-packages/airflow/example_dags/example_task_group_decorator.py
[2022-01-22 13:12:10,549] {logging_mixin.py:109} INFO - [2022-01-22 13:12:10,549] {dag.py:2396} INFO - Sync 1 DAGs
[2022-01-22 13:12:10,574] {logging_mixin.py:109} INFO - [2022-01-22 13:12:10,574] {dag.py:2928} INFO - Setting next_dagrun for example_task_group_decorator to 2022-01-21T13:12:10.573906+00:00
[2022-01-22 13:12:10,590] {processor.py:171} INFO - Processing /home/airflow/.local/lib/python3.7/site-packages/airflow/example_dags/example_task_group_decorator.py took 0.796 seconds
[2022-01-22 13:12:40,765] {processor.py:163} INFO - Started process (PID=1828) to work on /home/airflow/.local/lib/python3.7/site-packages/airflow/example_dags/example_task_group_decorator.py
[2022-01-22 13:12:40,767] {processor.py:625} INFO - Processing file /home/airflow/.local/lib/python3.7/site-packages/airflow/example_dags/example_task_group_decorator.py for tasks to queue
[2022-01-22 13:12:40,768] {logging_mixin.py:109} INFO - [2022-01-22 13:12:40,768] {dagbag.py:500} INFO - Filling up the DagBag from /home/airflow/.local/lib/python3.7/site-packages/airflow/example_dags/example_task_group_decorator.py
[2022-01-22 13:12:40,836] {processor.py:637} INFO - DAG(s) dict_keys(['example_task_group_decorator']) retrieved from /home/airflow/.local/lib/python3.7/site-packages/airflow/example_dags/example_task_group_decorator.py
[2022-01-22 13:12:41,124] {logging_mixin.py:109} INFO - [2022-01-22 13:12:41,123] {dag.py:2396} INFO - Sync 1 DAGs
[2022-01-22 13:12:41,147] {logging_mixin.py:109} INFO - [2022-01-22 13:12:41,147] {dag.py:2928} INFO - Setting next_dagrun for example_task_group_decorator to 2022-01-21T13:12:41.146554+00:00
[2022-01-22 13:12:41,170] {processor.py:171} INFO - Processing /home/airflow/.local/lib/python3.7/site-packages/airflow/example_dags/example_task_group_decorator.py took 0.410 seconds
[2022-01-22 13:13:12,032] {processor.py:163} INFO - Started process (PID=1891) to work on /home/airflow/.local/lib/python3.7/site-packages/airflow/example_dags/example_task_group_decorator.py
[2022-01-22 13:13:12,035] {processor.py:625} INFO - Processing file /home/airflow/.local/lib/python3.7/site-packages/airflow/example_dags/example_task_group_decorator.py for tasks to queue
[2022-01-22 13:13:12,037] {logging_mixin.py:109} INFO - [2022-01-22 13:13:12,037] {dagbag.py:500} INFO - Filling up the DagBag from /home/airflow/.local/lib/python3.7/site-packages/airflow/example_dags/example_task_group_decorator.py
[2022-01-22 13:13:12,103] {processor.py:637} INFO - DAG(s) dict_keys(['example_task_group_decorator']) retrieved from /home/airflow/.local/lib/python3.7/site-packages/airflow/example_dags/example_task_group_decorator.py
[2022-01-22 13:13:12,485] {logging_mixin.py:109} INFO - [2022-01-22 13:13:12,485] {dag.py:2396} INFO - Sync 1 DAGs
[2022-01-22 13:13:12,527] {logging_mixin.py:109} INFO - [2022-01-22 13:13:12,526] {dag.py:2928} INFO - Setting next_dagrun for example_task_group_decorator to 2022-01-21T13:13:12.526420+00:00
[2022-01-22 13:13:12,559] {processor.py:171} INFO - Processing /home/airflow/.local/lib/python3.7/site-packages/airflow/example_dags/example_task_group_decorator.py took 0.531 seconds
[2022-01-22 13:13:42,863] {processor.py:163} INFO - Started process (PID=1945) to work on /home/airflow/.local/lib/python3.7/site-packages/airflow/example_dags/example_task_group_decorator.py
[2022-01-22 13:13:42,868] {processor.py:625} INFO - Processing file /home/airflow/.local/lib/python3.7/site-packages/airflow/example_dags/example_task_group_decorator.py for tasks to queue
[2022-01-22 13:13:42,871] {logging_mixin.py:109} INFO - [2022-01-22 13:13:42,871] {dagbag.py:500} INFO - Filling up the DagBag from /home/airflow/.local/lib/python3.7/site-packages/airflow/example_dags/example_task_group_decorator.py
[2022-01-22 13:13:43,074] {processor.py:637} INFO - DAG(s) dict_keys(['example_task_group_decorator']) retrieved from /home/airflow/.local/lib/python3.7/site-packages/airflow/example_dags/example_task_group_decorator.py
[2022-01-22 13:13:43,769] {logging_mixin.py:109} INFO - [2022-01-22 13:13:43,769] {dag.py:2396} INFO - Sync 1 DAGs
[2022-01-22 13:13:43,808] {logging_mixin.py:109} INFO - [2022-01-22 13:13:43,808] {dag.py:2928} INFO - Setting next_dagrun for example_task_group_decorator to 2022-01-21T13:13:43.807752+00:00
[2022-01-22 13:13:43,846] {processor.py:171} INFO - Processing /home/airflow/.local/lib/python3.7/site-packages/airflow/example_dags/example_task_group_decorator.py took 0.997 seconds
[2022-01-22 13:14:14,204] {processor.py:163} INFO - Started process (PID=2006) to work on /home/airflow/.local/lib/python3.7/site-packages/airflow/example_dags/example_task_group_decorator.py
[2022-01-22 13:14:14,208] {processor.py:625} INFO - Processing file /home/airflow/.local/lib/python3.7/site-packages/airflow/example_dags/example_task_group_decorator.py for tasks to queue
[2022-01-22 13:14:14,211] {logging_mixin.py:109} INFO - [2022-01-22 13:14:14,211] {dagbag.py:500} INFO - Filling up the DagBag from /home/airflow/.local/lib/python3.7/site-packages/airflow/example_dags/example_task_group_decorator.py
[2022-01-22 13:14:14,373] {processor.py:637} INFO - DAG(s) dict_keys(['example_task_group_decorator']) retrieved from /home/airflow/.local/lib/python3.7/site-packages/airflow/example_dags/example_task_group_decorator.py
[2022-01-22 13:14:15,191] {logging_mixin.py:109} INFO - [2022-01-22 13:14:15,191] {dag.py:2396} INFO - Sync 1 DAGs
[2022-01-22 13:14:15,272] {logging_mixin.py:109} INFO - [2022-01-22 13:14:15,272] {dag.py:2928} INFO - Setting next_dagrun for example_task_group_decorator to 2022-01-21T13:14:15.271132+00:00
[2022-01-22 13:14:15,330] {processor.py:171} INFO - Processing /home/airflow/.local/lib/python3.7/site-packages/airflow/example_dags/example_task_group_decorator.py took 1.139 seconds
[2022-01-22 13:14:46,266] {processor.py:163} INFO - Started process (PID=2066) to work on /home/airflow/.local/lib/python3.7/site-packages/airflow/example_dags/example_task_group_decorator.py
[2022-01-22 13:14:46,272] {processor.py:625} INFO - Processing file /home/airflow/.local/lib/python3.7/site-packages/airflow/example_dags/example_task_group_decorator.py for tasks to queue
[2022-01-22 13:14:46,276] {logging_mixin.py:109} INFO - [2022-01-22 13:14:46,275] {dagbag.py:500} INFO - Filling up the DagBag from /home/airflow/.local/lib/python3.7/site-packages/airflow/example_dags/example_task_group_decorator.py
[2022-01-22 13:14:46,446] {processor.py:637} INFO - DAG(s) dict_keys(['example_task_group_decorator']) retrieved from /home/airflow/.local/lib/python3.7/site-packages/airflow/example_dags/example_task_group_decorator.py
[2022-01-22 13:14:47,149] {logging_mixin.py:109} INFO - [2022-01-22 13:14:47,149] {dag.py:2396} INFO - Sync 1 DAGs
[2022-01-22 13:14:47,168] {logging_mixin.py:109} INFO - [2022-01-22 13:14:47,168] {dag.py:2928} INFO - Setting next_dagrun for example_task_group_decorator to 2022-01-21T13:14:47.167870+00:00
[2022-01-22 13:14:47,191] {processor.py:171} INFO - Processing /home/airflow/.local/lib/python3.7/site-packages/airflow/example_dags/example_task_group_decorator.py took 0.939 seconds
[2022-01-22 13:15:17,284] {processor.py:163} INFO - Started process (PID=2128) to work on /home/airflow/.local/lib/python3.7/site-packages/airflow/example_dags/example_task_group_decorator.py
[2022-01-22 13:15:17,289] {processor.py:625} INFO - Processing file /home/airflow/.local/lib/python3.7/site-packages/airflow/example_dags/example_task_group_decorator.py for tasks to queue
[2022-01-22 13:15:17,292] {logging_mixin.py:109} INFO - [2022-01-22 13:15:17,292] {dagbag.py:500} INFO - Filling up the DagBag from /home/airflow/.local/lib/python3.7/site-packages/airflow/example_dags/example_task_group_decorator.py
[2022-01-22 13:15:17,449] {processor.py:637} INFO - DAG(s) dict_keys(['example_task_group_decorator']) retrieved from /home/airflow/.local/lib/python3.7/site-packages/airflow/example_dags/example_task_group_decorator.py
[2022-01-22 13:15:18,122] {logging_mixin.py:109} INFO - [2022-01-22 13:15:18,122] {dag.py:2396} INFO - Sync 1 DAGs
[2022-01-22 13:15:18,166] {logging_mixin.py:109} INFO - [2022-01-22 13:15:18,165] {dag.py:2928} INFO - Setting next_dagrun for example_task_group_decorator to 2022-01-21T13:15:18.163396+00:00
[2022-01-22 13:15:18,213] {processor.py:171} INFO - Processing /home/airflow/.local/lib/python3.7/site-packages/airflow/example_dags/example_task_group_decorator.py took 0.943 seconds
[2022-01-22 13:20:27,317] {processor.py:163} INFO - Started process (PID=2212) to work on /home/airflow/.local/lib/python3.7/site-packages/airflow/example_dags/example_task_group_decorator.py
[2022-01-22 13:20:27,321] {processor.py:625} INFO - Processing file /home/airflow/.local/lib/python3.7/site-packages/airflow/example_dags/example_task_group_decorator.py for tasks to queue
[2022-01-22 13:20:27,324] {logging_mixin.py:109} INFO - [2022-01-22 13:20:27,323] {dagbag.py:500} INFO - Filling up the DagBag from /home/airflow/.local/lib/python3.7/site-packages/airflow/example_dags/example_task_group_decorator.py
[2022-01-22 13:20:27,435] {processor.py:637} INFO - DAG(s) dict_keys(['example_task_group_decorator']) retrieved from /home/airflow/.local/lib/python3.7/site-packages/airflow/example_dags/example_task_group_decorator.py
[2022-01-22 13:20:27,881] {logging_mixin.py:109} INFO - [2022-01-22 13:20:27,881] {dag.py:2396} INFO - Sync 1 DAGs
[2022-01-22 13:20:27,919] {logging_mixin.py:109} INFO - [2022-01-22 13:20:27,919] {dag.py:2928} INFO - Setting next_dagrun for example_task_group_decorator to 2022-01-21T13:20:27.918870+00:00
[2022-01-22 13:20:27,938] {processor.py:171} INFO - Processing /home/airflow/.local/lib/python3.7/site-packages/airflow/example_dags/example_task_group_decorator.py took 0.630 seconds
[2022-01-22 13:20:58,570] {processor.py:163} INFO - Started process (PID=2273) to work on /home/airflow/.local/lib/python3.7/site-packages/airflow/example_dags/example_task_group_decorator.py
[2022-01-22 13:20:58,572] {processor.py:625} INFO - Processing file /home/airflow/.local/lib/python3.7/site-packages/airflow/example_dags/example_task_group_decorator.py for tasks to queue
[2022-01-22 13:20:58,573] {logging_mixin.py:109} INFO - [2022-01-22 13:20:58,573] {dagbag.py:500} INFO - Filling up the DagBag from /home/airflow/.local/lib/python3.7/site-packages/airflow/example_dags/example_task_group_decorator.py
[2022-01-22 13:20:58,629] {processor.py:637} INFO - DAG(s) dict_keys(['example_task_group_decorator']) retrieved from /home/airflow/.local/lib/python3.7/site-packages/airflow/example_dags/example_task_group_decorator.py
[2022-01-22 13:20:58,941] {logging_mixin.py:109} INFO - [2022-01-22 13:20:58,941] {dag.py:2396} INFO - Sync 1 DAGs
[2022-01-22 13:20:58,964] {logging_mixin.py:109} INFO - [2022-01-22 13:20:58,963] {dag.py:2928} INFO - Setting next_dagrun for example_task_group_decorator to 2022-01-21T13:20:58.963462+00:00
[2022-01-22 13:20:58,981] {processor.py:171} INFO - Processing /home/airflow/.local/lib/python3.7/site-packages/airflow/example_dags/example_task_group_decorator.py took 0.415 seconds
[2022-01-22 13:21:29,314] {processor.py:163} INFO - Started process (PID=2335) to work on /home/airflow/.local/lib/python3.7/site-packages/airflow/example_dags/example_task_group_decorator.py
[2022-01-22 13:21:29,317] {processor.py:625} INFO - Processing file /home/airflow/.local/lib/python3.7/site-packages/airflow/example_dags/example_task_group_decorator.py for tasks to queue
[2022-01-22 13:21:29,318] {logging_mixin.py:109} INFO - [2022-01-22 13:21:29,318] {dagbag.py:500} INFO - Filling up the DagBag from /home/airflow/.local/lib/python3.7/site-packages/airflow/example_dags/example_task_group_decorator.py
[2022-01-22 13:21:29,378] {processor.py:637} INFO - DAG(s) dict_keys(['example_task_group_decorator']) retrieved from /home/airflow/.local/lib/python3.7/site-packages/airflow/example_dags/example_task_group_decorator.py
[2022-01-22 13:21:29,694] {logging_mixin.py:109} INFO - [2022-01-22 13:21:29,693] {dag.py:2396} INFO - Sync 1 DAGs
[2022-01-22 13:21:29,714] {logging_mixin.py:109} INFO - [2022-01-22 13:21:29,714] {dag.py:2928} INFO - Setting next_dagrun for example_task_group_decorator to 2022-01-21T13:21:29.714453+00:00
[2022-01-22 13:21:29,733] {processor.py:171} INFO - Processing /home/airflow/.local/lib/python3.7/site-packages/airflow/example_dags/example_task_group_decorator.py took 0.423 seconds
