[2022-01-22 12:58:13,465] {processor.py:163} INFO - Started process (PID=64) to work on /home/airflow/.local/lib/python3.7/site-packages/airflow/example_dags/example_complex.py
[2022-01-22 12:58:13,471] {processor.py:625} INFO - Processing file /home/airflow/.local/lib/python3.7/site-packages/airflow/example_dags/example_complex.py for tasks to queue
[2022-01-22 12:58:13,474] {logging_mixin.py:109} INFO - [2022-01-22 12:58:13,473] {dagbag.py:500} INFO - Filling up the DagBag from /home/airflow/.local/lib/python3.7/site-packages/airflow/example_dags/example_complex.py
[2022-01-22 12:58:13,738] {processor.py:637} INFO - DAG(s) dict_keys(['example_complex']) retrieved from /home/airflow/.local/lib/python3.7/site-packages/airflow/example_dags/example_complex.py
[2022-01-22 12:58:13,798] {logging_mixin.py:109} INFO - [2022-01-22 12:58:13,798] {dag.py:2396} INFO - Sync 1 DAGs
[2022-01-22 12:58:13,903] {logging_mixin.py:109} INFO - [2022-01-22 12:58:13,903] {dag.py:2928} INFO - Setting next_dagrun for example_complex to None
[2022-01-22 12:58:13,932] {processor.py:171} INFO - Processing /home/airflow/.local/lib/python3.7/site-packages/airflow/example_dags/example_complex.py took 0.473 seconds
[2022-01-22 12:58:52,887] {processor.py:163} INFO - Started process (PID=148) to work on /home/airflow/.local/lib/python3.7/site-packages/airflow/example_dags/example_complex.py
[2022-01-22 12:58:52,901] {processor.py:625} INFO - Processing file /home/airflow/.local/lib/python3.7/site-packages/airflow/example_dags/example_complex.py for tasks to queue
[2022-01-22 12:58:52,918] {logging_mixin.py:109} INFO - [2022-01-22 12:58:52,918] {dagbag.py:500} INFO - Filling up the DagBag from /home/airflow/.local/lib/python3.7/site-packages/airflow/example_dags/example_complex.py
[2022-01-22 12:58:53,133] {processor.py:637} INFO - DAG(s) dict_keys(['example_complex']) retrieved from /home/airflow/.local/lib/python3.7/site-packages/airflow/example_dags/example_complex.py
[2022-01-22 12:58:53,209] {logging_mixin.py:109} INFO - [2022-01-22 12:58:53,208] {dag.py:2396} INFO - Sync 1 DAGs
[2022-01-22 12:58:53,327] {logging_mixin.py:109} INFO - [2022-01-22 12:58:53,316] {dag.py:2928} INFO - Setting next_dagrun for example_complex to None
[2022-01-22 12:58:53,445] {processor.py:171} INFO - Processing /home/airflow/.local/lib/python3.7/site-packages/airflow/example_dags/example_complex.py took 0.578 seconds
[2022-01-22 12:59:25,659] {processor.py:163} INFO - Started process (PID=226) to work on /home/airflow/.local/lib/python3.7/site-packages/airflow/example_dags/example_complex.py
[2022-01-22 12:59:25,662] {processor.py:625} INFO - Processing file /home/airflow/.local/lib/python3.7/site-packages/airflow/example_dags/example_complex.py for tasks to queue
[2022-01-22 12:59:25,664] {logging_mixin.py:109} INFO - [2022-01-22 12:59:25,664] {dagbag.py:500} INFO - Filling up the DagBag from /home/airflow/.local/lib/python3.7/site-packages/airflow/example_dags/example_complex.py
[2022-01-22 12:59:25,802] {processor.py:637} INFO - DAG(s) dict_keys(['example_complex']) retrieved from /home/airflow/.local/lib/python3.7/site-packages/airflow/example_dags/example_complex.py
[2022-01-22 12:59:25,860] {logging_mixin.py:109} INFO - [2022-01-22 12:59:25,860] {dag.py:2396} INFO - Sync 1 DAGs
[2022-01-22 12:59:25,904] {logging_mixin.py:109} INFO - [2022-01-22 12:59:25,904] {dag.py:2928} INFO - Setting next_dagrun for example_complex to None
[2022-01-22 12:59:25,929] {processor.py:171} INFO - Processing /home/airflow/.local/lib/python3.7/site-packages/airflow/example_dags/example_complex.py took 0.300 seconds
[2022-01-22 12:59:56,197] {processor.py:163} INFO - Started process (PID=278) to work on /home/airflow/.local/lib/python3.7/site-packages/airflow/example_dags/example_complex.py
[2022-01-22 12:59:56,199] {processor.py:625} INFO - Processing file /home/airflow/.local/lib/python3.7/site-packages/airflow/example_dags/example_complex.py for tasks to queue
[2022-01-22 12:59:56,200] {logging_mixin.py:109} INFO - [2022-01-22 12:59:56,200] {dagbag.py:500} INFO - Filling up the DagBag from /home/airflow/.local/lib/python3.7/site-packages/airflow/example_dags/example_complex.py
[2022-01-22 12:59:56,248] {processor.py:637} INFO - DAG(s) dict_keys(['example_complex']) retrieved from /home/airflow/.local/lib/python3.7/site-packages/airflow/example_dags/example_complex.py
[2022-01-22 12:59:56,274] {logging_mixin.py:109} INFO - [2022-01-22 12:59:56,274] {dag.py:2396} INFO - Sync 1 DAGs
[2022-01-22 12:59:56,294] {logging_mixin.py:109} INFO - [2022-01-22 12:59:56,294] {dag.py:2928} INFO - Setting next_dagrun for example_complex to None
[2022-01-22 12:59:56,309] {processor.py:171} INFO - Processing /home/airflow/.local/lib/python3.7/site-packages/airflow/example_dags/example_complex.py took 0.115 seconds
[2022-01-22 13:00:26,965] {processor.py:163} INFO - Started process (PID=339) to work on /home/airflow/.local/lib/python3.7/site-packages/airflow/example_dags/example_complex.py
[2022-01-22 13:00:26,968] {processor.py:625} INFO - Processing file /home/airflow/.local/lib/python3.7/site-packages/airflow/example_dags/example_complex.py for tasks to queue
[2022-01-22 13:00:26,969] {logging_mixin.py:109} INFO - [2022-01-22 13:00:26,969] {dagbag.py:500} INFO - Filling up the DagBag from /home/airflow/.local/lib/python3.7/site-packages/airflow/example_dags/example_complex.py
[2022-01-22 13:00:27,032] {processor.py:637} INFO - DAG(s) dict_keys(['example_complex']) retrieved from /home/airflow/.local/lib/python3.7/site-packages/airflow/example_dags/example_complex.py
[2022-01-22 13:00:27,072] {logging_mixin.py:109} INFO - [2022-01-22 13:00:27,072] {dag.py:2396} INFO - Sync 1 DAGs
[2022-01-22 13:00:27,104] {logging_mixin.py:109} INFO - [2022-01-22 13:00:27,103] {dag.py:2928} INFO - Setting next_dagrun for example_complex to None
[2022-01-22 13:00:27,122] {processor.py:171} INFO - Processing /home/airflow/.local/lib/python3.7/site-packages/airflow/example_dags/example_complex.py took 0.161 seconds
[2022-01-22 13:00:57,667] {processor.py:163} INFO - Started process (PID=399) to work on /home/airflow/.local/lib/python3.7/site-packages/airflow/example_dags/example_complex.py
[2022-01-22 13:00:57,671] {processor.py:625} INFO - Processing file /home/airflow/.local/lib/python3.7/site-packages/airflow/example_dags/example_complex.py for tasks to queue
[2022-01-22 13:00:57,672] {logging_mixin.py:109} INFO - [2022-01-22 13:00:57,672] {dagbag.py:500} INFO - Filling up the DagBag from /home/airflow/.local/lib/python3.7/site-packages/airflow/example_dags/example_complex.py
[2022-01-22 13:00:57,746] {processor.py:637} INFO - DAG(s) dict_keys(['example_complex']) retrieved from /home/airflow/.local/lib/python3.7/site-packages/airflow/example_dags/example_complex.py
[2022-01-22 13:00:57,777] {logging_mixin.py:109} INFO - [2022-01-22 13:00:57,777] {dag.py:2396} INFO - Sync 1 DAGs
[2022-01-22 13:00:57,816] {logging_mixin.py:109} INFO - [2022-01-22 13:00:57,816] {dag.py:2928} INFO - Setting next_dagrun for example_complex to None
[2022-01-22 13:00:57,838] {processor.py:171} INFO - Processing /home/airflow/.local/lib/python3.7/site-packages/airflow/example_dags/example_complex.py took 0.179 seconds
[2022-01-22 13:01:28,100] {processor.py:163} INFO - Started process (PID=459) to work on /home/airflow/.local/lib/python3.7/site-packages/airflow/example_dags/example_complex.py
[2022-01-22 13:01:28,102] {processor.py:625} INFO - Processing file /home/airflow/.local/lib/python3.7/site-packages/airflow/example_dags/example_complex.py for tasks to queue
[2022-01-22 13:01:28,103] {logging_mixin.py:109} INFO - [2022-01-22 13:01:28,103] {dagbag.py:500} INFO - Filling up the DagBag from /home/airflow/.local/lib/python3.7/site-packages/airflow/example_dags/example_complex.py
[2022-01-22 13:01:28,156] {processor.py:637} INFO - DAG(s) dict_keys(['example_complex']) retrieved from /home/airflow/.local/lib/python3.7/site-packages/airflow/example_dags/example_complex.py
[2022-01-22 13:01:28,180] {logging_mixin.py:109} INFO - [2022-01-22 13:01:28,179] {dag.py:2396} INFO - Sync 1 DAGs
[2022-01-22 13:01:28,203] {logging_mixin.py:109} INFO - [2022-01-22 13:01:28,203] {dag.py:2928} INFO - Setting next_dagrun for example_complex to None
[2022-01-22 13:01:28,216] {processor.py:171} INFO - Processing /home/airflow/.local/lib/python3.7/site-packages/airflow/example_dags/example_complex.py took 0.121 seconds
[2022-01-22 13:01:58,629] {processor.py:163} INFO - Started process (PID=520) to work on /home/airflow/.local/lib/python3.7/site-packages/airflow/example_dags/example_complex.py
[2022-01-22 13:01:58,642] {processor.py:625} INFO - Processing file /home/airflow/.local/lib/python3.7/site-packages/airflow/example_dags/example_complex.py for tasks to queue
[2022-01-22 13:01:58,643] {logging_mixin.py:109} INFO - [2022-01-22 13:01:58,643] {dagbag.py:500} INFO - Filling up the DagBag from /home/airflow/.local/lib/python3.7/site-packages/airflow/example_dags/example_complex.py
[2022-01-22 13:01:58,783] {processor.py:637} INFO - DAG(s) dict_keys(['example_complex']) retrieved from /home/airflow/.local/lib/python3.7/site-packages/airflow/example_dags/example_complex.py
[2022-01-22 13:01:58,864] {logging_mixin.py:109} INFO - [2022-01-22 13:01:58,864] {dag.py:2396} INFO - Sync 1 DAGs
[2022-01-22 13:01:58,905] {logging_mixin.py:109} INFO - [2022-01-22 13:01:58,905] {dag.py:2928} INFO - Setting next_dagrun for example_complex to None
[2022-01-22 13:01:58,951] {processor.py:171} INFO - Processing /home/airflow/.local/lib/python3.7/site-packages/airflow/example_dags/example_complex.py took 0.339 seconds
[2022-01-22 13:02:29,426] {processor.py:163} INFO - Started process (PID=580) to work on /home/airflow/.local/lib/python3.7/site-packages/airflow/example_dags/example_complex.py
[2022-01-22 13:02:29,428] {processor.py:625} INFO - Processing file /home/airflow/.local/lib/python3.7/site-packages/airflow/example_dags/example_complex.py for tasks to queue
[2022-01-22 13:02:29,430] {logging_mixin.py:109} INFO - [2022-01-22 13:02:29,430] {dagbag.py:500} INFO - Filling up the DagBag from /home/airflow/.local/lib/python3.7/site-packages/airflow/example_dags/example_complex.py
[2022-01-22 13:02:29,489] {processor.py:637} INFO - DAG(s) dict_keys(['example_complex']) retrieved from /home/airflow/.local/lib/python3.7/site-packages/airflow/example_dags/example_complex.py
[2022-01-22 13:02:29,518] {logging_mixin.py:109} INFO - [2022-01-22 13:02:29,518] {dag.py:2396} INFO - Sync 1 DAGs
[2022-01-22 13:02:29,548] {logging_mixin.py:109} INFO - [2022-01-22 13:02:29,548] {dag.py:2928} INFO - Setting next_dagrun for example_complex to None
[2022-01-22 13:02:29,573] {processor.py:171} INFO - Processing /home/airflow/.local/lib/python3.7/site-packages/airflow/example_dags/example_complex.py took 0.153 seconds
[2022-01-22 13:02:59,862] {processor.py:163} INFO - Started process (PID=641) to work on /home/airflow/.local/lib/python3.7/site-packages/airflow/example_dags/example_complex.py
[2022-01-22 13:02:59,867] {processor.py:625} INFO - Processing file /home/airflow/.local/lib/python3.7/site-packages/airflow/example_dags/example_complex.py for tasks to queue
[2022-01-22 13:02:59,870] {logging_mixin.py:109} INFO - [2022-01-22 13:02:59,869] {dagbag.py:500} INFO - Filling up the DagBag from /home/airflow/.local/lib/python3.7/site-packages/airflow/example_dags/example_complex.py
[2022-01-22 13:02:59,964] {processor.py:637} INFO - DAG(s) dict_keys(['example_complex']) retrieved from /home/airflow/.local/lib/python3.7/site-packages/airflow/example_dags/example_complex.py
[2022-01-22 13:03:00,028] {logging_mixin.py:109} INFO - [2022-01-22 13:03:00,028] {dag.py:2396} INFO - Sync 1 DAGs
[2022-01-22 13:03:00,076] {logging_mixin.py:109} INFO - [2022-01-22 13:03:00,075] {dag.py:2928} INFO - Setting next_dagrun for example_complex to None
[2022-01-22 13:03:00,095] {processor.py:171} INFO - Processing /home/airflow/.local/lib/python3.7/site-packages/airflow/example_dags/example_complex.py took 0.241 seconds
[2022-01-22 13:03:30,327] {processor.py:163} INFO - Started process (PID=703) to work on /home/airflow/.local/lib/python3.7/site-packages/airflow/example_dags/example_complex.py
[2022-01-22 13:03:30,332] {processor.py:625} INFO - Processing file /home/airflow/.local/lib/python3.7/site-packages/airflow/example_dags/example_complex.py for tasks to queue
[2022-01-22 13:03:30,337] {logging_mixin.py:109} INFO - [2022-01-22 13:03:30,336] {dagbag.py:500} INFO - Filling up the DagBag from /home/airflow/.local/lib/python3.7/site-packages/airflow/example_dags/example_complex.py
[2022-01-22 13:03:30,438] {processor.py:637} INFO - DAG(s) dict_keys(['example_complex']) retrieved from /home/airflow/.local/lib/python3.7/site-packages/airflow/example_dags/example_complex.py
[2022-01-22 13:03:30,471] {logging_mixin.py:109} INFO - [2022-01-22 13:03:30,470] {dag.py:2396} INFO - Sync 1 DAGs
[2022-01-22 13:03:30,499] {logging_mixin.py:109} INFO - [2022-01-22 13:03:30,499] {dag.py:2928} INFO - Setting next_dagrun for example_complex to None
[2022-01-22 13:03:30,519] {processor.py:171} INFO - Processing /home/airflow/.local/lib/python3.7/site-packages/airflow/example_dags/example_complex.py took 0.209 seconds
[2022-01-22 13:04:00,913] {processor.py:163} INFO - Started process (PID=764) to work on /home/airflow/.local/lib/python3.7/site-packages/airflow/example_dags/example_complex.py
[2022-01-22 13:04:00,916] {processor.py:625} INFO - Processing file /home/airflow/.local/lib/python3.7/site-packages/airflow/example_dags/example_complex.py for tasks to queue
[2022-01-22 13:04:00,918] {logging_mixin.py:109} INFO - [2022-01-22 13:04:00,918] {dagbag.py:500} INFO - Filling up the DagBag from /home/airflow/.local/lib/python3.7/site-packages/airflow/example_dags/example_complex.py
[2022-01-22 13:04:00,986] {processor.py:637} INFO - DAG(s) dict_keys(['example_complex']) retrieved from /home/airflow/.local/lib/python3.7/site-packages/airflow/example_dags/example_complex.py
[2022-01-22 13:04:01,014] {logging_mixin.py:109} INFO - [2022-01-22 13:04:01,014] {dag.py:2396} INFO - Sync 1 DAGs
[2022-01-22 13:04:01,043] {logging_mixin.py:109} INFO - [2022-01-22 13:04:01,043] {dag.py:2928} INFO - Setting next_dagrun for example_complex to None
[2022-01-22 13:04:01,164] {processor.py:171} INFO - Processing /home/airflow/.local/lib/python3.7/site-packages/airflow/example_dags/example_complex.py took 0.261 seconds
[2022-01-22 13:04:31,268] {processor.py:163} INFO - Started process (PID=825) to work on /home/airflow/.local/lib/python3.7/site-packages/airflow/example_dags/example_complex.py
[2022-01-22 13:04:31,271] {processor.py:625} INFO - Processing file /home/airflow/.local/lib/python3.7/site-packages/airflow/example_dags/example_complex.py for tasks to queue
[2022-01-22 13:04:31,272] {logging_mixin.py:109} INFO - [2022-01-22 13:04:31,272] {dagbag.py:500} INFO - Filling up the DagBag from /home/airflow/.local/lib/python3.7/site-packages/airflow/example_dags/example_complex.py
[2022-01-22 13:04:31,355] {processor.py:637} INFO - DAG(s) dict_keys(['example_complex']) retrieved from /home/airflow/.local/lib/python3.7/site-packages/airflow/example_dags/example_complex.py
[2022-01-22 13:04:31,422] {logging_mixin.py:109} INFO - [2022-01-22 13:04:31,421] {dag.py:2396} INFO - Sync 1 DAGs
[2022-01-22 13:04:31,670] {logging_mixin.py:109} INFO - [2022-01-22 13:04:31,670] {dag.py:2928} INFO - Setting next_dagrun for example_complex to None
[2022-01-22 13:04:31,695] {processor.py:171} INFO - Processing /home/airflow/.local/lib/python3.7/site-packages/airflow/example_dags/example_complex.py took 0.432 seconds
[2022-01-22 13:05:01,847] {processor.py:163} INFO - Started process (PID=894) to work on /home/airflow/.local/lib/python3.7/site-packages/airflow/example_dags/example_complex.py
[2022-01-22 13:05:01,850] {processor.py:625} INFO - Processing file /home/airflow/.local/lib/python3.7/site-packages/airflow/example_dags/example_complex.py for tasks to queue
[2022-01-22 13:05:01,851] {logging_mixin.py:109} INFO - [2022-01-22 13:05:01,851] {dagbag.py:500} INFO - Filling up the DagBag from /home/airflow/.local/lib/python3.7/site-packages/airflow/example_dags/example_complex.py
[2022-01-22 13:05:01,904] {processor.py:637} INFO - DAG(s) dict_keys(['example_complex']) retrieved from /home/airflow/.local/lib/python3.7/site-packages/airflow/example_dags/example_complex.py
[2022-01-22 13:05:01,935] {logging_mixin.py:109} INFO - [2022-01-22 13:05:01,935] {dag.py:2396} INFO - Sync 1 DAGs
[2022-01-22 13:05:02,068] {logging_mixin.py:109} INFO - [2022-01-22 13:05:02,068] {dag.py:2928} INFO - Setting next_dagrun for example_complex to None
[2022-01-22 13:05:02,084] {processor.py:171} INFO - Processing /home/airflow/.local/lib/python3.7/site-packages/airflow/example_dags/example_complex.py took 0.243 seconds
[2022-01-22 13:05:32,622] {processor.py:163} INFO - Started process (PID=954) to work on /home/airflow/.local/lib/python3.7/site-packages/airflow/example_dags/example_complex.py
[2022-01-22 13:05:32,626] {processor.py:625} INFO - Processing file /home/airflow/.local/lib/python3.7/site-packages/airflow/example_dags/example_complex.py for tasks to queue
[2022-01-22 13:05:32,629] {logging_mixin.py:109} INFO - [2022-01-22 13:05:32,629] {dagbag.py:500} INFO - Filling up the DagBag from /home/airflow/.local/lib/python3.7/site-packages/airflow/example_dags/example_complex.py
[2022-01-22 13:05:32,738] {processor.py:637} INFO - DAG(s) dict_keys(['example_complex']) retrieved from /home/airflow/.local/lib/python3.7/site-packages/airflow/example_dags/example_complex.py
[2022-01-22 13:05:32,771] {logging_mixin.py:109} INFO - [2022-01-22 13:05:32,771] {dag.py:2396} INFO - Sync 1 DAGs
[2022-01-22 13:05:32,907] {logging_mixin.py:109} INFO - [2022-01-22 13:05:32,907] {dag.py:2928} INFO - Setting next_dagrun for example_complex to None
[2022-01-22 13:05:32,921] {processor.py:171} INFO - Processing /home/airflow/.local/lib/python3.7/site-packages/airflow/example_dags/example_complex.py took 0.311 seconds
[2022-01-22 13:06:03,092] {processor.py:163} INFO - Started process (PID=1016) to work on /home/airflow/.local/lib/python3.7/site-packages/airflow/example_dags/example_complex.py
[2022-01-22 13:06:03,095] {processor.py:625} INFO - Processing file /home/airflow/.local/lib/python3.7/site-packages/airflow/example_dags/example_complex.py for tasks to queue
[2022-01-22 13:06:03,097] {logging_mixin.py:109} INFO - [2022-01-22 13:06:03,097] {dagbag.py:500} INFO - Filling up the DagBag from /home/airflow/.local/lib/python3.7/site-packages/airflow/example_dags/example_complex.py
[2022-01-22 13:06:03,189] {processor.py:637} INFO - DAG(s) dict_keys(['example_complex']) retrieved from /home/airflow/.local/lib/python3.7/site-packages/airflow/example_dags/example_complex.py
[2022-01-22 13:06:03,355] {logging_mixin.py:109} INFO - [2022-01-22 13:06:03,354] {dag.py:2396} INFO - Sync 1 DAGs
[2022-01-22 13:06:03,379] {logging_mixin.py:109} INFO - [2022-01-22 13:06:03,378] {dag.py:2928} INFO - Setting next_dagrun for example_complex to None
[2022-01-22 13:06:03,396] {processor.py:171} INFO - Processing /home/airflow/.local/lib/python3.7/site-packages/airflow/example_dags/example_complex.py took 0.312 seconds
[2022-01-22 13:06:34,073] {processor.py:163} INFO - Started process (PID=1078) to work on /home/airflow/.local/lib/python3.7/site-packages/airflow/example_dags/example_complex.py
[2022-01-22 13:06:34,075] {processor.py:625} INFO - Processing file /home/airflow/.local/lib/python3.7/site-packages/airflow/example_dags/example_complex.py for tasks to queue
[2022-01-22 13:06:34,076] {logging_mixin.py:109} INFO - [2022-01-22 13:06:34,076] {dagbag.py:500} INFO - Filling up the DagBag from /home/airflow/.local/lib/python3.7/site-packages/airflow/example_dags/example_complex.py
[2022-01-22 13:06:34,136] {processor.py:637} INFO - DAG(s) dict_keys(['example_complex']) retrieved from /home/airflow/.local/lib/python3.7/site-packages/airflow/example_dags/example_complex.py
[2022-01-22 13:06:34,272] {logging_mixin.py:109} INFO - [2022-01-22 13:06:34,272] {dag.py:2396} INFO - Sync 1 DAGs
[2022-01-22 13:06:34,291] {logging_mixin.py:109} INFO - [2022-01-22 13:06:34,291] {dag.py:2928} INFO - Setting next_dagrun for example_complex to None
[2022-01-22 13:06:34,304] {processor.py:171} INFO - Processing /home/airflow/.local/lib/python3.7/site-packages/airflow/example_dags/example_complex.py took 0.236 seconds
[2022-01-22 13:07:05,051] {processor.py:163} INFO - Started process (PID=1139) to work on /home/airflow/.local/lib/python3.7/site-packages/airflow/example_dags/example_complex.py
[2022-01-22 13:07:05,053] {processor.py:625} INFO - Processing file /home/airflow/.local/lib/python3.7/site-packages/airflow/example_dags/example_complex.py for tasks to queue
[2022-01-22 13:07:05,055] {logging_mixin.py:109} INFO - [2022-01-22 13:07:05,054] {dagbag.py:500} INFO - Filling up the DagBag from /home/airflow/.local/lib/python3.7/site-packages/airflow/example_dags/example_complex.py
[2022-01-22 13:07:05,266] {processor.py:637} INFO - DAG(s) dict_keys(['example_complex']) retrieved from /home/airflow/.local/lib/python3.7/site-packages/airflow/example_dags/example_complex.py
[2022-01-22 13:07:05,304] {logging_mixin.py:109} INFO - [2022-01-22 13:07:05,304] {dag.py:2396} INFO - Sync 1 DAGs
[2022-01-22 13:07:05,335] {logging_mixin.py:109} INFO - [2022-01-22 13:07:05,335] {dag.py:2928} INFO - Setting next_dagrun for example_complex to None
[2022-01-22 13:07:05,357] {processor.py:171} INFO - Processing /home/airflow/.local/lib/python3.7/site-packages/airflow/example_dags/example_complex.py took 0.310 seconds
[2022-01-22 13:07:35,475] {processor.py:163} INFO - Started process (PID=1199) to work on /home/airflow/.local/lib/python3.7/site-packages/airflow/example_dags/example_complex.py
[2022-01-22 13:07:35,481] {processor.py:625} INFO - Processing file /home/airflow/.local/lib/python3.7/site-packages/airflow/example_dags/example_complex.py for tasks to queue
[2022-01-22 13:07:35,485] {logging_mixin.py:109} INFO - [2022-01-22 13:07:35,484] {dagbag.py:500} INFO - Filling up the DagBag from /home/airflow/.local/lib/python3.7/site-packages/airflow/example_dags/example_complex.py
[2022-01-22 13:07:35,748] {processor.py:637} INFO - DAG(s) dict_keys(['example_complex']) retrieved from /home/airflow/.local/lib/python3.7/site-packages/airflow/example_dags/example_complex.py
[2022-01-22 13:07:35,783] {logging_mixin.py:109} INFO - [2022-01-22 13:07:35,783] {dag.py:2396} INFO - Sync 1 DAGs
[2022-01-22 13:07:35,812] {logging_mixin.py:109} INFO - [2022-01-22 13:07:35,812] {dag.py:2928} INFO - Setting next_dagrun for example_complex to None
[2022-01-22 13:07:35,833] {processor.py:171} INFO - Processing /home/airflow/.local/lib/python3.7/site-packages/airflow/example_dags/example_complex.py took 0.370 seconds
[2022-01-22 13:08:06,241] {processor.py:163} INFO - Started process (PID=1268) to work on /home/airflow/.local/lib/python3.7/site-packages/airflow/example_dags/example_complex.py
[2022-01-22 13:08:06,249] {processor.py:625} INFO - Processing file /home/airflow/.local/lib/python3.7/site-packages/airflow/example_dags/example_complex.py for tasks to queue
[2022-01-22 13:08:06,252] {logging_mixin.py:109} INFO - [2022-01-22 13:08:06,252] {dagbag.py:500} INFO - Filling up the DagBag from /home/airflow/.local/lib/python3.7/site-packages/airflow/example_dags/example_complex.py
[2022-01-22 13:08:06,499] {processor.py:637} INFO - DAG(s) dict_keys(['example_complex']) retrieved from /home/airflow/.local/lib/python3.7/site-packages/airflow/example_dags/example_complex.py
[2022-01-22 13:08:06,527] {logging_mixin.py:109} INFO - [2022-01-22 13:08:06,527] {dag.py:2396} INFO - Sync 1 DAGs
[2022-01-22 13:08:06,553] {logging_mixin.py:109} INFO - [2022-01-22 13:08:06,553] {dag.py:2928} INFO - Setting next_dagrun for example_complex to None
[2022-01-22 13:08:06,566] {processor.py:171} INFO - Processing /home/airflow/.local/lib/python3.7/site-packages/airflow/example_dags/example_complex.py took 0.344 seconds
[2022-01-22 13:08:36,766] {processor.py:163} INFO - Started process (PID=1331) to work on /home/airflow/.local/lib/python3.7/site-packages/airflow/example_dags/example_complex.py
[2022-01-22 13:08:36,770] {processor.py:625} INFO - Processing file /home/airflow/.local/lib/python3.7/site-packages/airflow/example_dags/example_complex.py for tasks to queue
[2022-01-22 13:08:36,773] {logging_mixin.py:109} INFO - [2022-01-22 13:08:36,772] {dagbag.py:500} INFO - Filling up the DagBag from /home/airflow/.local/lib/python3.7/site-packages/airflow/example_dags/example_complex.py
[2022-01-22 13:08:36,954] {processor.py:637} INFO - DAG(s) dict_keys(['example_complex']) retrieved from /home/airflow/.local/lib/python3.7/site-packages/airflow/example_dags/example_complex.py
[2022-01-22 13:08:36,978] {logging_mixin.py:109} INFO - [2022-01-22 13:08:36,978] {dag.py:2396} INFO - Sync 1 DAGs
[2022-01-22 13:08:37,007] {logging_mixin.py:109} INFO - [2022-01-22 13:08:37,007] {dag.py:2928} INFO - Setting next_dagrun for example_complex to None
[2022-01-22 13:08:37,021] {processor.py:171} INFO - Processing /home/airflow/.local/lib/python3.7/site-packages/airflow/example_dags/example_complex.py took 0.265 seconds
[2022-01-22 13:09:07,154] {processor.py:163} INFO - Started process (PID=1394) to work on /home/airflow/.local/lib/python3.7/site-packages/airflow/example_dags/example_complex.py
[2022-01-22 13:09:07,157] {processor.py:625} INFO - Processing file /home/airflow/.local/lib/python3.7/site-packages/airflow/example_dags/example_complex.py for tasks to queue
[2022-01-22 13:09:07,159] {logging_mixin.py:109} INFO - [2022-01-22 13:09:07,158] {dagbag.py:500} INFO - Filling up the DagBag from /home/airflow/.local/lib/python3.7/site-packages/airflow/example_dags/example_complex.py
[2022-01-22 13:09:07,369] {processor.py:637} INFO - DAG(s) dict_keys(['example_complex']) retrieved from /home/airflow/.local/lib/python3.7/site-packages/airflow/example_dags/example_complex.py
[2022-01-22 13:09:07,403] {logging_mixin.py:109} INFO - [2022-01-22 13:09:07,402] {dag.py:2396} INFO - Sync 1 DAGs
[2022-01-22 13:09:07,424] {logging_mixin.py:109} INFO - [2022-01-22 13:09:07,424] {dag.py:2928} INFO - Setting next_dagrun for example_complex to None
[2022-01-22 13:09:07,437] {processor.py:171} INFO - Processing /home/airflow/.local/lib/python3.7/site-packages/airflow/example_dags/example_complex.py took 0.292 seconds
[2022-01-22 13:09:38,369] {processor.py:163} INFO - Started process (PID=1456) to work on /home/airflow/.local/lib/python3.7/site-packages/airflow/example_dags/example_complex.py
[2022-01-22 13:09:38,375] {processor.py:625} INFO - Processing file /home/airflow/.local/lib/python3.7/site-packages/airflow/example_dags/example_complex.py for tasks to queue
[2022-01-22 13:09:38,378] {logging_mixin.py:109} INFO - [2022-01-22 13:09:38,377] {dagbag.py:500} INFO - Filling up the DagBag from /home/airflow/.local/lib/python3.7/site-packages/airflow/example_dags/example_complex.py
[2022-01-22 13:09:38,685] {processor.py:637} INFO - DAG(s) dict_keys(['example_complex']) retrieved from /home/airflow/.local/lib/python3.7/site-packages/airflow/example_dags/example_complex.py
[2022-01-22 13:09:38,751] {logging_mixin.py:109} INFO - [2022-01-22 13:09:38,751] {dag.py:2396} INFO - Sync 1 DAGs
[2022-01-22 13:09:38,804] {logging_mixin.py:109} INFO - [2022-01-22 13:09:38,803] {dag.py:2928} INFO - Setting next_dagrun for example_complex to None
[2022-01-22 13:09:38,839] {processor.py:171} INFO - Processing /home/airflow/.local/lib/python3.7/site-packages/airflow/example_dags/example_complex.py took 0.483 seconds
[2022-01-22 13:10:09,391] {processor.py:163} INFO - Started process (PID=1517) to work on /home/airflow/.local/lib/python3.7/site-packages/airflow/example_dags/example_complex.py
[2022-01-22 13:10:09,396] {processor.py:625} INFO - Processing file /home/airflow/.local/lib/python3.7/site-packages/airflow/example_dags/example_complex.py for tasks to queue
[2022-01-22 13:10:09,400] {logging_mixin.py:109} INFO - [2022-01-22 13:10:09,399] {dagbag.py:500} INFO - Filling up the DagBag from /home/airflow/.local/lib/python3.7/site-packages/airflow/example_dags/example_complex.py
[2022-01-22 13:10:09,617] {processor.py:637} INFO - DAG(s) dict_keys(['example_complex']) retrieved from /home/airflow/.local/lib/python3.7/site-packages/airflow/example_dags/example_complex.py
[2022-01-22 13:10:09,658] {logging_mixin.py:109} INFO - [2022-01-22 13:10:09,657] {dag.py:2396} INFO - Sync 1 DAGs
[2022-01-22 13:10:09,689] {logging_mixin.py:109} INFO - [2022-01-22 13:10:09,689] {dag.py:2928} INFO - Setting next_dagrun for example_complex to None
[2022-01-22 13:10:09,707] {processor.py:171} INFO - Processing /home/airflow/.local/lib/python3.7/site-packages/airflow/example_dags/example_complex.py took 0.328 seconds
[2022-01-22 13:10:39,863] {processor.py:163} INFO - Started process (PID=1578) to work on /home/airflow/.local/lib/python3.7/site-packages/airflow/example_dags/example_complex.py
[2022-01-22 13:10:39,865] {processor.py:625} INFO - Processing file /home/airflow/.local/lib/python3.7/site-packages/airflow/example_dags/example_complex.py for tasks to queue
[2022-01-22 13:10:39,866] {logging_mixin.py:109} INFO - [2022-01-22 13:10:39,866] {dagbag.py:500} INFO - Filling up the DagBag from /home/airflow/.local/lib/python3.7/site-packages/airflow/example_dags/example_complex.py
[2022-01-22 13:10:39,925] {processor.py:637} INFO - DAG(s) dict_keys(['example_complex']) retrieved from /home/airflow/.local/lib/python3.7/site-packages/airflow/example_dags/example_complex.py
[2022-01-22 13:10:39,951] {logging_mixin.py:109} INFO - [2022-01-22 13:10:39,951] {dag.py:2396} INFO - Sync 1 DAGs
[2022-01-22 13:10:39,979] {logging_mixin.py:109} INFO - [2022-01-22 13:10:39,979] {dag.py:2928} INFO - Setting next_dagrun for example_complex to None
[2022-01-22 13:10:39,993] {processor.py:171} INFO - Processing /home/airflow/.local/lib/python3.7/site-packages/airflow/example_dags/example_complex.py took 0.135 seconds
[2022-01-22 13:11:10,086] {processor.py:163} INFO - Started process (PID=1640) to work on /home/airflow/.local/lib/python3.7/site-packages/airflow/example_dags/example_complex.py
[2022-01-22 13:11:10,092] {processor.py:625} INFO - Processing file /home/airflow/.local/lib/python3.7/site-packages/airflow/example_dags/example_complex.py for tasks to queue
[2022-01-22 13:11:10,095] {logging_mixin.py:109} INFO - [2022-01-22 13:11:10,094] {dagbag.py:500} INFO - Filling up the DagBag from /home/airflow/.local/lib/python3.7/site-packages/airflow/example_dags/example_complex.py
[2022-01-22 13:11:10,261] {processor.py:637} INFO - DAG(s) dict_keys(['example_complex']) retrieved from /home/airflow/.local/lib/python3.7/site-packages/airflow/example_dags/example_complex.py
[2022-01-22 13:11:10,368] {logging_mixin.py:109} INFO - [2022-01-22 13:11:10,367] {dag.py:2396} INFO - Sync 1 DAGs
[2022-01-22 13:11:10,426] {logging_mixin.py:109} INFO - [2022-01-22 13:11:10,426] {dag.py:2928} INFO - Setting next_dagrun for example_complex to None
[2022-01-22 13:11:10,448] {processor.py:171} INFO - Processing /home/airflow/.local/lib/python3.7/site-packages/airflow/example_dags/example_complex.py took 0.377 seconds
[2022-01-22 13:11:40,588] {processor.py:163} INFO - Started process (PID=1700) to work on /home/airflow/.local/lib/python3.7/site-packages/airflow/example_dags/example_complex.py
[2022-01-22 13:11:40,590] {processor.py:625} INFO - Processing file /home/airflow/.local/lib/python3.7/site-packages/airflow/example_dags/example_complex.py for tasks to queue
[2022-01-22 13:11:40,591] {logging_mixin.py:109} INFO - [2022-01-22 13:11:40,591] {dagbag.py:500} INFO - Filling up the DagBag from /home/airflow/.local/lib/python3.7/site-packages/airflow/example_dags/example_complex.py
[2022-01-22 13:11:40,646] {processor.py:637} INFO - DAG(s) dict_keys(['example_complex']) retrieved from /home/airflow/.local/lib/python3.7/site-packages/airflow/example_dags/example_complex.py
[2022-01-22 13:11:40,669] {logging_mixin.py:109} INFO - [2022-01-22 13:11:40,669] {dag.py:2396} INFO - Sync 1 DAGs
[2022-01-22 13:11:40,690] {logging_mixin.py:109} INFO - [2022-01-22 13:11:40,690] {dag.py:2928} INFO - Setting next_dagrun for example_complex to None
[2022-01-22 13:11:40,706] {processor.py:171} INFO - Processing /home/airflow/.local/lib/python3.7/site-packages/airflow/example_dags/example_complex.py took 0.125 seconds
[2022-01-22 13:12:10,861] {processor.py:163} INFO - Started process (PID=1768) to work on /home/airflow/.local/lib/python3.7/site-packages/airflow/example_dags/example_complex.py
[2022-01-22 13:12:10,864] {processor.py:625} INFO - Processing file /home/airflow/.local/lib/python3.7/site-packages/airflow/example_dags/example_complex.py for tasks to queue
[2022-01-22 13:12:10,866] {logging_mixin.py:109} INFO - [2022-01-22 13:12:10,866] {dagbag.py:500} INFO - Filling up the DagBag from /home/airflow/.local/lib/python3.7/site-packages/airflow/example_dags/example_complex.py
[2022-01-22 13:12:10,923] {processor.py:637} INFO - DAG(s) dict_keys(['example_complex']) retrieved from /home/airflow/.local/lib/python3.7/site-packages/airflow/example_dags/example_complex.py
[2022-01-22 13:12:10,952] {logging_mixin.py:109} INFO - [2022-01-22 13:12:10,952] {dag.py:2396} INFO - Sync 1 DAGs
[2022-01-22 13:12:10,972] {logging_mixin.py:109} INFO - [2022-01-22 13:12:10,971] {dag.py:2928} INFO - Setting next_dagrun for example_complex to None
[2022-01-22 13:12:10,984] {processor.py:171} INFO - Processing /home/airflow/.local/lib/python3.7/site-packages/airflow/example_dags/example_complex.py took 0.129 seconds
[2022-01-22 13:12:41,284] {processor.py:163} INFO - Started process (PID=1831) to work on /home/airflow/.local/lib/python3.7/site-packages/airflow/example_dags/example_complex.py
[2022-01-22 13:12:41,287] {processor.py:625} INFO - Processing file /home/airflow/.local/lib/python3.7/site-packages/airflow/example_dags/example_complex.py for tasks to queue
[2022-01-22 13:12:41,288] {logging_mixin.py:109} INFO - [2022-01-22 13:12:41,288] {dagbag.py:500} INFO - Filling up the DagBag from /home/airflow/.local/lib/python3.7/site-packages/airflow/example_dags/example_complex.py
[2022-01-22 13:12:41,355] {processor.py:637} INFO - DAG(s) dict_keys(['example_complex']) retrieved from /home/airflow/.local/lib/python3.7/site-packages/airflow/example_dags/example_complex.py
[2022-01-22 13:12:41,385] {logging_mixin.py:109} INFO - [2022-01-22 13:12:41,385] {dag.py:2396} INFO - Sync 1 DAGs
[2022-01-22 13:12:41,407] {logging_mixin.py:109} INFO - [2022-01-22 13:12:41,407] {dag.py:2928} INFO - Setting next_dagrun for example_complex to None
[2022-01-22 13:12:41,423] {processor.py:171} INFO - Processing /home/airflow/.local/lib/python3.7/site-packages/airflow/example_dags/example_complex.py took 0.144 seconds
[2022-01-22 13:13:11,859] {processor.py:163} INFO - Started process (PID=1889) to work on /home/airflow/.local/lib/python3.7/site-packages/airflow/example_dags/example_complex.py
[2022-01-22 13:13:11,862] {processor.py:625} INFO - Processing file /home/airflow/.local/lib/python3.7/site-packages/airflow/example_dags/example_complex.py for tasks to queue
[2022-01-22 13:13:11,863] {logging_mixin.py:109} INFO - [2022-01-22 13:13:11,863] {dagbag.py:500} INFO - Filling up the DagBag from /home/airflow/.local/lib/python3.7/site-packages/airflow/example_dags/example_complex.py
[2022-01-22 13:13:11,918] {processor.py:637} INFO - DAG(s) dict_keys(['example_complex']) retrieved from /home/airflow/.local/lib/python3.7/site-packages/airflow/example_dags/example_complex.py
[2022-01-22 13:13:11,950] {logging_mixin.py:109} INFO - [2022-01-22 13:13:11,949] {dag.py:2396} INFO - Sync 1 DAGs
[2022-01-22 13:13:11,977] {logging_mixin.py:109} INFO - [2022-01-22 13:13:11,977] {dag.py:2928} INFO - Setting next_dagrun for example_complex to None
[2022-01-22 13:13:11,994] {processor.py:171} INFO - Processing /home/airflow/.local/lib/python3.7/site-packages/airflow/example_dags/example_complex.py took 0.140 seconds
[2022-01-22 13:13:42,443] {processor.py:163} INFO - Started process (PID=1943) to work on /home/airflow/.local/lib/python3.7/site-packages/airflow/example_dags/example_complex.py
[2022-01-22 13:13:42,449] {processor.py:625} INFO - Processing file /home/airflow/.local/lib/python3.7/site-packages/airflow/example_dags/example_complex.py for tasks to queue
[2022-01-22 13:13:42,452] {logging_mixin.py:109} INFO - [2022-01-22 13:13:42,452] {dagbag.py:500} INFO - Filling up the DagBag from /home/airflow/.local/lib/python3.7/site-packages/airflow/example_dags/example_complex.py
[2022-01-22 13:13:42,597] {processor.py:637} INFO - DAG(s) dict_keys(['example_complex']) retrieved from /home/airflow/.local/lib/python3.7/site-packages/airflow/example_dags/example_complex.py
[2022-01-22 13:13:42,665] {logging_mixin.py:109} INFO - [2022-01-22 13:13:42,664] {dag.py:2396} INFO - Sync 1 DAGs
[2022-01-22 13:13:42,729] {logging_mixin.py:109} INFO - [2022-01-22 13:13:42,728] {dag.py:2928} INFO - Setting next_dagrun for example_complex to None
[2022-01-22 13:13:42,769] {processor.py:171} INFO - Processing /home/airflow/.local/lib/python3.7/site-packages/airflow/example_dags/example_complex.py took 0.339 seconds
[2022-01-22 13:14:12,978] {processor.py:163} INFO - Started process (PID=2005) to work on /home/airflow/.local/lib/python3.7/site-packages/airflow/example_dags/example_complex.py
[2022-01-22 13:14:12,984] {processor.py:625} INFO - Processing file /home/airflow/.local/lib/python3.7/site-packages/airflow/example_dags/example_complex.py for tasks to queue
[2022-01-22 13:14:12,987] {logging_mixin.py:109} INFO - [2022-01-22 13:14:12,987] {dagbag.py:500} INFO - Filling up the DagBag from /home/airflow/.local/lib/python3.7/site-packages/airflow/example_dags/example_complex.py
[2022-01-22 13:14:13,094] {processor.py:637} INFO - DAG(s) dict_keys(['example_complex']) retrieved from /home/airflow/.local/lib/python3.7/site-packages/airflow/example_dags/example_complex.py
[2022-01-22 13:14:13,135] {logging_mixin.py:109} INFO - [2022-01-22 13:14:13,135] {dag.py:2396} INFO - Sync 1 DAGs
[2022-01-22 13:14:13,171] {logging_mixin.py:109} INFO - [2022-01-22 13:14:13,171] {dag.py:2928} INFO - Setting next_dagrun for example_complex to None
[2022-01-22 13:14:13,194] {processor.py:171} INFO - Processing /home/airflow/.local/lib/python3.7/site-packages/airflow/example_dags/example_complex.py took 0.229 seconds
[2022-01-22 13:14:43,863] {processor.py:163} INFO - Started process (PID=2065) to work on /home/airflow/.local/lib/python3.7/site-packages/airflow/example_dags/example_complex.py
[2022-01-22 13:14:43,869] {processor.py:625} INFO - Processing file /home/airflow/.local/lib/python3.7/site-packages/airflow/example_dags/example_complex.py for tasks to queue
[2022-01-22 13:14:43,872] {logging_mixin.py:109} INFO - [2022-01-22 13:14:43,872] {dagbag.py:500} INFO - Filling up the DagBag from /home/airflow/.local/lib/python3.7/site-packages/airflow/example_dags/example_complex.py
[2022-01-22 13:14:44,027] {processor.py:637} INFO - DAG(s) dict_keys(['example_complex']) retrieved from /home/airflow/.local/lib/python3.7/site-packages/airflow/example_dags/example_complex.py
[2022-01-22 13:14:44,100] {logging_mixin.py:109} INFO - [2022-01-22 13:14:44,100] {dag.py:2396} INFO - Sync 1 DAGs
[2022-01-22 13:14:44,168] {logging_mixin.py:109} INFO - [2022-01-22 13:14:44,168] {dag.py:2928} INFO - Setting next_dagrun for example_complex to None
[2022-01-22 13:14:44,206] {processor.py:171} INFO - Processing /home/airflow/.local/lib/python3.7/site-packages/airflow/example_dags/example_complex.py took 0.356 seconds
[2022-01-22 13:15:15,017] {processor.py:163} INFO - Started process (PID=2126) to work on /home/airflow/.local/lib/python3.7/site-packages/airflow/example_dags/example_complex.py
[2022-01-22 13:15:15,021] {processor.py:625} INFO - Processing file /home/airflow/.local/lib/python3.7/site-packages/airflow/example_dags/example_complex.py for tasks to queue
[2022-01-22 13:15:15,024] {logging_mixin.py:109} INFO - [2022-01-22 13:15:15,023] {dagbag.py:500} INFO - Filling up the DagBag from /home/airflow/.local/lib/python3.7/site-packages/airflow/example_dags/example_complex.py
[2022-01-22 13:15:15,126] {processor.py:637} INFO - DAG(s) dict_keys(['example_complex']) retrieved from /home/airflow/.local/lib/python3.7/site-packages/airflow/example_dags/example_complex.py
[2022-01-22 13:15:15,153] {logging_mixin.py:109} INFO - [2022-01-22 13:15:15,153] {dag.py:2396} INFO - Sync 1 DAGs
[2022-01-22 13:15:15,181] {logging_mixin.py:109} INFO - [2022-01-22 13:15:15,181] {dag.py:2928} INFO - Setting next_dagrun for example_complex to None
[2022-01-22 13:15:15,196] {processor.py:171} INFO - Processing /home/airflow/.local/lib/python3.7/site-packages/airflow/example_dags/example_complex.py took 0.193 seconds
[2022-01-22 13:20:23,267] {processor.py:163} INFO - Started process (PID=2196) to work on /home/airflow/.local/lib/python3.7/site-packages/airflow/example_dags/example_complex.py
[2022-01-22 13:20:23,275] {processor.py:625} INFO - Processing file /home/airflow/.local/lib/python3.7/site-packages/airflow/example_dags/example_complex.py for tasks to queue
[2022-01-22 13:20:23,277] {logging_mixin.py:109} INFO - [2022-01-22 13:20:23,277] {dagbag.py:500} INFO - Filling up the DagBag from /home/airflow/.local/lib/python3.7/site-packages/airflow/example_dags/example_complex.py
[2022-01-22 13:20:23,386] {processor.py:637} INFO - DAG(s) dict_keys(['example_complex']) retrieved from /home/airflow/.local/lib/python3.7/site-packages/airflow/example_dags/example_complex.py
[2022-01-22 13:20:23,457] {logging_mixin.py:109} INFO - [2022-01-22 13:20:23,457] {dag.py:2396} INFO - Sync 1 DAGs
[2022-01-22 13:20:23,570] {logging_mixin.py:109} INFO - [2022-01-22 13:20:23,570] {dag.py:2928} INFO - Setting next_dagrun for example_complex to None
[2022-01-22 13:20:23,720] {processor.py:171} INFO - Processing /home/airflow/.local/lib/python3.7/site-packages/airflow/example_dags/example_complex.py took 0.460 seconds
[2022-01-22 13:20:53,956] {processor.py:163} INFO - Started process (PID=2257) to work on /home/airflow/.local/lib/python3.7/site-packages/airflow/example_dags/example_complex.py
[2022-01-22 13:20:53,958] {processor.py:625} INFO - Processing file /home/airflow/.local/lib/python3.7/site-packages/airflow/example_dags/example_complex.py for tasks to queue
[2022-01-22 13:20:53,959] {logging_mixin.py:109} INFO - [2022-01-22 13:20:53,959] {dagbag.py:500} INFO - Filling up the DagBag from /home/airflow/.local/lib/python3.7/site-packages/airflow/example_dags/example_complex.py
[2022-01-22 13:20:54,021] {processor.py:637} INFO - DAG(s) dict_keys(['example_complex']) retrieved from /home/airflow/.local/lib/python3.7/site-packages/airflow/example_dags/example_complex.py
[2022-01-22 13:20:54,062] {logging_mixin.py:109} INFO - [2022-01-22 13:20:54,061] {dag.py:2396} INFO - Sync 1 DAGs
[2022-01-22 13:20:54,091] {logging_mixin.py:109} INFO - [2022-01-22 13:20:54,091] {dag.py:2928} INFO - Setting next_dagrun for example_complex to None
[2022-01-22 13:20:54,109] {processor.py:171} INFO - Processing /home/airflow/.local/lib/python3.7/site-packages/airflow/example_dags/example_complex.py took 0.159 seconds
[2022-01-22 13:21:24,965] {processor.py:163} INFO - Started process (PID=2319) to work on /home/airflow/.local/lib/python3.7/site-packages/airflow/example_dags/example_complex.py
[2022-01-22 13:21:24,967] {processor.py:625} INFO - Processing file /home/airflow/.local/lib/python3.7/site-packages/airflow/example_dags/example_complex.py for tasks to queue
[2022-01-22 13:21:24,969] {logging_mixin.py:109} INFO - [2022-01-22 13:21:24,969] {dagbag.py:500} INFO - Filling up the DagBag from /home/airflow/.local/lib/python3.7/site-packages/airflow/example_dags/example_complex.py
[2022-01-22 13:21:25,019] {processor.py:637} INFO - DAG(s) dict_keys(['example_complex']) retrieved from /home/airflow/.local/lib/python3.7/site-packages/airflow/example_dags/example_complex.py
[2022-01-22 13:21:25,044] {logging_mixin.py:109} INFO - [2022-01-22 13:21:25,044] {dag.py:2396} INFO - Sync 1 DAGs
[2022-01-22 13:21:25,066] {logging_mixin.py:109} INFO - [2022-01-22 13:21:25,066] {dag.py:2928} INFO - Setting next_dagrun for example_complex to None
[2022-01-22 13:21:25,080] {processor.py:171} INFO - Processing /home/airflow/.local/lib/python3.7/site-packages/airflow/example_dags/example_complex.py took 0.119 seconds
