[2022-01-22 12:58:16,822] {processor.py:163} INFO - Started process (PID=74) to work on /home/airflow/.local/lib/python3.7/site-packages/airflow/example_dags/example_latest_only.py
[2022-01-22 12:58:16,826] {processor.py:625} INFO - Processing file /home/airflow/.local/lib/python3.7/site-packages/airflow/example_dags/example_latest_only.py for tasks to queue
[2022-01-22 12:58:16,828] {logging_mixin.py:109} INFO - [2022-01-22 12:58:16,828] {dagbag.py:500} INFO - Filling up the DagBag from /home/airflow/.local/lib/python3.7/site-packages/airflow/example_dags/example_latest_only.py
[2022-01-22 12:58:16,901] {processor.py:637} INFO - DAG(s) dict_keys(['latest_only']) retrieved from /home/airflow/.local/lib/python3.7/site-packages/airflow/example_dags/example_latest_only.py
[2022-01-22 12:58:16,924] {logging_mixin.py:109} INFO - [2022-01-22 12:58:16,922] {dag.py:2396} INFO - Sync 1 DAGs
[2022-01-22 12:58:16,983] {logging_mixin.py:109} INFO - [2022-01-22 12:58:16,978] {dag.py:2928} INFO - Setting next_dagrun for latest_only to 2022-01-22T08:58:16.971445+00:00
[2022-01-22 12:58:17,059] {processor.py:171} INFO - Processing /home/airflow/.local/lib/python3.7/site-packages/airflow/example_dags/example_latest_only.py took 0.246 seconds
[2022-01-22 12:58:59,208] {processor.py:163} INFO - Started process (PID=165) to work on /home/airflow/.local/lib/python3.7/site-packages/airflow/example_dags/example_latest_only.py
[2022-01-22 12:58:59,215] {processor.py:625} INFO - Processing file /home/airflow/.local/lib/python3.7/site-packages/airflow/example_dags/example_latest_only.py for tasks to queue
[2022-01-22 12:58:59,219] {logging_mixin.py:109} INFO - [2022-01-22 12:58:59,219] {dagbag.py:500} INFO - Filling up the DagBag from /home/airflow/.local/lib/python3.7/site-packages/airflow/example_dags/example_latest_only.py
[2022-01-22 12:58:59,389] {processor.py:637} INFO - DAG(s) dict_keys(['latest_only']) retrieved from /home/airflow/.local/lib/python3.7/site-packages/airflow/example_dags/example_latest_only.py
[2022-01-22 12:58:59,465] {logging_mixin.py:109} INFO - [2022-01-22 12:58:59,465] {dag.py:2396} INFO - Sync 1 DAGs
[2022-01-22 12:58:59,603] {logging_mixin.py:109} INFO - [2022-01-22 12:58:59,603] {dag.py:2928} INFO - Setting next_dagrun for latest_only to 2022-01-22T08:58:59.602729+00:00
[2022-01-22 12:58:59,690] {processor.py:171} INFO - Processing /home/airflow/.local/lib/python3.7/site-packages/airflow/example_dags/example_latest_only.py took 0.495 seconds
[2022-01-22 12:59:30,607] {processor.py:163} INFO - Started process (PID=234) to work on /home/airflow/.local/lib/python3.7/site-packages/airflow/example_dags/example_latest_only.py
[2022-01-22 12:59:30,612] {processor.py:625} INFO - Processing file /home/airflow/.local/lib/python3.7/site-packages/airflow/example_dags/example_latest_only.py for tasks to queue
[2022-01-22 12:59:30,614] {logging_mixin.py:109} INFO - [2022-01-22 12:59:30,614] {dagbag.py:500} INFO - Filling up the DagBag from /home/airflow/.local/lib/python3.7/site-packages/airflow/example_dags/example_latest_only.py
[2022-01-22 12:59:30,672] {processor.py:637} INFO - DAG(s) dict_keys(['latest_only']) retrieved from /home/airflow/.local/lib/python3.7/site-packages/airflow/example_dags/example_latest_only.py
[2022-01-22 12:59:30,688] {logging_mixin.py:109} INFO - [2022-01-22 12:59:30,688] {dag.py:2396} INFO - Sync 1 DAGs
[2022-01-22 12:59:30,716] {logging_mixin.py:109} INFO - [2022-01-22 12:59:30,716] {dag.py:2928} INFO - Setting next_dagrun for latest_only to 2022-01-22T08:59:30.715965+00:00
[2022-01-22 12:59:30,731] {processor.py:171} INFO - Processing /home/airflow/.local/lib/python3.7/site-packages/airflow/example_dags/example_latest_only.py took 0.131 seconds
[2022-01-22 13:00:01,348] {processor.py:163} INFO - Started process (PID=295) to work on /home/airflow/.local/lib/python3.7/site-packages/airflow/example_dags/example_latest_only.py
[2022-01-22 13:00:01,351] {processor.py:625} INFO - Processing file /home/airflow/.local/lib/python3.7/site-packages/airflow/example_dags/example_latest_only.py for tasks to queue
[2022-01-22 13:00:01,353] {logging_mixin.py:109} INFO - [2022-01-22 13:00:01,353] {dagbag.py:500} INFO - Filling up the DagBag from /home/airflow/.local/lib/python3.7/site-packages/airflow/example_dags/example_latest_only.py
[2022-01-22 13:00:01,404] {processor.py:637} INFO - DAG(s) dict_keys(['latest_only']) retrieved from /home/airflow/.local/lib/python3.7/site-packages/airflow/example_dags/example_latest_only.py
[2022-01-22 13:00:01,453] {logging_mixin.py:109} INFO - [2022-01-22 13:00:01,453] {dag.py:2396} INFO - Sync 1 DAGs
[2022-01-22 13:00:01,504] {logging_mixin.py:109} INFO - [2022-01-22 13:00:01,504] {dag.py:2928} INFO - Setting next_dagrun for latest_only to 2022-01-22T09:00:01.503333+00:00
[2022-01-22 13:00:01,526] {processor.py:171} INFO - Processing /home/airflow/.local/lib/python3.7/site-packages/airflow/example_dags/example_latest_only.py took 0.183 seconds
[2022-01-22 13:00:31,988] {processor.py:163} INFO - Started process (PID=364) to work on /home/airflow/.local/lib/python3.7/site-packages/airflow/example_dags/example_latest_only.py
[2022-01-22 13:00:31,989] {processor.py:625} INFO - Processing file /home/airflow/.local/lib/python3.7/site-packages/airflow/example_dags/example_latest_only.py for tasks to queue
[2022-01-22 13:00:31,991] {logging_mixin.py:109} INFO - [2022-01-22 13:00:31,990] {dagbag.py:500} INFO - Filling up the DagBag from /home/airflow/.local/lib/python3.7/site-packages/airflow/example_dags/example_latest_only.py
[2022-01-22 13:00:32,034] {processor.py:637} INFO - DAG(s) dict_keys(['latest_only']) retrieved from /home/airflow/.local/lib/python3.7/site-packages/airflow/example_dags/example_latest_only.py
[2022-01-22 13:00:32,053] {logging_mixin.py:109} INFO - [2022-01-22 13:00:32,053] {dag.py:2396} INFO - Sync 1 DAGs
[2022-01-22 13:00:32,079] {logging_mixin.py:109} INFO - [2022-01-22 13:00:32,079] {dag.py:2928} INFO - Setting next_dagrun for latest_only to 2022-01-22T09:00:32.079307+00:00
[2022-01-22 13:00:32,094] {processor.py:171} INFO - Processing /home/airflow/.local/lib/python3.7/site-packages/airflow/example_dags/example_latest_only.py took 0.112 seconds
[2022-01-22 13:01:02,505] {processor.py:163} INFO - Started process (PID=424) to work on /home/airflow/.local/lib/python3.7/site-packages/airflow/example_dags/example_latest_only.py
[2022-01-22 13:01:02,508] {processor.py:625} INFO - Processing file /home/airflow/.local/lib/python3.7/site-packages/airflow/example_dags/example_latest_only.py for tasks to queue
[2022-01-22 13:01:02,509] {logging_mixin.py:109} INFO - [2022-01-22 13:01:02,509] {dagbag.py:500} INFO - Filling up the DagBag from /home/airflow/.local/lib/python3.7/site-packages/airflow/example_dags/example_latest_only.py
[2022-01-22 13:01:02,571] {processor.py:637} INFO - DAG(s) dict_keys(['latest_only']) retrieved from /home/airflow/.local/lib/python3.7/site-packages/airflow/example_dags/example_latest_only.py
[2022-01-22 13:01:02,601] {logging_mixin.py:109} INFO - [2022-01-22 13:01:02,601] {dag.py:2396} INFO - Sync 1 DAGs
[2022-01-22 13:01:02,707] {logging_mixin.py:109} INFO - [2022-01-22 13:01:02,707] {dag.py:2928} INFO - Setting next_dagrun for latest_only to 2022-01-22T09:01:02.707035+00:00
[2022-01-22 13:01:02,781] {processor.py:171} INFO - Processing /home/airflow/.local/lib/python3.7/site-packages/airflow/example_dags/example_latest_only.py took 0.284 seconds
[2022-01-22 13:01:32,988] {processor.py:163} INFO - Started process (PID=485) to work on /home/airflow/.local/lib/python3.7/site-packages/airflow/example_dags/example_latest_only.py
[2022-01-22 13:01:32,995] {processor.py:625} INFO - Processing file /home/airflow/.local/lib/python3.7/site-packages/airflow/example_dags/example_latest_only.py for tasks to queue
[2022-01-22 13:01:32,996] {logging_mixin.py:109} INFO - [2022-01-22 13:01:32,996] {dagbag.py:500} INFO - Filling up the DagBag from /home/airflow/.local/lib/python3.7/site-packages/airflow/example_dags/example_latest_only.py
[2022-01-22 13:01:33,043] {processor.py:637} INFO - DAG(s) dict_keys(['latest_only']) retrieved from /home/airflow/.local/lib/python3.7/site-packages/airflow/example_dags/example_latest_only.py
[2022-01-22 13:01:33,061] {logging_mixin.py:109} INFO - [2022-01-22 13:01:33,061] {dag.py:2396} INFO - Sync 1 DAGs
[2022-01-22 13:01:33,094] {logging_mixin.py:109} INFO - [2022-01-22 13:01:33,094] {dag.py:2928} INFO - Setting next_dagrun for latest_only to 2022-01-22T09:01:33.093852+00:00
[2022-01-22 13:01:33,117] {processor.py:171} INFO - Processing /home/airflow/.local/lib/python3.7/site-packages/airflow/example_dags/example_latest_only.py took 0.138 seconds
[2022-01-22 13:02:03,622] {processor.py:163} INFO - Started process (PID=528) to work on /home/airflow/.local/lib/python3.7/site-packages/airflow/example_dags/example_latest_only.py
[2022-01-22 13:02:03,625] {processor.py:625} INFO - Processing file /home/airflow/.local/lib/python3.7/site-packages/airflow/example_dags/example_latest_only.py for tasks to queue
[2022-01-22 13:02:03,626] {logging_mixin.py:109} INFO - [2022-01-22 13:02:03,626] {dagbag.py:500} INFO - Filling up the DagBag from /home/airflow/.local/lib/python3.7/site-packages/airflow/example_dags/example_latest_only.py
[2022-01-22 13:02:03,689] {processor.py:637} INFO - DAG(s) dict_keys(['latest_only']) retrieved from /home/airflow/.local/lib/python3.7/site-packages/airflow/example_dags/example_latest_only.py
[2022-01-22 13:02:03,715] {logging_mixin.py:109} INFO - [2022-01-22 13:02:03,714] {dag.py:2396} INFO - Sync 1 DAGs
[2022-01-22 13:02:03,770] {logging_mixin.py:109} INFO - [2022-01-22 13:02:03,769] {dag.py:2928} INFO - Setting next_dagrun for latest_only to 2022-01-22T09:02:03.769431+00:00
[2022-01-22 13:02:03,801] {processor.py:171} INFO - Processing /home/airflow/.local/lib/python3.7/site-packages/airflow/example_dags/example_latest_only.py took 0.185 seconds
[2022-01-22 13:02:34,587] {processor.py:163} INFO - Started process (PID=597) to work on /home/airflow/.local/lib/python3.7/site-packages/airflow/example_dags/example_latest_only.py
[2022-01-22 13:02:34,590] {processor.py:625} INFO - Processing file /home/airflow/.local/lib/python3.7/site-packages/airflow/example_dags/example_latest_only.py for tasks to queue
[2022-01-22 13:02:34,592] {logging_mixin.py:109} INFO - [2022-01-22 13:02:34,591] {dagbag.py:500} INFO - Filling up the DagBag from /home/airflow/.local/lib/python3.7/site-packages/airflow/example_dags/example_latest_only.py
[2022-01-22 13:02:34,657] {processor.py:637} INFO - DAG(s) dict_keys(['latest_only']) retrieved from /home/airflow/.local/lib/python3.7/site-packages/airflow/example_dags/example_latest_only.py
[2022-01-22 13:02:34,680] {logging_mixin.py:109} INFO - [2022-01-22 13:02:34,679] {dag.py:2396} INFO - Sync 1 DAGs
[2022-01-22 13:02:34,731] {logging_mixin.py:109} INFO - [2022-01-22 13:02:34,731] {dag.py:2928} INFO - Setting next_dagrun for latest_only to 2022-01-22T09:02:34.730735+00:00
[2022-01-22 13:02:34,761] {processor.py:171} INFO - Processing /home/airflow/.local/lib/python3.7/site-packages/airflow/example_dags/example_latest_only.py took 0.181 seconds
[2022-01-22 13:03:05,254] {processor.py:163} INFO - Started process (PID=649) to work on /home/airflow/.local/lib/python3.7/site-packages/airflow/example_dags/example_latest_only.py
[2022-01-22 13:03:05,260] {processor.py:625} INFO - Processing file /home/airflow/.local/lib/python3.7/site-packages/airflow/example_dags/example_latest_only.py for tasks to queue
[2022-01-22 13:03:05,262] {logging_mixin.py:109} INFO - [2022-01-22 13:03:05,262] {dagbag.py:500} INFO - Filling up the DagBag from /home/airflow/.local/lib/python3.7/site-packages/airflow/example_dags/example_latest_only.py
[2022-01-22 13:03:05,322] {processor.py:637} INFO - DAG(s) dict_keys(['latest_only']) retrieved from /home/airflow/.local/lib/python3.7/site-packages/airflow/example_dags/example_latest_only.py
[2022-01-22 13:03:05,349] {logging_mixin.py:109} INFO - [2022-01-22 13:03:05,349] {dag.py:2396} INFO - Sync 1 DAGs
[2022-01-22 13:03:05,377] {logging_mixin.py:109} INFO - [2022-01-22 13:03:05,377] {dag.py:2928} INFO - Setting next_dagrun for latest_only to 2022-01-22T09:03:05.377332+00:00
[2022-01-22 13:03:05,397] {processor.py:171} INFO - Processing /home/airflow/.local/lib/python3.7/site-packages/airflow/example_dags/example_latest_only.py took 0.154 seconds
[2022-01-22 13:03:35,606] {processor.py:163} INFO - Started process (PID=711) to work on /home/airflow/.local/lib/python3.7/site-packages/airflow/example_dags/example_latest_only.py
[2022-01-22 13:03:35,612] {processor.py:625} INFO - Processing file /home/airflow/.local/lib/python3.7/site-packages/airflow/example_dags/example_latest_only.py for tasks to queue
[2022-01-22 13:03:35,615] {logging_mixin.py:109} INFO - [2022-01-22 13:03:35,615] {dagbag.py:500} INFO - Filling up the DagBag from /home/airflow/.local/lib/python3.7/site-packages/airflow/example_dags/example_latest_only.py
[2022-01-22 13:03:35,727] {processor.py:637} INFO - DAG(s) dict_keys(['latest_only']) retrieved from /home/airflow/.local/lib/python3.7/site-packages/airflow/example_dags/example_latest_only.py
[2022-01-22 13:03:35,769] {logging_mixin.py:109} INFO - [2022-01-22 13:03:35,768] {dag.py:2396} INFO - Sync 1 DAGs
[2022-01-22 13:03:35,816] {logging_mixin.py:109} INFO - [2022-01-22 13:03:35,816] {dag.py:2928} INFO - Setting next_dagrun for latest_only to 2022-01-22T09:03:35.816163+00:00
[2022-01-22 13:03:35,845] {processor.py:171} INFO - Processing /home/airflow/.local/lib/python3.7/site-packages/airflow/example_dags/example_latest_only.py took 0.253 seconds
[2022-01-22 13:04:05,893] {processor.py:163} INFO - Started process (PID=782) to work on /home/airflow/.local/lib/python3.7/site-packages/airflow/example_dags/example_latest_only.py
[2022-01-22 13:04:05,895] {processor.py:625} INFO - Processing file /home/airflow/.local/lib/python3.7/site-packages/airflow/example_dags/example_latest_only.py for tasks to queue
[2022-01-22 13:04:05,896] {logging_mixin.py:109} INFO - [2022-01-22 13:04:05,896] {dagbag.py:500} INFO - Filling up the DagBag from /home/airflow/.local/lib/python3.7/site-packages/airflow/example_dags/example_latest_only.py
[2022-01-22 13:04:05,935] {processor.py:637} INFO - DAG(s) dict_keys(['latest_only']) retrieved from /home/airflow/.local/lib/python3.7/site-packages/airflow/example_dags/example_latest_only.py
[2022-01-22 13:04:05,952] {logging_mixin.py:109} INFO - [2022-01-22 13:04:05,952] {dag.py:2396} INFO - Sync 1 DAGs
[2022-01-22 13:04:05,979] {logging_mixin.py:109} INFO - [2022-01-22 13:04:05,979] {dag.py:2928} INFO - Setting next_dagrun for latest_only to 2022-01-22T09:04:05.979206+00:00
[2022-01-22 13:04:06,012] {processor.py:171} INFO - Processing /home/airflow/.local/lib/python3.7/site-packages/airflow/example_dags/example_latest_only.py took 0.123 seconds
[2022-01-22 13:04:36,275] {processor.py:163} INFO - Started process (PID=842) to work on /home/airflow/.local/lib/python3.7/site-packages/airflow/example_dags/example_latest_only.py
[2022-01-22 13:04:36,279] {processor.py:625} INFO - Processing file /home/airflow/.local/lib/python3.7/site-packages/airflow/example_dags/example_latest_only.py for tasks to queue
[2022-01-22 13:04:36,282] {logging_mixin.py:109} INFO - [2022-01-22 13:04:36,281] {dagbag.py:500} INFO - Filling up the DagBag from /home/airflow/.local/lib/python3.7/site-packages/airflow/example_dags/example_latest_only.py
[2022-01-22 13:04:36,360] {processor.py:637} INFO - DAG(s) dict_keys(['latest_only']) retrieved from /home/airflow/.local/lib/python3.7/site-packages/airflow/example_dags/example_latest_only.py
[2022-01-22 13:04:36,389] {logging_mixin.py:109} INFO - [2022-01-22 13:04:36,389] {dag.py:2396} INFO - Sync 1 DAGs
[2022-01-22 13:04:36,441] {logging_mixin.py:109} INFO - [2022-01-22 13:04:36,441] {dag.py:2928} INFO - Setting next_dagrun for latest_only to 2022-01-22T09:04:36.439654+00:00
[2022-01-22 13:04:36,477] {processor.py:171} INFO - Processing /home/airflow/.local/lib/python3.7/site-packages/airflow/example_dags/example_latest_only.py took 0.210 seconds
[2022-01-22 13:05:06,619] {processor.py:163} INFO - Started process (PID=902) to work on /home/airflow/.local/lib/python3.7/site-packages/airflow/example_dags/example_latest_only.py
[2022-01-22 13:05:06,624] {processor.py:625} INFO - Processing file /home/airflow/.local/lib/python3.7/site-packages/airflow/example_dags/example_latest_only.py for tasks to queue
[2022-01-22 13:05:06,627] {logging_mixin.py:109} INFO - [2022-01-22 13:05:06,627] {dagbag.py:500} INFO - Filling up the DagBag from /home/airflow/.local/lib/python3.7/site-packages/airflow/example_dags/example_latest_only.py
[2022-01-22 13:05:06,727] {processor.py:637} INFO - DAG(s) dict_keys(['latest_only']) retrieved from /home/airflow/.local/lib/python3.7/site-packages/airflow/example_dags/example_latest_only.py
[2022-01-22 13:05:06,764] {logging_mixin.py:109} INFO - [2022-01-22 13:05:06,763] {dag.py:2396} INFO - Sync 1 DAGs
[2022-01-22 13:05:06,832] {logging_mixin.py:109} INFO - [2022-01-22 13:05:06,832] {dag.py:2928} INFO - Setting next_dagrun for latest_only to 2022-01-22T09:05:06.830863+00:00
[2022-01-22 13:05:06,872] {processor.py:171} INFO - Processing /home/airflow/.local/lib/python3.7/site-packages/airflow/example_dags/example_latest_only.py took 0.266 seconds
[2022-01-22 13:05:37,734] {processor.py:163} INFO - Started process (PID=962) to work on /home/airflow/.local/lib/python3.7/site-packages/airflow/example_dags/example_latest_only.py
[2022-01-22 13:05:37,742] {processor.py:625} INFO - Processing file /home/airflow/.local/lib/python3.7/site-packages/airflow/example_dags/example_latest_only.py for tasks to queue
[2022-01-22 13:05:37,746] {logging_mixin.py:109} INFO - [2022-01-22 13:05:37,746] {dagbag.py:500} INFO - Filling up the DagBag from /home/airflow/.local/lib/python3.7/site-packages/airflow/example_dags/example_latest_only.py
[2022-01-22 13:05:37,915] {processor.py:637} INFO - DAG(s) dict_keys(['latest_only']) retrieved from /home/airflow/.local/lib/python3.7/site-packages/airflow/example_dags/example_latest_only.py
[2022-01-22 13:05:37,949] {logging_mixin.py:109} INFO - [2022-01-22 13:05:37,949] {dag.py:2396} INFO - Sync 1 DAGs
[2022-01-22 13:05:38,023] {logging_mixin.py:109} INFO - [2022-01-22 13:05:38,022] {dag.py:2928} INFO - Setting next_dagrun for latest_only to 2022-01-22T09:05:38.022039+00:00
[2022-01-22 13:05:38,052] {processor.py:171} INFO - Processing /home/airflow/.local/lib/python3.7/site-packages/airflow/example_dags/example_latest_only.py took 0.343 seconds
[2022-01-22 13:06:08,264] {processor.py:163} INFO - Started process (PID=1023) to work on /home/airflow/.local/lib/python3.7/site-packages/airflow/example_dags/example_latest_only.py
[2022-01-22 13:06:08,269] {processor.py:625} INFO - Processing file /home/airflow/.local/lib/python3.7/site-packages/airflow/example_dags/example_latest_only.py for tasks to queue
[2022-01-22 13:06:08,273] {logging_mixin.py:109} INFO - [2022-01-22 13:06:08,273] {dagbag.py:500} INFO - Filling up the DagBag from /home/airflow/.local/lib/python3.7/site-packages/airflow/example_dags/example_latest_only.py
[2022-01-22 13:06:08,336] {processor.py:637} INFO - DAG(s) dict_keys(['latest_only']) retrieved from /home/airflow/.local/lib/python3.7/site-packages/airflow/example_dags/example_latest_only.py
[2022-01-22 13:06:08,359] {logging_mixin.py:109} INFO - [2022-01-22 13:06:08,359] {dag.py:2396} INFO - Sync 1 DAGs
[2022-01-22 13:06:08,396] {logging_mixin.py:109} INFO - [2022-01-22 13:06:08,396] {dag.py:2928} INFO - Setting next_dagrun for latest_only to 2022-01-22T09:06:08.395896+00:00
[2022-01-22 13:06:08,419] {processor.py:171} INFO - Processing /home/airflow/.local/lib/python3.7/site-packages/airflow/example_dags/example_latest_only.py took 0.171 seconds
[2022-01-22 13:06:38,623] {processor.py:163} INFO - Started process (PID=1085) to work on /home/airflow/.local/lib/python3.7/site-packages/airflow/example_dags/example_latest_only.py
[2022-01-22 13:06:38,626] {processor.py:625} INFO - Processing file /home/airflow/.local/lib/python3.7/site-packages/airflow/example_dags/example_latest_only.py for tasks to queue
[2022-01-22 13:06:38,628] {logging_mixin.py:109} INFO - [2022-01-22 13:06:38,628] {dagbag.py:500} INFO - Filling up the DagBag from /home/airflow/.local/lib/python3.7/site-packages/airflow/example_dags/example_latest_only.py
[2022-01-22 13:06:38,666] {processor.py:637} INFO - DAG(s) dict_keys(['latest_only']) retrieved from /home/airflow/.local/lib/python3.7/site-packages/airflow/example_dags/example_latest_only.py
[2022-01-22 13:06:38,681] {logging_mixin.py:109} INFO - [2022-01-22 13:06:38,681] {dag.py:2396} INFO - Sync 1 DAGs
[2022-01-22 13:06:38,710] {logging_mixin.py:109} INFO - [2022-01-22 13:06:38,709] {dag.py:2928} INFO - Setting next_dagrun for latest_only to 2022-01-22T09:06:38.709412+00:00
[2022-01-22 13:06:38,825] {processor.py:171} INFO - Processing /home/airflow/.local/lib/python3.7/site-packages/airflow/example_dags/example_latest_only.py took 0.209 seconds
[2022-01-22 13:07:09,101] {processor.py:163} INFO - Started process (PID=1154) to work on /home/airflow/.local/lib/python3.7/site-packages/airflow/example_dags/example_latest_only.py
[2022-01-22 13:07:09,104] {processor.py:625} INFO - Processing file /home/airflow/.local/lib/python3.7/site-packages/airflow/example_dags/example_latest_only.py for tasks to queue
[2022-01-22 13:07:09,105] {logging_mixin.py:109} INFO - [2022-01-22 13:07:09,105] {dagbag.py:500} INFO - Filling up the DagBag from /home/airflow/.local/lib/python3.7/site-packages/airflow/example_dags/example_latest_only.py
[2022-01-22 13:07:09,157] {processor.py:637} INFO - DAG(s) dict_keys(['latest_only']) retrieved from /home/airflow/.local/lib/python3.7/site-packages/airflow/example_dags/example_latest_only.py
[2022-01-22 13:07:09,178] {logging_mixin.py:109} INFO - [2022-01-22 13:07:09,178] {dag.py:2396} INFO - Sync 1 DAGs
[2022-01-22 13:07:09,301] {logging_mixin.py:109} INFO - [2022-01-22 13:07:09,301] {dag.py:2928} INFO - Setting next_dagrun for latest_only to 2022-01-22T09:07:09.300981+00:00
[2022-01-22 13:07:09,316] {processor.py:171} INFO - Processing /home/airflow/.local/lib/python3.7/site-packages/airflow/example_dags/example_latest_only.py took 0.221 seconds
[2022-01-22 13:07:39,862] {processor.py:163} INFO - Started process (PID=1216) to work on /home/airflow/.local/lib/python3.7/site-packages/airflow/example_dags/example_latest_only.py
[2022-01-22 13:07:39,868] {processor.py:625} INFO - Processing file /home/airflow/.local/lib/python3.7/site-packages/airflow/example_dags/example_latest_only.py for tasks to queue
[2022-01-22 13:07:39,873] {logging_mixin.py:109} INFO - [2022-01-22 13:07:39,873] {dagbag.py:500} INFO - Filling up the DagBag from /home/airflow/.local/lib/python3.7/site-packages/airflow/example_dags/example_latest_only.py
[2022-01-22 13:07:39,972] {processor.py:637} INFO - DAG(s) dict_keys(['latest_only']) retrieved from /home/airflow/.local/lib/python3.7/site-packages/airflow/example_dags/example_latest_only.py
[2022-01-22 13:07:39,993] {logging_mixin.py:109} INFO - [2022-01-22 13:07:39,993] {dag.py:2396} INFO - Sync 1 DAGs
[2022-01-22 13:07:40,121] {logging_mixin.py:109} INFO - [2022-01-22 13:07:40,121] {dag.py:2928} INFO - Setting next_dagrun for latest_only to 2022-01-22T09:07:40.120987+00:00
[2022-01-22 13:07:40,138] {processor.py:171} INFO - Processing /home/airflow/.local/lib/python3.7/site-packages/airflow/example_dags/example_latest_only.py took 0.290 seconds
[2022-01-22 13:08:10,790] {processor.py:163} INFO - Started process (PID=1278) to work on /home/airflow/.local/lib/python3.7/site-packages/airflow/example_dags/example_latest_only.py
[2022-01-22 13:08:10,792] {processor.py:625} INFO - Processing file /home/airflow/.local/lib/python3.7/site-packages/airflow/example_dags/example_latest_only.py for tasks to queue
[2022-01-22 13:08:10,794] {logging_mixin.py:109} INFO - [2022-01-22 13:08:10,794] {dagbag.py:500} INFO - Filling up the DagBag from /home/airflow/.local/lib/python3.7/site-packages/airflow/example_dags/example_latest_only.py
[2022-01-22 13:08:10,852] {processor.py:637} INFO - DAG(s) dict_keys(['latest_only']) retrieved from /home/airflow/.local/lib/python3.7/site-packages/airflow/example_dags/example_latest_only.py
[2022-01-22 13:08:11,010] {logging_mixin.py:109} INFO - [2022-01-22 13:08:11,010] {dag.py:2396} INFO - Sync 1 DAGs
[2022-01-22 13:08:11,051] {logging_mixin.py:109} INFO - [2022-01-22 13:08:11,050] {dag.py:2928} INFO - Setting next_dagrun for latest_only to 2022-01-22T09:08:11.050119+00:00
[2022-01-22 13:08:11,077] {processor.py:171} INFO - Processing /home/airflow/.local/lib/python3.7/site-packages/airflow/example_dags/example_latest_only.py took 0.294 seconds
[2022-01-22 13:08:41,415] {processor.py:163} INFO - Started process (PID=1339) to work on /home/airflow/.local/lib/python3.7/site-packages/airflow/example_dags/example_latest_only.py
[2022-01-22 13:08:41,419] {processor.py:625} INFO - Processing file /home/airflow/.local/lib/python3.7/site-packages/airflow/example_dags/example_latest_only.py for tasks to queue
[2022-01-22 13:08:41,422] {logging_mixin.py:109} INFO - [2022-01-22 13:08:41,422] {dagbag.py:500} INFO - Filling up the DagBag from /home/airflow/.local/lib/python3.7/site-packages/airflow/example_dags/example_latest_only.py
[2022-01-22 13:08:41,511] {processor.py:637} INFO - DAG(s) dict_keys(['latest_only']) retrieved from /home/airflow/.local/lib/python3.7/site-packages/airflow/example_dags/example_latest_only.py
[2022-01-22 13:08:41,783] {logging_mixin.py:109} INFO - [2022-01-22 13:08:41,783] {dag.py:2396} INFO - Sync 1 DAGs
[2022-01-22 13:08:41,872] {logging_mixin.py:109} INFO - [2022-01-22 13:08:41,872] {dag.py:2928} INFO - Setting next_dagrun for latest_only to 2022-01-22T09:08:41.871323+00:00
[2022-01-22 13:08:41,907] {processor.py:171} INFO - Processing /home/airflow/.local/lib/python3.7/site-packages/airflow/example_dags/example_latest_only.py took 0.504 seconds
[2022-01-22 13:09:12,210] {processor.py:163} INFO - Started process (PID=1402) to work on /home/airflow/.local/lib/python3.7/site-packages/airflow/example_dags/example_latest_only.py
[2022-01-22 13:09:12,215] {processor.py:625} INFO - Processing file /home/airflow/.local/lib/python3.7/site-packages/airflow/example_dags/example_latest_only.py for tasks to queue
[2022-01-22 13:09:12,220] {logging_mixin.py:109} INFO - [2022-01-22 13:09:12,219] {dagbag.py:500} INFO - Filling up the DagBag from /home/airflow/.local/lib/python3.7/site-packages/airflow/example_dags/example_latest_only.py
[2022-01-22 13:09:12,528] {processor.py:637} INFO - DAG(s) dict_keys(['latest_only']) retrieved from /home/airflow/.local/lib/python3.7/site-packages/airflow/example_dags/example_latest_only.py
[2022-01-22 13:09:12,548] {logging_mixin.py:109} INFO - [2022-01-22 13:09:12,548] {dag.py:2396} INFO - Sync 1 DAGs
[2022-01-22 13:09:12,581] {logging_mixin.py:109} INFO - [2022-01-22 13:09:12,580] {dag.py:2928} INFO - Setting next_dagrun for latest_only to 2022-01-22T09:09:12.580278+00:00
[2022-01-22 13:09:12,603] {processor.py:171} INFO - Processing /home/airflow/.local/lib/python3.7/site-packages/airflow/example_dags/example_latest_only.py took 0.408 seconds
[2022-01-22 13:09:43,237] {processor.py:163} INFO - Started process (PID=1464) to work on /home/airflow/.local/lib/python3.7/site-packages/airflow/example_dags/example_latest_only.py
[2022-01-22 13:09:43,242] {processor.py:625} INFO - Processing file /home/airflow/.local/lib/python3.7/site-packages/airflow/example_dags/example_latest_only.py for tasks to queue
[2022-01-22 13:09:43,245] {logging_mixin.py:109} INFO - [2022-01-22 13:09:43,245] {dagbag.py:500} INFO - Filling up the DagBag from /home/airflow/.local/lib/python3.7/site-packages/airflow/example_dags/example_latest_only.py
[2022-01-22 13:09:43,607] {processor.py:637} INFO - DAG(s) dict_keys(['latest_only']) retrieved from /home/airflow/.local/lib/python3.7/site-packages/airflow/example_dags/example_latest_only.py
[2022-01-22 13:09:43,638] {logging_mixin.py:109} INFO - [2022-01-22 13:09:43,638] {dag.py:2396} INFO - Sync 1 DAGs
[2022-01-22 13:09:43,696] {logging_mixin.py:109} INFO - [2022-01-22 13:09:43,696] {dag.py:2928} INFO - Setting next_dagrun for latest_only to 2022-01-22T09:09:43.695696+00:00
[2022-01-22 13:09:43,731] {processor.py:171} INFO - Processing /home/airflow/.local/lib/python3.7/site-packages/airflow/example_dags/example_latest_only.py took 0.506 seconds
[2022-01-22 13:10:14,096] {processor.py:163} INFO - Started process (PID=1525) to work on /home/airflow/.local/lib/python3.7/site-packages/airflow/example_dags/example_latest_only.py
[2022-01-22 13:10:14,101] {processor.py:625} INFO - Processing file /home/airflow/.local/lib/python3.7/site-packages/airflow/example_dags/example_latest_only.py for tasks to queue
[2022-01-22 13:10:14,104] {logging_mixin.py:109} INFO - [2022-01-22 13:10:14,104] {dagbag.py:500} INFO - Filling up the DagBag from /home/airflow/.local/lib/python3.7/site-packages/airflow/example_dags/example_latest_only.py
[2022-01-22 13:10:14,372] {processor.py:637} INFO - DAG(s) dict_keys(['latest_only']) retrieved from /home/airflow/.local/lib/python3.7/site-packages/airflow/example_dags/example_latest_only.py
[2022-01-22 13:10:14,404] {logging_mixin.py:109} INFO - [2022-01-22 13:10:14,404] {dag.py:2396} INFO - Sync 1 DAGs
[2022-01-22 13:10:14,454] {logging_mixin.py:109} INFO - [2022-01-22 13:10:14,454] {dag.py:2928} INFO - Setting next_dagrun for latest_only to 2022-01-22T09:10:14.453506+00:00
[2022-01-22 13:10:14,484] {processor.py:171} INFO - Processing /home/airflow/.local/lib/python3.7/site-packages/airflow/example_dags/example_latest_only.py took 0.400 seconds
[2022-01-22 13:10:45,388] {processor.py:163} INFO - Started process (PID=1596) to work on /home/airflow/.local/lib/python3.7/site-packages/airflow/example_dags/example_latest_only.py
[2022-01-22 13:10:45,390] {processor.py:625} INFO - Processing file /home/airflow/.local/lib/python3.7/site-packages/airflow/example_dags/example_latest_only.py for tasks to queue
[2022-01-22 13:10:45,391] {logging_mixin.py:109} INFO - [2022-01-22 13:10:45,391] {dagbag.py:500} INFO - Filling up the DagBag from /home/airflow/.local/lib/python3.7/site-packages/airflow/example_dags/example_latest_only.py
[2022-01-22 13:10:45,427] {processor.py:637} INFO - DAG(s) dict_keys(['latest_only']) retrieved from /home/airflow/.local/lib/python3.7/site-packages/airflow/example_dags/example_latest_only.py
[2022-01-22 13:10:45,451] {logging_mixin.py:109} INFO - [2022-01-22 13:10:45,451] {dag.py:2396} INFO - Sync 1 DAGs
[2022-01-22 13:10:45,487] {logging_mixin.py:109} INFO - [2022-01-22 13:10:45,487] {dag.py:2928} INFO - Setting next_dagrun for latest_only to 2022-01-22T09:10:45.487034+00:00
[2022-01-22 13:10:45,503] {processor.py:171} INFO - Processing /home/airflow/.local/lib/python3.7/site-packages/airflow/example_dags/example_latest_only.py took 0.120 seconds
[2022-01-22 13:11:16,346] {processor.py:163} INFO - Started process (PID=1657) to work on /home/airflow/.local/lib/python3.7/site-packages/airflow/example_dags/example_latest_only.py
[2022-01-22 13:11:16,350] {processor.py:625} INFO - Processing file /home/airflow/.local/lib/python3.7/site-packages/airflow/example_dags/example_latest_only.py for tasks to queue
[2022-01-22 13:11:16,352] {logging_mixin.py:109} INFO - [2022-01-22 13:11:16,351] {dagbag.py:500} INFO - Filling up the DagBag from /home/airflow/.local/lib/python3.7/site-packages/airflow/example_dags/example_latest_only.py
[2022-01-22 13:11:16,421] {processor.py:637} INFO - DAG(s) dict_keys(['latest_only']) retrieved from /home/airflow/.local/lib/python3.7/site-packages/airflow/example_dags/example_latest_only.py
[2022-01-22 13:11:16,438] {logging_mixin.py:109} INFO - [2022-01-22 13:11:16,438] {dag.py:2396} INFO - Sync 1 DAGs
[2022-01-22 13:11:16,461] {logging_mixin.py:109} INFO - [2022-01-22 13:11:16,460] {dag.py:2928} INFO - Setting next_dagrun for latest_only to 2022-01-22T09:11:16.460457+00:00
[2022-01-22 13:11:16,476] {processor.py:171} INFO - Processing /home/airflow/.local/lib/python3.7/site-packages/airflow/example_dags/example_latest_only.py took 0.137 seconds
[2022-01-22 13:11:47,319] {processor.py:163} INFO - Started process (PID=1718) to work on /home/airflow/.local/lib/python3.7/site-packages/airflow/example_dags/example_latest_only.py
[2022-01-22 13:11:47,323] {processor.py:625} INFO - Processing file /home/airflow/.local/lib/python3.7/site-packages/airflow/example_dags/example_latest_only.py for tasks to queue
[2022-01-22 13:11:47,326] {logging_mixin.py:109} INFO - [2022-01-22 13:11:47,325] {dagbag.py:500} INFO - Filling up the DagBag from /home/airflow/.local/lib/python3.7/site-packages/airflow/example_dags/example_latest_only.py
[2022-01-22 13:11:47,393] {processor.py:637} INFO - DAG(s) dict_keys(['latest_only']) retrieved from /home/airflow/.local/lib/python3.7/site-packages/airflow/example_dags/example_latest_only.py
[2022-01-22 13:11:47,415] {logging_mixin.py:109} INFO - [2022-01-22 13:11:47,415] {dag.py:2396} INFO - Sync 1 DAGs
[2022-01-22 13:11:47,453] {logging_mixin.py:109} INFO - [2022-01-22 13:11:47,453] {dag.py:2928} INFO - Setting next_dagrun for latest_only to 2022-01-22T09:11:47.452982+00:00
[2022-01-22 13:11:47,475] {processor.py:171} INFO - Processing /home/airflow/.local/lib/python3.7/site-packages/airflow/example_dags/example_latest_only.py took 0.165 seconds
[2022-01-22 13:12:18,548] {processor.py:163} INFO - Started process (PID=1778) to work on /home/airflow/.local/lib/python3.7/site-packages/airflow/example_dags/example_latest_only.py
[2022-01-22 13:12:18,555] {processor.py:625} INFO - Processing file /home/airflow/.local/lib/python3.7/site-packages/airflow/example_dags/example_latest_only.py for tasks to queue
[2022-01-22 13:12:18,558] {logging_mixin.py:109} INFO - [2022-01-22 13:12:18,558] {dagbag.py:500} INFO - Filling up the DagBag from /home/airflow/.local/lib/python3.7/site-packages/airflow/example_dags/example_latest_only.py
[2022-01-22 13:12:18,659] {processor.py:637} INFO - DAG(s) dict_keys(['latest_only']) retrieved from /home/airflow/.local/lib/python3.7/site-packages/airflow/example_dags/example_latest_only.py
[2022-01-22 13:12:18,695] {logging_mixin.py:109} INFO - [2022-01-22 13:12:18,694] {dag.py:2396} INFO - Sync 1 DAGs
[2022-01-22 13:12:18,749] {logging_mixin.py:109} INFO - [2022-01-22 13:12:18,748] {dag.py:2928} INFO - Setting next_dagrun for latest_only to 2022-01-22T09:12:18.747979+00:00
[2022-01-22 13:12:18,781] {processor.py:171} INFO - Processing /home/airflow/.local/lib/python3.7/site-packages/airflow/example_dags/example_latest_only.py took 0.246 seconds
[2022-01-22 13:12:49,409] {processor.py:163} INFO - Started process (PID=1839) to work on /home/airflow/.local/lib/python3.7/site-packages/airflow/example_dags/example_latest_only.py
[2022-01-22 13:12:49,414] {processor.py:625} INFO - Processing file /home/airflow/.local/lib/python3.7/site-packages/airflow/example_dags/example_latest_only.py for tasks to queue
[2022-01-22 13:12:49,417] {logging_mixin.py:109} INFO - [2022-01-22 13:12:49,417] {dagbag.py:500} INFO - Filling up the DagBag from /home/airflow/.local/lib/python3.7/site-packages/airflow/example_dags/example_latest_only.py
[2022-01-22 13:12:49,502] {processor.py:637} INFO - DAG(s) dict_keys(['latest_only']) retrieved from /home/airflow/.local/lib/python3.7/site-packages/airflow/example_dags/example_latest_only.py
[2022-01-22 13:12:49,528] {logging_mixin.py:109} INFO - [2022-01-22 13:12:49,527] {dag.py:2396} INFO - Sync 1 DAGs
[2022-01-22 13:12:49,569] {logging_mixin.py:109} INFO - [2022-01-22 13:12:49,569] {dag.py:2928} INFO - Setting next_dagrun for latest_only to 2022-01-22T09:12:49.568681+00:00
[2022-01-22 13:12:49,593] {processor.py:171} INFO - Processing /home/airflow/.local/lib/python3.7/site-packages/airflow/example_dags/example_latest_only.py took 0.196 seconds
[2022-01-22 13:13:19,672] {processor.py:163} INFO - Started process (PID=1900) to work on /home/airflow/.local/lib/python3.7/site-packages/airflow/example_dags/example_latest_only.py
[2022-01-22 13:13:19,675] {processor.py:625} INFO - Processing file /home/airflow/.local/lib/python3.7/site-packages/airflow/example_dags/example_latest_only.py for tasks to queue
[2022-01-22 13:13:19,676] {logging_mixin.py:109} INFO - [2022-01-22 13:13:19,676] {dagbag.py:500} INFO - Filling up the DagBag from /home/airflow/.local/lib/python3.7/site-packages/airflow/example_dags/example_latest_only.py
[2022-01-22 13:13:19,713] {processor.py:637} INFO - DAG(s) dict_keys(['latest_only']) retrieved from /home/airflow/.local/lib/python3.7/site-packages/airflow/example_dags/example_latest_only.py
[2022-01-22 13:13:19,728] {logging_mixin.py:109} INFO - [2022-01-22 13:13:19,728] {dag.py:2396} INFO - Sync 1 DAGs
[2022-01-22 13:13:19,751] {logging_mixin.py:109} INFO - [2022-01-22 13:13:19,751] {dag.py:2928} INFO - Setting next_dagrun for latest_only to 2022-01-22T09:13:19.750661+00:00
[2022-01-22 13:13:19,765] {processor.py:171} INFO - Processing /home/airflow/.local/lib/python3.7/site-packages/airflow/example_dags/example_latest_only.py took 0.100 seconds
[2022-01-22 13:13:50,295] {processor.py:163} INFO - Started process (PID=1962) to work on /home/airflow/.local/lib/python3.7/site-packages/airflow/example_dags/example_latest_only.py
[2022-01-22 13:13:50,299] {processor.py:625} INFO - Processing file /home/airflow/.local/lib/python3.7/site-packages/airflow/example_dags/example_latest_only.py for tasks to queue
[2022-01-22 13:13:50,303] {logging_mixin.py:109} INFO - [2022-01-22 13:13:50,302] {dagbag.py:500} INFO - Filling up the DagBag from /home/airflow/.local/lib/python3.7/site-packages/airflow/example_dags/example_latest_only.py
[2022-01-22 13:13:50,402] {processor.py:637} INFO - DAG(s) dict_keys(['latest_only']) retrieved from /home/airflow/.local/lib/python3.7/site-packages/airflow/example_dags/example_latest_only.py
[2022-01-22 13:13:50,440] {logging_mixin.py:109} INFO - [2022-01-22 13:13:50,440] {dag.py:2396} INFO - Sync 1 DAGs
[2022-01-22 13:13:50,495] {logging_mixin.py:109} INFO - [2022-01-22 13:13:50,494] {dag.py:2928} INFO - Setting next_dagrun for latest_only to 2022-01-22T09:13:50.493777+00:00
[2022-01-22 13:13:50,529] {processor.py:171} INFO - Processing /home/airflow/.local/lib/python3.7/site-packages/airflow/example_dags/example_latest_only.py took 0.245 seconds
[2022-01-22 13:14:21,343] {processor.py:163} INFO - Started process (PID=2033) to work on /home/airflow/.local/lib/python3.7/site-packages/airflow/example_dags/example_latest_only.py
[2022-01-22 13:14:21,346] {processor.py:625} INFO - Processing file /home/airflow/.local/lib/python3.7/site-packages/airflow/example_dags/example_latest_only.py for tasks to queue
[2022-01-22 13:14:21,348] {logging_mixin.py:109} INFO - [2022-01-22 13:14:21,347] {dagbag.py:500} INFO - Filling up the DagBag from /home/airflow/.local/lib/python3.7/site-packages/airflow/example_dags/example_latest_only.py
[2022-01-22 13:14:21,406] {processor.py:637} INFO - DAG(s) dict_keys(['latest_only']) retrieved from /home/airflow/.local/lib/python3.7/site-packages/airflow/example_dags/example_latest_only.py
[2022-01-22 13:14:21,430] {logging_mixin.py:109} INFO - [2022-01-22 13:14:21,429] {dag.py:2396} INFO - Sync 1 DAGs
[2022-01-22 13:14:21,456] {logging_mixin.py:109} INFO - [2022-01-22 13:14:21,456] {dag.py:2928} INFO - Setting next_dagrun for latest_only to 2022-01-22T09:14:21.455992+00:00
[2022-01-22 13:14:21,471] {processor.py:171} INFO - Processing /home/airflow/.local/lib/python3.7/site-packages/airflow/example_dags/example_latest_only.py took 0.137 seconds
[2022-01-22 13:14:51,572] {processor.py:163} INFO - Started process (PID=2092) to work on /home/airflow/.local/lib/python3.7/site-packages/airflow/example_dags/example_latest_only.py
[2022-01-22 13:14:51,574] {processor.py:625} INFO - Processing file /home/airflow/.local/lib/python3.7/site-packages/airflow/example_dags/example_latest_only.py for tasks to queue
[2022-01-22 13:14:51,575] {logging_mixin.py:109} INFO - [2022-01-22 13:14:51,575] {dagbag.py:500} INFO - Filling up the DagBag from /home/airflow/.local/lib/python3.7/site-packages/airflow/example_dags/example_latest_only.py
[2022-01-22 13:14:51,608] {processor.py:637} INFO - DAG(s) dict_keys(['latest_only']) retrieved from /home/airflow/.local/lib/python3.7/site-packages/airflow/example_dags/example_latest_only.py
[2022-01-22 13:14:51,619] {logging_mixin.py:109} INFO - [2022-01-22 13:14:51,619] {dag.py:2396} INFO - Sync 1 DAGs
[2022-01-22 13:14:51,639] {logging_mixin.py:109} INFO - [2022-01-22 13:14:51,638] {dag.py:2928} INFO - Setting next_dagrun for latest_only to 2022-01-22T09:14:51.638595+00:00
[2022-01-22 13:14:51,654] {processor.py:171} INFO - Processing /home/airflow/.local/lib/python3.7/site-packages/airflow/example_dags/example_latest_only.py took 0.086 seconds
[2022-01-22 13:15:22,079] {processor.py:163} INFO - Started process (PID=2154) to work on /home/airflow/.local/lib/python3.7/site-packages/airflow/example_dags/example_latest_only.py
[2022-01-22 13:15:22,082] {processor.py:625} INFO - Processing file /home/airflow/.local/lib/python3.7/site-packages/airflow/example_dags/example_latest_only.py for tasks to queue
[2022-01-22 13:15:22,083] {logging_mixin.py:109} INFO - [2022-01-22 13:15:22,083] {dagbag.py:500} INFO - Filling up the DagBag from /home/airflow/.local/lib/python3.7/site-packages/airflow/example_dags/example_latest_only.py
[2022-01-22 13:15:22,122] {processor.py:637} INFO - DAG(s) dict_keys(['latest_only']) retrieved from /home/airflow/.local/lib/python3.7/site-packages/airflow/example_dags/example_latest_only.py
[2022-01-22 13:15:22,137] {logging_mixin.py:109} INFO - [2022-01-22 13:15:22,137] {dag.py:2396} INFO - Sync 1 DAGs
[2022-01-22 13:15:22,167] {logging_mixin.py:109} INFO - [2022-01-22 13:15:22,166] {dag.py:2928} INFO - Setting next_dagrun for latest_only to 2022-01-22T09:15:22.166436+00:00
[2022-01-22 13:15:22,186] {processor.py:171} INFO - Processing /home/airflow/.local/lib/python3.7/site-packages/airflow/example_dags/example_latest_only.py took 0.111 seconds
[2022-01-22 13:20:25,591] {processor.py:163} INFO - Started process (PID=2204) to work on /home/airflow/.local/lib/python3.7/site-packages/airflow/example_dags/example_latest_only.py
[2022-01-22 13:20:25,594] {processor.py:625} INFO - Processing file /home/airflow/.local/lib/python3.7/site-packages/airflow/example_dags/example_latest_only.py for tasks to queue
[2022-01-22 13:20:25,596] {logging_mixin.py:109} INFO - [2022-01-22 13:20:25,596] {dagbag.py:500} INFO - Filling up the DagBag from /home/airflow/.local/lib/python3.7/site-packages/airflow/example_dags/example_latest_only.py
[2022-01-22 13:20:25,666] {processor.py:637} INFO - DAG(s) dict_keys(['latest_only']) retrieved from /home/airflow/.local/lib/python3.7/site-packages/airflow/example_dags/example_latest_only.py
[2022-01-22 13:20:25,693] {logging_mixin.py:109} INFO - [2022-01-22 13:20:25,693] {dag.py:2396} INFO - Sync 1 DAGs
[2022-01-22 13:20:25,737] {logging_mixin.py:109} INFO - [2022-01-22 13:20:25,736] {dag.py:2928} INFO - Setting next_dagrun for latest_only to 2022-01-22T09:20:25.736212+00:00
[2022-01-22 13:20:25,761] {processor.py:171} INFO - Processing /home/airflow/.local/lib/python3.7/site-packages/airflow/example_dags/example_latest_only.py took 0.180 seconds
[2022-01-22 13:20:56,568] {processor.py:163} INFO - Started process (PID=2265) to work on /home/airflow/.local/lib/python3.7/site-packages/airflow/example_dags/example_latest_only.py
[2022-01-22 13:20:56,571] {processor.py:625} INFO - Processing file /home/airflow/.local/lib/python3.7/site-packages/airflow/example_dags/example_latest_only.py for tasks to queue
[2022-01-22 13:20:56,572] {logging_mixin.py:109} INFO - [2022-01-22 13:20:56,572] {dagbag.py:500} INFO - Filling up the DagBag from /home/airflow/.local/lib/python3.7/site-packages/airflow/example_dags/example_latest_only.py
[2022-01-22 13:20:56,614] {processor.py:637} INFO - DAG(s) dict_keys(['latest_only']) retrieved from /home/airflow/.local/lib/python3.7/site-packages/airflow/example_dags/example_latest_only.py
[2022-01-22 13:20:56,633] {logging_mixin.py:109} INFO - [2022-01-22 13:20:56,633] {dag.py:2396} INFO - Sync 1 DAGs
[2022-01-22 13:20:56,660] {logging_mixin.py:109} INFO - [2022-01-22 13:20:56,660] {dag.py:2928} INFO - Setting next_dagrun for latest_only to 2022-01-22T09:20:56.660154+00:00
[2022-01-22 13:20:56,677] {processor.py:171} INFO - Processing /home/airflow/.local/lib/python3.7/site-packages/airflow/example_dags/example_latest_only.py took 0.117 seconds
[2022-01-22 13:21:27,502] {processor.py:163} INFO - Started process (PID=2327) to work on /home/airflow/.local/lib/python3.7/site-packages/airflow/example_dags/example_latest_only.py
[2022-01-22 13:21:27,504] {processor.py:625} INFO - Processing file /home/airflow/.local/lib/python3.7/site-packages/airflow/example_dags/example_latest_only.py for tasks to queue
[2022-01-22 13:21:27,505] {logging_mixin.py:109} INFO - [2022-01-22 13:21:27,505] {dagbag.py:500} INFO - Filling up the DagBag from /home/airflow/.local/lib/python3.7/site-packages/airflow/example_dags/example_latest_only.py
[2022-01-22 13:21:27,541] {processor.py:637} INFO - DAG(s) dict_keys(['latest_only']) retrieved from /home/airflow/.local/lib/python3.7/site-packages/airflow/example_dags/example_latest_only.py
[2022-01-22 13:21:27,555] {logging_mixin.py:109} INFO - [2022-01-22 13:21:27,555] {dag.py:2396} INFO - Sync 1 DAGs
[2022-01-22 13:21:27,577] {logging_mixin.py:109} INFO - [2022-01-22 13:21:27,577] {dag.py:2928} INFO - Setting next_dagrun for latest_only to 2022-01-22T09:21:27.577247+00:00
[2022-01-22 13:21:27,591] {processor.py:171} INFO - Processing /home/airflow/.local/lib/python3.7/site-packages/airflow/example_dags/example_latest_only.py took 0.094 seconds
