[2022-01-22 12:58:19,634] {processor.py:163} INFO - Started process (PID=85) to work on /home/airflow/.local/lib/python3.7/site-packages/airflow/example_dags/example_latest_only_with_trigger.py
[2022-01-22 12:58:19,653] {processor.py:625} INFO - Processing file /home/airflow/.local/lib/python3.7/site-packages/airflow/example_dags/example_latest_only_with_trigger.py for tasks to queue
[2022-01-22 12:58:19,656] {logging_mixin.py:109} INFO - [2022-01-22 12:58:19,656] {dagbag.py:500} INFO - Filling up the DagBag from /home/airflow/.local/lib/python3.7/site-packages/airflow/example_dags/example_latest_only_with_trigger.py
[2022-01-22 12:58:19,783] {processor.py:637} INFO - DAG(s) dict_keys(['latest_only_with_trigger']) retrieved from /home/airflow/.local/lib/python3.7/site-packages/airflow/example_dags/example_latest_only_with_trigger.py
[2022-01-22 12:58:19,842] {logging_mixin.py:109} INFO - [2022-01-22 12:58:19,842] {dag.py:2396} INFO - Sync 1 DAGs
[2022-01-22 12:58:19,940] {logging_mixin.py:109} INFO - [2022-01-22 12:58:19,939] {dag.py:2928} INFO - Setting next_dagrun for latest_only_with_trigger to 2022-01-22T08:58:19.939289+00:00
[2022-01-22 12:58:19,987] {processor.py:171} INFO - Processing /home/airflow/.local/lib/python3.7/site-packages/airflow/example_dags/example_latest_only_with_trigger.py took 0.370 seconds
[2022-01-22 12:59:06,608] {processor.py:163} INFO - Started process (PID=176) to work on /home/airflow/.local/lib/python3.7/site-packages/airflow/example_dags/example_latest_only_with_trigger.py
[2022-01-22 12:59:06,612] {processor.py:625} INFO - Processing file /home/airflow/.local/lib/python3.7/site-packages/airflow/example_dags/example_latest_only_with_trigger.py for tasks to queue
[2022-01-22 12:59:06,617] {logging_mixin.py:109} INFO - [2022-01-22 12:59:06,617] {dagbag.py:500} INFO - Filling up the DagBag from /home/airflow/.local/lib/python3.7/site-packages/airflow/example_dags/example_latest_only_with_trigger.py
[2022-01-22 12:59:06,787] {processor.py:637} INFO - DAG(s) dict_keys(['latest_only_with_trigger']) retrieved from /home/airflow/.local/lib/python3.7/site-packages/airflow/example_dags/example_latest_only_with_trigger.py
[2022-01-22 12:59:06,844] {logging_mixin.py:109} INFO - [2022-01-22 12:59:06,844] {dag.py:2396} INFO - Sync 1 DAGs
[2022-01-22 12:59:06,948] {logging_mixin.py:109} INFO - [2022-01-22 12:59:06,948] {dag.py:2928} INFO - Setting next_dagrun for latest_only_with_trigger to 2022-01-22T08:59:06.947014+00:00
[2022-01-22 12:59:06,989] {processor.py:171} INFO - Processing /home/airflow/.local/lib/python3.7/site-packages/airflow/example_dags/example_latest_only_with_trigger.py took 0.397 seconds
[2022-01-22 12:59:37,098] {processor.py:163} INFO - Started process (PID=254) to work on /home/airflow/.local/lib/python3.7/site-packages/airflow/example_dags/example_latest_only_with_trigger.py
[2022-01-22 12:59:37,102] {processor.py:625} INFO - Processing file /home/airflow/.local/lib/python3.7/site-packages/airflow/example_dags/example_latest_only_with_trigger.py for tasks to queue
[2022-01-22 12:59:37,104] {logging_mixin.py:109} INFO - [2022-01-22 12:59:37,104] {dagbag.py:500} INFO - Filling up the DagBag from /home/airflow/.local/lib/python3.7/site-packages/airflow/example_dags/example_latest_only_with_trigger.py
[2022-01-22 12:59:37,161] {processor.py:637} INFO - DAG(s) dict_keys(['latest_only_with_trigger']) retrieved from /home/airflow/.local/lib/python3.7/site-packages/airflow/example_dags/example_latest_only_with_trigger.py
[2022-01-22 12:59:37,183] {logging_mixin.py:109} INFO - [2022-01-22 12:59:37,183] {dag.py:2396} INFO - Sync 1 DAGs
[2022-01-22 12:59:37,216] {logging_mixin.py:109} INFO - [2022-01-22 12:59:37,216] {dag.py:2928} INFO - Setting next_dagrun for latest_only_with_trigger to 2022-01-22T08:59:37.215978+00:00
[2022-01-22 12:59:37,236] {processor.py:171} INFO - Processing /home/airflow/.local/lib/python3.7/site-packages/airflow/example_dags/example_latest_only_with_trigger.py took 0.145 seconds
[2022-01-22 13:00:07,650] {processor.py:163} INFO - Started process (PID=315) to work on /home/airflow/.local/lib/python3.7/site-packages/airflow/example_dags/example_latest_only_with_trigger.py
[2022-01-22 13:00:07,653] {processor.py:625} INFO - Processing file /home/airflow/.local/lib/python3.7/site-packages/airflow/example_dags/example_latest_only_with_trigger.py for tasks to queue
[2022-01-22 13:00:07,655] {logging_mixin.py:109} INFO - [2022-01-22 13:00:07,655] {dagbag.py:500} INFO - Filling up the DagBag from /home/airflow/.local/lib/python3.7/site-packages/airflow/example_dags/example_latest_only_with_trigger.py
[2022-01-22 13:00:07,715] {processor.py:637} INFO - DAG(s) dict_keys(['latest_only_with_trigger']) retrieved from /home/airflow/.local/lib/python3.7/site-packages/airflow/example_dags/example_latest_only_with_trigger.py
[2022-01-22 13:00:07,735] {logging_mixin.py:109} INFO - [2022-01-22 13:00:07,735] {dag.py:2396} INFO - Sync 1 DAGs
[2022-01-22 13:00:07,785] {logging_mixin.py:109} INFO - [2022-01-22 13:00:07,785] {dag.py:2928} INFO - Setting next_dagrun for latest_only_with_trigger to 2022-01-22T09:00:07.784652+00:00
[2022-01-22 13:00:07,812] {processor.py:171} INFO - Processing /home/airflow/.local/lib/python3.7/site-packages/airflow/example_dags/example_latest_only_with_trigger.py took 0.168 seconds
[2022-01-22 13:00:38,262] {processor.py:163} INFO - Started process (PID=375) to work on /home/airflow/.local/lib/python3.7/site-packages/airflow/example_dags/example_latest_only_with_trigger.py
[2022-01-22 13:00:38,264] {processor.py:625} INFO - Processing file /home/airflow/.local/lib/python3.7/site-packages/airflow/example_dags/example_latest_only_with_trigger.py for tasks to queue
[2022-01-22 13:00:38,265] {logging_mixin.py:109} INFO - [2022-01-22 13:00:38,265] {dagbag.py:500} INFO - Filling up the DagBag from /home/airflow/.local/lib/python3.7/site-packages/airflow/example_dags/example_latest_only_with_trigger.py
[2022-01-22 13:00:38,309] {processor.py:637} INFO - DAG(s) dict_keys(['latest_only_with_trigger']) retrieved from /home/airflow/.local/lib/python3.7/site-packages/airflow/example_dags/example_latest_only_with_trigger.py
[2022-01-22 13:00:38,329] {logging_mixin.py:109} INFO - [2022-01-22 13:00:38,328] {dag.py:2396} INFO - Sync 1 DAGs
[2022-01-22 13:00:38,361] {logging_mixin.py:109} INFO - [2022-01-22 13:00:38,360] {dag.py:2928} INFO - Setting next_dagrun for latest_only_with_trigger to 2022-01-22T09:00:38.360475+00:00
[2022-01-22 13:00:38,377] {processor.py:171} INFO - Processing /home/airflow/.local/lib/python3.7/site-packages/airflow/example_dags/example_latest_only_with_trigger.py took 0.121 seconds
[2022-01-22 13:01:08,680] {processor.py:163} INFO - Started process (PID=435) to work on /home/airflow/.local/lib/python3.7/site-packages/airflow/example_dags/example_latest_only_with_trigger.py
[2022-01-22 13:01:08,686] {processor.py:625} INFO - Processing file /home/airflow/.local/lib/python3.7/site-packages/airflow/example_dags/example_latest_only_with_trigger.py for tasks to queue
[2022-01-22 13:01:08,688] {logging_mixin.py:109} INFO - [2022-01-22 13:01:08,688] {dagbag.py:500} INFO - Filling up the DagBag from /home/airflow/.local/lib/python3.7/site-packages/airflow/example_dags/example_latest_only_with_trigger.py
[2022-01-22 13:01:08,757] {processor.py:637} INFO - DAG(s) dict_keys(['latest_only_with_trigger']) retrieved from /home/airflow/.local/lib/python3.7/site-packages/airflow/example_dags/example_latest_only_with_trigger.py
[2022-01-22 13:01:08,775] {logging_mixin.py:109} INFO - [2022-01-22 13:01:08,775] {dag.py:2396} INFO - Sync 1 DAGs
[2022-01-22 13:01:08,807] {logging_mixin.py:109} INFO - [2022-01-22 13:01:08,807] {dag.py:2928} INFO - Setting next_dagrun for latest_only_with_trigger to 2022-01-22T09:01:08.806830+00:00
[2022-01-22 13:01:08,824] {processor.py:171} INFO - Processing /home/airflow/.local/lib/python3.7/site-packages/airflow/example_dags/example_latest_only_with_trigger.py took 0.155 seconds
[2022-01-22 13:01:39,671] {processor.py:163} INFO - Started process (PID=497) to work on /home/airflow/.local/lib/python3.7/site-packages/airflow/example_dags/example_latest_only_with_trigger.py
[2022-01-22 13:01:39,675] {processor.py:625} INFO - Processing file /home/airflow/.local/lib/python3.7/site-packages/airflow/example_dags/example_latest_only_with_trigger.py for tasks to queue
[2022-01-22 13:01:39,677] {logging_mixin.py:109} INFO - [2022-01-22 13:01:39,677] {dagbag.py:500} INFO - Filling up the DagBag from /home/airflow/.local/lib/python3.7/site-packages/airflow/example_dags/example_latest_only_with_trigger.py
[2022-01-22 13:01:39,772] {processor.py:637} INFO - DAG(s) dict_keys(['latest_only_with_trigger']) retrieved from /home/airflow/.local/lib/python3.7/site-packages/airflow/example_dags/example_latest_only_with_trigger.py
[2022-01-22 13:01:39,820] {logging_mixin.py:109} INFO - [2022-01-22 13:01:39,820] {dag.py:2396} INFO - Sync 1 DAGs
[2022-01-22 13:01:39,886] {logging_mixin.py:109} INFO - [2022-01-22 13:01:39,886] {dag.py:2928} INFO - Setting next_dagrun for latest_only_with_trigger to 2022-01-22T09:01:39.885734+00:00
[2022-01-22 13:01:39,914] {processor.py:171} INFO - Processing /home/airflow/.local/lib/python3.7/site-packages/airflow/example_dags/example_latest_only_with_trigger.py took 0.248 seconds
[2022-01-22 13:02:10,350] {processor.py:163} INFO - Started process (PID=557) to work on /home/airflow/.local/lib/python3.7/site-packages/airflow/example_dags/example_latest_only_with_trigger.py
[2022-01-22 13:02:10,353] {processor.py:625} INFO - Processing file /home/airflow/.local/lib/python3.7/site-packages/airflow/example_dags/example_latest_only_with_trigger.py for tasks to queue
[2022-01-22 13:02:10,355] {logging_mixin.py:109} INFO - [2022-01-22 13:02:10,354] {dagbag.py:500} INFO - Filling up the DagBag from /home/airflow/.local/lib/python3.7/site-packages/airflow/example_dags/example_latest_only_with_trigger.py
[2022-01-22 13:02:10,393] {processor.py:637} INFO - DAG(s) dict_keys(['latest_only_with_trigger']) retrieved from /home/airflow/.local/lib/python3.7/site-packages/airflow/example_dags/example_latest_only_with_trigger.py
[2022-01-22 13:02:10,409] {logging_mixin.py:109} INFO - [2022-01-22 13:02:10,409] {dag.py:2396} INFO - Sync 1 DAGs
[2022-01-22 13:02:10,435] {logging_mixin.py:109} INFO - [2022-01-22 13:02:10,434] {dag.py:2928} INFO - Setting next_dagrun for latest_only_with_trigger to 2022-01-22T09:02:10.434566+00:00
[2022-01-22 13:02:10,449] {processor.py:171} INFO - Processing /home/airflow/.local/lib/python3.7/site-packages/airflow/example_dags/example_latest_only_with_trigger.py took 0.104 seconds
[2022-01-22 13:02:41,154] {processor.py:163} INFO - Started process (PID=617) to work on /home/airflow/.local/lib/python3.7/site-packages/airflow/example_dags/example_latest_only_with_trigger.py
[2022-01-22 13:02:41,157] {processor.py:625} INFO - Processing file /home/airflow/.local/lib/python3.7/site-packages/airflow/example_dags/example_latest_only_with_trigger.py for tasks to queue
[2022-01-22 13:02:41,159] {logging_mixin.py:109} INFO - [2022-01-22 13:02:41,158] {dagbag.py:500} INFO - Filling up the DagBag from /home/airflow/.local/lib/python3.7/site-packages/airflow/example_dags/example_latest_only_with_trigger.py
[2022-01-22 13:02:41,214] {processor.py:637} INFO - DAG(s) dict_keys(['latest_only_with_trigger']) retrieved from /home/airflow/.local/lib/python3.7/site-packages/airflow/example_dags/example_latest_only_with_trigger.py
[2022-01-22 13:02:41,241] {logging_mixin.py:109} INFO - [2022-01-22 13:02:41,240] {dag.py:2396} INFO - Sync 1 DAGs
[2022-01-22 13:02:41,278] {logging_mixin.py:109} INFO - [2022-01-22 13:02:41,278] {dag.py:2928} INFO - Setting next_dagrun for latest_only_with_trigger to 2022-01-22T09:02:41.277923+00:00
[2022-01-22 13:02:41,300] {processor.py:171} INFO - Processing /home/airflow/.local/lib/python3.7/site-packages/airflow/example_dags/example_latest_only_with_trigger.py took 0.153 seconds
[2022-01-22 13:03:11,956] {processor.py:163} INFO - Started process (PID=680) to work on /home/airflow/.local/lib/python3.7/site-packages/airflow/example_dags/example_latest_only_with_trigger.py
[2022-01-22 13:03:11,959] {processor.py:625} INFO - Processing file /home/airflow/.local/lib/python3.7/site-packages/airflow/example_dags/example_latest_only_with_trigger.py for tasks to queue
[2022-01-22 13:03:11,960] {logging_mixin.py:109} INFO - [2022-01-22 13:03:11,960] {dagbag.py:500} INFO - Filling up the DagBag from /home/airflow/.local/lib/python3.7/site-packages/airflow/example_dags/example_latest_only_with_trigger.py
[2022-01-22 13:03:12,003] {processor.py:637} INFO - DAG(s) dict_keys(['latest_only_with_trigger']) retrieved from /home/airflow/.local/lib/python3.7/site-packages/airflow/example_dags/example_latest_only_with_trigger.py
[2022-01-22 13:03:12,023] {logging_mixin.py:109} INFO - [2022-01-22 13:03:12,023] {dag.py:2396} INFO - Sync 1 DAGs
[2022-01-22 13:03:12,058] {logging_mixin.py:109} INFO - [2022-01-22 13:03:12,058] {dag.py:2928} INFO - Setting next_dagrun for latest_only_with_trigger to 2022-01-22T09:03:12.058255+00:00
[2022-01-22 13:03:12,081] {processor.py:171} INFO - Processing /home/airflow/.local/lib/python3.7/site-packages/airflow/example_dags/example_latest_only_with_trigger.py took 0.130 seconds
[2022-01-22 13:03:42,254] {processor.py:163} INFO - Started process (PID=740) to work on /home/airflow/.local/lib/python3.7/site-packages/airflow/example_dags/example_latest_only_with_trigger.py
[2022-01-22 13:03:42,262] {processor.py:625} INFO - Processing file /home/airflow/.local/lib/python3.7/site-packages/airflow/example_dags/example_latest_only_with_trigger.py for tasks to queue
[2022-01-22 13:03:42,264] {logging_mixin.py:109} INFO - [2022-01-22 13:03:42,264] {dagbag.py:500} INFO - Filling up the DagBag from /home/airflow/.local/lib/python3.7/site-packages/airflow/example_dags/example_latest_only_with_trigger.py
[2022-01-22 13:03:42,370] {processor.py:637} INFO - DAG(s) dict_keys(['latest_only_with_trigger']) retrieved from /home/airflow/.local/lib/python3.7/site-packages/airflow/example_dags/example_latest_only_with_trigger.py
[2022-01-22 13:03:42,394] {logging_mixin.py:109} INFO - [2022-01-22 13:03:42,394] {dag.py:2396} INFO - Sync 1 DAGs
[2022-01-22 13:03:42,445] {logging_mixin.py:109} INFO - [2022-01-22 13:03:42,445] {dag.py:2928} INFO - Setting next_dagrun for latest_only_with_trigger to 2022-01-22T09:03:42.445178+00:00
[2022-01-22 13:03:42,474] {processor.py:171} INFO - Processing /home/airflow/.local/lib/python3.7/site-packages/airflow/example_dags/example_latest_only_with_trigger.py took 0.226 seconds
[2022-01-22 13:04:13,157] {processor.py:163} INFO - Started process (PID=800) to work on /home/airflow/.local/lib/python3.7/site-packages/airflow/example_dags/example_latest_only_with_trigger.py
[2022-01-22 13:04:13,160] {processor.py:625} INFO - Processing file /home/airflow/.local/lib/python3.7/site-packages/airflow/example_dags/example_latest_only_with_trigger.py for tasks to queue
[2022-01-22 13:04:13,161] {logging_mixin.py:109} INFO - [2022-01-22 13:04:13,161] {dagbag.py:500} INFO - Filling up the DagBag from /home/airflow/.local/lib/python3.7/site-packages/airflow/example_dags/example_latest_only_with_trigger.py
[2022-01-22 13:04:13,202] {processor.py:637} INFO - DAG(s) dict_keys(['latest_only_with_trigger']) retrieved from /home/airflow/.local/lib/python3.7/site-packages/airflow/example_dags/example_latest_only_with_trigger.py
[2022-01-22 13:04:13,217] {logging_mixin.py:109} INFO - [2022-01-22 13:04:13,217] {dag.py:2396} INFO - Sync 1 DAGs
[2022-01-22 13:04:13,243] {logging_mixin.py:109} INFO - [2022-01-22 13:04:13,243] {dag.py:2928} INFO - Setting next_dagrun for latest_only_with_trigger to 2022-01-22T09:04:13.241596+00:00
[2022-01-22 13:04:13,268] {processor.py:171} INFO - Processing /home/airflow/.local/lib/python3.7/site-packages/airflow/example_dags/example_latest_only_with_trigger.py took 0.115 seconds
[2022-01-22 13:04:43,785] {processor.py:163} INFO - Started process (PID=852) to work on /home/airflow/.local/lib/python3.7/site-packages/airflow/example_dags/example_latest_only_with_trigger.py
[2022-01-22 13:04:43,791] {processor.py:625} INFO - Processing file /home/airflow/.local/lib/python3.7/site-packages/airflow/example_dags/example_latest_only_with_trigger.py for tasks to queue
[2022-01-22 13:04:43,796] {logging_mixin.py:109} INFO - [2022-01-22 13:04:43,796] {dagbag.py:500} INFO - Filling up the DagBag from /home/airflow/.local/lib/python3.7/site-packages/airflow/example_dags/example_latest_only_with_trigger.py
[2022-01-22 13:04:43,909] {processor.py:637} INFO - DAG(s) dict_keys(['latest_only_with_trigger']) retrieved from /home/airflow/.local/lib/python3.7/site-packages/airflow/example_dags/example_latest_only_with_trigger.py
[2022-01-22 13:04:43,955] {logging_mixin.py:109} INFO - [2022-01-22 13:04:43,954] {dag.py:2396} INFO - Sync 1 DAGs
[2022-01-22 13:04:44,029] {logging_mixin.py:109} INFO - [2022-01-22 13:04:44,028] {dag.py:2928} INFO - Setting next_dagrun for latest_only_with_trigger to 2022-01-22T09:04:44.027744+00:00
[2022-01-22 13:04:44,072] {processor.py:171} INFO - Processing /home/airflow/.local/lib/python3.7/site-packages/airflow/example_dags/example_latest_only_with_trigger.py took 0.302 seconds
[2022-01-22 13:05:14,846] {processor.py:163} INFO - Started process (PID=921) to work on /home/airflow/.local/lib/python3.7/site-packages/airflow/example_dags/example_latest_only_with_trigger.py
[2022-01-22 13:05:14,848] {processor.py:625} INFO - Processing file /home/airflow/.local/lib/python3.7/site-packages/airflow/example_dags/example_latest_only_with_trigger.py for tasks to queue
[2022-01-22 13:05:14,849] {logging_mixin.py:109} INFO - [2022-01-22 13:05:14,849] {dagbag.py:500} INFO - Filling up the DagBag from /home/airflow/.local/lib/python3.7/site-packages/airflow/example_dags/example_latest_only_with_trigger.py
[2022-01-22 13:05:14,885] {processor.py:637} INFO - DAG(s) dict_keys(['latest_only_with_trigger']) retrieved from /home/airflow/.local/lib/python3.7/site-packages/airflow/example_dags/example_latest_only_with_trigger.py
[2022-01-22 13:05:14,898] {logging_mixin.py:109} INFO - [2022-01-22 13:05:14,898] {dag.py:2396} INFO - Sync 1 DAGs
[2022-01-22 13:05:14,919] {logging_mixin.py:109} INFO - [2022-01-22 13:05:14,919] {dag.py:2928} INFO - Setting next_dagrun for latest_only_with_trigger to 2022-01-22T09:05:14.919289+00:00
[2022-01-22 13:05:14,934] {processor.py:171} INFO - Processing /home/airflow/.local/lib/python3.7/site-packages/airflow/example_dags/example_latest_only_with_trigger.py took 0.093 seconds
[2022-01-22 13:05:45,666] {processor.py:163} INFO - Started process (PID=982) to work on /home/airflow/.local/lib/python3.7/site-packages/airflow/example_dags/example_latest_only_with_trigger.py
[2022-01-22 13:05:45,667] {processor.py:625} INFO - Processing file /home/airflow/.local/lib/python3.7/site-packages/airflow/example_dags/example_latest_only_with_trigger.py for tasks to queue
[2022-01-22 13:05:45,669] {logging_mixin.py:109} INFO - [2022-01-22 13:05:45,668] {dagbag.py:500} INFO - Filling up the DagBag from /home/airflow/.local/lib/python3.7/site-packages/airflow/example_dags/example_latest_only_with_trigger.py
[2022-01-22 13:05:45,713] {processor.py:637} INFO - DAG(s) dict_keys(['latest_only_with_trigger']) retrieved from /home/airflow/.local/lib/python3.7/site-packages/airflow/example_dags/example_latest_only_with_trigger.py
[2022-01-22 13:05:45,733] {logging_mixin.py:109} INFO - [2022-01-22 13:05:45,732] {dag.py:2396} INFO - Sync 1 DAGs
[2022-01-22 13:05:45,756] {logging_mixin.py:109} INFO - [2022-01-22 13:05:45,756] {dag.py:2928} INFO - Setting next_dagrun for latest_only_with_trigger to 2022-01-22T09:05:45.755633+00:00
[2022-01-22 13:05:45,771] {processor.py:171} INFO - Processing /home/airflow/.local/lib/python3.7/site-packages/airflow/example_dags/example_latest_only_with_trigger.py took 0.109 seconds
[2022-01-22 13:06:16,549] {processor.py:163} INFO - Started process (PID=1044) to work on /home/airflow/.local/lib/python3.7/site-packages/airflow/example_dags/example_latest_only_with_trigger.py
[2022-01-22 13:06:16,554] {processor.py:625} INFO - Processing file /home/airflow/.local/lib/python3.7/site-packages/airflow/example_dags/example_latest_only_with_trigger.py for tasks to queue
[2022-01-22 13:06:16,557] {logging_mixin.py:109} INFO - [2022-01-22 13:06:16,557] {dagbag.py:500} INFO - Filling up the DagBag from /home/airflow/.local/lib/python3.7/site-packages/airflow/example_dags/example_latest_only_with_trigger.py
[2022-01-22 13:06:16,669] {processor.py:637} INFO - DAG(s) dict_keys(['latest_only_with_trigger']) retrieved from /home/airflow/.local/lib/python3.7/site-packages/airflow/example_dags/example_latest_only_with_trigger.py
[2022-01-22 13:06:16,715] {logging_mixin.py:109} INFO - [2022-01-22 13:06:16,714] {dag.py:2396} INFO - Sync 1 DAGs
[2022-01-22 13:06:16,776] {logging_mixin.py:109} INFO - [2022-01-22 13:06:16,776] {dag.py:2928} INFO - Setting next_dagrun for latest_only_with_trigger to 2022-01-22T09:06:16.775332+00:00
[2022-01-22 13:06:17,014] {processor.py:171} INFO - Processing /home/airflow/.local/lib/python3.7/site-packages/airflow/example_dags/example_latest_only_with_trigger.py took 0.479 seconds
[2022-01-22 13:06:47,698] {processor.py:163} INFO - Started process (PID=1105) to work on /home/airflow/.local/lib/python3.7/site-packages/airflow/example_dags/example_latest_only_with_trigger.py
[2022-01-22 13:06:47,703] {processor.py:625} INFO - Processing file /home/airflow/.local/lib/python3.7/site-packages/airflow/example_dags/example_latest_only_with_trigger.py for tasks to queue
[2022-01-22 13:06:47,706] {logging_mixin.py:109} INFO - [2022-01-22 13:06:47,706] {dagbag.py:500} INFO - Filling up the DagBag from /home/airflow/.local/lib/python3.7/site-packages/airflow/example_dags/example_latest_only_with_trigger.py
[2022-01-22 13:06:47,815] {processor.py:637} INFO - DAG(s) dict_keys(['latest_only_with_trigger']) retrieved from /home/airflow/.local/lib/python3.7/site-packages/airflow/example_dags/example_latest_only_with_trigger.py
[2022-01-22 13:06:47,864] {logging_mixin.py:109} INFO - [2022-01-22 13:06:47,863] {dag.py:2396} INFO - Sync 1 DAGs
[2022-01-22 13:06:48,208] {logging_mixin.py:109} INFO - [2022-01-22 13:06:48,207] {dag.py:2928} INFO - Setting next_dagrun for latest_only_with_trigger to 2022-01-22T09:06:48.206738+00:00
[2022-01-22 13:06:48,246] {processor.py:171} INFO - Processing /home/airflow/.local/lib/python3.7/site-packages/airflow/example_dags/example_latest_only_with_trigger.py took 0.563 seconds
[2022-01-22 13:07:18,855] {processor.py:163} INFO - Started process (PID=1167) to work on /home/airflow/.local/lib/python3.7/site-packages/airflow/example_dags/example_latest_only_with_trigger.py
[2022-01-22 13:07:18,861] {processor.py:625} INFO - Processing file /home/airflow/.local/lib/python3.7/site-packages/airflow/example_dags/example_latest_only_with_trigger.py for tasks to queue
[2022-01-22 13:07:18,864] {logging_mixin.py:109} INFO - [2022-01-22 13:07:18,864] {dagbag.py:500} INFO - Filling up the DagBag from /home/airflow/.local/lib/python3.7/site-packages/airflow/example_dags/example_latest_only_with_trigger.py
[2022-01-22 13:07:18,973] {processor.py:637} INFO - DAG(s) dict_keys(['latest_only_with_trigger']) retrieved from /home/airflow/.local/lib/python3.7/site-packages/airflow/example_dags/example_latest_only_with_trigger.py
[2022-01-22 13:07:19,016] {logging_mixin.py:109} INFO - [2022-01-22 13:07:19,016] {dag.py:2396} INFO - Sync 1 DAGs
[2022-01-22 13:07:19,273] {logging_mixin.py:109} INFO - [2022-01-22 13:07:19,272] {dag.py:2928} INFO - Setting next_dagrun for latest_only_with_trigger to 2022-01-22T09:07:19.272497+00:00
[2022-01-22 13:07:19,291] {processor.py:171} INFO - Processing /home/airflow/.local/lib/python3.7/site-packages/airflow/example_dags/example_latest_only_with_trigger.py took 0.448 seconds
[2022-01-22 13:07:49,469] {processor.py:163} INFO - Started process (PID=1227) to work on /home/airflow/.local/lib/python3.7/site-packages/airflow/example_dags/example_latest_only_with_trigger.py
[2022-01-22 13:07:49,474] {processor.py:625} INFO - Processing file /home/airflow/.local/lib/python3.7/site-packages/airflow/example_dags/example_latest_only_with_trigger.py for tasks to queue
[2022-01-22 13:07:49,477] {logging_mixin.py:109} INFO - [2022-01-22 13:07:49,477] {dagbag.py:500} INFO - Filling up the DagBag from /home/airflow/.local/lib/python3.7/site-packages/airflow/example_dags/example_latest_only_with_trigger.py
[2022-01-22 13:07:49,592] {processor.py:637} INFO - DAG(s) dict_keys(['latest_only_with_trigger']) retrieved from /home/airflow/.local/lib/python3.7/site-packages/airflow/example_dags/example_latest_only_with_trigger.py
[2022-01-22 13:07:49,633] {logging_mixin.py:109} INFO - [2022-01-22 13:07:49,633] {dag.py:2396} INFO - Sync 1 DAGs
[2022-01-22 13:07:49,882] {logging_mixin.py:109} INFO - [2022-01-22 13:07:49,882] {dag.py:2928} INFO - Setting next_dagrun for latest_only_with_trigger to 2022-01-22T09:07:49.881938+00:00
[2022-01-22 13:07:49,904] {processor.py:171} INFO - Processing /home/airflow/.local/lib/python3.7/site-packages/airflow/example_dags/example_latest_only_with_trigger.py took 0.448 seconds
[2022-01-22 13:08:20,468] {processor.py:163} INFO - Started process (PID=1289) to work on /home/airflow/.local/lib/python3.7/site-packages/airflow/example_dags/example_latest_only_with_trigger.py
[2022-01-22 13:08:20,474] {processor.py:625} INFO - Processing file /home/airflow/.local/lib/python3.7/site-packages/airflow/example_dags/example_latest_only_with_trigger.py for tasks to queue
[2022-01-22 13:08:20,478] {logging_mixin.py:109} INFO - [2022-01-22 13:08:20,477] {dagbag.py:500} INFO - Filling up the DagBag from /home/airflow/.local/lib/python3.7/site-packages/airflow/example_dags/example_latest_only_with_trigger.py
[2022-01-22 13:08:20,619] {processor.py:637} INFO - DAG(s) dict_keys(['latest_only_with_trigger']) retrieved from /home/airflow/.local/lib/python3.7/site-packages/airflow/example_dags/example_latest_only_with_trigger.py
[2022-01-22 13:08:20,779] {logging_mixin.py:109} INFO - [2022-01-22 13:08:20,779] {dag.py:2396} INFO - Sync 1 DAGs
[2022-01-22 13:08:20,812] {logging_mixin.py:109} INFO - [2022-01-22 13:08:20,811] {dag.py:2928} INFO - Setting next_dagrun for latest_only_with_trigger to 2022-01-22T09:08:20.811324+00:00
[2022-01-22 13:08:20,838] {processor.py:171} INFO - Processing /home/airflow/.local/lib/python3.7/site-packages/airflow/example_dags/example_latest_only_with_trigger.py took 0.383 seconds
[2022-01-22 13:08:51,367] {processor.py:163} INFO - Started process (PID=1361) to work on /home/airflow/.local/lib/python3.7/site-packages/airflow/example_dags/example_latest_only_with_trigger.py
[2022-01-22 13:08:51,369] {processor.py:625} INFO - Processing file /home/airflow/.local/lib/python3.7/site-packages/airflow/example_dags/example_latest_only_with_trigger.py for tasks to queue
[2022-01-22 13:08:51,370] {logging_mixin.py:109} INFO - [2022-01-22 13:08:51,369] {dagbag.py:500} INFO - Filling up the DagBag from /home/airflow/.local/lib/python3.7/site-packages/airflow/example_dags/example_latest_only_with_trigger.py
[2022-01-22 13:08:51,507] {processor.py:637} INFO - DAG(s) dict_keys(['latest_only_with_trigger']) retrieved from /home/airflow/.local/lib/python3.7/site-packages/airflow/example_dags/example_latest_only_with_trigger.py
[2022-01-22 13:08:51,521] {logging_mixin.py:109} INFO - [2022-01-22 13:08:51,521] {dag.py:2396} INFO - Sync 1 DAGs
[2022-01-22 13:08:51,543] {logging_mixin.py:109} INFO - [2022-01-22 13:08:51,543] {dag.py:2928} INFO - Setting next_dagrun for latest_only_with_trigger to 2022-01-22T09:08:51.542860+00:00
[2022-01-22 13:08:51,557] {processor.py:171} INFO - Processing /home/airflow/.local/lib/python3.7/site-packages/airflow/example_dags/example_latest_only_with_trigger.py took 0.195 seconds
[2022-01-22 13:09:21,691] {processor.py:163} INFO - Started process (PID=1424) to work on /home/airflow/.local/lib/python3.7/site-packages/airflow/example_dags/example_latest_only_with_trigger.py
[2022-01-22 13:09:21,693] {processor.py:625} INFO - Processing file /home/airflow/.local/lib/python3.7/site-packages/airflow/example_dags/example_latest_only_with_trigger.py for tasks to queue
[2022-01-22 13:09:21,694] {logging_mixin.py:109} INFO - [2022-01-22 13:09:21,694] {dagbag.py:500} INFO - Filling up the DagBag from /home/airflow/.local/lib/python3.7/site-packages/airflow/example_dags/example_latest_only_with_trigger.py
[2022-01-22 13:09:21,864] {processor.py:637} INFO - DAG(s) dict_keys(['latest_only_with_trigger']) retrieved from /home/airflow/.local/lib/python3.7/site-packages/airflow/example_dags/example_latest_only_with_trigger.py
[2022-01-22 13:09:21,888] {logging_mixin.py:109} INFO - [2022-01-22 13:09:21,888] {dag.py:2396} INFO - Sync 1 DAGs
[2022-01-22 13:09:21,917] {logging_mixin.py:109} INFO - [2022-01-22 13:09:21,917] {dag.py:2928} INFO - Setting next_dagrun for latest_only_with_trigger to 2022-01-22T09:09:21.917324+00:00
[2022-01-22 13:09:21,936] {processor.py:171} INFO - Processing /home/airflow/.local/lib/python3.7/site-packages/airflow/example_dags/example_latest_only_with_trigger.py took 0.251 seconds
[2022-01-22 13:09:52,051] {processor.py:163} INFO - Started process (PID=1485) to work on /home/airflow/.local/lib/python3.7/site-packages/airflow/example_dags/example_latest_only_with_trigger.py
[2022-01-22 13:09:52,055] {processor.py:625} INFO - Processing file /home/airflow/.local/lib/python3.7/site-packages/airflow/example_dags/example_latest_only_with_trigger.py for tasks to queue
[2022-01-22 13:09:52,057] {logging_mixin.py:109} INFO - [2022-01-22 13:09:52,057] {dagbag.py:500} INFO - Filling up the DagBag from /home/airflow/.local/lib/python3.7/site-packages/airflow/example_dags/example_latest_only_with_trigger.py
[2022-01-22 13:09:52,317] {processor.py:637} INFO - DAG(s) dict_keys(['latest_only_with_trigger']) retrieved from /home/airflow/.local/lib/python3.7/site-packages/airflow/example_dags/example_latest_only_with_trigger.py
[2022-01-22 13:09:52,335] {logging_mixin.py:109} INFO - [2022-01-22 13:09:52,335] {dag.py:2396} INFO - Sync 1 DAGs
[2022-01-22 13:09:52,362] {logging_mixin.py:109} INFO - [2022-01-22 13:09:52,362] {dag.py:2928} INFO - Setting next_dagrun for latest_only_with_trigger to 2022-01-22T09:09:52.361747+00:00
[2022-01-22 13:09:52,380] {processor.py:171} INFO - Processing /home/airflow/.local/lib/python3.7/site-packages/airflow/example_dags/example_latest_only_with_trigger.py took 0.339 seconds
[2022-01-22 13:10:22,654] {processor.py:163} INFO - Started process (PID=1546) to work on /home/airflow/.local/lib/python3.7/site-packages/airflow/example_dags/example_latest_only_with_trigger.py
[2022-01-22 13:10:22,657] {processor.py:625} INFO - Processing file /home/airflow/.local/lib/python3.7/site-packages/airflow/example_dags/example_latest_only_with_trigger.py for tasks to queue
[2022-01-22 13:10:22,659] {logging_mixin.py:109} INFO - [2022-01-22 13:10:22,659] {dagbag.py:500} INFO - Filling up the DagBag from /home/airflow/.local/lib/python3.7/site-packages/airflow/example_dags/example_latest_only_with_trigger.py
[2022-01-22 13:10:22,854] {processor.py:637} INFO - DAG(s) dict_keys(['latest_only_with_trigger']) retrieved from /home/airflow/.local/lib/python3.7/site-packages/airflow/example_dags/example_latest_only_with_trigger.py
[2022-01-22 13:10:22,871] {logging_mixin.py:109} INFO - [2022-01-22 13:10:22,871] {dag.py:2396} INFO - Sync 1 DAGs
[2022-01-22 13:10:22,906] {logging_mixin.py:109} INFO - [2022-01-22 13:10:22,906] {dag.py:2928} INFO - Setting next_dagrun for latest_only_with_trigger to 2022-01-22T09:10:22.905899+00:00
[2022-01-22 13:10:22,923] {processor.py:171} INFO - Processing /home/airflow/.local/lib/python3.7/site-packages/airflow/example_dags/example_latest_only_with_trigger.py took 0.279 seconds
[2022-01-22 13:10:53,108] {processor.py:163} INFO - Started process (PID=1606) to work on /home/airflow/.local/lib/python3.7/site-packages/airflow/example_dags/example_latest_only_with_trigger.py
[2022-01-22 13:10:53,111] {processor.py:625} INFO - Processing file /home/airflow/.local/lib/python3.7/site-packages/airflow/example_dags/example_latest_only_with_trigger.py for tasks to queue
[2022-01-22 13:10:53,113] {logging_mixin.py:109} INFO - [2022-01-22 13:10:53,113] {dagbag.py:500} INFO - Filling up the DagBag from /home/airflow/.local/lib/python3.7/site-packages/airflow/example_dags/example_latest_only_with_trigger.py
[2022-01-22 13:10:53,169] {processor.py:637} INFO - DAG(s) dict_keys(['latest_only_with_trigger']) retrieved from /home/airflow/.local/lib/python3.7/site-packages/airflow/example_dags/example_latest_only_with_trigger.py
[2022-01-22 13:10:53,185] {logging_mixin.py:109} INFO - [2022-01-22 13:10:53,185] {dag.py:2396} INFO - Sync 1 DAGs
[2022-01-22 13:10:53,207] {logging_mixin.py:109} INFO - [2022-01-22 13:10:53,207] {dag.py:2928} INFO - Setting next_dagrun for latest_only_with_trigger to 2022-01-22T09:10:53.207463+00:00
[2022-01-22 13:10:53,223] {processor.py:171} INFO - Processing /home/airflow/.local/lib/python3.7/site-packages/airflow/example_dags/example_latest_only_with_trigger.py took 0.122 seconds
[2022-01-22 13:11:23,668] {processor.py:163} INFO - Started process (PID=1667) to work on /home/airflow/.local/lib/python3.7/site-packages/airflow/example_dags/example_latest_only_with_trigger.py
[2022-01-22 13:11:23,674] {processor.py:625} INFO - Processing file /home/airflow/.local/lib/python3.7/site-packages/airflow/example_dags/example_latest_only_with_trigger.py for tasks to queue
[2022-01-22 13:11:23,678] {logging_mixin.py:109} INFO - [2022-01-22 13:11:23,677] {dagbag.py:500} INFO - Filling up the DagBag from /home/airflow/.local/lib/python3.7/site-packages/airflow/example_dags/example_latest_only_with_trigger.py
[2022-01-22 13:11:23,804] {processor.py:637} INFO - DAG(s) dict_keys(['latest_only_with_trigger']) retrieved from /home/airflow/.local/lib/python3.7/site-packages/airflow/example_dags/example_latest_only_with_trigger.py
[2022-01-22 13:11:23,848] {logging_mixin.py:109} INFO - [2022-01-22 13:11:23,848] {dag.py:2396} INFO - Sync 1 DAGs
[2022-01-22 13:11:23,947] {logging_mixin.py:109} INFO - [2022-01-22 13:11:23,938] {dag.py:2928} INFO - Setting next_dagrun for latest_only_with_trigger to 2022-01-22T09:11:23.937343+00:00
[2022-01-22 13:11:23,991] {processor.py:171} INFO - Processing /home/airflow/.local/lib/python3.7/site-packages/airflow/example_dags/example_latest_only_with_trigger.py took 0.339 seconds
[2022-01-22 13:11:54,386] {processor.py:163} INFO - Started process (PID=1728) to work on /home/airflow/.local/lib/python3.7/site-packages/airflow/example_dags/example_latest_only_with_trigger.py
[2022-01-22 13:11:54,391] {processor.py:625} INFO - Processing file /home/airflow/.local/lib/python3.7/site-packages/airflow/example_dags/example_latest_only_with_trigger.py for tasks to queue
[2022-01-22 13:11:54,395] {logging_mixin.py:109} INFO - [2022-01-22 13:11:54,395] {dagbag.py:500} INFO - Filling up the DagBag from /home/airflow/.local/lib/python3.7/site-packages/airflow/example_dags/example_latest_only_with_trigger.py
[2022-01-22 13:11:54,567] {processor.py:637} INFO - DAG(s) dict_keys(['latest_only_with_trigger']) retrieved from /home/airflow/.local/lib/python3.7/site-packages/airflow/example_dags/example_latest_only_with_trigger.py
[2022-01-22 13:11:54,608] {logging_mixin.py:109} INFO - [2022-01-22 13:11:54,607] {dag.py:2396} INFO - Sync 1 DAGs
[2022-01-22 13:11:54,689] {logging_mixin.py:109} INFO - [2022-01-22 13:11:54,688] {dag.py:2928} INFO - Setting next_dagrun for latest_only_with_trigger to 2022-01-22T09:11:54.687782+00:00
[2022-01-22 13:11:54,728] {processor.py:171} INFO - Processing /home/airflow/.local/lib/python3.7/site-packages/airflow/example_dags/example_latest_only_with_trigger.py took 0.356 seconds
[2022-01-22 13:12:25,330] {processor.py:163} INFO - Started process (PID=1797) to work on /home/airflow/.local/lib/python3.7/site-packages/airflow/example_dags/example_latest_only_with_trigger.py
[2022-01-22 13:12:25,336] {processor.py:625} INFO - Processing file /home/airflow/.local/lib/python3.7/site-packages/airflow/example_dags/example_latest_only_with_trigger.py for tasks to queue
[2022-01-22 13:12:25,339] {logging_mixin.py:109} INFO - [2022-01-22 13:12:25,338] {dagbag.py:500} INFO - Filling up the DagBag from /home/airflow/.local/lib/python3.7/site-packages/airflow/example_dags/example_latest_only_with_trigger.py
[2022-01-22 13:12:25,457] {processor.py:637} INFO - DAG(s) dict_keys(['latest_only_with_trigger']) retrieved from /home/airflow/.local/lib/python3.7/site-packages/airflow/example_dags/example_latest_only_with_trigger.py
[2022-01-22 13:12:25,489] {logging_mixin.py:109} INFO - [2022-01-22 13:12:25,489] {dag.py:2396} INFO - Sync 1 DAGs
[2022-01-22 13:12:25,512] {logging_mixin.py:109} INFO - [2022-01-22 13:12:25,512] {dag.py:2928} INFO - Setting next_dagrun for latest_only_with_trigger to 2022-01-22T09:12:25.512002+00:00
[2022-01-22 13:12:25,525] {processor.py:171} INFO - Processing /home/airflow/.local/lib/python3.7/site-packages/airflow/example_dags/example_latest_only_with_trigger.py took 0.208 seconds
[2022-01-22 13:12:56,576] {processor.py:163} INFO - Started process (PID=1858) to work on /home/airflow/.local/lib/python3.7/site-packages/airflow/example_dags/example_latest_only_with_trigger.py
[2022-01-22 13:12:56,580] {processor.py:625} INFO - Processing file /home/airflow/.local/lib/python3.7/site-packages/airflow/example_dags/example_latest_only_with_trigger.py for tasks to queue
[2022-01-22 13:12:56,583] {logging_mixin.py:109} INFO - [2022-01-22 13:12:56,583] {dagbag.py:500} INFO - Filling up the DagBag from /home/airflow/.local/lib/python3.7/site-packages/airflow/example_dags/example_latest_only_with_trigger.py
[2022-01-22 13:12:56,666] {processor.py:637} INFO - DAG(s) dict_keys(['latest_only_with_trigger']) retrieved from /home/airflow/.local/lib/python3.7/site-packages/airflow/example_dags/example_latest_only_with_trigger.py
[2022-01-22 13:12:56,684] {logging_mixin.py:109} INFO - [2022-01-22 13:12:56,684] {dag.py:2396} INFO - Sync 1 DAGs
[2022-01-22 13:12:56,714] {logging_mixin.py:109} INFO - [2022-01-22 13:12:56,713] {dag.py:2928} INFO - Setting next_dagrun for latest_only_with_trigger to 2022-01-22T09:12:56.713503+00:00
[2022-01-22 13:12:56,728] {processor.py:171} INFO - Processing /home/airflow/.local/lib/python3.7/site-packages/airflow/example_dags/example_latest_only_with_trigger.py took 0.161 seconds
[2022-01-22 13:13:27,124] {processor.py:163} INFO - Started process (PID=1920) to work on /home/airflow/.local/lib/python3.7/site-packages/airflow/example_dags/example_latest_only_with_trigger.py
[2022-01-22 13:13:27,135] {processor.py:625} INFO - Processing file /home/airflow/.local/lib/python3.7/site-packages/airflow/example_dags/example_latest_only_with_trigger.py for tasks to queue
[2022-01-22 13:13:27,138] {logging_mixin.py:109} INFO - [2022-01-22 13:13:27,138] {dagbag.py:500} INFO - Filling up the DagBag from /home/airflow/.local/lib/python3.7/site-packages/airflow/example_dags/example_latest_only_with_trigger.py
[2022-01-22 13:13:27,256] {processor.py:637} INFO - DAG(s) dict_keys(['latest_only_with_trigger']) retrieved from /home/airflow/.local/lib/python3.7/site-packages/airflow/example_dags/example_latest_only_with_trigger.py
[2022-01-22 13:13:27,298] {logging_mixin.py:109} INFO - [2022-01-22 13:13:27,298] {dag.py:2396} INFO - Sync 1 DAGs
[2022-01-22 13:13:27,356] {logging_mixin.py:109} INFO - [2022-01-22 13:13:27,356] {dag.py:2928} INFO - Setting next_dagrun for latest_only_with_trigger to 2022-01-22T09:13:27.355594+00:00
[2022-01-22 13:13:27,392] {processor.py:171} INFO - Processing /home/airflow/.local/lib/python3.7/site-packages/airflow/example_dags/example_latest_only_with_trigger.py took 0.288 seconds
[2022-01-22 13:13:57,632] {processor.py:163} INFO - Started process (PID=1982) to work on /home/airflow/.local/lib/python3.7/site-packages/airflow/example_dags/example_latest_only_with_trigger.py
[2022-01-22 13:13:57,638] {processor.py:625} INFO - Processing file /home/airflow/.local/lib/python3.7/site-packages/airflow/example_dags/example_latest_only_with_trigger.py for tasks to queue
[2022-01-22 13:13:57,643] {logging_mixin.py:109} INFO - [2022-01-22 13:13:57,642] {dagbag.py:500} INFO - Filling up the DagBag from /home/airflow/.local/lib/python3.7/site-packages/airflow/example_dags/example_latest_only_with_trigger.py
[2022-01-22 13:13:57,752] {processor.py:637} INFO - DAG(s) dict_keys(['latest_only_with_trigger']) retrieved from /home/airflow/.local/lib/python3.7/site-packages/airflow/example_dags/example_latest_only_with_trigger.py
[2022-01-22 13:13:57,794] {logging_mixin.py:109} INFO - [2022-01-22 13:13:57,793] {dag.py:2396} INFO - Sync 1 DAGs
[2022-01-22 13:13:57,855] {logging_mixin.py:109} INFO - [2022-01-22 13:13:57,855] {dag.py:2928} INFO - Setting next_dagrun for latest_only_with_trigger to 2022-01-22T09:13:57.854619+00:00
[2022-01-22 13:13:57,891] {processor.py:171} INFO - Processing /home/airflow/.local/lib/python3.7/site-packages/airflow/example_dags/example_latest_only_with_trigger.py took 0.273 seconds
[2022-01-22 13:14:28,631] {processor.py:163} INFO - Started process (PID=2043) to work on /home/airflow/.local/lib/python3.7/site-packages/airflow/example_dags/example_latest_only_with_trigger.py
[2022-01-22 13:14:28,636] {processor.py:625} INFO - Processing file /home/airflow/.local/lib/python3.7/site-packages/airflow/example_dags/example_latest_only_with_trigger.py for tasks to queue
[2022-01-22 13:14:28,640] {logging_mixin.py:109} INFO - [2022-01-22 13:14:28,639] {dagbag.py:500} INFO - Filling up the DagBag from /home/airflow/.local/lib/python3.7/site-packages/airflow/example_dags/example_latest_only_with_trigger.py
[2022-01-22 13:14:28,739] {processor.py:637} INFO - DAG(s) dict_keys(['latest_only_with_trigger']) retrieved from /home/airflow/.local/lib/python3.7/site-packages/airflow/example_dags/example_latest_only_with_trigger.py
[2022-01-22 13:14:28,781] {logging_mixin.py:109} INFO - [2022-01-22 13:14:28,781] {dag.py:2396} INFO - Sync 1 DAGs
[2022-01-22 13:14:28,843] {logging_mixin.py:109} INFO - [2022-01-22 13:14:28,843] {dag.py:2928} INFO - Setting next_dagrun for latest_only_with_trigger to 2022-01-22T09:14:28.842157+00:00
[2022-01-22 13:14:28,879] {processor.py:171} INFO - Processing /home/airflow/.local/lib/python3.7/site-packages/airflow/example_dags/example_latest_only_with_trigger.py took 0.261 seconds
[2022-01-22 13:14:59,057] {processor.py:163} INFO - Started process (PID=2103) to work on /home/airflow/.local/lib/python3.7/site-packages/airflow/example_dags/example_latest_only_with_trigger.py
[2022-01-22 13:14:59,063] {processor.py:625} INFO - Processing file /home/airflow/.local/lib/python3.7/site-packages/airflow/example_dags/example_latest_only_with_trigger.py for tasks to queue
[2022-01-22 13:14:59,066] {logging_mixin.py:109} INFO - [2022-01-22 13:14:59,066] {dagbag.py:500} INFO - Filling up the DagBag from /home/airflow/.local/lib/python3.7/site-packages/airflow/example_dags/example_latest_only_with_trigger.py
[2022-01-22 13:14:59,158] {processor.py:637} INFO - DAG(s) dict_keys(['latest_only_with_trigger']) retrieved from /home/airflow/.local/lib/python3.7/site-packages/airflow/example_dags/example_latest_only_with_trigger.py
[2022-01-22 13:14:59,194] {logging_mixin.py:109} INFO - [2022-01-22 13:14:59,194] {dag.py:2396} INFO - Sync 1 DAGs
[2022-01-22 13:14:59,253] {logging_mixin.py:109} INFO - [2022-01-22 13:14:59,252] {dag.py:2928} INFO - Setting next_dagrun for latest_only_with_trigger to 2022-01-22T09:14:59.251877+00:00
[2022-01-22 13:14:59,288] {processor.py:171} INFO - Processing /home/airflow/.local/lib/python3.7/site-packages/airflow/example_dags/example_latest_only_with_trigger.py took 0.242 seconds
[2022-01-22 13:15:29,537] {processor.py:163} INFO - Started process (PID=2165) to work on /home/airflow/.local/lib/python3.7/site-packages/airflow/example_dags/example_latest_only_with_trigger.py
[2022-01-22 13:15:29,539] {processor.py:625} INFO - Processing file /home/airflow/.local/lib/python3.7/site-packages/airflow/example_dags/example_latest_only_with_trigger.py for tasks to queue
[2022-01-22 13:15:29,539] {logging_mixin.py:109} INFO - [2022-01-22 13:15:29,539] {dagbag.py:500} INFO - Filling up the DagBag from /home/airflow/.local/lib/python3.7/site-packages/airflow/example_dags/example_latest_only_with_trigger.py
[2022-01-22 13:15:29,565] {processor.py:637} INFO - DAG(s) dict_keys(['latest_only_with_trigger']) retrieved from /home/airflow/.local/lib/python3.7/site-packages/airflow/example_dags/example_latest_only_with_trigger.py
[2022-01-22 13:15:29,575] {logging_mixin.py:109} INFO - [2022-01-22 13:15:29,575] {dag.py:2396} INFO - Sync 1 DAGs
[2022-01-22 13:15:29,601] {logging_mixin.py:109} INFO - [2022-01-22 13:15:29,600] {dag.py:2928} INFO - Setting next_dagrun for latest_only_with_trigger to 2022-01-22T09:15:29.600556+00:00
[2022-01-22 13:15:29,610] {processor.py:171} INFO - Processing /home/airflow/.local/lib/python3.7/site-packages/airflow/example_dags/example_latest_only_with_trigger.py took 0.076 seconds
[2022-01-22 13:20:28,149] {processor.py:163} INFO - Started process (PID=2215) to work on /home/airflow/.local/lib/python3.7/site-packages/airflow/example_dags/example_latest_only_with_trigger.py
[2022-01-22 13:20:28,151] {processor.py:625} INFO - Processing file /home/airflow/.local/lib/python3.7/site-packages/airflow/example_dags/example_latest_only_with_trigger.py for tasks to queue
[2022-01-22 13:20:28,153] {logging_mixin.py:109} INFO - [2022-01-22 13:20:28,152] {dagbag.py:500} INFO - Filling up the DagBag from /home/airflow/.local/lib/python3.7/site-packages/airflow/example_dags/example_latest_only_with_trigger.py
[2022-01-22 13:20:28,198] {processor.py:637} INFO - DAG(s) dict_keys(['latest_only_with_trigger']) retrieved from /home/airflow/.local/lib/python3.7/site-packages/airflow/example_dags/example_latest_only_with_trigger.py
[2022-01-22 13:20:28,219] {logging_mixin.py:109} INFO - [2022-01-22 13:20:28,219] {dag.py:2396} INFO - Sync 1 DAGs
[2022-01-22 13:20:28,255] {logging_mixin.py:109} INFO - [2022-01-22 13:20:28,255] {dag.py:2928} INFO - Setting next_dagrun for latest_only_with_trigger to 2022-01-22T09:20:28.254531+00:00
[2022-01-22 13:20:28,273] {processor.py:171} INFO - Processing /home/airflow/.local/lib/python3.7/site-packages/airflow/example_dags/example_latest_only_with_trigger.py took 0.132 seconds
[2022-01-22 13:20:58,817] {processor.py:163} INFO - Started process (PID=2276) to work on /home/airflow/.local/lib/python3.7/site-packages/airflow/example_dags/example_latest_only_with_trigger.py
[2022-01-22 13:20:58,819] {processor.py:625} INFO - Processing file /home/airflow/.local/lib/python3.7/site-packages/airflow/example_dags/example_latest_only_with_trigger.py for tasks to queue
[2022-01-22 13:20:58,820] {logging_mixin.py:109} INFO - [2022-01-22 13:20:58,820] {dagbag.py:500} INFO - Filling up the DagBag from /home/airflow/.local/lib/python3.7/site-packages/airflow/example_dags/example_latest_only_with_trigger.py
[2022-01-22 13:20:58,857] {processor.py:637} INFO - DAG(s) dict_keys(['latest_only_with_trigger']) retrieved from /home/airflow/.local/lib/python3.7/site-packages/airflow/example_dags/example_latest_only_with_trigger.py
[2022-01-22 13:20:58,872] {logging_mixin.py:109} INFO - [2022-01-22 13:20:58,872] {dag.py:2396} INFO - Sync 1 DAGs
[2022-01-22 13:20:58,897] {logging_mixin.py:109} INFO - [2022-01-22 13:20:58,897] {dag.py:2928} INFO - Setting next_dagrun for latest_only_with_trigger to 2022-01-22T09:20:58.897045+00:00
[2022-01-22 13:20:58,911] {processor.py:171} INFO - Processing /home/airflow/.local/lib/python3.7/site-packages/airflow/example_dags/example_latest_only_with_trigger.py took 0.099 seconds
[2022-01-22 13:21:29,570] {processor.py:163} INFO - Started process (PID=2338) to work on /home/airflow/.local/lib/python3.7/site-packages/airflow/example_dags/example_latest_only_with_trigger.py
[2022-01-22 13:21:29,572] {processor.py:625} INFO - Processing file /home/airflow/.local/lib/python3.7/site-packages/airflow/example_dags/example_latest_only_with_trigger.py for tasks to queue
[2022-01-22 13:21:29,573] {logging_mixin.py:109} INFO - [2022-01-22 13:21:29,573] {dagbag.py:500} INFO - Filling up the DagBag from /home/airflow/.local/lib/python3.7/site-packages/airflow/example_dags/example_latest_only_with_trigger.py
[2022-01-22 13:21:29,610] {processor.py:637} INFO - DAG(s) dict_keys(['latest_only_with_trigger']) retrieved from /home/airflow/.local/lib/python3.7/site-packages/airflow/example_dags/example_latest_only_with_trigger.py
[2022-01-22 13:21:29,625] {logging_mixin.py:109} INFO - [2022-01-22 13:21:29,625] {dag.py:2396} INFO - Sync 1 DAGs
[2022-01-22 13:21:29,648] {logging_mixin.py:109} INFO - [2022-01-22 13:21:29,648] {dag.py:2928} INFO - Setting next_dagrun for latest_only_with_trigger to 2022-01-22T09:21:29.648430+00:00
[2022-01-22 13:21:29,662] {processor.py:171} INFO - Processing /home/airflow/.local/lib/python3.7/site-packages/airflow/example_dags/example_latest_only_with_trigger.py took 0.097 seconds
