[2022-01-22 12:58:11,195] {processor.py:163} INFO - Started process (PID=48) to work on /home/airflow/.local/lib/python3.7/site-packages/airflow/example_dags/example_short_circuit_operator.py
[2022-01-22 12:58:11,199] {processor.py:625} INFO - Processing file /home/airflow/.local/lib/python3.7/site-packages/airflow/example_dags/example_short_circuit_operator.py for tasks to queue
[2022-01-22 12:58:11,200] {logging_mixin.py:109} INFO - [2022-01-22 12:58:11,200] {dagbag.py:500} INFO - Filling up the DagBag from /home/airflow/.local/lib/python3.7/site-packages/airflow/example_dags/example_short_circuit_operator.py
[2022-01-22 12:58:11,261] {processor.py:637} INFO - DAG(s) dict_keys(['example_short_circuit_operator']) retrieved from /home/airflow/.local/lib/python3.7/site-packages/airflow/example_dags/example_short_circuit_operator.py
[2022-01-22 12:58:11,283] {logging_mixin.py:109} INFO - [2022-01-22 12:58:11,283] {dag.py:2396} INFO - Sync 1 DAGs
[2022-01-22 12:58:11,315] {logging_mixin.py:109} INFO - [2022-01-22 12:58:11,315] {dag.py:2928} INFO - Setting next_dagrun for example_short_circuit_operator to 2022-01-21T12:58:11.315004+00:00
[2022-01-22 12:58:11,333] {processor.py:171} INFO - Processing /home/airflow/.local/lib/python3.7/site-packages/airflow/example_dags/example_short_circuit_operator.py took 0.149 seconds
[2022-01-22 12:58:42,267] {processor.py:163} INFO - Started process (PID=124) to work on /home/airflow/.local/lib/python3.7/site-packages/airflow/example_dags/example_short_circuit_operator.py
[2022-01-22 12:58:42,288] {processor.py:625} INFO - Processing file /home/airflow/.local/lib/python3.7/site-packages/airflow/example_dags/example_short_circuit_operator.py for tasks to queue
[2022-01-22 12:58:42,300] {logging_mixin.py:109} INFO - [2022-01-22 12:58:42,300] {dagbag.py:500} INFO - Filling up the DagBag from /home/airflow/.local/lib/python3.7/site-packages/airflow/example_dags/example_short_circuit_operator.py
[2022-01-22 12:58:42,699] {processor.py:637} INFO - DAG(s) dict_keys(['example_short_circuit_operator']) retrieved from /home/airflow/.local/lib/python3.7/site-packages/airflow/example_dags/example_short_circuit_operator.py
[2022-01-22 12:58:42,816] {logging_mixin.py:109} INFO - [2022-01-22 12:58:42,816] {dag.py:2396} INFO - Sync 1 DAGs
[2022-01-22 12:58:42,908] {logging_mixin.py:109} INFO - [2022-01-22 12:58:42,908] {dag.py:2928} INFO - Setting next_dagrun for example_short_circuit_operator to 2022-01-21T12:58:42.907691+00:00
[2022-01-22 12:58:42,958] {processor.py:171} INFO - Processing /home/airflow/.local/lib/python3.7/site-packages/airflow/example_dags/example_short_circuit_operator.py took 0.739 seconds
[2022-01-22 12:59:13,477] {processor.py:163} INFO - Started process (PID=189) to work on /home/airflow/.local/lib/python3.7/site-packages/airflow/example_dags/example_short_circuit_operator.py
[2022-01-22 12:59:13,494] {processor.py:625} INFO - Processing file /home/airflow/.local/lib/python3.7/site-packages/airflow/example_dags/example_short_circuit_operator.py for tasks to queue
[2022-01-22 12:59:13,508] {logging_mixin.py:109} INFO - [2022-01-22 12:59:13,508] {dagbag.py:500} INFO - Filling up the DagBag from /home/airflow/.local/lib/python3.7/site-packages/airflow/example_dags/example_short_circuit_operator.py
[2022-01-22 12:59:13,721] {processor.py:637} INFO - DAG(s) dict_keys(['example_short_circuit_operator']) retrieved from /home/airflow/.local/lib/python3.7/site-packages/airflow/example_dags/example_short_circuit_operator.py
[2022-01-22 12:59:13,849] {logging_mixin.py:109} INFO - [2022-01-22 12:59:13,849] {dag.py:2396} INFO - Sync 1 DAGs
[2022-01-22 12:59:14,012] {logging_mixin.py:109} INFO - [2022-01-22 12:59:14,012] {dag.py:2928} INFO - Setting next_dagrun for example_short_circuit_operator to 2022-01-21T12:59:14.011686+00:00
[2022-01-22 12:59:14,231] {processor.py:171} INFO - Processing /home/airflow/.local/lib/python3.7/site-packages/airflow/example_dags/example_short_circuit_operator.py took 0.786 seconds
[2022-01-22 12:59:44,891] {processor.py:163} INFO - Started process (PID=263) to work on /home/airflow/.local/lib/python3.7/site-packages/airflow/example_dags/example_short_circuit_operator.py
[2022-01-22 12:59:44,894] {processor.py:625} INFO - Processing file /home/airflow/.local/lib/python3.7/site-packages/airflow/example_dags/example_short_circuit_operator.py for tasks to queue
[2022-01-22 12:59:44,896] {logging_mixin.py:109} INFO - [2022-01-22 12:59:44,896] {dagbag.py:500} INFO - Filling up the DagBag from /home/airflow/.local/lib/python3.7/site-packages/airflow/example_dags/example_short_circuit_operator.py
[2022-01-22 12:59:44,949] {processor.py:637} INFO - DAG(s) dict_keys(['example_short_circuit_operator']) retrieved from /home/airflow/.local/lib/python3.7/site-packages/airflow/example_dags/example_short_circuit_operator.py
[2022-01-22 12:59:44,970] {logging_mixin.py:109} INFO - [2022-01-22 12:59:44,970] {dag.py:2396} INFO - Sync 1 DAGs
[2022-01-22 12:59:44,999] {logging_mixin.py:109} INFO - [2022-01-22 12:59:44,999] {dag.py:2928} INFO - Setting next_dagrun for example_short_circuit_operator to 2022-01-21T12:59:44.998656+00:00
[2022-01-22 12:59:45,016] {processor.py:171} INFO - Processing /home/airflow/.local/lib/python3.7/site-packages/airflow/example_dags/example_short_circuit_operator.py took 0.131 seconds
[2022-01-22 13:00:15,512] {processor.py:163} INFO - Started process (PID=324) to work on /home/airflow/.local/lib/python3.7/site-packages/airflow/example_dags/example_short_circuit_operator.py
[2022-01-22 13:00:15,517] {processor.py:625} INFO - Processing file /home/airflow/.local/lib/python3.7/site-packages/airflow/example_dags/example_short_circuit_operator.py for tasks to queue
[2022-01-22 13:00:15,521] {logging_mixin.py:109} INFO - [2022-01-22 13:00:15,520] {dagbag.py:500} INFO - Filling up the DagBag from /home/airflow/.local/lib/python3.7/site-packages/airflow/example_dags/example_short_circuit_operator.py
[2022-01-22 13:00:15,595] {processor.py:637} INFO - DAG(s) dict_keys(['example_short_circuit_operator']) retrieved from /home/airflow/.local/lib/python3.7/site-packages/airflow/example_dags/example_short_circuit_operator.py
[2022-01-22 13:00:15,622] {logging_mixin.py:109} INFO - [2022-01-22 13:00:15,622] {dag.py:2396} INFO - Sync 1 DAGs
[2022-01-22 13:00:15,663] {logging_mixin.py:109} INFO - [2022-01-22 13:00:15,663] {dag.py:2928} INFO - Setting next_dagrun for example_short_circuit_operator to 2022-01-21T13:00:15.662686+00:00
[2022-01-22 13:00:15,686] {processor.py:171} INFO - Processing /home/airflow/.local/lib/python3.7/site-packages/airflow/example_dags/example_short_circuit_operator.py took 0.183 seconds
[2022-01-22 13:00:46,411] {processor.py:163} INFO - Started process (PID=393) to work on /home/airflow/.local/lib/python3.7/site-packages/airflow/example_dags/example_short_circuit_operator.py
[2022-01-22 13:00:46,413] {processor.py:625} INFO - Processing file /home/airflow/.local/lib/python3.7/site-packages/airflow/example_dags/example_short_circuit_operator.py for tasks to queue
[2022-01-22 13:00:46,414] {logging_mixin.py:109} INFO - [2022-01-22 13:00:46,414] {dagbag.py:500} INFO - Filling up the DagBag from /home/airflow/.local/lib/python3.7/site-packages/airflow/example_dags/example_short_circuit_operator.py
[2022-01-22 13:00:46,461] {processor.py:637} INFO - DAG(s) dict_keys(['example_short_circuit_operator']) retrieved from /home/airflow/.local/lib/python3.7/site-packages/airflow/example_dags/example_short_circuit_operator.py
[2022-01-22 13:00:46,482] {logging_mixin.py:109} INFO - [2022-01-22 13:00:46,482] {dag.py:2396} INFO - Sync 1 DAGs
[2022-01-22 13:00:46,528] {logging_mixin.py:109} INFO - [2022-01-22 13:00:46,528] {dag.py:2928} INFO - Setting next_dagrun for example_short_circuit_operator to 2022-01-21T13:00:46.527594+00:00
[2022-01-22 13:00:46,553] {processor.py:171} INFO - Processing /home/airflow/.local/lib/python3.7/site-packages/airflow/example_dags/example_short_circuit_operator.py took 0.147 seconds
[2022-01-22 13:01:17,454] {processor.py:163} INFO - Started process (PID=454) to work on /home/airflow/.local/lib/python3.7/site-packages/airflow/example_dags/example_short_circuit_operator.py
[2022-01-22 13:01:17,463] {processor.py:625} INFO - Processing file /home/airflow/.local/lib/python3.7/site-packages/airflow/example_dags/example_short_circuit_operator.py for tasks to queue
[2022-01-22 13:01:17,466] {logging_mixin.py:109} INFO - [2022-01-22 13:01:17,466] {dagbag.py:500} INFO - Filling up the DagBag from /home/airflow/.local/lib/python3.7/site-packages/airflow/example_dags/example_short_circuit_operator.py
[2022-01-22 13:01:17,542] {processor.py:637} INFO - DAG(s) dict_keys(['example_short_circuit_operator']) retrieved from /home/airflow/.local/lib/python3.7/site-packages/airflow/example_dags/example_short_circuit_operator.py
[2022-01-22 13:01:17,582] {logging_mixin.py:109} INFO - [2022-01-22 13:01:17,582] {dag.py:2396} INFO - Sync 1 DAGs
[2022-01-22 13:01:17,636] {logging_mixin.py:109} INFO - [2022-01-22 13:01:17,636] {dag.py:2928} INFO - Setting next_dagrun for example_short_circuit_operator to 2022-01-21T13:01:17.635530+00:00
[2022-01-22 13:01:17,671] {processor.py:171} INFO - Processing /home/airflow/.local/lib/python3.7/site-packages/airflow/example_dags/example_short_circuit_operator.py took 0.223 seconds
[2022-01-22 13:01:47,833] {processor.py:163} INFO - Started process (PID=514) to work on /home/airflow/.local/lib/python3.7/site-packages/airflow/example_dags/example_short_circuit_operator.py
[2022-01-22 13:01:47,836] {processor.py:625} INFO - Processing file /home/airflow/.local/lib/python3.7/site-packages/airflow/example_dags/example_short_circuit_operator.py for tasks to queue
[2022-01-22 13:01:47,848] {logging_mixin.py:109} INFO - [2022-01-22 13:01:47,848] {dagbag.py:500} INFO - Filling up the DagBag from /home/airflow/.local/lib/python3.7/site-packages/airflow/example_dags/example_short_circuit_operator.py
[2022-01-22 13:01:47,951] {processor.py:637} INFO - DAG(s) dict_keys(['example_short_circuit_operator']) retrieved from /home/airflow/.local/lib/python3.7/site-packages/airflow/example_dags/example_short_circuit_operator.py
[2022-01-22 13:01:48,043] {logging_mixin.py:109} INFO - [2022-01-22 13:01:48,043] {dag.py:2396} INFO - Sync 1 DAGs
[2022-01-22 13:01:48,136] {logging_mixin.py:109} INFO - [2022-01-22 13:01:48,136] {dag.py:2928} INFO - Setting next_dagrun for example_short_circuit_operator to 2022-01-21T13:01:48.136145+00:00
[2022-01-22 13:01:48,176] {processor.py:171} INFO - Processing /home/airflow/.local/lib/python3.7/site-packages/airflow/example_dags/example_short_circuit_operator.py took 0.361 seconds
[2022-01-22 13:02:18,787] {processor.py:163} INFO - Started process (PID=566) to work on /home/airflow/.local/lib/python3.7/site-packages/airflow/example_dags/example_short_circuit_operator.py
[2022-01-22 13:02:18,792] {processor.py:625} INFO - Processing file /home/airflow/.local/lib/python3.7/site-packages/airflow/example_dags/example_short_circuit_operator.py for tasks to queue
[2022-01-22 13:02:18,793] {logging_mixin.py:109} INFO - [2022-01-22 13:02:18,793] {dagbag.py:500} INFO - Filling up the DagBag from /home/airflow/.local/lib/python3.7/site-packages/airflow/example_dags/example_short_circuit_operator.py
[2022-01-22 13:02:18,869] {processor.py:637} INFO - DAG(s) dict_keys(['example_short_circuit_operator']) retrieved from /home/airflow/.local/lib/python3.7/site-packages/airflow/example_dags/example_short_circuit_operator.py
[2022-01-22 13:02:18,892] {logging_mixin.py:109} INFO - [2022-01-22 13:02:18,892] {dag.py:2396} INFO - Sync 1 DAGs
[2022-01-22 13:02:18,941] {logging_mixin.py:109} INFO - [2022-01-22 13:02:18,940] {dag.py:2928} INFO - Setting next_dagrun for example_short_circuit_operator to 2022-01-21T13:02:18.939460+00:00
[2022-01-22 13:02:18,960] {processor.py:171} INFO - Processing /home/airflow/.local/lib/python3.7/site-packages/airflow/example_dags/example_short_circuit_operator.py took 0.180 seconds
[2022-01-22 13:02:49,118] {processor.py:163} INFO - Started process (PID=626) to work on /home/airflow/.local/lib/python3.7/site-packages/airflow/example_dags/example_short_circuit_operator.py
[2022-01-22 13:02:49,120] {processor.py:625} INFO - Processing file /home/airflow/.local/lib/python3.7/site-packages/airflow/example_dags/example_short_circuit_operator.py for tasks to queue
[2022-01-22 13:02:49,121] {logging_mixin.py:109} INFO - [2022-01-22 13:02:49,121] {dagbag.py:500} INFO - Filling up the DagBag from /home/airflow/.local/lib/python3.7/site-packages/airflow/example_dags/example_short_circuit_operator.py
[2022-01-22 13:02:49,156] {processor.py:637} INFO - DAG(s) dict_keys(['example_short_circuit_operator']) retrieved from /home/airflow/.local/lib/python3.7/site-packages/airflow/example_dags/example_short_circuit_operator.py
[2022-01-22 13:02:49,171] {logging_mixin.py:109} INFO - [2022-01-22 13:02:49,170] {dag.py:2396} INFO - Sync 1 DAGs
[2022-01-22 13:02:49,192] {logging_mixin.py:109} INFO - [2022-01-22 13:02:49,192] {dag.py:2928} INFO - Setting next_dagrun for example_short_circuit_operator to 2022-01-21T13:02:49.191903+00:00
[2022-01-22 13:02:49,205] {processor.py:171} INFO - Processing /home/airflow/.local/lib/python3.7/site-packages/airflow/example_dags/example_short_circuit_operator.py took 0.091 seconds
[2022-01-22 13:03:19,285] {processor.py:163} INFO - Started process (PID=688) to work on /home/airflow/.local/lib/python3.7/site-packages/airflow/example_dags/example_short_circuit_operator.py
[2022-01-22 13:03:19,290] {processor.py:625} INFO - Processing file /home/airflow/.local/lib/python3.7/site-packages/airflow/example_dags/example_short_circuit_operator.py for tasks to queue
[2022-01-22 13:03:19,292] {logging_mixin.py:109} INFO - [2022-01-22 13:03:19,292] {dagbag.py:500} INFO - Filling up the DagBag from /home/airflow/.local/lib/python3.7/site-packages/airflow/example_dags/example_short_circuit_operator.py
[2022-01-22 13:03:19,370] {processor.py:637} INFO - DAG(s) dict_keys(['example_short_circuit_operator']) retrieved from /home/airflow/.local/lib/python3.7/site-packages/airflow/example_dags/example_short_circuit_operator.py
[2022-01-22 13:03:19,401] {logging_mixin.py:109} INFO - [2022-01-22 13:03:19,400] {dag.py:2396} INFO - Sync 1 DAGs
[2022-01-22 13:03:19,441] {logging_mixin.py:109} INFO - [2022-01-22 13:03:19,441] {dag.py:2928} INFO - Setting next_dagrun for example_short_circuit_operator to 2022-01-21T13:03:19.440420+00:00
[2022-01-22 13:03:19,591] {processor.py:171} INFO - Processing /home/airflow/.local/lib/python3.7/site-packages/airflow/example_dags/example_short_circuit_operator.py took 0.314 seconds
[2022-01-22 13:03:50,283] {processor.py:163} INFO - Started process (PID=758) to work on /home/airflow/.local/lib/python3.7/site-packages/airflow/example_dags/example_short_circuit_operator.py
[2022-01-22 13:03:50,288] {processor.py:625} INFO - Processing file /home/airflow/.local/lib/python3.7/site-packages/airflow/example_dags/example_short_circuit_operator.py for tasks to queue
[2022-01-22 13:03:50,290] {logging_mixin.py:109} INFO - [2022-01-22 13:03:50,290] {dagbag.py:500} INFO - Filling up the DagBag from /home/airflow/.local/lib/python3.7/site-packages/airflow/example_dags/example_short_circuit_operator.py
[2022-01-22 13:03:50,344] {processor.py:637} INFO - DAG(s) dict_keys(['example_short_circuit_operator']) retrieved from /home/airflow/.local/lib/python3.7/site-packages/airflow/example_dags/example_short_circuit_operator.py
[2022-01-22 13:03:50,366] {logging_mixin.py:109} INFO - [2022-01-22 13:03:50,365] {dag.py:2396} INFO - Sync 1 DAGs
[2022-01-22 13:03:50,405] {logging_mixin.py:109} INFO - [2022-01-22 13:03:50,404] {dag.py:2928} INFO - Setting next_dagrun for example_short_circuit_operator to 2022-01-21T13:03:50.404288+00:00
[2022-01-22 13:03:50,515] {processor.py:171} INFO - Processing /home/airflow/.local/lib/python3.7/site-packages/airflow/example_dags/example_short_circuit_operator.py took 0.242 seconds
[2022-01-22 13:04:21,233] {processor.py:163} INFO - Started process (PID=819) to work on /home/airflow/.local/lib/python3.7/site-packages/airflow/example_dags/example_short_circuit_operator.py
[2022-01-22 13:04:21,238] {processor.py:625} INFO - Processing file /home/airflow/.local/lib/python3.7/site-packages/airflow/example_dags/example_short_circuit_operator.py for tasks to queue
[2022-01-22 13:04:21,240] {logging_mixin.py:109} INFO - [2022-01-22 13:04:21,240] {dagbag.py:500} INFO - Filling up the DagBag from /home/airflow/.local/lib/python3.7/site-packages/airflow/example_dags/example_short_circuit_operator.py
[2022-01-22 13:04:21,322] {processor.py:637} INFO - DAG(s) dict_keys(['example_short_circuit_operator']) retrieved from /home/airflow/.local/lib/python3.7/site-packages/airflow/example_dags/example_short_circuit_operator.py
[2022-01-22 13:04:21,362] {logging_mixin.py:109} INFO - [2022-01-22 13:04:21,362] {dag.py:2396} INFO - Sync 1 DAGs
[2022-01-22 13:04:21,425] {logging_mixin.py:109} INFO - [2022-01-22 13:04:21,425] {dag.py:2928} INFO - Setting next_dagrun for example_short_circuit_operator to 2022-01-21T13:04:21.424414+00:00
[2022-01-22 13:04:21,444] {processor.py:171} INFO - Processing /home/airflow/.local/lib/python3.7/site-packages/airflow/example_dags/example_short_circuit_operator.py took 0.219 seconds
[2022-01-22 13:04:52,083] {processor.py:163} INFO - Started process (PID=879) to work on /home/airflow/.local/lib/python3.7/site-packages/airflow/example_dags/example_short_circuit_operator.py
[2022-01-22 13:04:52,088] {processor.py:625} INFO - Processing file /home/airflow/.local/lib/python3.7/site-packages/airflow/example_dags/example_short_circuit_operator.py for tasks to queue
[2022-01-22 13:04:52,092] {logging_mixin.py:109} INFO - [2022-01-22 13:04:52,091] {dagbag.py:500} INFO - Filling up the DagBag from /home/airflow/.local/lib/python3.7/site-packages/airflow/example_dags/example_short_circuit_operator.py
[2022-01-22 13:04:52,201] {processor.py:637} INFO - DAG(s) dict_keys(['example_short_circuit_operator']) retrieved from /home/airflow/.local/lib/python3.7/site-packages/airflow/example_dags/example_short_circuit_operator.py
[2022-01-22 13:04:52,246] {logging_mixin.py:109} INFO - [2022-01-22 13:04:52,245] {dag.py:2396} INFO - Sync 1 DAGs
[2022-01-22 13:04:52,313] {logging_mixin.py:109} INFO - [2022-01-22 13:04:52,313] {dag.py:2928} INFO - Setting next_dagrun for example_short_circuit_operator to 2022-01-21T13:04:52.312031+00:00
[2022-01-22 13:04:52,353] {processor.py:171} INFO - Processing /home/airflow/.local/lib/python3.7/site-packages/airflow/example_dags/example_short_circuit_operator.py took 0.284 seconds
[2022-01-22 13:05:23,022] {processor.py:163} INFO - Started process (PID=939) to work on /home/airflow/.local/lib/python3.7/site-packages/airflow/example_dags/example_short_circuit_operator.py
[2022-01-22 13:05:23,026] {processor.py:625} INFO - Processing file /home/airflow/.local/lib/python3.7/site-packages/airflow/example_dags/example_short_circuit_operator.py for tasks to queue
[2022-01-22 13:05:23,028] {logging_mixin.py:109} INFO - [2022-01-22 13:05:23,028] {dagbag.py:500} INFO - Filling up the DagBag from /home/airflow/.local/lib/python3.7/site-packages/airflow/example_dags/example_short_circuit_operator.py
[2022-01-22 13:05:23,095] {processor.py:637} INFO - DAG(s) dict_keys(['example_short_circuit_operator']) retrieved from /home/airflow/.local/lib/python3.7/site-packages/airflow/example_dags/example_short_circuit_operator.py
[2022-01-22 13:05:23,122] {logging_mixin.py:109} INFO - [2022-01-22 13:05:23,122] {dag.py:2396} INFO - Sync 1 DAGs
[2022-01-22 13:05:23,166] {logging_mixin.py:109} INFO - [2022-01-22 13:05:23,165] {dag.py:2928} INFO - Setting next_dagrun for example_short_circuit_operator to 2022-01-21T13:05:23.165303+00:00
[2022-01-22 13:05:23,188] {processor.py:171} INFO - Processing /home/airflow/.local/lib/python3.7/site-packages/airflow/example_dags/example_short_circuit_operator.py took 0.174 seconds
[2022-01-22 13:05:53,395] {processor.py:163} INFO - Started process (PID=999) to work on /home/airflow/.local/lib/python3.7/site-packages/airflow/example_dags/example_short_circuit_operator.py
[2022-01-22 13:05:53,410] {processor.py:625} INFO - Processing file /home/airflow/.local/lib/python3.7/site-packages/airflow/example_dags/example_short_circuit_operator.py for tasks to queue
[2022-01-22 13:05:53,415] {logging_mixin.py:109} INFO - [2022-01-22 13:05:53,414] {dagbag.py:500} INFO - Filling up the DagBag from /home/airflow/.local/lib/python3.7/site-packages/airflow/example_dags/example_short_circuit_operator.py
[2022-01-22 13:05:53,538] {processor.py:637} INFO - DAG(s) dict_keys(['example_short_circuit_operator']) retrieved from /home/airflow/.local/lib/python3.7/site-packages/airflow/example_dags/example_short_circuit_operator.py
[2022-01-22 13:05:53,590] {logging_mixin.py:109} INFO - [2022-01-22 13:05:53,589] {dag.py:2396} INFO - Sync 1 DAGs
[2022-01-22 13:05:53,669] {logging_mixin.py:109} INFO - [2022-01-22 13:05:53,669] {dag.py:2928} INFO - Setting next_dagrun for example_short_circuit_operator to 2022-01-21T13:05:53.667819+00:00
[2022-01-22 13:05:53,881] {processor.py:171} INFO - Processing /home/airflow/.local/lib/python3.7/site-packages/airflow/example_dags/example_short_circuit_operator.py took 0.519 seconds
[2022-01-22 13:06:23,970] {processor.py:163} INFO - Started process (PID=1060) to work on /home/airflow/.local/lib/python3.7/site-packages/airflow/example_dags/example_short_circuit_operator.py
[2022-01-22 13:06:23,972] {processor.py:625} INFO - Processing file /home/airflow/.local/lib/python3.7/site-packages/airflow/example_dags/example_short_circuit_operator.py for tasks to queue
[2022-01-22 13:06:23,974] {logging_mixin.py:109} INFO - [2022-01-22 13:06:23,974] {dagbag.py:500} INFO - Filling up the DagBag from /home/airflow/.local/lib/python3.7/site-packages/airflow/example_dags/example_short_circuit_operator.py
[2022-01-22 13:06:24,034] {processor.py:637} INFO - DAG(s) dict_keys(['example_short_circuit_operator']) retrieved from /home/airflow/.local/lib/python3.7/site-packages/airflow/example_dags/example_short_circuit_operator.py
[2022-01-22 13:06:24,057] {logging_mixin.py:109} INFO - [2022-01-22 13:06:24,057] {dag.py:2396} INFO - Sync 1 DAGs
[2022-01-22 13:06:24,227] {logging_mixin.py:109} INFO - [2022-01-22 13:06:24,227] {dag.py:2928} INFO - Setting next_dagrun for example_short_circuit_operator to 2022-01-21T13:06:24.226998+00:00
[2022-01-22 13:06:24,248] {processor.py:171} INFO - Processing /home/airflow/.local/lib/python3.7/site-packages/airflow/example_dags/example_short_circuit_operator.py took 0.285 seconds
[2022-01-22 13:06:54,733] {processor.py:163} INFO - Started process (PID=1121) to work on /home/airflow/.local/lib/python3.7/site-packages/airflow/example_dags/example_short_circuit_operator.py
[2022-01-22 13:06:54,736] {processor.py:625} INFO - Processing file /home/airflow/.local/lib/python3.7/site-packages/airflow/example_dags/example_short_circuit_operator.py for tasks to queue
[2022-01-22 13:06:54,740] {logging_mixin.py:109} INFO - [2022-01-22 13:06:54,739] {dagbag.py:500} INFO - Filling up the DagBag from /home/airflow/.local/lib/python3.7/site-packages/airflow/example_dags/example_short_circuit_operator.py
[2022-01-22 13:06:54,813] {processor.py:637} INFO - DAG(s) dict_keys(['example_short_circuit_operator']) retrieved from /home/airflow/.local/lib/python3.7/site-packages/airflow/example_dags/example_short_circuit_operator.py
[2022-01-22 13:06:54,839] {logging_mixin.py:109} INFO - [2022-01-22 13:06:54,839] {dag.py:2396} INFO - Sync 1 DAGs
[2022-01-22 13:06:55,093] {logging_mixin.py:109} INFO - [2022-01-22 13:06:55,093] {dag.py:2928} INFO - Setting next_dagrun for example_short_circuit_operator to 2022-01-21T13:06:55.092805+00:00
[2022-01-22 13:06:55,118] {processor.py:171} INFO - Processing /home/airflow/.local/lib/python3.7/site-packages/airflow/example_dags/example_short_circuit_operator.py took 0.395 seconds
[2022-01-22 13:07:25,348] {processor.py:163} INFO - Started process (PID=1192) to work on /home/airflow/.local/lib/python3.7/site-packages/airflow/example_dags/example_short_circuit_operator.py
[2022-01-22 13:07:25,351] {processor.py:625} INFO - Processing file /home/airflow/.local/lib/python3.7/site-packages/airflow/example_dags/example_short_circuit_operator.py for tasks to queue
[2022-01-22 13:07:25,353] {logging_mixin.py:109} INFO - [2022-01-22 13:07:25,353] {dagbag.py:500} INFO - Filling up the DagBag from /home/airflow/.local/lib/python3.7/site-packages/airflow/example_dags/example_short_circuit_operator.py
[2022-01-22 13:07:25,418] {processor.py:637} INFO - DAG(s) dict_keys(['example_short_circuit_operator']) retrieved from /home/airflow/.local/lib/python3.7/site-packages/airflow/example_dags/example_short_circuit_operator.py
[2022-01-22 13:07:25,443] {logging_mixin.py:109} INFO - [2022-01-22 13:07:25,443] {dag.py:2396} INFO - Sync 1 DAGs
[2022-01-22 13:07:25,592] {logging_mixin.py:109} INFO - [2022-01-22 13:07:25,592] {dag.py:2928} INFO - Setting next_dagrun for example_short_circuit_operator to 2022-01-21T13:07:25.592260+00:00
[2022-01-22 13:07:25,609] {processor.py:171} INFO - Processing /home/airflow/.local/lib/python3.7/site-packages/airflow/example_dags/example_short_circuit_operator.py took 0.270 seconds
[2022-01-22 13:07:55,949] {processor.py:163} INFO - Started process (PID=1254) to work on /home/airflow/.local/lib/python3.7/site-packages/airflow/example_dags/example_short_circuit_operator.py
[2022-01-22 13:07:55,952] {processor.py:625} INFO - Processing file /home/airflow/.local/lib/python3.7/site-packages/airflow/example_dags/example_short_circuit_operator.py for tasks to queue
[2022-01-22 13:07:55,953] {logging_mixin.py:109} INFO - [2022-01-22 13:07:55,952] {dagbag.py:500} INFO - Filling up the DagBag from /home/airflow/.local/lib/python3.7/site-packages/airflow/example_dags/example_short_circuit_operator.py
[2022-01-22 13:07:55,996] {processor.py:637} INFO - DAG(s) dict_keys(['example_short_circuit_operator']) retrieved from /home/airflow/.local/lib/python3.7/site-packages/airflow/example_dags/example_short_circuit_operator.py
[2022-01-22 13:07:56,014] {logging_mixin.py:109} INFO - [2022-01-22 13:07:56,014] {dag.py:2396} INFO - Sync 1 DAGs
[2022-01-22 13:07:56,149] {logging_mixin.py:109} INFO - [2022-01-22 13:07:56,149] {dag.py:2928} INFO - Setting next_dagrun for example_short_circuit_operator to 2022-01-21T13:07:56.149242+00:00
[2022-01-22 13:07:56,165] {processor.py:171} INFO - Processing /home/airflow/.local/lib/python3.7/site-packages/airflow/example_dags/example_short_circuit_operator.py took 0.221 seconds
[2022-01-22 13:08:27,048] {processor.py:163} INFO - Started process (PID=1315) to work on /home/airflow/.local/lib/python3.7/site-packages/airflow/example_dags/example_short_circuit_operator.py
[2022-01-22 13:08:27,051] {processor.py:625} INFO - Processing file /home/airflow/.local/lib/python3.7/site-packages/airflow/example_dags/example_short_circuit_operator.py for tasks to queue
[2022-01-22 13:08:27,053] {logging_mixin.py:109} INFO - [2022-01-22 13:08:27,052] {dagbag.py:500} INFO - Filling up the DagBag from /home/airflow/.local/lib/python3.7/site-packages/airflow/example_dags/example_short_circuit_operator.py
[2022-01-22 13:08:27,238] {processor.py:637} INFO - DAG(s) dict_keys(['example_short_circuit_operator']) retrieved from /home/airflow/.local/lib/python3.7/site-packages/airflow/example_dags/example_short_circuit_operator.py
[2022-01-22 13:08:27,252] {logging_mixin.py:109} INFO - [2022-01-22 13:08:27,252] {dag.py:2396} INFO - Sync 1 DAGs
[2022-01-22 13:08:27,273] {logging_mixin.py:109} INFO - [2022-01-22 13:08:27,273] {dag.py:2928} INFO - Setting next_dagrun for example_short_circuit_operator to 2022-01-21T13:08:27.273022+00:00
[2022-01-22 13:08:27,288] {processor.py:171} INFO - Processing /home/airflow/.local/lib/python3.7/site-packages/airflow/example_dags/example_short_circuit_operator.py took 0.247 seconds
[2022-01-22 13:08:57,979] {processor.py:163} INFO - Started process (PID=1377) to work on /home/airflow/.local/lib/python3.7/site-packages/airflow/example_dags/example_short_circuit_operator.py
[2022-01-22 13:08:57,982] {processor.py:625} INFO - Processing file /home/airflow/.local/lib/python3.7/site-packages/airflow/example_dags/example_short_circuit_operator.py for tasks to queue
[2022-01-22 13:08:57,983] {logging_mixin.py:109} INFO - [2022-01-22 13:08:57,983] {dagbag.py:500} INFO - Filling up the DagBag from /home/airflow/.local/lib/python3.7/site-packages/airflow/example_dags/example_short_circuit_operator.py
[2022-01-22 13:08:58,147] {processor.py:637} INFO - DAG(s) dict_keys(['example_short_circuit_operator']) retrieved from /home/airflow/.local/lib/python3.7/site-packages/airflow/example_dags/example_short_circuit_operator.py
[2022-01-22 13:08:58,162] {logging_mixin.py:109} INFO - [2022-01-22 13:08:58,162] {dag.py:2396} INFO - Sync 1 DAGs
[2022-01-22 13:08:58,185] {logging_mixin.py:109} INFO - [2022-01-22 13:08:58,185] {dag.py:2928} INFO - Setting next_dagrun for example_short_circuit_operator to 2022-01-21T13:08:58.185071+00:00
[2022-01-22 13:08:58,203] {processor.py:171} INFO - Processing /home/airflow/.local/lib/python3.7/site-packages/airflow/example_dags/example_short_circuit_operator.py took 0.233 seconds
[2022-01-22 13:09:28,509] {processor.py:163} INFO - Started process (PID=1432) to work on /home/airflow/.local/lib/python3.7/site-packages/airflow/example_dags/example_short_circuit_operator.py
[2022-01-22 13:09:28,515] {processor.py:625} INFO - Processing file /home/airflow/.local/lib/python3.7/site-packages/airflow/example_dags/example_short_circuit_operator.py for tasks to queue
[2022-01-22 13:09:28,519] {logging_mixin.py:109} INFO - [2022-01-22 13:09:28,518] {dagbag.py:500} INFO - Filling up the DagBag from /home/airflow/.local/lib/python3.7/site-packages/airflow/example_dags/example_short_circuit_operator.py
[2022-01-22 13:09:28,834] {processor.py:637} INFO - DAG(s) dict_keys(['example_short_circuit_operator']) retrieved from /home/airflow/.local/lib/python3.7/site-packages/airflow/example_dags/example_short_circuit_operator.py
[2022-01-22 13:09:28,854] {logging_mixin.py:109} INFO - [2022-01-22 13:09:28,853] {dag.py:2396} INFO - Sync 1 DAGs
[2022-01-22 13:09:28,889] {logging_mixin.py:109} INFO - [2022-01-22 13:09:28,888] {dag.py:2928} INFO - Setting next_dagrun for example_short_circuit_operator to 2022-01-21T13:09:28.888480+00:00
[2022-01-22 13:09:28,909] {processor.py:171} INFO - Processing /home/airflow/.local/lib/python3.7/site-packages/airflow/example_dags/example_short_circuit_operator.py took 0.413 seconds
[2022-01-22 13:09:59,534] {processor.py:163} INFO - Started process (PID=1493) to work on /home/airflow/.local/lib/python3.7/site-packages/airflow/example_dags/example_short_circuit_operator.py
[2022-01-22 13:09:59,540] {processor.py:625} INFO - Processing file /home/airflow/.local/lib/python3.7/site-packages/airflow/example_dags/example_short_circuit_operator.py for tasks to queue
[2022-01-22 13:09:59,544] {logging_mixin.py:109} INFO - [2022-01-22 13:09:59,543] {dagbag.py:500} INFO - Filling up the DagBag from /home/airflow/.local/lib/python3.7/site-packages/airflow/example_dags/example_short_circuit_operator.py
[2022-01-22 13:09:59,920] {processor.py:637} INFO - DAG(s) dict_keys(['example_short_circuit_operator']) retrieved from /home/airflow/.local/lib/python3.7/site-packages/airflow/example_dags/example_short_circuit_operator.py
[2022-01-22 13:09:59,936] {logging_mixin.py:109} INFO - [2022-01-22 13:09:59,936] {dag.py:2396} INFO - Sync 1 DAGs
[2022-01-22 13:09:59,964] {logging_mixin.py:109} INFO - [2022-01-22 13:09:59,963] {dag.py:2928} INFO - Setting next_dagrun for example_short_circuit_operator to 2022-01-21T13:09:59.963167+00:00
[2022-01-22 13:09:59,987] {processor.py:171} INFO - Processing /home/airflow/.local/lib/python3.7/site-packages/airflow/example_dags/example_short_circuit_operator.py took 0.475 seconds
[2022-01-22 13:10:30,805] {processor.py:163} INFO - Started process (PID=1563) to work on /home/airflow/.local/lib/python3.7/site-packages/airflow/example_dags/example_short_circuit_operator.py
[2022-01-22 13:10:30,813] {processor.py:625} INFO - Processing file /home/airflow/.local/lib/python3.7/site-packages/airflow/example_dags/example_short_circuit_operator.py for tasks to queue
[2022-01-22 13:10:30,816] {logging_mixin.py:109} INFO - [2022-01-22 13:10:30,816] {dagbag.py:500} INFO - Filling up the DagBag from /home/airflow/.local/lib/python3.7/site-packages/airflow/example_dags/example_short_circuit_operator.py
[2022-01-22 13:10:31,003] {processor.py:637} INFO - DAG(s) dict_keys(['example_short_circuit_operator']) retrieved from /home/airflow/.local/lib/python3.7/site-packages/airflow/example_dags/example_short_circuit_operator.py
[2022-01-22 13:10:31,017] {logging_mixin.py:109} INFO - [2022-01-22 13:10:31,017] {dag.py:2396} INFO - Sync 1 DAGs
[2022-01-22 13:10:31,036] {logging_mixin.py:109} INFO - [2022-01-22 13:10:31,036] {dag.py:2928} INFO - Setting next_dagrun for example_short_circuit_operator to 2022-01-21T13:10:31.035843+00:00
[2022-01-22 13:10:31,048] {processor.py:171} INFO - Processing /home/airflow/.local/lib/python3.7/site-packages/airflow/example_dags/example_short_circuit_operator.py took 0.263 seconds
[2022-01-22 13:11:01,401] {processor.py:163} INFO - Started process (PID=1625) to work on /home/airflow/.local/lib/python3.7/site-packages/airflow/example_dags/example_short_circuit_operator.py
[2022-01-22 13:11:01,403] {processor.py:625} INFO - Processing file /home/airflow/.local/lib/python3.7/site-packages/airflow/example_dags/example_short_circuit_operator.py for tasks to queue
[2022-01-22 13:11:01,405] {logging_mixin.py:109} INFO - [2022-01-22 13:11:01,404] {dagbag.py:500} INFO - Filling up the DagBag from /home/airflow/.local/lib/python3.7/site-packages/airflow/example_dags/example_short_circuit_operator.py
[2022-01-22 13:11:01,461] {processor.py:637} INFO - DAG(s) dict_keys(['example_short_circuit_operator']) retrieved from /home/airflow/.local/lib/python3.7/site-packages/airflow/example_dags/example_short_circuit_operator.py
[2022-01-22 13:11:01,486] {logging_mixin.py:109} INFO - [2022-01-22 13:11:01,486] {dag.py:2396} INFO - Sync 1 DAGs
[2022-01-22 13:11:01,521] {logging_mixin.py:109} INFO - [2022-01-22 13:11:01,521] {dag.py:2928} INFO - Setting next_dagrun for example_short_circuit_operator to 2022-01-21T13:11:01.520472+00:00
[2022-01-22 13:11:01,536] {processor.py:171} INFO - Processing /home/airflow/.local/lib/python3.7/site-packages/airflow/example_dags/example_short_circuit_operator.py took 0.142 seconds
[2022-01-22 13:11:31,645] {processor.py:163} INFO - Started process (PID=1685) to work on /home/airflow/.local/lib/python3.7/site-packages/airflow/example_dags/example_short_circuit_operator.py
[2022-01-22 13:11:31,646] {processor.py:625} INFO - Processing file /home/airflow/.local/lib/python3.7/site-packages/airflow/example_dags/example_short_circuit_operator.py for tasks to queue
[2022-01-22 13:11:31,648] {logging_mixin.py:109} INFO - [2022-01-22 13:11:31,647] {dagbag.py:500} INFO - Filling up the DagBag from /home/airflow/.local/lib/python3.7/site-packages/airflow/example_dags/example_short_circuit_operator.py
[2022-01-22 13:11:31,692] {processor.py:637} INFO - DAG(s) dict_keys(['example_short_circuit_operator']) retrieved from /home/airflow/.local/lib/python3.7/site-packages/airflow/example_dags/example_short_circuit_operator.py
[2022-01-22 13:11:31,710] {logging_mixin.py:109} INFO - [2022-01-22 13:11:31,710] {dag.py:2396} INFO - Sync 1 DAGs
[2022-01-22 13:11:31,735] {logging_mixin.py:109} INFO - [2022-01-22 13:11:31,735] {dag.py:2928} INFO - Setting next_dagrun for example_short_circuit_operator to 2022-01-21T13:11:31.734079+00:00
[2022-01-22 13:11:31,748] {processor.py:171} INFO - Processing /home/airflow/.local/lib/python3.7/site-packages/airflow/example_dags/example_short_circuit_operator.py took 0.109 seconds
[2022-01-22 13:12:02,367] {processor.py:163} INFO - Started process (PID=1746) to work on /home/airflow/.local/lib/python3.7/site-packages/airflow/example_dags/example_short_circuit_operator.py
[2022-01-22 13:12:02,373] {processor.py:625} INFO - Processing file /home/airflow/.local/lib/python3.7/site-packages/airflow/example_dags/example_short_circuit_operator.py for tasks to queue
[2022-01-22 13:12:02,377] {logging_mixin.py:109} INFO - [2022-01-22 13:12:02,377] {dagbag.py:500} INFO - Filling up the DagBag from /home/airflow/.local/lib/python3.7/site-packages/airflow/example_dags/example_short_circuit_operator.py
[2022-01-22 13:12:02,481] {processor.py:637} INFO - DAG(s) dict_keys(['example_short_circuit_operator']) retrieved from /home/airflow/.local/lib/python3.7/site-packages/airflow/example_dags/example_short_circuit_operator.py
[2022-01-22 13:12:02,522] {logging_mixin.py:109} INFO - [2022-01-22 13:12:02,522] {dag.py:2396} INFO - Sync 1 DAGs
[2022-01-22 13:12:02,586] {logging_mixin.py:109} INFO - [2022-01-22 13:12:02,585] {dag.py:2928} INFO - Setting next_dagrun for example_short_circuit_operator to 2022-01-21T13:12:02.584773+00:00
[2022-01-22 13:12:02,621] {processor.py:171} INFO - Processing /home/airflow/.local/lib/python3.7/site-packages/airflow/example_dags/example_short_circuit_operator.py took 0.268 seconds
[2022-01-22 13:12:33,468] {processor.py:163} INFO - Started process (PID=1806) to work on /home/airflow/.local/lib/python3.7/site-packages/airflow/example_dags/example_short_circuit_operator.py
[2022-01-22 13:12:33,473] {processor.py:625} INFO - Processing file /home/airflow/.local/lib/python3.7/site-packages/airflow/example_dags/example_short_circuit_operator.py for tasks to queue
[2022-01-22 13:12:33,477] {logging_mixin.py:109} INFO - [2022-01-22 13:12:33,476] {dagbag.py:500} INFO - Filling up the DagBag from /home/airflow/.local/lib/python3.7/site-packages/airflow/example_dags/example_short_circuit_operator.py
[2022-01-22 13:12:33,560] {processor.py:637} INFO - DAG(s) dict_keys(['example_short_circuit_operator']) retrieved from /home/airflow/.local/lib/python3.7/site-packages/airflow/example_dags/example_short_circuit_operator.py
[2022-01-22 13:12:33,578] {logging_mixin.py:109} INFO - [2022-01-22 13:12:33,578] {dag.py:2396} INFO - Sync 1 DAGs
[2022-01-22 13:12:33,603] {logging_mixin.py:109} INFO - [2022-01-22 13:12:33,603] {dag.py:2928} INFO - Setting next_dagrun for example_short_circuit_operator to 2022-01-21T13:12:33.603083+00:00
[2022-01-22 13:12:33,624] {processor.py:171} INFO - Processing /home/airflow/.local/lib/python3.7/site-packages/airflow/example_dags/example_short_circuit_operator.py took 0.168 seconds
[2022-01-22 13:13:03,732] {processor.py:163} INFO - Started process (PID=1867) to work on /home/airflow/.local/lib/python3.7/site-packages/airflow/example_dags/example_short_circuit_operator.py
[2022-01-22 13:13:03,735] {processor.py:625} INFO - Processing file /home/airflow/.local/lib/python3.7/site-packages/airflow/example_dags/example_short_circuit_operator.py for tasks to queue
[2022-01-22 13:13:03,738] {logging_mixin.py:109} INFO - [2022-01-22 13:13:03,738] {dagbag.py:500} INFO - Filling up the DagBag from /home/airflow/.local/lib/python3.7/site-packages/airflow/example_dags/example_short_circuit_operator.py
[2022-01-22 13:13:03,813] {processor.py:637} INFO - DAG(s) dict_keys(['example_short_circuit_operator']) retrieved from /home/airflow/.local/lib/python3.7/site-packages/airflow/example_dags/example_short_circuit_operator.py
[2022-01-22 13:13:03,842] {logging_mixin.py:109} INFO - [2022-01-22 13:13:03,842] {dag.py:2396} INFO - Sync 1 DAGs
[2022-01-22 13:13:03,892] {logging_mixin.py:109} INFO - [2022-01-22 13:13:03,892] {dag.py:2928} INFO - Setting next_dagrun for example_short_circuit_operator to 2022-01-21T13:13:03.891721+00:00
[2022-01-22 13:13:03,914] {processor.py:171} INFO - Processing /home/airflow/.local/lib/python3.7/site-packages/airflow/example_dags/example_short_circuit_operator.py took 0.191 seconds
[2022-01-22 13:13:34,016] {processor.py:163} INFO - Started process (PID=1929) to work on /home/airflow/.local/lib/python3.7/site-packages/airflow/example_dags/example_short_circuit_operator.py
[2022-01-22 13:13:34,018] {processor.py:625} INFO - Processing file /home/airflow/.local/lib/python3.7/site-packages/airflow/example_dags/example_short_circuit_operator.py for tasks to queue
[2022-01-22 13:13:34,019] {logging_mixin.py:109} INFO - [2022-01-22 13:13:34,019] {dagbag.py:500} INFO - Filling up the DagBag from /home/airflow/.local/lib/python3.7/site-packages/airflow/example_dags/example_short_circuit_operator.py
[2022-01-22 13:13:34,062] {processor.py:637} INFO - DAG(s) dict_keys(['example_short_circuit_operator']) retrieved from /home/airflow/.local/lib/python3.7/site-packages/airflow/example_dags/example_short_circuit_operator.py
[2022-01-22 13:13:34,081] {logging_mixin.py:109} INFO - [2022-01-22 13:13:34,080] {dag.py:2396} INFO - Sync 1 DAGs
[2022-01-22 13:13:34,106] {logging_mixin.py:109} INFO - [2022-01-22 13:13:34,106] {dag.py:2928} INFO - Setting next_dagrun for example_short_circuit_operator to 2022-01-21T13:13:34.105765+00:00
[2022-01-22 13:13:34,124] {processor.py:171} INFO - Processing /home/airflow/.local/lib/python3.7/site-packages/airflow/example_dags/example_short_circuit_operator.py took 0.113 seconds
[2022-01-22 13:14:04,465] {processor.py:163} INFO - Started process (PID=1991) to work on /home/airflow/.local/lib/python3.7/site-packages/airflow/example_dags/example_short_circuit_operator.py
[2022-01-22 13:14:04,470] {processor.py:625} INFO - Processing file /home/airflow/.local/lib/python3.7/site-packages/airflow/example_dags/example_short_circuit_operator.py for tasks to queue
[2022-01-22 13:14:04,475] {logging_mixin.py:109} INFO - [2022-01-22 13:14:04,474] {dagbag.py:500} INFO - Filling up the DagBag from /home/airflow/.local/lib/python3.7/site-packages/airflow/example_dags/example_short_circuit_operator.py
[2022-01-22 13:14:04,560] {processor.py:637} INFO - DAG(s) dict_keys(['example_short_circuit_operator']) retrieved from /home/airflow/.local/lib/python3.7/site-packages/airflow/example_dags/example_short_circuit_operator.py
[2022-01-22 13:14:04,586] {logging_mixin.py:109} INFO - [2022-01-22 13:14:04,586] {dag.py:2396} INFO - Sync 1 DAGs
[2022-01-22 13:14:04,624] {logging_mixin.py:109} INFO - [2022-01-22 13:14:04,624] {dag.py:2928} INFO - Setting next_dagrun for example_short_circuit_operator to 2022-01-21T13:14:04.623491+00:00
[2022-01-22 13:14:04,647] {processor.py:171} INFO - Processing /home/airflow/.local/lib/python3.7/site-packages/airflow/example_dags/example_short_circuit_operator.py took 0.195 seconds
[2022-01-22 13:14:35,358] {processor.py:163} INFO - Started process (PID=2052) to work on /home/airflow/.local/lib/python3.7/site-packages/airflow/example_dags/example_short_circuit_operator.py
[2022-01-22 13:14:35,366] {processor.py:625} INFO - Processing file /home/airflow/.local/lib/python3.7/site-packages/airflow/example_dags/example_short_circuit_operator.py for tasks to queue
[2022-01-22 13:14:35,372] {logging_mixin.py:109} INFO - [2022-01-22 13:14:35,371] {dagbag.py:500} INFO - Filling up the DagBag from /home/airflow/.local/lib/python3.7/site-packages/airflow/example_dags/example_short_circuit_operator.py
[2022-01-22 13:14:35,488] {processor.py:637} INFO - DAG(s) dict_keys(['example_short_circuit_operator']) retrieved from /home/airflow/.local/lib/python3.7/site-packages/airflow/example_dags/example_short_circuit_operator.py
[2022-01-22 13:14:35,508] {logging_mixin.py:109} INFO - [2022-01-22 13:14:35,508] {dag.py:2396} INFO - Sync 1 DAGs
[2022-01-22 13:14:35,536] {logging_mixin.py:109} INFO - [2022-01-22 13:14:35,536] {dag.py:2928} INFO - Setting next_dagrun for example_short_circuit_operator to 2022-01-21T13:14:35.535815+00:00
[2022-01-22 13:14:35,551] {processor.py:171} INFO - Processing /home/airflow/.local/lib/python3.7/site-packages/airflow/example_dags/example_short_circuit_operator.py took 0.227 seconds
[2022-01-22 13:15:05,786] {processor.py:163} INFO - Started process (PID=2122) to work on /home/airflow/.local/lib/python3.7/site-packages/airflow/example_dags/example_short_circuit_operator.py
[2022-01-22 13:15:05,788] {processor.py:625} INFO - Processing file /home/airflow/.local/lib/python3.7/site-packages/airflow/example_dags/example_short_circuit_operator.py for tasks to queue
[2022-01-22 13:15:05,789] {logging_mixin.py:109} INFO - [2022-01-22 13:15:05,789] {dagbag.py:500} INFO - Filling up the DagBag from /home/airflow/.local/lib/python3.7/site-packages/airflow/example_dags/example_short_circuit_operator.py
[2022-01-22 13:15:05,826] {processor.py:637} INFO - DAG(s) dict_keys(['example_short_circuit_operator']) retrieved from /home/airflow/.local/lib/python3.7/site-packages/airflow/example_dags/example_short_circuit_operator.py
[2022-01-22 13:15:05,843] {logging_mixin.py:109} INFO - [2022-01-22 13:15:05,842] {dag.py:2396} INFO - Sync 1 DAGs
[2022-01-22 13:15:05,863] {logging_mixin.py:109} INFO - [2022-01-22 13:15:05,863] {dag.py:2928} INFO - Setting next_dagrun for example_short_circuit_operator to 2022-01-21T13:15:05.862885+00:00
[2022-01-22 13:15:05,878] {processor.py:171} INFO - Processing /home/airflow/.local/lib/python3.7/site-packages/airflow/example_dags/example_short_circuit_operator.py took 0.098 seconds
[2022-01-22 13:20:20,832] {processor.py:163} INFO - Started process (PID=2190) to work on /home/airflow/.local/lib/python3.7/site-packages/airflow/example_dags/example_short_circuit_operator.py
[2022-01-22 13:20:20,837] {processor.py:625} INFO - Processing file /home/airflow/.local/lib/python3.7/site-packages/airflow/example_dags/example_short_circuit_operator.py for tasks to queue
[2022-01-22 13:20:20,840] {logging_mixin.py:109} INFO - [2022-01-22 13:20:20,840] {dagbag.py:500} INFO - Filling up the DagBag from /home/airflow/.local/lib/python3.7/site-packages/airflow/example_dags/example_short_circuit_operator.py
[2022-01-22 13:20:20,957] {processor.py:637} INFO - DAG(s) dict_keys(['example_short_circuit_operator']) retrieved from /home/airflow/.local/lib/python3.7/site-packages/airflow/example_dags/example_short_circuit_operator.py
[2022-01-22 13:20:20,994] {logging_mixin.py:109} INFO - [2022-01-22 13:20:20,994] {dag.py:2396} INFO - Sync 1 DAGs
[2022-01-22 13:20:21,074] {logging_mixin.py:109} INFO - [2022-01-22 13:20:21,074] {dag.py:2928} INFO - Setting next_dagrun for example_short_circuit_operator to 2022-01-21T13:20:21.073753+00:00
[2022-01-22 13:20:21,104] {processor.py:171} INFO - Processing /home/airflow/.local/lib/python3.7/site-packages/airflow/example_dags/example_short_circuit_operator.py took 0.288 seconds
[2022-01-22 13:20:51,259] {processor.py:163} INFO - Started process (PID=2233) to work on /home/airflow/.local/lib/python3.7/site-packages/airflow/example_dags/example_short_circuit_operator.py
[2022-01-22 13:20:51,262] {processor.py:625} INFO - Processing file /home/airflow/.local/lib/python3.7/site-packages/airflow/example_dags/example_short_circuit_operator.py for tasks to queue
[2022-01-22 13:20:51,264] {logging_mixin.py:109} INFO - [2022-01-22 13:20:51,264] {dagbag.py:500} INFO - Filling up the DagBag from /home/airflow/.local/lib/python3.7/site-packages/airflow/example_dags/example_short_circuit_operator.py
[2022-01-22 13:20:51,316] {processor.py:637} INFO - DAG(s) dict_keys(['example_short_circuit_operator']) retrieved from /home/airflow/.local/lib/python3.7/site-packages/airflow/example_dags/example_short_circuit_operator.py
[2022-01-22 13:20:51,333] {logging_mixin.py:109} INFO - [2022-01-22 13:20:51,333] {dag.py:2396} INFO - Sync 1 DAGs
[2022-01-22 13:20:51,360] {logging_mixin.py:109} INFO - [2022-01-22 13:20:51,360] {dag.py:2928} INFO - Setting next_dagrun for example_short_circuit_operator to 2022-01-21T13:20:51.359880+00:00
[2022-01-22 13:20:51,375] {processor.py:171} INFO - Processing /home/airflow/.local/lib/python3.7/site-packages/airflow/example_dags/example_short_circuit_operator.py took 0.122 seconds
[2022-01-22 13:21:21,823] {processor.py:163} INFO - Started process (PID=2304) to work on /home/airflow/.local/lib/python3.7/site-packages/airflow/example_dags/example_short_circuit_operator.py
[2022-01-22 13:21:21,825] {processor.py:625} INFO - Processing file /home/airflow/.local/lib/python3.7/site-packages/airflow/example_dags/example_short_circuit_operator.py for tasks to queue
[2022-01-22 13:21:21,826] {logging_mixin.py:109} INFO - [2022-01-22 13:21:21,826] {dagbag.py:500} INFO - Filling up the DagBag from /home/airflow/.local/lib/python3.7/site-packages/airflow/example_dags/example_short_circuit_operator.py
[2022-01-22 13:21:21,865] {processor.py:637} INFO - DAG(s) dict_keys(['example_short_circuit_operator']) retrieved from /home/airflow/.local/lib/python3.7/site-packages/airflow/example_dags/example_short_circuit_operator.py
[2022-01-22 13:21:21,881] {logging_mixin.py:109} INFO - [2022-01-22 13:21:21,880] {dag.py:2396} INFO - Sync 1 DAGs
[2022-01-22 13:21:21,905] {logging_mixin.py:109} INFO - [2022-01-22 13:21:21,905] {dag.py:2928} INFO - Setting next_dagrun for example_short_circuit_operator to 2022-01-21T13:21:21.904669+00:00
[2022-01-22 13:21:21,919] {processor.py:171} INFO - Processing /home/airflow/.local/lib/python3.7/site-packages/airflow/example_dags/example_short_circuit_operator.py took 0.101 seconds
[2022-01-22 13:21:52,160] {processor.py:163} INFO - Started process (PID=2366) to work on /home/airflow/.local/lib/python3.7/site-packages/airflow/example_dags/example_short_circuit_operator.py
[2022-01-22 13:21:52,162] {processor.py:625} INFO - Processing file /home/airflow/.local/lib/python3.7/site-packages/airflow/example_dags/example_short_circuit_operator.py for tasks to queue
[2022-01-22 13:21:52,164] {logging_mixin.py:109} INFO - [2022-01-22 13:21:52,164] {dagbag.py:500} INFO - Filling up the DagBag from /home/airflow/.local/lib/python3.7/site-packages/airflow/example_dags/example_short_circuit_operator.py
[2022-01-22 13:21:52,280] {processor.py:637} INFO - DAG(s) dict_keys(['example_short_circuit_operator']) retrieved from /home/airflow/.local/lib/python3.7/site-packages/airflow/example_dags/example_short_circuit_operator.py
[2022-01-22 13:21:52,311] {logging_mixin.py:109} INFO - [2022-01-22 13:21:52,311] {dag.py:2396} INFO - Sync 1 DAGs
[2022-01-22 13:21:52,345] {logging_mixin.py:109} INFO - [2022-01-22 13:21:52,344] {dag.py:2928} INFO - Setting next_dagrun for example_short_circuit_operator to 2022-01-21T13:21:52.342967+00:00
[2022-01-22 13:21:52,385] {processor.py:171} INFO - Processing /home/airflow/.local/lib/python3.7/site-packages/airflow/example_dags/example_short_circuit_operator.py took 0.233 seconds
