[2022-01-22 12:58:17,902] {processor.py:163} INFO - Started process (PID=80) to work on /home/airflow/.local/lib/python3.7/site-packages/airflow/example_dags/example_bash_operator.py
[2022-01-22 12:58:17,905] {processor.py:625} INFO - Processing file /home/airflow/.local/lib/python3.7/site-packages/airflow/example_dags/example_bash_operator.py for tasks to queue
[2022-01-22 12:58:17,908] {logging_mixin.py:109} INFO - [2022-01-22 12:58:17,908] {dagbag.py:500} INFO - Filling up the DagBag from /home/airflow/.local/lib/python3.7/site-packages/airflow/example_dags/example_bash_operator.py
[2022-01-22 12:58:17,968] {processor.py:637} INFO - DAG(s) dict_keys(['example_bash_operator']) retrieved from /home/airflow/.local/lib/python3.7/site-packages/airflow/example_dags/example_bash_operator.py
[2022-01-22 12:58:18,021] {logging_mixin.py:109} INFO - [2022-01-22 12:58:18,020] {dag.py:2396} INFO - Sync 1 DAGs
[2022-01-22 12:58:18,105] {logging_mixin.py:109} INFO - [2022-01-22 12:58:18,105] {dag.py:2928} INFO - Setting next_dagrun for example_bash_operator to 2022-01-21 00:00:00+00:00
[2022-01-22 12:58:18,130] {processor.py:171} INFO - Processing /home/airflow/.local/lib/python3.7/site-packages/airflow/example_dags/example_bash_operator.py took 0.234 seconds
[2022-01-22 12:59:03,007] {processor.py:163} INFO - Started process (PID=171) to work on /home/airflow/.local/lib/python3.7/site-packages/airflow/example_dags/example_bash_operator.py
[2022-01-22 12:59:03,025] {processor.py:625} INFO - Processing file /home/airflow/.local/lib/python3.7/site-packages/airflow/example_dags/example_bash_operator.py for tasks to queue
[2022-01-22 12:59:03,042] {logging_mixin.py:109} INFO - [2022-01-22 12:59:03,042] {dagbag.py:500} INFO - Filling up the DagBag from /home/airflow/.local/lib/python3.7/site-packages/airflow/example_dags/example_bash_operator.py
[2022-01-22 12:59:03,536] {processor.py:637} INFO - DAG(s) dict_keys(['example_bash_operator']) retrieved from /home/airflow/.local/lib/python3.7/site-packages/airflow/example_dags/example_bash_operator.py
[2022-01-22 12:59:03,740] {logging_mixin.py:109} INFO - [2022-01-22 12:59:03,740] {dag.py:2396} INFO - Sync 1 DAGs
[2022-01-22 12:59:04,013] {logging_mixin.py:109} INFO - [2022-01-22 12:59:04,013] {dag.py:2928} INFO - Setting next_dagrun for example_bash_operator to 2022-01-21 00:00:00+00:00
[2022-01-22 12:59:04,083] {processor.py:171} INFO - Processing /home/airflow/.local/lib/python3.7/site-packages/airflow/example_dags/example_bash_operator.py took 1.146 seconds
[2022-01-22 12:59:34,780] {processor.py:163} INFO - Started process (PID=250) to work on /home/airflow/.local/lib/python3.7/site-packages/airflow/example_dags/example_bash_operator.py
[2022-01-22 12:59:34,783] {processor.py:625} INFO - Processing file /home/airflow/.local/lib/python3.7/site-packages/airflow/example_dags/example_bash_operator.py for tasks to queue
[2022-01-22 12:59:34,784] {logging_mixin.py:109} INFO - [2022-01-22 12:59:34,784] {dagbag.py:500} INFO - Filling up the DagBag from /home/airflow/.local/lib/python3.7/site-packages/airflow/example_dags/example_bash_operator.py
[2022-01-22 12:59:34,828] {processor.py:637} INFO - DAG(s) dict_keys(['example_bash_operator']) retrieved from /home/airflow/.local/lib/python3.7/site-packages/airflow/example_dags/example_bash_operator.py
[2022-01-22 12:59:34,853] {logging_mixin.py:109} INFO - [2022-01-22 12:59:34,853] {dag.py:2396} INFO - Sync 1 DAGs
[2022-01-22 12:59:34,882] {logging_mixin.py:109} INFO - [2022-01-22 12:59:34,882] {dag.py:2928} INFO - Setting next_dagrun for example_bash_operator to 2022-01-21 00:00:00+00:00
[2022-01-22 12:59:34,896] {processor.py:171} INFO - Processing /home/airflow/.local/lib/python3.7/site-packages/airflow/example_dags/example_bash_operator.py took 0.121 seconds
[2022-01-22 13:00:05,353] {processor.py:163} INFO - Started process (PID=311) to work on /home/airflow/.local/lib/python3.7/site-packages/airflow/example_dags/example_bash_operator.py
[2022-01-22 13:00:05,357] {processor.py:625} INFO - Processing file /home/airflow/.local/lib/python3.7/site-packages/airflow/example_dags/example_bash_operator.py for tasks to queue
[2022-01-22 13:00:05,359] {logging_mixin.py:109} INFO - [2022-01-22 13:00:05,359] {dagbag.py:500} INFO - Filling up the DagBag from /home/airflow/.local/lib/python3.7/site-packages/airflow/example_dags/example_bash_operator.py
[2022-01-22 13:00:05,443] {processor.py:637} INFO - DAG(s) dict_keys(['example_bash_operator']) retrieved from /home/airflow/.local/lib/python3.7/site-packages/airflow/example_dags/example_bash_operator.py
[2022-01-22 13:00:05,467] {logging_mixin.py:109} INFO - [2022-01-22 13:00:05,467] {dag.py:2396} INFO - Sync 1 DAGs
[2022-01-22 13:00:05,516] {logging_mixin.py:109} INFO - [2022-01-22 13:00:05,516] {dag.py:2928} INFO - Setting next_dagrun for example_bash_operator to 2022-01-21 00:00:00+00:00
[2022-01-22 13:00:05,546] {processor.py:171} INFO - Processing /home/airflow/.local/lib/python3.7/site-packages/airflow/example_dags/example_bash_operator.py took 0.210 seconds
[2022-01-22 13:00:36,077] {processor.py:163} INFO - Started process (PID=371) to work on /home/airflow/.local/lib/python3.7/site-packages/airflow/example_dags/example_bash_operator.py
[2022-01-22 13:00:36,080] {processor.py:625} INFO - Processing file /home/airflow/.local/lib/python3.7/site-packages/airflow/example_dags/example_bash_operator.py for tasks to queue
[2022-01-22 13:00:36,081] {logging_mixin.py:109} INFO - [2022-01-22 13:00:36,081] {dagbag.py:500} INFO - Filling up the DagBag from /home/airflow/.local/lib/python3.7/site-packages/airflow/example_dags/example_bash_operator.py
[2022-01-22 13:00:36,131] {processor.py:637} INFO - DAG(s) dict_keys(['example_bash_operator']) retrieved from /home/airflow/.local/lib/python3.7/site-packages/airflow/example_dags/example_bash_operator.py
[2022-01-22 13:00:36,150] {logging_mixin.py:109} INFO - [2022-01-22 13:00:36,150] {dag.py:2396} INFO - Sync 1 DAGs
[2022-01-22 13:00:36,177] {logging_mixin.py:109} INFO - [2022-01-22 13:00:36,177] {dag.py:2928} INFO - Setting next_dagrun for example_bash_operator to 2022-01-21 00:00:00+00:00
[2022-01-22 13:00:36,192] {processor.py:171} INFO - Processing /home/airflow/.local/lib/python3.7/site-packages/airflow/example_dags/example_bash_operator.py took 0.120 seconds
[2022-01-22 13:01:07,024] {processor.py:163} INFO - Started process (PID=431) to work on /home/airflow/.local/lib/python3.7/site-packages/airflow/example_dags/example_bash_operator.py
[2022-01-22 13:01:07,028] {processor.py:625} INFO - Processing file /home/airflow/.local/lib/python3.7/site-packages/airflow/example_dags/example_bash_operator.py for tasks to queue
[2022-01-22 13:01:07,031] {logging_mixin.py:109} INFO - [2022-01-22 13:01:07,030] {dagbag.py:500} INFO - Filling up the DagBag from /home/airflow/.local/lib/python3.7/site-packages/airflow/example_dags/example_bash_operator.py
[2022-01-22 13:01:07,087] {processor.py:637} INFO - DAG(s) dict_keys(['example_bash_operator']) retrieved from /home/airflow/.local/lib/python3.7/site-packages/airflow/example_dags/example_bash_operator.py
[2022-01-22 13:01:07,103] {logging_mixin.py:109} INFO - [2022-01-22 13:01:07,103] {dag.py:2396} INFO - Sync 1 DAGs
[2022-01-22 13:01:07,126] {logging_mixin.py:109} INFO - [2022-01-22 13:01:07,126] {dag.py:2928} INFO - Setting next_dagrun for example_bash_operator to 2022-01-21 00:00:00+00:00
[2022-01-22 13:01:07,140] {processor.py:171} INFO - Processing /home/airflow/.local/lib/python3.7/site-packages/airflow/example_dags/example_bash_operator.py took 0.128 seconds
[2022-01-22 13:01:37,324] {processor.py:163} INFO - Started process (PID=492) to work on /home/airflow/.local/lib/python3.7/site-packages/airflow/example_dags/example_bash_operator.py
[2022-01-22 13:01:37,328] {processor.py:625} INFO - Processing file /home/airflow/.local/lib/python3.7/site-packages/airflow/example_dags/example_bash_operator.py for tasks to queue
[2022-01-22 13:01:37,330] {logging_mixin.py:109} INFO - [2022-01-22 13:01:37,330] {dagbag.py:500} INFO - Filling up the DagBag from /home/airflow/.local/lib/python3.7/site-packages/airflow/example_dags/example_bash_operator.py
[2022-01-22 13:01:37,447] {processor.py:637} INFO - DAG(s) dict_keys(['example_bash_operator']) retrieved from /home/airflow/.local/lib/python3.7/site-packages/airflow/example_dags/example_bash_operator.py
[2022-01-22 13:01:37,497] {logging_mixin.py:109} INFO - [2022-01-22 13:01:37,497] {dag.py:2396} INFO - Sync 1 DAGs
[2022-01-22 13:01:37,577] {logging_mixin.py:109} INFO - [2022-01-22 13:01:37,577] {dag.py:2928} INFO - Setting next_dagrun for example_bash_operator to 2022-01-21 00:00:00+00:00
[2022-01-22 13:01:37,623] {processor.py:171} INFO - Processing /home/airflow/.local/lib/python3.7/site-packages/airflow/example_dags/example_bash_operator.py took 0.309 seconds
[2022-01-22 13:02:07,861] {processor.py:163} INFO - Started process (PID=552) to work on /home/airflow/.local/lib/python3.7/site-packages/airflow/example_dags/example_bash_operator.py
[2022-01-22 13:02:07,863] {processor.py:625} INFO - Processing file /home/airflow/.local/lib/python3.7/site-packages/airflow/example_dags/example_bash_operator.py for tasks to queue
[2022-01-22 13:02:07,865] {logging_mixin.py:109} INFO - [2022-01-22 13:02:07,865] {dagbag.py:500} INFO - Filling up the DagBag from /home/airflow/.local/lib/python3.7/site-packages/airflow/example_dags/example_bash_operator.py
[2022-01-22 13:02:07,926] {processor.py:637} INFO - DAG(s) dict_keys(['example_bash_operator']) retrieved from /home/airflow/.local/lib/python3.7/site-packages/airflow/example_dags/example_bash_operator.py
[2022-01-22 13:02:07,946] {logging_mixin.py:109} INFO - [2022-01-22 13:02:07,945] {dag.py:2396} INFO - Sync 1 DAGs
[2022-01-22 13:02:07,993] {logging_mixin.py:109} INFO - [2022-01-22 13:02:07,992] {dag.py:2928} INFO - Setting next_dagrun for example_bash_operator to 2022-01-21 00:00:00+00:00
[2022-01-22 13:02:08,014] {processor.py:171} INFO - Processing /home/airflow/.local/lib/python3.7/site-packages/airflow/example_dags/example_bash_operator.py took 0.160 seconds
[2022-01-22 13:02:38,667] {processor.py:163} INFO - Started process (PID=612) to work on /home/airflow/.local/lib/python3.7/site-packages/airflow/example_dags/example_bash_operator.py
[2022-01-22 13:02:38,671] {processor.py:625} INFO - Processing file /home/airflow/.local/lib/python3.7/site-packages/airflow/example_dags/example_bash_operator.py for tasks to queue
[2022-01-22 13:02:38,672] {logging_mixin.py:109} INFO - [2022-01-22 13:02:38,672] {dagbag.py:500} INFO - Filling up the DagBag from /home/airflow/.local/lib/python3.7/site-packages/airflow/example_dags/example_bash_operator.py
[2022-01-22 13:02:38,750] {processor.py:637} INFO - DAG(s) dict_keys(['example_bash_operator']) retrieved from /home/airflow/.local/lib/python3.7/site-packages/airflow/example_dags/example_bash_operator.py
[2022-01-22 13:02:38,780] {logging_mixin.py:109} INFO - [2022-01-22 13:02:38,780] {dag.py:2396} INFO - Sync 1 DAGs
[2022-01-22 13:02:38,853] {logging_mixin.py:109} INFO - [2022-01-22 13:02:38,853] {dag.py:2928} INFO - Setting next_dagrun for example_bash_operator to 2022-01-21 00:00:00+00:00
[2022-01-22 13:02:38,889] {processor.py:171} INFO - Processing /home/airflow/.local/lib/python3.7/site-packages/airflow/example_dags/example_bash_operator.py took 0.228 seconds
[2022-01-22 13:03:09,122] {processor.py:163} INFO - Started process (PID=667) to work on /home/airflow/.local/lib/python3.7/site-packages/airflow/example_dags/example_bash_operator.py
[2022-01-22 13:03:09,126] {processor.py:625} INFO - Processing file /home/airflow/.local/lib/python3.7/site-packages/airflow/example_dags/example_bash_operator.py for tasks to queue
[2022-01-22 13:03:09,127] {logging_mixin.py:109} INFO - [2022-01-22 13:03:09,127] {dagbag.py:500} INFO - Filling up the DagBag from /home/airflow/.local/lib/python3.7/site-packages/airflow/example_dags/example_bash_operator.py
[2022-01-22 13:03:09,235] {processor.py:637} INFO - DAG(s) dict_keys(['example_bash_operator']) retrieved from /home/airflow/.local/lib/python3.7/site-packages/airflow/example_dags/example_bash_operator.py
[2022-01-22 13:03:09,339] {logging_mixin.py:109} INFO - [2022-01-22 13:03:09,339] {dag.py:2396} INFO - Sync 1 DAGs
[2022-01-22 13:03:09,408] {logging_mixin.py:109} INFO - [2022-01-22 13:03:09,408] {dag.py:2928} INFO - Setting next_dagrun for example_bash_operator to 2022-01-21 00:00:00+00:00
[2022-01-22 13:03:09,443] {processor.py:171} INFO - Processing /home/airflow/.local/lib/python3.7/site-packages/airflow/example_dags/example_bash_operator.py took 0.328 seconds
[2022-01-22 13:03:41,014] {processor.py:163} INFO - Started process (PID=728) to work on /home/airflow/.local/lib/python3.7/site-packages/airflow/example_dags/example_bash_operator.py
[2022-01-22 13:03:41,019] {processor.py:625} INFO - Processing file /home/airflow/.local/lib/python3.7/site-packages/airflow/example_dags/example_bash_operator.py for tasks to queue
[2022-01-22 13:03:41,022] {logging_mixin.py:109} INFO - [2022-01-22 13:03:41,022] {dagbag.py:500} INFO - Filling up the DagBag from /home/airflow/.local/lib/python3.7/site-packages/airflow/example_dags/example_bash_operator.py
[2022-01-22 13:03:41,098] {processor.py:637} INFO - DAG(s) dict_keys(['example_bash_operator']) retrieved from /home/airflow/.local/lib/python3.7/site-packages/airflow/example_dags/example_bash_operator.py
[2022-01-22 13:03:41,137] {logging_mixin.py:109} INFO - [2022-01-22 13:03:41,137] {dag.py:2396} INFO - Sync 1 DAGs
[2022-01-22 13:03:41,216] {logging_mixin.py:109} INFO - [2022-01-22 13:03:41,216] {dag.py:2928} INFO - Setting next_dagrun for example_bash_operator to 2022-01-21 00:00:00+00:00
[2022-01-22 13:03:41,253] {processor.py:171} INFO - Processing /home/airflow/.local/lib/python3.7/site-packages/airflow/example_dags/example_bash_operator.py took 0.249 seconds
[2022-01-22 13:04:11,489] {processor.py:163} INFO - Started process (PID=788) to work on /home/airflow/.local/lib/python3.7/site-packages/airflow/example_dags/example_bash_operator.py
[2022-01-22 13:04:11,495] {processor.py:625} INFO - Processing file /home/airflow/.local/lib/python3.7/site-packages/airflow/example_dags/example_bash_operator.py for tasks to queue
[2022-01-22 13:04:11,498] {logging_mixin.py:109} INFO - [2022-01-22 13:04:11,498] {dagbag.py:500} INFO - Filling up the DagBag from /home/airflow/.local/lib/python3.7/site-packages/airflow/example_dags/example_bash_operator.py
[2022-01-22 13:04:11,598] {processor.py:637} INFO - DAG(s) dict_keys(['example_bash_operator']) retrieved from /home/airflow/.local/lib/python3.7/site-packages/airflow/example_dags/example_bash_operator.py
[2022-01-22 13:04:11,615] {logging_mixin.py:109} INFO - [2022-01-22 13:04:11,614] {dag.py:2396} INFO - Sync 1 DAGs
[2022-01-22 13:04:11,647] {logging_mixin.py:109} INFO - [2022-01-22 13:04:11,647] {dag.py:2928} INFO - Setting next_dagrun for example_bash_operator to 2022-01-21 00:00:00+00:00
[2022-01-22 13:04:11,663] {processor.py:171} INFO - Processing /home/airflow/.local/lib/python3.7/site-packages/airflow/example_dags/example_bash_operator.py took 0.190 seconds
[2022-01-22 13:04:41,976] {processor.py:163} INFO - Started process (PID=848) to work on /home/airflow/.local/lib/python3.7/site-packages/airflow/example_dags/example_bash_operator.py
[2022-01-22 13:04:41,980] {processor.py:625} INFO - Processing file /home/airflow/.local/lib/python3.7/site-packages/airflow/example_dags/example_bash_operator.py for tasks to queue
[2022-01-22 13:04:41,984] {logging_mixin.py:109} INFO - [2022-01-22 13:04:41,983] {dagbag.py:500} INFO - Filling up the DagBag from /home/airflow/.local/lib/python3.7/site-packages/airflow/example_dags/example_bash_operator.py
[2022-01-22 13:04:42,105] {processor.py:637} INFO - DAG(s) dict_keys(['example_bash_operator']) retrieved from /home/airflow/.local/lib/python3.7/site-packages/airflow/example_dags/example_bash_operator.py
[2022-01-22 13:04:42,151] {logging_mixin.py:109} INFO - [2022-01-22 13:04:42,150] {dag.py:2396} INFO - Sync 1 DAGs
[2022-01-22 13:04:42,212] {logging_mixin.py:109} INFO - [2022-01-22 13:04:42,212] {dag.py:2928} INFO - Setting next_dagrun for example_bash_operator to 2022-01-21 00:00:00+00:00
[2022-01-22 13:04:42,244] {processor.py:171} INFO - Processing /home/airflow/.local/lib/python3.7/site-packages/airflow/example_dags/example_bash_operator.py took 0.285 seconds
[2022-01-22 13:05:12,433] {processor.py:163} INFO - Started process (PID=908) to work on /home/airflow/.local/lib/python3.7/site-packages/airflow/example_dags/example_bash_operator.py
[2022-01-22 13:05:12,436] {processor.py:625} INFO - Processing file /home/airflow/.local/lib/python3.7/site-packages/airflow/example_dags/example_bash_operator.py for tasks to queue
[2022-01-22 13:05:12,437] {logging_mixin.py:109} INFO - [2022-01-22 13:05:12,437] {dagbag.py:500} INFO - Filling up the DagBag from /home/airflow/.local/lib/python3.7/site-packages/airflow/example_dags/example_bash_operator.py
[2022-01-22 13:05:12,494] {processor.py:637} INFO - DAG(s) dict_keys(['example_bash_operator']) retrieved from /home/airflow/.local/lib/python3.7/site-packages/airflow/example_dags/example_bash_operator.py
[2022-01-22 13:05:12,510] {logging_mixin.py:109} INFO - [2022-01-22 13:05:12,510] {dag.py:2396} INFO - Sync 1 DAGs
[2022-01-22 13:05:12,540] {logging_mixin.py:109} INFO - [2022-01-22 13:05:12,540] {dag.py:2928} INFO - Setting next_dagrun for example_bash_operator to 2022-01-21 00:00:00+00:00
[2022-01-22 13:05:12,554] {processor.py:171} INFO - Processing /home/airflow/.local/lib/python3.7/site-packages/airflow/example_dags/example_bash_operator.py took 0.125 seconds
[2022-01-22 13:05:43,189] {processor.py:163} INFO - Started process (PID=978) to work on /home/airflow/.local/lib/python3.7/site-packages/airflow/example_dags/example_bash_operator.py
[2022-01-22 13:05:43,191] {processor.py:625} INFO - Processing file /home/airflow/.local/lib/python3.7/site-packages/airflow/example_dags/example_bash_operator.py for tasks to queue
[2022-01-22 13:05:43,192] {logging_mixin.py:109} INFO - [2022-01-22 13:05:43,192] {dagbag.py:500} INFO - Filling up the DagBag from /home/airflow/.local/lib/python3.7/site-packages/airflow/example_dags/example_bash_operator.py
[2022-01-22 13:05:43,237] {processor.py:637} INFO - DAG(s) dict_keys(['example_bash_operator']) retrieved from /home/airflow/.local/lib/python3.7/site-packages/airflow/example_dags/example_bash_operator.py
[2022-01-22 13:05:43,261] {logging_mixin.py:109} INFO - [2022-01-22 13:05:43,261] {dag.py:2396} INFO - Sync 1 DAGs
[2022-01-22 13:05:43,424] {logging_mixin.py:109} INFO - [2022-01-22 13:05:43,424] {dag.py:2928} INFO - Setting next_dagrun for example_bash_operator to 2022-01-21 00:00:00+00:00
[2022-01-22 13:05:43,442] {processor.py:171} INFO - Processing /home/airflow/.local/lib/python3.7/site-packages/airflow/example_dags/example_bash_operator.py took 0.259 seconds
[2022-01-22 13:06:13,767] {processor.py:163} INFO - Started process (PID=1040) to work on /home/airflow/.local/lib/python3.7/site-packages/airflow/example_dags/example_bash_operator.py
[2022-01-22 13:06:13,769] {processor.py:625} INFO - Processing file /home/airflow/.local/lib/python3.7/site-packages/airflow/example_dags/example_bash_operator.py for tasks to queue
[2022-01-22 13:06:13,770] {logging_mixin.py:109} INFO - [2022-01-22 13:06:13,770] {dagbag.py:500} INFO - Filling up the DagBag from /home/airflow/.local/lib/python3.7/site-packages/airflow/example_dags/example_bash_operator.py
[2022-01-22 13:06:13,813] {processor.py:637} INFO - DAG(s) dict_keys(['example_bash_operator']) retrieved from /home/airflow/.local/lib/python3.7/site-packages/airflow/example_dags/example_bash_operator.py
[2022-01-22 13:06:13,828] {logging_mixin.py:109} INFO - [2022-01-22 13:06:13,828] {dag.py:2396} INFO - Sync 1 DAGs
[2022-01-22 13:06:13,982] {logging_mixin.py:109} INFO - [2022-01-22 13:06:13,982] {dag.py:2928} INFO - Setting next_dagrun for example_bash_operator to 2022-01-21 00:00:00+00:00
[2022-01-22 13:06:13,999] {processor.py:171} INFO - Processing /home/airflow/.local/lib/python3.7/site-packages/airflow/example_dags/example_bash_operator.py took 0.236 seconds
[2022-01-22 13:06:44,625] {processor.py:163} INFO - Started process (PID=1101) to work on /home/airflow/.local/lib/python3.7/site-packages/airflow/example_dags/example_bash_operator.py
[2022-01-22 13:06:44,628] {processor.py:625} INFO - Processing file /home/airflow/.local/lib/python3.7/site-packages/airflow/example_dags/example_bash_operator.py for tasks to queue
[2022-01-22 13:06:44,631] {logging_mixin.py:109} INFO - [2022-01-22 13:06:44,630] {dagbag.py:500} INFO - Filling up the DagBag from /home/airflow/.local/lib/python3.7/site-packages/airflow/example_dags/example_bash_operator.py
[2022-01-22 13:06:44,710] {processor.py:637} INFO - DAG(s) dict_keys(['example_bash_operator']) retrieved from /home/airflow/.local/lib/python3.7/site-packages/airflow/example_dags/example_bash_operator.py
[2022-01-22 13:06:44,738] {logging_mixin.py:109} INFO - [2022-01-22 13:06:44,737] {dag.py:2396} INFO - Sync 1 DAGs
[2022-01-22 13:06:44,923] {logging_mixin.py:109} INFO - [2022-01-22 13:06:44,923] {dag.py:2928} INFO - Setting next_dagrun for example_bash_operator to 2022-01-21 00:00:00+00:00
[2022-01-22 13:06:44,935] {processor.py:171} INFO - Processing /home/airflow/.local/lib/python3.7/site-packages/airflow/example_dags/example_bash_operator.py took 0.317 seconds
[2022-01-22 13:07:15,248] {processor.py:163} INFO - Started process (PID=1162) to work on /home/airflow/.local/lib/python3.7/site-packages/airflow/example_dags/example_bash_operator.py
[2022-01-22 13:07:15,254] {processor.py:625} INFO - Processing file /home/airflow/.local/lib/python3.7/site-packages/airflow/example_dags/example_bash_operator.py for tasks to queue
[2022-01-22 13:07:15,257] {logging_mixin.py:109} INFO - [2022-01-22 13:07:15,256] {dagbag.py:500} INFO - Filling up the DagBag from /home/airflow/.local/lib/python3.7/site-packages/airflow/example_dags/example_bash_operator.py
[2022-01-22 13:07:15,353] {processor.py:637} INFO - DAG(s) dict_keys(['example_bash_operator']) retrieved from /home/airflow/.local/lib/python3.7/site-packages/airflow/example_dags/example_bash_operator.py
[2022-01-22 13:07:15,380] {logging_mixin.py:109} INFO - [2022-01-22 13:07:15,380] {dag.py:2396} INFO - Sync 1 DAGs
[2022-01-22 13:07:15,605] {logging_mixin.py:109} INFO - [2022-01-22 13:07:15,605] {dag.py:2928} INFO - Setting next_dagrun for example_bash_operator to 2022-01-21 00:00:00+00:00
[2022-01-22 13:07:15,619] {processor.py:171} INFO - Processing /home/airflow/.local/lib/python3.7/site-packages/airflow/example_dags/example_bash_operator.py took 0.384 seconds
[2022-01-22 13:07:45,777] {processor.py:163} INFO - Started process (PID=1222) to work on /home/airflow/.local/lib/python3.7/site-packages/airflow/example_dags/example_bash_operator.py
[2022-01-22 13:07:45,782] {processor.py:625} INFO - Processing file /home/airflow/.local/lib/python3.7/site-packages/airflow/example_dags/example_bash_operator.py for tasks to queue
[2022-01-22 13:07:45,785] {logging_mixin.py:109} INFO - [2022-01-22 13:07:45,785] {dagbag.py:500} INFO - Filling up the DagBag from /home/airflow/.local/lib/python3.7/site-packages/airflow/example_dags/example_bash_operator.py
[2022-01-22 13:07:45,954] {processor.py:637} INFO - DAG(s) dict_keys(['example_bash_operator']) retrieved from /home/airflow/.local/lib/python3.7/site-packages/airflow/example_dags/example_bash_operator.py
[2022-01-22 13:07:46,006] {logging_mixin.py:109} INFO - [2022-01-22 13:07:46,005] {dag.py:2396} INFO - Sync 1 DAGs
[2022-01-22 13:07:46,229] {logging_mixin.py:109} INFO - [2022-01-22 13:07:46,229] {dag.py:2928} INFO - Setting next_dagrun for example_bash_operator to 2022-01-21 00:00:00+00:00
[2022-01-22 13:07:46,253] {processor.py:171} INFO - Processing /home/airflow/.local/lib/python3.7/site-packages/airflow/example_dags/example_bash_operator.py took 0.489 seconds
[2022-01-22 13:08:16,888] {processor.py:163} INFO - Started process (PID=1284) to work on /home/airflow/.local/lib/python3.7/site-packages/airflow/example_dags/example_bash_operator.py
[2022-01-22 13:08:16,894] {processor.py:625} INFO - Processing file /home/airflow/.local/lib/python3.7/site-packages/airflow/example_dags/example_bash_operator.py for tasks to queue
[2022-01-22 13:08:16,898] {logging_mixin.py:109} INFO - [2022-01-22 13:08:16,897] {dagbag.py:500} INFO - Filling up the DagBag from /home/airflow/.local/lib/python3.7/site-packages/airflow/example_dags/example_bash_operator.py
[2022-01-22 13:08:17,198] {processor.py:637} INFO - DAG(s) dict_keys(['example_bash_operator']) retrieved from /home/airflow/.local/lib/python3.7/site-packages/airflow/example_dags/example_bash_operator.py
[2022-01-22 13:08:17,220] {logging_mixin.py:109} INFO - [2022-01-22 13:08:17,220] {dag.py:2396} INFO - Sync 1 DAGs
[2022-01-22 13:08:17,260] {logging_mixin.py:109} INFO - [2022-01-22 13:08:17,260] {dag.py:2928} INFO - Setting next_dagrun for example_bash_operator to 2022-01-21 00:00:00+00:00
[2022-01-22 13:08:17,280] {processor.py:171} INFO - Processing /home/airflow/.local/lib/python3.7/site-packages/airflow/example_dags/example_bash_operator.py took 0.405 seconds
[2022-01-22 13:08:47,457] {processor.py:163} INFO - Started process (PID=1345) to work on /home/airflow/.local/lib/python3.7/site-packages/airflow/example_dags/example_bash_operator.py
[2022-01-22 13:08:47,461] {processor.py:625} INFO - Processing file /home/airflow/.local/lib/python3.7/site-packages/airflow/example_dags/example_bash_operator.py for tasks to queue
[2022-01-22 13:08:47,465] {logging_mixin.py:109} INFO - [2022-01-22 13:08:47,465] {dagbag.py:500} INFO - Filling up the DagBag from /home/airflow/.local/lib/python3.7/site-packages/airflow/example_dags/example_bash_operator.py
[2022-01-22 13:08:47,686] {processor.py:637} INFO - DAG(s) dict_keys(['example_bash_operator']) retrieved from /home/airflow/.local/lib/python3.7/site-packages/airflow/example_dags/example_bash_operator.py
[2022-01-22 13:08:47,706] {logging_mixin.py:109} INFO - [2022-01-22 13:08:47,706] {dag.py:2396} INFO - Sync 1 DAGs
[2022-01-22 13:08:47,732] {logging_mixin.py:109} INFO - [2022-01-22 13:08:47,732] {dag.py:2928} INFO - Setting next_dagrun for example_bash_operator to 2022-01-21 00:00:00+00:00
[2022-01-22 13:08:47,747] {processor.py:171} INFO - Processing /home/airflow/.local/lib/python3.7/site-packages/airflow/example_dags/example_bash_operator.py took 0.302 seconds
[2022-01-22 13:09:18,034] {processor.py:163} INFO - Started process (PID=1408) to work on /home/airflow/.local/lib/python3.7/site-packages/airflow/example_dags/example_bash_operator.py
[2022-01-22 13:09:18,039] {processor.py:625} INFO - Processing file /home/airflow/.local/lib/python3.7/site-packages/airflow/example_dags/example_bash_operator.py for tasks to queue
[2022-01-22 13:09:18,041] {logging_mixin.py:109} INFO - [2022-01-22 13:09:18,041] {dagbag.py:500} INFO - Filling up the DagBag from /home/airflow/.local/lib/python3.7/site-packages/airflow/example_dags/example_bash_operator.py
[2022-01-22 13:09:18,258] {processor.py:637} INFO - DAG(s) dict_keys(['example_bash_operator']) retrieved from /home/airflow/.local/lib/python3.7/site-packages/airflow/example_dags/example_bash_operator.py
[2022-01-22 13:09:18,280] {logging_mixin.py:109} INFO - [2022-01-22 13:09:18,280] {dag.py:2396} INFO - Sync 1 DAGs
[2022-01-22 13:09:18,315] {logging_mixin.py:109} INFO - [2022-01-22 13:09:18,315] {dag.py:2928} INFO - Setting next_dagrun for example_bash_operator to 2022-01-21 00:00:00+00:00
[2022-01-22 13:09:18,336] {processor.py:171} INFO - Processing /home/airflow/.local/lib/python3.7/site-packages/airflow/example_dags/example_bash_operator.py took 0.312 seconds
[2022-01-22 13:09:48,478] {processor.py:163} INFO - Started process (PID=1480) to work on /home/airflow/.local/lib/python3.7/site-packages/airflow/example_dags/example_bash_operator.py
[2022-01-22 13:09:48,480] {processor.py:625} INFO - Processing file /home/airflow/.local/lib/python3.7/site-packages/airflow/example_dags/example_bash_operator.py for tasks to queue
[2022-01-22 13:09:48,481] {logging_mixin.py:109} INFO - [2022-01-22 13:09:48,481] {dagbag.py:500} INFO - Filling up the DagBag from /home/airflow/.local/lib/python3.7/site-packages/airflow/example_dags/example_bash_operator.py
[2022-01-22 13:09:48,632] {processor.py:637} INFO - DAG(s) dict_keys(['example_bash_operator']) retrieved from /home/airflow/.local/lib/python3.7/site-packages/airflow/example_dags/example_bash_operator.py
[2022-01-22 13:09:48,646] {logging_mixin.py:109} INFO - [2022-01-22 13:09:48,646] {dag.py:2396} INFO - Sync 1 DAGs
[2022-01-22 13:09:48,668] {logging_mixin.py:109} INFO - [2022-01-22 13:09:48,668] {dag.py:2928} INFO - Setting next_dagrun for example_bash_operator to 2022-01-21 00:00:00+00:00
[2022-01-22 13:09:48,682] {processor.py:171} INFO - Processing /home/airflow/.local/lib/python3.7/site-packages/airflow/example_dags/example_bash_operator.py took 0.210 seconds
[2022-01-22 13:10:18,997] {processor.py:163} INFO - Started process (PID=1541) to work on /home/airflow/.local/lib/python3.7/site-packages/airflow/example_dags/example_bash_operator.py
[2022-01-22 13:10:18,999] {processor.py:625} INFO - Processing file /home/airflow/.local/lib/python3.7/site-packages/airflow/example_dags/example_bash_operator.py for tasks to queue
[2022-01-22 13:10:19,000] {logging_mixin.py:109} INFO - [2022-01-22 13:10:19,000] {dagbag.py:500} INFO - Filling up the DagBag from /home/airflow/.local/lib/python3.7/site-packages/airflow/example_dags/example_bash_operator.py
[2022-01-22 13:10:19,188] {processor.py:637} INFO - DAG(s) dict_keys(['example_bash_operator']) retrieved from /home/airflow/.local/lib/python3.7/site-packages/airflow/example_dags/example_bash_operator.py
[2022-01-22 13:10:19,203] {logging_mixin.py:109} INFO - [2022-01-22 13:10:19,203] {dag.py:2396} INFO - Sync 1 DAGs
[2022-01-22 13:10:19,233] {logging_mixin.py:109} INFO - [2022-01-22 13:10:19,233] {dag.py:2928} INFO - Setting next_dagrun for example_bash_operator to 2022-01-21 00:00:00+00:00
[2022-01-22 13:10:19,252] {processor.py:171} INFO - Processing /home/airflow/.local/lib/python3.7/site-packages/airflow/example_dags/example_bash_operator.py took 0.261 seconds
[2022-01-22 13:10:49,680] {processor.py:163} INFO - Started process (PID=1602) to work on /home/airflow/.local/lib/python3.7/site-packages/airflow/example_dags/example_bash_operator.py
[2022-01-22 13:10:49,684] {processor.py:625} INFO - Processing file /home/airflow/.local/lib/python3.7/site-packages/airflow/example_dags/example_bash_operator.py for tasks to queue
[2022-01-22 13:10:49,687] {logging_mixin.py:109} INFO - [2022-01-22 13:10:49,687] {dagbag.py:500} INFO - Filling up the DagBag from /home/airflow/.local/lib/python3.7/site-packages/airflow/example_dags/example_bash_operator.py
[2022-01-22 13:10:49,777] {processor.py:637} INFO - DAG(s) dict_keys(['example_bash_operator']) retrieved from /home/airflow/.local/lib/python3.7/site-packages/airflow/example_dags/example_bash_operator.py
[2022-01-22 13:10:49,802] {logging_mixin.py:109} INFO - [2022-01-22 13:10:49,802] {dag.py:2396} INFO - Sync 1 DAGs
[2022-01-22 13:10:49,842] {logging_mixin.py:109} INFO - [2022-01-22 13:10:49,842] {dag.py:2928} INFO - Setting next_dagrun for example_bash_operator to 2022-01-21 00:00:00+00:00
[2022-01-22 13:10:49,863] {processor.py:171} INFO - Processing /home/airflow/.local/lib/python3.7/site-packages/airflow/example_dags/example_bash_operator.py took 0.194 seconds
[2022-01-22 13:11:20,667] {processor.py:163} INFO - Started process (PID=1663) to work on /home/airflow/.local/lib/python3.7/site-packages/airflow/example_dags/example_bash_operator.py
[2022-01-22 13:11:20,671] {processor.py:625} INFO - Processing file /home/airflow/.local/lib/python3.7/site-packages/airflow/example_dags/example_bash_operator.py for tasks to queue
[2022-01-22 13:11:20,674] {logging_mixin.py:109} INFO - [2022-01-22 13:11:20,674] {dagbag.py:500} INFO - Filling up the DagBag from /home/airflow/.local/lib/python3.7/site-packages/airflow/example_dags/example_bash_operator.py
[2022-01-22 13:11:20,784] {processor.py:637} INFO - DAG(s) dict_keys(['example_bash_operator']) retrieved from /home/airflow/.local/lib/python3.7/site-packages/airflow/example_dags/example_bash_operator.py
[2022-01-22 13:11:20,838] {logging_mixin.py:109} INFO - [2022-01-22 13:11:20,838] {dag.py:2396} INFO - Sync 1 DAGs
[2022-01-22 13:11:20,932] {logging_mixin.py:109} INFO - [2022-01-22 13:11:20,932] {dag.py:2928} INFO - Setting next_dagrun for example_bash_operator to 2022-01-21 00:00:00+00:00
[2022-01-22 13:11:20,965] {processor.py:171} INFO - Processing /home/airflow/.local/lib/python3.7/site-packages/airflow/example_dags/example_bash_operator.py took 0.310 seconds
[2022-01-22 13:11:51,759] {processor.py:163} INFO - Started process (PID=1724) to work on /home/airflow/.local/lib/python3.7/site-packages/airflow/example_dags/example_bash_operator.py
[2022-01-22 13:11:51,763] {processor.py:625} INFO - Processing file /home/airflow/.local/lib/python3.7/site-packages/airflow/example_dags/example_bash_operator.py for tasks to queue
[2022-01-22 13:11:51,765] {logging_mixin.py:109} INFO - [2022-01-22 13:11:51,764] {dagbag.py:500} INFO - Filling up the DagBag from /home/airflow/.local/lib/python3.7/site-packages/airflow/example_dags/example_bash_operator.py
[2022-01-22 13:11:51,839] {processor.py:637} INFO - DAG(s) dict_keys(['example_bash_operator']) retrieved from /home/airflow/.local/lib/python3.7/site-packages/airflow/example_dags/example_bash_operator.py
[2022-01-22 13:11:51,864] {logging_mixin.py:109} INFO - [2022-01-22 13:11:51,863] {dag.py:2396} INFO - Sync 1 DAGs
[2022-01-22 13:11:51,907] {logging_mixin.py:109} INFO - [2022-01-22 13:11:51,907] {dag.py:2928} INFO - Setting next_dagrun for example_bash_operator to 2022-01-21 00:00:00+00:00
[2022-01-22 13:11:51,929] {processor.py:171} INFO - Processing /home/airflow/.local/lib/python3.7/site-packages/airflow/example_dags/example_bash_operator.py took 0.178 seconds
[2022-01-22 13:12:22,660] {processor.py:163} INFO - Started process (PID=1784) to work on /home/airflow/.local/lib/python3.7/site-packages/airflow/example_dags/example_bash_operator.py
[2022-01-22 13:12:22,665] {processor.py:625} INFO - Processing file /home/airflow/.local/lib/python3.7/site-packages/airflow/example_dags/example_bash_operator.py for tasks to queue
[2022-01-22 13:12:22,668] {logging_mixin.py:109} INFO - [2022-01-22 13:12:22,668] {dagbag.py:500} INFO - Filling up the DagBag from /home/airflow/.local/lib/python3.7/site-packages/airflow/example_dags/example_bash_operator.py
[2022-01-22 13:12:22,759] {processor.py:637} INFO - DAG(s) dict_keys(['example_bash_operator']) retrieved from /home/airflow/.local/lib/python3.7/site-packages/airflow/example_dags/example_bash_operator.py
[2022-01-22 13:12:22,779] {logging_mixin.py:109} INFO - [2022-01-22 13:12:22,779] {dag.py:2396} INFO - Sync 1 DAGs
[2022-01-22 13:12:22,817] {logging_mixin.py:109} INFO - [2022-01-22 13:12:22,817] {dag.py:2928} INFO - Setting next_dagrun for example_bash_operator to 2022-01-21 00:00:00+00:00
[2022-01-22 13:12:22,837] {processor.py:171} INFO - Processing /home/airflow/.local/lib/python3.7/site-packages/airflow/example_dags/example_bash_operator.py took 0.191 seconds
[2022-01-22 13:12:53,182] {processor.py:163} INFO - Started process (PID=1850) to work on /home/airflow/.local/lib/python3.7/site-packages/airflow/example_dags/example_bash_operator.py
[2022-01-22 13:12:53,189] {processor.py:625} INFO - Processing file /home/airflow/.local/lib/python3.7/site-packages/airflow/example_dags/example_bash_operator.py for tasks to queue
[2022-01-22 13:12:53,193] {logging_mixin.py:109} INFO - [2022-01-22 13:12:53,191] {dagbag.py:500} INFO - Filling up the DagBag from /home/airflow/.local/lib/python3.7/site-packages/airflow/example_dags/example_bash_operator.py
[2022-01-22 13:12:53,268] {processor.py:637} INFO - DAG(s) dict_keys(['example_bash_operator']) retrieved from /home/airflow/.local/lib/python3.7/site-packages/airflow/example_dags/example_bash_operator.py
[2022-01-22 13:12:53,283] {logging_mixin.py:109} INFO - [2022-01-22 13:12:53,283] {dag.py:2396} INFO - Sync 1 DAGs
[2022-01-22 13:12:53,309] {logging_mixin.py:109} INFO - [2022-01-22 13:12:53,309] {dag.py:2928} INFO - Setting next_dagrun for example_bash_operator to 2022-01-21 00:00:00+00:00
[2022-01-22 13:12:53,322] {processor.py:171} INFO - Processing /home/airflow/.local/lib/python3.7/site-packages/airflow/example_dags/example_bash_operator.py took 0.154 seconds
[2022-01-22 13:13:23,673] {processor.py:163} INFO - Started process (PID=1915) to work on /home/airflow/.local/lib/python3.7/site-packages/airflow/example_dags/example_bash_operator.py
[2022-01-22 13:13:23,679] {processor.py:625} INFO - Processing file /home/airflow/.local/lib/python3.7/site-packages/airflow/example_dags/example_bash_operator.py for tasks to queue
[2022-01-22 13:13:23,682] {logging_mixin.py:109} INFO - [2022-01-22 13:13:23,681] {dagbag.py:500} INFO - Filling up the DagBag from /home/airflow/.local/lib/python3.7/site-packages/airflow/example_dags/example_bash_operator.py
[2022-01-22 13:13:23,788] {processor.py:637} INFO - DAG(s) dict_keys(['example_bash_operator']) retrieved from /home/airflow/.local/lib/python3.7/site-packages/airflow/example_dags/example_bash_operator.py
[2022-01-22 13:13:23,821] {logging_mixin.py:109} INFO - [2022-01-22 13:13:23,821] {dag.py:2396} INFO - Sync 1 DAGs
[2022-01-22 13:13:23,867] {logging_mixin.py:109} INFO - [2022-01-22 13:13:23,867] {dag.py:2928} INFO - Setting next_dagrun for example_bash_operator to 2022-01-21 00:00:00+00:00
[2022-01-22 13:13:23,883] {processor.py:171} INFO - Processing /home/airflow/.local/lib/python3.7/site-packages/airflow/example_dags/example_bash_operator.py took 0.223 seconds
[2022-01-22 13:13:54,011] {processor.py:163} INFO - Started process (PID=1977) to work on /home/airflow/.local/lib/python3.7/site-packages/airflow/example_dags/example_bash_operator.py
[2022-01-22 13:13:54,014] {processor.py:625} INFO - Processing file /home/airflow/.local/lib/python3.7/site-packages/airflow/example_dags/example_bash_operator.py for tasks to queue
[2022-01-22 13:13:54,015] {logging_mixin.py:109} INFO - [2022-01-22 13:13:54,015] {dagbag.py:500} INFO - Filling up the DagBag from /home/airflow/.local/lib/python3.7/site-packages/airflow/example_dags/example_bash_operator.py
[2022-01-22 13:13:54,065] {processor.py:637} INFO - DAG(s) dict_keys(['example_bash_operator']) retrieved from /home/airflow/.local/lib/python3.7/site-packages/airflow/example_dags/example_bash_operator.py
[2022-01-22 13:13:54,088] {logging_mixin.py:109} INFO - [2022-01-22 13:13:54,088] {dag.py:2396} INFO - Sync 1 DAGs
[2022-01-22 13:13:54,124] {logging_mixin.py:109} INFO - [2022-01-22 13:13:54,123] {dag.py:2928} INFO - Setting next_dagrun for example_bash_operator to 2022-01-21 00:00:00+00:00
[2022-01-22 13:13:54,139] {processor.py:171} INFO - Processing /home/airflow/.local/lib/python3.7/site-packages/airflow/example_dags/example_bash_operator.py took 0.134 seconds
[2022-01-22 13:14:25,025] {processor.py:163} INFO - Started process (PID=2038) to work on /home/airflow/.local/lib/python3.7/site-packages/airflow/example_dags/example_bash_operator.py
[2022-01-22 13:14:25,028] {processor.py:625} INFO - Processing file /home/airflow/.local/lib/python3.7/site-packages/airflow/example_dags/example_bash_operator.py for tasks to queue
[2022-01-22 13:14:25,030] {logging_mixin.py:109} INFO - [2022-01-22 13:14:25,030] {dagbag.py:500} INFO - Filling up the DagBag from /home/airflow/.local/lib/python3.7/site-packages/airflow/example_dags/example_bash_operator.py
[2022-01-22 13:14:25,104] {processor.py:637} INFO - DAG(s) dict_keys(['example_bash_operator']) retrieved from /home/airflow/.local/lib/python3.7/site-packages/airflow/example_dags/example_bash_operator.py
[2022-01-22 13:14:25,134] {logging_mixin.py:109} INFO - [2022-01-22 13:14:25,134] {dag.py:2396} INFO - Sync 1 DAGs
[2022-01-22 13:14:25,168] {logging_mixin.py:109} INFO - [2022-01-22 13:14:25,168] {dag.py:2928} INFO - Setting next_dagrun for example_bash_operator to 2022-01-21 00:00:00+00:00
[2022-01-22 13:14:25,184] {processor.py:171} INFO - Processing /home/airflow/.local/lib/python3.7/site-packages/airflow/example_dags/example_bash_operator.py took 0.167 seconds
[2022-01-22 13:14:55,249] {processor.py:163} INFO - Started process (PID=2098) to work on /home/airflow/.local/lib/python3.7/site-packages/airflow/example_dags/example_bash_operator.py
[2022-01-22 13:14:55,253] {processor.py:625} INFO - Processing file /home/airflow/.local/lib/python3.7/site-packages/airflow/example_dags/example_bash_operator.py for tasks to queue
[2022-01-22 13:14:55,256] {logging_mixin.py:109} INFO - [2022-01-22 13:14:55,256] {dagbag.py:500} INFO - Filling up the DagBag from /home/airflow/.local/lib/python3.7/site-packages/airflow/example_dags/example_bash_operator.py
[2022-01-22 13:14:55,330] {processor.py:637} INFO - DAG(s) dict_keys(['example_bash_operator']) retrieved from /home/airflow/.local/lib/python3.7/site-packages/airflow/example_dags/example_bash_operator.py
[2022-01-22 13:14:55,347] {logging_mixin.py:109} INFO - [2022-01-22 13:14:55,347] {dag.py:2396} INFO - Sync 1 DAGs
[2022-01-22 13:14:55,373] {logging_mixin.py:109} INFO - [2022-01-22 13:14:55,373] {dag.py:2928} INFO - Setting next_dagrun for example_bash_operator to 2022-01-21 00:00:00+00:00
[2022-01-22 13:14:55,387] {processor.py:171} INFO - Processing /home/airflow/.local/lib/python3.7/site-packages/airflow/example_dags/example_bash_operator.py took 0.149 seconds
[2022-01-22 13:15:25,982] {processor.py:163} INFO - Started process (PID=2160) to work on /home/airflow/.local/lib/python3.7/site-packages/airflow/example_dags/example_bash_operator.py
[2022-01-22 13:15:25,998] {processor.py:625} INFO - Processing file /home/airflow/.local/lib/python3.7/site-packages/airflow/example_dags/example_bash_operator.py for tasks to queue
[2022-01-22 13:15:26,003] {logging_mixin.py:109} INFO - [2022-01-22 13:15:26,002] {dagbag.py:500} INFO - Filling up the DagBag from /home/airflow/.local/lib/python3.7/site-packages/airflow/example_dags/example_bash_operator.py
[2022-01-22 13:15:26,097] {processor.py:637} INFO - DAG(s) dict_keys(['example_bash_operator']) retrieved from /home/airflow/.local/lib/python3.7/site-packages/airflow/example_dags/example_bash_operator.py
[2022-01-22 13:15:26,125] {logging_mixin.py:109} INFO - [2022-01-22 13:15:26,125] {dag.py:2396} INFO - Sync 1 DAGs
[2022-01-22 13:15:26,156] {logging_mixin.py:109} INFO - [2022-01-22 13:15:26,156] {dag.py:2928} INFO - Setting next_dagrun for example_bash_operator to 2022-01-21 00:00:00+00:00
[2022-01-22 13:15:26,173] {processor.py:171} INFO - Processing /home/airflow/.local/lib/python3.7/site-packages/airflow/example_dags/example_bash_operator.py took 0.217 seconds
[2022-01-22 13:20:27,080] {processor.py:163} INFO - Started process (PID=2210) to work on /home/airflow/.local/lib/python3.7/site-packages/airflow/example_dags/example_bash_operator.py
[2022-01-22 13:20:27,082] {processor.py:625} INFO - Processing file /home/airflow/.local/lib/python3.7/site-packages/airflow/example_dags/example_bash_operator.py for tasks to queue
[2022-01-22 13:20:27,085] {logging_mixin.py:109} INFO - [2022-01-22 13:20:27,084] {dagbag.py:500} INFO - Filling up the DagBag from /home/airflow/.local/lib/python3.7/site-packages/airflow/example_dags/example_bash_operator.py
[2022-01-22 13:20:27,172] {processor.py:637} INFO - DAG(s) dict_keys(['example_bash_operator']) retrieved from /home/airflow/.local/lib/python3.7/site-packages/airflow/example_dags/example_bash_operator.py
[2022-01-22 13:20:27,199] {logging_mixin.py:109} INFO - [2022-01-22 13:20:27,199] {dag.py:2396} INFO - Sync 1 DAGs
[2022-01-22 13:20:27,241] {logging_mixin.py:109} INFO - [2022-01-22 13:20:27,241] {dag.py:2928} INFO - Setting next_dagrun for example_bash_operator to 2022-01-21 00:00:00+00:00
[2022-01-22 13:20:27,265] {processor.py:171} INFO - Processing /home/airflow/.local/lib/python3.7/site-packages/airflow/example_dags/example_bash_operator.py took 0.195 seconds
[2022-01-22 13:20:57,411] {processor.py:163} INFO - Started process (PID=2271) to work on /home/airflow/.local/lib/python3.7/site-packages/airflow/example_dags/example_bash_operator.py
[2022-01-22 13:20:57,413] {processor.py:625} INFO - Processing file /home/airflow/.local/lib/python3.7/site-packages/airflow/example_dags/example_bash_operator.py for tasks to queue
[2022-01-22 13:20:57,414] {logging_mixin.py:109} INFO - [2022-01-22 13:20:57,414] {dagbag.py:500} INFO - Filling up the DagBag from /home/airflow/.local/lib/python3.7/site-packages/airflow/example_dags/example_bash_operator.py
[2022-01-22 13:20:57,457] {processor.py:637} INFO - DAG(s) dict_keys(['example_bash_operator']) retrieved from /home/airflow/.local/lib/python3.7/site-packages/airflow/example_dags/example_bash_operator.py
[2022-01-22 13:20:57,473] {logging_mixin.py:109} INFO - [2022-01-22 13:20:57,473] {dag.py:2396} INFO - Sync 1 DAGs
[2022-01-22 13:20:57,497] {logging_mixin.py:109} INFO - [2022-01-22 13:20:57,496] {dag.py:2928} INFO - Setting next_dagrun for example_bash_operator to 2022-01-21 00:00:00+00:00
[2022-01-22 13:20:57,510] {processor.py:171} INFO - Processing /home/airflow/.local/lib/python3.7/site-packages/airflow/example_dags/example_bash_operator.py took 0.105 seconds
[2022-01-22 13:21:28,032] {processor.py:163} INFO - Started process (PID=2333) to work on /home/airflow/.local/lib/python3.7/site-packages/airflow/example_dags/example_bash_operator.py
[2022-01-22 13:21:28,034] {processor.py:625} INFO - Processing file /home/airflow/.local/lib/python3.7/site-packages/airflow/example_dags/example_bash_operator.py for tasks to queue
[2022-01-22 13:21:28,035] {logging_mixin.py:109} INFO - [2022-01-22 13:21:28,035] {dagbag.py:500} INFO - Filling up the DagBag from /home/airflow/.local/lib/python3.7/site-packages/airflow/example_dags/example_bash_operator.py
[2022-01-22 13:21:28,081] {processor.py:637} INFO - DAG(s) dict_keys(['example_bash_operator']) retrieved from /home/airflow/.local/lib/python3.7/site-packages/airflow/example_dags/example_bash_operator.py
[2022-01-22 13:21:28,096] {logging_mixin.py:109} INFO - [2022-01-22 13:21:28,096] {dag.py:2396} INFO - Sync 1 DAGs
[2022-01-22 13:21:28,120] {logging_mixin.py:109} INFO - [2022-01-22 13:21:28,120] {dag.py:2928} INFO - Setting next_dagrun for example_bash_operator to 2022-01-21 00:00:00+00:00
[2022-01-22 13:21:28,135] {processor.py:171} INFO - Processing /home/airflow/.local/lib/python3.7/site-packages/airflow/example_dags/example_bash_operator.py took 0.108 seconds
