[2022-01-22 12:58:12,914] {processor.py:163} INFO - Started process (PID=52) to work on /home/airflow/.local/lib/python3.7/site-packages/airflow/example_dags/example_branch_labels.py
[2022-01-22 12:58:12,916] {processor.py:625} INFO - Processing file /home/airflow/.local/lib/python3.7/site-packages/airflow/example_dags/example_branch_labels.py for tasks to queue
[2022-01-22 12:58:12,917] {logging_mixin.py:109} INFO - [2022-01-22 12:58:12,917] {dagbag.py:500} INFO - Filling up the DagBag from /home/airflow/.local/lib/python3.7/site-packages/airflow/example_dags/example_branch_labels.py
[2022-01-22 12:58:12,960] {processor.py:637} INFO - DAG(s) dict_keys(['example_branch_labels']) retrieved from /home/airflow/.local/lib/python3.7/site-packages/airflow/example_dags/example_branch_labels.py
[2022-01-22 12:58:12,981] {logging_mixin.py:109} INFO - [2022-01-22 12:58:12,981] {dag.py:2396} INFO - Sync 1 DAGs
[2022-01-22 12:58:13,017] {logging_mixin.py:109} INFO - [2022-01-22 12:58:13,017] {dag.py:2928} INFO - Setting next_dagrun for example_branch_labels to 2022-01-21 00:00:00+00:00
[2022-01-22 12:58:13,035] {processor.py:171} INFO - Processing /home/airflow/.local/lib/python3.7/site-packages/airflow/example_dags/example_branch_labels.py took 0.127 seconds
[2022-01-22 12:58:48,057] {processor.py:163} INFO - Started process (PID=136) to work on /home/airflow/.local/lib/python3.7/site-packages/airflow/example_dags/example_branch_labels.py
[2022-01-22 12:58:48,098] {processor.py:625} INFO - Processing file /home/airflow/.local/lib/python3.7/site-packages/airflow/example_dags/example_branch_labels.py for tasks to queue
[2022-01-22 12:58:48,127] {logging_mixin.py:109} INFO - [2022-01-22 12:58:48,127] {dagbag.py:500} INFO - Filling up the DagBag from /home/airflow/.local/lib/python3.7/site-packages/airflow/example_dags/example_branch_labels.py
[2022-01-22 12:58:48,670] {processor.py:637} INFO - DAG(s) dict_keys(['example_branch_labels']) retrieved from /home/airflow/.local/lib/python3.7/site-packages/airflow/example_dags/example_branch_labels.py
[2022-01-22 12:58:48,852] {logging_mixin.py:109} INFO - [2022-01-22 12:58:48,852] {dag.py:2396} INFO - Sync 1 DAGs
[2022-01-22 12:58:49,179] {logging_mixin.py:109} INFO - [2022-01-22 12:58:49,179] {dag.py:2928} INFO - Setting next_dagrun for example_branch_labels to 2022-01-21 00:00:00+00:00
[2022-01-22 12:58:49,298] {processor.py:171} INFO - Processing /home/airflow/.local/lib/python3.7/site-packages/airflow/example_dags/example_branch_labels.py took 1.263 seconds
[2022-01-22 12:59:19,854] {processor.py:163} INFO - Started process (PID=214) to work on /home/airflow/.local/lib/python3.7/site-packages/airflow/example_dags/example_branch_labels.py
[2022-01-22 12:59:19,885] {processor.py:625} INFO - Processing file /home/airflow/.local/lib/python3.7/site-packages/airflow/example_dags/example_branch_labels.py for tasks to queue
[2022-01-22 12:59:19,938] {logging_mixin.py:109} INFO - [2022-01-22 12:59:19,938] {dagbag.py:500} INFO - Filling up the DagBag from /home/airflow/.local/lib/python3.7/site-packages/airflow/example_dags/example_branch_labels.py
[2022-01-22 12:59:20,218] {processor.py:637} INFO - DAG(s) dict_keys(['example_branch_labels']) retrieved from /home/airflow/.local/lib/python3.7/site-packages/airflow/example_dags/example_branch_labels.py
[2022-01-22 12:59:20,384] {logging_mixin.py:109} INFO - [2022-01-22 12:59:20,384] {dag.py:2396} INFO - Sync 1 DAGs
[2022-01-22 12:59:20,624] {logging_mixin.py:109} INFO - [2022-01-22 12:59:20,624] {dag.py:2928} INFO - Setting next_dagrun for example_branch_labels to 2022-01-21 00:00:00+00:00
[2022-01-22 12:59:20,735] {processor.py:171} INFO - Processing /home/airflow/.local/lib/python3.7/site-packages/airflow/example_dags/example_branch_labels.py took 0.972 seconds
[2022-01-22 12:59:51,256] {processor.py:163} INFO - Started process (PID=275) to work on /home/airflow/.local/lib/python3.7/site-packages/airflow/example_dags/example_branch_labels.py
[2022-01-22 12:59:51,259] {processor.py:625} INFO - Processing file /home/airflow/.local/lib/python3.7/site-packages/airflow/example_dags/example_branch_labels.py for tasks to queue
[2022-01-22 12:59:51,260] {logging_mixin.py:109} INFO - [2022-01-22 12:59:51,260] {dagbag.py:500} INFO - Filling up the DagBag from /home/airflow/.local/lib/python3.7/site-packages/airflow/example_dags/example_branch_labels.py
[2022-01-22 12:59:51,314] {processor.py:637} INFO - DAG(s) dict_keys(['example_branch_labels']) retrieved from /home/airflow/.local/lib/python3.7/site-packages/airflow/example_dags/example_branch_labels.py
[2022-01-22 12:59:51,333] {logging_mixin.py:109} INFO - [2022-01-22 12:59:51,333] {dag.py:2396} INFO - Sync 1 DAGs
[2022-01-22 12:59:51,370] {logging_mixin.py:109} INFO - [2022-01-22 12:59:51,370] {dag.py:2928} INFO - Setting next_dagrun for example_branch_labels to 2022-01-21 00:00:00+00:00
[2022-01-22 12:59:51,385] {processor.py:171} INFO - Processing /home/airflow/.local/lib/python3.7/site-packages/airflow/example_dags/example_branch_labels.py took 0.136 seconds
[2022-01-22 13:00:21,752] {processor.py:163} INFO - Started process (PID=336) to work on /home/airflow/.local/lib/python3.7/site-packages/airflow/example_dags/example_branch_labels.py
[2022-01-22 13:00:21,754] {processor.py:625} INFO - Processing file /home/airflow/.local/lib/python3.7/site-packages/airflow/example_dags/example_branch_labels.py for tasks to queue
[2022-01-22 13:00:21,755] {logging_mixin.py:109} INFO - [2022-01-22 13:00:21,755] {dagbag.py:500} INFO - Filling up the DagBag from /home/airflow/.local/lib/python3.7/site-packages/airflow/example_dags/example_branch_labels.py
[2022-01-22 13:00:21,798] {processor.py:637} INFO - DAG(s) dict_keys(['example_branch_labels']) retrieved from /home/airflow/.local/lib/python3.7/site-packages/airflow/example_dags/example_branch_labels.py
[2022-01-22 13:00:21,815] {logging_mixin.py:109} INFO - [2022-01-22 13:00:21,815] {dag.py:2396} INFO - Sync 1 DAGs
[2022-01-22 13:00:21,846] {logging_mixin.py:109} INFO - [2022-01-22 13:00:21,846] {dag.py:2928} INFO - Setting next_dagrun for example_branch_labels to 2022-01-21 00:00:00+00:00
[2022-01-22 13:00:21,867] {processor.py:171} INFO - Processing /home/airflow/.local/lib/python3.7/site-packages/airflow/example_dags/example_branch_labels.py took 0.120 seconds
[2022-01-22 13:00:52,452] {processor.py:163} INFO - Started process (PID=396) to work on /home/airflow/.local/lib/python3.7/site-packages/airflow/example_dags/example_branch_labels.py
[2022-01-22 13:00:52,455] {processor.py:625} INFO - Processing file /home/airflow/.local/lib/python3.7/site-packages/airflow/example_dags/example_branch_labels.py for tasks to queue
[2022-01-22 13:00:52,457] {logging_mixin.py:109} INFO - [2022-01-22 13:00:52,457] {dagbag.py:500} INFO - Filling up the DagBag from /home/airflow/.local/lib/python3.7/site-packages/airflow/example_dags/example_branch_labels.py
[2022-01-22 13:00:52,575] {processor.py:637} INFO - DAG(s) dict_keys(['example_branch_labels']) retrieved from /home/airflow/.local/lib/python3.7/site-packages/airflow/example_dags/example_branch_labels.py
[2022-01-22 13:00:52,601] {logging_mixin.py:109} INFO - [2022-01-22 13:00:52,601] {dag.py:2396} INFO - Sync 1 DAGs
[2022-01-22 13:00:52,651] {logging_mixin.py:109} INFO - [2022-01-22 13:00:52,651] {dag.py:2928} INFO - Setting next_dagrun for example_branch_labels to 2022-01-21 00:00:00+00:00
[2022-01-22 13:00:52,672] {processor.py:171} INFO - Processing /home/airflow/.local/lib/python3.7/site-packages/airflow/example_dags/example_branch_labels.py took 0.227 seconds
[2022-01-22 13:01:22,854] {processor.py:163} INFO - Started process (PID=457) to work on /home/airflow/.local/lib/python3.7/site-packages/airflow/example_dags/example_branch_labels.py
[2022-01-22 13:01:22,857] {processor.py:625} INFO - Processing file /home/airflow/.local/lib/python3.7/site-packages/airflow/example_dags/example_branch_labels.py for tasks to queue
[2022-01-22 13:01:22,858] {logging_mixin.py:109} INFO - [2022-01-22 13:01:22,858] {dagbag.py:500} INFO - Filling up the DagBag from /home/airflow/.local/lib/python3.7/site-packages/airflow/example_dags/example_branch_labels.py
[2022-01-22 13:01:22,909] {processor.py:637} INFO - DAG(s) dict_keys(['example_branch_labels']) retrieved from /home/airflow/.local/lib/python3.7/site-packages/airflow/example_dags/example_branch_labels.py
[2022-01-22 13:01:22,934] {logging_mixin.py:109} INFO - [2022-01-22 13:01:22,934] {dag.py:2396} INFO - Sync 1 DAGs
[2022-01-22 13:01:22,979] {logging_mixin.py:109} INFO - [2022-01-22 13:01:22,978] {dag.py:2928} INFO - Setting next_dagrun for example_branch_labels to 2022-01-21 00:00:00+00:00
[2022-01-22 13:01:23,010] {processor.py:171} INFO - Processing /home/airflow/.local/lib/python3.7/site-packages/airflow/example_dags/example_branch_labels.py took 0.161 seconds
[2022-01-22 13:01:53,403] {processor.py:163} INFO - Started process (PID=517) to work on /home/airflow/.local/lib/python3.7/site-packages/airflow/example_dags/example_branch_labels.py
[2022-01-22 13:01:53,407] {processor.py:625} INFO - Processing file /home/airflow/.local/lib/python3.7/site-packages/airflow/example_dags/example_branch_labels.py for tasks to queue
[2022-01-22 13:01:53,408] {logging_mixin.py:109} INFO - [2022-01-22 13:01:53,408] {dagbag.py:500} INFO - Filling up the DagBag from /home/airflow/.local/lib/python3.7/site-packages/airflow/example_dags/example_branch_labels.py
[2022-01-22 13:01:53,503] {processor.py:637} INFO - DAG(s) dict_keys(['example_branch_labels']) retrieved from /home/airflow/.local/lib/python3.7/site-packages/airflow/example_dags/example_branch_labels.py
[2022-01-22 13:01:53,559] {logging_mixin.py:109} INFO - [2022-01-22 13:01:53,559] {dag.py:2396} INFO - Sync 1 DAGs
[2022-01-22 13:01:53,634] {logging_mixin.py:109} INFO - [2022-01-22 13:01:53,634] {dag.py:2928} INFO - Setting next_dagrun for example_branch_labels to 2022-01-21 00:00:00+00:00
[2022-01-22 13:01:53,667] {processor.py:171} INFO - Processing /home/airflow/.local/lib/python3.7/site-packages/airflow/example_dags/example_branch_labels.py took 0.274 seconds
[2022-01-22 13:02:24,156] {processor.py:163} INFO - Started process (PID=577) to work on /home/airflow/.local/lib/python3.7/site-packages/airflow/example_dags/example_branch_labels.py
[2022-01-22 13:02:24,161] {processor.py:625} INFO - Processing file /home/airflow/.local/lib/python3.7/site-packages/airflow/example_dags/example_branch_labels.py for tasks to queue
[2022-01-22 13:02:24,163] {logging_mixin.py:109} INFO - [2022-01-22 13:02:24,163] {dagbag.py:500} INFO - Filling up the DagBag from /home/airflow/.local/lib/python3.7/site-packages/airflow/example_dags/example_branch_labels.py
[2022-01-22 13:02:24,234] {processor.py:637} INFO - DAG(s) dict_keys(['example_branch_labels']) retrieved from /home/airflow/.local/lib/python3.7/site-packages/airflow/example_dags/example_branch_labels.py
[2022-01-22 13:02:24,269] {logging_mixin.py:109} INFO - [2022-01-22 13:02:24,268] {dag.py:2396} INFO - Sync 1 DAGs
[2022-01-22 13:02:24,315] {logging_mixin.py:109} INFO - [2022-01-22 13:02:24,314] {dag.py:2928} INFO - Setting next_dagrun for example_branch_labels to 2022-01-21 00:00:00+00:00
[2022-01-22 13:02:24,337] {processor.py:171} INFO - Processing /home/airflow/.local/lib/python3.7/site-packages/airflow/example_dags/example_branch_labels.py took 0.190 seconds
[2022-01-22 13:02:54,609] {processor.py:163} INFO - Started process (PID=638) to work on /home/airflow/.local/lib/python3.7/site-packages/airflow/example_dags/example_branch_labels.py
[2022-01-22 13:02:54,612] {processor.py:625} INFO - Processing file /home/airflow/.local/lib/python3.7/site-packages/airflow/example_dags/example_branch_labels.py for tasks to queue
[2022-01-22 13:02:54,614] {logging_mixin.py:109} INFO - [2022-01-22 13:02:54,614] {dagbag.py:500} INFO - Filling up the DagBag from /home/airflow/.local/lib/python3.7/site-packages/airflow/example_dags/example_branch_labels.py
[2022-01-22 13:02:54,682] {processor.py:637} INFO - DAG(s) dict_keys(['example_branch_labels']) retrieved from /home/airflow/.local/lib/python3.7/site-packages/airflow/example_dags/example_branch_labels.py
[2022-01-22 13:02:54,716] {logging_mixin.py:109} INFO - [2022-01-22 13:02:54,716] {dag.py:2396} INFO - Sync 1 DAGs
[2022-01-22 13:02:54,758] {logging_mixin.py:109} INFO - [2022-01-22 13:02:54,758] {dag.py:2928} INFO - Setting next_dagrun for example_branch_labels to 2022-01-21 00:00:00+00:00
[2022-01-22 13:02:54,778] {processor.py:171} INFO - Processing /home/airflow/.local/lib/python3.7/site-packages/airflow/example_dags/example_branch_labels.py took 0.179 seconds
[2022-01-22 13:03:25,353] {processor.py:163} INFO - Started process (PID=700) to work on /home/airflow/.local/lib/python3.7/site-packages/airflow/example_dags/example_branch_labels.py
[2022-01-22 13:03:25,356] {processor.py:625} INFO - Processing file /home/airflow/.local/lib/python3.7/site-packages/airflow/example_dags/example_branch_labels.py for tasks to queue
[2022-01-22 13:03:25,357] {logging_mixin.py:109} INFO - [2022-01-22 13:03:25,357] {dagbag.py:500} INFO - Filling up the DagBag from /home/airflow/.local/lib/python3.7/site-packages/airflow/example_dags/example_branch_labels.py
[2022-01-22 13:03:25,414] {processor.py:637} INFO - DAG(s) dict_keys(['example_branch_labels']) retrieved from /home/airflow/.local/lib/python3.7/site-packages/airflow/example_dags/example_branch_labels.py
[2022-01-22 13:03:25,438] {logging_mixin.py:109} INFO - [2022-01-22 13:03:25,437] {dag.py:2396} INFO - Sync 1 DAGs
[2022-01-22 13:03:25,481] {logging_mixin.py:109} INFO - [2022-01-22 13:03:25,481] {dag.py:2928} INFO - Setting next_dagrun for example_branch_labels to 2022-01-21 00:00:00+00:00
[2022-01-22 13:03:25,508] {processor.py:171} INFO - Processing /home/airflow/.local/lib/python3.7/site-packages/airflow/example_dags/example_branch_labels.py took 0.161 seconds
[2022-01-22 13:03:55,656] {processor.py:163} INFO - Started process (PID=761) to work on /home/airflow/.local/lib/python3.7/site-packages/airflow/example_dags/example_branch_labels.py
[2022-01-22 13:03:55,659] {processor.py:625} INFO - Processing file /home/airflow/.local/lib/python3.7/site-packages/airflow/example_dags/example_branch_labels.py for tasks to queue
[2022-01-22 13:03:55,661] {logging_mixin.py:109} INFO - [2022-01-22 13:03:55,661] {dagbag.py:500} INFO - Filling up the DagBag from /home/airflow/.local/lib/python3.7/site-packages/airflow/example_dags/example_branch_labels.py
[2022-01-22 13:03:55,727] {processor.py:637} INFO - DAG(s) dict_keys(['example_branch_labels']) retrieved from /home/airflow/.local/lib/python3.7/site-packages/airflow/example_dags/example_branch_labels.py
[2022-01-22 13:03:55,754] {logging_mixin.py:109} INFO - [2022-01-22 13:03:55,753] {dag.py:2396} INFO - Sync 1 DAGs
[2022-01-22 13:03:55,795] {logging_mixin.py:109} INFO - [2022-01-22 13:03:55,795] {dag.py:2928} INFO - Setting next_dagrun for example_branch_labels to 2022-01-21 00:00:00+00:00
[2022-01-22 13:03:55,817] {processor.py:171} INFO - Processing /home/airflow/.local/lib/python3.7/site-packages/airflow/example_dags/example_branch_labels.py took 0.168 seconds
[2022-01-22 13:04:26,297] {processor.py:163} INFO - Started process (PID=822) to work on /home/airflow/.local/lib/python3.7/site-packages/airflow/example_dags/example_branch_labels.py
[2022-01-22 13:04:26,304] {processor.py:625} INFO - Processing file /home/airflow/.local/lib/python3.7/site-packages/airflow/example_dags/example_branch_labels.py for tasks to queue
[2022-01-22 13:04:26,308] {logging_mixin.py:109} INFO - [2022-01-22 13:04:26,307] {dagbag.py:500} INFO - Filling up the DagBag from /home/airflow/.local/lib/python3.7/site-packages/airflow/example_dags/example_branch_labels.py
[2022-01-22 13:04:26,380] {processor.py:637} INFO - DAG(s) dict_keys(['example_branch_labels']) retrieved from /home/airflow/.local/lib/python3.7/site-packages/airflow/example_dags/example_branch_labels.py
[2022-01-22 13:04:26,402] {logging_mixin.py:109} INFO - [2022-01-22 13:04:26,402] {dag.py:2396} INFO - Sync 1 DAGs
[2022-01-22 13:04:26,450] {logging_mixin.py:109} INFO - [2022-01-22 13:04:26,449] {dag.py:2928} INFO - Setting next_dagrun for example_branch_labels to 2022-01-21 00:00:00+00:00
[2022-01-22 13:04:26,476] {processor.py:171} INFO - Processing /home/airflow/.local/lib/python3.7/site-packages/airflow/example_dags/example_branch_labels.py took 0.192 seconds
[2022-01-22 13:04:56,893] {processor.py:163} INFO - Started process (PID=882) to work on /home/airflow/.local/lib/python3.7/site-packages/airflow/example_dags/example_branch_labels.py
[2022-01-22 13:04:56,899] {processor.py:625} INFO - Processing file /home/airflow/.local/lib/python3.7/site-packages/airflow/example_dags/example_branch_labels.py for tasks to queue
[2022-01-22 13:04:56,903] {logging_mixin.py:109} INFO - [2022-01-22 13:04:56,902] {dagbag.py:500} INFO - Filling up the DagBag from /home/airflow/.local/lib/python3.7/site-packages/airflow/example_dags/example_branch_labels.py
[2022-01-22 13:04:57,003] {processor.py:637} INFO - DAG(s) dict_keys(['example_branch_labels']) retrieved from /home/airflow/.local/lib/python3.7/site-packages/airflow/example_dags/example_branch_labels.py
[2022-01-22 13:04:57,042] {logging_mixin.py:109} INFO - [2022-01-22 13:04:57,042] {dag.py:2396} INFO - Sync 1 DAGs
[2022-01-22 13:04:57,105] {logging_mixin.py:109} INFO - [2022-01-22 13:04:57,105] {dag.py:2928} INFO - Setting next_dagrun for example_branch_labels to 2022-01-21 00:00:00+00:00
[2022-01-22 13:04:57,141] {processor.py:171} INFO - Processing /home/airflow/.local/lib/python3.7/site-packages/airflow/example_dags/example_branch_labels.py took 0.269 seconds
[2022-01-22 13:05:27,264] {processor.py:163} INFO - Started process (PID=942) to work on /home/airflow/.local/lib/python3.7/site-packages/airflow/example_dags/example_branch_labels.py
[2022-01-22 13:05:27,269] {processor.py:625} INFO - Processing file /home/airflow/.local/lib/python3.7/site-packages/airflow/example_dags/example_branch_labels.py for tasks to queue
[2022-01-22 13:05:27,273] {logging_mixin.py:109} INFO - [2022-01-22 13:05:27,273] {dagbag.py:500} INFO - Filling up the DagBag from /home/airflow/.local/lib/python3.7/site-packages/airflow/example_dags/example_branch_labels.py
[2022-01-22 13:05:27,408] {processor.py:637} INFO - DAG(s) dict_keys(['example_branch_labels']) retrieved from /home/airflow/.local/lib/python3.7/site-packages/airflow/example_dags/example_branch_labels.py
[2022-01-22 13:05:27,430] {logging_mixin.py:109} INFO - [2022-01-22 13:05:27,430] {dag.py:2396} INFO - Sync 1 DAGs
[2022-01-22 13:05:27,473] {logging_mixin.py:109} INFO - [2022-01-22 13:05:27,473] {dag.py:2928} INFO - Setting next_dagrun for example_branch_labels to 2022-01-21 00:00:00+00:00
[2022-01-22 13:05:27,492] {processor.py:171} INFO - Processing /home/airflow/.local/lib/python3.7/site-packages/airflow/example_dags/example_branch_labels.py took 0.241 seconds
[2022-01-22 13:05:58,116] {processor.py:163} INFO - Started process (PID=1013) to work on /home/airflow/.local/lib/python3.7/site-packages/airflow/example_dags/example_branch_labels.py
[2022-01-22 13:05:58,122] {processor.py:625} INFO - Processing file /home/airflow/.local/lib/python3.7/site-packages/airflow/example_dags/example_branch_labels.py for tasks to queue
[2022-01-22 13:05:58,125] {logging_mixin.py:109} INFO - [2022-01-22 13:05:58,125] {dagbag.py:500} INFO - Filling up the DagBag from /home/airflow/.local/lib/python3.7/site-packages/airflow/example_dags/example_branch_labels.py
[2022-01-22 13:05:58,194] {processor.py:637} INFO - DAG(s) dict_keys(['example_branch_labels']) retrieved from /home/airflow/.local/lib/python3.7/site-packages/airflow/example_dags/example_branch_labels.py
[2022-01-22 13:05:58,210] {logging_mixin.py:109} INFO - [2022-01-22 13:05:58,210] {dag.py:2396} INFO - Sync 1 DAGs
[2022-01-22 13:05:58,238] {logging_mixin.py:109} INFO - [2022-01-22 13:05:58,237] {dag.py:2928} INFO - Setting next_dagrun for example_branch_labels to 2022-01-21 00:00:00+00:00
[2022-01-22 13:05:58,252] {processor.py:171} INFO - Processing /home/airflow/.local/lib/python3.7/site-packages/airflow/example_dags/example_branch_labels.py took 0.157 seconds
[2022-01-22 13:06:28,410] {processor.py:163} INFO - Started process (PID=1074) to work on /home/airflow/.local/lib/python3.7/site-packages/airflow/example_dags/example_branch_labels.py
[2022-01-22 13:06:28,412] {processor.py:625} INFO - Processing file /home/airflow/.local/lib/python3.7/site-packages/airflow/example_dags/example_branch_labels.py for tasks to queue
[2022-01-22 13:06:28,413] {logging_mixin.py:109} INFO - [2022-01-22 13:06:28,413] {dagbag.py:500} INFO - Filling up the DagBag from /home/airflow/.local/lib/python3.7/site-packages/airflow/example_dags/example_branch_labels.py
[2022-01-22 13:06:28,450] {processor.py:637} INFO - DAG(s) dict_keys(['example_branch_labels']) retrieved from /home/airflow/.local/lib/python3.7/site-packages/airflow/example_dags/example_branch_labels.py
[2022-01-22 13:06:28,466] {logging_mixin.py:109} INFO - [2022-01-22 13:06:28,466] {dag.py:2396} INFO - Sync 1 DAGs
[2022-01-22 13:06:28,495] {logging_mixin.py:109} INFO - [2022-01-22 13:06:28,495] {dag.py:2928} INFO - Setting next_dagrun for example_branch_labels to 2022-01-21 00:00:00+00:00
[2022-01-22 13:06:28,511] {processor.py:171} INFO - Processing /home/airflow/.local/lib/python3.7/site-packages/airflow/example_dags/example_branch_labels.py took 0.105 seconds
[2022-01-22 13:06:59,008] {processor.py:163} INFO - Started process (PID=1136) to work on /home/airflow/.local/lib/python3.7/site-packages/airflow/example_dags/example_branch_labels.py
[2022-01-22 13:06:59,013] {processor.py:625} INFO - Processing file /home/airflow/.local/lib/python3.7/site-packages/airflow/example_dags/example_branch_labels.py for tasks to queue
[2022-01-22 13:06:59,016] {logging_mixin.py:109} INFO - [2022-01-22 13:06:59,015] {dagbag.py:500} INFO - Filling up the DagBag from /home/airflow/.local/lib/python3.7/site-packages/airflow/example_dags/example_branch_labels.py
[2022-01-22 13:06:59,113] {processor.py:637} INFO - DAG(s) dict_keys(['example_branch_labels']) retrieved from /home/airflow/.local/lib/python3.7/site-packages/airflow/example_dags/example_branch_labels.py
[2022-01-22 13:06:59,162] {logging_mixin.py:109} INFO - [2022-01-22 13:06:59,161] {dag.py:2396} INFO - Sync 1 DAGs
[2022-01-22 13:06:59,229] {logging_mixin.py:109} INFO - [2022-01-22 13:06:59,229] {dag.py:2928} INFO - Setting next_dagrun for example_branch_labels to 2022-01-21 00:00:00+00:00
[2022-01-22 13:06:59,405] {processor.py:171} INFO - Processing /home/airflow/.local/lib/python3.7/site-packages/airflow/example_dags/example_branch_labels.py took 0.409 seconds
[2022-01-22 13:07:29,954] {processor.py:163} INFO - Started process (PID=1197) to work on /home/airflow/.local/lib/python3.7/site-packages/airflow/example_dags/example_branch_labels.py
[2022-01-22 13:07:29,961] {processor.py:625} INFO - Processing file /home/airflow/.local/lib/python3.7/site-packages/airflow/example_dags/example_branch_labels.py for tasks to queue
[2022-01-22 13:07:29,964] {logging_mixin.py:109} INFO - [2022-01-22 13:07:29,964] {dagbag.py:500} INFO - Filling up the DagBag from /home/airflow/.local/lib/python3.7/site-packages/airflow/example_dags/example_branch_labels.py
[2022-01-22 13:07:30,074] {processor.py:637} INFO - DAG(s) dict_keys(['example_branch_labels']) retrieved from /home/airflow/.local/lib/python3.7/site-packages/airflow/example_dags/example_branch_labels.py
[2022-01-22 13:07:30,118] {logging_mixin.py:109} INFO - [2022-01-22 13:07:30,117] {dag.py:2396} INFO - Sync 1 DAGs
[2022-01-22 13:07:30,299] {logging_mixin.py:109} INFO - [2022-01-22 13:07:30,299] {dag.py:2928} INFO - Setting next_dagrun for example_branch_labels to 2022-01-21 00:00:00+00:00
[2022-01-22 13:07:30,316] {processor.py:171} INFO - Processing /home/airflow/.local/lib/python3.7/site-packages/airflow/example_dags/example_branch_labels.py took 0.379 seconds
[2022-01-22 13:08:00,768] {processor.py:163} INFO - Started process (PID=1258) to work on /home/airflow/.local/lib/python3.7/site-packages/airflow/example_dags/example_branch_labels.py
[2022-01-22 13:08:00,773] {processor.py:625} INFO - Processing file /home/airflow/.local/lib/python3.7/site-packages/airflow/example_dags/example_branch_labels.py for tasks to queue
[2022-01-22 13:08:00,776] {logging_mixin.py:109} INFO - [2022-01-22 13:08:00,776] {dagbag.py:500} INFO - Filling up the DagBag from /home/airflow/.local/lib/python3.7/site-packages/airflow/example_dags/example_branch_labels.py
[2022-01-22 13:08:00,848] {processor.py:637} INFO - DAG(s) dict_keys(['example_branch_labels']) retrieved from /home/airflow/.local/lib/python3.7/site-packages/airflow/example_dags/example_branch_labels.py
[2022-01-22 13:08:00,874] {logging_mixin.py:109} INFO - [2022-01-22 13:08:00,874] {dag.py:2396} INFO - Sync 1 DAGs
[2022-01-22 13:08:01,026] {logging_mixin.py:109} INFO - [2022-01-22 13:08:01,026] {dag.py:2928} INFO - Setting next_dagrun for example_branch_labels to 2022-01-21 00:00:00+00:00
[2022-01-22 13:08:01,046] {processor.py:171} INFO - Processing /home/airflow/.local/lib/python3.7/site-packages/airflow/example_dags/example_branch_labels.py took 0.288 seconds
[2022-01-22 13:08:31,542] {processor.py:163} INFO - Started process (PID=1319) to work on /home/airflow/.local/lib/python3.7/site-packages/airflow/example_dags/example_branch_labels.py
[2022-01-22 13:08:31,544] {processor.py:625} INFO - Processing file /home/airflow/.local/lib/python3.7/site-packages/airflow/example_dags/example_branch_labels.py for tasks to queue
[2022-01-22 13:08:31,546] {logging_mixin.py:109} INFO - [2022-01-22 13:08:31,546] {dagbag.py:500} INFO - Filling up the DagBag from /home/airflow/.local/lib/python3.7/site-packages/airflow/example_dags/example_branch_labels.py
[2022-01-22 13:08:31,599] {processor.py:637} INFO - DAG(s) dict_keys(['example_branch_labels']) retrieved from /home/airflow/.local/lib/python3.7/site-packages/airflow/example_dags/example_branch_labels.py
[2022-01-22 13:08:31,771] {logging_mixin.py:109} INFO - [2022-01-22 13:08:31,770] {dag.py:2396} INFO - Sync 1 DAGs
[2022-01-22 13:08:31,811] {logging_mixin.py:109} INFO - [2022-01-22 13:08:31,811] {dag.py:2928} INFO - Setting next_dagrun for example_branch_labels to 2022-01-21 00:00:00+00:00
[2022-01-22 13:08:31,831] {processor.py:171} INFO - Processing /home/airflow/.local/lib/python3.7/site-packages/airflow/example_dags/example_branch_labels.py took 0.296 seconds
[2022-01-22 13:09:02,164] {processor.py:163} INFO - Started process (PID=1381) to work on /home/airflow/.local/lib/python3.7/site-packages/airflow/example_dags/example_branch_labels.py
[2022-01-22 13:09:02,171] {processor.py:625} INFO - Processing file /home/airflow/.local/lib/python3.7/site-packages/airflow/example_dags/example_branch_labels.py for tasks to queue
[2022-01-22 13:09:02,174] {logging_mixin.py:109} INFO - [2022-01-22 13:09:02,174] {dagbag.py:500} INFO - Filling up the DagBag from /home/airflow/.local/lib/python3.7/site-packages/airflow/example_dags/example_branch_labels.py
[2022-01-22 13:09:02,343] {processor.py:637} INFO - DAG(s) dict_keys(['example_branch_labels']) retrieved from /home/airflow/.local/lib/python3.7/site-packages/airflow/example_dags/example_branch_labels.py
[2022-01-22 13:09:02,357] {logging_mixin.py:109} INFO - [2022-01-22 13:09:02,357] {dag.py:2396} INFO - Sync 1 DAGs
[2022-01-22 13:09:02,385] {logging_mixin.py:109} INFO - [2022-01-22 13:09:02,384] {dag.py:2928} INFO - Setting next_dagrun for example_branch_labels to 2022-01-21 00:00:00+00:00
[2022-01-22 13:09:02,400] {processor.py:171} INFO - Processing /home/airflow/.local/lib/python3.7/site-packages/airflow/example_dags/example_branch_labels.py took 0.254 seconds
[2022-01-22 13:09:32,953] {processor.py:163} INFO - Started process (PID=1443) to work on /home/airflow/.local/lib/python3.7/site-packages/airflow/example_dags/example_branch_labels.py
[2022-01-22 13:09:32,960] {processor.py:625} INFO - Processing file /home/airflow/.local/lib/python3.7/site-packages/airflow/example_dags/example_branch_labels.py for tasks to queue
[2022-01-22 13:09:32,966] {logging_mixin.py:109} INFO - [2022-01-22 13:09:32,965] {dagbag.py:500} INFO - Filling up the DagBag from /home/airflow/.local/lib/python3.7/site-packages/airflow/example_dags/example_branch_labels.py
[2022-01-22 13:09:33,172] {processor.py:637} INFO - DAG(s) dict_keys(['example_branch_labels']) retrieved from /home/airflow/.local/lib/python3.7/site-packages/airflow/example_dags/example_branch_labels.py
[2022-01-22 13:09:33,188] {logging_mixin.py:109} INFO - [2022-01-22 13:09:33,188] {dag.py:2396} INFO - Sync 1 DAGs
[2022-01-22 13:09:33,216] {logging_mixin.py:109} INFO - [2022-01-22 13:09:33,216] {dag.py:2928} INFO - Setting next_dagrun for example_branch_labels to 2022-01-21 00:00:00+00:00
[2022-01-22 13:09:33,232] {processor.py:171} INFO - Processing /home/airflow/.local/lib/python3.7/site-packages/airflow/example_dags/example_branch_labels.py took 0.296 seconds
[2022-01-22 13:10:03,381] {processor.py:163} INFO - Started process (PID=1513) to work on /home/airflow/.local/lib/python3.7/site-packages/airflow/example_dags/example_branch_labels.py
[2022-01-22 13:10:03,384] {processor.py:625} INFO - Processing file /home/airflow/.local/lib/python3.7/site-packages/airflow/example_dags/example_branch_labels.py for tasks to queue
[2022-01-22 13:10:03,386] {logging_mixin.py:109} INFO - [2022-01-22 13:10:03,386] {dagbag.py:500} INFO - Filling up the DagBag from /home/airflow/.local/lib/python3.7/site-packages/airflow/example_dags/example_branch_labels.py
[2022-01-22 13:10:03,547] {processor.py:637} INFO - DAG(s) dict_keys(['example_branch_labels']) retrieved from /home/airflow/.local/lib/python3.7/site-packages/airflow/example_dags/example_branch_labels.py
[2022-01-22 13:10:03,562] {logging_mixin.py:109} INFO - [2022-01-22 13:10:03,562] {dag.py:2396} INFO - Sync 1 DAGs
[2022-01-22 13:10:03,588] {logging_mixin.py:109} INFO - [2022-01-22 13:10:03,588] {dag.py:2928} INFO - Setting next_dagrun for example_branch_labels to 2022-01-21 00:00:00+00:00
[2022-01-22 13:10:03,600] {processor.py:171} INFO - Processing /home/airflow/.local/lib/python3.7/site-packages/airflow/example_dags/example_branch_labels.py took 0.226 seconds
[2022-01-22 13:10:33,861] {processor.py:163} INFO - Started process (PID=1574) to work on /home/airflow/.local/lib/python3.7/site-packages/airflow/example_dags/example_branch_labels.py
[2022-01-22 13:10:33,863] {processor.py:625} INFO - Processing file /home/airflow/.local/lib/python3.7/site-packages/airflow/example_dags/example_branch_labels.py for tasks to queue
[2022-01-22 13:10:33,864] {logging_mixin.py:109} INFO - [2022-01-22 13:10:33,864] {dagbag.py:500} INFO - Filling up the DagBag from /home/airflow/.local/lib/python3.7/site-packages/airflow/example_dags/example_branch_labels.py
[2022-01-22 13:10:34,022] {processor.py:637} INFO - DAG(s) dict_keys(['example_branch_labels']) retrieved from /home/airflow/.local/lib/python3.7/site-packages/airflow/example_dags/example_branch_labels.py
[2022-01-22 13:10:34,036] {logging_mixin.py:109} INFO - [2022-01-22 13:10:34,035] {dag.py:2396} INFO - Sync 1 DAGs
[2022-01-22 13:10:34,058] {logging_mixin.py:109} INFO - [2022-01-22 13:10:34,058] {dag.py:2928} INFO - Setting next_dagrun for example_branch_labels to 2022-01-21 00:00:00+00:00
[2022-01-22 13:10:34,072] {processor.py:171} INFO - Processing /home/airflow/.local/lib/python3.7/site-packages/airflow/example_dags/example_branch_labels.py took 0.215 seconds
[2022-01-22 13:11:05,026] {processor.py:163} INFO - Started process (PID=1635) to work on /home/airflow/.local/lib/python3.7/site-packages/airflow/example_dags/example_branch_labels.py
[2022-01-22 13:11:05,029] {processor.py:625} INFO - Processing file /home/airflow/.local/lib/python3.7/site-packages/airflow/example_dags/example_branch_labels.py for tasks to queue
[2022-01-22 13:11:05,030] {logging_mixin.py:109} INFO - [2022-01-22 13:11:05,030] {dagbag.py:500} INFO - Filling up the DagBag from /home/airflow/.local/lib/python3.7/site-packages/airflow/example_dags/example_branch_labels.py
[2022-01-22 13:11:05,099] {processor.py:637} INFO - DAG(s) dict_keys(['example_branch_labels']) retrieved from /home/airflow/.local/lib/python3.7/site-packages/airflow/example_dags/example_branch_labels.py
[2022-01-22 13:11:05,115] {logging_mixin.py:109} INFO - [2022-01-22 13:11:05,115] {dag.py:2396} INFO - Sync 1 DAGs
[2022-01-22 13:11:05,143] {logging_mixin.py:109} INFO - [2022-01-22 13:11:05,143] {dag.py:2928} INFO - Setting next_dagrun for example_branch_labels to 2022-01-21 00:00:00+00:00
[2022-01-22 13:11:05,159] {processor.py:171} INFO - Processing /home/airflow/.local/lib/python3.7/site-packages/airflow/example_dags/example_branch_labels.py took 0.139 seconds
[2022-01-22 13:11:35,852] {processor.py:163} INFO - Started process (PID=1687) to work on /home/airflow/.local/lib/python3.7/site-packages/airflow/example_dags/example_branch_labels.py
[2022-01-22 13:11:35,856] {processor.py:625} INFO - Processing file /home/airflow/.local/lib/python3.7/site-packages/airflow/example_dags/example_branch_labels.py for tasks to queue
[2022-01-22 13:11:35,859] {logging_mixin.py:109} INFO - [2022-01-22 13:11:35,859] {dagbag.py:500} INFO - Filling up the DagBag from /home/airflow/.local/lib/python3.7/site-packages/airflow/example_dags/example_branch_labels.py
[2022-01-22 13:11:35,956] {processor.py:637} INFO - DAG(s) dict_keys(['example_branch_labels']) retrieved from /home/airflow/.local/lib/python3.7/site-packages/airflow/example_dags/example_branch_labels.py
[2022-01-22 13:11:35,995] {logging_mixin.py:109} INFO - [2022-01-22 13:11:35,995] {dag.py:2396} INFO - Sync 1 DAGs
[2022-01-22 13:11:36,062] {logging_mixin.py:109} INFO - [2022-01-22 13:11:36,061] {dag.py:2928} INFO - Setting next_dagrun for example_branch_labels to 2022-01-21 00:00:00+00:00
[2022-01-22 13:11:36,092] {processor.py:171} INFO - Processing /home/airflow/.local/lib/python3.7/site-packages/airflow/example_dags/example_branch_labels.py took 0.252 seconds
[2022-01-22 13:12:06,749] {processor.py:163} INFO - Started process (PID=1748) to work on /home/airflow/.local/lib/python3.7/site-packages/airflow/example_dags/example_branch_labels.py
[2022-01-22 13:12:06,754] {processor.py:625} INFO - Processing file /home/airflow/.local/lib/python3.7/site-packages/airflow/example_dags/example_branch_labels.py for tasks to queue
[2022-01-22 13:12:06,757] {logging_mixin.py:109} INFO - [2022-01-22 13:12:06,757] {dagbag.py:500} INFO - Filling up the DagBag from /home/airflow/.local/lib/python3.7/site-packages/airflow/example_dags/example_branch_labels.py
[2022-01-22 13:12:06,884] {processor.py:637} INFO - DAG(s) dict_keys(['example_branch_labels']) retrieved from /home/airflow/.local/lib/python3.7/site-packages/airflow/example_dags/example_branch_labels.py
[2022-01-22 13:12:06,936] {logging_mixin.py:109} INFO - [2022-01-22 13:12:06,935] {dag.py:2396} INFO - Sync 1 DAGs
[2022-01-22 13:12:07,005] {logging_mixin.py:109} INFO - [2022-01-22 13:12:07,005] {dag.py:2928} INFO - Setting next_dagrun for example_branch_labels to 2022-01-21 00:00:00+00:00
[2022-01-22 13:12:07,040] {processor.py:171} INFO - Processing /home/airflow/.local/lib/python3.7/site-packages/airflow/example_dags/example_branch_labels.py took 0.305 seconds
[2022-01-22 13:12:37,738] {processor.py:163} INFO - Started process (PID=1808) to work on /home/airflow/.local/lib/python3.7/site-packages/airflow/example_dags/example_branch_labels.py
[2022-01-22 13:12:37,743] {processor.py:625} INFO - Processing file /home/airflow/.local/lib/python3.7/site-packages/airflow/example_dags/example_branch_labels.py for tasks to queue
[2022-01-22 13:12:37,747] {logging_mixin.py:109} INFO - [2022-01-22 13:12:37,746] {dagbag.py:500} INFO - Filling up the DagBag from /home/airflow/.local/lib/python3.7/site-packages/airflow/example_dags/example_branch_labels.py
[2022-01-22 13:12:37,851] {processor.py:637} INFO - DAG(s) dict_keys(['example_branch_labels']) retrieved from /home/airflow/.local/lib/python3.7/site-packages/airflow/example_dags/example_branch_labels.py
[2022-01-22 13:12:37,893] {logging_mixin.py:109} INFO - [2022-01-22 13:12:37,892] {dag.py:2396} INFO - Sync 1 DAGs
[2022-01-22 13:12:37,957] {logging_mixin.py:109} INFO - [2022-01-22 13:12:37,957] {dag.py:2928} INFO - Setting next_dagrun for example_branch_labels to 2022-01-21 00:00:00+00:00
[2022-01-22 13:12:37,993] {processor.py:171} INFO - Processing /home/airflow/.local/lib/python3.7/site-packages/airflow/example_dags/example_branch_labels.py took 0.268 seconds
[2022-01-22 13:13:08,765] {processor.py:163} INFO - Started process (PID=1879) to work on /home/airflow/.local/lib/python3.7/site-packages/airflow/example_dags/example_branch_labels.py
[2022-01-22 13:13:08,768] {processor.py:625} INFO - Processing file /home/airflow/.local/lib/python3.7/site-packages/airflow/example_dags/example_branch_labels.py for tasks to queue
[2022-01-22 13:13:08,769] {logging_mixin.py:109} INFO - [2022-01-22 13:13:08,769] {dagbag.py:500} INFO - Filling up the DagBag from /home/airflow/.local/lib/python3.7/site-packages/airflow/example_dags/example_branch_labels.py
[2022-01-22 13:13:08,817] {processor.py:637} INFO - DAG(s) dict_keys(['example_branch_labels']) retrieved from /home/airflow/.local/lib/python3.7/site-packages/airflow/example_dags/example_branch_labels.py
[2022-01-22 13:13:08,837] {logging_mixin.py:109} INFO - [2022-01-22 13:13:08,836] {dag.py:2396} INFO - Sync 1 DAGs
[2022-01-22 13:13:08,864] {logging_mixin.py:109} INFO - [2022-01-22 13:13:08,864] {dag.py:2928} INFO - Setting next_dagrun for example_branch_labels to 2022-01-21 00:00:00+00:00
[2022-01-22 13:13:08,879] {processor.py:171} INFO - Processing /home/airflow/.local/lib/python3.7/site-packages/airflow/example_dags/example_branch_labels.py took 0.119 seconds
[2022-01-22 13:13:39,234] {processor.py:163} INFO - Started process (PID=1941) to work on /home/airflow/.local/lib/python3.7/site-packages/airflow/example_dags/example_branch_labels.py
[2022-01-22 13:13:39,236] {processor.py:625} INFO - Processing file /home/airflow/.local/lib/python3.7/site-packages/airflow/example_dags/example_branch_labels.py for tasks to queue
[2022-01-22 13:13:39,237] {logging_mixin.py:109} INFO - [2022-01-22 13:13:39,237] {dagbag.py:500} INFO - Filling up the DagBag from /home/airflow/.local/lib/python3.7/site-packages/airflow/example_dags/example_branch_labels.py
[2022-01-22 13:13:39,286] {processor.py:637} INFO - DAG(s) dict_keys(['example_branch_labels']) retrieved from /home/airflow/.local/lib/python3.7/site-packages/airflow/example_dags/example_branch_labels.py
[2022-01-22 13:13:39,302] {logging_mixin.py:109} INFO - [2022-01-22 13:13:39,302] {dag.py:2396} INFO - Sync 1 DAGs
[2022-01-22 13:13:39,334] {logging_mixin.py:109} INFO - [2022-01-22 13:13:39,334] {dag.py:2928} INFO - Setting next_dagrun for example_branch_labels to 2022-01-21 00:00:00+00:00
[2022-01-22 13:13:39,351] {processor.py:171} INFO - Processing /home/airflow/.local/lib/python3.7/site-packages/airflow/example_dags/example_branch_labels.py took 0.124 seconds
[2022-01-22 13:14:09,771] {processor.py:163} INFO - Started process (PID=2003) to work on /home/airflow/.local/lib/python3.7/site-packages/airflow/example_dags/example_branch_labels.py
[2022-01-22 13:14:09,774] {processor.py:625} INFO - Processing file /home/airflow/.local/lib/python3.7/site-packages/airflow/example_dags/example_branch_labels.py for tasks to queue
[2022-01-22 13:14:09,775] {logging_mixin.py:109} INFO - [2022-01-22 13:14:09,775] {dagbag.py:500} INFO - Filling up the DagBag from /home/airflow/.local/lib/python3.7/site-packages/airflow/example_dags/example_branch_labels.py
[2022-01-22 13:14:09,821] {processor.py:637} INFO - DAG(s) dict_keys(['example_branch_labels']) retrieved from /home/airflow/.local/lib/python3.7/site-packages/airflow/example_dags/example_branch_labels.py
[2022-01-22 13:14:09,839] {logging_mixin.py:109} INFO - [2022-01-22 13:14:09,839] {dag.py:2396} INFO - Sync 1 DAGs
[2022-01-22 13:14:09,871] {logging_mixin.py:109} INFO - [2022-01-22 13:14:09,871] {dag.py:2928} INFO - Setting next_dagrun for example_branch_labels to 2022-01-21 00:00:00+00:00
[2022-01-22 13:14:09,888] {processor.py:171} INFO - Processing /home/airflow/.local/lib/python3.7/site-packages/airflow/example_dags/example_branch_labels.py took 0.121 seconds
[2022-01-22 13:14:40,652] {processor.py:163} INFO - Started process (PID=2063) to work on /home/airflow/.local/lib/python3.7/site-packages/airflow/example_dags/example_branch_labels.py
[2022-01-22 13:14:40,655] {processor.py:625} INFO - Processing file /home/airflow/.local/lib/python3.7/site-packages/airflow/example_dags/example_branch_labels.py for tasks to queue
[2022-01-22 13:14:40,657] {logging_mixin.py:109} INFO - [2022-01-22 13:14:40,657] {dagbag.py:500} INFO - Filling up the DagBag from /home/airflow/.local/lib/python3.7/site-packages/airflow/example_dags/example_branch_labels.py
[2022-01-22 13:14:40,711] {processor.py:637} INFO - DAG(s) dict_keys(['example_branch_labels']) retrieved from /home/airflow/.local/lib/python3.7/site-packages/airflow/example_dags/example_branch_labels.py
[2022-01-22 13:14:40,729] {logging_mixin.py:109} INFO - [2022-01-22 13:14:40,729] {dag.py:2396} INFO - Sync 1 DAGs
[2022-01-22 13:14:40,757] {logging_mixin.py:109} INFO - [2022-01-22 13:14:40,757] {dag.py:2928} INFO - Setting next_dagrun for example_branch_labels to 2022-01-21 00:00:00+00:00
[2022-01-22 13:14:40,772] {processor.py:171} INFO - Processing /home/airflow/.local/lib/python3.7/site-packages/airflow/example_dags/example_branch_labels.py took 0.125 seconds
[2022-01-22 13:15:10,906] {processor.py:163} INFO - Started process (PID=2124) to work on /home/airflow/.local/lib/python3.7/site-packages/airflow/example_dags/example_branch_labels.py
[2022-01-22 13:15:10,911] {processor.py:625} INFO - Processing file /home/airflow/.local/lib/python3.7/site-packages/airflow/example_dags/example_branch_labels.py for tasks to queue
[2022-01-22 13:15:10,914] {logging_mixin.py:109} INFO - [2022-01-22 13:15:10,913] {dagbag.py:500} INFO - Filling up the DagBag from /home/airflow/.local/lib/python3.7/site-packages/airflow/example_dags/example_branch_labels.py
[2022-01-22 13:15:10,985] {processor.py:637} INFO - DAG(s) dict_keys(['example_branch_labels']) retrieved from /home/airflow/.local/lib/python3.7/site-packages/airflow/example_dags/example_branch_labels.py
[2022-01-22 13:15:11,000] {logging_mixin.py:109} INFO - [2022-01-22 13:15:11,000] {dag.py:2396} INFO - Sync 1 DAGs
[2022-01-22 13:15:11,023] {logging_mixin.py:109} INFO - [2022-01-22 13:15:11,023] {dag.py:2928} INFO - Setting next_dagrun for example_branch_labels to 2022-01-21 00:00:00+00:00
[2022-01-22 13:15:11,033] {processor.py:171} INFO - Processing /home/airflow/.local/lib/python3.7/site-packages/airflow/example_dags/example_branch_labels.py took 0.145 seconds
[2022-01-22 13:20:22,340] {processor.py:163} INFO - Started process (PID=2193) to work on /home/airflow/.local/lib/python3.7/site-packages/airflow/example_dags/example_branch_labels.py
[2022-01-22 13:20:22,343] {processor.py:625} INFO - Processing file /home/airflow/.local/lib/python3.7/site-packages/airflow/example_dags/example_branch_labels.py for tasks to queue
[2022-01-22 13:20:22,345] {logging_mixin.py:109} INFO - [2022-01-22 13:20:22,345] {dagbag.py:500} INFO - Filling up the DagBag from /home/airflow/.local/lib/python3.7/site-packages/airflow/example_dags/example_branch_labels.py
[2022-01-22 13:20:22,413] {processor.py:637} INFO - DAG(s) dict_keys(['example_branch_labels']) retrieved from /home/airflow/.local/lib/python3.7/site-packages/airflow/example_dags/example_branch_labels.py
[2022-01-22 13:20:22,440] {logging_mixin.py:109} INFO - [2022-01-22 13:20:22,440] {dag.py:2396} INFO - Sync 1 DAGs
[2022-01-22 13:20:22,487] {logging_mixin.py:109} INFO - [2022-01-22 13:20:22,487] {dag.py:2928} INFO - Setting next_dagrun for example_branch_labels to 2022-01-21 00:00:00+00:00
[2022-01-22 13:20:22,516] {processor.py:171} INFO - Processing /home/airflow/.local/lib/python3.7/site-packages/airflow/example_dags/example_branch_labels.py took 0.188 seconds
[2022-01-22 13:20:53,260] {processor.py:163} INFO - Started process (PID=2254) to work on /home/airflow/.local/lib/python3.7/site-packages/airflow/example_dags/example_branch_labels.py
[2022-01-22 13:20:53,262] {processor.py:625} INFO - Processing file /home/airflow/.local/lib/python3.7/site-packages/airflow/example_dags/example_branch_labels.py for tasks to queue
[2022-01-22 13:20:53,263] {logging_mixin.py:109} INFO - [2022-01-22 13:20:53,263] {dagbag.py:500} INFO - Filling up the DagBag from /home/airflow/.local/lib/python3.7/site-packages/airflow/example_dags/example_branch_labels.py
[2022-01-22 13:20:53,309] {processor.py:637} INFO - DAG(s) dict_keys(['example_branch_labels']) retrieved from /home/airflow/.local/lib/python3.7/site-packages/airflow/example_dags/example_branch_labels.py
[2022-01-22 13:20:53,328] {logging_mixin.py:109} INFO - [2022-01-22 13:20:53,328] {dag.py:2396} INFO - Sync 1 DAGs
[2022-01-22 13:20:53,356] {logging_mixin.py:109} INFO - [2022-01-22 13:20:53,356] {dag.py:2928} INFO - Setting next_dagrun for example_branch_labels to 2022-01-21 00:00:00+00:00
[2022-01-22 13:20:53,376] {processor.py:171} INFO - Processing /home/airflow/.local/lib/python3.7/site-packages/airflow/example_dags/example_branch_labels.py took 0.121 seconds
[2022-01-22 13:21:24,549] {processor.py:163} INFO - Started process (PID=2316) to work on /home/airflow/.local/lib/python3.7/site-packages/airflow/example_dags/example_branch_labels.py
[2022-01-22 13:21:24,551] {processor.py:625} INFO - Processing file /home/airflow/.local/lib/python3.7/site-packages/airflow/example_dags/example_branch_labels.py for tasks to queue
[2022-01-22 13:21:24,553] {logging_mixin.py:109} INFO - [2022-01-22 13:21:24,552] {dagbag.py:500} INFO - Filling up the DagBag from /home/airflow/.local/lib/python3.7/site-packages/airflow/example_dags/example_branch_labels.py
[2022-01-22 13:21:24,592] {processor.py:637} INFO - DAG(s) dict_keys(['example_branch_labels']) retrieved from /home/airflow/.local/lib/python3.7/site-packages/airflow/example_dags/example_branch_labels.py
[2022-01-22 13:21:24,611] {logging_mixin.py:109} INFO - [2022-01-22 13:21:24,611] {dag.py:2396} INFO - Sync 1 DAGs
[2022-01-22 13:21:24,637] {logging_mixin.py:109} INFO - [2022-01-22 13:21:24,637] {dag.py:2928} INFO - Setting next_dagrun for example_branch_labels to 2022-01-21 00:00:00+00:00
[2022-01-22 13:21:24,650] {processor.py:171} INFO - Processing /home/airflow/.local/lib/python3.7/site-packages/airflow/example_dags/example_branch_labels.py took 0.106 seconds
