[2022-01-22 12:58:11,381] {processor.py:163} INFO - Started process (PID=49) to work on /home/airflow/.local/lib/python3.7/site-packages/airflow/example_dags/example_xcom.py
[2022-01-22 12:58:11,384] {processor.py:625} INFO - Processing file /home/airflow/.local/lib/python3.7/site-packages/airflow/example_dags/example_xcom.py for tasks to queue
[2022-01-22 12:58:11,386] {logging_mixin.py:109} INFO - [2022-01-22 12:58:11,385] {dagbag.py:500} INFO - Filling up the DagBag from /home/airflow/.local/lib/python3.7/site-packages/airflow/example_dags/example_xcom.py
[2022-01-22 12:58:11,455] {processor.py:637} INFO - DAG(s) dict_keys(['example_xcom']) retrieved from /home/airflow/.local/lib/python3.7/site-packages/airflow/example_dags/example_xcom.py
[2022-01-22 12:58:12,606] {logging_mixin.py:109} INFO - [2022-01-22 12:58:12,606] {dag.py:2396} INFO - Sync 1 DAGs
[2022-01-22 12:58:12,632] {logging_mixin.py:109} INFO - [2022-01-22 12:58:12,632] {dag.py:2928} INFO - Setting next_dagrun for example_xcom to 2021-01-01T00:00:00+00:00
[2022-01-22 12:58:12,649] {processor.py:171} INFO - Processing /home/airflow/.local/lib/python3.7/site-packages/airflow/example_dags/example_xcom.py took 1.276 seconds
[2022-01-22 12:58:43,276] {processor.py:163} INFO - Started process (PID=125) to work on /home/airflow/.local/lib/python3.7/site-packages/airflow/example_dags/example_xcom.py
[2022-01-22 12:58:43,291] {processor.py:625} INFO - Processing file /home/airflow/.local/lib/python3.7/site-packages/airflow/example_dags/example_xcom.py for tasks to queue
[2022-01-22 12:58:43,308] {logging_mixin.py:109} INFO - [2022-01-22 12:58:43,308] {dagbag.py:500} INFO - Filling up the DagBag from /home/airflow/.local/lib/python3.7/site-packages/airflow/example_dags/example_xcom.py
[2022-01-22 12:58:43,603] {processor.py:637} INFO - DAG(s) dict_keys(['example_xcom']) retrieved from /home/airflow/.local/lib/python3.7/site-packages/airflow/example_dags/example_xcom.py
[2022-01-22 12:58:46,064] {logging_mixin.py:109} INFO - [2022-01-22 12:58:46,064] {dag.py:2396} INFO - Sync 1 DAGs
[2022-01-22 12:58:46,139] {logging_mixin.py:109} INFO - [2022-01-22 12:58:46,138] {dag.py:2928} INFO - Setting next_dagrun for example_xcom to 2021-01-01T00:00:00+00:00
[2022-01-22 12:58:46,202] {processor.py:171} INFO - Processing /home/airflow/.local/lib/python3.7/site-packages/airflow/example_dags/example_xcom.py took 2.943 seconds
[2022-01-22 12:59:16,606] {processor.py:163} INFO - Started process (PID=204) to work on /home/airflow/.local/lib/python3.7/site-packages/airflow/example_dags/example_xcom.py
[2022-01-22 12:59:16,623] {processor.py:625} INFO - Processing file /home/airflow/.local/lib/python3.7/site-packages/airflow/example_dags/example_xcom.py for tasks to queue
[2022-01-22 12:59:16,634] {logging_mixin.py:109} INFO - [2022-01-22 12:59:16,634] {dagbag.py:500} INFO - Filling up the DagBag from /home/airflow/.local/lib/python3.7/site-packages/airflow/example_dags/example_xcom.py
[2022-01-22 12:59:16,828] {processor.py:637} INFO - DAG(s) dict_keys(['example_xcom']) retrieved from /home/airflow/.local/lib/python3.7/site-packages/airflow/example_dags/example_xcom.py
[2022-01-22 12:59:19,041] {logging_mixin.py:109} INFO - [2022-01-22 12:59:19,041] {dag.py:2396} INFO - Sync 1 DAGs
[2022-01-22 12:59:19,168] {logging_mixin.py:109} INFO - [2022-01-22 12:59:19,167] {dag.py:2928} INFO - Setting next_dagrun for example_xcom to 2021-01-01T00:00:00+00:00
[2022-01-22 12:59:19,265] {processor.py:171} INFO - Processing /home/airflow/.local/lib/python3.7/site-packages/airflow/example_dags/example_xcom.py took 2.666 seconds
[2022-01-22 12:59:50,099] {processor.py:163} INFO - Started process (PID=274) to work on /home/airflow/.local/lib/python3.7/site-packages/airflow/example_dags/example_xcom.py
[2022-01-22 12:59:50,102] {processor.py:625} INFO - Processing file /home/airflow/.local/lib/python3.7/site-packages/airflow/example_dags/example_xcom.py for tasks to queue
[2022-01-22 12:59:50,104] {logging_mixin.py:109} INFO - [2022-01-22 12:59:50,104] {dagbag.py:500} INFO - Filling up the DagBag from /home/airflow/.local/lib/python3.7/site-packages/airflow/example_dags/example_xcom.py
[2022-01-22 12:59:50,155] {processor.py:637} INFO - DAG(s) dict_keys(['example_xcom']) retrieved from /home/airflow/.local/lib/python3.7/site-packages/airflow/example_dags/example_xcom.py
[2022-01-22 12:59:50,640] {logging_mixin.py:109} INFO - [2022-01-22 12:59:50,640] {dag.py:2396} INFO - Sync 1 DAGs
[2022-01-22 12:59:50,661] {logging_mixin.py:109} INFO - [2022-01-22 12:59:50,661] {dag.py:2928} INFO - Setting next_dagrun for example_xcom to 2021-01-01T00:00:00+00:00
[2022-01-22 12:59:50,682] {processor.py:171} INFO - Processing /home/airflow/.local/lib/python3.7/site-packages/airflow/example_dags/example_xcom.py took 0.589 seconds
[2022-01-22 13:00:20,762] {processor.py:163} INFO - Started process (PID=335) to work on /home/airflow/.local/lib/python3.7/site-packages/airflow/example_dags/example_xcom.py
[2022-01-22 13:00:20,765] {processor.py:625} INFO - Processing file /home/airflow/.local/lib/python3.7/site-packages/airflow/example_dags/example_xcom.py for tasks to queue
[2022-01-22 13:00:20,768] {logging_mixin.py:109} INFO - [2022-01-22 13:00:20,768] {dagbag.py:500} INFO - Filling up the DagBag from /home/airflow/.local/lib/python3.7/site-packages/airflow/example_dags/example_xcom.py
[2022-01-22 13:00:20,825] {processor.py:637} INFO - DAG(s) dict_keys(['example_xcom']) retrieved from /home/airflow/.local/lib/python3.7/site-packages/airflow/example_dags/example_xcom.py
[2022-01-22 13:00:21,258] {logging_mixin.py:109} INFO - [2022-01-22 13:00:21,258] {dag.py:2396} INFO - Sync 1 DAGs
[2022-01-22 13:00:21,287] {logging_mixin.py:109} INFO - [2022-01-22 13:00:21,287] {dag.py:2928} INFO - Setting next_dagrun for example_xcom to 2021-01-01T00:00:00+00:00
[2022-01-22 13:00:21,312] {processor.py:171} INFO - Processing /home/airflow/.local/lib/python3.7/site-packages/airflow/example_dags/example_xcom.py took 0.565 seconds
[2022-01-22 13:00:51,651] {processor.py:163} INFO - Started process (PID=395) to work on /home/airflow/.local/lib/python3.7/site-packages/airflow/example_dags/example_xcom.py
[2022-01-22 13:00:51,653] {processor.py:625} INFO - Processing file /home/airflow/.local/lib/python3.7/site-packages/airflow/example_dags/example_xcom.py for tasks to queue
[2022-01-22 13:00:51,654] {logging_mixin.py:109} INFO - [2022-01-22 13:00:51,654] {dagbag.py:500} INFO - Filling up the DagBag from /home/airflow/.local/lib/python3.7/site-packages/airflow/example_dags/example_xcom.py
[2022-01-22 13:00:51,714] {processor.py:637} INFO - DAG(s) dict_keys(['example_xcom']) retrieved from /home/airflow/.local/lib/python3.7/site-packages/airflow/example_dags/example_xcom.py
[2022-01-22 13:00:52,350] {logging_mixin.py:109} INFO - [2022-01-22 13:00:52,350] {dag.py:2396} INFO - Sync 1 DAGs
[2022-01-22 13:00:52,369] {logging_mixin.py:109} INFO - [2022-01-22 13:00:52,369] {dag.py:2928} INFO - Setting next_dagrun for example_xcom to 2021-01-01T00:00:00+00:00
[2022-01-22 13:00:52,387] {processor.py:171} INFO - Processing /home/airflow/.local/lib/python3.7/site-packages/airflow/example_dags/example_xcom.py took 0.741 seconds
[2022-01-22 13:01:22,855] {processor.py:163} INFO - Started process (PID=456) to work on /home/airflow/.local/lib/python3.7/site-packages/airflow/example_dags/example_xcom.py
[2022-01-22 13:01:22,857] {processor.py:625} INFO - Processing file /home/airflow/.local/lib/python3.7/site-packages/airflow/example_dags/example_xcom.py for tasks to queue
[2022-01-22 13:01:22,859] {logging_mixin.py:109} INFO - [2022-01-22 13:01:22,858] {dagbag.py:500} INFO - Filling up the DagBag from /home/airflow/.local/lib/python3.7/site-packages/airflow/example_dags/example_xcom.py
[2022-01-22 13:01:22,916] {processor.py:637} INFO - DAG(s) dict_keys(['example_xcom']) retrieved from /home/airflow/.local/lib/python3.7/site-packages/airflow/example_dags/example_xcom.py
[2022-01-22 13:01:23,545] {logging_mixin.py:109} INFO - [2022-01-22 13:01:23,545] {dag.py:2396} INFO - Sync 1 DAGs
[2022-01-22 13:01:23,574] {logging_mixin.py:109} INFO - [2022-01-22 13:01:23,574] {dag.py:2928} INFO - Setting next_dagrun for example_xcom to 2021-01-01T00:00:00+00:00
[2022-01-22 13:01:23,593] {processor.py:171} INFO - Processing /home/airflow/.local/lib/python3.7/site-packages/airflow/example_dags/example_xcom.py took 0.744 seconds
[2022-01-22 13:01:53,736] {processor.py:163} INFO - Started process (PID=518) to work on /home/airflow/.local/lib/python3.7/site-packages/airflow/example_dags/example_xcom.py
[2022-01-22 13:01:53,742] {processor.py:625} INFO - Processing file /home/airflow/.local/lib/python3.7/site-packages/airflow/example_dags/example_xcom.py for tasks to queue
[2022-01-22 13:01:53,744] {logging_mixin.py:109} INFO - [2022-01-22 13:01:53,743] {dagbag.py:500} INFO - Filling up the DagBag from /home/airflow/.local/lib/python3.7/site-packages/airflow/example_dags/example_xcom.py
[2022-01-22 13:01:53,831] {processor.py:637} INFO - DAG(s) dict_keys(['example_xcom']) retrieved from /home/airflow/.local/lib/python3.7/site-packages/airflow/example_dags/example_xcom.py
[2022-01-22 13:01:54,504] {logging_mixin.py:109} INFO - [2022-01-22 13:01:54,504] {dag.py:2396} INFO - Sync 1 DAGs
[2022-01-22 13:01:54,528] {logging_mixin.py:109} INFO - [2022-01-22 13:01:54,528] {dag.py:2928} INFO - Setting next_dagrun for example_xcom to 2021-01-01T00:00:00+00:00
[2022-01-22 13:01:54,548] {processor.py:171} INFO - Processing /home/airflow/.local/lib/python3.7/site-packages/airflow/example_dags/example_xcom.py took 0.822 seconds
[2022-01-22 13:02:25,369] {processor.py:163} INFO - Started process (PID=578) to work on /home/airflow/.local/lib/python3.7/site-packages/airflow/example_dags/example_xcom.py
[2022-01-22 13:02:25,371] {processor.py:625} INFO - Processing file /home/airflow/.local/lib/python3.7/site-packages/airflow/example_dags/example_xcom.py for tasks to queue
[2022-01-22 13:02:25,374] {logging_mixin.py:109} INFO - [2022-01-22 13:02:25,373] {dagbag.py:500} INFO - Filling up the DagBag from /home/airflow/.local/lib/python3.7/site-packages/airflow/example_dags/example_xcom.py
[2022-01-22 13:02:25,418] {processor.py:637} INFO - DAG(s) dict_keys(['example_xcom']) retrieved from /home/airflow/.local/lib/python3.7/site-packages/airflow/example_dags/example_xcom.py
[2022-01-22 13:02:25,842] {logging_mixin.py:109} INFO - [2022-01-22 13:02:25,842] {dag.py:2396} INFO - Sync 1 DAGs
[2022-01-22 13:02:25,867] {logging_mixin.py:109} INFO - [2022-01-22 13:02:25,867] {dag.py:2928} INFO - Setting next_dagrun for example_xcom to 2021-01-01T00:00:00+00:00
[2022-01-22 13:02:25,882] {processor.py:171} INFO - Processing /home/airflow/.local/lib/python3.7/site-packages/airflow/example_dags/example_xcom.py took 0.520 seconds
[2022-01-22 13:02:56,638] {processor.py:163} INFO - Started process (PID=639) to work on /home/airflow/.local/lib/python3.7/site-packages/airflow/example_dags/example_xcom.py
[2022-01-22 13:02:56,641] {processor.py:625} INFO - Processing file /home/airflow/.local/lib/python3.7/site-packages/airflow/example_dags/example_xcom.py for tasks to queue
[2022-01-22 13:02:56,642] {logging_mixin.py:109} INFO - [2022-01-22 13:02:56,642] {dagbag.py:500} INFO - Filling up the DagBag from /home/airflow/.local/lib/python3.7/site-packages/airflow/example_dags/example_xcom.py
[2022-01-22 13:02:56,695] {processor.py:637} INFO - DAG(s) dict_keys(['example_xcom']) retrieved from /home/airflow/.local/lib/python3.7/site-packages/airflow/example_dags/example_xcom.py
[2022-01-22 13:02:57,157] {logging_mixin.py:109} INFO - [2022-01-22 13:02:57,157] {dag.py:2396} INFO - Sync 1 DAGs
[2022-01-22 13:02:57,178] {logging_mixin.py:109} INFO - [2022-01-22 13:02:57,178] {dag.py:2928} INFO - Setting next_dagrun for example_xcom to 2021-01-01T00:00:00+00:00
[2022-01-22 13:02:57,197] {processor.py:171} INFO - Processing /home/airflow/.local/lib/python3.7/site-packages/airflow/example_dags/example_xcom.py took 0.564 seconds
[2022-01-22 13:03:27,551] {processor.py:163} INFO - Started process (PID=701) to work on /home/airflow/.local/lib/python3.7/site-packages/airflow/example_dags/example_xcom.py
[2022-01-22 13:03:27,553] {processor.py:625} INFO - Processing file /home/airflow/.local/lib/python3.7/site-packages/airflow/example_dags/example_xcom.py for tasks to queue
[2022-01-22 13:03:27,554] {logging_mixin.py:109} INFO - [2022-01-22 13:03:27,553] {dagbag.py:500} INFO - Filling up the DagBag from /home/airflow/.local/lib/python3.7/site-packages/airflow/example_dags/example_xcom.py
[2022-01-22 13:03:27,592] {processor.py:637} INFO - DAG(s) dict_keys(['example_xcom']) retrieved from /home/airflow/.local/lib/python3.7/site-packages/airflow/example_dags/example_xcom.py
[2022-01-22 13:03:28,142] {logging_mixin.py:109} INFO - [2022-01-22 13:03:28,142] {dag.py:2396} INFO - Sync 1 DAGs
[2022-01-22 13:03:28,175] {logging_mixin.py:109} INFO - [2022-01-22 13:03:28,175] {dag.py:2928} INFO - Setting next_dagrun for example_xcom to 2021-01-01T00:00:00+00:00
[2022-01-22 13:03:28,217] {processor.py:171} INFO - Processing /home/airflow/.local/lib/python3.7/site-packages/airflow/example_dags/example_xcom.py took 0.670 seconds
[2022-01-22 13:03:58,683] {processor.py:163} INFO - Started process (PID=762) to work on /home/airflow/.local/lib/python3.7/site-packages/airflow/example_dags/example_xcom.py
[2022-01-22 13:03:58,687] {processor.py:625} INFO - Processing file /home/airflow/.local/lib/python3.7/site-packages/airflow/example_dags/example_xcom.py for tasks to queue
[2022-01-22 13:03:58,690] {logging_mixin.py:109} INFO - [2022-01-22 13:03:58,689] {dagbag.py:500} INFO - Filling up the DagBag from /home/airflow/.local/lib/python3.7/site-packages/airflow/example_dags/example_xcom.py
[2022-01-22 13:03:58,775] {processor.py:637} INFO - DAG(s) dict_keys(['example_xcom']) retrieved from /home/airflow/.local/lib/python3.7/site-packages/airflow/example_dags/example_xcom.py
[2022-01-22 13:03:59,216] {logging_mixin.py:109} INFO - [2022-01-22 13:03:59,216] {dag.py:2396} INFO - Sync 1 DAGs
[2022-01-22 13:03:59,232] {logging_mixin.py:109} INFO - [2022-01-22 13:03:59,232] {dag.py:2928} INFO - Setting next_dagrun for example_xcom to 2021-01-01T00:00:00+00:00
[2022-01-22 13:03:59,278] {processor.py:171} INFO - Processing /home/airflow/.local/lib/python3.7/site-packages/airflow/example_dags/example_xcom.py took 0.606 seconds
[2022-01-22 13:04:29,541] {processor.py:163} INFO - Started process (PID=823) to work on /home/airflow/.local/lib/python3.7/site-packages/airflow/example_dags/example_xcom.py
[2022-01-22 13:04:29,543] {processor.py:625} INFO - Processing file /home/airflow/.local/lib/python3.7/site-packages/airflow/example_dags/example_xcom.py for tasks to queue
[2022-01-22 13:04:29,544] {logging_mixin.py:109} INFO - [2022-01-22 13:04:29,544] {dagbag.py:500} INFO - Filling up the DagBag from /home/airflow/.local/lib/python3.7/site-packages/airflow/example_dags/example_xcom.py
[2022-01-22 13:04:29,581] {processor.py:637} INFO - DAG(s) dict_keys(['example_xcom']) retrieved from /home/airflow/.local/lib/python3.7/site-packages/airflow/example_dags/example_xcom.py
[2022-01-22 13:04:29,982] {logging_mixin.py:109} INFO - [2022-01-22 13:04:29,982] {dag.py:2396} INFO - Sync 1 DAGs
[2022-01-22 13:04:29,998] {logging_mixin.py:109} INFO - [2022-01-22 13:04:29,998] {dag.py:2928} INFO - Setting next_dagrun for example_xcom to 2021-01-01T00:00:00+00:00
[2022-01-22 13:04:30,033] {processor.py:171} INFO - Processing /home/airflow/.local/lib/python3.7/site-packages/airflow/example_dags/example_xcom.py took 0.496 seconds
[2022-01-22 13:05:00,244] {processor.py:163} INFO - Started process (PID=883) to work on /home/airflow/.local/lib/python3.7/site-packages/airflow/example_dags/example_xcom.py
[2022-01-22 13:05:00,247] {processor.py:625} INFO - Processing file /home/airflow/.local/lib/python3.7/site-packages/airflow/example_dags/example_xcom.py for tasks to queue
[2022-01-22 13:05:00,248] {logging_mixin.py:109} INFO - [2022-01-22 13:05:00,248] {dagbag.py:500} INFO - Filling up the DagBag from /home/airflow/.local/lib/python3.7/site-packages/airflow/example_dags/example_xcom.py
[2022-01-22 13:05:00,314] {processor.py:637} INFO - DAG(s) dict_keys(['example_xcom']) retrieved from /home/airflow/.local/lib/python3.7/site-packages/airflow/example_dags/example_xcom.py
[2022-01-22 13:05:01,014] {logging_mixin.py:109} INFO - [2022-01-22 13:05:01,014] {dag.py:2396} INFO - Sync 1 DAGs
[2022-01-22 13:05:01,037] {logging_mixin.py:109} INFO - [2022-01-22 13:05:01,037] {dag.py:2928} INFO - Setting next_dagrun for example_xcom to 2021-01-01T00:00:00+00:00
[2022-01-22 13:05:01,053] {processor.py:171} INFO - Processing /home/airflow/.local/lib/python3.7/site-packages/airflow/example_dags/example_xcom.py took 0.813 seconds
[2022-01-22 13:05:31,305] {processor.py:163} INFO - Started process (PID=952) to work on /home/airflow/.local/lib/python3.7/site-packages/airflow/example_dags/example_xcom.py
[2022-01-22 13:05:31,307] {processor.py:625} INFO - Processing file /home/airflow/.local/lib/python3.7/site-packages/airflow/example_dags/example_xcom.py for tasks to queue
[2022-01-22 13:05:31,309] {logging_mixin.py:109} INFO - [2022-01-22 13:05:31,308] {dagbag.py:500} INFO - Filling up the DagBag from /home/airflow/.local/lib/python3.7/site-packages/airflow/example_dags/example_xcom.py
[2022-01-22 13:05:31,364] {processor.py:637} INFO - DAG(s) dict_keys(['example_xcom']) retrieved from /home/airflow/.local/lib/python3.7/site-packages/airflow/example_dags/example_xcom.py
[2022-01-22 13:05:31,761] {logging_mixin.py:109} INFO - [2022-01-22 13:05:31,761] {dag.py:2396} INFO - Sync 1 DAGs
[2022-01-22 13:05:31,779] {logging_mixin.py:109} INFO - [2022-01-22 13:05:31,778] {dag.py:2928} INFO - Setting next_dagrun for example_xcom to 2021-01-01T00:00:00+00:00
[2022-01-22 13:05:31,792] {processor.py:171} INFO - Processing /home/airflow/.local/lib/python3.7/site-packages/airflow/example_dags/example_xcom.py took 0.494 seconds
[2022-01-22 13:06:02,363] {processor.py:163} INFO - Started process (PID=1014) to work on /home/airflow/.local/lib/python3.7/site-packages/airflow/example_dags/example_xcom.py
[2022-01-22 13:06:02,368] {processor.py:625} INFO - Processing file /home/airflow/.local/lib/python3.7/site-packages/airflow/example_dags/example_xcom.py for tasks to queue
[2022-01-22 13:06:02,371] {logging_mixin.py:109} INFO - [2022-01-22 13:06:02,371] {dagbag.py:500} INFO - Filling up the DagBag from /home/airflow/.local/lib/python3.7/site-packages/airflow/example_dags/example_xcom.py
[2022-01-22 13:06:02,475] {processor.py:637} INFO - DAG(s) dict_keys(['example_xcom']) retrieved from /home/airflow/.local/lib/python3.7/site-packages/airflow/example_dags/example_xcom.py
[2022-01-22 13:06:02,973] {logging_mixin.py:109} INFO - [2022-01-22 13:06:02,973] {dag.py:2396} INFO - Sync 1 DAGs
[2022-01-22 13:06:03,006] {logging_mixin.py:109} INFO - [2022-01-22 13:06:03,005] {dag.py:2928} INFO - Setting next_dagrun for example_xcom to 2021-01-01T00:00:00+00:00
[2022-01-22 13:06:03,031] {processor.py:171} INFO - Processing /home/airflow/.local/lib/python3.7/site-packages/airflow/example_dags/example_xcom.py took 0.679 seconds
[2022-01-22 13:06:33,629] {processor.py:163} INFO - Started process (PID=1076) to work on /home/airflow/.local/lib/python3.7/site-packages/airflow/example_dags/example_xcom.py
[2022-01-22 13:06:33,634] {processor.py:625} INFO - Processing file /home/airflow/.local/lib/python3.7/site-packages/airflow/example_dags/example_xcom.py for tasks to queue
[2022-01-22 13:06:33,637] {logging_mixin.py:109} INFO - [2022-01-22 13:06:33,637] {dagbag.py:500} INFO - Filling up the DagBag from /home/airflow/.local/lib/python3.7/site-packages/airflow/example_dags/example_xcom.py
[2022-01-22 13:06:33,748] {processor.py:637} INFO - DAG(s) dict_keys(['example_xcom']) retrieved from /home/airflow/.local/lib/python3.7/site-packages/airflow/example_dags/example_xcom.py
[2022-01-22 13:06:34,296] {logging_mixin.py:109} INFO - [2022-01-22 13:06:34,295] {dag.py:2396} INFO - Sync 1 DAGs
[2022-01-22 13:06:34,316] {logging_mixin.py:109} INFO - [2022-01-22 13:06:34,316] {dag.py:2928} INFO - Setting next_dagrun for example_xcom to 2021-01-01T00:00:00+00:00
[2022-01-22 13:06:34,334] {processor.py:171} INFO - Processing /home/airflow/.local/lib/python3.7/site-packages/airflow/example_dags/example_xcom.py took 0.718 seconds
[2022-01-22 13:07:04,588] {processor.py:163} INFO - Started process (PID=1137) to work on /home/airflow/.local/lib/python3.7/site-packages/airflow/example_dags/example_xcom.py
[2022-01-22 13:07:04,594] {processor.py:625} INFO - Processing file /home/airflow/.local/lib/python3.7/site-packages/airflow/example_dags/example_xcom.py for tasks to queue
[2022-01-22 13:07:04,598] {logging_mixin.py:109} INFO - [2022-01-22 13:07:04,597] {dagbag.py:500} INFO - Filling up the DagBag from /home/airflow/.local/lib/python3.7/site-packages/airflow/example_dags/example_xcom.py
[2022-01-22 13:07:04,721] {processor.py:637} INFO - DAG(s) dict_keys(['example_xcom']) retrieved from /home/airflow/.local/lib/python3.7/site-packages/airflow/example_dags/example_xcom.py
[2022-01-22 13:07:05,402] {logging_mixin.py:109} INFO - [2022-01-22 13:07:05,402] {dag.py:2396} INFO - Sync 1 DAGs
[2022-01-22 13:07:05,435] {logging_mixin.py:109} INFO - [2022-01-22 13:07:05,434] {dag.py:2928} INFO - Setting next_dagrun for example_xcom to 2021-01-01T00:00:00+00:00
[2022-01-22 13:07:05,458] {processor.py:171} INFO - Processing /home/airflow/.local/lib/python3.7/site-packages/airflow/example_dags/example_xcom.py took 0.881 seconds
[2022-01-22 13:07:35,904] {processor.py:163} INFO - Started process (PID=1200) to work on /home/airflow/.local/lib/python3.7/site-packages/airflow/example_dags/example_xcom.py
[2022-01-22 13:07:35,908] {processor.py:625} INFO - Processing file /home/airflow/.local/lib/python3.7/site-packages/airflow/example_dags/example_xcom.py for tasks to queue
[2022-01-22 13:07:35,910] {logging_mixin.py:109} INFO - [2022-01-22 13:07:35,910] {dagbag.py:500} INFO - Filling up the DagBag from /home/airflow/.local/lib/python3.7/site-packages/airflow/example_dags/example_xcom.py
[2022-01-22 13:07:35,978] {processor.py:637} INFO - DAG(s) dict_keys(['example_xcom']) retrieved from /home/airflow/.local/lib/python3.7/site-packages/airflow/example_dags/example_xcom.py
[2022-01-22 13:07:36,734] {logging_mixin.py:109} INFO - [2022-01-22 13:07:36,733] {dag.py:2396} INFO - Sync 1 DAGs
[2022-01-22 13:07:36,782] {logging_mixin.py:109} INFO - [2022-01-22 13:07:36,781] {dag.py:2928} INFO - Setting next_dagrun for example_xcom to 2021-01-01T00:00:00+00:00
[2022-01-22 13:07:36,812] {processor.py:171} INFO - Processing /home/airflow/.local/lib/python3.7/site-packages/airflow/example_dags/example_xcom.py took 0.915 seconds
[2022-01-22 13:08:07,606] {processor.py:163} INFO - Started process (PID=1271) to work on /home/airflow/.local/lib/python3.7/site-packages/airflow/example_dags/example_xcom.py
[2022-01-22 13:08:07,609] {processor.py:625} INFO - Processing file /home/airflow/.local/lib/python3.7/site-packages/airflow/example_dags/example_xcom.py for tasks to queue
[2022-01-22 13:08:07,611] {logging_mixin.py:109} INFO - [2022-01-22 13:08:07,611] {dagbag.py:500} INFO - Filling up the DagBag from /home/airflow/.local/lib/python3.7/site-packages/airflow/example_dags/example_xcom.py
[2022-01-22 13:08:07,684] {processor.py:637} INFO - DAG(s) dict_keys(['example_xcom']) retrieved from /home/airflow/.local/lib/python3.7/site-packages/airflow/example_dags/example_xcom.py
[2022-01-22 13:08:08,186] {logging_mixin.py:109} INFO - [2022-01-22 13:08:08,186] {dag.py:2396} INFO - Sync 1 DAGs
[2022-01-22 13:08:08,203] {logging_mixin.py:109} INFO - [2022-01-22 13:08:08,203] {dag.py:2928} INFO - Setting next_dagrun for example_xcom to 2021-01-01T00:00:00+00:00
[2022-01-22 13:08:08,217] {processor.py:171} INFO - Processing /home/airflow/.local/lib/python3.7/site-packages/airflow/example_dags/example_xcom.py took 0.617 seconds
[2022-01-22 13:08:39,076] {processor.py:163} INFO - Started process (PID=1332) to work on /home/airflow/.local/lib/python3.7/site-packages/airflow/example_dags/example_xcom.py
[2022-01-22 13:08:39,080] {processor.py:625} INFO - Processing file /home/airflow/.local/lib/python3.7/site-packages/airflow/example_dags/example_xcom.py for tasks to queue
[2022-01-22 13:08:39,083] {logging_mixin.py:109} INFO - [2022-01-22 13:08:39,082] {dagbag.py:500} INFO - Filling up the DagBag from /home/airflow/.local/lib/python3.7/site-packages/airflow/example_dags/example_xcom.py
[2022-01-22 13:08:39,285] {processor.py:637} INFO - DAG(s) dict_keys(['example_xcom']) retrieved from /home/airflow/.local/lib/python3.7/site-packages/airflow/example_dags/example_xcom.py
[2022-01-22 13:08:39,689] {logging_mixin.py:109} INFO - [2022-01-22 13:08:39,689] {dag.py:2396} INFO - Sync 1 DAGs
[2022-01-22 13:08:39,720] {logging_mixin.py:109} INFO - [2022-01-22 13:08:39,720] {dag.py:2928} INFO - Setting next_dagrun for example_xcom to 2021-01-01T00:00:00+00:00
[2022-01-22 13:08:39,747] {processor.py:171} INFO - Processing /home/airflow/.local/lib/python3.7/site-packages/airflow/example_dags/example_xcom.py took 0.683 seconds
[2022-01-22 13:09:10,038] {processor.py:163} INFO - Started process (PID=1396) to work on /home/airflow/.local/lib/python3.7/site-packages/airflow/example_dags/example_xcom.py
[2022-01-22 13:09:10,043] {processor.py:625} INFO - Processing file /home/airflow/.local/lib/python3.7/site-packages/airflow/example_dags/example_xcom.py for tasks to queue
[2022-01-22 13:09:10,047] {logging_mixin.py:109} INFO - [2022-01-22 13:09:10,047] {dagbag.py:500} INFO - Filling up the DagBag from /home/airflow/.local/lib/python3.7/site-packages/airflow/example_dags/example_xcom.py
[2022-01-22 13:09:10,283] {processor.py:637} INFO - DAG(s) dict_keys(['example_xcom']) retrieved from /home/airflow/.local/lib/python3.7/site-packages/airflow/example_dags/example_xcom.py
[2022-01-22 13:09:10,663] {logging_mixin.py:109} INFO - [2022-01-22 13:09:10,663] {dag.py:2396} INFO - Sync 1 DAGs
[2022-01-22 13:09:10,694] {logging_mixin.py:109} INFO - [2022-01-22 13:09:10,694] {dag.py:2928} INFO - Setting next_dagrun for example_xcom to 2021-01-01T00:00:00+00:00
[2022-01-22 13:09:10,720] {processor.py:171} INFO - Processing /home/airflow/.local/lib/python3.7/site-packages/airflow/example_dags/example_xcom.py took 0.694 seconds
[2022-01-22 13:09:40,898] {processor.py:163} INFO - Started process (PID=1457) to work on /home/airflow/.local/lib/python3.7/site-packages/airflow/example_dags/example_xcom.py
[2022-01-22 13:09:40,903] {processor.py:625} INFO - Processing file /home/airflow/.local/lib/python3.7/site-packages/airflow/example_dags/example_xcom.py for tasks to queue
[2022-01-22 13:09:40,906] {logging_mixin.py:109} INFO - [2022-01-22 13:09:40,906] {dagbag.py:500} INFO - Filling up the DagBag from /home/airflow/.local/lib/python3.7/site-packages/airflow/example_dags/example_xcom.py
[2022-01-22 13:09:41,206] {processor.py:637} INFO - DAG(s) dict_keys(['example_xcom']) retrieved from /home/airflow/.local/lib/python3.7/site-packages/airflow/example_dags/example_xcom.py
[2022-01-22 13:09:41,558] {logging_mixin.py:109} INFO - [2022-01-22 13:09:41,558] {dag.py:2396} INFO - Sync 1 DAGs
[2022-01-22 13:09:41,584] {logging_mixin.py:109} INFO - [2022-01-22 13:09:41,584] {dag.py:2928} INFO - Setting next_dagrun for example_xcom to 2021-01-01T00:00:00+00:00
[2022-01-22 13:09:41,604] {processor.py:171} INFO - Processing /home/airflow/.local/lib/python3.7/site-packages/airflow/example_dags/example_xcom.py took 0.719 seconds
[2022-01-22 13:10:11,780] {processor.py:163} INFO - Started process (PID=1518) to work on /home/airflow/.local/lib/python3.7/site-packages/airflow/example_dags/example_xcom.py
[2022-01-22 13:10:11,785] {processor.py:625} INFO - Processing file /home/airflow/.local/lib/python3.7/site-packages/airflow/example_dags/example_xcom.py for tasks to queue
[2022-01-22 13:10:11,789] {logging_mixin.py:109} INFO - [2022-01-22 13:10:11,789] {dagbag.py:500} INFO - Filling up the DagBag from /home/airflow/.local/lib/python3.7/site-packages/airflow/example_dags/example_xcom.py
[2022-01-22 13:10:12,112] {processor.py:637} INFO - DAG(s) dict_keys(['example_xcom']) retrieved from /home/airflow/.local/lib/python3.7/site-packages/airflow/example_dags/example_xcom.py
[2022-01-22 13:10:12,519] {logging_mixin.py:109} INFO - [2022-01-22 13:10:12,519] {dag.py:2396} INFO - Sync 1 DAGs
[2022-01-22 13:10:12,539] {logging_mixin.py:109} INFO - [2022-01-22 13:10:12,539] {dag.py:2928} INFO - Setting next_dagrun for example_xcom to 2021-01-01T00:00:00+00:00
[2022-01-22 13:10:12,556] {processor.py:171} INFO - Processing /home/airflow/.local/lib/python3.7/site-packages/airflow/example_dags/example_xcom.py took 0.788 seconds
[2022-01-22 13:10:43,063] {processor.py:163} INFO - Started process (PID=1579) to work on /home/airflow/.local/lib/python3.7/site-packages/airflow/example_dags/example_xcom.py
[2022-01-22 13:10:43,071] {processor.py:625} INFO - Processing file /home/airflow/.local/lib/python3.7/site-packages/airflow/example_dags/example_xcom.py for tasks to queue
[2022-01-22 13:10:43,075] {logging_mixin.py:109} INFO - [2022-01-22 13:10:43,075] {dagbag.py:500} INFO - Filling up the DagBag from /home/airflow/.local/lib/python3.7/site-packages/airflow/example_dags/example_xcom.py
[2022-01-22 13:10:43,198] {processor.py:637} INFO - DAG(s) dict_keys(['example_xcom']) retrieved from /home/airflow/.local/lib/python3.7/site-packages/airflow/example_dags/example_xcom.py
[2022-01-22 13:10:44,147] {logging_mixin.py:109} INFO - [2022-01-22 13:10:44,146] {dag.py:2396} INFO - Sync 1 DAGs
[2022-01-22 13:10:44,178] {logging_mixin.py:109} INFO - [2022-01-22 13:10:44,177] {dag.py:2928} INFO - Setting next_dagrun for example_xcom to 2021-01-01T00:00:00+00:00
[2022-01-22 13:10:44,193] {processor.py:171} INFO - Processing /home/airflow/.local/lib/python3.7/site-packages/airflow/example_dags/example_xcom.py took 1.149 seconds
[2022-01-22 13:11:14,786] {processor.py:163} INFO - Started process (PID=1650) to work on /home/airflow/.local/lib/python3.7/site-packages/airflow/example_dags/example_xcom.py
[2022-01-22 13:11:14,789] {processor.py:625} INFO - Processing file /home/airflow/.local/lib/python3.7/site-packages/airflow/example_dags/example_xcom.py for tasks to queue
[2022-01-22 13:11:14,791] {logging_mixin.py:109} INFO - [2022-01-22 13:11:14,790] {dagbag.py:500} INFO - Filling up the DagBag from /home/airflow/.local/lib/python3.7/site-packages/airflow/example_dags/example_xcom.py
[2022-01-22 13:11:14,848] {processor.py:637} INFO - DAG(s) dict_keys(['example_xcom']) retrieved from /home/airflow/.local/lib/python3.7/site-packages/airflow/example_dags/example_xcom.py
[2022-01-22 13:11:15,228] {logging_mixin.py:109} INFO - [2022-01-22 13:11:15,227] {dag.py:2396} INFO - Sync 1 DAGs
[2022-01-22 13:11:15,252] {logging_mixin.py:109} INFO - [2022-01-22 13:11:15,252] {dag.py:2928} INFO - Setting next_dagrun for example_xcom to 2021-01-01T00:00:00+00:00
[2022-01-22 13:11:15,273] {processor.py:171} INFO - Processing /home/airflow/.local/lib/python3.7/site-packages/airflow/example_dags/example_xcom.py took 0.494 seconds
[2022-01-22 13:11:45,777] {processor.py:163} INFO - Started process (PID=1713) to work on /home/airflow/.local/lib/python3.7/site-packages/airflow/example_dags/example_xcom.py
[2022-01-22 13:11:45,779] {processor.py:625} INFO - Processing file /home/airflow/.local/lib/python3.7/site-packages/airflow/example_dags/example_xcom.py for tasks to queue
[2022-01-22 13:11:45,780] {logging_mixin.py:109} INFO - [2022-01-22 13:11:45,780] {dagbag.py:500} INFO - Filling up the DagBag from /home/airflow/.local/lib/python3.7/site-packages/airflow/example_dags/example_xcom.py
[2022-01-22 13:11:45,832] {processor.py:637} INFO - DAG(s) dict_keys(['example_xcom']) retrieved from /home/airflow/.local/lib/python3.7/site-packages/airflow/example_dags/example_xcom.py
[2022-01-22 13:11:46,194] {logging_mixin.py:109} INFO - [2022-01-22 13:11:46,194] {dag.py:2396} INFO - Sync 1 DAGs
[2022-01-22 13:11:46,219] {logging_mixin.py:109} INFO - [2022-01-22 13:11:46,219] {dag.py:2928} INFO - Setting next_dagrun for example_xcom to 2021-01-01T00:00:00+00:00
[2022-01-22 13:11:46,239] {processor.py:171} INFO - Processing /home/airflow/.local/lib/python3.7/site-packages/airflow/example_dags/example_xcom.py took 0.469 seconds
[2022-01-22 13:12:16,586] {processor.py:163} INFO - Started process (PID=1775) to work on /home/airflow/.local/lib/python3.7/site-packages/airflow/example_dags/example_xcom.py
[2022-01-22 13:12:16,592] {processor.py:625} INFO - Processing file /home/airflow/.local/lib/python3.7/site-packages/airflow/example_dags/example_xcom.py for tasks to queue
[2022-01-22 13:12:16,595] {logging_mixin.py:109} INFO - [2022-01-22 13:12:16,594] {dagbag.py:500} INFO - Filling up the DagBag from /home/airflow/.local/lib/python3.7/site-packages/airflow/example_dags/example_xcom.py
[2022-01-22 13:12:16,701] {processor.py:637} INFO - DAG(s) dict_keys(['example_xcom']) retrieved from /home/airflow/.local/lib/python3.7/site-packages/airflow/example_dags/example_xcom.py
[2022-01-22 13:12:17,261] {logging_mixin.py:109} INFO - [2022-01-22 13:12:17,261] {dag.py:2396} INFO - Sync 1 DAGs
[2022-01-22 13:12:17,296] {logging_mixin.py:109} INFO - [2022-01-22 13:12:17,296] {dag.py:2928} INFO - Setting next_dagrun for example_xcom to 2021-01-01T00:00:00+00:00
[2022-01-22 13:12:17,323] {processor.py:171} INFO - Processing /home/airflow/.local/lib/python3.7/site-packages/airflow/example_dags/example_xcom.py took 0.749 seconds
[2022-01-22 13:12:47,684] {processor.py:163} INFO - Started process (PID=1836) to work on /home/airflow/.local/lib/python3.7/site-packages/airflow/example_dags/example_xcom.py
[2022-01-22 13:12:47,689] {processor.py:625} INFO - Processing file /home/airflow/.local/lib/python3.7/site-packages/airflow/example_dags/example_xcom.py for tasks to queue
[2022-01-22 13:12:47,692] {logging_mixin.py:109} INFO - [2022-01-22 13:12:47,692] {dagbag.py:500} INFO - Filling up the DagBag from /home/airflow/.local/lib/python3.7/site-packages/airflow/example_dags/example_xcom.py
[2022-01-22 13:12:47,810] {processor.py:637} INFO - DAG(s) dict_keys(['example_xcom']) retrieved from /home/airflow/.local/lib/python3.7/site-packages/airflow/example_dags/example_xcom.py
[2022-01-22 13:12:48,613] {logging_mixin.py:109} INFO - [2022-01-22 13:12:48,613] {dag.py:2396} INFO - Sync 1 DAGs
[2022-01-22 13:12:48,647] {logging_mixin.py:109} INFO - [2022-01-22 13:12:48,647] {dag.py:2928} INFO - Setting next_dagrun for example_xcom to 2021-01-01T00:00:00+00:00
[2022-01-22 13:12:48,672] {processor.py:171} INFO - Processing /home/airflow/.local/lib/python3.7/site-packages/airflow/example_dags/example_xcom.py took 1.001 seconds
[2022-01-22 13:13:19,509] {processor.py:163} INFO - Started process (PID=1899) to work on /home/airflow/.local/lib/python3.7/site-packages/airflow/example_dags/example_xcom.py
[2022-01-22 13:13:19,512] {processor.py:625} INFO - Processing file /home/airflow/.local/lib/python3.7/site-packages/airflow/example_dags/example_xcom.py for tasks to queue
[2022-01-22 13:13:19,513] {logging_mixin.py:109} INFO - [2022-01-22 13:13:19,513] {dagbag.py:500} INFO - Filling up the DagBag from /home/airflow/.local/lib/python3.7/site-packages/airflow/example_dags/example_xcom.py
[2022-01-22 13:13:19,560] {processor.py:637} INFO - DAG(s) dict_keys(['example_xcom']) retrieved from /home/airflow/.local/lib/python3.7/site-packages/airflow/example_dags/example_xcom.py
[2022-01-22 13:13:19,890] {logging_mixin.py:109} INFO - [2022-01-22 13:13:19,890] {dag.py:2396} INFO - Sync 1 DAGs
[2022-01-22 13:13:19,917] {logging_mixin.py:109} INFO - [2022-01-22 13:13:19,916] {dag.py:2928} INFO - Setting next_dagrun for example_xcom to 2021-01-01T00:00:00+00:00
[2022-01-22 13:13:19,938] {processor.py:171} INFO - Processing /home/airflow/.local/lib/python3.7/site-packages/airflow/example_dags/example_xcom.py took 0.434 seconds
[2022-01-22 13:13:50,294] {processor.py:163} INFO - Started process (PID=1961) to work on /home/airflow/.local/lib/python3.7/site-packages/airflow/example_dags/example_xcom.py
[2022-01-22 13:13:50,299] {processor.py:625} INFO - Processing file /home/airflow/.local/lib/python3.7/site-packages/airflow/example_dags/example_xcom.py for tasks to queue
[2022-01-22 13:13:50,302] {logging_mixin.py:109} INFO - [2022-01-22 13:13:50,301] {dagbag.py:500} INFO - Filling up the DagBag from /home/airflow/.local/lib/python3.7/site-packages/airflow/example_dags/example_xcom.py
[2022-01-22 13:13:50,409] {processor.py:637} INFO - DAG(s) dict_keys(['example_xcom']) retrieved from /home/airflow/.local/lib/python3.7/site-packages/airflow/example_dags/example_xcom.py
[2022-01-22 13:13:50,840] {logging_mixin.py:109} INFO - [2022-01-22 13:13:50,839] {dag.py:2396} INFO - Sync 1 DAGs
[2022-01-22 13:13:50,862] {logging_mixin.py:109} INFO - [2022-01-22 13:13:50,862] {dag.py:2928} INFO - Setting next_dagrun for example_xcom to 2021-01-01T00:00:00+00:00
[2022-01-22 13:13:50,878] {processor.py:171} INFO - Processing /home/airflow/.local/lib/python3.7/site-packages/airflow/example_dags/example_xcom.py took 0.595 seconds
[2022-01-22 13:14:21,341] {processor.py:163} INFO - Started process (PID=2032) to work on /home/airflow/.local/lib/python3.7/site-packages/airflow/example_dags/example_xcom.py
[2022-01-22 13:14:21,344] {processor.py:625} INFO - Processing file /home/airflow/.local/lib/python3.7/site-packages/airflow/example_dags/example_xcom.py for tasks to queue
[2022-01-22 13:14:21,346] {logging_mixin.py:109} INFO - [2022-01-22 13:14:21,346] {dagbag.py:500} INFO - Filling up the DagBag from /home/airflow/.local/lib/python3.7/site-packages/airflow/example_dags/example_xcom.py
[2022-01-22 13:14:21,408] {processor.py:637} INFO - DAG(s) dict_keys(['example_xcom']) retrieved from /home/airflow/.local/lib/python3.7/site-packages/airflow/example_dags/example_xcom.py
[2022-01-22 13:14:21,822] {logging_mixin.py:109} INFO - [2022-01-22 13:14:21,822] {dag.py:2396} INFO - Sync 1 DAGs
[2022-01-22 13:14:21,850] {logging_mixin.py:109} INFO - [2022-01-22 13:14:21,849] {dag.py:2928} INFO - Setting next_dagrun for example_xcom to 2021-01-01T00:00:00+00:00
[2022-01-22 13:14:21,870] {processor.py:171} INFO - Processing /home/airflow/.local/lib/python3.7/site-packages/airflow/example_dags/example_xcom.py took 0.535 seconds
[2022-01-22 13:14:52,709] {processor.py:163} INFO - Started process (PID=2094) to work on /home/airflow/.local/lib/python3.7/site-packages/airflow/example_dags/example_xcom.py
[2022-01-22 13:14:52,713] {processor.py:625} INFO - Processing file /home/airflow/.local/lib/python3.7/site-packages/airflow/example_dags/example_xcom.py for tasks to queue
[2022-01-22 13:14:52,715] {logging_mixin.py:109} INFO - [2022-01-22 13:14:52,715] {dagbag.py:500} INFO - Filling up the DagBag from /home/airflow/.local/lib/python3.7/site-packages/airflow/example_dags/example_xcom.py
[2022-01-22 13:14:52,789] {processor.py:637} INFO - DAG(s) dict_keys(['example_xcom']) retrieved from /home/airflow/.local/lib/python3.7/site-packages/airflow/example_dags/example_xcom.py
[2022-01-22 13:14:53,167] {logging_mixin.py:109} INFO - [2022-01-22 13:14:53,167] {dag.py:2396} INFO - Sync 1 DAGs
[2022-01-22 13:14:53,191] {logging_mixin.py:109} INFO - [2022-01-22 13:14:53,190] {dag.py:2928} INFO - Setting next_dagrun for example_xcom to 2021-01-01T00:00:00+00:00
[2022-01-22 13:14:53,207] {processor.py:171} INFO - Processing /home/airflow/.local/lib/python3.7/site-packages/airflow/example_dags/example_xcom.py took 0.507 seconds
[2022-01-22 13:15:23,944] {processor.py:163} INFO - Started process (PID=2159) to work on /home/airflow/.local/lib/python3.7/site-packages/airflow/example_dags/example_xcom.py
[2022-01-22 13:15:23,949] {processor.py:625} INFO - Processing file /home/airflow/.local/lib/python3.7/site-packages/airflow/example_dags/example_xcom.py for tasks to queue
[2022-01-22 13:15:23,953] {logging_mixin.py:109} INFO - [2022-01-22 13:15:23,953] {dagbag.py:500} INFO - Filling up the DagBag from /home/airflow/.local/lib/python3.7/site-packages/airflow/example_dags/example_xcom.py
[2022-01-22 13:15:24,096] {processor.py:637} INFO - DAG(s) dict_keys(['example_xcom']) retrieved from /home/airflow/.local/lib/python3.7/site-packages/airflow/example_dags/example_xcom.py
[2022-01-22 13:15:24,855] {logging_mixin.py:109} INFO - [2022-01-22 13:15:24,855] {dag.py:2396} INFO - Sync 1 DAGs
[2022-01-22 13:15:24,909] {logging_mixin.py:109} INFO - [2022-01-22 13:15:24,909] {dag.py:2928} INFO - Setting next_dagrun for example_xcom to 2021-01-01T00:00:00+00:00
[2022-01-22 13:15:24,950] {processor.py:171} INFO - Processing /home/airflow/.local/lib/python3.7/site-packages/airflow/example_dags/example_xcom.py took 1.022 seconds
[2022-01-22 13:20:21,182] {processor.py:163} INFO - Started process (PID=2191) to work on /home/airflow/.local/lib/python3.7/site-packages/airflow/example_dags/example_xcom.py
[2022-01-22 13:20:21,188] {processor.py:625} INFO - Processing file /home/airflow/.local/lib/python3.7/site-packages/airflow/example_dags/example_xcom.py for tasks to queue
[2022-01-22 13:20:21,190] {logging_mixin.py:109} INFO - [2022-01-22 13:20:21,190] {dagbag.py:500} INFO - Filling up the DagBag from /home/airflow/.local/lib/python3.7/site-packages/airflow/example_dags/example_xcom.py
[2022-01-22 13:20:21,346] {processor.py:637} INFO - DAG(s) dict_keys(['example_xcom']) retrieved from /home/airflow/.local/lib/python3.7/site-packages/airflow/example_dags/example_xcom.py
[2022-01-22 13:20:22,118] {logging_mixin.py:109} INFO - [2022-01-22 13:20:22,118] {dag.py:2396} INFO - Sync 1 DAGs
[2022-01-22 13:20:22,169] {logging_mixin.py:109} INFO - [2022-01-22 13:20:22,168] {dag.py:2928} INFO - Setting next_dagrun for example_xcom to 2021-01-01T00:00:00+00:00
[2022-01-22 13:20:22,210] {processor.py:171} INFO - Processing /home/airflow/.local/lib/python3.7/site-packages/airflow/example_dags/example_xcom.py took 1.038 seconds
[2022-01-22 13:20:52,425] {processor.py:163} INFO - Started process (PID=2244) to work on /home/airflow/.local/lib/python3.7/site-packages/airflow/example_dags/example_xcom.py
[2022-01-22 13:20:52,428] {processor.py:625} INFO - Processing file /home/airflow/.local/lib/python3.7/site-packages/airflow/example_dags/example_xcom.py for tasks to queue
[2022-01-22 13:20:52,432] {logging_mixin.py:109} INFO - [2022-01-22 13:20:52,432] {dagbag.py:500} INFO - Filling up the DagBag from /home/airflow/.local/lib/python3.7/site-packages/airflow/example_dags/example_xcom.py
[2022-01-22 13:20:52,508] {processor.py:637} INFO - DAG(s) dict_keys(['example_xcom']) retrieved from /home/airflow/.local/lib/python3.7/site-packages/airflow/example_dags/example_xcom.py
[2022-01-22 13:20:53,036] {logging_mixin.py:109} INFO - [2022-01-22 13:20:53,035] {dag.py:2396} INFO - Sync 1 DAGs
[2022-01-22 13:20:53,061] {logging_mixin.py:109} INFO - [2022-01-22 13:20:53,061] {dag.py:2928} INFO - Setting next_dagrun for example_xcom to 2021-01-01T00:00:00+00:00
[2022-01-22 13:20:53,082] {processor.py:171} INFO - Processing /home/airflow/.local/lib/python3.7/site-packages/airflow/example_dags/example_xcom.py took 0.665 seconds
[2022-01-22 13:21:23,977] {processor.py:163} INFO - Started process (PID=2306) to work on /home/airflow/.local/lib/python3.7/site-packages/airflow/example_dags/example_xcom.py
[2022-01-22 13:21:23,979] {processor.py:625} INFO - Processing file /home/airflow/.local/lib/python3.7/site-packages/airflow/example_dags/example_xcom.py for tasks to queue
[2022-01-22 13:21:23,980] {logging_mixin.py:109} INFO - [2022-01-22 13:21:23,980] {dagbag.py:500} INFO - Filling up the DagBag from /home/airflow/.local/lib/python3.7/site-packages/airflow/example_dags/example_xcom.py
[2022-01-22 13:21:24,022] {processor.py:637} INFO - DAG(s) dict_keys(['example_xcom']) retrieved from /home/airflow/.local/lib/python3.7/site-packages/airflow/example_dags/example_xcom.py
[2022-01-22 13:21:24,354] {logging_mixin.py:109} INFO - [2022-01-22 13:21:24,353] {dag.py:2396} INFO - Sync 1 DAGs
[2022-01-22 13:21:24,374] {logging_mixin.py:109} INFO - [2022-01-22 13:21:24,374] {dag.py:2928} INFO - Setting next_dagrun for example_xcom to 2021-01-01T00:00:00+00:00
[2022-01-22 13:21:24,391] {processor.py:171} INFO - Processing /home/airflow/.local/lib/python3.7/site-packages/airflow/example_dags/example_xcom.py took 0.419 seconds
