[2022-01-22 12:58:14,403] {processor.py:163} INFO - Started process (PID=68) to work on /home/airflow/.local/lib/python3.7/site-packages/airflow/example_dags/tutorial_etl_dag.py
[2022-01-22 12:58:14,414] {processor.py:625} INFO - Processing file /home/airflow/.local/lib/python3.7/site-packages/airflow/example_dags/tutorial_etl_dag.py for tasks to queue
[2022-01-22 12:58:14,422] {logging_mixin.py:109} INFO - [2022-01-22 12:58:14,421] {dagbag.py:500} INFO - Filling up the DagBag from /home/airflow/.local/lib/python3.7/site-packages/airflow/example_dags/tutorial_etl_dag.py
[2022-01-22 12:58:14,539] {processor.py:637} INFO - DAG(s) dict_keys(['tutorial_etl_dag']) retrieved from /home/airflow/.local/lib/python3.7/site-packages/airflow/example_dags/tutorial_etl_dag.py
[2022-01-22 12:58:14,577] {logging_mixin.py:109} INFO - [2022-01-22 12:58:14,577] {dag.py:2396} INFO - Sync 1 DAGs
[2022-01-22 12:58:14,617] {logging_mixin.py:109} INFO - [2022-01-22 12:58:14,617] {dag.py:2928} INFO - Setting next_dagrun for tutorial_etl_dag to None
[2022-01-22 12:58:14,640] {processor.py:171} INFO - Processing /home/airflow/.local/lib/python3.7/site-packages/airflow/example_dags/tutorial_etl_dag.py took 0.249 seconds
[2022-01-22 12:58:53,999] {processor.py:163} INFO - Started process (PID=156) to work on /home/airflow/.local/lib/python3.7/site-packages/airflow/example_dags/tutorial_etl_dag.py
[2022-01-22 12:58:54,021] {processor.py:625} INFO - Processing file /home/airflow/.local/lib/python3.7/site-packages/airflow/example_dags/tutorial_etl_dag.py for tasks to queue
[2022-01-22 12:58:54,028] {logging_mixin.py:109} INFO - [2022-01-22 12:58:54,028] {dagbag.py:500} INFO - Filling up the DagBag from /home/airflow/.local/lib/python3.7/site-packages/airflow/example_dags/tutorial_etl_dag.py
[2022-01-22 12:58:54,422] {processor.py:637} INFO - DAG(s) dict_keys(['tutorial_etl_dag']) retrieved from /home/airflow/.local/lib/python3.7/site-packages/airflow/example_dags/tutorial_etl_dag.py
[2022-01-22 12:58:54,612] {logging_mixin.py:109} INFO - [2022-01-22 12:58:54,612] {dag.py:2396} INFO - Sync 1 DAGs
[2022-01-22 12:58:54,853] {logging_mixin.py:109} INFO - [2022-01-22 12:58:54,853] {dag.py:2928} INFO - Setting next_dagrun for tutorial_etl_dag to None
[2022-01-22 12:58:55,031] {processor.py:171} INFO - Processing /home/airflow/.local/lib/python3.7/site-packages/airflow/example_dags/tutorial_etl_dag.py took 1.126 seconds
[2022-01-22 12:59:26,655] {processor.py:163} INFO - Started process (PID=228) to work on /home/airflow/.local/lib/python3.7/site-packages/airflow/example_dags/tutorial_etl_dag.py
[2022-01-22 12:59:26,658] {processor.py:625} INFO - Processing file /home/airflow/.local/lib/python3.7/site-packages/airflow/example_dags/tutorial_etl_dag.py for tasks to queue
[2022-01-22 12:59:26,671] {logging_mixin.py:109} INFO - [2022-01-22 12:59:26,670] {dagbag.py:500} INFO - Filling up the DagBag from /home/airflow/.local/lib/python3.7/site-packages/airflow/example_dags/tutorial_etl_dag.py
[2022-01-22 12:59:26,787] {processor.py:637} INFO - DAG(s) dict_keys(['tutorial_etl_dag']) retrieved from /home/airflow/.local/lib/python3.7/site-packages/airflow/example_dags/tutorial_etl_dag.py
[2022-01-22 12:59:26,814] {logging_mixin.py:109} INFO - [2022-01-22 12:59:26,813] {dag.py:2396} INFO - Sync 1 DAGs
[2022-01-22 12:59:26,898] {logging_mixin.py:109} INFO - [2022-01-22 12:59:26,898] {dag.py:2928} INFO - Setting next_dagrun for tutorial_etl_dag to None
[2022-01-22 12:59:26,924] {processor.py:171} INFO - Processing /home/airflow/.local/lib/python3.7/site-packages/airflow/example_dags/tutorial_etl_dag.py took 0.288 seconds
[2022-01-22 12:59:57,750] {processor.py:163} INFO - Started process (PID=288) to work on /home/airflow/.local/lib/python3.7/site-packages/airflow/example_dags/tutorial_etl_dag.py
[2022-01-22 12:59:57,752] {processor.py:625} INFO - Processing file /home/airflow/.local/lib/python3.7/site-packages/airflow/example_dags/tutorial_etl_dag.py for tasks to queue
[2022-01-22 12:59:57,753] {logging_mixin.py:109} INFO - [2022-01-22 12:59:57,753] {dagbag.py:500} INFO - Filling up the DagBag from /home/airflow/.local/lib/python3.7/site-packages/airflow/example_dags/tutorial_etl_dag.py
[2022-01-22 12:59:57,791] {processor.py:637} INFO - DAG(s) dict_keys(['tutorial_etl_dag']) retrieved from /home/airflow/.local/lib/python3.7/site-packages/airflow/example_dags/tutorial_etl_dag.py
[2022-01-22 12:59:57,804] {logging_mixin.py:109} INFO - [2022-01-22 12:59:57,804] {dag.py:2396} INFO - Sync 1 DAGs
[2022-01-22 12:59:57,824] {logging_mixin.py:109} INFO - [2022-01-22 12:59:57,824] {dag.py:2928} INFO - Setting next_dagrun for tutorial_etl_dag to None
[2022-01-22 12:59:57,836] {processor.py:171} INFO - Processing /home/airflow/.local/lib/python3.7/site-packages/airflow/example_dags/tutorial_etl_dag.py took 0.090 seconds
[2022-01-22 13:00:28,197] {processor.py:163} INFO - Started process (PID=341) to work on /home/airflow/.local/lib/python3.7/site-packages/airflow/example_dags/tutorial_etl_dag.py
[2022-01-22 13:00:28,203] {processor.py:625} INFO - Processing file /home/airflow/.local/lib/python3.7/site-packages/airflow/example_dags/tutorial_etl_dag.py for tasks to queue
[2022-01-22 13:00:28,206] {logging_mixin.py:109} INFO - [2022-01-22 13:00:28,205] {dagbag.py:500} INFO - Filling up the DagBag from /home/airflow/.local/lib/python3.7/site-packages/airflow/example_dags/tutorial_etl_dag.py
[2022-01-22 13:00:28,307] {processor.py:637} INFO - DAG(s) dict_keys(['tutorial_etl_dag']) retrieved from /home/airflow/.local/lib/python3.7/site-packages/airflow/example_dags/tutorial_etl_dag.py
[2022-01-22 13:00:28,337] {logging_mixin.py:109} INFO - [2022-01-22 13:00:28,336] {dag.py:2396} INFO - Sync 1 DAGs
[2022-01-22 13:00:28,383] {logging_mixin.py:109} INFO - [2022-01-22 13:00:28,383] {dag.py:2928} INFO - Setting next_dagrun for tutorial_etl_dag to None
[2022-01-22 13:00:28,411] {processor.py:171} INFO - Processing /home/airflow/.local/lib/python3.7/site-packages/airflow/example_dags/tutorial_etl_dag.py took 0.228 seconds
[2022-01-22 13:00:58,918] {processor.py:163} INFO - Started process (PID=408) to work on /home/airflow/.local/lib/python3.7/site-packages/airflow/example_dags/tutorial_etl_dag.py
[2022-01-22 13:00:58,920] {processor.py:625} INFO - Processing file /home/airflow/.local/lib/python3.7/site-packages/airflow/example_dags/tutorial_etl_dag.py for tasks to queue
[2022-01-22 13:00:58,922] {logging_mixin.py:109} INFO - [2022-01-22 13:00:58,922] {dagbag.py:500} INFO - Filling up the DagBag from /home/airflow/.local/lib/python3.7/site-packages/airflow/example_dags/tutorial_etl_dag.py
[2022-01-22 13:00:58,982] {processor.py:637} INFO - DAG(s) dict_keys(['tutorial_etl_dag']) retrieved from /home/airflow/.local/lib/python3.7/site-packages/airflow/example_dags/tutorial_etl_dag.py
[2022-01-22 13:00:59,003] {logging_mixin.py:109} INFO - [2022-01-22 13:00:59,003] {dag.py:2396} INFO - Sync 1 DAGs
[2022-01-22 13:00:59,034] {logging_mixin.py:109} INFO - [2022-01-22 13:00:59,034] {dag.py:2928} INFO - Setting next_dagrun for tutorial_etl_dag to None
[2022-01-22 13:00:59,053] {processor.py:171} INFO - Processing /home/airflow/.local/lib/python3.7/site-packages/airflow/example_dags/tutorial_etl_dag.py took 0.140 seconds
[2022-01-22 13:01:29,280] {processor.py:163} INFO - Started process (PID=462) to work on /home/airflow/.local/lib/python3.7/site-packages/airflow/example_dags/tutorial_etl_dag.py
[2022-01-22 13:01:29,283] {processor.py:625} INFO - Processing file /home/airflow/.local/lib/python3.7/site-packages/airflow/example_dags/tutorial_etl_dag.py for tasks to queue
[2022-01-22 13:01:29,285] {logging_mixin.py:109} INFO - [2022-01-22 13:01:29,285] {dagbag.py:500} INFO - Filling up the DagBag from /home/airflow/.local/lib/python3.7/site-packages/airflow/example_dags/tutorial_etl_dag.py
[2022-01-22 13:01:29,354] {processor.py:637} INFO - DAG(s) dict_keys(['tutorial_etl_dag']) retrieved from /home/airflow/.local/lib/python3.7/site-packages/airflow/example_dags/tutorial_etl_dag.py
[2022-01-22 13:01:29,374] {logging_mixin.py:109} INFO - [2022-01-22 13:01:29,374] {dag.py:2396} INFO - Sync 1 DAGs
[2022-01-22 13:01:29,401] {logging_mixin.py:109} INFO - [2022-01-22 13:01:29,401] {dag.py:2928} INFO - Setting next_dagrun for tutorial_etl_dag to None
[2022-01-22 13:01:29,416] {processor.py:171} INFO - Processing /home/airflow/.local/lib/python3.7/site-packages/airflow/example_dags/tutorial_etl_dag.py took 0.145 seconds
[2022-01-22 13:01:59,967] {processor.py:163} INFO - Started process (PID=523) to work on /home/airflow/.local/lib/python3.7/site-packages/airflow/example_dags/tutorial_etl_dag.py
[2022-01-22 13:01:59,975] {processor.py:625} INFO - Processing file /home/airflow/.local/lib/python3.7/site-packages/airflow/example_dags/tutorial_etl_dag.py for tasks to queue
[2022-01-22 13:01:59,980] {logging_mixin.py:109} INFO - [2022-01-22 13:01:59,980] {dagbag.py:500} INFO - Filling up the DagBag from /home/airflow/.local/lib/python3.7/site-packages/airflow/example_dags/tutorial_etl_dag.py
[2022-01-22 13:02:00,069] {processor.py:637} INFO - DAG(s) dict_keys(['tutorial_etl_dag']) retrieved from /home/airflow/.local/lib/python3.7/site-packages/airflow/example_dags/tutorial_etl_dag.py
[2022-01-22 13:02:00,107] {logging_mixin.py:109} INFO - [2022-01-22 13:02:00,106] {dag.py:2396} INFO - Sync 1 DAGs
[2022-01-22 13:02:00,147] {logging_mixin.py:109} INFO - [2022-01-22 13:02:00,147] {dag.py:2928} INFO - Setting next_dagrun for tutorial_etl_dag to None
[2022-01-22 13:02:00,176] {processor.py:171} INFO - Processing /home/airflow/.local/lib/python3.7/site-packages/airflow/example_dags/tutorial_etl_dag.py took 0.216 seconds
[2022-01-22 13:02:30,795] {processor.py:163} INFO - Started process (PID=583) to work on /home/airflow/.local/lib/python3.7/site-packages/airflow/example_dags/tutorial_etl_dag.py
[2022-01-22 13:02:30,799] {processor.py:625} INFO - Processing file /home/airflow/.local/lib/python3.7/site-packages/airflow/example_dags/tutorial_etl_dag.py for tasks to queue
[2022-01-22 13:02:30,801] {logging_mixin.py:109} INFO - [2022-01-22 13:02:30,801] {dagbag.py:500} INFO - Filling up the DagBag from /home/airflow/.local/lib/python3.7/site-packages/airflow/example_dags/tutorial_etl_dag.py
[2022-01-22 13:02:30,848] {processor.py:637} INFO - DAG(s) dict_keys(['tutorial_etl_dag']) retrieved from /home/airflow/.local/lib/python3.7/site-packages/airflow/example_dags/tutorial_etl_dag.py
[2022-01-22 13:02:30,870] {logging_mixin.py:109} INFO - [2022-01-22 13:02:30,870] {dag.py:2396} INFO - Sync 1 DAGs
[2022-01-22 13:02:30,908] {logging_mixin.py:109} INFO - [2022-01-22 13:02:30,907] {dag.py:2928} INFO - Setting next_dagrun for tutorial_etl_dag to None
[2022-01-22 13:02:30,930] {processor.py:171} INFO - Processing /home/airflow/.local/lib/python3.7/site-packages/airflow/example_dags/tutorial_etl_dag.py took 0.141 seconds
[2022-01-22 13:03:01,150] {processor.py:163} INFO - Started process (PID=643) to work on /home/airflow/.local/lib/python3.7/site-packages/airflow/example_dags/tutorial_etl_dag.py
[2022-01-22 13:03:01,154] {processor.py:625} INFO - Processing file /home/airflow/.local/lib/python3.7/site-packages/airflow/example_dags/tutorial_etl_dag.py for tasks to queue
[2022-01-22 13:03:01,157] {logging_mixin.py:109} INFO - [2022-01-22 13:03:01,157] {dagbag.py:500} INFO - Filling up the DagBag from /home/airflow/.local/lib/python3.7/site-packages/airflow/example_dags/tutorial_etl_dag.py
[2022-01-22 13:03:01,213] {processor.py:637} INFO - DAG(s) dict_keys(['tutorial_etl_dag']) retrieved from /home/airflow/.local/lib/python3.7/site-packages/airflow/example_dags/tutorial_etl_dag.py
[2022-01-22 13:03:01,234] {logging_mixin.py:109} INFO - [2022-01-22 13:03:01,233] {dag.py:2396} INFO - Sync 1 DAGs
[2022-01-22 13:03:01,264] {logging_mixin.py:109} INFO - [2022-01-22 13:03:01,264] {dag.py:2928} INFO - Setting next_dagrun for tutorial_etl_dag to None
[2022-01-22 13:03:01,281] {processor.py:171} INFO - Processing /home/airflow/.local/lib/python3.7/site-packages/airflow/example_dags/tutorial_etl_dag.py took 0.142 seconds
[2022-01-22 13:03:31,542] {processor.py:163} INFO - Started process (PID=705) to work on /home/airflow/.local/lib/python3.7/site-packages/airflow/example_dags/tutorial_etl_dag.py
[2022-01-22 13:03:31,544] {processor.py:625} INFO - Processing file /home/airflow/.local/lib/python3.7/site-packages/airflow/example_dags/tutorial_etl_dag.py for tasks to queue
[2022-01-22 13:03:31,545] {logging_mixin.py:109} INFO - [2022-01-22 13:03:31,545] {dagbag.py:500} INFO - Filling up the DagBag from /home/airflow/.local/lib/python3.7/site-packages/airflow/example_dags/tutorial_etl_dag.py
[2022-01-22 13:03:31,585] {processor.py:637} INFO - DAG(s) dict_keys(['tutorial_etl_dag']) retrieved from /home/airflow/.local/lib/python3.7/site-packages/airflow/example_dags/tutorial_etl_dag.py
[2022-01-22 13:03:31,598] {logging_mixin.py:109} INFO - [2022-01-22 13:03:31,598] {dag.py:2396} INFO - Sync 1 DAGs
[2022-01-22 13:03:31,622] {logging_mixin.py:109} INFO - [2022-01-22 13:03:31,622] {dag.py:2928} INFO - Setting next_dagrun for tutorial_etl_dag to None
[2022-01-22 13:03:31,635] {processor.py:171} INFO - Processing /home/airflow/.local/lib/python3.7/site-packages/airflow/example_dags/tutorial_etl_dag.py took 0.100 seconds
[2022-01-22 13:04:02,102] {processor.py:163} INFO - Started process (PID=766) to work on /home/airflow/.local/lib/python3.7/site-packages/airflow/example_dags/tutorial_etl_dag.py
[2022-01-22 13:04:02,106] {processor.py:625} INFO - Processing file /home/airflow/.local/lib/python3.7/site-packages/airflow/example_dags/tutorial_etl_dag.py for tasks to queue
[2022-01-22 13:04:02,109] {logging_mixin.py:109} INFO - [2022-01-22 13:04:02,108] {dagbag.py:500} INFO - Filling up the DagBag from /home/airflow/.local/lib/python3.7/site-packages/airflow/example_dags/tutorial_etl_dag.py
[2022-01-22 13:04:02,175] {processor.py:637} INFO - DAG(s) dict_keys(['tutorial_etl_dag']) retrieved from /home/airflow/.local/lib/python3.7/site-packages/airflow/example_dags/tutorial_etl_dag.py
[2022-01-22 13:04:02,196] {logging_mixin.py:109} INFO - [2022-01-22 13:04:02,196] {dag.py:2396} INFO - Sync 1 DAGs
[2022-01-22 13:04:02,232] {logging_mixin.py:109} INFO - [2022-01-22 13:04:02,232] {dag.py:2928} INFO - Setting next_dagrun for tutorial_etl_dag to None
[2022-01-22 13:04:02,252] {processor.py:171} INFO - Processing /home/airflow/.local/lib/python3.7/site-packages/airflow/example_dags/tutorial_etl_dag.py took 0.158 seconds
[2022-01-22 13:04:32,759] {processor.py:163} INFO - Started process (PID=836) to work on /home/airflow/.local/lib/python3.7/site-packages/airflow/example_dags/tutorial_etl_dag.py
[2022-01-22 13:04:32,761] {processor.py:625} INFO - Processing file /home/airflow/.local/lib/python3.7/site-packages/airflow/example_dags/tutorial_etl_dag.py for tasks to queue
[2022-01-22 13:04:32,763] {logging_mixin.py:109} INFO - [2022-01-22 13:04:32,763] {dagbag.py:500} INFO - Filling up the DagBag from /home/airflow/.local/lib/python3.7/site-packages/airflow/example_dags/tutorial_etl_dag.py
[2022-01-22 13:04:32,809] {processor.py:637} INFO - DAG(s) dict_keys(['tutorial_etl_dag']) retrieved from /home/airflow/.local/lib/python3.7/site-packages/airflow/example_dags/tutorial_etl_dag.py
[2022-01-22 13:04:32,824] {logging_mixin.py:109} INFO - [2022-01-22 13:04:32,824] {dag.py:2396} INFO - Sync 1 DAGs
[2022-01-22 13:04:32,851] {logging_mixin.py:109} INFO - [2022-01-22 13:04:32,851] {dag.py:2928} INFO - Setting next_dagrun for tutorial_etl_dag to None
[2022-01-22 13:04:32,887] {processor.py:171} INFO - Processing /home/airflow/.local/lib/python3.7/site-packages/airflow/example_dags/tutorial_etl_dag.py took 0.136 seconds
[2022-01-22 13:05:03,004] {processor.py:163} INFO - Started process (PID=896) to work on /home/airflow/.local/lib/python3.7/site-packages/airflow/example_dags/tutorial_etl_dag.py
[2022-01-22 13:05:03,007] {processor.py:625} INFO - Processing file /home/airflow/.local/lib/python3.7/site-packages/airflow/example_dags/tutorial_etl_dag.py for tasks to queue
[2022-01-22 13:05:03,008] {logging_mixin.py:109} INFO - [2022-01-22 13:05:03,008] {dagbag.py:500} INFO - Filling up the DagBag from /home/airflow/.local/lib/python3.7/site-packages/airflow/example_dags/tutorial_etl_dag.py
[2022-01-22 13:05:03,047] {processor.py:637} INFO - DAG(s) dict_keys(['tutorial_etl_dag']) retrieved from /home/airflow/.local/lib/python3.7/site-packages/airflow/example_dags/tutorial_etl_dag.py
[2022-01-22 13:05:03,065] {logging_mixin.py:109} INFO - [2022-01-22 13:05:03,065] {dag.py:2396} INFO - Sync 1 DAGs
[2022-01-22 13:05:03,099] {logging_mixin.py:109} INFO - [2022-01-22 13:05:03,099] {dag.py:2928} INFO - Setting next_dagrun for tutorial_etl_dag to None
[2022-01-22 13:05:03,118] {processor.py:171} INFO - Processing /home/airflow/.local/lib/python3.7/site-packages/airflow/example_dags/tutorial_etl_dag.py took 0.119 seconds
[2022-01-22 13:05:33,853] {processor.py:163} INFO - Started process (PID=956) to work on /home/airflow/.local/lib/python3.7/site-packages/airflow/example_dags/tutorial_etl_dag.py
[2022-01-22 13:05:33,856] {processor.py:625} INFO - Processing file /home/airflow/.local/lib/python3.7/site-packages/airflow/example_dags/tutorial_etl_dag.py for tasks to queue
[2022-01-22 13:05:33,859] {logging_mixin.py:109} INFO - [2022-01-22 13:05:33,859] {dagbag.py:500} INFO - Filling up the DagBag from /home/airflow/.local/lib/python3.7/site-packages/airflow/example_dags/tutorial_etl_dag.py
[2022-01-22 13:05:33,923] {processor.py:637} INFO - DAG(s) dict_keys(['tutorial_etl_dag']) retrieved from /home/airflow/.local/lib/python3.7/site-packages/airflow/example_dags/tutorial_etl_dag.py
[2022-01-22 13:05:33,959] {logging_mixin.py:109} INFO - [2022-01-22 13:05:33,959] {dag.py:2396} INFO - Sync 1 DAGs
[2022-01-22 13:05:34,015] {logging_mixin.py:109} INFO - [2022-01-22 13:05:34,015] {dag.py:2928} INFO - Setting next_dagrun for tutorial_etl_dag to None
[2022-01-22 13:05:34,043] {processor.py:171} INFO - Processing /home/airflow/.local/lib/python3.7/site-packages/airflow/example_dags/tutorial_etl_dag.py took 0.200 seconds
[2022-01-22 13:06:04,454] {processor.py:163} INFO - Started process (PID=1018) to work on /home/airflow/.local/lib/python3.7/site-packages/airflow/example_dags/tutorial_etl_dag.py
[2022-01-22 13:06:04,460] {processor.py:625} INFO - Processing file /home/airflow/.local/lib/python3.7/site-packages/airflow/example_dags/tutorial_etl_dag.py for tasks to queue
[2022-01-22 13:06:04,462] {logging_mixin.py:109} INFO - [2022-01-22 13:06:04,462] {dagbag.py:500} INFO - Filling up the DagBag from /home/airflow/.local/lib/python3.7/site-packages/airflow/example_dags/tutorial_etl_dag.py
[2022-01-22 13:06:04,506] {processor.py:637} INFO - DAG(s) dict_keys(['tutorial_etl_dag']) retrieved from /home/airflow/.local/lib/python3.7/site-packages/airflow/example_dags/tutorial_etl_dag.py
[2022-01-22 13:06:04,519] {logging_mixin.py:109} INFO - [2022-01-22 13:06:04,519] {dag.py:2396} INFO - Sync 1 DAGs
[2022-01-22 13:06:04,543] {logging_mixin.py:109} INFO - [2022-01-22 13:06:04,543] {dag.py:2928} INFO - Setting next_dagrun for tutorial_etl_dag to None
[2022-01-22 13:06:04,671] {processor.py:171} INFO - Processing /home/airflow/.local/lib/python3.7/site-packages/airflow/example_dags/tutorial_etl_dag.py took 0.227 seconds
[2022-01-22 13:06:35,370] {processor.py:163} INFO - Started process (PID=1080) to work on /home/airflow/.local/lib/python3.7/site-packages/airflow/example_dags/tutorial_etl_dag.py
[2022-01-22 13:06:35,374] {processor.py:625} INFO - Processing file /home/airflow/.local/lib/python3.7/site-packages/airflow/example_dags/tutorial_etl_dag.py for tasks to queue
[2022-01-22 13:06:35,377] {logging_mixin.py:109} INFO - [2022-01-22 13:06:35,376] {dagbag.py:500} INFO - Filling up the DagBag from /home/airflow/.local/lib/python3.7/site-packages/airflow/example_dags/tutorial_etl_dag.py
[2022-01-22 13:06:35,456] {processor.py:637} INFO - DAG(s) dict_keys(['tutorial_etl_dag']) retrieved from /home/airflow/.local/lib/python3.7/site-packages/airflow/example_dags/tutorial_etl_dag.py
[2022-01-22 13:06:35,472] {logging_mixin.py:109} INFO - [2022-01-22 13:06:35,472] {dag.py:2396} INFO - Sync 1 DAGs
[2022-01-22 13:06:35,493] {logging_mixin.py:109} INFO - [2022-01-22 13:06:35,492] {dag.py:2928} INFO - Setting next_dagrun for tutorial_etl_dag to None
[2022-01-22 13:06:35,625] {processor.py:171} INFO - Processing /home/airflow/.local/lib/python3.7/site-packages/airflow/example_dags/tutorial_etl_dag.py took 0.265 seconds
[2022-01-22 13:07:06,450] {processor.py:163} INFO - Started process (PID=1141) to work on /home/airflow/.local/lib/python3.7/site-packages/airflow/example_dags/tutorial_etl_dag.py
[2022-01-22 13:07:06,455] {processor.py:625} INFO - Processing file /home/airflow/.local/lib/python3.7/site-packages/airflow/example_dags/tutorial_etl_dag.py for tasks to queue
[2022-01-22 13:07:06,458] {logging_mixin.py:109} INFO - [2022-01-22 13:07:06,458] {dagbag.py:500} INFO - Filling up the DagBag from /home/airflow/.local/lib/python3.7/site-packages/airflow/example_dags/tutorial_etl_dag.py
[2022-01-22 13:07:06,561] {processor.py:637} INFO - DAG(s) dict_keys(['tutorial_etl_dag']) retrieved from /home/airflow/.local/lib/python3.7/site-packages/airflow/example_dags/tutorial_etl_dag.py
[2022-01-22 13:07:06,617] {logging_mixin.py:109} INFO - [2022-01-22 13:07:06,616] {dag.py:2396} INFO - Sync 1 DAGs
[2022-01-22 13:07:06,966] {logging_mixin.py:109} INFO - [2022-01-22 13:07:06,966] {dag.py:2928} INFO - Setting next_dagrun for tutorial_etl_dag to None
[2022-01-22 13:07:06,983] {processor.py:171} INFO - Processing /home/airflow/.local/lib/python3.7/site-packages/airflow/example_dags/tutorial_etl_dag.py took 0.545 seconds
[2022-01-22 13:07:37,903] {processor.py:163} INFO - Started process (PID=1211) to work on /home/airflow/.local/lib/python3.7/site-packages/airflow/example_dags/tutorial_etl_dag.py
[2022-01-22 13:07:37,904] {processor.py:625} INFO - Processing file /home/airflow/.local/lib/python3.7/site-packages/airflow/example_dags/tutorial_etl_dag.py for tasks to queue
[2022-01-22 13:07:37,906] {logging_mixin.py:109} INFO - [2022-01-22 13:07:37,906] {dagbag.py:500} INFO - Filling up the DagBag from /home/airflow/.local/lib/python3.7/site-packages/airflow/example_dags/tutorial_etl_dag.py
[2022-01-22 13:07:37,942] {processor.py:637} INFO - DAG(s) dict_keys(['tutorial_etl_dag']) retrieved from /home/airflow/.local/lib/python3.7/site-packages/airflow/example_dags/tutorial_etl_dag.py
[2022-01-22 13:07:37,956] {logging_mixin.py:109} INFO - [2022-01-22 13:07:37,956] {dag.py:2396} INFO - Sync 1 DAGs
[2022-01-22 13:07:38,156] {logging_mixin.py:109} INFO - [2022-01-22 13:07:38,156] {dag.py:2928} INFO - Setting next_dagrun for tutorial_etl_dag to None
[2022-01-22 13:07:38,183] {processor.py:171} INFO - Processing /home/airflow/.local/lib/python3.7/site-packages/airflow/example_dags/tutorial_etl_dag.py took 0.284 seconds
[2022-01-22 13:08:08,254] {processor.py:163} INFO - Started process (PID=1272) to work on /home/airflow/.local/lib/python3.7/site-packages/airflow/example_dags/tutorial_etl_dag.py
[2022-01-22 13:08:08,256] {processor.py:625} INFO - Processing file /home/airflow/.local/lib/python3.7/site-packages/airflow/example_dags/tutorial_etl_dag.py for tasks to queue
[2022-01-22 13:08:08,257] {logging_mixin.py:109} INFO - [2022-01-22 13:08:08,257] {dagbag.py:500} INFO - Filling up the DagBag from /home/airflow/.local/lib/python3.7/site-packages/airflow/example_dags/tutorial_etl_dag.py
[2022-01-22 13:08:08,289] {processor.py:637} INFO - DAG(s) dict_keys(['tutorial_etl_dag']) retrieved from /home/airflow/.local/lib/python3.7/site-packages/airflow/example_dags/tutorial_etl_dag.py
[2022-01-22 13:08:08,301] {logging_mixin.py:109} INFO - [2022-01-22 13:08:08,300] {dag.py:2396} INFO - Sync 1 DAGs
[2022-01-22 13:08:08,427] {logging_mixin.py:109} INFO - [2022-01-22 13:08:08,427] {dag.py:2928} INFO - Setting next_dagrun for tutorial_etl_dag to None
[2022-01-22 13:08:08,442] {processor.py:171} INFO - Processing /home/airflow/.local/lib/python3.7/site-packages/airflow/example_dags/tutorial_etl_dag.py took 0.192 seconds
[2022-01-22 13:08:39,362] {processor.py:163} INFO - Started process (PID=1334) to work on /home/airflow/.local/lib/python3.7/site-packages/airflow/example_dags/tutorial_etl_dag.py
[2022-01-22 13:08:39,365] {processor.py:625} INFO - Processing file /home/airflow/.local/lib/python3.7/site-packages/airflow/example_dags/tutorial_etl_dag.py for tasks to queue
[2022-01-22 13:08:39,368] {logging_mixin.py:109} INFO - [2022-01-22 13:08:39,367] {dagbag.py:500} INFO - Filling up the DagBag from /home/airflow/.local/lib/python3.7/site-packages/airflow/example_dags/tutorial_etl_dag.py
[2022-01-22 13:08:39,535] {processor.py:637} INFO - DAG(s) dict_keys(['tutorial_etl_dag']) retrieved from /home/airflow/.local/lib/python3.7/site-packages/airflow/example_dags/tutorial_etl_dag.py
[2022-01-22 13:08:39,558] {logging_mixin.py:109} INFO - [2022-01-22 13:08:39,558] {dag.py:2396} INFO - Sync 1 DAGs
[2022-01-22 13:08:39,594] {logging_mixin.py:109} INFO - [2022-01-22 13:08:39,593] {dag.py:2928} INFO - Setting next_dagrun for tutorial_etl_dag to None
[2022-01-22 13:08:39,616] {processor.py:171} INFO - Processing /home/airflow/.local/lib/python3.7/site-packages/airflow/example_dags/tutorial_etl_dag.py took 0.259 seconds
[2022-01-22 13:09:10,038] {processor.py:163} INFO - Started process (PID=1397) to work on /home/airflow/.local/lib/python3.7/site-packages/airflow/example_dags/tutorial_etl_dag.py
[2022-01-22 13:09:10,043] {processor.py:625} INFO - Processing file /home/airflow/.local/lib/python3.7/site-packages/airflow/example_dags/tutorial_etl_dag.py for tasks to queue
[2022-01-22 13:09:10,047] {logging_mixin.py:109} INFO - [2022-01-22 13:09:10,047] {dagbag.py:500} INFO - Filling up the DagBag from /home/airflow/.local/lib/python3.7/site-packages/airflow/example_dags/tutorial_etl_dag.py
[2022-01-22 13:09:10,275] {processor.py:637} INFO - DAG(s) dict_keys(['tutorial_etl_dag']) retrieved from /home/airflow/.local/lib/python3.7/site-packages/airflow/example_dags/tutorial_etl_dag.py
[2022-01-22 13:09:10,299] {logging_mixin.py:109} INFO - [2022-01-22 13:09:10,299] {dag.py:2396} INFO - Sync 1 DAGs
[2022-01-22 13:09:10,339] {logging_mixin.py:109} INFO - [2022-01-22 13:09:10,339] {dag.py:2928} INFO - Setting next_dagrun for tutorial_etl_dag to None
[2022-01-22 13:09:10,365] {processor.py:171} INFO - Processing /home/airflow/.local/lib/python3.7/site-packages/airflow/example_dags/tutorial_etl_dag.py took 0.340 seconds
[2022-01-22 13:09:41,322] {processor.py:163} INFO - Started process (PID=1459) to work on /home/airflow/.local/lib/python3.7/site-packages/airflow/example_dags/tutorial_etl_dag.py
[2022-01-22 13:09:41,327] {processor.py:625} INFO - Processing file /home/airflow/.local/lib/python3.7/site-packages/airflow/example_dags/tutorial_etl_dag.py for tasks to queue
[2022-01-22 13:09:41,329] {logging_mixin.py:109} INFO - [2022-01-22 13:09:41,328] {dagbag.py:500} INFO - Filling up the DagBag from /home/airflow/.local/lib/python3.7/site-packages/airflow/example_dags/tutorial_etl_dag.py
[2022-01-22 13:09:41,495] {processor.py:637} INFO - DAG(s) dict_keys(['tutorial_etl_dag']) retrieved from /home/airflow/.local/lib/python3.7/site-packages/airflow/example_dags/tutorial_etl_dag.py
[2022-01-22 13:09:41,508] {logging_mixin.py:109} INFO - [2022-01-22 13:09:41,507] {dag.py:2396} INFO - Sync 1 DAGs
[2022-01-22 13:09:41,533] {logging_mixin.py:109} INFO - [2022-01-22 13:09:41,533] {dag.py:2928} INFO - Setting next_dagrun for tutorial_etl_dag to None
[2022-01-22 13:09:41,550] {processor.py:171} INFO - Processing /home/airflow/.local/lib/python3.7/site-packages/airflow/example_dags/tutorial_etl_dag.py took 0.235 seconds
[2022-01-22 13:10:12,213] {processor.py:163} INFO - Started process (PID=1520) to work on /home/airflow/.local/lib/python3.7/site-packages/airflow/example_dags/tutorial_etl_dag.py
[2022-01-22 13:10:12,217] {processor.py:625} INFO - Processing file /home/airflow/.local/lib/python3.7/site-packages/airflow/example_dags/tutorial_etl_dag.py for tasks to queue
[2022-01-22 13:10:12,219] {logging_mixin.py:109} INFO - [2022-01-22 13:10:12,219] {dagbag.py:500} INFO - Filling up the DagBag from /home/airflow/.local/lib/python3.7/site-packages/airflow/example_dags/tutorial_etl_dag.py
[2022-01-22 13:10:12,420] {processor.py:637} INFO - DAG(s) dict_keys(['tutorial_etl_dag']) retrieved from /home/airflow/.local/lib/python3.7/site-packages/airflow/example_dags/tutorial_etl_dag.py
[2022-01-22 13:10:12,433] {logging_mixin.py:109} INFO - [2022-01-22 13:10:12,433] {dag.py:2396} INFO - Sync 1 DAGs
[2022-01-22 13:10:12,462] {logging_mixin.py:109} INFO - [2022-01-22 13:10:12,462] {dag.py:2928} INFO - Setting next_dagrun for tutorial_etl_dag to None
[2022-01-22 13:10:12,473] {processor.py:171} INFO - Processing /home/airflow/.local/lib/python3.7/site-packages/airflow/example_dags/tutorial_etl_dag.py took 0.270 seconds
[2022-01-22 13:10:43,407] {processor.py:163} INFO - Started process (PID=1581) to work on /home/airflow/.local/lib/python3.7/site-packages/airflow/example_dags/tutorial_etl_dag.py
[2022-01-22 13:10:43,412] {processor.py:625} INFO - Processing file /home/airflow/.local/lib/python3.7/site-packages/airflow/example_dags/tutorial_etl_dag.py for tasks to queue
[2022-01-22 13:10:43,415] {logging_mixin.py:109} INFO - [2022-01-22 13:10:43,415] {dagbag.py:500} INFO - Filling up the DagBag from /home/airflow/.local/lib/python3.7/site-packages/airflow/example_dags/tutorial_etl_dag.py
[2022-01-22 13:10:43,522] {processor.py:637} INFO - DAG(s) dict_keys(['tutorial_etl_dag']) retrieved from /home/airflow/.local/lib/python3.7/site-packages/airflow/example_dags/tutorial_etl_dag.py
[2022-01-22 13:10:43,558] {logging_mixin.py:109} INFO - [2022-01-22 13:10:43,558] {dag.py:2396} INFO - Sync 1 DAGs
[2022-01-22 13:10:43,620] {logging_mixin.py:109} INFO - [2022-01-22 13:10:43,620] {dag.py:2928} INFO - Setting next_dagrun for tutorial_etl_dag to None
[2022-01-22 13:10:43,657] {processor.py:171} INFO - Processing /home/airflow/.local/lib/python3.7/site-packages/airflow/example_dags/tutorial_etl_dag.py took 0.264 seconds
[2022-01-22 13:11:13,791] {processor.py:163} INFO - Started process (PID=1642) to work on /home/airflow/.local/lib/python3.7/site-packages/airflow/example_dags/tutorial_etl_dag.py
[2022-01-22 13:11:13,794] {processor.py:625} INFO - Processing file /home/airflow/.local/lib/python3.7/site-packages/airflow/example_dags/tutorial_etl_dag.py for tasks to queue
[2022-01-22 13:11:13,796] {logging_mixin.py:109} INFO - [2022-01-22 13:11:13,796] {dagbag.py:500} INFO - Filling up the DagBag from /home/airflow/.local/lib/python3.7/site-packages/airflow/example_dags/tutorial_etl_dag.py
[2022-01-22 13:11:13,858] {processor.py:637} INFO - DAG(s) dict_keys(['tutorial_etl_dag']) retrieved from /home/airflow/.local/lib/python3.7/site-packages/airflow/example_dags/tutorial_etl_dag.py
[2022-01-22 13:11:13,882] {logging_mixin.py:109} INFO - [2022-01-22 13:11:13,882] {dag.py:2396} INFO - Sync 1 DAGs
[2022-01-22 13:11:13,921] {logging_mixin.py:109} INFO - [2022-01-22 13:11:13,921] {dag.py:2928} INFO - Setting next_dagrun for tutorial_etl_dag to None
[2022-01-22 13:11:13,942] {processor.py:171} INFO - Processing /home/airflow/.local/lib/python3.7/site-packages/airflow/example_dags/tutorial_etl_dag.py took 0.160 seconds
[2022-01-22 13:11:44,772] {processor.py:163} INFO - Started process (PID=1712) to work on /home/airflow/.local/lib/python3.7/site-packages/airflow/example_dags/tutorial_etl_dag.py
[2022-01-22 13:11:44,776] {processor.py:625} INFO - Processing file /home/airflow/.local/lib/python3.7/site-packages/airflow/example_dags/tutorial_etl_dag.py for tasks to queue
[2022-01-22 13:11:44,778] {logging_mixin.py:109} INFO - [2022-01-22 13:11:44,778] {dagbag.py:500} INFO - Filling up the DagBag from /home/airflow/.local/lib/python3.7/site-packages/airflow/example_dags/tutorial_etl_dag.py
[2022-01-22 13:11:44,818] {processor.py:637} INFO - DAG(s) dict_keys(['tutorial_etl_dag']) retrieved from /home/airflow/.local/lib/python3.7/site-packages/airflow/example_dags/tutorial_etl_dag.py
[2022-01-22 13:11:44,831] {logging_mixin.py:109} INFO - [2022-01-22 13:11:44,831] {dag.py:2396} INFO - Sync 1 DAGs
[2022-01-22 13:11:44,851] {logging_mixin.py:109} INFO - [2022-01-22 13:11:44,851] {dag.py:2928} INFO - Setting next_dagrun for tutorial_etl_dag to None
[2022-01-22 13:11:44,864] {processor.py:171} INFO - Processing /home/airflow/.local/lib/python3.7/site-packages/airflow/example_dags/tutorial_etl_dag.py took 0.097 seconds
[2022-01-22 13:12:15,087] {processor.py:163} INFO - Started process (PID=1772) to work on /home/airflow/.local/lib/python3.7/site-packages/airflow/example_dags/tutorial_etl_dag.py
[2022-01-22 13:12:15,092] {processor.py:625} INFO - Processing file /home/airflow/.local/lib/python3.7/site-packages/airflow/example_dags/tutorial_etl_dag.py for tasks to queue
[2022-01-22 13:12:15,094] {logging_mixin.py:109} INFO - [2022-01-22 13:12:15,094] {dagbag.py:500} INFO - Filling up the DagBag from /home/airflow/.local/lib/python3.7/site-packages/airflow/example_dags/tutorial_etl_dag.py
[2022-01-22 13:12:15,185] {processor.py:637} INFO - DAG(s) dict_keys(['tutorial_etl_dag']) retrieved from /home/airflow/.local/lib/python3.7/site-packages/airflow/example_dags/tutorial_etl_dag.py
[2022-01-22 13:12:15,217] {logging_mixin.py:109} INFO - [2022-01-22 13:12:15,217] {dag.py:2396} INFO - Sync 1 DAGs
[2022-01-22 13:12:15,255] {logging_mixin.py:109} INFO - [2022-01-22 13:12:15,255] {dag.py:2928} INFO - Setting next_dagrun for tutorial_etl_dag to None
[2022-01-22 13:12:15,278] {processor.py:171} INFO - Processing /home/airflow/.local/lib/python3.7/site-packages/airflow/example_dags/tutorial_etl_dag.py took 0.202 seconds
[2022-01-22 13:12:45,565] {processor.py:163} INFO - Started process (PID=1833) to work on /home/airflow/.local/lib/python3.7/site-packages/airflow/example_dags/tutorial_etl_dag.py
[2022-01-22 13:12:45,570] {processor.py:625} INFO - Processing file /home/airflow/.local/lib/python3.7/site-packages/airflow/example_dags/tutorial_etl_dag.py for tasks to queue
[2022-01-22 13:12:45,572] {logging_mixin.py:109} INFO - [2022-01-22 13:12:45,572] {dagbag.py:500} INFO - Filling up the DagBag from /home/airflow/.local/lib/python3.7/site-packages/airflow/example_dags/tutorial_etl_dag.py
[2022-01-22 13:12:45,659] {processor.py:637} INFO - DAG(s) dict_keys(['tutorial_etl_dag']) retrieved from /home/airflow/.local/lib/python3.7/site-packages/airflow/example_dags/tutorial_etl_dag.py
[2022-01-22 13:12:45,691] {logging_mixin.py:109} INFO - [2022-01-22 13:12:45,690] {dag.py:2396} INFO - Sync 1 DAGs
[2022-01-22 13:12:45,740] {logging_mixin.py:109} INFO - [2022-01-22 13:12:45,740] {dag.py:2928} INFO - Setting next_dagrun for tutorial_etl_dag to None
[2022-01-22 13:12:45,769] {processor.py:171} INFO - Processing /home/airflow/.local/lib/python3.7/site-packages/airflow/example_dags/tutorial_etl_dag.py took 0.216 seconds
[2022-01-22 13:13:16,349] {processor.py:163} INFO - Started process (PID=1894) to work on /home/airflow/.local/lib/python3.7/site-packages/airflow/example_dags/tutorial_etl_dag.py
[2022-01-22 13:13:16,354] {processor.py:625} INFO - Processing file /home/airflow/.local/lib/python3.7/site-packages/airflow/example_dags/tutorial_etl_dag.py for tasks to queue
[2022-01-22 13:13:16,356] {logging_mixin.py:109} INFO - [2022-01-22 13:13:16,356] {dagbag.py:500} INFO - Filling up the DagBag from /home/airflow/.local/lib/python3.7/site-packages/airflow/example_dags/tutorial_etl_dag.py
[2022-01-22 13:13:16,416] {processor.py:637} INFO - DAG(s) dict_keys(['tutorial_etl_dag']) retrieved from /home/airflow/.local/lib/python3.7/site-packages/airflow/example_dags/tutorial_etl_dag.py
[2022-01-22 13:13:16,431] {logging_mixin.py:109} INFO - [2022-01-22 13:13:16,431] {dag.py:2396} INFO - Sync 1 DAGs
[2022-01-22 13:13:16,456] {logging_mixin.py:109} INFO - [2022-01-22 13:13:16,456] {dag.py:2928} INFO - Setting next_dagrun for tutorial_etl_dag to None
[2022-01-22 13:13:16,471] {processor.py:171} INFO - Processing /home/airflow/.local/lib/python3.7/site-packages/airflow/example_dags/tutorial_etl_dag.py took 0.131 seconds
[2022-01-22 13:13:46,778] {processor.py:163} INFO - Started process (PID=1956) to work on /home/airflow/.local/lib/python3.7/site-packages/airflow/example_dags/tutorial_etl_dag.py
[2022-01-22 13:13:46,784] {processor.py:625} INFO - Processing file /home/airflow/.local/lib/python3.7/site-packages/airflow/example_dags/tutorial_etl_dag.py for tasks to queue
[2022-01-22 13:13:46,787] {logging_mixin.py:109} INFO - [2022-01-22 13:13:46,787] {dagbag.py:500} INFO - Filling up the DagBag from /home/airflow/.local/lib/python3.7/site-packages/airflow/example_dags/tutorial_etl_dag.py
[2022-01-22 13:13:46,879] {processor.py:637} INFO - DAG(s) dict_keys(['tutorial_etl_dag']) retrieved from /home/airflow/.local/lib/python3.7/site-packages/airflow/example_dags/tutorial_etl_dag.py
[2022-01-22 13:13:46,912] {logging_mixin.py:109} INFO - [2022-01-22 13:13:46,912] {dag.py:2396} INFO - Sync 1 DAGs
[2022-01-22 13:13:46,966] {logging_mixin.py:109} INFO - [2022-01-22 13:13:46,965] {dag.py:2928} INFO - Setting next_dagrun for tutorial_etl_dag to None
[2022-01-22 13:13:46,996] {processor.py:171} INFO - Processing /home/airflow/.local/lib/python3.7/site-packages/airflow/example_dags/tutorial_etl_dag.py took 0.230 seconds
[2022-01-22 13:14:17,578] {processor.py:163} INFO - Started process (PID=2018) to work on /home/airflow/.local/lib/python3.7/site-packages/airflow/example_dags/tutorial_etl_dag.py
[2022-01-22 13:14:17,583] {processor.py:625} INFO - Processing file /home/airflow/.local/lib/python3.7/site-packages/airflow/example_dags/tutorial_etl_dag.py for tasks to queue
[2022-01-22 13:14:17,586] {logging_mixin.py:109} INFO - [2022-01-22 13:14:17,585] {dagbag.py:500} INFO - Filling up the DagBag from /home/airflow/.local/lib/python3.7/site-packages/airflow/example_dags/tutorial_etl_dag.py
[2022-01-22 13:14:17,681] {processor.py:637} INFO - DAG(s) dict_keys(['tutorial_etl_dag']) retrieved from /home/airflow/.local/lib/python3.7/site-packages/airflow/example_dags/tutorial_etl_dag.py
[2022-01-22 13:14:17,718] {logging_mixin.py:109} INFO - [2022-01-22 13:14:17,717] {dag.py:2396} INFO - Sync 1 DAGs
[2022-01-22 13:14:17,773] {logging_mixin.py:109} INFO - [2022-01-22 13:14:17,773] {dag.py:2928} INFO - Setting next_dagrun for tutorial_etl_dag to None
[2022-01-22 13:14:17,798] {processor.py:171} INFO - Processing /home/airflow/.local/lib/python3.7/site-packages/airflow/example_dags/tutorial_etl_dag.py took 0.233 seconds
[2022-01-22 13:14:48,315] {processor.py:163} INFO - Started process (PID=2078) to work on /home/airflow/.local/lib/python3.7/site-packages/airflow/example_dags/tutorial_etl_dag.py
[2022-01-22 13:14:48,318] {processor.py:625} INFO - Processing file /home/airflow/.local/lib/python3.7/site-packages/airflow/example_dags/tutorial_etl_dag.py for tasks to queue
[2022-01-22 13:14:48,320] {logging_mixin.py:109} INFO - [2022-01-22 13:14:48,320] {dagbag.py:500} INFO - Filling up the DagBag from /home/airflow/.local/lib/python3.7/site-packages/airflow/example_dags/tutorial_etl_dag.py
[2022-01-22 13:14:48,384] {processor.py:637} INFO - DAG(s) dict_keys(['tutorial_etl_dag']) retrieved from /home/airflow/.local/lib/python3.7/site-packages/airflow/example_dags/tutorial_etl_dag.py
[2022-01-22 13:14:48,409] {logging_mixin.py:109} INFO - [2022-01-22 13:14:48,408] {dag.py:2396} INFO - Sync 1 DAGs
[2022-01-22 13:14:48,447] {logging_mixin.py:109} INFO - [2022-01-22 13:14:48,447] {dag.py:2928} INFO - Setting next_dagrun for tutorial_etl_dag to None
[2022-01-22 13:14:48,469] {processor.py:171} INFO - Processing /home/airflow/.local/lib/python3.7/site-packages/airflow/example_dags/tutorial_etl_dag.py took 0.163 seconds
[2022-01-22 13:15:18,536] {processor.py:163} INFO - Started process (PID=2138) to work on /home/airflow/.local/lib/python3.7/site-packages/airflow/example_dags/tutorial_etl_dag.py
[2022-01-22 13:15:18,539] {processor.py:625} INFO - Processing file /home/airflow/.local/lib/python3.7/site-packages/airflow/example_dags/tutorial_etl_dag.py for tasks to queue
[2022-01-22 13:15:18,540] {logging_mixin.py:109} INFO - [2022-01-22 13:15:18,540] {dagbag.py:500} INFO - Filling up the DagBag from /home/airflow/.local/lib/python3.7/site-packages/airflow/example_dags/tutorial_etl_dag.py
[2022-01-22 13:15:18,575] {processor.py:637} INFO - DAG(s) dict_keys(['tutorial_etl_dag']) retrieved from /home/airflow/.local/lib/python3.7/site-packages/airflow/example_dags/tutorial_etl_dag.py
[2022-01-22 13:15:18,588] {logging_mixin.py:109} INFO - [2022-01-22 13:15:18,588] {dag.py:2396} INFO - Sync 1 DAGs
[2022-01-22 13:15:18,609] {logging_mixin.py:109} INFO - [2022-01-22 13:15:18,609] {dag.py:2928} INFO - Setting next_dagrun for tutorial_etl_dag to None
[2022-01-22 13:15:18,622] {processor.py:171} INFO - Processing /home/airflow/.local/lib/python3.7/site-packages/airflow/example_dags/tutorial_etl_dag.py took 0.090 seconds
[2022-01-22 13:20:24,078] {processor.py:163} INFO - Started process (PID=2198) to work on /home/airflow/.local/lib/python3.7/site-packages/airflow/example_dags/tutorial_etl_dag.py
[2022-01-22 13:20:24,091] {processor.py:625} INFO - Processing file /home/airflow/.local/lib/python3.7/site-packages/airflow/example_dags/tutorial_etl_dag.py for tasks to queue
[2022-01-22 13:20:24,093] {logging_mixin.py:109} INFO - [2022-01-22 13:20:24,093] {dagbag.py:500} INFO - Filling up the DagBag from /home/airflow/.local/lib/python3.7/site-packages/airflow/example_dags/tutorial_etl_dag.py
[2022-01-22 13:20:24,272] {processor.py:637} INFO - DAG(s) dict_keys(['tutorial_etl_dag']) retrieved from /home/airflow/.local/lib/python3.7/site-packages/airflow/example_dags/tutorial_etl_dag.py
[2022-01-22 13:20:24,365] {logging_mixin.py:109} INFO - [2022-01-22 13:20:24,365] {dag.py:2396} INFO - Sync 1 DAGs
[2022-01-22 13:20:24,468] {logging_mixin.py:109} INFO - [2022-01-22 13:20:24,468] {dag.py:2928} INFO - Setting next_dagrun for tutorial_etl_dag to None
[2022-01-22 13:20:24,495] {processor.py:171} INFO - Processing /home/airflow/.local/lib/python3.7/site-packages/airflow/example_dags/tutorial_etl_dag.py took 0.462 seconds
[2022-01-22 13:20:54,956] {processor.py:163} INFO - Started process (PID=2259) to work on /home/airflow/.local/lib/python3.7/site-packages/airflow/example_dags/tutorial_etl_dag.py
[2022-01-22 13:20:54,959] {processor.py:625} INFO - Processing file /home/airflow/.local/lib/python3.7/site-packages/airflow/example_dags/tutorial_etl_dag.py for tasks to queue
[2022-01-22 13:20:54,961] {logging_mixin.py:109} INFO - [2022-01-22 13:20:54,960] {dagbag.py:500} INFO - Filling up the DagBag from /home/airflow/.local/lib/python3.7/site-packages/airflow/example_dags/tutorial_etl_dag.py
[2022-01-22 13:20:55,012] {processor.py:637} INFO - DAG(s) dict_keys(['tutorial_etl_dag']) retrieved from /home/airflow/.local/lib/python3.7/site-packages/airflow/example_dags/tutorial_etl_dag.py
[2022-01-22 13:20:55,033] {logging_mixin.py:109} INFO - [2022-01-22 13:20:55,033] {dag.py:2396} INFO - Sync 1 DAGs
[2022-01-22 13:20:55,068] {logging_mixin.py:109} INFO - [2022-01-22 13:20:55,068] {dag.py:2928} INFO - Setting next_dagrun for tutorial_etl_dag to None
[2022-01-22 13:20:55,087] {processor.py:171} INFO - Processing /home/airflow/.local/lib/python3.7/site-packages/airflow/example_dags/tutorial_etl_dag.py took 0.138 seconds
[2022-01-22 13:21:26,099] {processor.py:163} INFO - Started process (PID=2321) to work on /home/airflow/.local/lib/python3.7/site-packages/airflow/example_dags/tutorial_etl_dag.py
[2022-01-22 13:21:26,101] {processor.py:625} INFO - Processing file /home/airflow/.local/lib/python3.7/site-packages/airflow/example_dags/tutorial_etl_dag.py for tasks to queue
[2022-01-22 13:21:26,102] {logging_mixin.py:109} INFO - [2022-01-22 13:21:26,102] {dagbag.py:500} INFO - Filling up the DagBag from /home/airflow/.local/lib/python3.7/site-packages/airflow/example_dags/tutorial_etl_dag.py
[2022-01-22 13:21:26,145] {processor.py:637} INFO - DAG(s) dict_keys(['tutorial_etl_dag']) retrieved from /home/airflow/.local/lib/python3.7/site-packages/airflow/example_dags/tutorial_etl_dag.py
[2022-01-22 13:21:26,160] {logging_mixin.py:109} INFO - [2022-01-22 13:21:26,160] {dag.py:2396} INFO - Sync 1 DAGs
[2022-01-22 13:21:26,183] {logging_mixin.py:109} INFO - [2022-01-22 13:21:26,182] {dag.py:2928} INFO - Setting next_dagrun for tutorial_etl_dag to None
[2022-01-22 13:21:26,196] {processor.py:171} INFO - Processing /home/airflow/.local/lib/python3.7/site-packages/airflow/example_dags/tutorial_etl_dag.py took 0.101 seconds
