[2022-01-22 12:58:16,483] {processor.py:163} INFO - Started process (PID=72) to work on /home/airflow/.local/lib/python3.7/site-packages/airflow/example_dags/tutorial.py
[2022-01-22 12:58:16,486] {processor.py:625} INFO - Processing file /home/airflow/.local/lib/python3.7/site-packages/airflow/example_dags/tutorial.py for tasks to queue
[2022-01-22 12:58:16,499] {logging_mixin.py:109} INFO - [2022-01-22 12:58:16,498] {dagbag.py:500} INFO - Filling up the DagBag from /home/airflow/.local/lib/python3.7/site-packages/airflow/example_dags/tutorial.py
[2022-01-22 12:58:16,628] {processor.py:637} INFO - DAG(s) dict_keys(['tutorial']) retrieved from /home/airflow/.local/lib/python3.7/site-packages/airflow/example_dags/tutorial.py
[2022-01-22 12:58:16,678] {logging_mixin.py:109} INFO - [2022-01-22 12:58:16,678] {dag.py:2396} INFO - Sync 1 DAGs
[2022-01-22 12:58:16,744] {logging_mixin.py:109} INFO - [2022-01-22 12:58:16,743] {dag.py:2928} INFO - Setting next_dagrun for tutorial to 2022-01-21T12:58:16.743271+00:00
[2022-01-22 12:58:16,768] {processor.py:171} INFO - Processing /home/airflow/.local/lib/python3.7/site-packages/airflow/example_dags/tutorial.py took 0.301 seconds
[2022-01-22 12:58:56,261] {processor.py:163} INFO - Started process (PID=163) to work on /home/airflow/.local/lib/python3.7/site-packages/airflow/example_dags/tutorial.py
[2022-01-22 12:58:56,383] {processor.py:625} INFO - Processing file /home/airflow/.local/lib/python3.7/site-packages/airflow/example_dags/tutorial.py for tasks to queue
[2022-01-22 12:58:56,418] {logging_mixin.py:109} INFO - [2022-01-22 12:58:56,418] {dagbag.py:500} INFO - Filling up the DagBag from /home/airflow/.local/lib/python3.7/site-packages/airflow/example_dags/tutorial.py
[2022-01-22 12:58:57,151] {processor.py:637} INFO - DAG(s) dict_keys(['tutorial']) retrieved from /home/airflow/.local/lib/python3.7/site-packages/airflow/example_dags/tutorial.py
[2022-01-22 12:58:57,368] {logging_mixin.py:109} INFO - [2022-01-22 12:58:57,368] {dag.py:2396} INFO - Sync 1 DAGs
[2022-01-22 12:58:57,655] {logging_mixin.py:109} INFO - [2022-01-22 12:58:57,651] {dag.py:2928} INFO - Setting next_dagrun for tutorial to 2022-01-21T12:58:57.651077+00:00
[2022-01-22 12:58:57,759] {processor.py:171} INFO - Processing /home/airflow/.local/lib/python3.7/site-packages/airflow/example_dags/tutorial.py took 1.594 seconds
[2022-01-22 12:59:28,321] {processor.py:163} INFO - Started process (PID=231) to work on /home/airflow/.local/lib/python3.7/site-packages/airflow/example_dags/tutorial.py
[2022-01-22 12:59:28,324] {processor.py:625} INFO - Processing file /home/airflow/.local/lib/python3.7/site-packages/airflow/example_dags/tutorial.py for tasks to queue
[2022-01-22 12:59:28,326] {logging_mixin.py:109} INFO - [2022-01-22 12:59:28,325] {dagbag.py:500} INFO - Filling up the DagBag from /home/airflow/.local/lib/python3.7/site-packages/airflow/example_dags/tutorial.py
[2022-01-22 12:59:28,405] {processor.py:637} INFO - DAG(s) dict_keys(['tutorial']) retrieved from /home/airflow/.local/lib/python3.7/site-packages/airflow/example_dags/tutorial.py
[2022-01-22 12:59:28,442] {logging_mixin.py:109} INFO - [2022-01-22 12:59:28,442] {dag.py:2396} INFO - Sync 1 DAGs
[2022-01-22 12:59:28,495] {logging_mixin.py:109} INFO - [2022-01-22 12:59:28,495] {dag.py:2928} INFO - Setting next_dagrun for tutorial to 2022-01-21T12:59:28.494511+00:00
[2022-01-22 12:59:28,526] {processor.py:171} INFO - Processing /home/airflow/.local/lib/python3.7/site-packages/airflow/example_dags/tutorial.py took 0.212 seconds
[2022-01-22 12:59:59,105] {processor.py:163} INFO - Started process (PID=292) to work on /home/airflow/.local/lib/python3.7/site-packages/airflow/example_dags/tutorial.py
[2022-01-22 12:59:59,107] {processor.py:625} INFO - Processing file /home/airflow/.local/lib/python3.7/site-packages/airflow/example_dags/tutorial.py for tasks to queue
[2022-01-22 12:59:59,109] {logging_mixin.py:109} INFO - [2022-01-22 12:59:59,109] {dagbag.py:500} INFO - Filling up the DagBag from /home/airflow/.local/lib/python3.7/site-packages/airflow/example_dags/tutorial.py
[2022-01-22 12:59:59,161] {processor.py:637} INFO - DAG(s) dict_keys(['tutorial']) retrieved from /home/airflow/.local/lib/python3.7/site-packages/airflow/example_dags/tutorial.py
[2022-01-22 12:59:59,183] {logging_mixin.py:109} INFO - [2022-01-22 12:59:59,183] {dag.py:2396} INFO - Sync 1 DAGs
[2022-01-22 12:59:59,212] {logging_mixin.py:109} INFO - [2022-01-22 12:59:59,212] {dag.py:2928} INFO - Setting next_dagrun for tutorial to 2022-01-21T12:59:59.211855+00:00
[2022-01-22 12:59:59,232] {processor.py:171} INFO - Processing /home/airflow/.local/lib/python3.7/site-packages/airflow/example_dags/tutorial.py took 0.132 seconds
[2022-01-22 13:00:29,540] {processor.py:163} INFO - Started process (PID=345) to work on /home/airflow/.local/lib/python3.7/site-packages/airflow/example_dags/tutorial.py
[2022-01-22 13:00:29,545] {processor.py:625} INFO - Processing file /home/airflow/.local/lib/python3.7/site-packages/airflow/example_dags/tutorial.py for tasks to queue
[2022-01-22 13:00:29,548] {logging_mixin.py:109} INFO - [2022-01-22 13:00:29,547] {dagbag.py:500} INFO - Filling up the DagBag from /home/airflow/.local/lib/python3.7/site-packages/airflow/example_dags/tutorial.py
[2022-01-22 13:00:29,640] {processor.py:637} INFO - DAG(s) dict_keys(['tutorial']) retrieved from /home/airflow/.local/lib/python3.7/site-packages/airflow/example_dags/tutorial.py
[2022-01-22 13:00:29,711] {logging_mixin.py:109} INFO - [2022-01-22 13:00:29,710] {dag.py:2396} INFO - Sync 1 DAGs
[2022-01-22 13:00:29,760] {logging_mixin.py:109} INFO - [2022-01-22 13:00:29,760] {dag.py:2928} INFO - Setting next_dagrun for tutorial to 2022-01-21T13:00:29.759892+00:00
[2022-01-22 13:00:29,776] {processor.py:171} INFO - Processing /home/airflow/.local/lib/python3.7/site-packages/airflow/example_dags/tutorial.py took 0.247 seconds
[2022-01-22 13:01:00,298] {processor.py:163} INFO - Started process (PID=413) to work on /home/airflow/.local/lib/python3.7/site-packages/airflow/example_dags/tutorial.py
[2022-01-22 13:01:00,300] {processor.py:625} INFO - Processing file /home/airflow/.local/lib/python3.7/site-packages/airflow/example_dags/tutorial.py for tasks to queue
[2022-01-22 13:01:00,301] {logging_mixin.py:109} INFO - [2022-01-22 13:01:00,301] {dagbag.py:500} INFO - Filling up the DagBag from /home/airflow/.local/lib/python3.7/site-packages/airflow/example_dags/tutorial.py
[2022-01-22 13:01:00,342] {processor.py:637} INFO - DAG(s) dict_keys(['tutorial']) retrieved from /home/airflow/.local/lib/python3.7/site-packages/airflow/example_dags/tutorial.py
[2022-01-22 13:01:00,364] {logging_mixin.py:109} INFO - [2022-01-22 13:01:00,363] {dag.py:2396} INFO - Sync 1 DAGs
[2022-01-22 13:01:00,399] {logging_mixin.py:109} INFO - [2022-01-22 13:01:00,399] {dag.py:2928} INFO - Setting next_dagrun for tutorial to 2022-01-21T13:01:00.399409+00:00
[2022-01-22 13:01:00,416] {processor.py:171} INFO - Processing /home/airflow/.local/lib/python3.7/site-packages/airflow/example_dags/tutorial.py took 0.122 seconds
[2022-01-22 13:01:30,668] {processor.py:163} INFO - Started process (PID=467) to work on /home/airflow/.local/lib/python3.7/site-packages/airflow/example_dags/tutorial.py
[2022-01-22 13:01:30,671] {processor.py:625} INFO - Processing file /home/airflow/.local/lib/python3.7/site-packages/airflow/example_dags/tutorial.py for tasks to queue
[2022-01-22 13:01:30,673] {logging_mixin.py:109} INFO - [2022-01-22 13:01:30,673] {dagbag.py:500} INFO - Filling up the DagBag from /home/airflow/.local/lib/python3.7/site-packages/airflow/example_dags/tutorial.py
[2022-01-22 13:01:30,725] {processor.py:637} INFO - DAG(s) dict_keys(['tutorial']) retrieved from /home/airflow/.local/lib/python3.7/site-packages/airflow/example_dags/tutorial.py
[2022-01-22 13:01:30,741] {logging_mixin.py:109} INFO - [2022-01-22 13:01:30,741] {dag.py:2396} INFO - Sync 1 DAGs
[2022-01-22 13:01:30,766] {logging_mixin.py:109} INFO - [2022-01-22 13:01:30,766] {dag.py:2928} INFO - Setting next_dagrun for tutorial to 2022-01-21T13:01:30.766327+00:00
[2022-01-22 13:01:30,783] {processor.py:171} INFO - Processing /home/airflow/.local/lib/python3.7/site-packages/airflow/example_dags/tutorial.py took 0.124 seconds
[2022-01-22 13:02:01,567] {processor.py:163} INFO - Started process (PID=526) to work on /home/airflow/.local/lib/python3.7/site-packages/airflow/example_dags/tutorial.py
[2022-01-22 13:02:01,575] {processor.py:625} INFO - Processing file /home/airflow/.local/lib/python3.7/site-packages/airflow/example_dags/tutorial.py for tasks to queue
[2022-01-22 13:02:01,577] {logging_mixin.py:109} INFO - [2022-01-22 13:02:01,577] {dagbag.py:500} INFO - Filling up the DagBag from /home/airflow/.local/lib/python3.7/site-packages/airflow/example_dags/tutorial.py
[2022-01-22 13:02:01,632] {processor.py:637} INFO - DAG(s) dict_keys(['tutorial']) retrieved from /home/airflow/.local/lib/python3.7/site-packages/airflow/example_dags/tutorial.py
[2022-01-22 13:02:01,666] {logging_mixin.py:109} INFO - [2022-01-22 13:02:01,666] {dag.py:2396} INFO - Sync 1 DAGs
[2022-01-22 13:02:01,708] {logging_mixin.py:109} INFO - [2022-01-22 13:02:01,708] {dag.py:2928} INFO - Setting next_dagrun for tutorial to 2022-01-21T13:02:01.707671+00:00
[2022-01-22 13:02:01,729] {processor.py:171} INFO - Processing /home/airflow/.local/lib/python3.7/site-packages/airflow/example_dags/tutorial.py took 0.169 seconds
[2022-01-22 13:02:32,357] {processor.py:163} INFO - Started process (PID=586) to work on /home/airflow/.local/lib/python3.7/site-packages/airflow/example_dags/tutorial.py
[2022-01-22 13:02:32,361] {processor.py:625} INFO - Processing file /home/airflow/.local/lib/python3.7/site-packages/airflow/example_dags/tutorial.py for tasks to queue
[2022-01-22 13:02:32,363] {logging_mixin.py:109} INFO - [2022-01-22 13:02:32,362] {dagbag.py:500} INFO - Filling up the DagBag from /home/airflow/.local/lib/python3.7/site-packages/airflow/example_dags/tutorial.py
[2022-01-22 13:02:32,438] {processor.py:637} INFO - DAG(s) dict_keys(['tutorial']) retrieved from /home/airflow/.local/lib/python3.7/site-packages/airflow/example_dags/tutorial.py
[2022-01-22 13:02:32,463] {logging_mixin.py:109} INFO - [2022-01-22 13:02:32,462] {dag.py:2396} INFO - Sync 1 DAGs
[2022-01-22 13:02:32,490] {logging_mixin.py:109} INFO - [2022-01-22 13:02:32,490] {dag.py:2928} INFO - Setting next_dagrun for tutorial to 2022-01-21T13:02:32.489935+00:00
[2022-01-22 13:02:32,507] {processor.py:171} INFO - Processing /home/airflow/.local/lib/python3.7/site-packages/airflow/example_dags/tutorial.py took 0.158 seconds
[2022-01-22 13:03:03,084] {processor.py:163} INFO - Started process (PID=647) to work on /home/airflow/.local/lib/python3.7/site-packages/airflow/example_dags/tutorial.py
[2022-01-22 13:03:03,086] {processor.py:625} INFO - Processing file /home/airflow/.local/lib/python3.7/site-packages/airflow/example_dags/tutorial.py for tasks to queue
[2022-01-22 13:03:03,088] {logging_mixin.py:109} INFO - [2022-01-22 13:03:03,088] {dagbag.py:500} INFO - Filling up the DagBag from /home/airflow/.local/lib/python3.7/site-packages/airflow/example_dags/tutorial.py
[2022-01-22 13:03:03,135] {processor.py:637} INFO - DAG(s) dict_keys(['tutorial']) retrieved from /home/airflow/.local/lib/python3.7/site-packages/airflow/example_dags/tutorial.py
[2022-01-22 13:03:03,151] {logging_mixin.py:109} INFO - [2022-01-22 13:03:03,151] {dag.py:2396} INFO - Sync 1 DAGs
[2022-01-22 13:03:03,173] {logging_mixin.py:109} INFO - [2022-01-22 13:03:03,173] {dag.py:2928} INFO - Setting next_dagrun for tutorial to 2022-01-21T13:03:03.172722+00:00
[2022-01-22 13:03:03,185] {processor.py:171} INFO - Processing /home/airflow/.local/lib/python3.7/site-packages/airflow/example_dags/tutorial.py took 0.109 seconds
[2022-01-22 13:03:33,537] {processor.py:163} INFO - Started process (PID=709) to work on /home/airflow/.local/lib/python3.7/site-packages/airflow/example_dags/tutorial.py
[2022-01-22 13:03:33,540] {processor.py:625} INFO - Processing file /home/airflow/.local/lib/python3.7/site-packages/airflow/example_dags/tutorial.py for tasks to queue
[2022-01-22 13:03:33,542] {logging_mixin.py:109} INFO - [2022-01-22 13:03:33,542] {dagbag.py:500} INFO - Filling up the DagBag from /home/airflow/.local/lib/python3.7/site-packages/airflow/example_dags/tutorial.py
[2022-01-22 13:03:33,613] {processor.py:637} INFO - DAG(s) dict_keys(['tutorial']) retrieved from /home/airflow/.local/lib/python3.7/site-packages/airflow/example_dags/tutorial.py
[2022-01-22 13:03:33,637] {logging_mixin.py:109} INFO - [2022-01-22 13:03:33,637] {dag.py:2396} INFO - Sync 1 DAGs
[2022-01-22 13:03:33,673] {logging_mixin.py:109} INFO - [2022-01-22 13:03:33,672] {dag.py:2928} INFO - Setting next_dagrun for tutorial to 2022-01-21T13:03:33.672305+00:00
[2022-01-22 13:03:33,695] {processor.py:171} INFO - Processing /home/airflow/.local/lib/python3.7/site-packages/airflow/example_dags/tutorial.py took 0.162 seconds
[2022-01-22 13:04:04,493] {processor.py:163} INFO - Started process (PID=780) to work on /home/airflow/.local/lib/python3.7/site-packages/airflow/example_dags/tutorial.py
[2022-01-22 13:04:04,496] {processor.py:625} INFO - Processing file /home/airflow/.local/lib/python3.7/site-packages/airflow/example_dags/tutorial.py for tasks to queue
[2022-01-22 13:04:04,499] {logging_mixin.py:109} INFO - [2022-01-22 13:04:04,498] {dagbag.py:500} INFO - Filling up the DagBag from /home/airflow/.local/lib/python3.7/site-packages/airflow/example_dags/tutorial.py
[2022-01-22 13:04:04,547] {processor.py:637} INFO - DAG(s) dict_keys(['tutorial']) retrieved from /home/airflow/.local/lib/python3.7/site-packages/airflow/example_dags/tutorial.py
[2022-01-22 13:04:04,569] {logging_mixin.py:109} INFO - [2022-01-22 13:04:04,569] {dag.py:2396} INFO - Sync 1 DAGs
[2022-01-22 13:04:04,599] {logging_mixin.py:109} INFO - [2022-01-22 13:04:04,599] {dag.py:2928} INFO - Setting next_dagrun for tutorial to 2022-01-21T13:04:04.598785+00:00
[2022-01-22 13:04:04,656] {processor.py:171} INFO - Processing /home/airflow/.local/lib/python3.7/site-packages/airflow/example_dags/tutorial.py took 0.169 seconds
[2022-01-22 13:04:35,075] {processor.py:163} INFO - Started process (PID=839) to work on /home/airflow/.local/lib/python3.7/site-packages/airflow/example_dags/tutorial.py
[2022-01-22 13:04:35,077] {processor.py:625} INFO - Processing file /home/airflow/.local/lib/python3.7/site-packages/airflow/example_dags/tutorial.py for tasks to queue
[2022-01-22 13:04:35,079] {logging_mixin.py:109} INFO - [2022-01-22 13:04:35,079] {dagbag.py:500} INFO - Filling up the DagBag from /home/airflow/.local/lib/python3.7/site-packages/airflow/example_dags/tutorial.py
[2022-01-22 13:04:35,118] {processor.py:637} INFO - DAG(s) dict_keys(['tutorial']) retrieved from /home/airflow/.local/lib/python3.7/site-packages/airflow/example_dags/tutorial.py
[2022-01-22 13:04:35,134] {logging_mixin.py:109} INFO - [2022-01-22 13:04:35,134] {dag.py:2396} INFO - Sync 1 DAGs
[2022-01-22 13:04:35,160] {logging_mixin.py:109} INFO - [2022-01-22 13:04:35,160] {dag.py:2928} INFO - Setting next_dagrun for tutorial to 2022-01-21T13:04:35.160204+00:00
[2022-01-22 13:04:35,178] {processor.py:171} INFO - Processing /home/airflow/.local/lib/python3.7/site-packages/airflow/example_dags/tutorial.py took 0.106 seconds
[2022-01-22 13:05:05,360] {processor.py:163} INFO - Started process (PID=899) to work on /home/airflow/.local/lib/python3.7/site-packages/airflow/example_dags/tutorial.py
[2022-01-22 13:05:05,365] {processor.py:625} INFO - Processing file /home/airflow/.local/lib/python3.7/site-packages/airflow/example_dags/tutorial.py for tasks to queue
[2022-01-22 13:05:05,368] {logging_mixin.py:109} INFO - [2022-01-22 13:05:05,368] {dagbag.py:500} INFO - Filling up the DagBag from /home/airflow/.local/lib/python3.7/site-packages/airflow/example_dags/tutorial.py
[2022-01-22 13:05:05,462] {processor.py:637} INFO - DAG(s) dict_keys(['tutorial']) retrieved from /home/airflow/.local/lib/python3.7/site-packages/airflow/example_dags/tutorial.py
[2022-01-22 13:05:05,482] {logging_mixin.py:109} INFO - [2022-01-22 13:05:05,482] {dag.py:2396} INFO - Sync 1 DAGs
[2022-01-22 13:05:05,515] {logging_mixin.py:109} INFO - [2022-01-22 13:05:05,514] {dag.py:2928} INFO - Setting next_dagrun for tutorial to 2022-01-21T13:05:05.513928+00:00
[2022-01-22 13:05:05,543] {processor.py:171} INFO - Processing /home/airflow/.local/lib/python3.7/site-packages/airflow/example_dags/tutorial.py took 0.195 seconds
[2022-01-22 13:05:35,625] {processor.py:163} INFO - Started process (PID=959) to work on /home/airflow/.local/lib/python3.7/site-packages/airflow/example_dags/tutorial.py
[2022-01-22 13:05:35,628] {processor.py:625} INFO - Processing file /home/airflow/.local/lib/python3.7/site-packages/airflow/example_dags/tutorial.py for tasks to queue
[2022-01-22 13:05:35,630] {logging_mixin.py:109} INFO - [2022-01-22 13:05:35,630] {dagbag.py:500} INFO - Filling up the DagBag from /home/airflow/.local/lib/python3.7/site-packages/airflow/example_dags/tutorial.py
[2022-01-22 13:05:35,702] {processor.py:637} INFO - DAG(s) dict_keys(['tutorial']) retrieved from /home/airflow/.local/lib/python3.7/site-packages/airflow/example_dags/tutorial.py
[2022-01-22 13:05:35,726] {logging_mixin.py:109} INFO - [2022-01-22 13:05:35,726] {dag.py:2396} INFO - Sync 1 DAGs
[2022-01-22 13:05:35,765] {logging_mixin.py:109} INFO - [2022-01-22 13:05:35,765] {dag.py:2928} INFO - Setting next_dagrun for tutorial to 2022-01-21T13:05:35.764823+00:00
[2022-01-22 13:05:35,798] {processor.py:171} INFO - Processing /home/airflow/.local/lib/python3.7/site-packages/airflow/example_dags/tutorial.py took 0.182 seconds
[2022-01-22 13:06:05,892] {processor.py:163} INFO - Started process (PID=1021) to work on /home/airflow/.local/lib/python3.7/site-packages/airflow/example_dags/tutorial.py
[2022-01-22 13:06:05,895] {processor.py:625} INFO - Processing file /home/airflow/.local/lib/python3.7/site-packages/airflow/example_dags/tutorial.py for tasks to queue
[2022-01-22 13:06:05,897] {logging_mixin.py:109} INFO - [2022-01-22 13:06:05,897] {dagbag.py:500} INFO - Filling up the DagBag from /home/airflow/.local/lib/python3.7/site-packages/airflow/example_dags/tutorial.py
[2022-01-22 13:06:05,956] {processor.py:637} INFO - DAG(s) dict_keys(['tutorial']) retrieved from /home/airflow/.local/lib/python3.7/site-packages/airflow/example_dags/tutorial.py
[2022-01-22 13:06:05,970] {logging_mixin.py:109} INFO - [2022-01-22 13:06:05,970] {dag.py:2396} INFO - Sync 1 DAGs
[2022-01-22 13:06:05,988] {logging_mixin.py:109} INFO - [2022-01-22 13:06:05,988] {dag.py:2928} INFO - Setting next_dagrun for tutorial to 2022-01-21T13:06:05.988152+00:00
[2022-01-22 13:06:06,117] {processor.py:171} INFO - Processing /home/airflow/.local/lib/python3.7/site-packages/airflow/example_dags/tutorial.py took 0.232 seconds
[2022-01-22 13:06:36,249] {processor.py:163} INFO - Started process (PID=1083) to work on /home/airflow/.local/lib/python3.7/site-packages/airflow/example_dags/tutorial.py
[2022-01-22 13:06:36,253] {processor.py:625} INFO - Processing file /home/airflow/.local/lib/python3.7/site-packages/airflow/example_dags/tutorial.py for tasks to queue
[2022-01-22 13:06:36,255] {logging_mixin.py:109} INFO - [2022-01-22 13:06:36,255] {dagbag.py:500} INFO - Filling up the DagBag from /home/airflow/.local/lib/python3.7/site-packages/airflow/example_dags/tutorial.py
[2022-01-22 13:06:36,326] {processor.py:637} INFO - DAG(s) dict_keys(['tutorial']) retrieved from /home/airflow/.local/lib/python3.7/site-packages/airflow/example_dags/tutorial.py
[2022-01-22 13:06:36,349] {logging_mixin.py:109} INFO - [2022-01-22 13:06:36,349] {dag.py:2396} INFO - Sync 1 DAGs
[2022-01-22 13:06:36,525] {logging_mixin.py:109} INFO - [2022-01-22 13:06:36,524] {dag.py:2928} INFO - Setting next_dagrun for tutorial to 2022-01-21T13:06:36.524501+00:00
[2022-01-22 13:06:36,544] {processor.py:171} INFO - Processing /home/airflow/.local/lib/python3.7/site-packages/airflow/example_dags/tutorial.py took 0.302 seconds
[2022-01-22 13:07:07,802] {processor.py:163} INFO - Started process (PID=1144) to work on /home/airflow/.local/lib/python3.7/site-packages/airflow/example_dags/tutorial.py
[2022-01-22 13:07:07,809] {processor.py:625} INFO - Processing file /home/airflow/.local/lib/python3.7/site-packages/airflow/example_dags/tutorial.py for tasks to queue
[2022-01-22 13:07:07,813] {logging_mixin.py:109} INFO - [2022-01-22 13:07:07,812] {dagbag.py:500} INFO - Filling up the DagBag from /home/airflow/.local/lib/python3.7/site-packages/airflow/example_dags/tutorial.py
[2022-01-22 13:07:07,879] {processor.py:637} INFO - DAG(s) dict_keys(['tutorial']) retrieved from /home/airflow/.local/lib/python3.7/site-packages/airflow/example_dags/tutorial.py
[2022-01-22 13:07:07,896] {logging_mixin.py:109} INFO - [2022-01-22 13:07:07,895] {dag.py:2396} INFO - Sync 1 DAGs
[2022-01-22 13:07:08,028] {logging_mixin.py:109} INFO - [2022-01-22 13:07:08,027] {dag.py:2928} INFO - Setting next_dagrun for tutorial to 2022-01-21T13:07:08.027546+00:00
[2022-01-22 13:07:08,044] {processor.py:171} INFO - Processing /home/airflow/.local/lib/python3.7/site-packages/airflow/example_dags/tutorial.py took 0.257 seconds
[2022-01-22 13:07:38,541] {processor.py:163} INFO - Started process (PID=1214) to work on /home/airflow/.local/lib/python3.7/site-packages/airflow/example_dags/tutorial.py
[2022-01-22 13:07:38,545] {processor.py:625} INFO - Processing file /home/airflow/.local/lib/python3.7/site-packages/airflow/example_dags/tutorial.py for tasks to queue
[2022-01-22 13:07:38,546] {logging_mixin.py:109} INFO - [2022-01-22 13:07:38,546] {dagbag.py:500} INFO - Filling up the DagBag from /home/airflow/.local/lib/python3.7/site-packages/airflow/example_dags/tutorial.py
[2022-01-22 13:07:38,592] {processor.py:637} INFO - DAG(s) dict_keys(['tutorial']) retrieved from /home/airflow/.local/lib/python3.7/site-packages/airflow/example_dags/tutorial.py
[2022-01-22 13:07:38,607] {logging_mixin.py:109} INFO - [2022-01-22 13:07:38,607] {dag.py:2396} INFO - Sync 1 DAGs
[2022-01-22 13:07:38,743] {logging_mixin.py:109} INFO - [2022-01-22 13:07:38,743] {dag.py:2928} INFO - Setting next_dagrun for tutorial to 2022-01-21T13:07:38.743394+00:00
[2022-01-22 13:07:38,761] {processor.py:171} INFO - Processing /home/airflow/.local/lib/python3.7/site-packages/airflow/example_dags/tutorial.py took 0.225 seconds
[2022-01-22 13:08:09,060] {processor.py:163} INFO - Started process (PID=1276) to work on /home/airflow/.local/lib/python3.7/site-packages/airflow/example_dags/tutorial.py
[2022-01-22 13:08:09,062] {processor.py:625} INFO - Processing file /home/airflow/.local/lib/python3.7/site-packages/airflow/example_dags/tutorial.py for tasks to queue
[2022-01-22 13:08:09,064] {logging_mixin.py:109} INFO - [2022-01-22 13:08:09,064] {dagbag.py:500} INFO - Filling up the DagBag from /home/airflow/.local/lib/python3.7/site-packages/airflow/example_dags/tutorial.py
[2022-01-22 13:08:09,107] {processor.py:637} INFO - DAG(s) dict_keys(['tutorial']) retrieved from /home/airflow/.local/lib/python3.7/site-packages/airflow/example_dags/tutorial.py
[2022-01-22 13:08:09,125] {logging_mixin.py:109} INFO - [2022-01-22 13:08:09,125] {dag.py:2396} INFO - Sync 1 DAGs
[2022-01-22 13:08:09,268] {logging_mixin.py:109} INFO - [2022-01-22 13:08:09,267] {dag.py:2928} INFO - Setting next_dagrun for tutorial to 2022-01-21T13:08:09.267407+00:00
[2022-01-22 13:08:09,286] {processor.py:171} INFO - Processing /home/airflow/.local/lib/python3.7/site-packages/airflow/example_dags/tutorial.py took 0.234 seconds
[2022-01-22 13:08:39,988] {processor.py:163} INFO - Started process (PID=1337) to work on /home/airflow/.local/lib/python3.7/site-packages/airflow/example_dags/tutorial.py
[2022-01-22 13:08:39,991] {processor.py:625} INFO - Processing file /home/airflow/.local/lib/python3.7/site-packages/airflow/example_dags/tutorial.py for tasks to queue
[2022-01-22 13:08:39,993] {logging_mixin.py:109} INFO - [2022-01-22 13:08:39,993] {dagbag.py:500} INFO - Filling up the DagBag from /home/airflow/.local/lib/python3.7/site-packages/airflow/example_dags/tutorial.py
[2022-01-22 13:08:40,206] {processor.py:637} INFO - DAG(s) dict_keys(['tutorial']) retrieved from /home/airflow/.local/lib/python3.7/site-packages/airflow/example_dags/tutorial.py
[2022-01-22 13:08:40,232] {logging_mixin.py:109} INFO - [2022-01-22 13:08:40,232] {dag.py:2396} INFO - Sync 1 DAGs
[2022-01-22 13:08:40,275] {logging_mixin.py:109} INFO - [2022-01-22 13:08:40,274] {dag.py:2928} INFO - Setting next_dagrun for tutorial to 2022-01-21T13:08:40.273913+00:00
[2022-01-22 13:08:40,301] {processor.py:171} INFO - Processing /home/airflow/.local/lib/python3.7/site-packages/airflow/example_dags/tutorial.py took 0.319 seconds
[2022-01-22 13:09:10,771] {processor.py:163} INFO - Started process (PID=1400) to work on /home/airflow/.local/lib/python3.7/site-packages/airflow/example_dags/tutorial.py
[2022-01-22 13:09:10,774] {processor.py:625} INFO - Processing file /home/airflow/.local/lib/python3.7/site-packages/airflow/example_dags/tutorial.py for tasks to queue
[2022-01-22 13:09:10,776] {logging_mixin.py:109} INFO - [2022-01-22 13:09:10,776] {dagbag.py:500} INFO - Filling up the DagBag from /home/airflow/.local/lib/python3.7/site-packages/airflow/example_dags/tutorial.py
[2022-01-22 13:09:10,979] {processor.py:637} INFO - DAG(s) dict_keys(['tutorial']) retrieved from /home/airflow/.local/lib/python3.7/site-packages/airflow/example_dags/tutorial.py
[2022-01-22 13:09:10,997] {logging_mixin.py:109} INFO - [2022-01-22 13:09:10,997] {dag.py:2396} INFO - Sync 1 DAGs
[2022-01-22 13:09:11,028] {logging_mixin.py:109} INFO - [2022-01-22 13:09:11,028] {dag.py:2928} INFO - Setting next_dagrun for tutorial to 2022-01-21T13:09:11.027422+00:00
[2022-01-22 13:09:11,045] {processor.py:171} INFO - Processing /home/airflow/.local/lib/python3.7/site-packages/airflow/example_dags/tutorial.py took 0.282 seconds
[2022-01-22 13:09:41,862] {processor.py:163} INFO - Started process (PID=1462) to work on /home/airflow/.local/lib/python3.7/site-packages/airflow/example_dags/tutorial.py
[2022-01-22 13:09:41,864] {processor.py:625} INFO - Processing file /home/airflow/.local/lib/python3.7/site-packages/airflow/example_dags/tutorial.py for tasks to queue
[2022-01-22 13:09:41,866] {logging_mixin.py:109} INFO - [2022-01-22 13:09:41,866] {dagbag.py:500} INFO - Filling up the DagBag from /home/airflow/.local/lib/python3.7/site-packages/airflow/example_dags/tutorial.py
[2022-01-22 13:09:42,046] {processor.py:637} INFO - DAG(s) dict_keys(['tutorial']) retrieved from /home/airflow/.local/lib/python3.7/site-packages/airflow/example_dags/tutorial.py
[2022-01-22 13:09:42,068] {logging_mixin.py:109} INFO - [2022-01-22 13:09:42,068] {dag.py:2396} INFO - Sync 1 DAGs
[2022-01-22 13:09:42,103] {logging_mixin.py:109} INFO - [2022-01-22 13:09:42,103] {dag.py:2928} INFO - Setting next_dagrun for tutorial to 2022-01-21T13:09:42.102514+00:00
[2022-01-22 13:09:42,124] {processor.py:171} INFO - Processing /home/airflow/.local/lib/python3.7/site-packages/airflow/example_dags/tutorial.py took 0.270 seconds
[2022-01-22 13:10:12,748] {processor.py:163} INFO - Started process (PID=1523) to work on /home/airflow/.local/lib/python3.7/site-packages/airflow/example_dags/tutorial.py
[2022-01-22 13:10:12,750] {processor.py:625} INFO - Processing file /home/airflow/.local/lib/python3.7/site-packages/airflow/example_dags/tutorial.py for tasks to queue
[2022-01-22 13:10:12,752] {logging_mixin.py:109} INFO - [2022-01-22 13:10:12,751] {dagbag.py:500} INFO - Filling up the DagBag from /home/airflow/.local/lib/python3.7/site-packages/airflow/example_dags/tutorial.py
[2022-01-22 13:10:12,907] {processor.py:637} INFO - DAG(s) dict_keys(['tutorial']) retrieved from /home/airflow/.local/lib/python3.7/site-packages/airflow/example_dags/tutorial.py
[2022-01-22 13:10:12,920] {logging_mixin.py:109} INFO - [2022-01-22 13:10:12,920] {dag.py:2396} INFO - Sync 1 DAGs
[2022-01-22 13:10:12,945] {logging_mixin.py:109} INFO - [2022-01-22 13:10:12,945] {dag.py:2928} INFO - Setting next_dagrun for tutorial to 2022-01-21T13:10:12.944813+00:00
[2022-01-22 13:10:12,971] {processor.py:171} INFO - Processing /home/airflow/.local/lib/python3.7/site-packages/airflow/example_dags/tutorial.py took 0.229 seconds
[2022-01-22 13:10:44,226] {processor.py:163} INFO - Started process (PID=1584) to work on /home/airflow/.local/lib/python3.7/site-packages/airflow/example_dags/tutorial.py
[2022-01-22 13:10:44,228] {processor.py:625} INFO - Processing file /home/airflow/.local/lib/python3.7/site-packages/airflow/example_dags/tutorial.py for tasks to queue
[2022-01-22 13:10:44,229] {logging_mixin.py:109} INFO - [2022-01-22 13:10:44,229] {dagbag.py:500} INFO - Filling up the DagBag from /home/airflow/.local/lib/python3.7/site-packages/airflow/example_dags/tutorial.py
[2022-01-22 13:10:44,272] {processor.py:637} INFO - DAG(s) dict_keys(['tutorial']) retrieved from /home/airflow/.local/lib/python3.7/site-packages/airflow/example_dags/tutorial.py
[2022-01-22 13:10:44,286] {logging_mixin.py:109} INFO - [2022-01-22 13:10:44,286] {dag.py:2396} INFO - Sync 1 DAGs
[2022-01-22 13:10:44,310] {logging_mixin.py:109} INFO - [2022-01-22 13:10:44,310] {dag.py:2928} INFO - Setting next_dagrun for tutorial to 2022-01-21T13:10:44.309997+00:00
[2022-01-22 13:10:44,333] {processor.py:171} INFO - Processing /home/airflow/.local/lib/python3.7/site-packages/airflow/example_dags/tutorial.py took 0.112 seconds
[2022-01-22 13:11:15,072] {processor.py:163} INFO - Started process (PID=1655) to work on /home/airflow/.local/lib/python3.7/site-packages/airflow/example_dags/tutorial.py
[2022-01-22 13:11:15,074] {processor.py:625} INFO - Processing file /home/airflow/.local/lib/python3.7/site-packages/airflow/example_dags/tutorial.py for tasks to queue
[2022-01-22 13:11:15,075] {logging_mixin.py:109} INFO - [2022-01-22 13:11:15,075] {dagbag.py:500} INFO - Filling up the DagBag from /home/airflow/.local/lib/python3.7/site-packages/airflow/example_dags/tutorial.py
[2022-01-22 13:11:15,119] {processor.py:637} INFO - DAG(s) dict_keys(['tutorial']) retrieved from /home/airflow/.local/lib/python3.7/site-packages/airflow/example_dags/tutorial.py
[2022-01-22 13:11:15,138] {logging_mixin.py:109} INFO - [2022-01-22 13:11:15,138] {dag.py:2396} INFO - Sync 1 DAGs
[2022-01-22 13:11:15,167] {logging_mixin.py:109} INFO - [2022-01-22 13:11:15,167] {dag.py:2928} INFO - Setting next_dagrun for tutorial to 2022-01-21T13:11:15.166913+00:00
[2022-01-22 13:11:15,184] {processor.py:171} INFO - Processing /home/airflow/.local/lib/python3.7/site-packages/airflow/example_dags/tutorial.py took 0.117 seconds
[2022-01-22 13:11:46,060] {processor.py:163} INFO - Started process (PID=1716) to work on /home/airflow/.local/lib/python3.7/site-packages/airflow/example_dags/tutorial.py
[2022-01-22 13:11:46,063] {processor.py:625} INFO - Processing file /home/airflow/.local/lib/python3.7/site-packages/airflow/example_dags/tutorial.py for tasks to queue
[2022-01-22 13:11:46,065] {logging_mixin.py:109} INFO - [2022-01-22 13:11:46,065] {dagbag.py:500} INFO - Filling up the DagBag from /home/airflow/.local/lib/python3.7/site-packages/airflow/example_dags/tutorial.py
[2022-01-22 13:11:46,105] {processor.py:637} INFO - DAG(s) dict_keys(['tutorial']) retrieved from /home/airflow/.local/lib/python3.7/site-packages/airflow/example_dags/tutorial.py
[2022-01-22 13:11:46,121] {logging_mixin.py:109} INFO - [2022-01-22 13:11:46,121] {dag.py:2396} INFO - Sync 1 DAGs
[2022-01-22 13:11:46,146] {logging_mixin.py:109} INFO - [2022-01-22 13:11:46,146] {dag.py:2928} INFO - Setting next_dagrun for tutorial to 2022-01-21T13:11:46.146142+00:00
[2022-01-22 13:11:46,164] {processor.py:171} INFO - Processing /home/airflow/.local/lib/python3.7/site-packages/airflow/example_dags/tutorial.py took 0.109 seconds
[2022-01-22 13:12:17,341] {processor.py:163} INFO - Started process (PID=1776) to work on /home/airflow/.local/lib/python3.7/site-packages/airflow/example_dags/tutorial.py
[2022-01-22 13:12:17,344] {processor.py:625} INFO - Processing file /home/airflow/.local/lib/python3.7/site-packages/airflow/example_dags/tutorial.py for tasks to queue
[2022-01-22 13:12:17,345] {logging_mixin.py:109} INFO - [2022-01-22 13:12:17,345] {dagbag.py:500} INFO - Filling up the DagBag from /home/airflow/.local/lib/python3.7/site-packages/airflow/example_dags/tutorial.py
[2022-01-22 13:12:17,406] {processor.py:637} INFO - DAG(s) dict_keys(['tutorial']) retrieved from /home/airflow/.local/lib/python3.7/site-packages/airflow/example_dags/tutorial.py
[2022-01-22 13:12:17,420] {logging_mixin.py:109} INFO - [2022-01-22 13:12:17,420] {dag.py:2396} INFO - Sync 1 DAGs
[2022-01-22 13:12:17,443] {logging_mixin.py:109} INFO - [2022-01-22 13:12:17,442] {dag.py:2928} INFO - Setting next_dagrun for tutorial to 2022-01-21T13:12:17.442592+00:00
[2022-01-22 13:12:17,456] {processor.py:171} INFO - Processing /home/airflow/.local/lib/python3.7/site-packages/airflow/example_dags/tutorial.py took 0.124 seconds
[2022-01-22 13:12:47,684] {processor.py:163} INFO - Started process (PID=1837) to work on /home/airflow/.local/lib/python3.7/site-packages/airflow/example_dags/tutorial.py
[2022-01-22 13:12:47,689] {processor.py:625} INFO - Processing file /home/airflow/.local/lib/python3.7/site-packages/airflow/example_dags/tutorial.py for tasks to queue
[2022-01-22 13:12:47,692] {logging_mixin.py:109} INFO - [2022-01-22 13:12:47,692] {dagbag.py:500} INFO - Filling up the DagBag from /home/airflow/.local/lib/python3.7/site-packages/airflow/example_dags/tutorial.py
[2022-01-22 13:12:47,807] {processor.py:637} INFO - DAG(s) dict_keys(['tutorial']) retrieved from /home/airflow/.local/lib/python3.7/site-packages/airflow/example_dags/tutorial.py
[2022-01-22 13:12:47,848] {logging_mixin.py:109} INFO - [2022-01-22 13:12:47,847] {dag.py:2396} INFO - Sync 1 DAGs
[2022-01-22 13:12:47,919] {logging_mixin.py:109} INFO - [2022-01-22 13:12:47,919] {dag.py:2928} INFO - Setting next_dagrun for tutorial to 2022-01-21T13:12:47.918392+00:00
[2022-01-22 13:12:47,958] {processor.py:171} INFO - Processing /home/airflow/.local/lib/python3.7/site-packages/airflow/example_dags/tutorial.py took 0.287 seconds
[2022-01-22 13:13:18,474] {processor.py:163} INFO - Started process (PID=1897) to work on /home/airflow/.local/lib/python3.7/site-packages/airflow/example_dags/tutorial.py
[2022-01-22 13:13:18,477] {processor.py:625} INFO - Processing file /home/airflow/.local/lib/python3.7/site-packages/airflow/example_dags/tutorial.py for tasks to queue
[2022-01-22 13:13:18,480] {logging_mixin.py:109} INFO - [2022-01-22 13:13:18,479] {dagbag.py:500} INFO - Filling up the DagBag from /home/airflow/.local/lib/python3.7/site-packages/airflow/example_dags/tutorial.py
[2022-01-22 13:13:18,547] {processor.py:637} INFO - DAG(s) dict_keys(['tutorial']) retrieved from /home/airflow/.local/lib/python3.7/site-packages/airflow/example_dags/tutorial.py
[2022-01-22 13:13:18,569] {logging_mixin.py:109} INFO - [2022-01-22 13:13:18,569] {dag.py:2396} INFO - Sync 1 DAGs
[2022-01-22 13:13:18,604] {logging_mixin.py:109} INFO - [2022-01-22 13:13:18,604] {dag.py:2928} INFO - Setting next_dagrun for tutorial to 2022-01-21T13:13:18.603417+00:00
[2022-01-22 13:13:18,628] {processor.py:171} INFO - Processing /home/airflow/.local/lib/python3.7/site-packages/airflow/example_dags/tutorial.py took 0.161 seconds
[2022-01-22 13:13:49,091] {processor.py:163} INFO - Started process (PID=1959) to work on /home/airflow/.local/lib/python3.7/site-packages/airflow/example_dags/tutorial.py
[2022-01-22 13:13:49,095] {processor.py:625} INFO - Processing file /home/airflow/.local/lib/python3.7/site-packages/airflow/example_dags/tutorial.py for tasks to queue
[2022-01-22 13:13:49,098] {logging_mixin.py:109} INFO - [2022-01-22 13:13:49,097] {dagbag.py:500} INFO - Filling up the DagBag from /home/airflow/.local/lib/python3.7/site-packages/airflow/example_dags/tutorial.py
[2022-01-22 13:13:49,170] {processor.py:637} INFO - DAG(s) dict_keys(['tutorial']) retrieved from /home/airflow/.local/lib/python3.7/site-packages/airflow/example_dags/tutorial.py
[2022-01-22 13:13:49,191] {logging_mixin.py:109} INFO - [2022-01-22 13:13:49,191] {dag.py:2396} INFO - Sync 1 DAGs
[2022-01-22 13:13:49,220] {logging_mixin.py:109} INFO - [2022-01-22 13:13:49,220] {dag.py:2928} INFO - Setting next_dagrun for tutorial to 2022-01-21T13:13:49.219664+00:00
[2022-01-22 13:13:49,239] {processor.py:171} INFO - Processing /home/airflow/.local/lib/python3.7/site-packages/airflow/example_dags/tutorial.py took 0.158 seconds
[2022-01-22 13:14:19,990] {processor.py:163} INFO - Started process (PID=2021) to work on /home/airflow/.local/lib/python3.7/site-packages/airflow/example_dags/tutorial.py
[2022-01-22 13:14:19,996] {processor.py:625} INFO - Processing file /home/airflow/.local/lib/python3.7/site-packages/airflow/example_dags/tutorial.py for tasks to queue
[2022-01-22 13:14:19,999] {logging_mixin.py:109} INFO - [2022-01-22 13:14:19,999] {dagbag.py:500} INFO - Filling up the DagBag from /home/airflow/.local/lib/python3.7/site-packages/airflow/example_dags/tutorial.py
[2022-01-22 13:14:20,138] {processor.py:637} INFO - DAG(s) dict_keys(['tutorial']) retrieved from /home/airflow/.local/lib/python3.7/site-packages/airflow/example_dags/tutorial.py
[2022-01-22 13:14:20,183] {logging_mixin.py:109} INFO - [2022-01-22 13:14:20,182] {dag.py:2396} INFO - Sync 1 DAGs
[2022-01-22 13:14:20,260] {logging_mixin.py:109} INFO - [2022-01-22 13:14:20,260] {dag.py:2928} INFO - Setting next_dagrun for tutorial to 2022-01-21T13:14:20.259161+00:00
[2022-01-22 13:14:20,293] {processor.py:171} INFO - Processing /home/airflow/.local/lib/python3.7/site-packages/airflow/example_dags/tutorial.py took 0.321 seconds
[2022-01-22 13:14:50,528] {processor.py:163} INFO - Started process (PID=2090) to work on /home/airflow/.local/lib/python3.7/site-packages/airflow/example_dags/tutorial.py
[2022-01-22 13:14:50,530] {processor.py:625} INFO - Processing file /home/airflow/.local/lib/python3.7/site-packages/airflow/example_dags/tutorial.py for tasks to queue
[2022-01-22 13:14:50,531] {logging_mixin.py:109} INFO - [2022-01-22 13:14:50,531] {dagbag.py:500} INFO - Filling up the DagBag from /home/airflow/.local/lib/python3.7/site-packages/airflow/example_dags/tutorial.py
[2022-01-22 13:14:50,575] {processor.py:637} INFO - DAG(s) dict_keys(['tutorial']) retrieved from /home/airflow/.local/lib/python3.7/site-packages/airflow/example_dags/tutorial.py
[2022-01-22 13:14:50,591] {logging_mixin.py:109} INFO - [2022-01-22 13:14:50,591] {dag.py:2396} INFO - Sync 1 DAGs
[2022-01-22 13:14:50,619] {logging_mixin.py:109} INFO - [2022-01-22 13:14:50,618] {dag.py:2928} INFO - Setting next_dagrun for tutorial to 2022-01-21T13:14:50.618516+00:00
[2022-01-22 13:14:50,634] {processor.py:171} INFO - Processing /home/airflow/.local/lib/python3.7/site-packages/airflow/example_dags/tutorial.py took 0.111 seconds
[2022-01-22 13:15:20,876] {processor.py:163} INFO - Started process (PID=2152) to work on /home/airflow/.local/lib/python3.7/site-packages/airflow/example_dags/tutorial.py
[2022-01-22 13:15:20,879] {processor.py:625} INFO - Processing file /home/airflow/.local/lib/python3.7/site-packages/airflow/example_dags/tutorial.py for tasks to queue
[2022-01-22 13:15:20,881] {logging_mixin.py:109} INFO - [2022-01-22 13:15:20,881] {dagbag.py:500} INFO - Filling up the DagBag from /home/airflow/.local/lib/python3.7/site-packages/airflow/example_dags/tutorial.py
[2022-01-22 13:15:20,946] {processor.py:637} INFO - DAG(s) dict_keys(['tutorial']) retrieved from /home/airflow/.local/lib/python3.7/site-packages/airflow/example_dags/tutorial.py
[2022-01-22 13:15:20,971] {logging_mixin.py:109} INFO - [2022-01-22 13:15:20,970] {dag.py:2396} INFO - Sync 1 DAGs
[2022-01-22 13:15:21,009] {logging_mixin.py:109} INFO - [2022-01-22 13:15:21,009] {dag.py:2928} INFO - Setting next_dagrun for tutorial to 2022-01-21T13:15:21.008857+00:00
[2022-01-22 13:15:21,033] {processor.py:171} INFO - Processing /home/airflow/.local/lib/python3.7/site-packages/airflow/example_dags/tutorial.py took 0.165 seconds
[2022-01-22 13:20:24,955] {processor.py:163} INFO - Started process (PID=2202) to work on /home/airflow/.local/lib/python3.7/site-packages/airflow/example_dags/tutorial.py
[2022-01-22 13:20:24,959] {processor.py:625} INFO - Processing file /home/airflow/.local/lib/python3.7/site-packages/airflow/example_dags/tutorial.py for tasks to queue
[2022-01-22 13:20:24,965] {logging_mixin.py:109} INFO - [2022-01-22 13:20:24,964] {dagbag.py:500} INFO - Filling up the DagBag from /home/airflow/.local/lib/python3.7/site-packages/airflow/example_dags/tutorial.py
[2022-01-22 13:20:25,058] {processor.py:637} INFO - DAG(s) dict_keys(['tutorial']) retrieved from /home/airflow/.local/lib/python3.7/site-packages/airflow/example_dags/tutorial.py
[2022-01-22 13:20:25,103] {logging_mixin.py:109} INFO - [2022-01-22 13:20:25,103] {dag.py:2396} INFO - Sync 1 DAGs
[2022-01-22 13:20:25,154] {logging_mixin.py:109} INFO - [2022-01-22 13:20:25,154] {dag.py:2928} INFO - Setting next_dagrun for tutorial to 2022-01-21T13:20:25.153751+00:00
[2022-01-22 13:20:25,207] {processor.py:171} INFO - Processing /home/airflow/.local/lib/python3.7/site-packages/airflow/example_dags/tutorial.py took 0.265 seconds
[2022-01-22 13:20:55,331] {processor.py:163} INFO - Started process (PID=2262) to work on /home/airflow/.local/lib/python3.7/site-packages/airflow/example_dags/tutorial.py
[2022-01-22 13:20:55,333] {processor.py:625} INFO - Processing file /home/airflow/.local/lib/python3.7/site-packages/airflow/example_dags/tutorial.py for tasks to queue
[2022-01-22 13:20:55,334] {logging_mixin.py:109} INFO - [2022-01-22 13:20:55,334] {dagbag.py:500} INFO - Filling up the DagBag from /home/airflow/.local/lib/python3.7/site-packages/airflow/example_dags/tutorial.py
[2022-01-22 13:20:55,379] {processor.py:637} INFO - DAG(s) dict_keys(['tutorial']) retrieved from /home/airflow/.local/lib/python3.7/site-packages/airflow/example_dags/tutorial.py
[2022-01-22 13:20:55,396] {logging_mixin.py:109} INFO - [2022-01-22 13:20:55,396] {dag.py:2396} INFO - Sync 1 DAGs
[2022-01-22 13:20:55,425] {logging_mixin.py:109} INFO - [2022-01-22 13:20:55,425] {dag.py:2928} INFO - Setting next_dagrun for tutorial to 2022-01-21T13:20:55.424533+00:00
[2022-01-22 13:20:55,444] {processor.py:171} INFO - Processing /home/airflow/.local/lib/python3.7/site-packages/airflow/example_dags/tutorial.py took 0.118 seconds
[2022-01-22 13:21:26,372] {processor.py:163} INFO - Started process (PID=2324) to work on /home/airflow/.local/lib/python3.7/site-packages/airflow/example_dags/tutorial.py
[2022-01-22 13:21:26,374] {processor.py:625} INFO - Processing file /home/airflow/.local/lib/python3.7/site-packages/airflow/example_dags/tutorial.py for tasks to queue
[2022-01-22 13:21:26,376] {logging_mixin.py:109} INFO - [2022-01-22 13:21:26,375] {dagbag.py:500} INFO - Filling up the DagBag from /home/airflow/.local/lib/python3.7/site-packages/airflow/example_dags/tutorial.py
[2022-01-22 13:21:26,414] {processor.py:637} INFO - DAG(s) dict_keys(['tutorial']) retrieved from /home/airflow/.local/lib/python3.7/site-packages/airflow/example_dags/tutorial.py
[2022-01-22 13:21:26,429] {logging_mixin.py:109} INFO - [2022-01-22 13:21:26,428] {dag.py:2396} INFO - Sync 1 DAGs
[2022-01-22 13:21:26,450] {logging_mixin.py:109} INFO - [2022-01-22 13:21:26,449] {dag.py:2928} INFO - Setting next_dagrun for tutorial to 2022-01-21T13:21:26.449587+00:00
[2022-01-22 13:21:26,463] {processor.py:171} INFO - Processing /home/airflow/.local/lib/python3.7/site-packages/airflow/example_dags/tutorial.py took 0.096 seconds
