[2022-01-22 12:58:14,810] {processor.py:163} INFO - Started process (PID=71) to work on /home/airflow/.local/lib/python3.7/site-packages/airflow/example_dags/tutorial_taskflow_api_etl.py
[2022-01-22 12:58:14,812] {processor.py:625} INFO - Processing file /home/airflow/.local/lib/python3.7/site-packages/airflow/example_dags/tutorial_taskflow_api_etl.py for tasks to queue
[2022-01-22 12:58:14,815] {logging_mixin.py:109} INFO - [2022-01-22 12:58:14,815] {dagbag.py:500} INFO - Filling up the DagBag from /home/airflow/.local/lib/python3.7/site-packages/airflow/example_dags/tutorial_taskflow_api_etl.py
[2022-01-22 12:58:14,892] {processor.py:637} INFO - DAG(s) dict_keys(['tutorial_taskflow_api_etl']) retrieved from /home/airflow/.local/lib/python3.7/site-packages/airflow/example_dags/tutorial_taskflow_api_etl.py
[2022-01-22 12:58:16,199] {logging_mixin.py:109} INFO - [2022-01-22 12:58:16,199] {dag.py:2396} INFO - Sync 1 DAGs
[2022-01-22 12:58:16,242] {logging_mixin.py:109} INFO - [2022-01-22 12:58:16,242] {dag.py:2928} INFO - Setting next_dagrun for tutorial_taskflow_api_etl to None
[2022-01-22 12:58:16,333] {processor.py:171} INFO - Processing /home/airflow/.local/lib/python3.7/site-packages/airflow/example_dags/tutorial_taskflow_api_etl.py took 1.531 seconds
[2022-01-22 12:58:55,987] {processor.py:163} INFO - Started process (PID=162) to work on /home/airflow/.local/lib/python3.7/site-packages/airflow/example_dags/tutorial_taskflow_api_etl.py
[2022-01-22 12:58:56,006] {processor.py:625} INFO - Processing file /home/airflow/.local/lib/python3.7/site-packages/airflow/example_dags/tutorial_taskflow_api_etl.py for tasks to queue
[2022-01-22 12:58:56,017] {logging_mixin.py:109} INFO - [2022-01-22 12:58:56,017] {dagbag.py:500} INFO - Filling up the DagBag from /home/airflow/.local/lib/python3.7/site-packages/airflow/example_dags/tutorial_taskflow_api_etl.py
[2022-01-22 12:58:56,157] {processor.py:637} INFO - DAG(s) dict_keys(['tutorial_taskflow_api_etl']) retrieved from /home/airflow/.local/lib/python3.7/site-packages/airflow/example_dags/tutorial_taskflow_api_etl.py
[2022-01-22 12:58:59,718] {logging_mixin.py:109} INFO - [2022-01-22 12:58:59,717] {dag.py:2396} INFO - Sync 1 DAGs
[2022-01-22 12:58:59,863] {logging_mixin.py:109} INFO - [2022-01-22 12:58:59,862] {dag.py:2928} INFO - Setting next_dagrun for tutorial_taskflow_api_etl to None
[2022-01-22 12:58:59,986] {processor.py:171} INFO - Processing /home/airflow/.local/lib/python3.7/site-packages/airflow/example_dags/tutorial_taskflow_api_etl.py took 4.005 seconds
[2022-01-22 12:59:30,605] {processor.py:163} INFO - Started process (PID=233) to work on /home/airflow/.local/lib/python3.7/site-packages/airflow/example_dags/tutorial_taskflow_api_etl.py
[2022-01-22 12:59:30,610] {processor.py:625} INFO - Processing file /home/airflow/.local/lib/python3.7/site-packages/airflow/example_dags/tutorial_taskflow_api_etl.py for tasks to queue
[2022-01-22 12:59:30,612] {logging_mixin.py:109} INFO - [2022-01-22 12:59:30,612] {dagbag.py:500} INFO - Filling up the DagBag from /home/airflow/.local/lib/python3.7/site-packages/airflow/example_dags/tutorial_taskflow_api_etl.py
[2022-01-22 12:59:30,680] {processor.py:637} INFO - DAG(s) dict_keys(['tutorial_taskflow_api_etl']) retrieved from /home/airflow/.local/lib/python3.7/site-packages/airflow/example_dags/tutorial_taskflow_api_etl.py
[2022-01-22 12:59:31,072] {logging_mixin.py:109} INFO - [2022-01-22 12:59:31,072] {dag.py:2396} INFO - Sync 1 DAGs
[2022-01-22 12:59:31,089] {logging_mixin.py:109} INFO - [2022-01-22 12:59:31,089] {dag.py:2928} INFO - Setting next_dagrun for tutorial_taskflow_api_etl to None
[2022-01-22 12:59:31,103] {processor.py:171} INFO - Processing /home/airflow/.local/lib/python3.7/site-packages/airflow/example_dags/tutorial_taskflow_api_etl.py took 0.504 seconds
[2022-01-22 13:00:01,347] {processor.py:163} INFO - Started process (PID=294) to work on /home/airflow/.local/lib/python3.7/site-packages/airflow/example_dags/tutorial_taskflow_api_etl.py
[2022-01-22 13:00:01,349] {processor.py:625} INFO - Processing file /home/airflow/.local/lib/python3.7/site-packages/airflow/example_dags/tutorial_taskflow_api_etl.py for tasks to queue
[2022-01-22 13:00:01,350] {logging_mixin.py:109} INFO - [2022-01-22 13:00:01,350] {dagbag.py:500} INFO - Filling up the DagBag from /home/airflow/.local/lib/python3.7/site-packages/airflow/example_dags/tutorial_taskflow_api_etl.py
[2022-01-22 13:00:01,413] {processor.py:637} INFO - DAG(s) dict_keys(['tutorial_taskflow_api_etl']) retrieved from /home/airflow/.local/lib/python3.7/site-packages/airflow/example_dags/tutorial_taskflow_api_etl.py
[2022-01-22 13:00:01,975] {logging_mixin.py:109} INFO - [2022-01-22 13:00:01,975] {dag.py:2396} INFO - Sync 1 DAGs
[2022-01-22 13:00:01,996] {logging_mixin.py:109} INFO - [2022-01-22 13:00:01,996] {dag.py:2928} INFO - Setting next_dagrun for tutorial_taskflow_api_etl to None
[2022-01-22 13:00:02,013] {processor.py:171} INFO - Processing /home/airflow/.local/lib/python3.7/site-packages/airflow/example_dags/tutorial_taskflow_api_etl.py took 0.671 seconds
[2022-01-22 13:00:32,145] {processor.py:163} INFO - Started process (PID=366) to work on /home/airflow/.local/lib/python3.7/site-packages/airflow/example_dags/tutorial_taskflow_api_etl.py
[2022-01-22 13:00:32,147] {processor.py:625} INFO - Processing file /home/airflow/.local/lib/python3.7/site-packages/airflow/example_dags/tutorial_taskflow_api_etl.py for tasks to queue
[2022-01-22 13:00:32,148] {logging_mixin.py:109} INFO - [2022-01-22 13:00:32,148] {dagbag.py:500} INFO - Filling up the DagBag from /home/airflow/.local/lib/python3.7/site-packages/airflow/example_dags/tutorial_taskflow_api_etl.py
[2022-01-22 13:00:32,198] {processor.py:637} INFO - DAG(s) dict_keys(['tutorial_taskflow_api_etl']) retrieved from /home/airflow/.local/lib/python3.7/site-packages/airflow/example_dags/tutorial_taskflow_api_etl.py
[2022-01-22 13:00:32,571] {logging_mixin.py:109} INFO - [2022-01-22 13:00:32,570] {dag.py:2396} INFO - Sync 1 DAGs
[2022-01-22 13:00:32,587] {logging_mixin.py:109} INFO - [2022-01-22 13:00:32,587] {dag.py:2928} INFO - Setting next_dagrun for tutorial_taskflow_api_etl to None
[2022-01-22 13:00:32,599] {processor.py:171} INFO - Processing /home/airflow/.local/lib/python3.7/site-packages/airflow/example_dags/tutorial_taskflow_api_etl.py took 0.460 seconds
[2022-01-22 13:01:02,890] {processor.py:163} INFO - Started process (PID=426) to work on /home/airflow/.local/lib/python3.7/site-packages/airflow/example_dags/tutorial_taskflow_api_etl.py
[2022-01-22 13:01:02,893] {processor.py:625} INFO - Processing file /home/airflow/.local/lib/python3.7/site-packages/airflow/example_dags/tutorial_taskflow_api_etl.py for tasks to queue
[2022-01-22 13:01:02,894] {logging_mixin.py:109} INFO - [2022-01-22 13:01:02,894] {dagbag.py:500} INFO - Filling up the DagBag from /home/airflow/.local/lib/python3.7/site-packages/airflow/example_dags/tutorial_taskflow_api_etl.py
[2022-01-22 13:01:02,985] {processor.py:637} INFO - DAG(s) dict_keys(['tutorial_taskflow_api_etl']) retrieved from /home/airflow/.local/lib/python3.7/site-packages/airflow/example_dags/tutorial_taskflow_api_etl.py
[2022-01-22 13:01:03,583] {logging_mixin.py:109} INFO - [2022-01-22 13:01:03,582] {dag.py:2396} INFO - Sync 1 DAGs
[2022-01-22 13:01:03,607] {logging_mixin.py:109} INFO - [2022-01-22 13:01:03,607] {dag.py:2928} INFO - Setting next_dagrun for tutorial_taskflow_api_etl to None
[2022-01-22 13:01:03,625] {processor.py:171} INFO - Processing /home/airflow/.local/lib/python3.7/site-packages/airflow/example_dags/tutorial_taskflow_api_etl.py took 0.748 seconds
[2022-01-22 13:01:33,845] {processor.py:163} INFO - Started process (PID=488) to work on /home/airflow/.local/lib/python3.7/site-packages/airflow/example_dags/tutorial_taskflow_api_etl.py
[2022-01-22 13:01:33,848] {processor.py:625} INFO - Processing file /home/airflow/.local/lib/python3.7/site-packages/airflow/example_dags/tutorial_taskflow_api_etl.py for tasks to queue
[2022-01-22 13:01:33,849] {logging_mixin.py:109} INFO - [2022-01-22 13:01:33,849] {dagbag.py:500} INFO - Filling up the DagBag from /home/airflow/.local/lib/python3.7/site-packages/airflow/example_dags/tutorial_taskflow_api_etl.py
[2022-01-22 13:01:33,893] {processor.py:637} INFO - DAG(s) dict_keys(['tutorial_taskflow_api_etl']) retrieved from /home/airflow/.local/lib/python3.7/site-packages/airflow/example_dags/tutorial_taskflow_api_etl.py
[2022-01-22 13:01:34,307] {logging_mixin.py:109} INFO - [2022-01-22 13:01:34,307] {dag.py:2396} INFO - Sync 1 DAGs
[2022-01-22 13:01:34,337] {logging_mixin.py:109} INFO - [2022-01-22 13:01:34,337] {dag.py:2928} INFO - Setting next_dagrun for tutorial_taskflow_api_etl to None
[2022-01-22 13:01:34,358] {processor.py:171} INFO - Processing /home/airflow/.local/lib/python3.7/site-packages/airflow/example_dags/tutorial_taskflow_api_etl.py took 0.517 seconds
[2022-01-22 13:02:04,801] {processor.py:163} INFO - Started process (PID=548) to work on /home/airflow/.local/lib/python3.7/site-packages/airflow/example_dags/tutorial_taskflow_api_etl.py
[2022-01-22 13:02:04,804] {processor.py:625} INFO - Processing file /home/airflow/.local/lib/python3.7/site-packages/airflow/example_dags/tutorial_taskflow_api_etl.py for tasks to queue
[2022-01-22 13:02:04,808] {logging_mixin.py:109} INFO - [2022-01-22 13:02:04,808] {dagbag.py:500} INFO - Filling up the DagBag from /home/airflow/.local/lib/python3.7/site-packages/airflow/example_dags/tutorial_taskflow_api_etl.py
[2022-01-22 13:02:04,875] {processor.py:637} INFO - DAG(s) dict_keys(['tutorial_taskflow_api_etl']) retrieved from /home/airflow/.local/lib/python3.7/site-packages/airflow/example_dags/tutorial_taskflow_api_etl.py
[2022-01-22 13:02:05,482] {logging_mixin.py:109} INFO - [2022-01-22 13:02:05,482] {dag.py:2396} INFO - Sync 1 DAGs
[2022-01-22 13:02:05,509] {logging_mixin.py:109} INFO - [2022-01-22 13:02:05,509] {dag.py:2928} INFO - Setting next_dagrun for tutorial_taskflow_api_etl to None
[2022-01-22 13:02:05,531] {processor.py:171} INFO - Processing /home/airflow/.local/lib/python3.7/site-packages/airflow/example_dags/tutorial_taskflow_api_etl.py took 0.736 seconds
[2022-01-22 13:02:35,847] {processor.py:163} INFO - Started process (PID=600) to work on /home/airflow/.local/lib/python3.7/site-packages/airflow/example_dags/tutorial_taskflow_api_etl.py
[2022-01-22 13:02:35,859] {processor.py:625} INFO - Processing file /home/airflow/.local/lib/python3.7/site-packages/airflow/example_dags/tutorial_taskflow_api_etl.py for tasks to queue
[2022-01-22 13:02:35,861] {logging_mixin.py:109} INFO - [2022-01-22 13:02:35,861] {dagbag.py:500} INFO - Filling up the DagBag from /home/airflow/.local/lib/python3.7/site-packages/airflow/example_dags/tutorial_taskflow_api_etl.py
[2022-01-22 13:02:35,962] {processor.py:637} INFO - DAG(s) dict_keys(['tutorial_taskflow_api_etl']) retrieved from /home/airflow/.local/lib/python3.7/site-packages/airflow/example_dags/tutorial_taskflow_api_etl.py
[2022-01-22 13:02:36,677] {logging_mixin.py:109} INFO - [2022-01-22 13:02:36,677] {dag.py:2396} INFO - Sync 1 DAGs
[2022-01-22 13:02:36,705] {logging_mixin.py:109} INFO - [2022-01-22 13:02:36,705] {dag.py:2928} INFO - Setting next_dagrun for tutorial_taskflow_api_etl to None
[2022-01-22 13:02:36,726] {processor.py:171} INFO - Processing /home/airflow/.local/lib/python3.7/site-packages/airflow/example_dags/tutorial_taskflow_api_etl.py took 0.886 seconds
[2022-01-22 13:03:07,465] {processor.py:163} INFO - Started process (PID=662) to work on /home/airflow/.local/lib/python3.7/site-packages/airflow/example_dags/tutorial_taskflow_api_etl.py
[2022-01-22 13:03:07,468] {processor.py:625} INFO - Processing file /home/airflow/.local/lib/python3.7/site-packages/airflow/example_dags/tutorial_taskflow_api_etl.py for tasks to queue
[2022-01-22 13:03:07,469] {logging_mixin.py:109} INFO - [2022-01-22 13:03:07,469] {dagbag.py:500} INFO - Filling up the DagBag from /home/airflow/.local/lib/python3.7/site-packages/airflow/example_dags/tutorial_taskflow_api_etl.py
[2022-01-22 13:03:07,551] {processor.py:637} INFO - DAG(s) dict_keys(['tutorial_taskflow_api_etl']) retrieved from /home/airflow/.local/lib/python3.7/site-packages/airflow/example_dags/tutorial_taskflow_api_etl.py
[2022-01-22 13:03:08,187] {logging_mixin.py:109} INFO - [2022-01-22 13:03:08,187] {dag.py:2396} INFO - Sync 1 DAGs
[2022-01-22 13:03:08,210] {logging_mixin.py:109} INFO - [2022-01-22 13:03:08,210] {dag.py:2928} INFO - Setting next_dagrun for tutorial_taskflow_api_etl to None
[2022-01-22 13:03:08,229] {processor.py:171} INFO - Processing /home/airflow/.local/lib/python3.7/site-packages/airflow/example_dags/tutorial_taskflow_api_etl.py took 0.774 seconds
[2022-01-22 13:03:38,316] {processor.py:163} INFO - Started process (PID=726) to work on /home/airflow/.local/lib/python3.7/site-packages/airflow/example_dags/tutorial_taskflow_api_etl.py
[2022-01-22 13:03:38,318] {processor.py:625} INFO - Processing file /home/airflow/.local/lib/python3.7/site-packages/airflow/example_dags/tutorial_taskflow_api_etl.py for tasks to queue
[2022-01-22 13:03:38,319] {logging_mixin.py:109} INFO - [2022-01-22 13:03:38,319] {dagbag.py:500} INFO - Filling up the DagBag from /home/airflow/.local/lib/python3.7/site-packages/airflow/example_dags/tutorial_taskflow_api_etl.py
[2022-01-22 13:03:38,362] {processor.py:637} INFO - DAG(s) dict_keys(['tutorial_taskflow_api_etl']) retrieved from /home/airflow/.local/lib/python3.7/site-packages/airflow/example_dags/tutorial_taskflow_api_etl.py
[2022-01-22 13:03:38,831] {logging_mixin.py:109} INFO - [2022-01-22 13:03:38,831] {dag.py:2396} INFO - Sync 1 DAGs
[2022-01-22 13:03:38,858] {logging_mixin.py:109} INFO - [2022-01-22 13:03:38,858] {dag.py:2928} INFO - Setting next_dagrun for tutorial_taskflow_api_etl to None
[2022-01-22 13:03:38,929] {processor.py:171} INFO - Processing /home/airflow/.local/lib/python3.7/site-packages/airflow/example_dags/tutorial_taskflow_api_etl.py took 0.618 seconds
[2022-01-22 13:04:09,569] {processor.py:163} INFO - Started process (PID=787) to work on /home/airflow/.local/lib/python3.7/site-packages/airflow/example_dags/tutorial_taskflow_api_etl.py
[2022-01-22 13:04:09,577] {processor.py:625} INFO - Processing file /home/airflow/.local/lib/python3.7/site-packages/airflow/example_dags/tutorial_taskflow_api_etl.py for tasks to queue
[2022-01-22 13:04:09,580] {logging_mixin.py:109} INFO - [2022-01-22 13:04:09,579] {dagbag.py:500} INFO - Filling up the DagBag from /home/airflow/.local/lib/python3.7/site-packages/airflow/example_dags/tutorial_taskflow_api_etl.py
[2022-01-22 13:04:09,694] {processor.py:637} INFO - DAG(s) dict_keys(['tutorial_taskflow_api_etl']) retrieved from /home/airflow/.local/lib/python3.7/site-packages/airflow/example_dags/tutorial_taskflow_api_etl.py
[2022-01-22 13:04:10,319] {logging_mixin.py:109} INFO - [2022-01-22 13:04:10,319] {dag.py:2396} INFO - Sync 1 DAGs
[2022-01-22 13:04:10,340] {logging_mixin.py:109} INFO - [2022-01-22 13:04:10,340] {dag.py:2928} INFO - Setting next_dagrun for tutorial_taskflow_api_etl to None
[2022-01-22 13:04:10,369] {processor.py:171} INFO - Processing /home/airflow/.local/lib/python3.7/site-packages/airflow/example_dags/tutorial_taskflow_api_etl.py took 0.811 seconds
[2022-01-22 13:04:40,964] {processor.py:163} INFO - Started process (PID=847) to work on /home/airflow/.local/lib/python3.7/site-packages/airflow/example_dags/tutorial_taskflow_api_etl.py
[2022-01-22 13:04:40,969] {processor.py:625} INFO - Processing file /home/airflow/.local/lib/python3.7/site-packages/airflow/example_dags/tutorial_taskflow_api_etl.py for tasks to queue
[2022-01-22 13:04:40,973] {logging_mixin.py:109} INFO - [2022-01-22 13:04:40,973] {dagbag.py:500} INFO - Filling up the DagBag from /home/airflow/.local/lib/python3.7/site-packages/airflow/example_dags/tutorial_taskflow_api_etl.py
[2022-01-22 13:04:41,092] {processor.py:637} INFO - DAG(s) dict_keys(['tutorial_taskflow_api_etl']) retrieved from /home/airflow/.local/lib/python3.7/site-packages/airflow/example_dags/tutorial_taskflow_api_etl.py
[2022-01-22 13:04:41,750] {logging_mixin.py:109} INFO - [2022-01-22 13:04:41,750] {dag.py:2396} INFO - Sync 1 DAGs
[2022-01-22 13:04:41,798] {logging_mixin.py:109} INFO - [2022-01-22 13:04:41,797] {dag.py:2928} INFO - Setting next_dagrun for tutorial_taskflow_api_etl to None
[2022-01-22 13:04:41,856] {processor.py:171} INFO - Processing /home/airflow/.local/lib/python3.7/site-packages/airflow/example_dags/tutorial_taskflow_api_etl.py took 0.904 seconds
[2022-01-22 13:05:11,966] {processor.py:163} INFO - Started process (PID=907) to work on /home/airflow/.local/lib/python3.7/site-packages/airflow/example_dags/tutorial_taskflow_api_etl.py
[2022-01-22 13:05:11,968] {processor.py:625} INFO - Processing file /home/airflow/.local/lib/python3.7/site-packages/airflow/example_dags/tutorial_taskflow_api_etl.py for tasks to queue
[2022-01-22 13:05:11,969] {logging_mixin.py:109} INFO - [2022-01-22 13:05:11,969] {dagbag.py:500} INFO - Filling up the DagBag from /home/airflow/.local/lib/python3.7/site-packages/airflow/example_dags/tutorial_taskflow_api_etl.py
[2022-01-22 13:05:12,012] {processor.py:637} INFO - DAG(s) dict_keys(['tutorial_taskflow_api_etl']) retrieved from /home/airflow/.local/lib/python3.7/site-packages/airflow/example_dags/tutorial_taskflow_api_etl.py
[2022-01-22 13:05:12,340] {logging_mixin.py:109} INFO - [2022-01-22 13:05:12,340] {dag.py:2396} INFO - Sync 1 DAGs
[2022-01-22 13:05:12,356] {logging_mixin.py:109} INFO - [2022-01-22 13:05:12,356] {dag.py:2928} INFO - Setting next_dagrun for tutorial_taskflow_api_etl to None
[2022-01-22 13:05:12,370] {processor.py:171} INFO - Processing /home/airflow/.local/lib/python3.7/site-packages/airflow/example_dags/tutorial_taskflow_api_etl.py took 0.408 seconds
[2022-01-22 13:05:42,598] {processor.py:163} INFO - Started process (PID=975) to work on /home/airflow/.local/lib/python3.7/site-packages/airflow/example_dags/tutorial_taskflow_api_etl.py
[2022-01-22 13:05:42,603] {processor.py:625} INFO - Processing file /home/airflow/.local/lib/python3.7/site-packages/airflow/example_dags/tutorial_taskflow_api_etl.py for tasks to queue
[2022-01-22 13:05:42,606] {logging_mixin.py:109} INFO - [2022-01-22 13:05:42,606] {dagbag.py:500} INFO - Filling up the DagBag from /home/airflow/.local/lib/python3.7/site-packages/airflow/example_dags/tutorial_taskflow_api_etl.py
[2022-01-22 13:05:42,730] {processor.py:637} INFO - DAG(s) dict_keys(['tutorial_taskflow_api_etl']) retrieved from /home/airflow/.local/lib/python3.7/site-packages/airflow/example_dags/tutorial_taskflow_api_etl.py
[2022-01-22 13:05:43,117] {logging_mixin.py:109} INFO - [2022-01-22 13:05:43,117] {dag.py:2396} INFO - Sync 1 DAGs
[2022-01-22 13:05:43,134] {logging_mixin.py:109} INFO - [2022-01-22 13:05:43,134] {dag.py:2928} INFO - Setting next_dagrun for tutorial_taskflow_api_etl to None
[2022-01-22 13:05:43,151] {processor.py:171} INFO - Processing /home/airflow/.local/lib/python3.7/site-packages/airflow/example_dags/tutorial_taskflow_api_etl.py took 0.570 seconds
[2022-01-22 13:06:13,766] {processor.py:163} INFO - Started process (PID=1039) to work on /home/airflow/.local/lib/python3.7/site-packages/airflow/example_dags/tutorial_taskflow_api_etl.py
[2022-01-22 13:06:13,769] {processor.py:625} INFO - Processing file /home/airflow/.local/lib/python3.7/site-packages/airflow/example_dags/tutorial_taskflow_api_etl.py for tasks to queue
[2022-01-22 13:06:13,770] {logging_mixin.py:109} INFO - [2022-01-22 13:06:13,769] {dagbag.py:500} INFO - Filling up the DagBag from /home/airflow/.local/lib/python3.7/site-packages/airflow/example_dags/tutorial_taskflow_api_etl.py
[2022-01-22 13:06:13,813] {processor.py:637} INFO - DAG(s) dict_keys(['tutorial_taskflow_api_etl']) retrieved from /home/airflow/.local/lib/python3.7/site-packages/airflow/example_dags/tutorial_taskflow_api_etl.py
[2022-01-22 13:06:14,244] {logging_mixin.py:109} INFO - [2022-01-22 13:06:14,243] {dag.py:2396} INFO - Sync 1 DAGs
[2022-01-22 13:06:14,264] {logging_mixin.py:109} INFO - [2022-01-22 13:06:14,264] {dag.py:2928} INFO - Setting next_dagrun for tutorial_taskflow_api_etl to None
[2022-01-22 13:06:14,284] {processor.py:171} INFO - Processing /home/airflow/.local/lib/python3.7/site-packages/airflow/example_dags/tutorial_taskflow_api_etl.py took 0.521 seconds
[2022-01-22 13:06:44,625] {processor.py:163} INFO - Started process (PID=1100) to work on /home/airflow/.local/lib/python3.7/site-packages/airflow/example_dags/tutorial_taskflow_api_etl.py
[2022-01-22 13:06:44,627] {processor.py:625} INFO - Processing file /home/airflow/.local/lib/python3.7/site-packages/airflow/example_dags/tutorial_taskflow_api_etl.py for tasks to queue
[2022-01-22 13:06:44,629] {logging_mixin.py:109} INFO - [2022-01-22 13:06:44,629] {dagbag.py:500} INFO - Filling up the DagBag from /home/airflow/.local/lib/python3.7/site-packages/airflow/example_dags/tutorial_taskflow_api_etl.py
[2022-01-22 13:06:44,696] {processor.py:637} INFO - DAG(s) dict_keys(['tutorial_taskflow_api_etl']) retrieved from /home/airflow/.local/lib/python3.7/site-packages/airflow/example_dags/tutorial_taskflow_api_etl.py
[2022-01-22 13:06:45,283] {logging_mixin.py:109} INFO - [2022-01-22 13:06:45,283] {dag.py:2396} INFO - Sync 1 DAGs
[2022-01-22 13:06:45,321] {logging_mixin.py:109} INFO - [2022-01-22 13:06:45,321] {dag.py:2928} INFO - Setting next_dagrun for tutorial_taskflow_api_etl to None
[2022-01-22 13:06:45,354] {processor.py:171} INFO - Processing /home/airflow/.local/lib/python3.7/site-packages/airflow/example_dags/tutorial_taskflow_api_etl.py took 0.736 seconds
[2022-01-22 13:07:15,659] {processor.py:163} INFO - Started process (PID=1164) to work on /home/airflow/.local/lib/python3.7/site-packages/airflow/example_dags/tutorial_taskflow_api_etl.py
[2022-01-22 13:07:15,662] {processor.py:625} INFO - Processing file /home/airflow/.local/lib/python3.7/site-packages/airflow/example_dags/tutorial_taskflow_api_etl.py for tasks to queue
[2022-01-22 13:07:15,664] {logging_mixin.py:109} INFO - [2022-01-22 13:07:15,663] {dagbag.py:500} INFO - Filling up the DagBag from /home/airflow/.local/lib/python3.7/site-packages/airflow/example_dags/tutorial_taskflow_api_etl.py
[2022-01-22 13:07:15,719] {processor.py:637} INFO - DAG(s) dict_keys(['tutorial_taskflow_api_etl']) retrieved from /home/airflow/.local/lib/python3.7/site-packages/airflow/example_dags/tutorial_taskflow_api_etl.py
[2022-01-22 13:07:16,559] {logging_mixin.py:109} INFO - [2022-01-22 13:07:16,559] {dag.py:2396} INFO - Sync 1 DAGs
[2022-01-22 13:07:16,613] {logging_mixin.py:109} INFO - [2022-01-22 13:07:16,613] {dag.py:2928} INFO - Setting next_dagrun for tutorial_taskflow_api_etl to None
[2022-01-22 13:07:16,645] {processor.py:171} INFO - Processing /home/airflow/.local/lib/python3.7/site-packages/airflow/example_dags/tutorial_taskflow_api_etl.py took 0.992 seconds
[2022-01-22 13:07:46,998] {processor.py:163} INFO - Started process (PID=1224) to work on /home/airflow/.local/lib/python3.7/site-packages/airflow/example_dags/tutorial_taskflow_api_etl.py
[2022-01-22 13:07:47,004] {processor.py:625} INFO - Processing file /home/airflow/.local/lib/python3.7/site-packages/airflow/example_dags/tutorial_taskflow_api_etl.py for tasks to queue
[2022-01-22 13:07:47,008] {logging_mixin.py:109} INFO - [2022-01-22 13:07:47,007] {dagbag.py:500} INFO - Filling up the DagBag from /home/airflow/.local/lib/python3.7/site-packages/airflow/example_dags/tutorial_taskflow_api_etl.py
[2022-01-22 13:07:47,141] {processor.py:637} INFO - DAG(s) dict_keys(['tutorial_taskflow_api_etl']) retrieved from /home/airflow/.local/lib/python3.7/site-packages/airflow/example_dags/tutorial_taskflow_api_etl.py
[2022-01-22 13:07:47,958] {logging_mixin.py:109} INFO - [2022-01-22 13:07:47,958] {dag.py:2396} INFO - Sync 1 DAGs
[2022-01-22 13:07:47,996] {logging_mixin.py:109} INFO - [2022-01-22 13:07:47,996] {dag.py:2928} INFO - Setting next_dagrun for tutorial_taskflow_api_etl to None
[2022-01-22 13:07:48,025] {processor.py:171} INFO - Processing /home/airflow/.local/lib/python3.7/site-packages/airflow/example_dags/tutorial_taskflow_api_etl.py took 1.043 seconds
[2022-01-22 13:08:18,352] {processor.py:163} INFO - Started process (PID=1286) to work on /home/airflow/.local/lib/python3.7/site-packages/airflow/example_dags/tutorial_taskflow_api_etl.py
[2022-01-22 13:08:18,356] {processor.py:625} INFO - Processing file /home/airflow/.local/lib/python3.7/site-packages/airflow/example_dags/tutorial_taskflow_api_etl.py for tasks to queue
[2022-01-22 13:08:18,359] {logging_mixin.py:109} INFO - [2022-01-22 13:08:18,359] {dagbag.py:500} INFO - Filling up the DagBag from /home/airflow/.local/lib/python3.7/site-packages/airflow/example_dags/tutorial_taskflow_api_etl.py
[2022-01-22 13:08:18,651] {processor.py:637} INFO - DAG(s) dict_keys(['tutorial_taskflow_api_etl']) retrieved from /home/airflow/.local/lib/python3.7/site-packages/airflow/example_dags/tutorial_taskflow_api_etl.py
[2022-01-22 13:08:19,009] {logging_mixin.py:109} INFO - [2022-01-22 13:08:19,008] {dag.py:2396} INFO - Sync 1 DAGs
[2022-01-22 13:08:19,027] {logging_mixin.py:109} INFO - [2022-01-22 13:08:19,027] {dag.py:2928} INFO - Setting next_dagrun for tutorial_taskflow_api_etl to None
[2022-01-22 13:08:19,044] {processor.py:171} INFO - Processing /home/airflow/.local/lib/python3.7/site-packages/airflow/example_dags/tutorial_taskflow_api_etl.py took 0.704 seconds
[2022-01-22 13:08:49,509] {processor.py:163} INFO - Started process (PID=1347) to work on /home/airflow/.local/lib/python3.7/site-packages/airflow/example_dags/tutorial_taskflow_api_etl.py
[2022-01-22 13:08:49,514] {processor.py:625} INFO - Processing file /home/airflow/.local/lib/python3.7/site-packages/airflow/example_dags/tutorial_taskflow_api_etl.py for tasks to queue
[2022-01-22 13:08:49,517] {logging_mixin.py:109} INFO - [2022-01-22 13:08:49,517] {dagbag.py:500} INFO - Filling up the DagBag from /home/airflow/.local/lib/python3.7/site-packages/airflow/example_dags/tutorial_taskflow_api_etl.py
[2022-01-22 13:08:49,913] {processor.py:637} INFO - DAG(s) dict_keys(['tutorial_taskflow_api_etl']) retrieved from /home/airflow/.local/lib/python3.7/site-packages/airflow/example_dags/tutorial_taskflow_api_etl.py
[2022-01-22 13:08:50,317] {logging_mixin.py:109} INFO - [2022-01-22 13:08:50,316] {dag.py:2396} INFO - Sync 1 DAGs
[2022-01-22 13:08:50,346] {logging_mixin.py:109} INFO - [2022-01-22 13:08:50,346] {dag.py:2928} INFO - Setting next_dagrun for tutorial_taskflow_api_etl to None
[2022-01-22 13:08:50,366] {processor.py:171} INFO - Processing /home/airflow/.local/lib/python3.7/site-packages/airflow/example_dags/tutorial_taskflow_api_etl.py took 0.871 seconds
[2022-01-22 13:09:20,545] {processor.py:163} INFO - Started process (PID=1423) to work on /home/airflow/.local/lib/python3.7/site-packages/airflow/example_dags/tutorial_taskflow_api_etl.py
[2022-01-22 13:09:20,548] {processor.py:625} INFO - Processing file /home/airflow/.local/lib/python3.7/site-packages/airflow/example_dags/tutorial_taskflow_api_etl.py for tasks to queue
[2022-01-22 13:09:20,549] {logging_mixin.py:109} INFO - [2022-01-22 13:09:20,549] {dagbag.py:500} INFO - Filling up the DagBag from /home/airflow/.local/lib/python3.7/site-packages/airflow/example_dags/tutorial_taskflow_api_etl.py
[2022-01-22 13:09:20,704] {processor.py:637} INFO - DAG(s) dict_keys(['tutorial_taskflow_api_etl']) retrieved from /home/airflow/.local/lib/python3.7/site-packages/airflow/example_dags/tutorial_taskflow_api_etl.py
[2022-01-22 13:09:20,954] {logging_mixin.py:109} INFO - [2022-01-22 13:09:20,954] {dag.py:2396} INFO - Sync 1 DAGs
[2022-01-22 13:09:20,973] {logging_mixin.py:109} INFO - [2022-01-22 13:09:20,973] {dag.py:2928} INFO - Setting next_dagrun for tutorial_taskflow_api_etl to None
[2022-01-22 13:09:20,989] {processor.py:171} INFO - Processing /home/airflow/.local/lib/python3.7/site-packages/airflow/example_dags/tutorial_taskflow_api_etl.py took 0.449 seconds
[2022-01-22 13:09:51,307] {processor.py:163} INFO - Started process (PID=1484) to work on /home/airflow/.local/lib/python3.7/site-packages/airflow/example_dags/tutorial_taskflow_api_etl.py
[2022-01-22 13:09:51,310] {processor.py:625} INFO - Processing file /home/airflow/.local/lib/python3.7/site-packages/airflow/example_dags/tutorial_taskflow_api_etl.py for tasks to queue
[2022-01-22 13:09:51,313] {logging_mixin.py:109} INFO - [2022-01-22 13:09:51,312] {dagbag.py:500} INFO - Filling up the DagBag from /home/airflow/.local/lib/python3.7/site-packages/airflow/example_dags/tutorial_taskflow_api_etl.py
[2022-01-22 13:09:51,473] {processor.py:637} INFO - DAG(s) dict_keys(['tutorial_taskflow_api_etl']) retrieved from /home/airflow/.local/lib/python3.7/site-packages/airflow/example_dags/tutorial_taskflow_api_etl.py
[2022-01-22 13:09:51,892] {logging_mixin.py:109} INFO - [2022-01-22 13:09:51,892] {dag.py:2396} INFO - Sync 1 DAGs
[2022-01-22 13:09:51,931] {logging_mixin.py:109} INFO - [2022-01-22 13:09:51,931] {dag.py:2928} INFO - Setting next_dagrun for tutorial_taskflow_api_etl to None
[2022-01-22 13:09:51,963] {processor.py:171} INFO - Processing /home/airflow/.local/lib/python3.7/site-packages/airflow/example_dags/tutorial_taskflow_api_etl.py took 0.664 seconds
[2022-01-22 13:10:22,654] {processor.py:163} INFO - Started process (PID=1545) to work on /home/airflow/.local/lib/python3.7/site-packages/airflow/example_dags/tutorial_taskflow_api_etl.py
[2022-01-22 13:10:22,658] {processor.py:625} INFO - Processing file /home/airflow/.local/lib/python3.7/site-packages/airflow/example_dags/tutorial_taskflow_api_etl.py for tasks to queue
[2022-01-22 13:10:22,660] {logging_mixin.py:109} INFO - [2022-01-22 13:10:22,660] {dagbag.py:500} INFO - Filling up the DagBag from /home/airflow/.local/lib/python3.7/site-packages/airflow/example_dags/tutorial_taskflow_api_etl.py
[2022-01-22 13:10:22,860] {processor.py:637} INFO - DAG(s) dict_keys(['tutorial_taskflow_api_etl']) retrieved from /home/airflow/.local/lib/python3.7/site-packages/airflow/example_dags/tutorial_taskflow_api_etl.py
[2022-01-22 13:10:23,254] {logging_mixin.py:109} INFO - [2022-01-22 13:10:23,254] {dag.py:2396} INFO - Sync 1 DAGs
[2022-01-22 13:10:23,281] {logging_mixin.py:109} INFO - [2022-01-22 13:10:23,281] {dag.py:2928} INFO - Setting next_dagrun for tutorial_taskflow_api_etl to None
[2022-01-22 13:10:23,300] {processor.py:171} INFO - Processing /home/airflow/.local/lib/python3.7/site-packages/airflow/example_dags/tutorial_taskflow_api_etl.py took 0.656 seconds
[2022-01-22 13:10:54,139] {processor.py:163} INFO - Started process (PID=1607) to work on /home/airflow/.local/lib/python3.7/site-packages/airflow/example_dags/tutorial_taskflow_api_etl.py
[2022-01-22 13:10:54,142] {processor.py:625} INFO - Processing file /home/airflow/.local/lib/python3.7/site-packages/airflow/example_dags/tutorial_taskflow_api_etl.py for tasks to queue
[2022-01-22 13:10:54,144] {logging_mixin.py:109} INFO - [2022-01-22 13:10:54,144] {dagbag.py:500} INFO - Filling up the DagBag from /home/airflow/.local/lib/python3.7/site-packages/airflow/example_dags/tutorial_taskflow_api_etl.py
[2022-01-22 13:10:54,217] {processor.py:637} INFO - DAG(s) dict_keys(['tutorial_taskflow_api_etl']) retrieved from /home/airflow/.local/lib/python3.7/site-packages/airflow/example_dags/tutorial_taskflow_api_etl.py
[2022-01-22 13:10:54,721] {logging_mixin.py:109} INFO - [2022-01-22 13:10:54,721] {dag.py:2396} INFO - Sync 1 DAGs
[2022-01-22 13:10:54,741] {logging_mixin.py:109} INFO - [2022-01-22 13:10:54,740] {dag.py:2928} INFO - Setting next_dagrun for tutorial_taskflow_api_etl to None
[2022-01-22 13:10:54,758] {processor.py:171} INFO - Processing /home/airflow/.local/lib/python3.7/site-packages/airflow/example_dags/tutorial_taskflow_api_etl.py took 0.627 seconds
[2022-01-22 13:11:25,074] {processor.py:163} INFO - Started process (PID=1670) to work on /home/airflow/.local/lib/python3.7/site-packages/airflow/example_dags/tutorial_taskflow_api_etl.py
[2022-01-22 13:11:25,077] {processor.py:625} INFO - Processing file /home/airflow/.local/lib/python3.7/site-packages/airflow/example_dags/tutorial_taskflow_api_etl.py for tasks to queue
[2022-01-22 13:11:25,079] {logging_mixin.py:109} INFO - [2022-01-22 13:11:25,078] {dagbag.py:500} INFO - Filling up the DagBag from /home/airflow/.local/lib/python3.7/site-packages/airflow/example_dags/tutorial_taskflow_api_etl.py
[2022-01-22 13:11:25,138] {processor.py:637} INFO - DAG(s) dict_keys(['tutorial_taskflow_api_etl']) retrieved from /home/airflow/.local/lib/python3.7/site-packages/airflow/example_dags/tutorial_taskflow_api_etl.py
[2022-01-22 13:11:25,481] {logging_mixin.py:109} INFO - [2022-01-22 13:11:25,481] {dag.py:2396} INFO - Sync 1 DAGs
[2022-01-22 13:11:25,524] {logging_mixin.py:109} INFO - [2022-01-22 13:11:25,523] {dag.py:2928} INFO - Setting next_dagrun for tutorial_taskflow_api_etl to None
[2022-01-22 13:11:25,572] {processor.py:171} INFO - Processing /home/airflow/.local/lib/python3.7/site-packages/airflow/example_dags/tutorial_taskflow_api_etl.py took 0.504 seconds
[2022-01-22 13:11:55,631] {processor.py:163} INFO - Started process (PID=1733) to work on /home/airflow/.local/lib/python3.7/site-packages/airflow/example_dags/tutorial_taskflow_api_etl.py
[2022-01-22 13:11:55,633] {processor.py:625} INFO - Processing file /home/airflow/.local/lib/python3.7/site-packages/airflow/example_dags/tutorial_taskflow_api_etl.py for tasks to queue
[2022-01-22 13:11:55,635] {logging_mixin.py:109} INFO - [2022-01-22 13:11:55,635] {dagbag.py:500} INFO - Filling up the DagBag from /home/airflow/.local/lib/python3.7/site-packages/airflow/example_dags/tutorial_taskflow_api_etl.py
[2022-01-22 13:11:55,678] {processor.py:637} INFO - DAG(s) dict_keys(['tutorial_taskflow_api_etl']) retrieved from /home/airflow/.local/lib/python3.7/site-packages/airflow/example_dags/tutorial_taskflow_api_etl.py
[2022-01-22 13:11:56,149] {logging_mixin.py:109} INFO - [2022-01-22 13:11:56,148] {dag.py:2396} INFO - Sync 1 DAGs
[2022-01-22 13:11:56,187] {logging_mixin.py:109} INFO - [2022-01-22 13:11:56,186] {dag.py:2928} INFO - Setting next_dagrun for tutorial_taskflow_api_etl to None
[2022-01-22 13:11:56,212] {processor.py:171} INFO - Processing /home/airflow/.local/lib/python3.7/site-packages/airflow/example_dags/tutorial_taskflow_api_etl.py took 0.585 seconds
[2022-01-22 13:12:26,937] {processor.py:163} INFO - Started process (PID=1803) to work on /home/airflow/.local/lib/python3.7/site-packages/airflow/example_dags/tutorial_taskflow_api_etl.py
[2022-01-22 13:12:26,939] {processor.py:625} INFO - Processing file /home/airflow/.local/lib/python3.7/site-packages/airflow/example_dags/tutorial_taskflow_api_etl.py for tasks to queue
[2022-01-22 13:12:26,943] {logging_mixin.py:109} INFO - [2022-01-22 13:12:26,943] {dagbag.py:500} INFO - Filling up the DagBag from /home/airflow/.local/lib/python3.7/site-packages/airflow/example_dags/tutorial_taskflow_api_etl.py
[2022-01-22 13:12:26,995] {processor.py:637} INFO - DAG(s) dict_keys(['tutorial_taskflow_api_etl']) retrieved from /home/airflow/.local/lib/python3.7/site-packages/airflow/example_dags/tutorial_taskflow_api_etl.py
[2022-01-22 13:12:27,268] {logging_mixin.py:109} INFO - [2022-01-22 13:12:27,268] {dag.py:2396} INFO - Sync 1 DAGs
[2022-01-22 13:12:27,286] {logging_mixin.py:109} INFO - [2022-01-22 13:12:27,286] {dag.py:2928} INFO - Setting next_dagrun for tutorial_taskflow_api_etl to None
[2022-01-22 13:12:27,304] {processor.py:171} INFO - Processing /home/airflow/.local/lib/python3.7/site-packages/airflow/example_dags/tutorial_taskflow_api_etl.py took 0.373 seconds
[2022-01-22 13:12:58,122] {processor.py:163} INFO - Started process (PID=1864) to work on /home/airflow/.local/lib/python3.7/site-packages/airflow/example_dags/tutorial_taskflow_api_etl.py
[2022-01-22 13:12:58,125] {processor.py:625} INFO - Processing file /home/airflow/.local/lib/python3.7/site-packages/airflow/example_dags/tutorial_taskflow_api_etl.py for tasks to queue
[2022-01-22 13:12:58,128] {logging_mixin.py:109} INFO - [2022-01-22 13:12:58,127] {dagbag.py:500} INFO - Filling up the DagBag from /home/airflow/.local/lib/python3.7/site-packages/airflow/example_dags/tutorial_taskflow_api_etl.py
[2022-01-22 13:12:58,216] {processor.py:637} INFO - DAG(s) dict_keys(['tutorial_taskflow_api_etl']) retrieved from /home/airflow/.local/lib/python3.7/site-packages/airflow/example_dags/tutorial_taskflow_api_etl.py
[2022-01-22 13:12:58,597] {logging_mixin.py:109} INFO - [2022-01-22 13:12:58,597] {dag.py:2396} INFO - Sync 1 DAGs
[2022-01-22 13:12:58,615] {logging_mixin.py:109} INFO - [2022-01-22 13:12:58,615] {dag.py:2928} INFO - Setting next_dagrun for tutorial_taskflow_api_etl to None
[2022-01-22 13:12:58,630] {processor.py:171} INFO - Processing /home/airflow/.local/lib/python3.7/site-packages/airflow/example_dags/tutorial_taskflow_api_etl.py took 0.518 seconds
[2022-01-22 13:13:28,904] {processor.py:163} INFO - Started process (PID=1926) to work on /home/airflow/.local/lib/python3.7/site-packages/airflow/example_dags/tutorial_taskflow_api_etl.py
[2022-01-22 13:13:28,909] {processor.py:625} INFO - Processing file /home/airflow/.local/lib/python3.7/site-packages/airflow/example_dags/tutorial_taskflow_api_etl.py for tasks to queue
[2022-01-22 13:13:28,913] {logging_mixin.py:109} INFO - [2022-01-22 13:13:28,913] {dagbag.py:500} INFO - Filling up the DagBag from /home/airflow/.local/lib/python3.7/site-packages/airflow/example_dags/tutorial_taskflow_api_etl.py
[2022-01-22 13:13:29,035] {processor.py:637} INFO - DAG(s) dict_keys(['tutorial_taskflow_api_etl']) retrieved from /home/airflow/.local/lib/python3.7/site-packages/airflow/example_dags/tutorial_taskflow_api_etl.py
[2022-01-22 13:13:29,911] {logging_mixin.py:109} INFO - [2022-01-22 13:13:29,911] {dag.py:2396} INFO - Sync 1 DAGs
[2022-01-22 13:13:29,932] {logging_mixin.py:109} INFO - [2022-01-22 13:13:29,932] {dag.py:2928} INFO - Setting next_dagrun for tutorial_taskflow_api_etl to None
[2022-01-22 13:13:29,948] {processor.py:171} INFO - Processing /home/airflow/.local/lib/python3.7/site-packages/airflow/example_dags/tutorial_taskflow_api_etl.py took 1.056 seconds
[2022-01-22 13:14:00,613] {processor.py:163} INFO - Started process (PID=1988) to work on /home/airflow/.local/lib/python3.7/site-packages/airflow/example_dags/tutorial_taskflow_api_etl.py
[2022-01-22 13:14:00,620] {processor.py:625} INFO - Processing file /home/airflow/.local/lib/python3.7/site-packages/airflow/example_dags/tutorial_taskflow_api_etl.py for tasks to queue
[2022-01-22 13:14:00,623] {logging_mixin.py:109} INFO - [2022-01-22 13:14:00,622] {dagbag.py:500} INFO - Filling up the DagBag from /home/airflow/.local/lib/python3.7/site-packages/airflow/example_dags/tutorial_taskflow_api_etl.py
[2022-01-22 13:14:00,748] {processor.py:637} INFO - DAG(s) dict_keys(['tutorial_taskflow_api_etl']) retrieved from /home/airflow/.local/lib/python3.7/site-packages/airflow/example_dags/tutorial_taskflow_api_etl.py
[2022-01-22 13:14:01,258] {logging_mixin.py:109} INFO - [2022-01-22 13:14:01,258] {dag.py:2396} INFO - Sync 1 DAGs
[2022-01-22 13:14:01,279] {logging_mixin.py:109} INFO - [2022-01-22 13:14:01,279] {dag.py:2928} INFO - Setting next_dagrun for tutorial_taskflow_api_etl to None
[2022-01-22 13:14:01,299] {processor.py:171} INFO - Processing /home/airflow/.local/lib/python3.7/site-packages/airflow/example_dags/tutorial_taskflow_api_etl.py took 0.699 seconds
[2022-01-22 13:14:31,545] {processor.py:163} INFO - Started process (PID=2049) to work on /home/airflow/.local/lib/python3.7/site-packages/airflow/example_dags/tutorial_taskflow_api_etl.py
[2022-01-22 13:14:31,548] {processor.py:625} INFO - Processing file /home/airflow/.local/lib/python3.7/site-packages/airflow/example_dags/tutorial_taskflow_api_etl.py for tasks to queue
[2022-01-22 13:14:31,550] {logging_mixin.py:109} INFO - [2022-01-22 13:14:31,550] {dagbag.py:500} INFO - Filling up the DagBag from /home/airflow/.local/lib/python3.7/site-packages/airflow/example_dags/tutorial_taskflow_api_etl.py
[2022-01-22 13:14:31,616] {processor.py:637} INFO - DAG(s) dict_keys(['tutorial_taskflow_api_etl']) retrieved from /home/airflow/.local/lib/python3.7/site-packages/airflow/example_dags/tutorial_taskflow_api_etl.py
[2022-01-22 13:14:32,178] {logging_mixin.py:109} INFO - [2022-01-22 13:14:32,178] {dag.py:2396} INFO - Sync 1 DAGs
[2022-01-22 13:14:32,204] {logging_mixin.py:109} INFO - [2022-01-22 13:14:32,204] {dag.py:2928} INFO - Setting next_dagrun for tutorial_taskflow_api_etl to None
[2022-01-22 13:14:32,224] {processor.py:171} INFO - Processing /home/airflow/.local/lib/python3.7/site-packages/airflow/example_dags/tutorial_taskflow_api_etl.py took 0.687 seconds
[2022-01-22 13:15:02,980] {processor.py:163} INFO - Started process (PID=2109) to work on /home/airflow/.local/lib/python3.7/site-packages/airflow/example_dags/tutorial_taskflow_api_etl.py
[2022-01-22 13:15:02,985] {processor.py:625} INFO - Processing file /home/airflow/.local/lib/python3.7/site-packages/airflow/example_dags/tutorial_taskflow_api_etl.py for tasks to queue
[2022-01-22 13:15:02,989] {logging_mixin.py:109} INFO - [2022-01-22 13:15:02,988] {dagbag.py:500} INFO - Filling up the DagBag from /home/airflow/.local/lib/python3.7/site-packages/airflow/example_dags/tutorial_taskflow_api_etl.py
[2022-01-22 13:15:03,106] {processor.py:637} INFO - DAG(s) dict_keys(['tutorial_taskflow_api_etl']) retrieved from /home/airflow/.local/lib/python3.7/site-packages/airflow/example_dags/tutorial_taskflow_api_etl.py
[2022-01-22 13:15:03,647] {logging_mixin.py:109} INFO - [2022-01-22 13:15:03,647] {dag.py:2396} INFO - Sync 1 DAGs
[2022-01-22 13:15:03,689] {logging_mixin.py:109} INFO - [2022-01-22 13:15:03,689] {dag.py:2928} INFO - Setting next_dagrun for tutorial_taskflow_api_etl to None
[2022-01-22 13:15:03,728] {processor.py:171} INFO - Processing /home/airflow/.local/lib/python3.7/site-packages/airflow/example_dags/tutorial_taskflow_api_etl.py took 0.761 seconds
[2022-01-22 13:20:24,884] {processor.py:163} INFO - Started process (PID=2201) to work on /home/airflow/.local/lib/python3.7/site-packages/airflow/example_dags/tutorial_taskflow_api_etl.py
[2022-01-22 13:20:24,888] {processor.py:625} INFO - Processing file /home/airflow/.local/lib/python3.7/site-packages/airflow/example_dags/tutorial_taskflow_api_etl.py for tasks to queue
[2022-01-22 13:20:24,896] {logging_mixin.py:109} INFO - [2022-01-22 13:20:24,895] {dagbag.py:500} INFO - Filling up the DagBag from /home/airflow/.local/lib/python3.7/site-packages/airflow/example_dags/tutorial_taskflow_api_etl.py
[2022-01-22 13:20:24,988] {processor.py:637} INFO - DAG(s) dict_keys(['tutorial_taskflow_api_etl']) retrieved from /home/airflow/.local/lib/python3.7/site-packages/airflow/example_dags/tutorial_taskflow_api_etl.py
[2022-01-22 13:20:25,652] {logging_mixin.py:109} INFO - [2022-01-22 13:20:25,652] {dag.py:2396} INFO - Sync 1 DAGs
[2022-01-22 13:20:25,699] {logging_mixin.py:109} INFO - [2022-01-22 13:20:25,698] {dag.py:2928} INFO - Setting next_dagrun for tutorial_taskflow_api_etl to None
[2022-01-22 13:20:25,727] {processor.py:171} INFO - Processing /home/airflow/.local/lib/python3.7/site-packages/airflow/example_dags/tutorial_taskflow_api_etl.py took 0.850 seconds
[2022-01-22 13:20:56,339] {processor.py:163} INFO - Started process (PID=2263) to work on /home/airflow/.local/lib/python3.7/site-packages/airflow/example_dags/tutorial_taskflow_api_etl.py
[2022-01-22 13:20:56,341] {processor.py:625} INFO - Processing file /home/airflow/.local/lib/python3.7/site-packages/airflow/example_dags/tutorial_taskflow_api_etl.py for tasks to queue
[2022-01-22 13:20:56,344] {logging_mixin.py:109} INFO - [2022-01-22 13:20:56,344] {dagbag.py:500} INFO - Filling up the DagBag from /home/airflow/.local/lib/python3.7/site-packages/airflow/example_dags/tutorial_taskflow_api_etl.py
[2022-01-22 13:20:56,455] {processor.py:637} INFO - DAG(s) dict_keys(['tutorial_taskflow_api_etl']) retrieved from /home/airflow/.local/lib/python3.7/site-packages/airflow/example_dags/tutorial_taskflow_api_etl.py
[2022-01-22 13:20:56,850] {logging_mixin.py:109} INFO - [2022-01-22 13:20:56,850] {dag.py:2396} INFO - Sync 1 DAGs
[2022-01-22 13:20:56,872] {logging_mixin.py:109} INFO - [2022-01-22 13:20:56,872] {dag.py:2928} INFO - Setting next_dagrun for tutorial_taskflow_api_etl to None
[2022-01-22 13:20:56,889] {processor.py:171} INFO - Processing /home/airflow/.local/lib/python3.7/site-packages/airflow/example_dags/tutorial_taskflow_api_etl.py took 0.556 seconds
[2022-01-22 13:21:27,374] {processor.py:163} INFO - Started process (PID=2325) to work on /home/airflow/.local/lib/python3.7/site-packages/airflow/example_dags/tutorial_taskflow_api_etl.py
[2022-01-22 13:21:27,376] {processor.py:625} INFO - Processing file /home/airflow/.local/lib/python3.7/site-packages/airflow/example_dags/tutorial_taskflow_api_etl.py for tasks to queue
[2022-01-22 13:21:27,377] {logging_mixin.py:109} INFO - [2022-01-22 13:21:27,377] {dagbag.py:500} INFO - Filling up the DagBag from /home/airflow/.local/lib/python3.7/site-packages/airflow/example_dags/tutorial_taskflow_api_etl.py
[2022-01-22 13:21:27,428] {processor.py:637} INFO - DAG(s) dict_keys(['tutorial_taskflow_api_etl']) retrieved from /home/airflow/.local/lib/python3.7/site-packages/airflow/example_dags/tutorial_taskflow_api_etl.py
[2022-01-22 13:21:27,722] {logging_mixin.py:109} INFO - [2022-01-22 13:21:27,722] {dag.py:2396} INFO - Sync 1 DAGs
[2022-01-22 13:21:27,745] {logging_mixin.py:109} INFO - [2022-01-22 13:21:27,744] {dag.py:2928} INFO - Setting next_dagrun for tutorial_taskflow_api_etl to None
[2022-01-22 13:21:27,761] {processor.py:171} INFO - Processing /home/airflow/.local/lib/python3.7/site-packages/airflow/example_dags/tutorial_taskflow_api_etl.py took 0.392 seconds
