[2022-01-02 23:49:39,672] {taskinstance.py:1035} INFO - Dependencies all met for <TaskInstance: cpp_workflow.pre_process_media_prepare manual__2022-01-02T23:49:05.643576+00:00 [queued]>
[2022-01-02 23:49:39,685] {taskinstance.py:1035} INFO - Dependencies all met for <TaskInstance: cpp_workflow.pre_process_media_prepare manual__2022-01-02T23:49:05.643576+00:00 [queued]>
[2022-01-02 23:49:39,686] {taskinstance.py:1241} INFO - 
--------------------------------------------------------------------------------
[2022-01-02 23:49:39,686] {taskinstance.py:1242} INFO - Starting attempt 1 of 1
[2022-01-02 23:49:39,686] {taskinstance.py:1243} INFO - 
--------------------------------------------------------------------------------
[2022-01-02 23:49:39,698] {taskinstance.py:1262} INFO - Executing <Task(PythonOperator): pre_process_media_prepare> on 2022-01-02 23:49:05.643576+00:00
[2022-01-02 23:49:39,703] {standard_task_runner.py:52} INFO - Started process 835 to run task
[2022-01-02 23:49:39,706] {standard_task_runner.py:76} INFO - Running: ['***', 'tasks', 'run', 'cpp_workflow', 'pre_process_media_prepare', 'manual__2022-01-02T23:49:05.643576+00:00', '--job-id', '1924', '--raw', '--subdir', 'DAGS_FOLDER/first_dag.py', '--cfg-path', '/tmp/tmp1jficjbc', '--error-file', '/tmp/tmpj3nq58_c']
[2022-01-02 23:49:39,708] {standard_task_runner.py:77} INFO - Job 1924: Subtask pre_process_media_prepare
[2022-01-02 23:49:39,756] {logging_mixin.py:109} INFO - Running <TaskInstance: cpp_workflow.pre_process_media_prepare manual__2022-01-02T23:49:05.643576+00:00 [running]> on host 218df5ddc363
[2022-01-02 23:49:39,822] {taskinstance.py:1429} INFO - Exporting the following env vars:
AIRFLOW_CTX_DAG_OWNER=***
AIRFLOW_CTX_DAG_ID=cpp_workflow
AIRFLOW_CTX_TASK_ID=pre_process_media_prepare
AIRFLOW_CTX_EXECUTION_DATE=2022-01-02T23:49:05.643576+00:00
AIRFLOW_CTX_DAG_RUN_ID=manual__2022-01-02T23:49:05.643576+00:00
[2022-01-02 23:49:39,824] {python.py:152} INFO - Done. Returned value was: None
[2022-01-02 23:49:39,859] {taskinstance.py:1280} INFO - Marking task as SUCCESS. dag_id=cpp_workflow, task_id=pre_process_media_prepare, execution_date=20220102T234905, start_date=20220102T234939, end_date=20220102T234939
[2022-01-02 23:49:39,919] {local_task_job.py:154} INFO - Task exited with return code 0
[2022-01-02 23:49:40,004] {local_task_job.py:264} INFO - 0 downstream tasks scheduled from follow-on schedule check
