[2021-12-27 12:08:26,584] {taskinstance.py:1035} INFO - Dependencies all met for <TaskInstance: cpp_workflow.merge_process manual__2021-12-27T12:08:13.913430+00:00 [queued]>
[2021-12-27 12:08:26,596] {taskinstance.py:1035} INFO - Dependencies all met for <TaskInstance: cpp_workflow.merge_process manual__2021-12-27T12:08:13.913430+00:00 [queued]>
[2021-12-27 12:08:26,597] {taskinstance.py:1241} INFO - 
--------------------------------------------------------------------------------
[2021-12-27 12:08:26,597] {taskinstance.py:1242} INFO - Starting attempt 1 of 1
[2021-12-27 12:08:26,597] {taskinstance.py:1243} INFO - 
--------------------------------------------------------------------------------
[2021-12-27 12:08:26,612] {taskinstance.py:1262} INFO - Executing <Task(PythonOperator): merge_process> on 2021-12-27 12:08:13.913430+00:00
[2021-12-27 12:08:26,617] {standard_task_runner.py:52} INFO - Started process 3162 to run task
[2021-12-27 12:08:26,622] {standard_task_runner.py:76} INFO - Running: ['***', 'tasks', 'run', 'cpp_workflow', 'merge_process', 'manual__2021-12-27T12:08:13.913430+00:00', '--job-id', '1584', '--raw', '--subdir', 'DAGS_FOLDER/first_dag.py', '--cfg-path', '/tmp/tmp5mwknucy', '--error-file', '/tmp/tmp2a36tel6']
[2021-12-27 12:08:26,623] {standard_task_runner.py:77} INFO - Job 1584: Subtask merge_process
[2021-12-27 12:08:26,667] {logging_mixin.py:109} INFO - Running <TaskInstance: cpp_workflow.merge_process manual__2021-12-27T12:08:13.913430+00:00 [running]> on host 218df5ddc363
[2021-12-27 12:08:26,720] {taskinstance.py:1429} INFO - Exporting the following env vars:
AIRFLOW_CTX_DAG_OWNER=***
AIRFLOW_CTX_DAG_ID=cpp_workflow
AIRFLOW_CTX_TASK_ID=merge_process
AIRFLOW_CTX_EXECUTION_DATE=2021-12-27T12:08:13.913430+00:00
AIRFLOW_CTX_DAG_RUN_ID=manual__2021-12-27T12:08:13.913430+00:00
[2021-12-27 12:08:26,820] {python.py:152} INFO - Done. Returned value was: None
[2021-12-27 12:08:26,835] {taskinstance.py:1280} INFO - Marking task as SUCCESS. dag_id=cpp_workflow, task_id=merge_process, execution_date=20211227T120813, start_date=20211227T120826, end_date=20211227T120826
[2021-12-27 12:08:26,874] {local_task_job.py:154} INFO - Task exited with return code 0
[2021-12-27 12:08:26,913] {local_task_job.py:264} INFO - 1 downstream tasks scheduled from follow-on schedule check
