[2021-12-09 13:22:39,005] {taskinstance.py:1035} INFO - Dependencies all met for <TaskInstance: cpp_workflow.merge_process manual__2021-12-09T13:22:25.696338+00:00 [queued]>
[2021-12-09 13:22:39,022] {taskinstance.py:1035} INFO - Dependencies all met for <TaskInstance: cpp_workflow.merge_process manual__2021-12-09T13:22:25.696338+00:00 [queued]>
[2021-12-09 13:22:39,023] {taskinstance.py:1241} INFO - 
--------------------------------------------------------------------------------
[2021-12-09 13:22:39,023] {taskinstance.py:1242} INFO - Starting attempt 1 of 1
[2021-12-09 13:22:39,024] {taskinstance.py:1243} INFO - 
--------------------------------------------------------------------------------
[2021-12-09 13:22:39,041] {taskinstance.py:1262} INFO - Executing <Task(PythonOperator): merge_process> on 2021-12-09 13:22:25.696338+00:00
[2021-12-09 13:22:39,048] {standard_task_runner.py:52} INFO - Started process 265 to run task
[2021-12-09 13:22:39,054] {standard_task_runner.py:76} INFO - Running: ['***', 'tasks', 'run', 'cpp_workflow', 'merge_process', 'manual__2021-12-09T13:22:25.696338+00:00', '--job-id', '792', '--raw', '--subdir', 'DAGS_FOLDER/first_dag.py', '--cfg-path', '/tmp/tmpc7lnpg0p', '--error-file', '/tmp/tmpweytcher']
[2021-12-09 13:22:39,055] {standard_task_runner.py:77} INFO - Job 792: Subtask merge_process
[2021-12-09 13:22:39,114] {logging_mixin.py:109} INFO - Running <TaskInstance: cpp_workflow.merge_process manual__2021-12-09T13:22:25.696338+00:00 [running]> on host 37db090f9774
[2021-12-09 13:22:39,250] {taskinstance.py:1429} INFO - Exporting the following env vars:
AIRFLOW_CTX_DAG_OWNER=***
AIRFLOW_CTX_DAG_ID=cpp_workflow
AIRFLOW_CTX_TASK_ID=merge_process
AIRFLOW_CTX_EXECUTION_DATE=2021-12-09T13:22:25.696338+00:00
AIRFLOW_CTX_DAG_RUN_ID=manual__2021-12-09T13:22:25.696338+00:00
[2021-12-09 13:22:39,388] {python.py:152} INFO - Done. Returned value was: None
[2021-12-09 13:22:39,403] {taskinstance.py:1280} INFO - Marking task as SUCCESS. dag_id=cpp_workflow, task_id=merge_process, execution_date=20211209T132225, start_date=20211209T132239, end_date=20211209T132239
[2021-12-09 13:22:39,468] {local_task_job.py:154} INFO - Task exited with return code 0
[2021-12-09 13:22:39,512] {local_task_job.py:264} INFO - 1 downstream tasks scheduled from follow-on schedule check
