[2022-01-15 11:37:16,478] {taskinstance.py:1035} INFO - Dependencies all met for <TaskInstance: cpp_workflow.pre_process_media_prepare scheduled__2022-01-14T00:00:00+00:00 [queued]>
[2022-01-15 11:37:16,528] {taskinstance.py:1035} INFO - Dependencies all met for <TaskInstance: cpp_workflow.pre_process_media_prepare scheduled__2022-01-14T00:00:00+00:00 [queued]>
[2022-01-15 11:37:16,529] {taskinstance.py:1241} INFO - 
--------------------------------------------------------------------------------
[2022-01-15 11:37:16,530] {taskinstance.py:1242} INFO - Starting attempt 1 of 1
[2022-01-15 11:37:16,539] {taskinstance.py:1243} INFO - 
--------------------------------------------------------------------------------
[2022-01-15 11:37:16,587] {taskinstance.py:1262} INFO - Executing <Task(PythonOperator): pre_process_media_prepare> on 2022-01-14 00:00:00+00:00
[2022-01-15 11:37:16,610] {standard_task_runner.py:76} INFO - Running: ['***', 'tasks', 'run', 'cpp_workflow', 'pre_process_media_prepare', 'scheduled__2022-01-14T00:00:00+00:00', '--job-id', '2696', '--raw', '--subdir', 'DAGS_FOLDER/first_dag.py', '--cfg-path', '/tmp/tmp17ehxux_', '--error-file', '/tmp/tmph9q95qv_']
[2022-01-15 11:37:16,600] {standard_task_runner.py:52} INFO - Started process 83 to run task
[2022-01-15 11:37:16,613] {standard_task_runner.py:77} INFO - Job 2696: Subtask pre_process_media_prepare
[2022-01-15 11:37:16,761] {logging_mixin.py:109} INFO - Running <TaskInstance: cpp_workflow.pre_process_media_prepare scheduled__2022-01-14T00:00:00+00:00 [running]> on host 218df5ddc363
[2022-01-15 11:37:16,935] {taskinstance.py:1429} INFO - Exporting the following env vars:
AIRFLOW_CTX_DAG_OWNER=***
AIRFLOW_CTX_DAG_ID=cpp_workflow
AIRFLOW_CTX_TASK_ID=pre_process_media_prepare
AIRFLOW_CTX_EXECUTION_DATE=2022-01-14T00:00:00+00:00
AIRFLOW_CTX_DAG_RUN_ID=scheduled__2022-01-14T00:00:00+00:00
[2022-01-15 11:37:16,948] {python.py:152} INFO - Done. Returned value was: None
[2022-01-15 11:37:17,007] {taskinstance.py:1280} INFO - Marking task as SUCCESS. dag_id=cpp_workflow, task_id=pre_process_media_prepare, execution_date=20220114T000000, start_date=20220115T113716, end_date=20220115T113717
[2022-01-15 11:37:17,075] {local_task_job.py:154} INFO - Task exited with return code 0
[2022-01-15 11:37:17,329] {local_task_job.py:264} INFO - 0 downstream tasks scheduled from follow-on schedule check
