[2022-02-06 11:45:47,117] {processor.py:163} INFO - Started process (PID=81) to work on /home/airflow/.local/lib/python3.7/site-packages/airflow/example_dags/example_branch_day_of_week_operator.py
[2022-02-06 11:45:47,125] {processor.py:625} INFO - Processing file /home/airflow/.local/lib/python3.7/site-packages/airflow/example_dags/example_branch_day_of_week_operator.py for tasks to queue
[2022-02-06 11:45:47,127] {logging_mixin.py:109} INFO - [2022-02-06 11:45:47,127] {dagbag.py:500} INFO - Filling up the DagBag from /home/airflow/.local/lib/python3.7/site-packages/airflow/example_dags/example_branch_day_of_week_operator.py
[2022-02-06 11:45:47,207] {processor.py:637} INFO - DAG(s) dict_keys(['example_weekday_branch_operator']) retrieved from /home/airflow/.local/lib/python3.7/site-packages/airflow/example_dags/example_branch_day_of_week_operator.py
[2022-02-06 11:45:47,229] {logging_mixin.py:109} INFO - [2022-02-06 11:45:47,229] {dag.py:2396} INFO - Sync 1 DAGs
[2022-02-06 11:45:47,278] {logging_mixin.py:109} INFO - [2022-02-06 11:45:47,278] {dag.py:2928} INFO - Setting next_dagrun for example_weekday_branch_operator to 2022-02-05 00:00:00+00:00
[2022-02-06 11:45:47,298] {processor.py:171} INFO - Processing /home/airflow/.local/lib/python3.7/site-packages/airflow/example_dags/example_branch_day_of_week_operator.py took 0.188 seconds
[2022-02-06 11:46:24,376] {processor.py:163} INFO - Started process (PID=142) to work on /home/airflow/.local/lib/python3.7/site-packages/airflow/example_dags/example_branch_day_of_week_operator.py
[2022-02-06 11:46:24,393] {processor.py:625} INFO - Processing file /home/airflow/.local/lib/python3.7/site-packages/airflow/example_dags/example_branch_day_of_week_operator.py for tasks to queue
[2022-02-06 11:46:24,404] {logging_mixin.py:109} INFO - [2022-02-06 11:46:24,403] {dagbag.py:500} INFO - Filling up the DagBag from /home/airflow/.local/lib/python3.7/site-packages/airflow/example_dags/example_branch_day_of_week_operator.py
[2022-02-06 11:46:24,516] {processor.py:637} INFO - DAG(s) dict_keys(['example_weekday_branch_operator']) retrieved from /home/airflow/.local/lib/python3.7/site-packages/airflow/example_dags/example_branch_day_of_week_operator.py
[2022-02-06 11:46:24,728] {logging_mixin.py:109} INFO - [2022-02-06 11:46:24,728] {dag.py:2396} INFO - Sync 1 DAGs
[2022-02-06 11:46:24,863] {logging_mixin.py:109} INFO - [2022-02-06 11:46:24,862] {dag.py:2928} INFO - Setting next_dagrun for example_weekday_branch_operator to 2022-02-05 00:00:00+00:00
[2022-02-06 11:46:24,969] {processor.py:171} INFO - Processing /home/airflow/.local/lib/python3.7/site-packages/airflow/example_dags/example_branch_day_of_week_operator.py took 0.600 seconds
[2022-02-06 11:47:06,243] {processor.py:163} INFO - Started process (PID=240) to work on /home/airflow/.local/lib/python3.7/site-packages/airflow/example_dags/example_branch_day_of_week_operator.py
[2022-02-06 11:47:06,258] {processor.py:625} INFO - Processing file /home/airflow/.local/lib/python3.7/site-packages/airflow/example_dags/example_branch_day_of_week_operator.py for tasks to queue
[2022-02-06 11:47:06,276] {logging_mixin.py:109} INFO - [2022-02-06 11:47:06,275] {dagbag.py:500} INFO - Filling up the DagBag from /home/airflow/.local/lib/python3.7/site-packages/airflow/example_dags/example_branch_day_of_week_operator.py
[2022-02-06 11:47:06,450] {processor.py:637} INFO - DAG(s) dict_keys(['example_weekday_branch_operator']) retrieved from /home/airflow/.local/lib/python3.7/site-packages/airflow/example_dags/example_branch_day_of_week_operator.py
[2022-02-06 11:47:06,546] {logging_mixin.py:109} INFO - [2022-02-06 11:47:06,546] {dag.py:2396} INFO - Sync 1 DAGs
[2022-02-06 11:47:06,799] {logging_mixin.py:109} INFO - [2022-02-06 11:47:06,799] {dag.py:2928} INFO - Setting next_dagrun for example_weekday_branch_operator to 2022-02-05 00:00:00+00:00
[2022-02-06 11:47:06,881] {processor.py:171} INFO - Processing /home/airflow/.local/lib/python3.7/site-packages/airflow/example_dags/example_branch_day_of_week_operator.py took 0.656 seconds
[2022-02-06 11:47:48,730] {processor.py:163} INFO - Started process (PID=340) to work on /home/airflow/.local/lib/python3.7/site-packages/airflow/example_dags/example_branch_day_of_week_operator.py
[2022-02-06 11:47:48,740] {processor.py:625} INFO - Processing file /home/airflow/.local/lib/python3.7/site-packages/airflow/example_dags/example_branch_day_of_week_operator.py for tasks to queue
[2022-02-06 11:47:48,863] {logging_mixin.py:109} INFO - [2022-02-06 11:47:48,863] {dagbag.py:500} INFO - Filling up the DagBag from /home/airflow/.local/lib/python3.7/site-packages/airflow/example_dags/example_branch_day_of_week_operator.py
[2022-02-06 11:47:49,183] {processor.py:637} INFO - DAG(s) dict_keys(['example_weekday_branch_operator']) retrieved from /home/airflow/.local/lib/python3.7/site-packages/airflow/example_dags/example_branch_day_of_week_operator.py
[2022-02-06 11:47:49,368] {logging_mixin.py:109} INFO - [2022-02-06 11:47:49,368] {dag.py:2396} INFO - Sync 1 DAGs
[2022-02-06 11:47:49,763] {logging_mixin.py:109} INFO - [2022-02-06 11:47:49,763] {dag.py:2928} INFO - Setting next_dagrun for example_weekday_branch_operator to 2022-02-05 00:00:00+00:00
[2022-02-06 11:47:49,871] {processor.py:171} INFO - Processing /home/airflow/.local/lib/python3.7/site-packages/airflow/example_dags/example_branch_day_of_week_operator.py took 1.147 seconds
[2022-02-06 11:48:40,142] {processor.py:163} INFO - Started process (PID=440) to work on /home/airflow/.local/lib/python3.7/site-packages/airflow/example_dags/example_branch_day_of_week_operator.py
[2022-02-06 11:48:40,220] {processor.py:625} INFO - Processing file /home/airflow/.local/lib/python3.7/site-packages/airflow/example_dags/example_branch_day_of_week_operator.py for tasks to queue
[2022-02-06 11:48:40,235] {logging_mixin.py:109} INFO - [2022-02-06 11:48:40,234] {dagbag.py:500} INFO - Filling up the DagBag from /home/airflow/.local/lib/python3.7/site-packages/airflow/example_dags/example_branch_day_of_week_operator.py
[2022-02-06 11:48:40,468] {processor.py:637} INFO - DAG(s) dict_keys(['example_weekday_branch_operator']) retrieved from /home/airflow/.local/lib/python3.7/site-packages/airflow/example_dags/example_branch_day_of_week_operator.py
[2022-02-06 11:48:40,512] {logging_mixin.py:109} INFO - [2022-02-06 11:48:40,512] {dag.py:2396} INFO - Sync 1 DAGs
[2022-02-06 11:48:40,663] {logging_mixin.py:109} INFO - [2022-02-06 11:48:40,662] {dag.py:2928} INFO - Setting next_dagrun for example_weekday_branch_operator to 2022-02-05 00:00:00+00:00
[2022-02-06 11:48:40,785] {processor.py:171} INFO - Processing /home/airflow/.local/lib/python3.7/site-packages/airflow/example_dags/example_branch_day_of_week_operator.py took 0.663 seconds
[2022-02-06 13:07:08,030] {processor.py:163} INFO - Started process (PID=63) to work on /home/airflow/.local/lib/python3.7/site-packages/airflow/example_dags/example_branch_day_of_week_operator.py
[2022-02-06 13:07:08,033] {processor.py:625} INFO - Processing file /home/airflow/.local/lib/python3.7/site-packages/airflow/example_dags/example_branch_day_of_week_operator.py for tasks to queue
[2022-02-06 13:07:08,034] {logging_mixin.py:109} INFO - [2022-02-06 13:07:08,034] {dagbag.py:500} INFO - Filling up the DagBag from /home/airflow/.local/lib/python3.7/site-packages/airflow/example_dags/example_branch_day_of_week_operator.py
[2022-02-06 13:07:08,068] {processor.py:637} INFO - DAG(s) dict_keys(['example_weekday_branch_operator']) retrieved from /home/airflow/.local/lib/python3.7/site-packages/airflow/example_dags/example_branch_day_of_week_operator.py
[2022-02-06 13:07:08,081] {logging_mixin.py:109} INFO - [2022-02-06 13:07:08,081] {dag.py:2396} INFO - Sync 1 DAGs
[2022-02-06 13:07:08,106] {logging_mixin.py:109} INFO - [2022-02-06 13:07:08,105] {dag.py:2928} INFO - Setting next_dagrun for example_weekday_branch_operator to 2022-02-05 00:00:00+00:00
[2022-02-06 13:07:08,118] {processor.py:171} INFO - Processing /home/airflow/.local/lib/python3.7/site-packages/airflow/example_dags/example_branch_day_of_week_operator.py took 0.092 seconds
