[2022-02-06 11:45:48,976] {processor.py:163} INFO - Started process (PID=91) to work on /home/airflow/.local/lib/python3.7/site-packages/airflow/example_dags/example_branch_python_dop_operator_3.py
[2022-02-06 11:45:48,980] {processor.py:625} INFO - Processing file /home/airflow/.local/lib/python3.7/site-packages/airflow/example_dags/example_branch_python_dop_operator_3.py for tasks to queue
[2022-02-06 11:45:48,982] {logging_mixin.py:109} INFO - [2022-02-06 11:45:48,981] {dagbag.py:500} INFO - Filling up the DagBag from /home/airflow/.local/lib/python3.7/site-packages/airflow/example_dags/example_branch_python_dop_operator_3.py
[2022-02-06 11:45:49,045] {processor.py:637} INFO - DAG(s) dict_keys(['example_branch_dop_operator_v3']) retrieved from /home/airflow/.local/lib/python3.7/site-packages/airflow/example_dags/example_branch_python_dop_operator_3.py
[2022-02-06 11:45:49,073] {logging_mixin.py:109} INFO - [2022-02-06 11:45:49,072] {dag.py:2396} INFO - Sync 1 DAGs
[2022-02-06 11:45:49,150] {logging_mixin.py:109} INFO - [2022-02-06 11:45:49,150] {dag.py:2928} INFO - Setting next_dagrun for example_branch_dop_operator_v3 to 2022-02-06T11:44:00+00:00
[2022-02-06 11:45:49,194] {processor.py:171} INFO - Processing /home/airflow/.local/lib/python3.7/site-packages/airflow/example_dags/example_branch_python_dop_operator_3.py took 0.229 seconds
[2022-02-06 11:46:32,606] {processor.py:163} INFO - Started process (PID=163) to work on /home/airflow/.local/lib/python3.7/site-packages/airflow/example_dags/example_branch_python_dop_operator_3.py
[2022-02-06 11:46:32,615] {processor.py:625} INFO - Processing file /home/airflow/.local/lib/python3.7/site-packages/airflow/example_dags/example_branch_python_dop_operator_3.py for tasks to queue
[2022-02-06 11:46:32,628] {logging_mixin.py:109} INFO - [2022-02-06 11:46:32,628] {dagbag.py:500} INFO - Filling up the DagBag from /home/airflow/.local/lib/python3.7/site-packages/airflow/example_dags/example_branch_python_dop_operator_3.py
[2022-02-06 11:46:32,926] {processor.py:637} INFO - DAG(s) dict_keys(['example_branch_dop_operator_v3']) retrieved from /home/airflow/.local/lib/python3.7/site-packages/airflow/example_dags/example_branch_python_dop_operator_3.py
[2022-02-06 11:46:33,030] {logging_mixin.py:109} INFO - [2022-02-06 11:46:33,030] {dag.py:2396} INFO - Sync 1 DAGs
[2022-02-06 11:46:33,209] {logging_mixin.py:109} INFO - [2022-02-06 11:46:33,209] {dag.py:2928} INFO - Setting next_dagrun for example_branch_dop_operator_v3 to 2022-02-06T11:45:00+00:00
[2022-02-06 11:46:33,353] {processor.py:171} INFO - Processing /home/airflow/.local/lib/python3.7/site-packages/airflow/example_dags/example_branch_python_dop_operator_3.py took 0.758 seconds
[2022-02-06 11:47:14,236] {processor.py:163} INFO - Started process (PID=261) to work on /home/airflow/.local/lib/python3.7/site-packages/airflow/example_dags/example_branch_python_dop_operator_3.py
[2022-02-06 11:47:14,304] {processor.py:625} INFO - Processing file /home/airflow/.local/lib/python3.7/site-packages/airflow/example_dags/example_branch_python_dop_operator_3.py for tasks to queue
[2022-02-06 11:47:14,344] {logging_mixin.py:109} INFO - [2022-02-06 11:47:14,343] {dagbag.py:500} INFO - Filling up the DagBag from /home/airflow/.local/lib/python3.7/site-packages/airflow/example_dags/example_branch_python_dop_operator_3.py
[2022-02-06 11:47:14,581] {processor.py:637} INFO - DAG(s) dict_keys(['example_branch_dop_operator_v3']) retrieved from /home/airflow/.local/lib/python3.7/site-packages/airflow/example_dags/example_branch_python_dop_operator_3.py
[2022-02-06 11:47:14,654] {logging_mixin.py:109} INFO - [2022-02-06 11:47:14,654] {dag.py:2396} INFO - Sync 1 DAGs
[2022-02-06 11:47:14,839] {logging_mixin.py:109} INFO - [2022-02-06 11:47:14,839] {dag.py:2928} INFO - Setting next_dagrun for example_branch_dop_operator_v3 to 2022-02-06T11:46:00+00:00
[2022-02-06 11:47:14,984] {processor.py:171} INFO - Processing /home/airflow/.local/lib/python3.7/site-packages/airflow/example_dags/example_branch_python_dop_operator_3.py took 0.782 seconds
[2022-02-06 11:48:02,310] {processor.py:163} INFO - Started process (PID=363) to work on /home/airflow/.local/lib/python3.7/site-packages/airflow/example_dags/example_branch_python_dop_operator_3.py
[2022-02-06 11:48:02,314] {processor.py:625} INFO - Processing file /home/airflow/.local/lib/python3.7/site-packages/airflow/example_dags/example_branch_python_dop_operator_3.py for tasks to queue
[2022-02-06 11:48:02,325] {logging_mixin.py:109} INFO - [2022-02-06 11:48:02,325] {dagbag.py:500} INFO - Filling up the DagBag from /home/airflow/.local/lib/python3.7/site-packages/airflow/example_dags/example_branch_python_dop_operator_3.py
[2022-02-06 11:48:02,650] {processor.py:637} INFO - DAG(s) dict_keys(['example_branch_dop_operator_v3']) retrieved from /home/airflow/.local/lib/python3.7/site-packages/airflow/example_dags/example_branch_python_dop_operator_3.py
[2022-02-06 11:48:02,810] {logging_mixin.py:109} INFO - [2022-02-06 11:48:02,810] {dag.py:2396} INFO - Sync 1 DAGs
[2022-02-06 11:48:03,177] {logging_mixin.py:109} INFO - [2022-02-06 11:48:03,177] {dag.py:2928} INFO - Setting next_dagrun for example_branch_dop_operator_v3 to 2022-02-06T11:47:00+00:00
[2022-02-06 11:48:03,318] {processor.py:171} INFO - Processing /home/airflow/.local/lib/python3.7/site-packages/airflow/example_dags/example_branch_python_dop_operator_3.py took 1.066 seconds
[2022-02-06 11:48:45,786] {processor.py:163} INFO - Started process (PID=455) to work on /home/airflow/.local/lib/python3.7/site-packages/airflow/example_dags/example_branch_python_dop_operator_3.py
[2022-02-06 11:48:45,795] {processor.py:625} INFO - Processing file /home/airflow/.local/lib/python3.7/site-packages/airflow/example_dags/example_branch_python_dop_operator_3.py for tasks to queue
[2022-02-06 11:48:45,809] {logging_mixin.py:109} INFO - [2022-02-06 11:48:45,809] {dagbag.py:500} INFO - Filling up the DagBag from /home/airflow/.local/lib/python3.7/site-packages/airflow/example_dags/example_branch_python_dop_operator_3.py
[2022-02-06 11:48:45,999] {processor.py:637} INFO - DAG(s) dict_keys(['example_branch_dop_operator_v3']) retrieved from /home/airflow/.local/lib/python3.7/site-packages/airflow/example_dags/example_branch_python_dop_operator_3.py
[2022-02-06 11:48:46,111] {logging_mixin.py:109} INFO - [2022-02-06 11:48:46,111] {dag.py:2396} INFO - Sync 1 DAGs
[2022-02-06 11:48:46,335] {logging_mixin.py:109} INFO - [2022-02-06 11:48:46,322] {dag.py:2928} INFO - Setting next_dagrun for example_branch_dop_operator_v3 to 2022-02-06T11:47:00+00:00
[2022-02-06 11:48:46,421] {processor.py:171} INFO - Processing /home/airflow/.local/lib/python3.7/site-packages/airflow/example_dags/example_branch_python_dop_operator_3.py took 0.652 seconds
[2022-02-06 13:07:08,914] {processor.py:163} INFO - Started process (PID=73) to work on /home/airflow/.local/lib/python3.7/site-packages/airflow/example_dags/example_branch_python_dop_operator_3.py
[2022-02-06 13:07:08,915] {processor.py:625} INFO - Processing file /home/airflow/.local/lib/python3.7/site-packages/airflow/example_dags/example_branch_python_dop_operator_3.py for tasks to queue
[2022-02-06 13:07:08,916] {logging_mixin.py:109} INFO - [2022-02-06 13:07:08,916] {dagbag.py:500} INFO - Filling up the DagBag from /home/airflow/.local/lib/python3.7/site-packages/airflow/example_dags/example_branch_python_dop_operator_3.py
[2022-02-06 13:07:08,942] {processor.py:637} INFO - DAG(s) dict_keys(['example_branch_dop_operator_v3']) retrieved from /home/airflow/.local/lib/python3.7/site-packages/airflow/example_dags/example_branch_python_dop_operator_3.py
[2022-02-06 13:07:08,952] {logging_mixin.py:109} INFO - [2022-02-06 13:07:08,951] {dag.py:2396} INFO - Sync 1 DAGs
[2022-02-06 13:07:08,973] {logging_mixin.py:109} INFO - [2022-02-06 13:07:08,973] {dag.py:2928} INFO - Setting next_dagrun for example_branch_dop_operator_v3 to 2022-02-06T13:06:00+00:00
[2022-02-06 13:07:08,987] {processor.py:171} INFO - Processing /home/airflow/.local/lib/python3.7/site-packages/airflow/example_dags/example_branch_python_dop_operator_3.py took 0.077 seconds
