[2022-02-06 11:45:43,502] {processor.py:163} INFO - Started process (PID=70) to work on /home/airflow/.local/lib/python3.7/site-packages/airflow/example_dags/example_kubernetes_executor.py
[2022-02-06 11:45:43,506] {processor.py:625} INFO - Processing file /home/airflow/.local/lib/python3.7/site-packages/airflow/example_dags/example_kubernetes_executor.py for tasks to queue
[2022-02-06 11:45:43,509] {logging_mixin.py:109} INFO - [2022-02-06 11:45:43,509] {dagbag.py:500} INFO - Filling up the DagBag from /home/airflow/.local/lib/python3.7/site-packages/airflow/example_dags/example_kubernetes_executor.py
[2022-02-06 11:45:43,580] {processor.py:637} INFO - DAG(s) dict_keys(['example_kubernetes_executor']) retrieved from /home/airflow/.local/lib/python3.7/site-packages/airflow/example_dags/example_kubernetes_executor.py
[2022-02-06 11:45:43,612] {logging_mixin.py:109} INFO - [2022-02-06 11:45:43,612] {dag.py:2396} INFO - Sync 1 DAGs
[2022-02-06 11:45:43,656] {logging_mixin.py:109} INFO - [2022-02-06 11:45:43,656] {dag.py:2928} INFO - Setting next_dagrun for example_kubernetes_executor to None
[2022-02-06 11:45:43,681] {processor.py:171} INFO - Processing /home/airflow/.local/lib/python3.7/site-packages/airflow/example_dags/example_kubernetes_executor.py took 0.190 seconds
[2022-02-06 11:46:13,870] {processor.py:163} INFO - Started process (PID=122) to work on /home/airflow/.local/lib/python3.7/site-packages/airflow/example_dags/example_kubernetes_executor.py
[2022-02-06 11:46:13,876] {processor.py:625} INFO - Processing file /home/airflow/.local/lib/python3.7/site-packages/airflow/example_dags/example_kubernetes_executor.py for tasks to queue
[2022-02-06 11:46:13,878] {logging_mixin.py:109} INFO - [2022-02-06 11:46:13,878] {dagbag.py:500} INFO - Filling up the DagBag from /home/airflow/.local/lib/python3.7/site-packages/airflow/example_dags/example_kubernetes_executor.py
[2022-02-06 11:46:14,055] {processor.py:637} INFO - DAG(s) dict_keys(['example_kubernetes_executor']) retrieved from /home/airflow/.local/lib/python3.7/site-packages/airflow/example_dags/example_kubernetes_executor.py
[2022-02-06 11:46:14,111] {logging_mixin.py:109} INFO - [2022-02-06 11:46:14,111] {dag.py:2396} INFO - Sync 1 DAGs
[2022-02-06 11:46:14,142] {logging_mixin.py:109} INFO - [2022-02-06 11:46:14,142] {dag.py:2928} INFO - Setting next_dagrun for example_kubernetes_executor to None
[2022-02-06 11:46:16,041] {processor.py:171} INFO - Processing /home/airflow/.local/lib/python3.7/site-packages/airflow/example_dags/example_kubernetes_executor.py took 2.179 seconds
[2022-02-06 11:46:46,297] {processor.py:163} INFO - Started process (PID=184) to work on /home/airflow/.local/lib/python3.7/site-packages/airflow/example_dags/example_kubernetes_executor.py
[2022-02-06 11:46:46,329] {processor.py:625} INFO - Processing file /home/airflow/.local/lib/python3.7/site-packages/airflow/example_dags/example_kubernetes_executor.py for tasks to queue
[2022-02-06 11:46:46,345] {logging_mixin.py:109} INFO - [2022-02-06 11:46:46,344] {dagbag.py:500} INFO - Filling up the DagBag from /home/airflow/.local/lib/python3.7/site-packages/airflow/example_dags/example_kubernetes_executor.py
[2022-02-06 11:46:46,631] {processor.py:637} INFO - DAG(s) dict_keys(['example_kubernetes_executor']) retrieved from /home/airflow/.local/lib/python3.7/site-packages/airflow/example_dags/example_kubernetes_executor.py
[2022-02-06 11:46:46,718] {logging_mixin.py:109} INFO - [2022-02-06 11:46:46,717] {dag.py:2396} INFO - Sync 1 DAGs
[2022-02-06 11:46:46,821] {logging_mixin.py:109} INFO - [2022-02-06 11:46:46,821] {dag.py:2928} INFO - Setting next_dagrun for example_kubernetes_executor to None
[2022-02-06 11:46:46,923] {processor.py:171} INFO - Processing /home/airflow/.local/lib/python3.7/site-packages/airflow/example_dags/example_kubernetes_executor.py took 0.643 seconds
[2022-02-06 11:47:27,018] {processor.py:163} INFO - Started process (PID=292) to work on /home/airflow/.local/lib/python3.7/site-packages/airflow/example_dags/example_kubernetes_executor.py
[2022-02-06 11:47:27,032] {processor.py:625} INFO - Processing file /home/airflow/.local/lib/python3.7/site-packages/airflow/example_dags/example_kubernetes_executor.py for tasks to queue
[2022-02-06 11:47:27,048] {logging_mixin.py:109} INFO - [2022-02-06 11:47:27,047] {dagbag.py:500} INFO - Filling up the DagBag from /home/airflow/.local/lib/python3.7/site-packages/airflow/example_dags/example_kubernetes_executor.py
[2022-02-06 11:47:27,292] {processor.py:637} INFO - DAG(s) dict_keys(['example_kubernetes_executor']) retrieved from /home/airflow/.local/lib/python3.7/site-packages/airflow/example_dags/example_kubernetes_executor.py
[2022-02-06 11:47:27,382] {logging_mixin.py:109} INFO - [2022-02-06 11:47:27,382] {dag.py:2396} INFO - Sync 1 DAGs
[2022-02-06 11:47:27,524] {logging_mixin.py:109} INFO - [2022-02-06 11:47:27,524] {dag.py:2928} INFO - Setting next_dagrun for example_kubernetes_executor to None
[2022-02-06 11:47:27,618] {processor.py:171} INFO - Processing /home/airflow/.local/lib/python3.7/site-packages/airflow/example_dags/example_kubernetes_executor.py took 0.618 seconds
[2022-02-06 11:48:15,045] {processor.py:163} INFO - Started process (PID=393) to work on /home/airflow/.local/lib/python3.7/site-packages/airflow/example_dags/example_kubernetes_executor.py
[2022-02-06 11:48:15,048] {processor.py:625} INFO - Processing file /home/airflow/.local/lib/python3.7/site-packages/airflow/example_dags/example_kubernetes_executor.py for tasks to queue
[2022-02-06 11:48:15,061] {logging_mixin.py:109} INFO - [2022-02-06 11:48:15,060] {dagbag.py:500} INFO - Filling up the DagBag from /home/airflow/.local/lib/python3.7/site-packages/airflow/example_dags/example_kubernetes_executor.py
[2022-02-06 11:48:15,205] {processor.py:637} INFO - DAG(s) dict_keys(['example_kubernetes_executor']) retrieved from /home/airflow/.local/lib/python3.7/site-packages/airflow/example_dags/example_kubernetes_executor.py
[2022-02-06 11:48:15,287] {logging_mixin.py:109} INFO - [2022-02-06 11:48:15,286] {dag.py:2396} INFO - Sync 1 DAGs
[2022-02-06 11:48:15,418] {logging_mixin.py:109} INFO - [2022-02-06 11:48:15,418] {dag.py:2928} INFO - Setting next_dagrun for example_kubernetes_executor to None
[2022-02-06 11:48:15,678] {processor.py:171} INFO - Processing /home/airflow/.local/lib/python3.7/site-packages/airflow/example_dags/example_kubernetes_executor.py took 0.639 seconds
[2022-02-06 11:48:47,787] {processor.py:163} INFO - Started process (PID=458) to work on /home/airflow/.local/lib/python3.7/site-packages/airflow/example_dags/example_kubernetes_executor.py
[2022-02-06 11:48:47,790] {processor.py:625} INFO - Processing file /home/airflow/.local/lib/python3.7/site-packages/airflow/example_dags/example_kubernetes_executor.py for tasks to queue
[2022-02-06 11:48:47,791] {logging_mixin.py:109} INFO - [2022-02-06 11:48:47,791] {dagbag.py:500} INFO - Filling up the DagBag from /home/airflow/.local/lib/python3.7/site-packages/airflow/example_dags/example_kubernetes_executor.py
[2022-02-06 11:48:47,929] {processor.py:637} INFO - DAG(s) dict_keys(['example_kubernetes_executor']) retrieved from /home/airflow/.local/lib/python3.7/site-packages/airflow/example_dags/example_kubernetes_executor.py
[2022-02-06 11:48:48,037] {logging_mixin.py:109} INFO - [2022-02-06 11:48:48,037] {dag.py:2396} INFO - Sync 1 DAGs
[2022-02-06 11:48:48,131] {logging_mixin.py:109} INFO - [2022-02-06 11:48:48,131] {dag.py:2928} INFO - Setting next_dagrun for example_kubernetes_executor to None
[2022-02-06 11:48:48,183] {processor.py:171} INFO - Processing /home/airflow/.local/lib/python3.7/site-packages/airflow/example_dags/example_kubernetes_executor.py took 0.416 seconds
[2022-02-06 13:07:06,817] {processor.py:163} INFO - Started process (PID=52) to work on /home/airflow/.local/lib/python3.7/site-packages/airflow/example_dags/example_kubernetes_executor.py
[2022-02-06 13:07:06,819] {processor.py:625} INFO - Processing file /home/airflow/.local/lib/python3.7/site-packages/airflow/example_dags/example_kubernetes_executor.py for tasks to queue
[2022-02-06 13:07:06,820] {logging_mixin.py:109} INFO - [2022-02-06 13:07:06,820] {dagbag.py:500} INFO - Filling up the DagBag from /home/airflow/.local/lib/python3.7/site-packages/airflow/example_dags/example_kubernetes_executor.py
[2022-02-06 13:07:06,858] {processor.py:637} INFO - DAG(s) dict_keys(['example_kubernetes_executor']) retrieved from /home/airflow/.local/lib/python3.7/site-packages/airflow/example_dags/example_kubernetes_executor.py
[2022-02-06 13:07:06,872] {logging_mixin.py:109} INFO - [2022-02-06 13:07:06,872] {dag.py:2396} INFO - Sync 1 DAGs
[2022-02-06 13:07:06,894] {logging_mixin.py:109} INFO - [2022-02-06 13:07:06,894] {dag.py:2928} INFO - Setting next_dagrun for example_kubernetes_executor to None
[2022-02-06 13:07:06,907] {processor.py:171} INFO - Processing /home/airflow/.local/lib/python3.7/site-packages/airflow/example_dags/example_kubernetes_executor.py took 0.094 seconds
