[2022-02-06 11:45:45,734] {processor.py:163} INFO - Started process (PID=77) to work on /home/airflow/.local/lib/python3.7/site-packages/airflow/example_dags/example_skip_dag.py
[2022-02-06 11:45:45,738] {processor.py:625} INFO - Processing file /home/airflow/.local/lib/python3.7/site-packages/airflow/example_dags/example_skip_dag.py for tasks to queue
[2022-02-06 11:45:45,740] {logging_mixin.py:109} INFO - [2022-02-06 11:45:45,740] {dagbag.py:500} INFO - Filling up the DagBag from /home/airflow/.local/lib/python3.7/site-packages/airflow/example_dags/example_skip_dag.py
[2022-02-06 11:45:45,815] {processor.py:637} INFO - DAG(s) dict_keys(['example_skip_dag']) retrieved from /home/airflow/.local/lib/python3.7/site-packages/airflow/example_dags/example_skip_dag.py
[2022-02-06 11:45:45,855] {logging_mixin.py:109} INFO - [2022-02-06 11:45:45,855] {dag.py:2396} INFO - Sync 1 DAGs
[2022-02-06 11:45:45,932] {logging_mixin.py:109} INFO - [2022-02-06 11:45:45,932] {dag.py:2928} INFO - Setting next_dagrun for example_skip_dag to 2022-02-05T11:45:45.931923+00:00
[2022-02-06 11:45:45,967] {processor.py:171} INFO - Processing /home/airflow/.local/lib/python3.7/site-packages/airflow/example_dags/example_skip_dag.py took 0.239 seconds
[2022-02-06 11:46:20,780] {processor.py:163} INFO - Started process (PID=138) to work on /home/airflow/.local/lib/python3.7/site-packages/airflow/example_dags/example_skip_dag.py
[2022-02-06 11:46:20,782] {processor.py:625} INFO - Processing file /home/airflow/.local/lib/python3.7/site-packages/airflow/example_dags/example_skip_dag.py for tasks to queue
[2022-02-06 11:46:20,787] {logging_mixin.py:109} INFO - [2022-02-06 11:46:20,787] {dagbag.py:500} INFO - Filling up the DagBag from /home/airflow/.local/lib/python3.7/site-packages/airflow/example_dags/example_skip_dag.py
[2022-02-06 11:46:20,949] {processor.py:637} INFO - DAG(s) dict_keys(['example_skip_dag']) retrieved from /home/airflow/.local/lib/python3.7/site-packages/airflow/example_dags/example_skip_dag.py
[2022-02-06 11:46:21,028] {logging_mixin.py:109} INFO - [2022-02-06 11:46:21,028] {dag.py:2396} INFO - Sync 1 DAGs
[2022-02-06 11:46:21,163] {logging_mixin.py:109} INFO - [2022-02-06 11:46:21,163] {dag.py:2928} INFO - Setting next_dagrun for example_skip_dag to 2022-02-05T11:46:21.162742+00:00
[2022-02-06 11:46:21,246] {processor.py:171} INFO - Processing /home/airflow/.local/lib/python3.7/site-packages/airflow/example_dags/example_skip_dag.py took 0.472 seconds
[2022-02-06 11:47:03,701] {processor.py:163} INFO - Started process (PID=236) to work on /home/airflow/.local/lib/python3.7/site-packages/airflow/example_dags/example_skip_dag.py
[2022-02-06 11:47:03,716] {processor.py:625} INFO - Processing file /home/airflow/.local/lib/python3.7/site-packages/airflow/example_dags/example_skip_dag.py for tasks to queue
[2022-02-06 11:47:03,766] {logging_mixin.py:109} INFO - [2022-02-06 11:47:03,766] {dagbag.py:500} INFO - Filling up the DagBag from /home/airflow/.local/lib/python3.7/site-packages/airflow/example_dags/example_skip_dag.py
[2022-02-06 11:47:04,061] {processor.py:637} INFO - DAG(s) dict_keys(['example_skip_dag']) retrieved from /home/airflow/.local/lib/python3.7/site-packages/airflow/example_dags/example_skip_dag.py
[2022-02-06 11:47:04,146] {logging_mixin.py:109} INFO - [2022-02-06 11:47:04,146] {dag.py:2396} INFO - Sync 1 DAGs
[2022-02-06 11:47:04,328] {logging_mixin.py:109} INFO - [2022-02-06 11:47:04,328] {dag.py:2928} INFO - Setting next_dagrun for example_skip_dag to 2022-02-05T11:47:04.327987+00:00
[2022-02-06 11:47:04,437] {processor.py:171} INFO - Processing /home/airflow/.local/lib/python3.7/site-packages/airflow/example_dags/example_skip_dag.py took 0.774 seconds
[2022-02-06 11:47:38,611] {processor.py:163} INFO - Started process (PID=324) to work on /home/airflow/.local/lib/python3.7/site-packages/airflow/example_dags/example_skip_dag.py
[2022-02-06 11:47:38,620] {processor.py:625} INFO - Processing file /home/airflow/.local/lib/python3.7/site-packages/airflow/example_dags/example_skip_dag.py for tasks to queue
[2022-02-06 11:47:38,638] {logging_mixin.py:109} INFO - [2022-02-06 11:47:38,638] {dagbag.py:500} INFO - Filling up the DagBag from /home/airflow/.local/lib/python3.7/site-packages/airflow/example_dags/example_skip_dag.py
[2022-02-06 11:47:38,963] {processor.py:637} INFO - DAG(s) dict_keys(['example_skip_dag']) retrieved from /home/airflow/.local/lib/python3.7/site-packages/airflow/example_dags/example_skip_dag.py
[2022-02-06 11:47:39,135] {logging_mixin.py:109} INFO - [2022-02-06 11:47:39,135] {dag.py:2396} INFO - Sync 1 DAGs
[2022-02-06 11:47:39,376] {logging_mixin.py:109} INFO - [2022-02-06 11:47:39,376] {dag.py:2928} INFO - Setting next_dagrun for example_skip_dag to 2022-02-05T11:47:39.375657+00:00
[2022-02-06 11:47:39,911] {processor.py:171} INFO - Processing /home/airflow/.local/lib/python3.7/site-packages/airflow/example_dags/example_skip_dag.py took 1.305 seconds
[2022-02-06 11:48:34,493] {processor.py:163} INFO - Started process (PID=435) to work on /home/airflow/.local/lib/python3.7/site-packages/airflow/example_dags/example_skip_dag.py
[2022-02-06 11:48:34,506] {processor.py:625} INFO - Processing file /home/airflow/.local/lib/python3.7/site-packages/airflow/example_dags/example_skip_dag.py for tasks to queue
[2022-02-06 11:48:34,512] {logging_mixin.py:109} INFO - [2022-02-06 11:48:34,511] {dagbag.py:500} INFO - Filling up the DagBag from /home/airflow/.local/lib/python3.7/site-packages/airflow/example_dags/example_skip_dag.py
[2022-02-06 11:48:34,705] {processor.py:637} INFO - DAG(s) dict_keys(['example_skip_dag']) retrieved from /home/airflow/.local/lib/python3.7/site-packages/airflow/example_dags/example_skip_dag.py
[2022-02-06 11:48:34,758] {logging_mixin.py:109} INFO - [2022-02-06 11:48:34,757] {dag.py:2396} INFO - Sync 1 DAGs
[2022-02-06 11:48:34,843] {logging_mixin.py:109} INFO - [2022-02-06 11:48:34,842] {dag.py:2928} INFO - Setting next_dagrun for example_skip_dag to 2022-02-05T11:48:34.842395+00:00
[2022-02-06 11:48:34,931] {processor.py:171} INFO - Processing /home/airflow/.local/lib/python3.7/site-packages/airflow/example_dags/example_skip_dag.py took 0.447 seconds
[2022-02-06 13:07:07,607] {processor.py:163} INFO - Started process (PID=59) to work on /home/airflow/.local/lib/python3.7/site-packages/airflow/example_dags/example_skip_dag.py
[2022-02-06 13:07:07,612] {processor.py:625} INFO - Processing file /home/airflow/.local/lib/python3.7/site-packages/airflow/example_dags/example_skip_dag.py for tasks to queue
[2022-02-06 13:07:07,614] {logging_mixin.py:109} INFO - [2022-02-06 13:07:07,613] {dagbag.py:500} INFO - Filling up the DagBag from /home/airflow/.local/lib/python3.7/site-packages/airflow/example_dags/example_skip_dag.py
[2022-02-06 13:07:07,653] {processor.py:637} INFO - DAG(s) dict_keys(['example_skip_dag']) retrieved from /home/airflow/.local/lib/python3.7/site-packages/airflow/example_dags/example_skip_dag.py
[2022-02-06 13:07:07,671] {logging_mixin.py:109} INFO - [2022-02-06 13:07:07,671] {dag.py:2396} INFO - Sync 1 DAGs
[2022-02-06 13:07:07,700] {logging_mixin.py:109} INFO - [2022-02-06 13:07:07,700] {dag.py:2928} INFO - Setting next_dagrun for example_skip_dag to 2022-02-05T13:07:07.699764+00:00
[2022-02-06 13:07:07,720] {processor.py:171} INFO - Processing /home/airflow/.local/lib/python3.7/site-packages/airflow/example_dags/example_skip_dag.py took 0.117 seconds
