[2022-02-06 11:45:45,644] {processor.py:163} INFO - Started process (PID=76) to work on /home/airflow/.local/lib/python3.7/site-packages/airflow/example_dags/tutorial_etl_dag.py
[2022-02-06 11:45:45,648] {processor.py:625} INFO - Processing file /home/airflow/.local/lib/python3.7/site-packages/airflow/example_dags/tutorial_etl_dag.py for tasks to queue
[2022-02-06 11:45:45,652] {logging_mixin.py:109} INFO - [2022-02-06 11:45:45,652] {dagbag.py:500} INFO - Filling up the DagBag from /home/airflow/.local/lib/python3.7/site-packages/airflow/example_dags/tutorial_etl_dag.py
[2022-02-06 11:45:45,755] {processor.py:637} INFO - DAG(s) dict_keys(['tutorial_etl_dag']) retrieved from /home/airflow/.local/lib/python3.7/site-packages/airflow/example_dags/tutorial_etl_dag.py
[2022-02-06 11:45:45,787] {logging_mixin.py:109} INFO - [2022-02-06 11:45:45,787] {dag.py:2396} INFO - Sync 1 DAGs
[2022-02-06 11:45:45,845] {logging_mixin.py:109} INFO - [2022-02-06 11:45:45,844] {dag.py:2928} INFO - Setting next_dagrun for tutorial_etl_dag to None
[2022-02-06 11:45:45,872] {processor.py:171} INFO - Processing /home/airflow/.local/lib/python3.7/site-packages/airflow/example_dags/tutorial_etl_dag.py took 0.234 seconds
[2022-02-06 11:46:20,479] {processor.py:163} INFO - Started process (PID=137) to work on /home/airflow/.local/lib/python3.7/site-packages/airflow/example_dags/tutorial_etl_dag.py
[2022-02-06 11:46:20,492] {processor.py:625} INFO - Processing file /home/airflow/.local/lib/python3.7/site-packages/airflow/example_dags/tutorial_etl_dag.py for tasks to queue
[2022-02-06 11:46:20,494] {logging_mixin.py:109} INFO - [2022-02-06 11:46:20,493] {dagbag.py:500} INFO - Filling up the DagBag from /home/airflow/.local/lib/python3.7/site-packages/airflow/example_dags/tutorial_etl_dag.py
[2022-02-06 11:46:20,609] {processor.py:637} INFO - DAG(s) dict_keys(['tutorial_etl_dag']) retrieved from /home/airflow/.local/lib/python3.7/site-packages/airflow/example_dags/tutorial_etl_dag.py
[2022-02-06 11:46:20,632] {logging_mixin.py:109} INFO - [2022-02-06 11:46:20,632] {dag.py:2396} INFO - Sync 1 DAGs
[2022-02-06 11:46:20,669] {logging_mixin.py:109} INFO - [2022-02-06 11:46:20,669] {dag.py:2928} INFO - Setting next_dagrun for tutorial_etl_dag to None
[2022-02-06 11:46:20,695] {processor.py:171} INFO - Processing /home/airflow/.local/lib/python3.7/site-packages/airflow/example_dags/tutorial_etl_dag.py took 0.224 seconds
[2022-02-06 11:47:03,192] {processor.py:163} INFO - Started process (PID=229) to work on /home/airflow/.local/lib/python3.7/site-packages/airflow/example_dags/tutorial_etl_dag.py
[2022-02-06 11:47:03,205] {processor.py:625} INFO - Processing file /home/airflow/.local/lib/python3.7/site-packages/airflow/example_dags/tutorial_etl_dag.py for tasks to queue
[2022-02-06 11:47:03,236] {logging_mixin.py:109} INFO - [2022-02-06 11:47:03,235] {dagbag.py:500} INFO - Filling up the DagBag from /home/airflow/.local/lib/python3.7/site-packages/airflow/example_dags/tutorial_etl_dag.py
[2022-02-06 11:47:03,545] {processor.py:637} INFO - DAG(s) dict_keys(['tutorial_etl_dag']) retrieved from /home/airflow/.local/lib/python3.7/site-packages/airflow/example_dags/tutorial_etl_dag.py
[2022-02-06 11:47:03,648] {logging_mixin.py:109} INFO - [2022-02-06 11:47:03,648] {dag.py:2396} INFO - Sync 1 DAGs
[2022-02-06 11:47:03,783] {logging_mixin.py:109} INFO - [2022-02-06 11:47:03,783] {dag.py:2928} INFO - Setting next_dagrun for tutorial_etl_dag to None
[2022-02-06 11:47:03,907] {processor.py:171} INFO - Processing /home/airflow/.local/lib/python3.7/site-packages/airflow/example_dags/tutorial_etl_dag.py took 0.726 seconds
[2022-02-06 11:47:35,997] {processor.py:163} INFO - Started process (PID=308) to work on /home/airflow/.local/lib/python3.7/site-packages/airflow/example_dags/tutorial_etl_dag.py
[2022-02-06 11:47:36,240] {processor.py:625} INFO - Processing file /home/airflow/.local/lib/python3.7/site-packages/airflow/example_dags/tutorial_etl_dag.py for tasks to queue
[2022-02-06 11:47:36,376] {logging_mixin.py:109} INFO - [2022-02-06 11:47:36,376] {dagbag.py:500} INFO - Filling up the DagBag from /home/airflow/.local/lib/python3.7/site-packages/airflow/example_dags/tutorial_etl_dag.py
[2022-02-06 11:47:36,610] {processor.py:637} INFO - DAG(s) dict_keys(['tutorial_etl_dag']) retrieved from /home/airflow/.local/lib/python3.7/site-packages/airflow/example_dags/tutorial_etl_dag.py
[2022-02-06 11:47:36,704] {logging_mixin.py:109} INFO - [2022-02-06 11:47:36,704] {dag.py:2396} INFO - Sync 1 DAGs
[2022-02-06 11:47:37,051] {logging_mixin.py:109} INFO - [2022-02-06 11:47:37,050] {dag.py:2928} INFO - Setting next_dagrun for tutorial_etl_dag to None
[2022-02-06 11:47:38,084] {processor.py:171} INFO - Processing /home/airflow/.local/lib/python3.7/site-packages/airflow/example_dags/tutorial_etl_dag.py took 2.168 seconds
[2022-02-06 11:48:21,351] {processor.py:163} INFO - Started process (PID=409) to work on /home/airflow/.local/lib/python3.7/site-packages/airflow/example_dags/tutorial_etl_dag.py
[2022-02-06 11:48:21,377] {processor.py:625} INFO - Processing file /home/airflow/.local/lib/python3.7/site-packages/airflow/example_dags/tutorial_etl_dag.py for tasks to queue
[2022-02-06 11:48:21,396] {logging_mixin.py:109} INFO - [2022-02-06 11:48:21,396] {dagbag.py:500} INFO - Filling up the DagBag from /home/airflow/.local/lib/python3.7/site-packages/airflow/example_dags/tutorial_etl_dag.py
[2022-02-06 11:48:21,609] {processor.py:637} INFO - DAG(s) dict_keys(['tutorial_etl_dag']) retrieved from /home/airflow/.local/lib/python3.7/site-packages/airflow/example_dags/tutorial_etl_dag.py
[2022-02-06 11:48:21,701] {logging_mixin.py:109} INFO - [2022-02-06 11:48:21,700] {dag.py:2396} INFO - Sync 1 DAGs
[2022-02-06 11:48:21,905] {logging_mixin.py:109} INFO - [2022-02-06 11:48:21,905] {dag.py:2928} INFO - Setting next_dagrun for tutorial_etl_dag to None
[2022-02-06 11:48:22,040] {processor.py:171} INFO - Processing /home/airflow/.local/lib/python3.7/site-packages/airflow/example_dags/tutorial_etl_dag.py took 0.736 seconds
[2022-02-06 13:07:07,574] {processor.py:163} INFO - Started process (PID=58) to work on /home/airflow/.local/lib/python3.7/site-packages/airflow/example_dags/tutorial_etl_dag.py
[2022-02-06 13:07:07,577] {processor.py:625} INFO - Processing file /home/airflow/.local/lib/python3.7/site-packages/airflow/example_dags/tutorial_etl_dag.py for tasks to queue
[2022-02-06 13:07:07,578] {logging_mixin.py:109} INFO - [2022-02-06 13:07:07,578] {dagbag.py:500} INFO - Filling up the DagBag from /home/airflow/.local/lib/python3.7/site-packages/airflow/example_dags/tutorial_etl_dag.py
[2022-02-06 13:07:07,634] {processor.py:637} INFO - DAG(s) dict_keys(['tutorial_etl_dag']) retrieved from /home/airflow/.local/lib/python3.7/site-packages/airflow/example_dags/tutorial_etl_dag.py
[2022-02-06 13:07:07,650] {logging_mixin.py:109} INFO - [2022-02-06 13:07:07,649] {dag.py:2396} INFO - Sync 1 DAGs
[2022-02-06 13:07:07,676] {logging_mixin.py:109} INFO - [2022-02-06 13:07:07,676] {dag.py:2928} INFO - Setting next_dagrun for tutorial_etl_dag to None
[2022-02-06 13:07:07,690] {processor.py:171} INFO - Processing /home/airflow/.local/lib/python3.7/site-packages/airflow/example_dags/tutorial_etl_dag.py took 0.121 seconds
