[2021-12-13 14:22:45,981] {taskinstance.py:1035} INFO - Dependencies all met for <TaskInstance: cpp_workflow.refactor_process manual__2021-12-13T14:22:38.228977+00:00 [queued]>
[2021-12-13 14:22:46,034] {taskinstance.py:1035} INFO - Dependencies all met for <TaskInstance: cpp_workflow.refactor_process manual__2021-12-13T14:22:38.228977+00:00 [queued]>
[2021-12-13 14:22:46,039] {taskinstance.py:1241} INFO - 
--------------------------------------------------------------------------------
[2021-12-13 14:22:46,044] {taskinstance.py:1242} INFO - Starting attempt 1 of 1
[2021-12-13 14:22:46,046] {taskinstance.py:1243} INFO - 
--------------------------------------------------------------------------------
[2021-12-13 14:22:46,081] {taskinstance.py:1262} INFO - Executing <Task(PythonOperator): refactor_process> on 2021-12-13 14:22:38.228977+00:00
[2021-12-13 14:22:46,098] {standard_task_runner.py:52} INFO - Started process 9082 to run task
[2021-12-13 14:22:46,113] {standard_task_runner.py:76} INFO - Running: ['***', 'tasks', 'run', 'cpp_workflow', 'refactor_process', 'manual__2021-12-13T14:22:38.228977+00:00', '--job-id', '1222', '--raw', '--subdir', 'DAGS_FOLDER/first_dag.py', '--cfg-path', '/tmp/tmp7mffga4_', '--error-file', '/tmp/tmpnq2m8zas']
[2021-12-13 14:22:46,117] {standard_task_runner.py:77} INFO - Job 1222: Subtask refactor_process
[2021-12-13 14:22:46,236] {logging_mixin.py:109} INFO - Running <TaskInstance: cpp_workflow.refactor_process manual__2021-12-13T14:22:38.228977+00:00 [running]> on host 218df5ddc363
[2021-12-13 14:22:46,339] {taskinstance.py:1429} INFO - Exporting the following env vars:
AIRFLOW_CTX_DAG_OWNER=***
AIRFLOW_CTX_DAG_ID=cpp_workflow
AIRFLOW_CTX_TASK_ID=refactor_process
AIRFLOW_CTX_EXECUTION_DATE=2021-12-13T14:22:38.228977+00:00
AIRFLOW_CTX_DAG_RUN_ID=manual__2021-12-13T14:22:38.228977+00:00
[2021-12-13 14:22:46,418] {python.py:152} INFO - Done. Returned value was: None
[2021-12-13 14:22:46,432] {taskinstance.py:1280} INFO - Marking task as SUCCESS. dag_id=cpp_workflow, task_id=refactor_process, execution_date=20211213T142238, start_date=20211213T142245, end_date=20211213T142246
[2021-12-13 14:22:46,490] {local_task_job.py:154} INFO - Task exited with return code 0
[2021-12-13 14:22:46,550] {local_task_job.py:264} INFO - 1 downstream tasks scheduled from follow-on schedule check
