[2022-01-29 19:35:45,138] {taskinstance.py:1035} INFO - Dependencies all met for <TaskInstance: cpp_workflow.update_processed_files_media_prepare scheduled__2022-01-27T00:00:00+00:00 [queued]>
[2022-01-29 19:35:45,189] {taskinstance.py:1035} INFO - Dependencies all met for <TaskInstance: cpp_workflow.update_processed_files_media_prepare scheduled__2022-01-27T00:00:00+00:00 [queued]>
[2022-01-29 19:35:45,193] {taskinstance.py:1241} INFO - 
--------------------------------------------------------------------------------
[2022-01-29 19:35:45,201] {taskinstance.py:1242} INFO - Starting attempt 1 of 1
[2022-01-29 19:35:45,202] {taskinstance.py:1243} INFO - 
--------------------------------------------------------------------------------
[2022-01-29 19:35:45,258] {taskinstance.py:1262} INFO - Executing <Task(PythonOperator): update_processed_files_media_prepare> on 2022-01-27 00:00:00+00:00
[2022-01-29 19:35:45,277] {standard_task_runner.py:52} INFO - Started process 177 to run task
[2022-01-29 19:35:45,303] {standard_task_runner.py:76} INFO - Running: ['***', 'tasks', 'run', 'cpp_workflow', 'update_processed_files_media_prepare', 'scheduled__2022-01-27T00:00:00+00:00', '--job-id', '3097', '--raw', '--subdir', 'DAGS_FOLDER/first_dag.py', '--cfg-path', '/tmp/tmpbhbemf13', '--error-file', '/tmp/tmpgxwzq91h']
[2022-01-29 19:35:45,308] {standard_task_runner.py:77} INFO - Job 3097: Subtask update_processed_files_media_prepare
[2022-01-29 19:35:45,657] {logging_mixin.py:109} INFO - Running <TaskInstance: cpp_workflow.update_processed_files_media_prepare scheduled__2022-01-27T00:00:00+00:00 [running]> on host 218df5ddc363
[2022-01-29 19:35:45,938] {taskinstance.py:1429} INFO - Exporting the following env vars:
AIRFLOW_CTX_DAG_OWNER=***
AIRFLOW_CTX_DAG_ID=cpp_workflow
AIRFLOW_CTX_TASK_ID=update_processed_files_media_prepare
AIRFLOW_CTX_EXECUTION_DATE=2022-01-27T00:00:00+00:00
AIRFLOW_CTX_DAG_RUN_ID=scheduled__2022-01-27T00:00:00+00:00
[2022-01-29 19:35:46,069] {python.py:152} INFO - Done. Returned value was: None
[2022-01-29 19:35:46,107] {taskinstance.py:1280} INFO - Marking task as SUCCESS. dag_id=cpp_workflow, task_id=update_processed_files_media_prepare, execution_date=20220127T000000, start_date=20220129T193545, end_date=20220129T193546
[2022-01-29 19:35:46,181] {local_task_job.py:154} INFO - Task exited with return code 0
[2022-01-29 19:35:46,328] {local_task_job.py:264} INFO - 0 downstream tasks scheduled from follow-on schedule check
