[2021-12-13 11:28:04,121] {taskinstance.py:1035} INFO - Dependencies all met for <TaskInstance: cpp_workflow.refactor_process manual__2021-12-13T11:27:55.017112+00:00 [queued]>
[2021-12-13 11:28:04,141] {taskinstance.py:1035} INFO - Dependencies all met for <TaskInstance: cpp_workflow.refactor_process manual__2021-12-13T11:27:55.017112+00:00 [queued]>
[2021-12-13 11:28:04,141] {taskinstance.py:1241} INFO - 
--------------------------------------------------------------------------------
[2021-12-13 11:28:04,141] {taskinstance.py:1242} INFO - Starting attempt 1 of 1
[2021-12-13 11:28:04,142] {taskinstance.py:1243} INFO - 
--------------------------------------------------------------------------------
[2021-12-13 11:28:04,161] {taskinstance.py:1262} INFO - Executing <Task(PythonOperator): refactor_process> on 2021-12-13 11:27:55.017112+00:00
[2021-12-13 11:28:04,171] {standard_task_runner.py:52} INFO - Started process 245 to run task
[2021-12-13 11:28:04,176] {standard_task_runner.py:76} INFO - Running: ['***', 'tasks', 'run', 'cpp_workflow', 'refactor_process', 'manual__2021-12-13T11:27:55.017112+00:00', '--job-id', '851', '--raw', '--subdir', 'DAGS_FOLDER/first_dag.py', '--cfg-path', '/tmp/tmp6b6h7e5t', '--error-file', '/tmp/tmpvabj71q2']
[2021-12-13 11:28:04,178] {standard_task_runner.py:77} INFO - Job 851: Subtask refactor_process
[2021-12-13 11:28:04,252] {logging_mixin.py:109} INFO - Running <TaskInstance: cpp_workflow.refactor_process manual__2021-12-13T11:27:55.017112+00:00 [running]> on host 218df5ddc363
[2021-12-13 11:28:04,335] {taskinstance.py:1429} INFO - Exporting the following env vars:
AIRFLOW_CTX_DAG_OWNER=***
AIRFLOW_CTX_DAG_ID=cpp_workflow
AIRFLOW_CTX_TASK_ID=refactor_process
AIRFLOW_CTX_EXECUTION_DATE=2021-12-13T11:27:55.017112+00:00
AIRFLOW_CTX_DAG_RUN_ID=manual__2021-12-13T11:27:55.017112+00:00
[2021-12-13 11:28:04,428] {python.py:152} INFO - Done. Returned value was: None
[2021-12-13 11:28:04,448] {taskinstance.py:1280} INFO - Marking task as SUCCESS. dag_id=cpp_workflow, task_id=refactor_process, execution_date=20211213T112755, start_date=20211213T112804, end_date=20211213T112804
[2021-12-13 11:28:04,511] {local_task_job.py:154} INFO - Task exited with return code 0
[2021-12-13 11:28:04,577] {local_task_job.py:264} INFO - 1 downstream tasks scheduled from follow-on schedule check
