[2021-12-29 23:35:13,941] {taskinstance.py:1035} INFO - Dependencies all met for <TaskInstance: cpp_workflow.col_process_media_prepare manual__2021-12-29T23:34:41.778696+00:00 [queued]>
[2021-12-29 23:35:13,953] {taskinstance.py:1035} INFO - Dependencies all met for <TaskInstance: cpp_workflow.col_process_media_prepare manual__2021-12-29T23:34:41.778696+00:00 [queued]>
[2021-12-29 23:35:13,953] {taskinstance.py:1241} INFO - 
--------------------------------------------------------------------------------
[2021-12-29 23:35:13,954] {taskinstance.py:1242} INFO - Starting attempt 1 of 1
[2021-12-29 23:35:13,954] {taskinstance.py:1243} INFO - 
--------------------------------------------------------------------------------
[2021-12-29 23:35:13,970] {taskinstance.py:1262} INFO - Executing <Task(PythonOperator): col_process_media_prepare> on 2021-12-29 23:34:41.778696+00:00
[2021-12-29 23:35:13,974] {standard_task_runner.py:52} INFO - Started process 14785 to run task
[2021-12-29 23:35:13,978] {standard_task_runner.py:76} INFO - Running: ['***', 'tasks', 'run', 'cpp_workflow', 'col_process_media_prepare', 'manual__2021-12-29T23:34:41.778696+00:00', '--job-id', '1701', '--raw', '--subdir', 'DAGS_FOLDER/first_dag.py', '--cfg-path', '/tmp/tmph_uzblul', '--error-file', '/tmp/tmp47cdc09a']
[2021-12-29 23:35:13,979] {standard_task_runner.py:77} INFO - Job 1701: Subtask col_process_media_prepare
[2021-12-29 23:35:14,037] {logging_mixin.py:109} INFO - Running <TaskInstance: cpp_workflow.col_process_media_prepare manual__2021-12-29T23:34:41.778696+00:00 [running]> on host 218df5ddc363
[2021-12-29 23:35:14,103] {taskinstance.py:1429} INFO - Exporting the following env vars:
AIRFLOW_CTX_DAG_OWNER=***
AIRFLOW_CTX_DAG_ID=cpp_workflow
AIRFLOW_CTX_TASK_ID=col_process_media_prepare
AIRFLOW_CTX_EXECUTION_DATE=2021-12-29T23:34:41.778696+00:00
AIRFLOW_CTX_DAG_RUN_ID=manual__2021-12-29T23:34:41.778696+00:00
[2021-12-29 23:35:14,106] {python.py:152} INFO - Done. Returned value was: None
[2021-12-29 23:35:14,123] {taskinstance.py:1280} INFO - Marking task as SUCCESS. dag_id=cpp_workflow, task_id=col_process_media_prepare, execution_date=20211229T233441, start_date=20211229T233513, end_date=20211229T233514
[2021-12-29 23:35:14,150] {local_task_job.py:154} INFO - Task exited with return code 0
[2021-12-29 23:35:14,237] {local_task_job.py:264} INFO - 0 downstream tasks scheduled from follow-on schedule check
