[2022-01-02 23:44:26,571] {taskinstance.py:1035} INFO - Dependencies all met for <TaskInstance: cpp_workflow.pre_process_print_cycle manual__2022-01-02T23:43:48.622792+00:00 [queued]>
[2022-01-02 23:44:26,583] {taskinstance.py:1035} INFO - Dependencies all met for <TaskInstance: cpp_workflow.pre_process_print_cycle manual__2022-01-02T23:43:48.622792+00:00 [queued]>
[2022-01-02 23:44:26,583] {taskinstance.py:1241} INFO - 
--------------------------------------------------------------------------------
[2022-01-02 23:44:26,584] {taskinstance.py:1242} INFO - Starting attempt 1 of 1
[2022-01-02 23:44:26,584] {taskinstance.py:1243} INFO - 
--------------------------------------------------------------------------------
[2022-01-02 23:44:26,599] {taskinstance.py:1262} INFO - Executing <Task(PythonOperator): pre_process_print_cycle> on 2022-01-02 23:43:48.622792+00:00
[2022-01-02 23:44:26,609] {standard_task_runner.py:52} INFO - Started process 546 to run task
[2022-01-02 23:44:26,614] {standard_task_runner.py:76} INFO - Running: ['***', 'tasks', 'run', 'cpp_workflow', 'pre_process_print_cycle', 'manual__2022-01-02T23:43:48.622792+00:00', '--job-id', '1895', '--raw', '--subdir', 'DAGS_FOLDER/first_dag.py', '--cfg-path', '/tmp/tmpt3fni9rd', '--error-file', '/tmp/tmpvx9qv331']
[2022-01-02 23:44:26,615] {standard_task_runner.py:77} INFO - Job 1895: Subtask pre_process_print_cycle
[2022-01-02 23:44:26,687] {logging_mixin.py:109} INFO - Running <TaskInstance: cpp_workflow.pre_process_print_cycle manual__2022-01-02T23:43:48.622792+00:00 [running]> on host 218df5ddc363
[2022-01-02 23:44:26,761] {taskinstance.py:1429} INFO - Exporting the following env vars:
AIRFLOW_CTX_DAG_OWNER=***
AIRFLOW_CTX_DAG_ID=cpp_workflow
AIRFLOW_CTX_TASK_ID=pre_process_print_cycle
AIRFLOW_CTX_EXECUTION_DATE=2022-01-02T23:43:48.622792+00:00
AIRFLOW_CTX_DAG_RUN_ID=manual__2022-01-02T23:43:48.622792+00:00
[2022-01-02 23:44:26,763] {python.py:152} INFO - Done. Returned value was: None
[2022-01-02 23:44:26,843] {taskinstance.py:1280} INFO - Marking task as SUCCESS. dag_id=cpp_workflow, task_id=pre_process_print_cycle, execution_date=20220102T234348, start_date=20220102T234426, end_date=20220102T234426
[2022-01-02 23:44:26,906] {local_task_job.py:154} INFO - Task exited with return code 0
[2022-01-02 23:44:26,972] {local_task_job.py:264} INFO - 1 downstream tasks scheduled from follow-on schedule check
