[2021-12-29 23:37:52,826] {taskinstance.py:1035} INFO - Dependencies all met for <TaskInstance: cpp_workflow.refactor_process_media_prepare manual__2021-12-29T23:37:18.544413+00:00 [queued]>
[2021-12-29 23:37:52,853] {taskinstance.py:1035} INFO - Dependencies all met for <TaskInstance: cpp_workflow.refactor_process_media_prepare manual__2021-12-29T23:37:18.544413+00:00 [queued]>
[2021-12-29 23:37:52,864] {taskinstance.py:1241} INFO - 
--------------------------------------------------------------------------------
[2021-12-29 23:37:52,865] {taskinstance.py:1242} INFO - Starting attempt 1 of 1
[2021-12-29 23:37:52,865] {taskinstance.py:1243} INFO - 
--------------------------------------------------------------------------------
[2021-12-29 23:37:52,913] {taskinstance.py:1262} INFO - Executing <Task(PythonOperator): refactor_process_media_prepare> on 2021-12-29 23:37:18.544413+00:00
[2021-12-29 23:37:52,923] {standard_task_runner.py:52} INFO - Started process 14927 to run task
[2021-12-29 23:37:52,929] {standard_task_runner.py:76} INFO - Running: ['***', 'tasks', 'run', 'cpp_workflow', 'refactor_process_media_prepare', 'manual__2021-12-29T23:37:18.544413+00:00', '--job-id', '1714', '--raw', '--subdir', 'DAGS_FOLDER/first_dag.py', '--cfg-path', '/tmp/tmprxppn6zw', '--error-file', '/tmp/tmptxkmhc_8']
[2021-12-29 23:37:52,939] {standard_task_runner.py:77} INFO - Job 1714: Subtask refactor_process_media_prepare
[2021-12-29 23:37:53,052] {logging_mixin.py:109} INFO - Running <TaskInstance: cpp_workflow.refactor_process_media_prepare manual__2021-12-29T23:37:18.544413+00:00 [running]> on host 218df5ddc363
[2021-12-29 23:37:53,166] {taskinstance.py:1429} INFO - Exporting the following env vars:
AIRFLOW_CTX_DAG_OWNER=***
AIRFLOW_CTX_DAG_ID=cpp_workflow
AIRFLOW_CTX_TASK_ID=refactor_process_media_prepare
AIRFLOW_CTX_EXECUTION_DATE=2021-12-29T23:37:18.544413+00:00
AIRFLOW_CTX_DAG_RUN_ID=manual__2021-12-29T23:37:18.544413+00:00
[2021-12-29 23:37:53,196] {warnings.py:110} WARNING - /home/***/.local/lib/python3.7/site-packages/pandas/util/_decorators.py:311: ParserWarning: Falling back to the 'python' engine because the 'c' engine does not support regex separators (separators > 1 char and different from '\s+' are interpreted as regex); you can avoid this warning by specifying engine='python'.
  return func(*args, **kwargs)

[2021-12-29 23:37:53,306] {python.py:152} INFO - Done. Returned value was: None
[2021-12-29 23:37:53,337] {taskinstance.py:1280} INFO - Marking task as SUCCESS. dag_id=cpp_workflow, task_id=refactor_process_media_prepare, execution_date=20211229T233718, start_date=20211229T233752, end_date=20211229T233753
[2021-12-29 23:37:53,409] {local_task_job.py:154} INFO - Task exited with return code 0
[2021-12-29 23:37:53,485] {local_task_job.py:264} INFO - 0 downstream tasks scheduled from follow-on schedule check
