[2021-12-13 12:24:21,381] {taskinstance.py:1035} INFO - Dependencies all met for <TaskInstance: cpp_workflow.merge_process manual__2021-12-13T12:24:10.598683+00:00 [queued]>
[2021-12-13 12:24:21,391] {taskinstance.py:1035} INFO - Dependencies all met for <TaskInstance: cpp_workflow.merge_process manual__2021-12-13T12:24:10.598683+00:00 [queued]>
[2021-12-13 12:24:21,392] {taskinstance.py:1241} INFO - 
--------------------------------------------------------------------------------
[2021-12-13 12:24:21,392] {taskinstance.py:1242} INFO - Starting attempt 1 of 1
[2021-12-13 12:24:21,393] {taskinstance.py:1243} INFO - 
--------------------------------------------------------------------------------
[2021-12-13 12:24:21,405] {taskinstance.py:1262} INFO - Executing <Task(PythonOperator): merge_process> on 2021-12-13 12:24:10.598683+00:00
[2021-12-13 12:24:21,410] {standard_task_runner.py:52} INFO - Started process 3189 to run task
[2021-12-13 12:24:21,414] {standard_task_runner.py:76} INFO - Running: ['***', 'tasks', 'run', 'cpp_workflow', 'merge_process', 'manual__2021-12-13T12:24:10.598683+00:00', '--job-id', '993', '--raw', '--subdir', 'DAGS_FOLDER/first_dag.py', '--cfg-path', '/tmp/tmp50cy9jpe', '--error-file', '/tmp/tmp2r7yuj8x']
[2021-12-13 12:24:21,416] {standard_task_runner.py:77} INFO - Job 993: Subtask merge_process
[2021-12-13 12:24:21,463] {logging_mixin.py:109} INFO - Running <TaskInstance: cpp_workflow.merge_process manual__2021-12-13T12:24:10.598683+00:00 [running]> on host 218df5ddc363
[2021-12-13 12:24:21,528] {taskinstance.py:1429} INFO - Exporting the following env vars:
AIRFLOW_CTX_DAG_OWNER=***
AIRFLOW_CTX_DAG_ID=cpp_workflow
AIRFLOW_CTX_TASK_ID=merge_process
AIRFLOW_CTX_EXECUTION_DATE=2021-12-13T12:24:10.598683+00:00
AIRFLOW_CTX_DAG_RUN_ID=manual__2021-12-13T12:24:10.598683+00:00
[2021-12-13 12:24:21,663] {python.py:152} INFO - Done. Returned value was: None
[2021-12-13 12:24:21,684] {taskinstance.py:1280} INFO - Marking task as SUCCESS. dag_id=cpp_workflow, task_id=merge_process, execution_date=20211213T122410, start_date=20211213T122421, end_date=20211213T122421
[2021-12-13 12:24:21,748] {local_task_job.py:154} INFO - Task exited with return code 0
[2021-12-13 12:24:21,845] {local_task_job.py:264} INFO - 0 downstream tasks scheduled from follow-on schedule check
