[2021-12-29 23:32:46,010] {taskinstance.py:1035} INFO - Dependencies all met for <TaskInstance: cpp_workflow.col_process_media_prepare manual__2021-12-29T23:32:13.534353+00:00 [queued]>
[2021-12-29 23:32:46,049] {taskinstance.py:1035} INFO - Dependencies all met for <TaskInstance: cpp_workflow.col_process_media_prepare manual__2021-12-29T23:32:13.534353+00:00 [queued]>
[2021-12-29 23:32:46,049] {taskinstance.py:1241} INFO - 
--------------------------------------------------------------------------------
[2021-12-29 23:32:46,050] {taskinstance.py:1242} INFO - Starting attempt 1 of 1
[2021-12-29 23:32:46,050] {taskinstance.py:1243} INFO - 
--------------------------------------------------------------------------------
[2021-12-29 23:32:46,076] {taskinstance.py:1262} INFO - Executing <Task(PythonOperator): col_process_media_prepare> on 2021-12-29 23:32:13.534353+00:00
[2021-12-29 23:32:46,082] {standard_task_runner.py:52} INFO - Started process 14648 to run task
[2021-12-29 23:32:46,088] {standard_task_runner.py:76} INFO - Running: ['***', 'tasks', 'run', 'cpp_workflow', 'col_process_media_prepare', 'manual__2021-12-29T23:32:13.534353+00:00', '--job-id', '1693', '--raw', '--subdir', 'DAGS_FOLDER/first_dag.py', '--cfg-path', '/tmp/tmpsh6twqlk', '--error-file', '/tmp/tmpkrcmo6z7']
[2021-12-29 23:32:46,090] {standard_task_runner.py:77} INFO - Job 1693: Subtask col_process_media_prepare
[2021-12-29 23:32:46,154] {logging_mixin.py:109} INFO - Running <TaskInstance: cpp_workflow.col_process_media_prepare manual__2021-12-29T23:32:13.534353+00:00 [running]> on host 218df5ddc363
[2021-12-29 23:32:46,224] {taskinstance.py:1429} INFO - Exporting the following env vars:
AIRFLOW_CTX_DAG_OWNER=***
AIRFLOW_CTX_DAG_ID=cpp_workflow
AIRFLOW_CTX_TASK_ID=col_process_media_prepare
AIRFLOW_CTX_EXECUTION_DATE=2021-12-29T23:32:13.534353+00:00
AIRFLOW_CTX_DAG_RUN_ID=manual__2021-12-29T23:32:13.534353+00:00
[2021-12-29 23:32:46,227] {python.py:152} INFO - Done. Returned value was: None
[2021-12-29 23:32:46,262] {taskinstance.py:1280} INFO - Marking task as SUCCESS. dag_id=cpp_workflow, task_id=col_process_media_prepare, execution_date=20211229T233213, start_date=20211229T233246, end_date=20211229T233246
[2021-12-29 23:32:46,300] {local_task_job.py:154} INFO - Task exited with return code 0
[2021-12-29 23:32:46,368] {local_task_job.py:264} INFO - 1 downstream tasks scheduled from follow-on schedule check
