[2021-12-13 14:01:51,804] {taskinstance.py:1035} INFO - Dependencies all met for <TaskInstance: cpp_workflow.connect_to_database manual__2021-12-13T14:01:41.022986+00:00 [queued]>
[2021-12-13 14:01:51,824] {taskinstance.py:1035} INFO - Dependencies all met for <TaskInstance: cpp_workflow.connect_to_database manual__2021-12-13T14:01:41.022986+00:00 [queued]>
[2021-12-13 14:01:51,825] {taskinstance.py:1241} INFO - 
--------------------------------------------------------------------------------
[2021-12-13 14:01:51,825] {taskinstance.py:1242} INFO - Starting attempt 1 of 1
[2021-12-13 14:01:51,826] {taskinstance.py:1243} INFO - 
--------------------------------------------------------------------------------
[2021-12-13 14:01:51,843] {taskinstance.py:1262} INFO - Executing <Task(PythonOperator): connect_to_database> on 2021-12-13 14:01:41.022986+00:00
[2021-12-13 14:01:51,850] {standard_task_runner.py:52} INFO - Started process 8060 to run task
[2021-12-13 14:01:51,856] {standard_task_runner.py:76} INFO - Running: ['***', 'tasks', 'run', 'cpp_workflow', 'connect_to_database', 'manual__2021-12-13T14:01:41.022986+00:00', '--job-id', '1186', '--raw', '--subdir', 'DAGS_FOLDER/first_dag.py', '--cfg-path', '/tmp/tmp8r1rw56w', '--error-file', '/tmp/tmp6swfa_0u']
[2021-12-13 14:01:51,858] {standard_task_runner.py:77} INFO - Job 1186: Subtask connect_to_database
[2021-12-13 14:01:51,924] {logging_mixin.py:109} INFO - Running <TaskInstance: cpp_workflow.connect_to_database manual__2021-12-13T14:01:41.022986+00:00 [running]> on host 218df5ddc363
[2021-12-13 14:01:52,066] {taskinstance.py:1429} INFO - Exporting the following env vars:
AIRFLOW_CTX_DAG_OWNER=***
AIRFLOW_CTX_DAG_ID=cpp_workflow
AIRFLOW_CTX_TASK_ID=connect_to_database
AIRFLOW_CTX_EXECUTION_DATE=2021-12-13T14:01:41.022986+00:00
AIRFLOW_CTX_DAG_RUN_ID=manual__2021-12-13T14:01:41.022986+00:00
[2021-12-13 14:01:52,289] {logging_mixin.py:109} INFO - You're connected to database
[2021-12-13 14:01:57,789] {logging_mixin.py:109} INFO - Error while connecting to the database 2055: Lost connection to MySQL server at 'studmysql01.fhict.local:3306', system error: 9 Bad file descriptor
[2021-12-13 14:01:57,790] {python.py:152} INFO - Done. Returned value was: None
[2021-12-13 14:01:57,806] {taskinstance.py:1280} INFO - Marking task as SUCCESS. dag_id=cpp_workflow, task_id=connect_to_database, execution_date=20211213T140141, start_date=20211213T140151, end_date=20211213T140157
[2021-12-13 14:01:57,864] {local_task_job.py:154} INFO - Task exited with return code 0
[2021-12-13 14:01:57,894] {local_task_job.py:264} INFO - 0 downstream tasks scheduled from follow-on schedule check
