[2021-12-13 14:54:56,586] {taskinstance.py:1035} INFO - Dependencies all met for <TaskInstance: cpp_workflow.connect_to_database manual__2021-12-13T14:54:43.968184+00:00 [queued]>
[2021-12-13 14:54:56,608] {taskinstance.py:1035} INFO - Dependencies all met for <TaskInstance: cpp_workflow.connect_to_database manual__2021-12-13T14:54:43.968184+00:00 [queued]>
[2021-12-13 14:54:56,609] {taskinstance.py:1241} INFO - 
--------------------------------------------------------------------------------
[2021-12-13 14:54:56,609] {taskinstance.py:1242} INFO - Starting attempt 1 of 1
[2021-12-13 14:54:56,610] {taskinstance.py:1243} INFO - 
--------------------------------------------------------------------------------
[2021-12-13 14:54:56,639] {taskinstance.py:1262} INFO - Executing <Task(PythonOperator): connect_to_database> on 2021-12-13 14:54:43.968184+00:00
[2021-12-13 14:54:56,647] {standard_task_runner.py:52} INFO - Started process 10786 to run task
[2021-12-13 14:54:56,655] {standard_task_runner.py:76} INFO - Running: ['***', 'tasks', 'run', 'cpp_workflow', 'connect_to_database', 'manual__2021-12-13T14:54:43.968184+00:00', '--job-id', '1317', '--raw', '--subdir', 'DAGS_FOLDER/first_dag.py', '--cfg-path', '/tmp/tmplr16xpo2', '--error-file', '/tmp/tmpbdt92fy_']
[2021-12-13 14:54:56,657] {standard_task_runner.py:77} INFO - Job 1317: Subtask connect_to_database
[2021-12-13 14:54:56,741] {logging_mixin.py:109} INFO - Running <TaskInstance: cpp_workflow.connect_to_database manual__2021-12-13T14:54:43.968184+00:00 [running]> on host 218df5ddc363
[2021-12-13 14:54:56,914] {taskinstance.py:1429} INFO - Exporting the following env vars:
AIRFLOW_CTX_DAG_OWNER=***
AIRFLOW_CTX_DAG_ID=cpp_workflow
AIRFLOW_CTX_TASK_ID=connect_to_database
AIRFLOW_CTX_EXECUTION_DATE=2021-12-13T14:54:43.968184+00:00
AIRFLOW_CTX_DAG_RUN_ID=manual__2021-12-13T14:54:43.968184+00:00
[2021-12-13 14:54:57,210] {logging_mixin.py:109} INFO - You're connected to database
[2021-12-13 14:55:05,610] {python.py:152} INFO - Done. Returned value was: None
[2021-12-13 14:55:05,624] {taskinstance.py:1280} INFO - Marking task as SUCCESS. dag_id=cpp_workflow, task_id=connect_to_database, execution_date=20211213T145443, start_date=20211213T145456, end_date=20211213T145505
[2021-12-13 14:55:05,697] {local_task_job.py:154} INFO - Task exited with return code 0
[2021-12-13 14:55:05,729] {local_task_job.py:264} INFO - 0 downstream tasks scheduled from follow-on schedule check
