[2021-12-13 14:45:06,819] {taskinstance.py:1035} INFO - Dependencies all met for <TaskInstance: cpp_workflow.merge_process manual__2021-12-13T14:44:47.247430+00:00 [queued]>
[2021-12-13 14:45:06,835] {taskinstance.py:1035} INFO - Dependencies all met for <TaskInstance: cpp_workflow.merge_process manual__2021-12-13T14:44:47.247430+00:00 [queued]>
[2021-12-13 14:45:06,835] {taskinstance.py:1241} INFO - 
--------------------------------------------------------------------------------
[2021-12-13 14:45:06,835] {taskinstance.py:1242} INFO - Starting attempt 1 of 1
[2021-12-13 14:45:06,836] {taskinstance.py:1243} INFO - 
--------------------------------------------------------------------------------
[2021-12-13 14:45:06,854] {taskinstance.py:1262} INFO - Executing <Task(PythonOperator): merge_process> on 2021-12-13 14:44:47.247430+00:00
[2021-12-13 14:45:06,862] {standard_task_runner.py:52} INFO - Started process 10273 to run task
[2021-12-13 14:45:06,866] {standard_task_runner.py:76} INFO - Running: ['***', 'tasks', 'run', 'cpp_workflow', 'merge_process', 'manual__2021-12-13T14:44:47.247430+00:00', '--job-id', '1292', '--raw', '--subdir', 'DAGS_FOLDER/first_dag.py', '--cfg-path', '/tmp/tmp74xhq3_f', '--error-file', '/tmp/tmp9__jhxvg']
[2021-12-13 14:45:06,867] {standard_task_runner.py:77} INFO - Job 1292: Subtask merge_process
[2021-12-13 14:45:06,941] {logging_mixin.py:109} INFO - Running <TaskInstance: cpp_workflow.merge_process manual__2021-12-13T14:44:47.247430+00:00 [running]> on host 218df5ddc363
[2021-12-13 14:45:07,041] {taskinstance.py:1429} INFO - Exporting the following env vars:
AIRFLOW_CTX_DAG_OWNER=***
AIRFLOW_CTX_DAG_ID=cpp_workflow
AIRFLOW_CTX_TASK_ID=merge_process
AIRFLOW_CTX_EXECUTION_DATE=2021-12-13T14:44:47.247430+00:00
AIRFLOW_CTX_DAG_RUN_ID=manual__2021-12-13T14:44:47.247430+00:00
[2021-12-13 14:45:07,147] {python.py:152} INFO - Done. Returned value was: None
[2021-12-13 14:45:07,169] {taskinstance.py:1280} INFO - Marking task as SUCCESS. dag_id=cpp_workflow, task_id=merge_process, execution_date=20211213T144447, start_date=20211213T144506, end_date=20211213T144507
[2021-12-13 14:45:07,241] {local_task_job.py:154} INFO - Task exited with return code 0
[2021-12-13 14:45:07,376] {local_task_job.py:264} INFO - 1 downstream tasks scheduled from follow-on schedule check
