[2021-12-09 00:00:03,904] {taskinstance.py:1035} INFO - Dependencies all met for <TaskInstance: cpp_workflow.pre_process scheduled__2021-12-08T00:00:00+00:00 [queued]>
[2021-12-09 00:00:03,932] {taskinstance.py:1035} INFO - Dependencies all met for <TaskInstance: cpp_workflow.pre_process scheduled__2021-12-08T00:00:00+00:00 [queued]>
[2021-12-09 00:00:03,933] {taskinstance.py:1241} INFO - 
--------------------------------------------------------------------------------
[2021-12-09 00:00:03,933] {taskinstance.py:1242} INFO - Starting attempt 1 of 1
[2021-12-09 00:00:03,934] {taskinstance.py:1243} INFO - 
--------------------------------------------------------------------------------
[2021-12-09 00:00:03,955] {taskinstance.py:1262} INFO - Executing <Task(PythonOperator): pre_process> on 2021-12-08 00:00:00+00:00
[2021-12-09 00:00:03,962] {standard_task_runner.py:52} INFO - Started process 8140 to run task
[2021-12-09 00:00:03,967] {standard_task_runner.py:76} INFO - Running: ['***', 'tasks', 'run', 'cpp_workflow', 'pre_process', 'scheduled__2021-12-08T00:00:00+00:00', '--job-id', '663', '--raw', '--subdir', 'DAGS_FOLDER/first_dag.py', '--cfg-path', '/tmp/tmpwadow1rs', '--error-file', '/tmp/tmpr07660dh']
[2021-12-09 00:00:03,969] {standard_task_runner.py:77} INFO - Job 663: Subtask pre_process
[2021-12-09 00:00:04,028] {logging_mixin.py:109} INFO - Running <TaskInstance: cpp_workflow.pre_process scheduled__2021-12-08T00:00:00+00:00 [running]> on host b5fd0372bf6e
[2021-12-09 00:00:04,105] {taskinstance.py:1429} INFO - Exporting the following env vars:
AIRFLOW_CTX_DAG_OWNER=***
AIRFLOW_CTX_DAG_ID=cpp_workflow
AIRFLOW_CTX_TASK_ID=pre_process
AIRFLOW_CTX_EXECUTION_DATE=2021-12-08T00:00:00+00:00
AIRFLOW_CTX_DAG_RUN_ID=scheduled__2021-12-08T00:00:00+00:00
[2021-12-09 00:00:04,168] {python.py:152} INFO - Done. Returned value was: None
[2021-12-09 00:00:04,184] {taskinstance.py:1280} INFO - Marking task as SUCCESS. dag_id=cpp_workflow, task_id=pre_process, execution_date=20211208T000000, start_date=20211209T000003, end_date=20211209T000004
[2021-12-09 00:00:04,220] {local_task_job.py:154} INFO - Task exited with return code 0
[2021-12-09 00:00:04,277] {local_task_job.py:264} INFO - 1 downstream tasks scheduled from follow-on schedule check
