[2021-12-13 14:27:31,402] {taskinstance.py:1035} INFO - Dependencies all met for <TaskInstance: cpp_workflow.merge_process manual__2021-12-13T14:27:20.853262+00:00 [queued]>
[2021-12-13 14:27:31,416] {taskinstance.py:1035} INFO - Dependencies all met for <TaskInstance: cpp_workflow.merge_process manual__2021-12-13T14:27:20.853262+00:00 [queued]>
[2021-12-13 14:27:31,416] {taskinstance.py:1241} INFO - 
--------------------------------------------------------------------------------
[2021-12-13 14:27:31,417] {taskinstance.py:1242} INFO - Starting attempt 1 of 1
[2021-12-13 14:27:31,417] {taskinstance.py:1243} INFO - 
--------------------------------------------------------------------------------
[2021-12-13 14:27:31,438] {taskinstance.py:1262} INFO - Executing <Task(PythonOperator): merge_process> on 2021-12-13 14:27:20.853262+00:00
[2021-12-13 14:27:31,446] {standard_task_runner.py:52} INFO - Started process 9373 to run task
[2021-12-13 14:27:31,451] {standard_task_runner.py:76} INFO - Running: ['***', 'tasks', 'run', 'cpp_workflow', 'merge_process', 'manual__2021-12-13T14:27:20.853262+00:00', '--job-id', '1247', '--raw', '--subdir', 'DAGS_FOLDER/first_dag.py', '--cfg-path', '/tmp/tmpf9f3baoc', '--error-file', '/tmp/tmpq715zjl5']
[2021-12-13 14:27:31,452] {standard_task_runner.py:77} INFO - Job 1247: Subtask merge_process
[2021-12-13 14:27:31,525] {logging_mixin.py:109} INFO - Running <TaskInstance: cpp_workflow.merge_process manual__2021-12-13T14:27:20.853262+00:00 [running]> on host 218df5ddc363
[2021-12-13 14:27:31,595] {taskinstance.py:1429} INFO - Exporting the following env vars:
AIRFLOW_CTX_DAG_OWNER=***
AIRFLOW_CTX_DAG_ID=cpp_workflow
AIRFLOW_CTX_TASK_ID=merge_process
AIRFLOW_CTX_EXECUTION_DATE=2021-12-13T14:27:20.853262+00:00
AIRFLOW_CTX_DAG_RUN_ID=manual__2021-12-13T14:27:20.853262+00:00
[2021-12-13 14:27:31,689] {python.py:152} INFO - Done. Returned value was: None
[2021-12-13 14:27:31,711] {taskinstance.py:1280} INFO - Marking task as SUCCESS. dag_id=cpp_workflow, task_id=merge_process, execution_date=20211213T142720, start_date=20211213T142731, end_date=20211213T142731
[2021-12-13 14:27:31,744] {local_task_job.py:154} INFO - Task exited with return code 0
[2021-12-13 14:27:31,775] {local_task_job.py:264} INFO - 1 downstream tasks scheduled from follow-on schedule check
