[2022-01-19 20:14:40,971] {taskinstance.py:1035} INFO - Dependencies all met for <TaskInstance: cpp_workflow.check_file_changes manual__2022-01-19T20:14:39.783735+00:00 [queued]>
[2022-01-19 20:14:40,984] {taskinstance.py:1035} INFO - Dependencies all met for <TaskInstance: cpp_workflow.check_file_changes manual__2022-01-19T20:14:39.783735+00:00 [queued]>
[2022-01-19 20:14:40,984] {taskinstance.py:1241} INFO - 
--------------------------------------------------------------------------------
[2022-01-19 20:14:40,984] {taskinstance.py:1242} INFO - Starting attempt 1 of 1
[2022-01-19 20:14:40,985] {taskinstance.py:1243} INFO - 
--------------------------------------------------------------------------------
[2022-01-19 20:14:41,001] {taskinstance.py:1262} INFO - Executing <Task(PythonOperator): check_file_changes> on 2022-01-19 20:14:39.783735+00:00
[2022-01-19 20:14:41,006] {standard_task_runner.py:52} INFO - Started process 790 to run task
[2022-01-19 20:14:41,012] {standard_task_runner.py:76} INFO - Running: ['***', 'tasks', 'run', 'cpp_workflow', 'check_file_changes', 'manual__2022-01-19T20:14:39.783735+00:00', '--job-id', '2814', '--raw', '--subdir', 'DAGS_FOLDER/first_dag.py', '--cfg-path', '/tmp/tmpege6qi3f', '--error-file', '/tmp/tmp4dwc5dn7']
[2022-01-19 20:14:41,013] {standard_task_runner.py:77} INFO - Job 2814: Subtask check_file_changes
[2022-01-19 20:14:41,060] {logging_mixin.py:109} INFO - Running <TaskInstance: cpp_workflow.check_file_changes manual__2022-01-19T20:14:39.783735+00:00 [running]> on host 218df5ddc363
[2022-01-19 20:14:41,117] {taskinstance.py:1429} INFO - Exporting the following env vars:
AIRFLOW_CTX_DAG_OWNER=***
AIRFLOW_CTX_DAG_ID=cpp_workflow
AIRFLOW_CTX_TASK_ID=check_file_changes
AIRFLOW_CTX_EXECUTION_DATE=2022-01-19T20:14:39.783735+00:00
AIRFLOW_CTX_DAG_RUN_ID=manual__2022-01-19T20:14:39.783735+00:00
[2022-01-19 20:14:41,447] {python.py:152} INFO - Done. Returned value was: None
[2022-01-19 20:14:41,463] {taskinstance.py:1280} INFO - Marking task as SUCCESS. dag_id=cpp_workflow, task_id=check_file_changes, execution_date=20220119T201439, start_date=20220119T201440, end_date=20220119T201441
[2022-01-19 20:14:41,507] {local_task_job.py:154} INFO - Task exited with return code 0
[2022-01-19 20:14:41,583] {local_task_job.py:264} INFO - 3 downstream tasks scheduled from follow-on schedule check
