[2021-12-08 22:37:24,670] {taskinstance.py:1035} INFO - Dependencies all met for <TaskInstance: cpp_workflow.connect_to_database manual__2021-12-08T22:37:13.429228+00:00 [queued]>
[2021-12-08 22:37:24,680] {taskinstance.py:1035} INFO - Dependencies all met for <TaskInstance: cpp_workflow.connect_to_database manual__2021-12-08T22:37:13.429228+00:00 [queued]>
[2021-12-08 22:37:24,681] {taskinstance.py:1241} INFO - 
--------------------------------------------------------------------------------
[2021-12-08 22:37:24,681] {taskinstance.py:1242} INFO - Starting attempt 1 of 1
[2021-12-08 22:37:24,681] {taskinstance.py:1243} INFO - 
--------------------------------------------------------------------------------
[2021-12-08 22:37:24,691] {taskinstance.py:1262} INFO - Executing <Task(PythonOperator): connect_to_database> on 2021-12-08 22:37:13.429228+00:00
[2021-12-08 22:37:24,696] {standard_task_runner.py:52} INFO - Started process 4238 to run task
[2021-12-08 22:37:24,699] {standard_task_runner.py:76} INFO - Running: ['***', 'tasks', 'run', 'cpp_workflow', 'connect_to_database', 'manual__2021-12-08T22:37:13.429228+00:00', '--job-id', '557', '--raw', '--subdir', 'DAGS_FOLDER/first_dag.py', '--cfg-path', '/tmp/tmpgd2hezz6', '--error-file', '/tmp/tmp95tx56l7']
[2021-12-08 22:37:24,700] {standard_task_runner.py:77} INFO - Job 557: Subtask connect_to_database
[2021-12-08 22:37:24,738] {logging_mixin.py:109} INFO - Running <TaskInstance: cpp_workflow.connect_to_database manual__2021-12-08T22:37:13.429228+00:00 [running]> on host b5fd0372bf6e
[2021-12-08 22:37:24,786] {taskinstance.py:1429} INFO - Exporting the following env vars:
AIRFLOW_CTX_DAG_OWNER=***
AIRFLOW_CTX_DAG_ID=cpp_workflow
AIRFLOW_CTX_TASK_ID=connect_to_database
AIRFLOW_CTX_EXECUTION_DATE=2021-12-08T22:37:13.429228+00:00
AIRFLOW_CTX_DAG_RUN_ID=manual__2021-12-08T22:37:13.429228+00:00
[2021-12-08 22:37:24,991] {python.py:152} INFO - Done. Returned value was: None
[2021-12-08 22:37:25,009] {taskinstance.py:1280} INFO - Marking task as SUCCESS. dag_id=cpp_workflow, task_id=connect_to_database, execution_date=20211208T223713, start_date=20211208T223724, end_date=20211208T223725
[2021-12-08 22:37:25,072] {local_task_job.py:154} INFO - Task exited with return code 0
[2021-12-08 22:37:25,106] {local_task_job.py:264} INFO - 0 downstream tasks scheduled from follow-on schedule check
