[2021-12-08 23:12:09,381] {taskinstance.py:1035} INFO - Dependencies all met for <TaskInstance: cpp_workflow.pre_process manual__2021-12-08T23:12:05.436468+00:00 [queued]>
[2021-12-08 23:12:09,403] {taskinstance.py:1035} INFO - Dependencies all met for <TaskInstance: cpp_workflow.pre_process manual__2021-12-08T23:12:05.436468+00:00 [queued]>
[2021-12-08 23:12:09,403] {taskinstance.py:1241} INFO - 
--------------------------------------------------------------------------------
[2021-12-08 23:12:09,404] {taskinstance.py:1242} INFO - Starting attempt 1 of 1
[2021-12-08 23:12:09,404] {taskinstance.py:1243} INFO - 
--------------------------------------------------------------------------------
[2021-12-08 23:12:09,429] {taskinstance.py:1262} INFO - Executing <Task(PythonOperator): pre_process> on 2021-12-08 23:12:05.436468+00:00
[2021-12-08 23:12:09,435] {standard_task_runner.py:52} INFO - Started process 5860 to run task
[2021-12-08 23:12:09,441] {standard_task_runner.py:76} INFO - Running: ['***', 'tasks', 'run', 'cpp_workflow', 'pre_process', 'manual__2021-12-08T23:12:05.436468+00:00', '--job-id', '593', '--raw', '--subdir', 'DAGS_FOLDER/first_dag.py', '--cfg-path', '/tmp/tmpebauz36x', '--error-file', '/tmp/tmp36s56s7d']
[2021-12-08 23:12:09,444] {standard_task_runner.py:77} INFO - Job 593: Subtask pre_process
[2021-12-08 23:12:09,514] {logging_mixin.py:109} INFO - Running <TaskInstance: cpp_workflow.pre_process manual__2021-12-08T23:12:05.436468+00:00 [running]> on host b5fd0372bf6e
[2021-12-08 23:12:09,595] {taskinstance.py:1429} INFO - Exporting the following env vars:
AIRFLOW_CTX_DAG_OWNER=***
AIRFLOW_CTX_DAG_ID=cpp_workflow
AIRFLOW_CTX_TASK_ID=pre_process
AIRFLOW_CTX_EXECUTION_DATE=2021-12-08T23:12:05.436468+00:00
AIRFLOW_CTX_DAG_RUN_ID=manual__2021-12-08T23:12:05.436468+00:00
[2021-12-08 23:12:09,665] {python.py:152} INFO - Done. Returned value was: None
[2021-12-08 23:12:09,685] {taskinstance.py:1280} INFO - Marking task as SUCCESS. dag_id=cpp_workflow, task_id=pre_process, execution_date=20211208T231205, start_date=20211208T231209, end_date=20211208T231209
[2021-12-08 23:12:09,736] {local_task_job.py:154} INFO - Task exited with return code 0
[2021-12-08 23:12:09,805] {local_task_job.py:264} INFO - 1 downstream tasks scheduled from follow-on schedule check
