[2022-01-20 14:42:37,307] {taskinstance.py:1035} INFO - Dependencies all met for <TaskInstance: cpp_workflow.refactor_process_image manual__2022-01-20T14:42:23.948927+00:00 [queued]>
[2022-01-20 14:42:37,320] {taskinstance.py:1035} INFO - Dependencies all met for <TaskInstance: cpp_workflow.refactor_process_image manual__2022-01-20T14:42:23.948927+00:00 [queued]>
[2022-01-20 14:42:37,320] {taskinstance.py:1241} INFO - 
--------------------------------------------------------------------------------
[2022-01-20 14:42:37,320] {taskinstance.py:1242} INFO - Starting attempt 1 of 1
[2022-01-20 14:42:37,320] {taskinstance.py:1243} INFO - 
--------------------------------------------------------------------------------
[2022-01-20 14:42:37,333] {taskinstance.py:1262} INFO - Executing <Task(PythonOperator): refactor_process_image> on 2022-01-20 14:42:23.948927+00:00
[2022-01-20 14:42:37,338] {standard_task_runner.py:52} INFO - Started process 8000 to run task
[2022-01-20 14:42:37,347] {standard_task_runner.py:76} INFO - Running: ['***', 'tasks', 'run', 'cpp_workflow', 'refactor_process_image', 'manual__2022-01-20T14:42:23.948927+00:00', '--job-id', '2925', '--raw', '--subdir', 'DAGS_FOLDER/first_dag.py', '--cfg-path', '/tmp/tmpxwul3h76', '--error-file', '/tmp/tmp9z1a1n1r']
[2022-01-20 14:42:37,348] {standard_task_runner.py:77} INFO - Job 2925: Subtask refactor_process_image
[2022-01-20 14:42:37,406] {logging_mixin.py:109} INFO - Running <TaskInstance: cpp_workflow.refactor_process_image manual__2022-01-20T14:42:23.948927+00:00 [running]> on host 218df5ddc363
[2022-01-20 14:42:37,477] {taskinstance.py:1429} INFO - Exporting the following env vars:
AIRFLOW_CTX_DAG_OWNER=***
AIRFLOW_CTX_DAG_ID=cpp_workflow
AIRFLOW_CTX_TASK_ID=refactor_process_image
AIRFLOW_CTX_EXECUTION_DATE=2022-01-20T14:42:23.948927+00:00
AIRFLOW_CTX_DAG_RUN_ID=manual__2022-01-20T14:42:23.948927+00:00
[2022-01-20 14:42:37,528] {python.py:152} INFO - Done. Returned value was: None
[2022-01-20 14:42:37,547] {taskinstance.py:1280} INFO - Marking task as SUCCESS. dag_id=cpp_workflow, task_id=refactor_process_image, execution_date=20220120T144223, start_date=20220120T144237, end_date=20220120T144237
[2022-01-20 14:42:37,598] {local_task_job.py:154} INFO - Task exited with return code 0
[2022-01-20 14:42:37,650] {local_task_job.py:264} INFO - 1 downstream tasks scheduled from follow-on schedule check
