[2022-01-09 11:03:13,760] {processor.py:163} INFO - Started process (PID=40) to work on /opt/airflow/dags/first_dag.py
[2022-01-09 11:03:13,763] {processor.py:625} INFO - Processing file /opt/airflow/dags/first_dag.py for tasks to queue
[2022-01-09 11:03:13,765] {logging_mixin.py:109} INFO - [2022-01-09 11:03:13,764] {dagbag.py:500} INFO - Filling up the DagBag from /opt/airflow/dags/first_dag.py
[2022-01-09 11:03:15,319] {processor.py:637} INFO - DAG(s) dict_keys(['cpp_workflow']) retrieved from /opt/airflow/dags/first_dag.py
[2022-01-09 11:03:15,354] {logging_mixin.py:109} INFO - [2022-01-09 11:03:15,353] {dag.py:2396} INFO - Sync 1 DAGs
[2022-01-09 11:03:15,398] {logging_mixin.py:109} INFO - [2022-01-09 11:03:15,397] {dag.py:2928} INFO - Setting next_dagrun for cpp_workflow to 2022-01-09T00:00:00+00:00
[2022-01-09 11:03:15,425] {processor.py:171} INFO - Processing /opt/airflow/dags/first_dag.py took 1.671 seconds
[2022-01-09 11:03:45,935] {processor.py:163} INFO - Started process (PID=127) to work on /opt/airflow/dags/first_dag.py
[2022-01-09 11:03:45,940] {processor.py:625} INFO - Processing file /opt/airflow/dags/first_dag.py for tasks to queue
[2022-01-09 11:03:45,943] {logging_mixin.py:109} INFO - [2022-01-09 11:03:45,943] {dagbag.py:500} INFO - Filling up the DagBag from /opt/airflow/dags/first_dag.py
[2022-01-09 11:03:47,280] {processor.py:637} INFO - DAG(s) dict_keys(['cpp_workflow']) retrieved from /opt/airflow/dags/first_dag.py
[2022-01-09 11:03:47,309] {logging_mixin.py:109} INFO - [2022-01-09 11:03:47,307] {dag.py:2396} INFO - Sync 1 DAGs
[2022-01-09 11:03:47,352] {logging_mixin.py:109} INFO - [2022-01-09 11:03:47,352] {dag.py:2928} INFO - Setting next_dagrun for cpp_workflow to 2022-01-09T00:00:00+00:00
[2022-01-09 11:03:47,375] {processor.py:171} INFO - Processing /opt/airflow/dags/first_dag.py took 1.452 seconds
[2022-01-09 11:04:17,670] {processor.py:163} INFO - Started process (PID=189) to work on /opt/airflow/dags/first_dag.py
[2022-01-09 11:04:17,672] {processor.py:625} INFO - Processing file /opt/airflow/dags/first_dag.py for tasks to queue
[2022-01-09 11:04:17,674] {logging_mixin.py:109} INFO - [2022-01-09 11:04:17,674] {dagbag.py:500} INFO - Filling up the DagBag from /opt/airflow/dags/first_dag.py
[2022-01-09 11:04:20,925] {processor.py:637} INFO - DAG(s) dict_keys(['cpp_workflow']) retrieved from /opt/airflow/dags/first_dag.py
[2022-01-09 11:04:21,041] {logging_mixin.py:109} INFO - [2022-01-09 11:04:21,041] {dag.py:2396} INFO - Sync 1 DAGs
[2022-01-09 11:04:21,095] {logging_mixin.py:109} INFO - [2022-01-09 11:04:21,095] {dag.py:2928} INFO - Setting next_dagrun for cpp_workflow to 2022-01-09T00:00:00+00:00
[2022-01-09 11:04:21,179] {processor.py:171} INFO - Processing /opt/airflow/dags/first_dag.py took 3.518 seconds
[2022-01-09 11:04:51,493] {processor.py:163} INFO - Started process (PID=263) to work on /opt/airflow/dags/first_dag.py
[2022-01-09 11:04:51,496] {processor.py:625} INFO - Processing file /opt/airflow/dags/first_dag.py for tasks to queue
[2022-01-09 11:04:51,497] {logging_mixin.py:109} INFO - [2022-01-09 11:04:51,497] {dagbag.py:500} INFO - Filling up the DagBag from /opt/airflow/dags/first_dag.py
[2022-01-09 11:04:52,461] {processor.py:637} INFO - DAG(s) dict_keys(['cpp_workflow']) retrieved from /opt/airflow/dags/first_dag.py
[2022-01-09 11:04:52,479] {logging_mixin.py:109} INFO - [2022-01-09 11:04:52,478] {dag.py:2396} INFO - Sync 1 DAGs
[2022-01-09 11:04:52,510] {logging_mixin.py:109} INFO - [2022-01-09 11:04:52,510] {dag.py:2928} INFO - Setting next_dagrun for cpp_workflow to 2022-01-09T00:00:00+00:00
[2022-01-09 11:04:52,524] {processor.py:171} INFO - Processing /opt/airflow/dags/first_dag.py took 1.036 seconds
[2022-01-09 11:05:22,841] {processor.py:163} INFO - Started process (PID=323) to work on /opt/airflow/dags/first_dag.py
[2022-01-09 11:05:22,844] {processor.py:625} INFO - Processing file /opt/airflow/dags/first_dag.py for tasks to queue
[2022-01-09 11:05:22,846] {logging_mixin.py:109} INFO - [2022-01-09 11:05:22,846] {dagbag.py:500} INFO - Filling up the DagBag from /opt/airflow/dags/first_dag.py
[2022-01-09 11:05:23,924] {processor.py:637} INFO - DAG(s) dict_keys(['cpp_workflow']) retrieved from /opt/airflow/dags/first_dag.py
[2022-01-09 11:05:23,958] {logging_mixin.py:109} INFO - [2022-01-09 11:05:23,957] {dag.py:2396} INFO - Sync 1 DAGs
[2022-01-09 11:05:23,994] {logging_mixin.py:109} INFO - [2022-01-09 11:05:23,994] {dag.py:2928} INFO - Setting next_dagrun for cpp_workflow to 2022-01-09T00:00:00+00:00
[2022-01-09 11:05:24,017] {processor.py:171} INFO - Processing /opt/airflow/dags/first_dag.py took 1.184 seconds
[2022-01-09 11:05:54,127] {processor.py:163} INFO - Started process (PID=385) to work on /opt/airflow/dags/first_dag.py
[2022-01-09 11:05:54,128] {processor.py:625} INFO - Processing file /opt/airflow/dags/first_dag.py for tasks to queue
[2022-01-09 11:05:54,130] {logging_mixin.py:109} INFO - [2022-01-09 11:05:54,129] {dagbag.py:500} INFO - Filling up the DagBag from /opt/airflow/dags/first_dag.py
[2022-01-09 11:05:55,118] {processor.py:637} INFO - DAG(s) dict_keys(['cpp_workflow']) retrieved from /opt/airflow/dags/first_dag.py
[2022-01-09 11:05:55,139] {logging_mixin.py:109} INFO - [2022-01-09 11:05:55,138] {dag.py:2396} INFO - Sync 1 DAGs
[2022-01-09 11:05:55,164] {logging_mixin.py:109} INFO - [2022-01-09 11:05:55,164] {dag.py:2928} INFO - Setting next_dagrun for cpp_workflow to 2022-01-09T00:00:00+00:00
[2022-01-09 11:05:55,178] {processor.py:171} INFO - Processing /opt/airflow/dags/first_dag.py took 1.056 seconds
[2022-01-09 11:06:25,424] {processor.py:163} INFO - Started process (PID=449) to work on /opt/airflow/dags/first_dag.py
[2022-01-09 11:06:25,429] {processor.py:625} INFO - Processing file /opt/airflow/dags/first_dag.py for tasks to queue
[2022-01-09 11:06:25,432] {logging_mixin.py:109} INFO - [2022-01-09 11:06:25,432] {dagbag.py:500} INFO - Filling up the DagBag from /opt/airflow/dags/first_dag.py
[2022-01-09 11:06:27,023] {processor.py:637} INFO - DAG(s) dict_keys(['cpp_workflow']) retrieved from /opt/airflow/dags/first_dag.py
[2022-01-09 11:06:27,044] {logging_mixin.py:109} INFO - [2022-01-09 11:06:27,044] {dag.py:2396} INFO - Sync 1 DAGs
[2022-01-09 11:06:27,073] {logging_mixin.py:109} INFO - [2022-01-09 11:06:27,073] {dag.py:2928} INFO - Setting next_dagrun for cpp_workflow to 2022-01-09T00:00:00+00:00
[2022-01-09 11:06:27,088] {processor.py:171} INFO - Processing /opt/airflow/dags/first_dag.py took 1.678 seconds
[2022-01-09 11:06:57,545] {processor.py:163} INFO - Started process (PID=514) to work on /opt/airflow/dags/first_dag.py
[2022-01-09 11:06:57,549] {processor.py:625} INFO - Processing file /opt/airflow/dags/first_dag.py for tasks to queue
[2022-01-09 11:06:57,552] {logging_mixin.py:109} INFO - [2022-01-09 11:06:57,551] {dagbag.py:500} INFO - Filling up the DagBag from /opt/airflow/dags/first_dag.py
[2022-01-09 11:06:58,667] {processor.py:637} INFO - DAG(s) dict_keys(['cpp_workflow']) retrieved from /opt/airflow/dags/first_dag.py
[2022-01-09 11:06:58,696] {logging_mixin.py:109} INFO - [2022-01-09 11:06:58,694] {dag.py:2396} INFO - Sync 1 DAGs
[2022-01-09 11:06:58,734] {logging_mixin.py:109} INFO - [2022-01-09 11:06:58,733] {dag.py:2928} INFO - Setting next_dagrun for cpp_workflow to 2022-01-09T00:00:00+00:00
[2022-01-09 11:06:58,755] {processor.py:171} INFO - Processing /opt/airflow/dags/first_dag.py took 1.226 seconds
[2022-01-09 11:07:29,123] {processor.py:163} INFO - Started process (PID=586) to work on /opt/airflow/dags/first_dag.py
[2022-01-09 11:07:29,126] {processor.py:625} INFO - Processing file /opt/airflow/dags/first_dag.py for tasks to queue
[2022-01-09 11:07:29,127] {logging_mixin.py:109} INFO - [2022-01-09 11:07:29,127] {dagbag.py:500} INFO - Filling up the DagBag from /opt/airflow/dags/first_dag.py
[2022-01-09 11:07:30,007] {processor.py:637} INFO - DAG(s) dict_keys(['cpp_workflow']) retrieved from /opt/airflow/dags/first_dag.py
[2022-01-09 11:07:30,024] {logging_mixin.py:109} INFO - [2022-01-09 11:07:30,024] {dag.py:2396} INFO - Sync 1 DAGs
[2022-01-09 11:07:30,043] {logging_mixin.py:109} INFO - [2022-01-09 11:07:30,043] {dag.py:2928} INFO - Setting next_dagrun for cpp_workflow to 2022-01-09T00:00:00+00:00
[2022-01-09 11:07:30,058] {processor.py:171} INFO - Processing /opt/airflow/dags/first_dag.py took 0.946 seconds
[2022-01-09 11:08:00,441] {processor.py:163} INFO - Started process (PID=650) to work on /opt/airflow/dags/first_dag.py
[2022-01-09 11:08:00,444] {processor.py:625} INFO - Processing file /opt/airflow/dags/first_dag.py for tasks to queue
[2022-01-09 11:08:00,446] {logging_mixin.py:109} INFO - [2022-01-09 11:08:00,446] {dagbag.py:500} INFO - Filling up the DagBag from /opt/airflow/dags/first_dag.py
[2022-01-09 11:08:02,030] {processor.py:637} INFO - DAG(s) dict_keys(['cpp_workflow']) retrieved from /opt/airflow/dags/first_dag.py
[2022-01-09 11:08:02,061] {logging_mixin.py:109} INFO - [2022-01-09 11:08:02,060] {dag.py:2396} INFO - Sync 1 DAGs
[2022-01-09 11:08:02,097] {logging_mixin.py:109} INFO - [2022-01-09 11:08:02,096] {dag.py:2928} INFO - Setting next_dagrun for cpp_workflow to 2022-01-09T00:00:00+00:00
[2022-01-09 11:08:02,122] {processor.py:171} INFO - Processing /opt/airflow/dags/first_dag.py took 1.689 seconds
[2022-01-09 11:08:32,443] {processor.py:163} INFO - Started process (PID=713) to work on /opt/airflow/dags/first_dag.py
[2022-01-09 11:08:32,449] {processor.py:625} INFO - Processing file /opt/airflow/dags/first_dag.py for tasks to queue
[2022-01-09 11:08:32,452] {logging_mixin.py:109} INFO - [2022-01-09 11:08:32,452] {dagbag.py:500} INFO - Filling up the DagBag from /opt/airflow/dags/first_dag.py
[2022-01-09 11:08:33,945] {processor.py:637} INFO - DAG(s) dict_keys(['cpp_workflow']) retrieved from /opt/airflow/dags/first_dag.py
[2022-01-09 11:08:33,975] {logging_mixin.py:109} INFO - [2022-01-09 11:08:33,974] {dag.py:2396} INFO - Sync 1 DAGs
[2022-01-09 11:08:34,010] {logging_mixin.py:109} INFO - [2022-01-09 11:08:34,010] {dag.py:2928} INFO - Setting next_dagrun for cpp_workflow to 2022-01-09T00:00:00+00:00
[2022-01-09 11:08:34,038] {processor.py:171} INFO - Processing /opt/airflow/dags/first_dag.py took 1.605 seconds
[2022-01-09 11:09:04,602] {processor.py:163} INFO - Started process (PID=778) to work on /opt/airflow/dags/first_dag.py
[2022-01-09 11:09:04,607] {processor.py:625} INFO - Processing file /opt/airflow/dags/first_dag.py for tasks to queue
[2022-01-09 11:09:04,610] {logging_mixin.py:109} INFO - [2022-01-09 11:09:04,609] {dagbag.py:500} INFO - Filling up the DagBag from /opt/airflow/dags/first_dag.py
[2022-01-09 11:09:06,038] {processor.py:637} INFO - DAG(s) dict_keys(['cpp_workflow']) retrieved from /opt/airflow/dags/first_dag.py
[2022-01-09 11:09:06,079] {logging_mixin.py:109} INFO - [2022-01-09 11:09:06,078] {dag.py:2396} INFO - Sync 1 DAGs
[2022-01-09 11:09:06,122] {logging_mixin.py:109} INFO - [2022-01-09 11:09:06,122] {dag.py:2928} INFO - Setting next_dagrun for cpp_workflow to 2022-01-09T00:00:00+00:00
[2022-01-09 11:09:06,145] {processor.py:171} INFO - Processing /opt/airflow/dags/first_dag.py took 1.554 seconds
[2022-01-09 11:09:37,041] {processor.py:163} INFO - Started process (PID=855) to work on /opt/airflow/dags/first_dag.py
[2022-01-09 11:09:37,043] {processor.py:625} INFO - Processing file /opt/airflow/dags/first_dag.py for tasks to queue
[2022-01-09 11:09:37,044] {logging_mixin.py:109} INFO - [2022-01-09 11:09:37,044] {dagbag.py:500} INFO - Filling up the DagBag from /opt/airflow/dags/first_dag.py
[2022-01-09 11:09:37,963] {processor.py:637} INFO - DAG(s) dict_keys(['cpp_workflow']) retrieved from /opt/airflow/dags/first_dag.py
[2022-01-09 11:09:37,983] {logging_mixin.py:109} INFO - [2022-01-09 11:09:37,982] {dag.py:2396} INFO - Sync 1 DAGs
[2022-01-09 11:09:38,010] {logging_mixin.py:109} INFO - [2022-01-09 11:09:38,010] {dag.py:2928} INFO - Setting next_dagrun for cpp_workflow to 2022-01-09T00:00:00+00:00
[2022-01-09 11:09:38,027] {processor.py:171} INFO - Processing /opt/airflow/dags/first_dag.py took 0.991 seconds
[2022-01-09 11:10:08,227] {processor.py:163} INFO - Started process (PID=920) to work on /opt/airflow/dags/first_dag.py
[2022-01-09 11:10:08,229] {processor.py:625} INFO - Processing file /opt/airflow/dags/first_dag.py for tasks to queue
[2022-01-09 11:10:08,230] {logging_mixin.py:109} INFO - [2022-01-09 11:10:08,230] {dagbag.py:500} INFO - Filling up the DagBag from /opt/airflow/dags/first_dag.py
[2022-01-09 11:10:09,224] {processor.py:637} INFO - DAG(s) dict_keys(['cpp_workflow']) retrieved from /opt/airflow/dags/first_dag.py
[2022-01-09 11:10:09,247] {logging_mixin.py:109} INFO - [2022-01-09 11:10:09,246] {dag.py:2396} INFO - Sync 1 DAGs
[2022-01-09 11:10:09,275] {logging_mixin.py:109} INFO - [2022-01-09 11:10:09,275] {dag.py:2928} INFO - Setting next_dagrun for cpp_workflow to 2022-01-09T00:00:00+00:00
[2022-01-09 11:10:09,292] {processor.py:171} INFO - Processing /opt/airflow/dags/first_dag.py took 1.071 seconds
[2022-01-09 11:10:39,502] {processor.py:163} INFO - Started process (PID=982) to work on /opt/airflow/dags/first_dag.py
[2022-01-09 11:10:39,507] {processor.py:625} INFO - Processing file /opt/airflow/dags/first_dag.py for tasks to queue
[2022-01-09 11:10:39,510] {logging_mixin.py:109} INFO - [2022-01-09 11:10:39,510] {dagbag.py:500} INFO - Filling up the DagBag from /opt/airflow/dags/first_dag.py
[2022-01-09 11:10:40,480] {processor.py:637} INFO - DAG(s) dict_keys(['cpp_workflow']) retrieved from /opt/airflow/dags/first_dag.py
[2022-01-09 11:10:40,499] {logging_mixin.py:109} INFO - [2022-01-09 11:10:40,498] {dag.py:2396} INFO - Sync 1 DAGs
[2022-01-09 11:10:40,523] {logging_mixin.py:109} INFO - [2022-01-09 11:10:40,522] {dag.py:2928} INFO - Setting next_dagrun for cpp_workflow to 2022-01-09T00:00:00+00:00
[2022-01-09 11:10:40,539] {processor.py:171} INFO - Processing /opt/airflow/dags/first_dag.py took 1.056 seconds
[2022-01-09 11:11:11,340] {processor.py:163} INFO - Started process (PID=1046) to work on /opt/airflow/dags/first_dag.py
[2022-01-09 11:11:11,342] {processor.py:625} INFO - Processing file /opt/airflow/dags/first_dag.py for tasks to queue
[2022-01-09 11:11:11,344] {logging_mixin.py:109} INFO - [2022-01-09 11:11:11,344] {dagbag.py:500} INFO - Filling up the DagBag from /opt/airflow/dags/first_dag.py
[2022-01-09 11:11:12,457] {processor.py:637} INFO - DAG(s) dict_keys(['cpp_workflow']) retrieved from /opt/airflow/dags/first_dag.py
[2022-01-09 11:11:12,491] {logging_mixin.py:109} INFO - [2022-01-09 11:11:12,490] {dag.py:2396} INFO - Sync 1 DAGs
[2022-01-09 11:11:12,515] {logging_mixin.py:109} INFO - [2022-01-09 11:11:12,514] {dag.py:2928} INFO - Setting next_dagrun for cpp_workflow to 2022-01-09T00:00:00+00:00
[2022-01-09 11:11:12,530] {processor.py:171} INFO - Processing /opt/airflow/dags/first_dag.py took 1.195 seconds
[2022-01-09 11:11:42,769] {processor.py:163} INFO - Started process (PID=1107) to work on /opt/airflow/dags/first_dag.py
[2022-01-09 11:11:42,771] {processor.py:625} INFO - Processing file /opt/airflow/dags/first_dag.py for tasks to queue
[2022-01-09 11:11:42,772] {logging_mixin.py:109} INFO - [2022-01-09 11:11:42,772] {dagbag.py:500} INFO - Filling up the DagBag from /opt/airflow/dags/first_dag.py
[2022-01-09 11:11:43,637] {processor.py:637} INFO - DAG(s) dict_keys(['cpp_workflow']) retrieved from /opt/airflow/dags/first_dag.py
[2022-01-09 11:11:43,652] {logging_mixin.py:109} INFO - [2022-01-09 11:11:43,651] {dag.py:2396} INFO - Sync 1 DAGs
[2022-01-09 11:11:43,673] {logging_mixin.py:109} INFO - [2022-01-09 11:11:43,672] {dag.py:2928} INFO - Setting next_dagrun for cpp_workflow to 2022-01-09T00:00:00+00:00
[2022-01-09 11:11:43,688] {processor.py:171} INFO - Processing /opt/airflow/dags/first_dag.py took 0.924 seconds
[2022-01-09 11:12:14,036] {processor.py:163} INFO - Started process (PID=1182) to work on /opt/airflow/dags/first_dag.py
[2022-01-09 11:12:14,038] {processor.py:625} INFO - Processing file /opt/airflow/dags/first_dag.py for tasks to queue
[2022-01-09 11:12:14,039] {logging_mixin.py:109} INFO - [2022-01-09 11:12:14,039] {dagbag.py:500} INFO - Filling up the DagBag from /opt/airflow/dags/first_dag.py
[2022-01-09 11:12:14,858] {processor.py:637} INFO - DAG(s) dict_keys(['cpp_workflow']) retrieved from /opt/airflow/dags/first_dag.py
[2022-01-09 11:12:14,873] {logging_mixin.py:109} INFO - [2022-01-09 11:12:14,872] {dag.py:2396} INFO - Sync 1 DAGs
[2022-01-09 11:12:14,891] {logging_mixin.py:109} INFO - [2022-01-09 11:12:14,891] {dag.py:2928} INFO - Setting next_dagrun for cpp_workflow to 2022-01-09T00:00:00+00:00
[2022-01-09 11:12:14,904] {processor.py:171} INFO - Processing /opt/airflow/dags/first_dag.py took 0.872 seconds
[2022-01-09 11:12:45,155] {processor.py:163} INFO - Started process (PID=1244) to work on /opt/airflow/dags/first_dag.py
[2022-01-09 11:12:45,157] {processor.py:625} INFO - Processing file /opt/airflow/dags/first_dag.py for tasks to queue
[2022-01-09 11:12:45,159] {logging_mixin.py:109} INFO - [2022-01-09 11:12:45,159] {dagbag.py:500} INFO - Filling up the DagBag from /opt/airflow/dags/first_dag.py
[2022-01-09 11:12:46,636] {processor.py:637} INFO - DAG(s) dict_keys(['cpp_workflow']) retrieved from /opt/airflow/dags/first_dag.py
[2022-01-09 11:12:46,683] {logging_mixin.py:109} INFO - [2022-01-09 11:12:46,681] {dag.py:2396} INFO - Sync 1 DAGs
[2022-01-09 11:12:46,738] {logging_mixin.py:109} INFO - [2022-01-09 11:12:46,738] {dag.py:2928} INFO - Setting next_dagrun for cpp_workflow to 2022-01-09T00:00:00+00:00
[2022-01-09 11:12:46,770] {processor.py:171} INFO - Processing /opt/airflow/dags/first_dag.py took 1.622 seconds
[2022-01-09 11:13:16,896] {processor.py:163} INFO - Started process (PID=1305) to work on /opt/airflow/dags/first_dag.py
[2022-01-09 11:13:16,899] {processor.py:625} INFO - Processing file /opt/airflow/dags/first_dag.py for tasks to queue
[2022-01-09 11:13:16,901] {logging_mixin.py:109} INFO - [2022-01-09 11:13:16,901] {dagbag.py:500} INFO - Filling up the DagBag from /opt/airflow/dags/first_dag.py
[2022-01-09 11:13:18,290] {processor.py:637} INFO - DAG(s) dict_keys(['cpp_workflow']) retrieved from /opt/airflow/dags/first_dag.py
[2022-01-09 11:13:18,333] {logging_mixin.py:109} INFO - [2022-01-09 11:13:18,332] {dag.py:2396} INFO - Sync 1 DAGs
[2022-01-09 11:13:18,359] {logging_mixin.py:109} INFO - [2022-01-09 11:13:18,359] {dag.py:2928} INFO - Setting next_dagrun for cpp_workflow to 2022-01-09T00:00:00+00:00
[2022-01-09 11:13:18,380] {processor.py:171} INFO - Processing /opt/airflow/dags/first_dag.py took 1.490 seconds
[2022-01-09 11:13:48,641] {processor.py:163} INFO - Started process (PID=1366) to work on /opt/airflow/dags/first_dag.py
[2022-01-09 11:13:48,644] {processor.py:625} INFO - Processing file /opt/airflow/dags/first_dag.py for tasks to queue
[2022-01-09 11:13:48,646] {logging_mixin.py:109} INFO - [2022-01-09 11:13:48,646] {dagbag.py:500} INFO - Filling up the DagBag from /opt/airflow/dags/first_dag.py
[2022-01-09 11:13:49,984] {processor.py:637} INFO - DAG(s) dict_keys(['cpp_workflow']) retrieved from /opt/airflow/dags/first_dag.py
[2022-01-09 11:13:50,025] {logging_mixin.py:109} INFO - [2022-01-09 11:13:50,024] {dag.py:2396} INFO - Sync 1 DAGs
[2022-01-09 11:13:50,072] {logging_mixin.py:109} INFO - [2022-01-09 11:13:50,072] {dag.py:2928} INFO - Setting next_dagrun for cpp_workflow to 2022-01-09T00:00:00+00:00
[2022-01-09 11:13:50,086] {processor.py:171} INFO - Processing /opt/airflow/dags/first_dag.py took 1.451 seconds
[2022-01-09 11:14:20,920] {processor.py:163} INFO - Started process (PID=1435) to work on /opt/airflow/dags/first_dag.py
[2022-01-09 11:14:20,923] {processor.py:625} INFO - Processing file /opt/airflow/dags/first_dag.py for tasks to queue
[2022-01-09 11:14:20,925] {logging_mixin.py:109} INFO - [2022-01-09 11:14:20,925] {dagbag.py:500} INFO - Filling up the DagBag from /opt/airflow/dags/first_dag.py
[2022-01-09 11:14:21,850] {processor.py:637} INFO - DAG(s) dict_keys(['cpp_workflow']) retrieved from /opt/airflow/dags/first_dag.py
[2022-01-09 11:14:21,879] {logging_mixin.py:109} INFO - [2022-01-09 11:14:21,878] {dag.py:2396} INFO - Sync 1 DAGs
[2022-01-09 11:14:21,913] {logging_mixin.py:109} INFO - [2022-01-09 11:14:21,912] {dag.py:2928} INFO - Setting next_dagrun for cpp_workflow to 2022-01-09T00:00:00+00:00
[2022-01-09 11:14:21,931] {processor.py:171} INFO - Processing /opt/airflow/dags/first_dag.py took 1.020 seconds
[2022-01-09 11:14:52,253] {processor.py:163} INFO - Started process (PID=1497) to work on /opt/airflow/dags/first_dag.py
[2022-01-09 11:14:52,256] {processor.py:625} INFO - Processing file /opt/airflow/dags/first_dag.py for tasks to queue
[2022-01-09 11:14:52,259] {logging_mixin.py:109} INFO - [2022-01-09 11:14:52,259] {dagbag.py:500} INFO - Filling up the DagBag from /opt/airflow/dags/first_dag.py
[2022-01-09 11:14:53,345] {processor.py:637} INFO - DAG(s) dict_keys(['cpp_workflow']) retrieved from /opt/airflow/dags/first_dag.py
[2022-01-09 11:14:53,373] {logging_mixin.py:109} INFO - [2022-01-09 11:14:53,372] {dag.py:2396} INFO - Sync 1 DAGs
[2022-01-09 11:14:53,406] {logging_mixin.py:109} INFO - [2022-01-09 11:14:53,406] {dag.py:2928} INFO - Setting next_dagrun for cpp_workflow to 2022-01-09T00:00:00+00:00
[2022-01-09 11:14:53,428] {processor.py:171} INFO - Processing /opt/airflow/dags/first_dag.py took 1.180 seconds
[2022-01-09 11:15:24,377] {processor.py:163} INFO - Started process (PID=1558) to work on /opt/airflow/dags/first_dag.py
[2022-01-09 11:15:24,381] {processor.py:625} INFO - Processing file /opt/airflow/dags/first_dag.py for tasks to queue
[2022-01-09 11:15:24,384] {logging_mixin.py:109} INFO - [2022-01-09 11:15:24,384] {dagbag.py:500} INFO - Filling up the DagBag from /opt/airflow/dags/first_dag.py
[2022-01-09 11:15:25,919] {processor.py:637} INFO - DAG(s) dict_keys(['cpp_workflow']) retrieved from /opt/airflow/dags/first_dag.py
[2022-01-09 11:15:25,966] {logging_mixin.py:109} INFO - [2022-01-09 11:15:25,965] {dag.py:2396} INFO - Sync 1 DAGs
[2022-01-09 11:15:26,020] {logging_mixin.py:109} INFO - [2022-01-09 11:15:26,019] {dag.py:2928} INFO - Setting next_dagrun for cpp_workflow to 2022-01-09T00:00:00+00:00
[2022-01-09 11:15:26,051] {processor.py:171} INFO - Processing /opt/airflow/dags/first_dag.py took 1.684 seconds
[2022-01-09 11:15:56,673] {processor.py:163} INFO - Started process (PID=1619) to work on /opt/airflow/dags/first_dag.py
[2022-01-09 11:15:56,677] {processor.py:625} INFO - Processing file /opt/airflow/dags/first_dag.py for tasks to queue
[2022-01-09 11:15:56,680] {logging_mixin.py:109} INFO - [2022-01-09 11:15:56,680] {dagbag.py:500} INFO - Filling up the DagBag from /opt/airflow/dags/first_dag.py
[2022-01-09 11:15:58,104] {processor.py:637} INFO - DAG(s) dict_keys(['cpp_workflow']) retrieved from /opt/airflow/dags/first_dag.py
[2022-01-09 11:15:58,122] {logging_mixin.py:109} INFO - [2022-01-09 11:15:58,121] {dag.py:2396} INFO - Sync 1 DAGs
[2022-01-09 11:15:58,143] {logging_mixin.py:109} INFO - [2022-01-09 11:15:58,143] {dag.py:2928} INFO - Setting next_dagrun for cpp_workflow to 2022-01-09T00:00:00+00:00
[2022-01-09 11:15:58,160] {processor.py:171} INFO - Processing /opt/airflow/dags/first_dag.py took 1.497 seconds
[2022-01-09 11:16:28,397] {processor.py:163} INFO - Started process (PID=1689) to work on /opt/airflow/dags/first_dag.py
[2022-01-09 11:16:28,399] {processor.py:625} INFO - Processing file /opt/airflow/dags/first_dag.py for tasks to queue
[2022-01-09 11:16:28,400] {logging_mixin.py:109} INFO - [2022-01-09 11:16:28,400] {dagbag.py:500} INFO - Filling up the DagBag from /opt/airflow/dags/first_dag.py
[2022-01-09 11:16:29,161] {processor.py:637} INFO - DAG(s) dict_keys(['cpp_workflow']) retrieved from /opt/airflow/dags/first_dag.py
[2022-01-09 11:16:29,187] {logging_mixin.py:109} INFO - [2022-01-09 11:16:29,185] {dag.py:2396} INFO - Sync 1 DAGs
[2022-01-09 11:16:29,212] {logging_mixin.py:109} INFO - [2022-01-09 11:16:29,212] {dag.py:2928} INFO - Setting next_dagrun for cpp_workflow to 2022-01-09T00:00:00+00:00
[2022-01-09 11:16:29,228] {processor.py:171} INFO - Processing /opt/airflow/dags/first_dag.py took 0.836 seconds
[2022-01-09 11:16:59,828] {processor.py:163} INFO - Started process (PID=1751) to work on /opt/airflow/dags/first_dag.py
[2022-01-09 11:16:59,833] {processor.py:625} INFO - Processing file /opt/airflow/dags/first_dag.py for tasks to queue
[2022-01-09 11:16:59,836] {logging_mixin.py:109} INFO - [2022-01-09 11:16:59,836] {dagbag.py:500} INFO - Filling up the DagBag from /opt/airflow/dags/first_dag.py
[2022-01-09 11:17:01,223] {processor.py:637} INFO - DAG(s) dict_keys(['cpp_workflow']) retrieved from /opt/airflow/dags/first_dag.py
[2022-01-09 11:17:01,254] {logging_mixin.py:109} INFO - [2022-01-09 11:17:01,252] {dag.py:2396} INFO - Sync 1 DAGs
[2022-01-09 11:17:01,291] {logging_mixin.py:109} INFO - [2022-01-09 11:17:01,291] {dag.py:2928} INFO - Setting next_dagrun for cpp_workflow to 2022-01-09T00:00:00+00:00
[2022-01-09 11:17:01,316] {processor.py:171} INFO - Processing /opt/airflow/dags/first_dag.py took 1.499 seconds
[2022-01-09 11:17:31,947] {processor.py:163} INFO - Started process (PID=1812) to work on /opt/airflow/dags/first_dag.py
[2022-01-09 11:17:31,952] {processor.py:625} INFO - Processing file /opt/airflow/dags/first_dag.py for tasks to queue
[2022-01-09 11:17:31,954] {logging_mixin.py:109} INFO - [2022-01-09 11:17:31,954] {dagbag.py:500} INFO - Filling up the DagBag from /opt/airflow/dags/first_dag.py
[2022-01-09 11:17:33,152] {processor.py:637} INFO - DAG(s) dict_keys(['cpp_workflow']) retrieved from /opt/airflow/dags/first_dag.py
[2022-01-09 11:17:33,176] {logging_mixin.py:109} INFO - [2022-01-09 11:17:33,174] {dag.py:2396} INFO - Sync 1 DAGs
[2022-01-09 11:17:33,205] {logging_mixin.py:109} INFO - [2022-01-09 11:17:33,204] {dag.py:2928} INFO - Setting next_dagrun for cpp_workflow to 2022-01-09T00:00:00+00:00
[2022-01-09 11:17:33,222] {processor.py:171} INFO - Processing /opt/airflow/dags/first_dag.py took 1.285 seconds
[2022-01-09 11:18:03,312] {processor.py:163} INFO - Started process (PID=1874) to work on /opt/airflow/dags/first_dag.py
[2022-01-09 11:18:03,317] {processor.py:625} INFO - Processing file /opt/airflow/dags/first_dag.py for tasks to queue
[2022-01-09 11:18:03,320] {logging_mixin.py:109} INFO - [2022-01-09 11:18:03,320] {dagbag.py:500} INFO - Filling up the DagBag from /opt/airflow/dags/first_dag.py
[2022-01-09 11:18:04,447] {processor.py:637} INFO - DAG(s) dict_keys(['cpp_workflow']) retrieved from /opt/airflow/dags/first_dag.py
[2022-01-09 11:18:04,477] {logging_mixin.py:109} INFO - [2022-01-09 11:18:04,476] {dag.py:2396} INFO - Sync 1 DAGs
[2022-01-09 11:18:04,512] {logging_mixin.py:109} INFO - [2022-01-09 11:18:04,512] {dag.py:2928} INFO - Setting next_dagrun for cpp_workflow to 2022-01-09T00:00:00+00:00
[2022-01-09 11:18:04,537] {processor.py:171} INFO - Processing /opt/airflow/dags/first_dag.py took 1.235 seconds
[2022-01-09 11:18:35,169] {processor.py:163} INFO - Started process (PID=1947) to work on /opt/airflow/dags/first_dag.py
[2022-01-09 11:18:35,171] {processor.py:625} INFO - Processing file /opt/airflow/dags/first_dag.py for tasks to queue
[2022-01-09 11:18:35,173] {logging_mixin.py:109} INFO - [2022-01-09 11:18:35,172] {dagbag.py:500} INFO - Filling up the DagBag from /opt/airflow/dags/first_dag.py
[2022-01-09 11:18:36,078] {processor.py:637} INFO - DAG(s) dict_keys(['cpp_workflow']) retrieved from /opt/airflow/dags/first_dag.py
[2022-01-09 11:18:36,102] {logging_mixin.py:109} INFO - [2022-01-09 11:18:36,101] {dag.py:2396} INFO - Sync 1 DAGs
[2022-01-09 11:18:36,126] {logging_mixin.py:109} INFO - [2022-01-09 11:18:36,125] {dag.py:2928} INFO - Setting next_dagrun for cpp_workflow to 2022-01-09T00:00:00+00:00
[2022-01-09 11:18:36,142] {processor.py:171} INFO - Processing /opt/airflow/dags/first_dag.py took 0.979 seconds
[2022-01-09 11:19:06,974] {processor.py:163} INFO - Started process (PID=2009) to work on /opt/airflow/dags/first_dag.py
[2022-01-09 11:19:06,979] {processor.py:625} INFO - Processing file /opt/airflow/dags/first_dag.py for tasks to queue
[2022-01-09 11:19:06,982] {logging_mixin.py:109} INFO - [2022-01-09 11:19:06,981] {dagbag.py:500} INFO - Filling up the DagBag from /opt/airflow/dags/first_dag.py
[2022-01-09 11:19:08,510] {processor.py:637} INFO - DAG(s) dict_keys(['cpp_workflow']) retrieved from /opt/airflow/dags/first_dag.py
[2022-01-09 11:19:08,550] {logging_mixin.py:109} INFO - [2022-01-09 11:19:08,549] {dag.py:2396} INFO - Sync 1 DAGs
[2022-01-09 11:19:08,592] {logging_mixin.py:109} INFO - [2022-01-09 11:19:08,592] {dag.py:2928} INFO - Setting next_dagrun for cpp_workflow to 2022-01-09T00:00:00+00:00
[2022-01-09 11:19:08,787] {processor.py:171} INFO - Processing /opt/airflow/dags/first_dag.py took 1.824 seconds
[2022-01-09 11:19:39,150] {processor.py:163} INFO - Started process (PID=2073) to work on /opt/airflow/dags/first_dag.py
[2022-01-09 11:19:39,154] {processor.py:625} INFO - Processing file /opt/airflow/dags/first_dag.py for tasks to queue
[2022-01-09 11:19:39,157] {logging_mixin.py:109} INFO - [2022-01-09 11:19:39,157] {dagbag.py:500} INFO - Filling up the DagBag from /opt/airflow/dags/first_dag.py
[2022-01-09 11:19:40,437] {processor.py:637} INFO - DAG(s) dict_keys(['cpp_workflow']) retrieved from /opt/airflow/dags/first_dag.py
[2022-01-09 11:19:40,471] {logging_mixin.py:109} INFO - [2022-01-09 11:19:40,469] {dag.py:2396} INFO - Sync 1 DAGs
[2022-01-09 11:19:40,515] {logging_mixin.py:109} INFO - [2022-01-09 11:19:40,514] {dag.py:2928} INFO - Setting next_dagrun for cpp_workflow to 2022-01-09T00:00:00+00:00
[2022-01-09 11:19:40,682] {processor.py:171} INFO - Processing /opt/airflow/dags/first_dag.py took 1.552 seconds
[2022-01-09 11:20:10,771] {processor.py:163} INFO - Started process (PID=2136) to work on /opt/airflow/dags/first_dag.py
[2022-01-09 11:20:10,775] {processor.py:625} INFO - Processing file /opt/airflow/dags/first_dag.py for tasks to queue
[2022-01-09 11:20:10,778] {logging_mixin.py:109} INFO - [2022-01-09 11:20:10,777] {dagbag.py:500} INFO - Filling up the DagBag from /opt/airflow/dags/first_dag.py
[2022-01-09 11:20:11,942] {processor.py:637} INFO - DAG(s) dict_keys(['cpp_workflow']) retrieved from /opt/airflow/dags/first_dag.py
[2022-01-09 11:20:11,972] {logging_mixin.py:109} INFO - [2022-01-09 11:20:11,970] {dag.py:2396} INFO - Sync 1 DAGs
[2022-01-09 11:20:12,013] {logging_mixin.py:109} INFO - [2022-01-09 11:20:12,012] {dag.py:2928} INFO - Setting next_dagrun for cpp_workflow to 2022-01-09T00:00:00+00:00
[2022-01-09 11:20:12,184] {processor.py:171} INFO - Processing /opt/airflow/dags/first_dag.py took 1.424 seconds
[2022-01-09 11:20:42,682] {processor.py:163} INFO - Started process (PID=2206) to work on /opt/airflow/dags/first_dag.py
[2022-01-09 11:20:42,684] {processor.py:625} INFO - Processing file /opt/airflow/dags/first_dag.py for tasks to queue
[2022-01-09 11:20:42,688] {logging_mixin.py:109} INFO - [2022-01-09 11:20:42,687] {dagbag.py:500} INFO - Filling up the DagBag from /opt/airflow/dags/first_dag.py
[2022-01-09 11:20:44,038] {processor.py:637} INFO - DAG(s) dict_keys(['cpp_workflow']) retrieved from /opt/airflow/dags/first_dag.py
[2022-01-09 11:20:44,067] {logging_mixin.py:109} INFO - [2022-01-09 11:20:44,065] {dag.py:2396} INFO - Sync 1 DAGs
[2022-01-09 11:20:44,232] {logging_mixin.py:109} INFO - [2022-01-09 11:20:44,231] {dag.py:2928} INFO - Setting next_dagrun for cpp_workflow to 2022-01-09T00:00:00+00:00
[2022-01-09 11:20:44,254] {processor.py:171} INFO - Processing /opt/airflow/dags/first_dag.py took 1.587 seconds
[2022-01-09 11:21:14,364] {processor.py:163} INFO - Started process (PID=2270) to work on /opt/airflow/dags/first_dag.py
[2022-01-09 11:21:14,366] {processor.py:625} INFO - Processing file /opt/airflow/dags/first_dag.py for tasks to queue
[2022-01-09 11:21:14,367] {logging_mixin.py:109} INFO - [2022-01-09 11:21:14,367] {dagbag.py:500} INFO - Filling up the DagBag from /opt/airflow/dags/first_dag.py
[2022-01-09 11:21:15,261] {processor.py:637} INFO - DAG(s) dict_keys(['cpp_workflow']) retrieved from /opt/airflow/dags/first_dag.py
[2022-01-09 11:21:15,282] {logging_mixin.py:109} INFO - [2022-01-09 11:21:15,281] {dag.py:2396} INFO - Sync 1 DAGs
[2022-01-09 11:21:15,436] {logging_mixin.py:109} INFO - [2022-01-09 11:21:15,436] {dag.py:2928} INFO - Setting next_dagrun for cpp_workflow to 2022-01-09T00:00:00+00:00
[2022-01-09 11:21:15,458] {processor.py:171} INFO - Processing /opt/airflow/dags/first_dag.py took 1.098 seconds
[2022-01-09 11:21:46,082] {processor.py:163} INFO - Started process (PID=2332) to work on /opt/airflow/dags/first_dag.py
[2022-01-09 11:21:46,085] {processor.py:625} INFO - Processing file /opt/airflow/dags/first_dag.py for tasks to queue
[2022-01-09 11:21:46,087] {logging_mixin.py:109} INFO - [2022-01-09 11:21:46,087] {dagbag.py:500} INFO - Filling up the DagBag from /opt/airflow/dags/first_dag.py
[2022-01-09 11:21:47,088] {processor.py:637} INFO - DAG(s) dict_keys(['cpp_workflow']) retrieved from /opt/airflow/dags/first_dag.py
[2022-01-09 11:21:47,130] {logging_mixin.py:109} INFO - [2022-01-09 11:21:47,127] {dag.py:2396} INFO - Sync 1 DAGs
[2022-01-09 11:21:47,186] {logging_mixin.py:109} INFO - [2022-01-09 11:21:47,186] {dag.py:2928} INFO - Setting next_dagrun for cpp_workflow to 2022-01-09T00:00:00+00:00
[2022-01-09 11:21:47,212] {processor.py:171} INFO - Processing /opt/airflow/dags/first_dag.py took 1.138 seconds
[2022-01-09 11:22:18,303] {processor.py:163} INFO - Started process (PID=2394) to work on /opt/airflow/dags/first_dag.py
[2022-01-09 11:22:18,306] {processor.py:625} INFO - Processing file /opt/airflow/dags/first_dag.py for tasks to queue
[2022-01-09 11:22:18,309] {logging_mixin.py:109} INFO - [2022-01-09 11:22:18,309] {dagbag.py:500} INFO - Filling up the DagBag from /opt/airflow/dags/first_dag.py
[2022-01-09 11:22:19,264] {processor.py:637} INFO - DAG(s) dict_keys(['cpp_workflow']) retrieved from /opt/airflow/dags/first_dag.py
[2022-01-09 11:22:19,288] {logging_mixin.py:109} INFO - [2022-01-09 11:22:19,287] {dag.py:2396} INFO - Sync 1 DAGs
[2022-01-09 11:22:19,315] {logging_mixin.py:109} INFO - [2022-01-09 11:22:19,315] {dag.py:2928} INFO - Setting next_dagrun for cpp_workflow to 2022-01-09T00:00:00+00:00
[2022-01-09 11:22:19,337] {processor.py:171} INFO - Processing /opt/airflow/dags/first_dag.py took 1.055 seconds
[2022-01-09 11:22:49,832] {processor.py:163} INFO - Started process (PID=2459) to work on /opt/airflow/dags/first_dag.py
[2022-01-09 11:22:49,834] {processor.py:625} INFO - Processing file /opt/airflow/dags/first_dag.py for tasks to queue
[2022-01-09 11:22:49,837] {logging_mixin.py:109} INFO - [2022-01-09 11:22:49,836] {dagbag.py:500} INFO - Filling up the DagBag from /opt/airflow/dags/first_dag.py
[2022-01-09 11:22:51,367] {processor.py:637} INFO - DAG(s) dict_keys(['cpp_workflow']) retrieved from /opt/airflow/dags/first_dag.py
[2022-01-09 11:22:51,398] {logging_mixin.py:109} INFO - [2022-01-09 11:22:51,397] {dag.py:2396} INFO - Sync 1 DAGs
[2022-01-09 11:22:51,443] {logging_mixin.py:109} INFO - [2022-01-09 11:22:51,442] {dag.py:2928} INFO - Setting next_dagrun for cpp_workflow to 2022-01-09T00:00:00+00:00
[2022-01-09 11:22:51,466] {processor.py:171} INFO - Processing /opt/airflow/dags/first_dag.py took 1.640 seconds
[2022-01-09 11:23:21,662] {processor.py:163} INFO - Started process (PID=2521) to work on /opt/airflow/dags/first_dag.py
[2022-01-09 11:23:21,665] {processor.py:625} INFO - Processing file /opt/airflow/dags/first_dag.py for tasks to queue
[2022-01-09 11:23:21,667] {logging_mixin.py:109} INFO - [2022-01-09 11:23:21,667] {dagbag.py:500} INFO - Filling up the DagBag from /opt/airflow/dags/first_dag.py
[2022-01-09 11:23:23,609] {processor.py:637} INFO - DAG(s) dict_keys(['cpp_workflow']) retrieved from /opt/airflow/dags/first_dag.py
[2022-01-09 11:23:23,666] {logging_mixin.py:109} INFO - [2022-01-09 11:23:23,664] {dag.py:2396} INFO - Sync 1 DAGs
[2022-01-09 11:23:23,731] {logging_mixin.py:109} INFO - [2022-01-09 11:23:23,731] {dag.py:2928} INFO - Setting next_dagrun for cpp_workflow to 2022-01-09T00:00:00+00:00
[2022-01-09 11:23:23,768] {processor.py:171} INFO - Processing /opt/airflow/dags/first_dag.py took 2.114 seconds
[2022-01-09 11:23:54,463] {processor.py:163} INFO - Started process (PID=2584) to work on /opt/airflow/dags/first_dag.py
[2022-01-09 11:23:54,467] {processor.py:625} INFO - Processing file /opt/airflow/dags/first_dag.py for tasks to queue
[2022-01-09 11:23:54,471] {logging_mixin.py:109} INFO - [2022-01-09 11:23:54,470] {dagbag.py:500} INFO - Filling up the DagBag from /opt/airflow/dags/first_dag.py
[2022-01-09 11:23:56,455] {processor.py:637} INFO - DAG(s) dict_keys(['cpp_workflow']) retrieved from /opt/airflow/dags/first_dag.py
[2022-01-09 11:23:56,513] {logging_mixin.py:109} INFO - [2022-01-09 11:23:56,509] {dag.py:2396} INFO - Sync 1 DAGs
[2022-01-09 11:23:56,586] {logging_mixin.py:109} INFO - [2022-01-09 11:23:56,586] {dag.py:2928} INFO - Setting next_dagrun for cpp_workflow to 2022-01-09T00:00:00+00:00
[2022-01-09 11:23:56,624] {processor.py:171} INFO - Processing /opt/airflow/dags/first_dag.py took 2.173 seconds
[2022-01-09 11:24:27,231] {processor.py:163} INFO - Started process (PID=2644) to work on /opt/airflow/dags/first_dag.py
[2022-01-09 11:24:27,235] {processor.py:625} INFO - Processing file /opt/airflow/dags/first_dag.py for tasks to queue
[2022-01-09 11:24:27,238] {logging_mixin.py:109} INFO - [2022-01-09 11:24:27,238] {dagbag.py:500} INFO - Filling up the DagBag from /opt/airflow/dags/first_dag.py
[2022-01-09 11:24:28,119] {processor.py:637} INFO - DAG(s) dict_keys(['cpp_workflow']) retrieved from /opt/airflow/dags/first_dag.py
[2022-01-09 11:24:28,142] {logging_mixin.py:109} INFO - [2022-01-09 11:24:28,141] {dag.py:2396} INFO - Sync 1 DAGs
[2022-01-09 11:24:28,165] {logging_mixin.py:109} INFO - [2022-01-09 11:24:28,165] {dag.py:2928} INFO - Setting next_dagrun for cpp_workflow to 2022-01-09T00:00:00+00:00
[2022-01-09 11:24:28,180] {processor.py:171} INFO - Processing /opt/airflow/dags/first_dag.py took 0.954 seconds
[2022-01-09 11:24:58,430] {processor.py:163} INFO - Started process (PID=2706) to work on /opt/airflow/dags/first_dag.py
[2022-01-09 11:24:58,431] {processor.py:625} INFO - Processing file /opt/airflow/dags/first_dag.py for tasks to queue
[2022-01-09 11:24:58,433] {logging_mixin.py:109} INFO - [2022-01-09 11:24:58,432] {dagbag.py:500} INFO - Filling up the DagBag from /opt/airflow/dags/first_dag.py
[2022-01-09 11:24:59,205] {processor.py:637} INFO - DAG(s) dict_keys(['cpp_workflow']) retrieved from /opt/airflow/dags/first_dag.py
[2022-01-09 11:24:59,222] {logging_mixin.py:109} INFO - [2022-01-09 11:24:59,221] {dag.py:2396} INFO - Sync 1 DAGs
[2022-01-09 11:24:59,243] {logging_mixin.py:109} INFO - [2022-01-09 11:24:59,243] {dag.py:2928} INFO - Setting next_dagrun for cpp_workflow to 2022-01-09T00:00:00+00:00
[2022-01-09 11:24:59,262] {processor.py:171} INFO - Processing /opt/airflow/dags/first_dag.py took 0.839 seconds
[2022-01-09 11:25:30,222] {processor.py:163} INFO - Started process (PID=2779) to work on /opt/airflow/dags/first_dag.py
[2022-01-09 11:25:30,226] {processor.py:625} INFO - Processing file /opt/airflow/dags/first_dag.py for tasks to queue
[2022-01-09 11:25:30,230] {logging_mixin.py:109} INFO - [2022-01-09 11:25:30,229] {dagbag.py:500} INFO - Filling up the DagBag from /opt/airflow/dags/first_dag.py
[2022-01-09 11:25:31,940] {processor.py:637} INFO - DAG(s) dict_keys(['cpp_workflow']) retrieved from /opt/airflow/dags/first_dag.py
[2022-01-09 11:25:31,971] {logging_mixin.py:109} INFO - [2022-01-09 11:25:31,970] {dag.py:2396} INFO - Sync 1 DAGs
[2022-01-09 11:25:32,006] {logging_mixin.py:109} INFO - [2022-01-09 11:25:32,006] {dag.py:2928} INFO - Setting next_dagrun for cpp_workflow to 2022-01-09T00:00:00+00:00
[2022-01-09 11:25:32,029] {processor.py:171} INFO - Processing /opt/airflow/dags/first_dag.py took 1.815 seconds
[2022-01-09 11:26:02,969] {processor.py:163} INFO - Started process (PID=2831) to work on /opt/airflow/dags/first_dag.py
[2022-01-09 11:26:03,018] {processor.py:625} INFO - Processing file /opt/airflow/dags/first_dag.py for tasks to queue
[2022-01-09 11:26:03,118] {logging_mixin.py:109} INFO - [2022-01-09 11:26:03,117] {dagbag.py:500} INFO - Filling up the DagBag from /opt/airflow/dags/first_dag.py
[2022-01-09 11:26:06,012] {processor.py:637} INFO - DAG(s) dict_keys(['cpp_workflow']) retrieved from /opt/airflow/dags/first_dag.py
[2022-01-09 11:26:06,044] {logging_mixin.py:109} INFO - [2022-01-09 11:26:06,043] {dag.py:2396} INFO - Sync 1 DAGs
[2022-01-09 11:26:06,079] {logging_mixin.py:109} INFO - [2022-01-09 11:26:06,079] {dag.py:2928} INFO - Setting next_dagrun for cpp_workflow to 2022-01-09T00:00:00+00:00
[2022-01-09 11:26:06,098] {processor.py:171} INFO - Processing /opt/airflow/dags/first_dag.py took 3.134 seconds
[2022-01-09 11:26:36,405] {processor.py:163} INFO - Started process (PID=2894) to work on /opt/airflow/dags/first_dag.py
[2022-01-09 11:26:36,407] {processor.py:625} INFO - Processing file /opt/airflow/dags/first_dag.py for tasks to queue
[2022-01-09 11:26:36,408] {logging_mixin.py:109} INFO - [2022-01-09 11:26:36,408] {dagbag.py:500} INFO - Filling up the DagBag from /opt/airflow/dags/first_dag.py
[2022-01-09 11:26:37,375] {processor.py:637} INFO - DAG(s) dict_keys(['cpp_workflow']) retrieved from /opt/airflow/dags/first_dag.py
[2022-01-09 11:26:37,407] {logging_mixin.py:109} INFO - [2022-01-09 11:26:37,405] {dag.py:2396} INFO - Sync 1 DAGs
[2022-01-09 11:26:37,440] {logging_mixin.py:109} INFO - [2022-01-09 11:26:37,440] {dag.py:2928} INFO - Setting next_dagrun for cpp_workflow to 2022-01-09T00:00:00+00:00
[2022-01-09 11:26:37,457] {processor.py:171} INFO - Processing /opt/airflow/dags/first_dag.py took 1.056 seconds
[2022-01-09 11:27:08,123] {processor.py:163} INFO - Started process (PID=2956) to work on /opt/airflow/dags/first_dag.py
[2022-01-09 11:27:08,125] {processor.py:625} INFO - Processing file /opt/airflow/dags/first_dag.py for tasks to queue
[2022-01-09 11:27:08,127] {logging_mixin.py:109} INFO - [2022-01-09 11:27:08,127] {dagbag.py:500} INFO - Filling up the DagBag from /opt/airflow/dags/first_dag.py
[2022-01-09 11:27:09,046] {processor.py:637} INFO - DAG(s) dict_keys(['cpp_workflow']) retrieved from /opt/airflow/dags/first_dag.py
[2022-01-09 11:27:09,103] {logging_mixin.py:109} INFO - [2022-01-09 11:27:09,101] {dag.py:2396} INFO - Sync 1 DAGs
[2022-01-09 11:27:09,141] {logging_mixin.py:109} INFO - [2022-01-09 11:27:09,141] {dag.py:2928} INFO - Setting next_dagrun for cpp_workflow to 2022-01-09T00:00:00+00:00
[2022-01-09 11:27:09,157] {processor.py:171} INFO - Processing /opt/airflow/dags/first_dag.py took 1.040 seconds
[2022-01-09 11:27:39,332] {processor.py:163} INFO - Started process (PID=3022) to work on /opt/airflow/dags/first_dag.py
[2022-01-09 11:27:39,334] {processor.py:625} INFO - Processing file /opt/airflow/dags/first_dag.py for tasks to queue
[2022-01-09 11:27:39,335] {logging_mixin.py:109} INFO - [2022-01-09 11:27:39,334] {dagbag.py:500} INFO - Filling up the DagBag from /opt/airflow/dags/first_dag.py
[2022-01-09 11:27:40,318] {processor.py:637} INFO - DAG(s) dict_keys(['cpp_workflow']) retrieved from /opt/airflow/dags/first_dag.py
[2022-01-09 11:27:40,336] {logging_mixin.py:109} INFO - [2022-01-09 11:27:40,335] {dag.py:2396} INFO - Sync 1 DAGs
[2022-01-09 11:27:40,356] {logging_mixin.py:109} INFO - [2022-01-09 11:27:40,356] {dag.py:2928} INFO - Setting next_dagrun for cpp_workflow to 2022-01-09T00:00:00+00:00
[2022-01-09 11:27:40,372] {processor.py:171} INFO - Processing /opt/airflow/dags/first_dag.py took 1.045 seconds
[2022-01-09 11:28:12,554] {processor.py:163} INFO - Started process (PID=3083) to work on /opt/airflow/dags/first_dag.py
[2022-01-09 11:28:12,569] {processor.py:625} INFO - Processing file /opt/airflow/dags/first_dag.py for tasks to queue
[2022-01-09 11:28:12,578] {logging_mixin.py:109} INFO - [2022-01-09 11:28:12,578] {dagbag.py:500} INFO - Filling up the DagBag from /opt/airflow/dags/first_dag.py
[2022-01-09 11:28:15,725] {processor.py:637} INFO - DAG(s) dict_keys(['cpp_workflow']) retrieved from /opt/airflow/dags/first_dag.py
[2022-01-09 11:28:15,774] {logging_mixin.py:109} INFO - [2022-01-09 11:28:15,772] {dag.py:2396} INFO - Sync 1 DAGs
[2022-01-09 11:28:15,840] {logging_mixin.py:109} INFO - [2022-01-09 11:28:15,840] {dag.py:2928} INFO - Setting next_dagrun for cpp_workflow to 2022-01-09T00:00:00+00:00
[2022-01-09 11:28:15,876] {processor.py:171} INFO - Processing /opt/airflow/dags/first_dag.py took 3.339 seconds
[2022-01-09 11:28:46,119] {processor.py:163} INFO - Started process (PID=3147) to work on /opt/airflow/dags/first_dag.py
[2022-01-09 11:28:46,121] {processor.py:625} INFO - Processing file /opt/airflow/dags/first_dag.py for tasks to queue
[2022-01-09 11:28:46,123] {logging_mixin.py:109} INFO - [2022-01-09 11:28:46,123] {dagbag.py:500} INFO - Filling up the DagBag from /opt/airflow/dags/first_dag.py
[2022-01-09 11:28:47,541] {processor.py:637} INFO - DAG(s) dict_keys(['cpp_workflow']) retrieved from /opt/airflow/dags/first_dag.py
[2022-01-09 11:28:47,566] {logging_mixin.py:109} INFO - [2022-01-09 11:28:47,565] {dag.py:2396} INFO - Sync 1 DAGs
[2022-01-09 11:28:47,597] {logging_mixin.py:109} INFO - [2022-01-09 11:28:47,597] {dag.py:2928} INFO - Setting next_dagrun for cpp_workflow to 2022-01-09T00:00:00+00:00
[2022-01-09 11:28:47,616] {processor.py:171} INFO - Processing /opt/airflow/dags/first_dag.py took 1.502 seconds
[2022-01-09 11:29:17,750] {processor.py:163} INFO - Started process (PID=3209) to work on /opt/airflow/dags/first_dag.py
[2022-01-09 11:29:17,753] {processor.py:625} INFO - Processing file /opt/airflow/dags/first_dag.py for tasks to queue
[2022-01-09 11:29:17,756] {logging_mixin.py:109} INFO - [2022-01-09 11:29:17,756] {dagbag.py:500} INFO - Filling up the DagBag from /opt/airflow/dags/first_dag.py
[2022-01-09 11:29:18,793] {processor.py:637} INFO - DAG(s) dict_keys(['cpp_workflow']) retrieved from /opt/airflow/dags/first_dag.py
[2022-01-09 11:29:18,820] {logging_mixin.py:109} INFO - [2022-01-09 11:29:18,818] {dag.py:2396} INFO - Sync 1 DAGs
[2022-01-09 11:29:18,856] {logging_mixin.py:109} INFO - [2022-01-09 11:29:18,856] {dag.py:2928} INFO - Setting next_dagrun for cpp_workflow to 2022-01-09T00:00:00+00:00
[2022-01-09 11:29:18,873] {processor.py:171} INFO - Processing /opt/airflow/dags/first_dag.py took 1.128 seconds
[2022-01-09 11:29:49,436] {processor.py:163} INFO - Started process (PID=3271) to work on /opt/airflow/dags/first_dag.py
[2022-01-09 11:29:49,442] {processor.py:625} INFO - Processing file /opt/airflow/dags/first_dag.py for tasks to queue
[2022-01-09 11:29:49,444] {logging_mixin.py:109} INFO - [2022-01-09 11:29:49,444] {dagbag.py:500} INFO - Filling up the DagBag from /opt/airflow/dags/first_dag.py
[2022-01-09 11:29:51,588] {processor.py:637} INFO - DAG(s) dict_keys(['cpp_workflow']) retrieved from /opt/airflow/dags/first_dag.py
[2022-01-09 11:29:51,639] {logging_mixin.py:109} INFO - [2022-01-09 11:29:51,638] {dag.py:2396} INFO - Sync 1 DAGs
[2022-01-09 11:29:51,697] {logging_mixin.py:109} INFO - [2022-01-09 11:29:51,697] {dag.py:2928} INFO - Setting next_dagrun for cpp_workflow to 2022-01-09T00:00:00+00:00
[2022-01-09 11:29:51,760] {processor.py:171} INFO - Processing /opt/airflow/dags/first_dag.py took 2.344 seconds
[2022-01-09 11:30:22,125] {processor.py:163} INFO - Started process (PID=3325) to work on /opt/airflow/dags/first_dag.py
[2022-01-09 11:30:22,128] {processor.py:625} INFO - Processing file /opt/airflow/dags/first_dag.py for tasks to queue
[2022-01-09 11:30:22,130] {logging_mixin.py:109} INFO - [2022-01-09 11:30:22,130] {dagbag.py:500} INFO - Filling up the DagBag from /opt/airflow/dags/first_dag.py
[2022-01-09 11:30:23,126] {processor.py:637} INFO - DAG(s) dict_keys(['cpp_workflow']) retrieved from /opt/airflow/dags/first_dag.py
[2022-01-09 11:30:23,148] {logging_mixin.py:109} INFO - [2022-01-09 11:30:23,147] {dag.py:2396} INFO - Sync 1 DAGs
[2022-01-09 11:30:23,166] {logging_mixin.py:109} INFO - [2022-01-09 11:30:23,166] {dag.py:2928} INFO - Setting next_dagrun for cpp_workflow to 2022-01-09T00:00:00+00:00
[2022-01-09 11:30:23,185] {processor.py:171} INFO - Processing /opt/airflow/dags/first_dag.py took 1.067 seconds
[2022-01-09 11:30:54,202] {processor.py:163} INFO - Started process (PID=3397) to work on /opt/airflow/dags/first_dag.py
[2022-01-09 11:30:54,222] {processor.py:625} INFO - Processing file /opt/airflow/dags/first_dag.py for tasks to queue
[2022-01-09 11:30:54,264] {logging_mixin.py:109} INFO - [2022-01-09 11:30:54,264] {dagbag.py:500} INFO - Filling up the DagBag from /opt/airflow/dags/first_dag.py
[2022-01-09 11:30:57,900] {processor.py:637} INFO - DAG(s) dict_keys(['cpp_workflow']) retrieved from /opt/airflow/dags/first_dag.py
[2022-01-09 11:30:58,156] {logging_mixin.py:109} INFO - [2022-01-09 11:30:58,155] {dag.py:2396} INFO - Sync 1 DAGs
[2022-01-09 11:30:58,292] {logging_mixin.py:109} INFO - [2022-01-09 11:30:58,292] {dag.py:2928} INFO - Setting next_dagrun for cpp_workflow to 2022-01-09T00:00:00+00:00
[2022-01-09 11:30:58,442] {processor.py:171} INFO - Processing /opt/airflow/dags/first_dag.py took 4.244 seconds
[2022-01-09 11:31:29,153] {processor.py:163} INFO - Started process (PID=3463) to work on /opt/airflow/dags/first_dag.py
[2022-01-09 11:31:29,156] {processor.py:625} INFO - Processing file /opt/airflow/dags/first_dag.py for tasks to queue
[2022-01-09 11:31:29,157] {logging_mixin.py:109} INFO - [2022-01-09 11:31:29,157] {dagbag.py:500} INFO - Filling up the DagBag from /opt/airflow/dags/first_dag.py
[2022-01-09 11:31:30,915] {processor.py:637} INFO - DAG(s) dict_keys(['cpp_workflow']) retrieved from /opt/airflow/dags/first_dag.py
[2022-01-09 11:31:30,946] {logging_mixin.py:109} INFO - [2022-01-09 11:31:30,945] {dag.py:2396} INFO - Sync 1 DAGs
[2022-01-09 11:31:30,994] {logging_mixin.py:109} INFO - [2022-01-09 11:31:30,994] {dag.py:2928} INFO - Setting next_dagrun for cpp_workflow to 2022-01-09T00:00:00+00:00
[2022-01-09 11:31:31,044] {processor.py:171} INFO - Processing /opt/airflow/dags/first_dag.py took 1.899 seconds
[2022-01-09 11:32:01,407] {processor.py:163} INFO - Started process (PID=3519) to work on /opt/airflow/dags/first_dag.py
[2022-01-09 11:32:01,408] {processor.py:625} INFO - Processing file /opt/airflow/dags/first_dag.py for tasks to queue
[2022-01-09 11:32:01,410] {logging_mixin.py:109} INFO - [2022-01-09 11:32:01,410] {dagbag.py:500} INFO - Filling up the DagBag from /opt/airflow/dags/first_dag.py
[2022-01-09 11:32:03,692] {processor.py:637} INFO - DAG(s) dict_keys(['cpp_workflow']) retrieved from /opt/airflow/dags/first_dag.py
[2022-01-09 11:32:03,718] {logging_mixin.py:109} INFO - [2022-01-09 11:32:03,717] {dag.py:2396} INFO - Sync 1 DAGs
[2022-01-09 11:32:03,774] {logging_mixin.py:109} INFO - [2022-01-09 11:32:03,774] {dag.py:2928} INFO - Setting next_dagrun for cpp_workflow to 2022-01-09T00:00:00+00:00
[2022-01-09 11:32:03,827] {processor.py:171} INFO - Processing /opt/airflow/dags/first_dag.py took 2.424 seconds
[2022-01-09 11:32:34,270] {processor.py:163} INFO - Started process (PID=3583) to work on /opt/airflow/dags/first_dag.py
[2022-01-09 11:32:34,272] {processor.py:625} INFO - Processing file /opt/airflow/dags/first_dag.py for tasks to queue
[2022-01-09 11:32:34,277] {logging_mixin.py:109} INFO - [2022-01-09 11:32:34,276] {dagbag.py:500} INFO - Filling up the DagBag from /opt/airflow/dags/first_dag.py
[2022-01-09 11:32:35,393] {processor.py:637} INFO - DAG(s) dict_keys(['cpp_workflow']) retrieved from /opt/airflow/dags/first_dag.py
[2022-01-09 11:32:35,413] {logging_mixin.py:109} INFO - [2022-01-09 11:32:35,411] {dag.py:2396} INFO - Sync 1 DAGs
[2022-01-09 11:32:35,449] {logging_mixin.py:109} INFO - [2022-01-09 11:32:35,449] {dag.py:2928} INFO - Setting next_dagrun for cpp_workflow to 2022-01-09T00:00:00+00:00
[2022-01-09 11:32:35,467] {processor.py:171} INFO - Processing /opt/airflow/dags/first_dag.py took 1.202 seconds
[2022-01-09 11:33:05,983] {processor.py:163} INFO - Started process (PID=3653) to work on /opt/airflow/dags/first_dag.py
[2022-01-09 11:33:05,984] {processor.py:625} INFO - Processing file /opt/airflow/dags/first_dag.py for tasks to queue
[2022-01-09 11:33:05,985] {logging_mixin.py:109} INFO - [2022-01-09 11:33:05,985] {dagbag.py:500} INFO - Filling up the DagBag from /opt/airflow/dags/first_dag.py
[2022-01-09 11:33:06,667] {processor.py:637} INFO - DAG(s) dict_keys(['cpp_workflow']) retrieved from /opt/airflow/dags/first_dag.py
[2022-01-09 11:33:06,685] {logging_mixin.py:109} INFO - [2022-01-09 11:33:06,684] {dag.py:2396} INFO - Sync 1 DAGs
[2022-01-09 11:33:06,703] {logging_mixin.py:109} INFO - [2022-01-09 11:33:06,702] {dag.py:2928} INFO - Setting next_dagrun for cpp_workflow to 2022-01-09T00:00:00+00:00
[2022-01-09 11:33:06,714] {processor.py:171} INFO - Processing /opt/airflow/dags/first_dag.py took 0.737 seconds
[2022-01-09 11:33:36,946] {processor.py:163} INFO - Started process (PID=3718) to work on /opt/airflow/dags/first_dag.py
[2022-01-09 11:33:36,948] {processor.py:625} INFO - Processing file /opt/airflow/dags/first_dag.py for tasks to queue
[2022-01-09 11:33:36,950] {logging_mixin.py:109} INFO - [2022-01-09 11:33:36,950] {dagbag.py:500} INFO - Filling up the DagBag from /opt/airflow/dags/first_dag.py
[2022-01-09 11:33:37,556] {processor.py:637} INFO - DAG(s) dict_keys(['cpp_workflow']) retrieved from /opt/airflow/dags/first_dag.py
[2022-01-09 11:33:37,567] {logging_mixin.py:109} INFO - [2022-01-09 11:33:37,567] {dag.py:2396} INFO - Sync 1 DAGs
[2022-01-09 11:33:37,582] {logging_mixin.py:109} INFO - [2022-01-09 11:33:37,582] {dag.py:2928} INFO - Setting next_dagrun for cpp_workflow to 2022-01-09T00:00:00+00:00
[2022-01-09 11:33:37,594] {processor.py:171} INFO - Processing /opt/airflow/dags/first_dag.py took 0.653 seconds
[2022-01-09 11:34:08,238] {processor.py:163} INFO - Started process (PID=3781) to work on /opt/airflow/dags/first_dag.py
[2022-01-09 11:34:08,239] {processor.py:625} INFO - Processing file /opt/airflow/dags/first_dag.py for tasks to queue
[2022-01-09 11:34:08,240] {logging_mixin.py:109} INFO - [2022-01-09 11:34:08,240] {dagbag.py:500} INFO - Filling up the DagBag from /opt/airflow/dags/first_dag.py
[2022-01-09 11:34:09,006] {processor.py:637} INFO - DAG(s) dict_keys(['cpp_workflow']) retrieved from /opt/airflow/dags/first_dag.py
[2022-01-09 11:34:09,022] {logging_mixin.py:109} INFO - [2022-01-09 11:34:09,022] {dag.py:2396} INFO - Sync 1 DAGs
[2022-01-09 11:34:09,041] {logging_mixin.py:109} INFO - [2022-01-09 11:34:09,041] {dag.py:2928} INFO - Setting next_dagrun for cpp_workflow to 2022-01-09T00:00:00+00:00
[2022-01-09 11:34:09,163] {processor.py:171} INFO - Processing /opt/airflow/dags/first_dag.py took 0.930 seconds
[2022-01-09 11:34:39,876] {processor.py:163} INFO - Started process (PID=3851) to work on /opt/airflow/dags/first_dag.py
[2022-01-09 11:34:39,878] {processor.py:625} INFO - Processing file /opt/airflow/dags/first_dag.py for tasks to queue
[2022-01-09 11:34:39,878] {logging_mixin.py:109} INFO - [2022-01-09 11:34:39,878] {dagbag.py:500} INFO - Filling up the DagBag from /opt/airflow/dags/first_dag.py
[2022-01-09 11:34:40,520] {processor.py:637} INFO - DAG(s) dict_keys(['cpp_workflow']) retrieved from /opt/airflow/dags/first_dag.py
[2022-01-09 11:34:40,538] {logging_mixin.py:109} INFO - [2022-01-09 11:34:40,537] {dag.py:2396} INFO - Sync 1 DAGs
[2022-01-09 11:34:40,567] {logging_mixin.py:109} INFO - [2022-01-09 11:34:40,567] {dag.py:2928} INFO - Setting next_dagrun for cpp_workflow to 2022-01-09T00:00:00+00:00
[2022-01-09 11:34:40,694] {processor.py:171} INFO - Processing /opt/airflow/dags/first_dag.py took 0.822 seconds
[2022-01-09 11:35:10,904] {processor.py:163} INFO - Started process (PID=3913) to work on /opt/airflow/dags/first_dag.py
[2022-01-09 11:35:10,907] {processor.py:625} INFO - Processing file /opt/airflow/dags/first_dag.py for tasks to queue
[2022-01-09 11:35:10,908] {logging_mixin.py:109} INFO - [2022-01-09 11:35:10,908] {dagbag.py:500} INFO - Filling up the DagBag from /opt/airflow/dags/first_dag.py
[2022-01-09 11:35:12,087] {processor.py:637} INFO - DAG(s) dict_keys(['cpp_workflow']) retrieved from /opt/airflow/dags/first_dag.py
[2022-01-09 11:35:12,107] {logging_mixin.py:109} INFO - [2022-01-09 11:35:12,105] {dag.py:2396} INFO - Sync 1 DAGs
[2022-01-09 11:35:12,133] {logging_mixin.py:109} INFO - [2022-01-09 11:35:12,133] {dag.py:2928} INFO - Setting next_dagrun for cpp_workflow to 2022-01-09T00:00:00+00:00
[2022-01-09 11:35:12,279] {processor.py:171} INFO - Processing /opt/airflow/dags/first_dag.py took 1.378 seconds
[2022-01-09 11:35:42,582] {processor.py:163} INFO - Started process (PID=3975) to work on /opt/airflow/dags/first_dag.py
[2022-01-09 11:35:42,589] {processor.py:625} INFO - Processing file /opt/airflow/dags/first_dag.py for tasks to queue
[2022-01-09 11:35:42,590] {logging_mixin.py:109} INFO - [2022-01-09 11:35:42,590] {dagbag.py:500} INFO - Filling up the DagBag from /opt/airflow/dags/first_dag.py
[2022-01-09 11:35:43,788] {processor.py:637} INFO - DAG(s) dict_keys(['cpp_workflow']) retrieved from /opt/airflow/dags/first_dag.py
[2022-01-09 11:35:43,813] {logging_mixin.py:109} INFO - [2022-01-09 11:35:43,811] {dag.py:2396} INFO - Sync 1 DAGs
[2022-01-09 11:35:44,031] {logging_mixin.py:109} INFO - [2022-01-09 11:35:44,031] {dag.py:2928} INFO - Setting next_dagrun for cpp_workflow to 2022-01-09T00:00:00+00:00
[2022-01-09 11:35:44,045] {processor.py:171} INFO - Processing /opt/airflow/dags/first_dag.py took 1.478 seconds
[2022-01-09 11:36:14,198] {processor.py:163} INFO - Started process (PID=4037) to work on /opt/airflow/dags/first_dag.py
[2022-01-09 11:36:14,201] {processor.py:625} INFO - Processing file /opt/airflow/dags/first_dag.py for tasks to queue
[2022-01-09 11:36:14,202] {logging_mixin.py:109} INFO - [2022-01-09 11:36:14,202] {dagbag.py:500} INFO - Filling up the DagBag from /opt/airflow/dags/first_dag.py
[2022-01-09 11:36:15,022] {processor.py:637} INFO - DAG(s) dict_keys(['cpp_workflow']) retrieved from /opt/airflow/dags/first_dag.py
[2022-01-09 11:36:15,035] {logging_mixin.py:109} INFO - [2022-01-09 11:36:15,034] {dag.py:2396} INFO - Sync 1 DAGs
[2022-01-09 11:36:15,161] {logging_mixin.py:109} INFO - [2022-01-09 11:36:15,161] {dag.py:2928} INFO - Setting next_dagrun for cpp_workflow to 2022-01-09T00:00:00+00:00
[2022-01-09 11:36:15,172] {processor.py:171} INFO - Processing /opt/airflow/dags/first_dag.py took 0.979 seconds
[2022-01-09 11:36:46,070] {processor.py:163} INFO - Started process (PID=4099) to work on /opt/airflow/dags/first_dag.py
[2022-01-09 11:36:46,071] {processor.py:625} INFO - Processing file /opt/airflow/dags/first_dag.py for tasks to queue
[2022-01-09 11:36:46,072] {logging_mixin.py:109} INFO - [2022-01-09 11:36:46,072] {dagbag.py:500} INFO - Filling up the DagBag from /opt/airflow/dags/first_dag.py
[2022-01-09 11:36:46,612] {processor.py:637} INFO - DAG(s) dict_keys(['cpp_workflow']) retrieved from /opt/airflow/dags/first_dag.py
[2022-01-09 11:36:46,624] {logging_mixin.py:109} INFO - [2022-01-09 11:36:46,623] {dag.py:2396} INFO - Sync 1 DAGs
[2022-01-09 11:36:46,720] {logging_mixin.py:109} INFO - [2022-01-09 11:36:46,720] {dag.py:2928} INFO - Setting next_dagrun for cpp_workflow to 2022-01-09T00:00:00+00:00
[2022-01-09 11:36:46,732] {processor.py:171} INFO - Processing /opt/airflow/dags/first_dag.py took 0.664 seconds
