[2022-01-08 12:09:54,951] {processor.py:163} INFO - Started process (PID=69) to work on /home/airflow/.local/lib/python3.7/site-packages/airflow/example_dags/example_skip_dag.py
[2022-01-08 12:09:54,953] {processor.py:625} INFO - Processing file /home/airflow/.local/lib/python3.7/site-packages/airflow/example_dags/example_skip_dag.py for tasks to queue
[2022-01-08 12:09:54,954] {logging_mixin.py:109} INFO - [2022-01-08 12:09:54,954] {dagbag.py:500} INFO - Filling up the DagBag from /home/airflow/.local/lib/python3.7/site-packages/airflow/example_dags/example_skip_dag.py
[2022-01-08 12:09:54,998] {processor.py:637} INFO - DAG(s) dict_keys(['example_skip_dag']) retrieved from /home/airflow/.local/lib/python3.7/site-packages/airflow/example_dags/example_skip_dag.py
[2022-01-08 12:09:55,013] {logging_mixin.py:109} INFO - [2022-01-08 12:09:55,013] {dag.py:2396} INFO - Sync 1 DAGs
[2022-01-08 12:09:55,040] {logging_mixin.py:109} INFO - [2022-01-08 12:09:55,040] {dag.py:2928} INFO - Setting next_dagrun for example_skip_dag to 2022-01-07T12:09:55.040372+00:00
[2022-01-08 12:09:55,053] {processor.py:171} INFO - Processing /home/airflow/.local/lib/python3.7/site-packages/airflow/example_dags/example_skip_dag.py took 0.106 seconds
[2022-01-08 12:10:26,092] {processor.py:163} INFO - Started process (PID=152) to work on /home/airflow/.local/lib/python3.7/site-packages/airflow/example_dags/example_skip_dag.py
[2022-01-08 12:10:26,094] {processor.py:625} INFO - Processing file /home/airflow/.local/lib/python3.7/site-packages/airflow/example_dags/example_skip_dag.py for tasks to queue
[2022-01-08 12:10:26,095] {logging_mixin.py:109} INFO - [2022-01-08 12:10:26,095] {dagbag.py:500} INFO - Filling up the DagBag from /home/airflow/.local/lib/python3.7/site-packages/airflow/example_dags/example_skip_dag.py
[2022-01-08 12:10:26,123] {processor.py:637} INFO - DAG(s) dict_keys(['example_skip_dag']) retrieved from /home/airflow/.local/lib/python3.7/site-packages/airflow/example_dags/example_skip_dag.py
[2022-01-08 12:10:26,139] {logging_mixin.py:109} INFO - [2022-01-08 12:10:26,138] {dag.py:2396} INFO - Sync 1 DAGs
[2022-01-08 12:10:26,174] {logging_mixin.py:109} INFO - [2022-01-08 12:10:26,174] {dag.py:2928} INFO - Setting next_dagrun for example_skip_dag to 2022-01-07T12:10:26.174287+00:00
[2022-01-08 12:10:26,202] {processor.py:171} INFO - Processing /home/airflow/.local/lib/python3.7/site-packages/airflow/example_dags/example_skip_dag.py took 0.114 seconds
[2022-01-08 12:10:57,139] {processor.py:163} INFO - Started process (PID=214) to work on /home/airflow/.local/lib/python3.7/site-packages/airflow/example_dags/example_skip_dag.py
[2022-01-08 12:10:57,140] {processor.py:625} INFO - Processing file /home/airflow/.local/lib/python3.7/site-packages/airflow/example_dags/example_skip_dag.py for tasks to queue
[2022-01-08 12:10:57,141] {logging_mixin.py:109} INFO - [2022-01-08 12:10:57,141] {dagbag.py:500} INFO - Filling up the DagBag from /home/airflow/.local/lib/python3.7/site-packages/airflow/example_dags/example_skip_dag.py
[2022-01-08 12:10:57,163] {processor.py:637} INFO - DAG(s) dict_keys(['example_skip_dag']) retrieved from /home/airflow/.local/lib/python3.7/site-packages/airflow/example_dags/example_skip_dag.py
[2022-01-08 12:10:57,174] {logging_mixin.py:109} INFO - [2022-01-08 12:10:57,174] {dag.py:2396} INFO - Sync 1 DAGs
[2022-01-08 12:10:57,195] {logging_mixin.py:109} INFO - [2022-01-08 12:10:57,195] {dag.py:2928} INFO - Setting next_dagrun for example_skip_dag to 2022-01-07T12:10:57.195264+00:00
[2022-01-08 12:10:57,206] {processor.py:171} INFO - Processing /home/airflow/.local/lib/python3.7/site-packages/airflow/example_dags/example_skip_dag.py took 0.070 seconds
[2022-01-08 12:11:28,727] {processor.py:163} INFO - Started process (PID=286) to work on /home/airflow/.local/lib/python3.7/site-packages/airflow/example_dags/example_skip_dag.py
[2022-01-08 12:11:28,728] {processor.py:625} INFO - Processing file /home/airflow/.local/lib/python3.7/site-packages/airflow/example_dags/example_skip_dag.py for tasks to queue
[2022-01-08 12:11:28,729] {logging_mixin.py:109} INFO - [2022-01-08 12:11:28,729] {dagbag.py:500} INFO - Filling up the DagBag from /home/airflow/.local/lib/python3.7/site-packages/airflow/example_dags/example_skip_dag.py
[2022-01-08 12:11:28,760] {processor.py:637} INFO - DAG(s) dict_keys(['example_skip_dag']) retrieved from /home/airflow/.local/lib/python3.7/site-packages/airflow/example_dags/example_skip_dag.py
[2022-01-08 12:11:28,774] {logging_mixin.py:109} INFO - [2022-01-08 12:11:28,774] {dag.py:2396} INFO - Sync 1 DAGs
[2022-01-08 12:11:28,798] {logging_mixin.py:109} INFO - [2022-01-08 12:11:28,798] {dag.py:2928} INFO - Setting next_dagrun for example_skip_dag to 2022-01-07T12:11:28.798407+00:00
[2022-01-08 12:11:28,843] {processor.py:171} INFO - Processing /home/airflow/.local/lib/python3.7/site-packages/airflow/example_dags/example_skip_dag.py took 0.120 seconds
[2022-01-08 12:11:59,718] {processor.py:163} INFO - Started process (PID=347) to work on /home/airflow/.local/lib/python3.7/site-packages/airflow/example_dags/example_skip_dag.py
[2022-01-08 12:11:59,720] {processor.py:625} INFO - Processing file /home/airflow/.local/lib/python3.7/site-packages/airflow/example_dags/example_skip_dag.py for tasks to queue
[2022-01-08 12:11:59,721] {logging_mixin.py:109} INFO - [2022-01-08 12:11:59,721] {dagbag.py:500} INFO - Filling up the DagBag from /home/airflow/.local/lib/python3.7/site-packages/airflow/example_dags/example_skip_dag.py
[2022-01-08 12:11:59,764] {processor.py:637} INFO - DAG(s) dict_keys(['example_skip_dag']) retrieved from /home/airflow/.local/lib/python3.7/site-packages/airflow/example_dags/example_skip_dag.py
[2022-01-08 12:11:59,780] {logging_mixin.py:109} INFO - [2022-01-08 12:11:59,780] {dag.py:2396} INFO - Sync 1 DAGs
[2022-01-08 12:11:59,806] {logging_mixin.py:109} INFO - [2022-01-08 12:11:59,806] {dag.py:2928} INFO - Setting next_dagrun for example_skip_dag to 2022-01-07T12:11:59.806100+00:00
[2022-01-08 12:11:59,823] {processor.py:171} INFO - Processing /home/airflow/.local/lib/python3.7/site-packages/airflow/example_dags/example_skip_dag.py took 0.111 seconds
[2022-01-08 12:12:30,691] {processor.py:163} INFO - Started process (PID=419) to work on /home/airflow/.local/lib/python3.7/site-packages/airflow/example_dags/example_skip_dag.py
[2022-01-08 12:12:30,692] {processor.py:625} INFO - Processing file /home/airflow/.local/lib/python3.7/site-packages/airflow/example_dags/example_skip_dag.py for tasks to queue
[2022-01-08 12:12:30,693] {logging_mixin.py:109} INFO - [2022-01-08 12:12:30,693] {dagbag.py:500} INFO - Filling up the DagBag from /home/airflow/.local/lib/python3.7/site-packages/airflow/example_dags/example_skip_dag.py
[2022-01-08 12:12:30,721] {processor.py:637} INFO - DAG(s) dict_keys(['example_skip_dag']) retrieved from /home/airflow/.local/lib/python3.7/site-packages/airflow/example_dags/example_skip_dag.py
[2022-01-08 12:12:30,734] {logging_mixin.py:109} INFO - [2022-01-08 12:12:30,734] {dag.py:2396} INFO - Sync 1 DAGs
[2022-01-08 12:12:30,751] {logging_mixin.py:109} INFO - [2022-01-08 12:12:30,751] {dag.py:2928} INFO - Setting next_dagrun for example_skip_dag to 2022-01-07T12:12:30.751214+00:00
[2022-01-08 12:12:30,764] {processor.py:171} INFO - Processing /home/airflow/.local/lib/python3.7/site-packages/airflow/example_dags/example_skip_dag.py took 0.076 seconds
[2022-01-08 12:13:02,129] {processor.py:163} INFO - Started process (PID=481) to work on /home/airflow/.local/lib/python3.7/site-packages/airflow/example_dags/example_skip_dag.py
[2022-01-08 12:13:02,130] {processor.py:625} INFO - Processing file /home/airflow/.local/lib/python3.7/site-packages/airflow/example_dags/example_skip_dag.py for tasks to queue
[2022-01-08 12:13:02,131] {logging_mixin.py:109} INFO - [2022-01-08 12:13:02,131] {dagbag.py:500} INFO - Filling up the DagBag from /home/airflow/.local/lib/python3.7/site-packages/airflow/example_dags/example_skip_dag.py
[2022-01-08 12:13:02,156] {processor.py:637} INFO - DAG(s) dict_keys(['example_skip_dag']) retrieved from /home/airflow/.local/lib/python3.7/site-packages/airflow/example_dags/example_skip_dag.py
[2022-01-08 12:13:02,168] {logging_mixin.py:109} INFO - [2022-01-08 12:13:02,168] {dag.py:2396} INFO - Sync 1 DAGs
[2022-01-08 12:13:02,187] {logging_mixin.py:109} INFO - [2022-01-08 12:13:02,187] {dag.py:2928} INFO - Setting next_dagrun for example_skip_dag to 2022-01-07T12:13:02.187395+00:00
[2022-01-08 12:13:02,197] {processor.py:171} INFO - Processing /home/airflow/.local/lib/python3.7/site-packages/airflow/example_dags/example_skip_dag.py took 0.071 seconds
[2022-01-08 12:13:34,494] {processor.py:163} INFO - Started process (PID=553) to work on /home/airflow/.local/lib/python3.7/site-packages/airflow/example_dags/example_skip_dag.py
[2022-01-08 12:13:34,502] {processor.py:625} INFO - Processing file /home/airflow/.local/lib/python3.7/site-packages/airflow/example_dags/example_skip_dag.py for tasks to queue
[2022-01-08 12:13:34,506] {logging_mixin.py:109} INFO - [2022-01-08 12:13:34,506] {dagbag.py:500} INFO - Filling up the DagBag from /home/airflow/.local/lib/python3.7/site-packages/airflow/example_dags/example_skip_dag.py
[2022-01-08 12:13:34,559] {processor.py:637} INFO - DAG(s) dict_keys(['example_skip_dag']) retrieved from /home/airflow/.local/lib/python3.7/site-packages/airflow/example_dags/example_skip_dag.py
[2022-01-08 12:13:34,580] {logging_mixin.py:109} INFO - [2022-01-08 12:13:34,580] {dag.py:2396} INFO - Sync 1 DAGs
[2022-01-08 12:13:34,613] {logging_mixin.py:109} INFO - [2022-01-08 12:13:34,613] {dag.py:2928} INFO - Setting next_dagrun for example_skip_dag to 2022-01-07T12:13:34.613223+00:00
[2022-01-08 12:13:34,633] {processor.py:171} INFO - Processing /home/airflow/.local/lib/python3.7/site-packages/airflow/example_dags/example_skip_dag.py took 0.143 seconds
[2022-01-08 12:14:05,067] {processor.py:163} INFO - Started process (PID=614) to work on /home/airflow/.local/lib/python3.7/site-packages/airflow/example_dags/example_skip_dag.py
[2022-01-08 12:14:05,068] {processor.py:625} INFO - Processing file /home/airflow/.local/lib/python3.7/site-packages/airflow/example_dags/example_skip_dag.py for tasks to queue
[2022-01-08 12:14:05,069] {logging_mixin.py:109} INFO - [2022-01-08 12:14:05,069] {dagbag.py:500} INFO - Filling up the DagBag from /home/airflow/.local/lib/python3.7/site-packages/airflow/example_dags/example_skip_dag.py
[2022-01-08 12:14:05,088] {processor.py:637} INFO - DAG(s) dict_keys(['example_skip_dag']) retrieved from /home/airflow/.local/lib/python3.7/site-packages/airflow/example_dags/example_skip_dag.py
[2022-01-08 12:14:05,098] {logging_mixin.py:109} INFO - [2022-01-08 12:14:05,097] {dag.py:2396} INFO - Sync 1 DAGs
[2022-01-08 12:14:05,114] {logging_mixin.py:109} INFO - [2022-01-08 12:14:05,114] {dag.py:2928} INFO - Setting next_dagrun for example_skip_dag to 2022-01-07T12:14:05.114130+00:00
[2022-01-08 12:14:05,124] {processor.py:171} INFO - Processing /home/airflow/.local/lib/python3.7/site-packages/airflow/example_dags/example_skip_dag.py took 0.059 seconds
[2022-01-08 12:14:36,175] {processor.py:163} INFO - Started process (PID=674) to work on /home/airflow/.local/lib/python3.7/site-packages/airflow/example_dags/example_skip_dag.py
[2022-01-08 12:14:36,176] {processor.py:625} INFO - Processing file /home/airflow/.local/lib/python3.7/site-packages/airflow/example_dags/example_skip_dag.py for tasks to queue
[2022-01-08 12:14:36,177] {logging_mixin.py:109} INFO - [2022-01-08 12:14:36,177] {dagbag.py:500} INFO - Filling up the DagBag from /home/airflow/.local/lib/python3.7/site-packages/airflow/example_dags/example_skip_dag.py
[2022-01-08 12:14:36,198] {processor.py:637} INFO - DAG(s) dict_keys(['example_skip_dag']) retrieved from /home/airflow/.local/lib/python3.7/site-packages/airflow/example_dags/example_skip_dag.py
[2022-01-08 12:14:36,207] {logging_mixin.py:109} INFO - [2022-01-08 12:14:36,207] {dag.py:2396} INFO - Sync 1 DAGs
[2022-01-08 12:14:36,222] {logging_mixin.py:109} INFO - [2022-01-08 12:14:36,222] {dag.py:2928} INFO - Setting next_dagrun for example_skip_dag to 2022-01-07T12:14:36.221968+00:00
[2022-01-08 12:14:36,232] {processor.py:171} INFO - Processing /home/airflow/.local/lib/python3.7/site-packages/airflow/example_dags/example_skip_dag.py took 0.059 seconds
[2022-01-08 12:15:06,985] {processor.py:163} INFO - Started process (PID=744) to work on /home/airflow/.local/lib/python3.7/site-packages/airflow/example_dags/example_skip_dag.py
[2022-01-08 12:15:06,986] {processor.py:625} INFO - Processing file /home/airflow/.local/lib/python3.7/site-packages/airflow/example_dags/example_skip_dag.py for tasks to queue
[2022-01-08 12:15:06,987] {logging_mixin.py:109} INFO - [2022-01-08 12:15:06,987] {dagbag.py:500} INFO - Filling up the DagBag from /home/airflow/.local/lib/python3.7/site-packages/airflow/example_dags/example_skip_dag.py
[2022-01-08 12:15:07,008] {processor.py:637} INFO - DAG(s) dict_keys(['example_skip_dag']) retrieved from /home/airflow/.local/lib/python3.7/site-packages/airflow/example_dags/example_skip_dag.py
[2022-01-08 12:15:07,020] {logging_mixin.py:109} INFO - [2022-01-08 12:15:07,020] {dag.py:2396} INFO - Sync 1 DAGs
[2022-01-08 12:15:07,037] {logging_mixin.py:109} INFO - [2022-01-08 12:15:07,037] {dag.py:2928} INFO - Setting next_dagrun for example_skip_dag to 2022-01-07T12:15:07.036981+00:00
[2022-01-08 12:15:07,052] {processor.py:171} INFO - Processing /home/airflow/.local/lib/python3.7/site-packages/airflow/example_dags/example_skip_dag.py took 0.069 seconds
[2022-01-08 12:15:38,369] {processor.py:163} INFO - Started process (PID=805) to work on /home/airflow/.local/lib/python3.7/site-packages/airflow/example_dags/example_skip_dag.py
[2022-01-08 12:15:38,370] {processor.py:625} INFO - Processing file /home/airflow/.local/lib/python3.7/site-packages/airflow/example_dags/example_skip_dag.py for tasks to queue
[2022-01-08 12:15:38,372] {logging_mixin.py:109} INFO - [2022-01-08 12:15:38,372] {dagbag.py:500} INFO - Filling up the DagBag from /home/airflow/.local/lib/python3.7/site-packages/airflow/example_dags/example_skip_dag.py
[2022-01-08 12:15:38,400] {processor.py:637} INFO - DAG(s) dict_keys(['example_skip_dag']) retrieved from /home/airflow/.local/lib/python3.7/site-packages/airflow/example_dags/example_skip_dag.py
[2022-01-08 12:15:38,414] {logging_mixin.py:109} INFO - [2022-01-08 12:15:38,414] {dag.py:2396} INFO - Sync 1 DAGs
[2022-01-08 12:15:38,437] {logging_mixin.py:109} INFO - [2022-01-08 12:15:38,437] {dag.py:2928} INFO - Setting next_dagrun for example_skip_dag to 2022-01-07T12:15:38.437427+00:00
[2022-01-08 12:15:38,449] {processor.py:171} INFO - Processing /home/airflow/.local/lib/python3.7/site-packages/airflow/example_dags/example_skip_dag.py took 0.083 seconds
[2022-01-08 12:16:09,656] {processor.py:163} INFO - Started process (PID=876) to work on /home/airflow/.local/lib/python3.7/site-packages/airflow/example_dags/example_skip_dag.py
[2022-01-08 12:16:09,658] {processor.py:625} INFO - Processing file /home/airflow/.local/lib/python3.7/site-packages/airflow/example_dags/example_skip_dag.py for tasks to queue
[2022-01-08 12:16:09,658] {logging_mixin.py:109} INFO - [2022-01-08 12:16:09,658] {dagbag.py:500} INFO - Filling up the DagBag from /home/airflow/.local/lib/python3.7/site-packages/airflow/example_dags/example_skip_dag.py
[2022-01-08 12:16:09,680] {processor.py:637} INFO - DAG(s) dict_keys(['example_skip_dag']) retrieved from /home/airflow/.local/lib/python3.7/site-packages/airflow/example_dags/example_skip_dag.py
[2022-01-08 12:16:09,695] {logging_mixin.py:109} INFO - [2022-01-08 12:16:09,694] {dag.py:2396} INFO - Sync 1 DAGs
[2022-01-08 12:16:09,717] {logging_mixin.py:109} INFO - [2022-01-08 12:16:09,717] {dag.py:2928} INFO - Setting next_dagrun for example_skip_dag to 2022-01-07T12:16:09.717102+00:00
[2022-01-08 12:16:09,732] {processor.py:171} INFO - Processing /home/airflow/.local/lib/python3.7/site-packages/airflow/example_dags/example_skip_dag.py took 0.078 seconds
[2022-01-08 12:16:40,104] {processor.py:163} INFO - Started process (PID=938) to work on /home/airflow/.local/lib/python3.7/site-packages/airflow/example_dags/example_skip_dag.py
[2022-01-08 12:16:40,105] {processor.py:625} INFO - Processing file /home/airflow/.local/lib/python3.7/site-packages/airflow/example_dags/example_skip_dag.py for tasks to queue
[2022-01-08 12:16:40,106] {logging_mixin.py:109} INFO - [2022-01-08 12:16:40,106] {dagbag.py:500} INFO - Filling up the DagBag from /home/airflow/.local/lib/python3.7/site-packages/airflow/example_dags/example_skip_dag.py
[2022-01-08 12:16:40,128] {processor.py:637} INFO - DAG(s) dict_keys(['example_skip_dag']) retrieved from /home/airflow/.local/lib/python3.7/site-packages/airflow/example_dags/example_skip_dag.py
[2022-01-08 12:16:40,138] {logging_mixin.py:109} INFO - [2022-01-08 12:16:40,138] {dag.py:2396} INFO - Sync 1 DAGs
[2022-01-08 12:16:40,155] {logging_mixin.py:109} INFO - [2022-01-08 12:16:40,155] {dag.py:2928} INFO - Setting next_dagrun for example_skip_dag to 2022-01-07T12:16:40.155367+00:00
[2022-01-08 12:16:40,164] {processor.py:171} INFO - Processing /home/airflow/.local/lib/python3.7/site-packages/airflow/example_dags/example_skip_dag.py took 0.063 seconds
[2022-01-08 12:17:10,338] {processor.py:163} INFO - Started process (PID=991) to work on /home/airflow/.local/lib/python3.7/site-packages/airflow/example_dags/example_skip_dag.py
[2022-01-08 12:17:10,339] {processor.py:625} INFO - Processing file /home/airflow/.local/lib/python3.7/site-packages/airflow/example_dags/example_skip_dag.py for tasks to queue
[2022-01-08 12:17:10,339] {logging_mixin.py:109} INFO - [2022-01-08 12:17:10,339] {dagbag.py:500} INFO - Filling up the DagBag from /home/airflow/.local/lib/python3.7/site-packages/airflow/example_dags/example_skip_dag.py
[2022-01-08 12:17:10,360] {processor.py:637} INFO - DAG(s) dict_keys(['example_skip_dag']) retrieved from /home/airflow/.local/lib/python3.7/site-packages/airflow/example_dags/example_skip_dag.py
[2022-01-08 12:17:10,370] {logging_mixin.py:109} INFO - [2022-01-08 12:17:10,370] {dag.py:2396} INFO - Sync 1 DAGs
[2022-01-08 12:17:10,386] {logging_mixin.py:109} INFO - [2022-01-08 12:17:10,386] {dag.py:2928} INFO - Setting next_dagrun for example_skip_dag to 2022-01-07T12:17:10.385834+00:00
[2022-01-08 12:17:10,396] {processor.py:171} INFO - Processing /home/airflow/.local/lib/python3.7/site-packages/airflow/example_dags/example_skip_dag.py took 0.061 seconds
[2022-01-08 12:17:40,995] {processor.py:163} INFO - Started process (PID=1063) to work on /home/airflow/.local/lib/python3.7/site-packages/airflow/example_dags/example_skip_dag.py
[2022-01-08 12:17:40,996] {processor.py:625} INFO - Processing file /home/airflow/.local/lib/python3.7/site-packages/airflow/example_dags/example_skip_dag.py for tasks to queue
[2022-01-08 12:17:40,996] {logging_mixin.py:109} INFO - [2022-01-08 12:17:40,996] {dagbag.py:500} INFO - Filling up the DagBag from /home/airflow/.local/lib/python3.7/site-packages/airflow/example_dags/example_skip_dag.py
[2022-01-08 12:17:41,014] {processor.py:637} INFO - DAG(s) dict_keys(['example_skip_dag']) retrieved from /home/airflow/.local/lib/python3.7/site-packages/airflow/example_dags/example_skip_dag.py
[2022-01-08 12:17:41,024] {logging_mixin.py:109} INFO - [2022-01-08 12:17:41,024] {dag.py:2396} INFO - Sync 1 DAGs
[2022-01-08 12:17:41,037] {logging_mixin.py:109} INFO - [2022-01-08 12:17:41,037] {dag.py:2928} INFO - Setting next_dagrun for example_skip_dag to 2022-01-07T12:17:41.037011+00:00
[2022-01-08 12:17:41,044] {processor.py:171} INFO - Processing /home/airflow/.local/lib/python3.7/site-packages/airflow/example_dags/example_skip_dag.py took 0.053 seconds
[2022-01-08 12:18:11,433] {processor.py:163} INFO - Started process (PID=1124) to work on /home/airflow/.local/lib/python3.7/site-packages/airflow/example_dags/example_skip_dag.py
[2022-01-08 12:18:11,434] {processor.py:625} INFO - Processing file /home/airflow/.local/lib/python3.7/site-packages/airflow/example_dags/example_skip_dag.py for tasks to queue
[2022-01-08 12:18:11,434] {logging_mixin.py:109} INFO - [2022-01-08 12:18:11,434] {dagbag.py:500} INFO - Filling up the DagBag from /home/airflow/.local/lib/python3.7/site-packages/airflow/example_dags/example_skip_dag.py
[2022-01-08 12:18:11,454] {processor.py:637} INFO - DAG(s) dict_keys(['example_skip_dag']) retrieved from /home/airflow/.local/lib/python3.7/site-packages/airflow/example_dags/example_skip_dag.py
[2022-01-08 12:18:11,463] {logging_mixin.py:109} INFO - [2022-01-08 12:18:11,463] {dag.py:2396} INFO - Sync 1 DAGs
[2022-01-08 12:18:11,476] {logging_mixin.py:109} INFO - [2022-01-08 12:18:11,476] {dag.py:2928} INFO - Setting next_dagrun for example_skip_dag to 2022-01-07T12:18:11.476583+00:00
[2022-01-08 12:18:11,548] {processor.py:171} INFO - Processing /home/airflow/.local/lib/python3.7/site-packages/airflow/example_dags/example_skip_dag.py took 0.118 seconds
[2022-01-08 12:18:42,206] {processor.py:163} INFO - Started process (PID=1195) to work on /home/airflow/.local/lib/python3.7/site-packages/airflow/example_dags/example_skip_dag.py
[2022-01-08 12:18:42,208] {processor.py:625} INFO - Processing file /home/airflow/.local/lib/python3.7/site-packages/airflow/example_dags/example_skip_dag.py for tasks to queue
[2022-01-08 12:18:42,209] {logging_mixin.py:109} INFO - [2022-01-08 12:18:42,208] {dagbag.py:500} INFO - Filling up the DagBag from /home/airflow/.local/lib/python3.7/site-packages/airflow/example_dags/example_skip_dag.py
[2022-01-08 12:18:42,234] {processor.py:637} INFO - DAG(s) dict_keys(['example_skip_dag']) retrieved from /home/airflow/.local/lib/python3.7/site-packages/airflow/example_dags/example_skip_dag.py
[2022-01-08 12:18:42,245] {logging_mixin.py:109} INFO - [2022-01-08 12:18:42,245] {dag.py:2396} INFO - Sync 1 DAGs
[2022-01-08 12:18:42,385] {logging_mixin.py:109} INFO - [2022-01-08 12:18:42,385] {dag.py:2928} INFO - Setting next_dagrun for example_skip_dag to 2022-01-07T12:18:42.385417+00:00
[2022-01-08 12:18:42,394] {processor.py:171} INFO - Processing /home/airflow/.local/lib/python3.7/site-packages/airflow/example_dags/example_skip_dag.py took 0.191 seconds
[2022-01-08 12:19:12,709] {processor.py:163} INFO - Started process (PID=1255) to work on /home/airflow/.local/lib/python3.7/site-packages/airflow/example_dags/example_skip_dag.py
[2022-01-08 12:19:12,710] {processor.py:625} INFO - Processing file /home/airflow/.local/lib/python3.7/site-packages/airflow/example_dags/example_skip_dag.py for tasks to queue
[2022-01-08 12:19:12,711] {logging_mixin.py:109} INFO - [2022-01-08 12:19:12,711] {dagbag.py:500} INFO - Filling up the DagBag from /home/airflow/.local/lib/python3.7/site-packages/airflow/example_dags/example_skip_dag.py
[2022-01-08 12:19:12,729] {processor.py:637} INFO - DAG(s) dict_keys(['example_skip_dag']) retrieved from /home/airflow/.local/lib/python3.7/site-packages/airflow/example_dags/example_skip_dag.py
[2022-01-08 12:19:12,739] {logging_mixin.py:109} INFO - [2022-01-08 12:19:12,738] {dag.py:2396} INFO - Sync 1 DAGs
[2022-01-08 12:19:12,814] {logging_mixin.py:109} INFO - [2022-01-08 12:19:12,814] {dag.py:2928} INFO - Setting next_dagrun for example_skip_dag to 2022-01-07T12:19:12.814409+00:00
[2022-01-08 12:19:12,824] {processor.py:171} INFO - Processing /home/airflow/.local/lib/python3.7/site-packages/airflow/example_dags/example_skip_dag.py took 0.118 seconds
[2022-01-08 12:19:43,139] {processor.py:163} INFO - Started process (PID=1316) to work on /home/airflow/.local/lib/python3.7/site-packages/airflow/example_dags/example_skip_dag.py
[2022-01-08 12:19:43,141] {processor.py:625} INFO - Processing file /home/airflow/.local/lib/python3.7/site-packages/airflow/example_dags/example_skip_dag.py for tasks to queue
[2022-01-08 12:19:43,141] {logging_mixin.py:109} INFO - [2022-01-08 12:19:43,141] {dagbag.py:500} INFO - Filling up the DagBag from /home/airflow/.local/lib/python3.7/site-packages/airflow/example_dags/example_skip_dag.py
[2022-01-08 12:19:43,160] {processor.py:637} INFO - DAG(s) dict_keys(['example_skip_dag']) retrieved from /home/airflow/.local/lib/python3.7/site-packages/airflow/example_dags/example_skip_dag.py
[2022-01-08 12:19:43,168] {logging_mixin.py:109} INFO - [2022-01-08 12:19:43,168] {dag.py:2396} INFO - Sync 1 DAGs
[2022-01-08 12:19:43,247] {logging_mixin.py:109} INFO - [2022-01-08 12:19:43,247] {dag.py:2928} INFO - Setting next_dagrun for example_skip_dag to 2022-01-07T12:19:43.247515+00:00
[2022-01-08 12:19:43,255] {processor.py:171} INFO - Processing /home/airflow/.local/lib/python3.7/site-packages/airflow/example_dags/example_skip_dag.py took 0.119 seconds
[2022-01-08 12:20:13,412] {processor.py:163} INFO - Started process (PID=1387) to work on /home/airflow/.local/lib/python3.7/site-packages/airflow/example_dags/example_skip_dag.py
[2022-01-08 12:20:13,413] {processor.py:625} INFO - Processing file /home/airflow/.local/lib/python3.7/site-packages/airflow/example_dags/example_skip_dag.py for tasks to queue
[2022-01-08 12:20:13,414] {logging_mixin.py:109} INFO - [2022-01-08 12:20:13,414] {dagbag.py:500} INFO - Filling up the DagBag from /home/airflow/.local/lib/python3.7/site-packages/airflow/example_dags/example_skip_dag.py
[2022-01-08 12:20:13,436] {processor.py:637} INFO - DAG(s) dict_keys(['example_skip_dag']) retrieved from /home/airflow/.local/lib/python3.7/site-packages/airflow/example_dags/example_skip_dag.py
[2022-01-08 12:20:13,510] {logging_mixin.py:109} INFO - [2022-01-08 12:20:13,510] {dag.py:2396} INFO - Sync 1 DAGs
[2022-01-08 12:20:13,521] {logging_mixin.py:109} INFO - [2022-01-08 12:20:13,521] {dag.py:2928} INFO - Setting next_dagrun for example_skip_dag to 2022-01-07T12:20:13.521592+00:00
[2022-01-08 12:20:13,530] {processor.py:171} INFO - Processing /home/airflow/.local/lib/python3.7/site-packages/airflow/example_dags/example_skip_dag.py took 0.122 seconds
[2022-01-08 12:20:44,397] {processor.py:163} INFO - Started process (PID=1449) to work on /home/airflow/.local/lib/python3.7/site-packages/airflow/example_dags/example_skip_dag.py
[2022-01-08 12:20:44,400] {processor.py:625} INFO - Processing file /home/airflow/.local/lib/python3.7/site-packages/airflow/example_dags/example_skip_dag.py for tasks to queue
[2022-01-08 12:20:44,401] {logging_mixin.py:109} INFO - [2022-01-08 12:20:44,401] {dagbag.py:500} INFO - Filling up the DagBag from /home/airflow/.local/lib/python3.7/site-packages/airflow/example_dags/example_skip_dag.py
[2022-01-08 12:20:44,595] {processor.py:637} INFO - DAG(s) dict_keys(['example_skip_dag']) retrieved from /home/airflow/.local/lib/python3.7/site-packages/airflow/example_dags/example_skip_dag.py
[2022-01-08 12:20:44,607] {logging_mixin.py:109} INFO - [2022-01-08 12:20:44,607] {dag.py:2396} INFO - Sync 1 DAGs
[2022-01-08 12:20:44,626] {logging_mixin.py:109} INFO - [2022-01-08 12:20:44,626] {dag.py:2928} INFO - Setting next_dagrun for example_skip_dag to 2022-01-07T12:20:44.626392+00:00
[2022-01-08 12:20:44,637] {processor.py:171} INFO - Processing /home/airflow/.local/lib/python3.7/site-packages/airflow/example_dags/example_skip_dag.py took 0.245 seconds
[2022-01-08 12:21:15,338] {processor.py:163} INFO - Started process (PID=1519) to work on /home/airflow/.local/lib/python3.7/site-packages/airflow/example_dags/example_skip_dag.py
[2022-01-08 12:21:15,339] {processor.py:625} INFO - Processing file /home/airflow/.local/lib/python3.7/site-packages/airflow/example_dags/example_skip_dag.py for tasks to queue
[2022-01-08 12:21:15,340] {logging_mixin.py:109} INFO - [2022-01-08 12:21:15,340] {dagbag.py:500} INFO - Filling up the DagBag from /home/airflow/.local/lib/python3.7/site-packages/airflow/example_dags/example_skip_dag.py
[2022-01-08 12:21:15,448] {processor.py:637} INFO - DAG(s) dict_keys(['example_skip_dag']) retrieved from /home/airflow/.local/lib/python3.7/site-packages/airflow/example_dags/example_skip_dag.py
[2022-01-08 12:21:15,460] {logging_mixin.py:109} INFO - [2022-01-08 12:21:15,460] {dag.py:2396} INFO - Sync 1 DAGs
[2022-01-08 12:21:15,479] {logging_mixin.py:109} INFO - [2022-01-08 12:21:15,479] {dag.py:2928} INFO - Setting next_dagrun for example_skip_dag to 2022-01-07T12:21:15.479001+00:00
[2022-01-08 12:21:15,487] {processor.py:171} INFO - Processing /home/airflow/.local/lib/python3.7/site-packages/airflow/example_dags/example_skip_dag.py took 0.152 seconds
[2022-01-08 12:21:46,308] {processor.py:163} INFO - Started process (PID=1580) to work on /home/airflow/.local/lib/python3.7/site-packages/airflow/example_dags/example_skip_dag.py
[2022-01-08 12:21:46,311] {processor.py:625} INFO - Processing file /home/airflow/.local/lib/python3.7/site-packages/airflow/example_dags/example_skip_dag.py for tasks to queue
[2022-01-08 12:21:46,318] {logging_mixin.py:109} INFO - [2022-01-08 12:21:46,317] {dagbag.py:500} INFO - Filling up the DagBag from /home/airflow/.local/lib/python3.7/site-packages/airflow/example_dags/example_skip_dag.py
[2022-01-08 12:21:46,466] {processor.py:637} INFO - DAG(s) dict_keys(['example_skip_dag']) retrieved from /home/airflow/.local/lib/python3.7/site-packages/airflow/example_dags/example_skip_dag.py
[2022-01-08 12:21:46,492] {logging_mixin.py:109} INFO - [2022-01-08 12:21:46,492] {dag.py:2396} INFO - Sync 1 DAGs
[2022-01-08 12:21:46,536] {logging_mixin.py:109} INFO - [2022-01-08 12:21:46,536] {dag.py:2928} INFO - Setting next_dagrun for example_skip_dag to 2022-01-07T12:21:46.535654+00:00
[2022-01-08 12:21:46,553] {processor.py:171} INFO - Processing /home/airflow/.local/lib/python3.7/site-packages/airflow/example_dags/example_skip_dag.py took 0.250 seconds
[2022-01-08 12:22:17,336] {processor.py:163} INFO - Started process (PID=1641) to work on /home/airflow/.local/lib/python3.7/site-packages/airflow/example_dags/example_skip_dag.py
[2022-01-08 12:22:17,337] {processor.py:625} INFO - Processing file /home/airflow/.local/lib/python3.7/site-packages/airflow/example_dags/example_skip_dag.py for tasks to queue
[2022-01-08 12:22:17,338] {logging_mixin.py:109} INFO - [2022-01-08 12:22:17,338] {dagbag.py:500} INFO - Filling up the DagBag from /home/airflow/.local/lib/python3.7/site-packages/airflow/example_dags/example_skip_dag.py
[2022-01-08 12:22:17,365] {processor.py:637} INFO - DAG(s) dict_keys(['example_skip_dag']) retrieved from /home/airflow/.local/lib/python3.7/site-packages/airflow/example_dags/example_skip_dag.py
[2022-01-08 12:22:17,377] {logging_mixin.py:109} INFO - [2022-01-08 12:22:17,377] {dag.py:2396} INFO - Sync 1 DAGs
[2022-01-08 12:22:17,397] {logging_mixin.py:109} INFO - [2022-01-08 12:22:17,396] {dag.py:2928} INFO - Setting next_dagrun for example_skip_dag to 2022-01-07T12:22:17.396630+00:00
[2022-01-08 12:22:17,410] {processor.py:171} INFO - Processing /home/airflow/.local/lib/python3.7/site-packages/airflow/example_dags/example_skip_dag.py took 0.077 seconds
[2022-01-08 12:22:47,487] {processor.py:163} INFO - Started process (PID=1709) to work on /home/airflow/.local/lib/python3.7/site-packages/airflow/example_dags/example_skip_dag.py
[2022-01-08 12:22:47,488] {processor.py:625} INFO - Processing file /home/airflow/.local/lib/python3.7/site-packages/airflow/example_dags/example_skip_dag.py for tasks to queue
[2022-01-08 12:22:47,489] {logging_mixin.py:109} INFO - [2022-01-08 12:22:47,489] {dagbag.py:500} INFO - Filling up the DagBag from /home/airflow/.local/lib/python3.7/site-packages/airflow/example_dags/example_skip_dag.py
[2022-01-08 12:22:47,514] {processor.py:637} INFO - DAG(s) dict_keys(['example_skip_dag']) retrieved from /home/airflow/.local/lib/python3.7/site-packages/airflow/example_dags/example_skip_dag.py
[2022-01-08 12:22:47,525] {logging_mixin.py:109} INFO - [2022-01-08 12:22:47,525] {dag.py:2396} INFO - Sync 1 DAGs
[2022-01-08 12:22:47,541] {logging_mixin.py:109} INFO - [2022-01-08 12:22:47,541] {dag.py:2928} INFO - Setting next_dagrun for example_skip_dag to 2022-01-07T12:22:47.540726+00:00
[2022-01-08 12:22:47,551] {processor.py:171} INFO - Processing /home/airflow/.local/lib/python3.7/site-packages/airflow/example_dags/example_skip_dag.py took 0.068 seconds
[2022-01-08 12:23:18,418] {processor.py:163} INFO - Started process (PID=1771) to work on /home/airflow/.local/lib/python3.7/site-packages/airflow/example_dags/example_skip_dag.py
[2022-01-08 12:23:18,419] {processor.py:625} INFO - Processing file /home/airflow/.local/lib/python3.7/site-packages/airflow/example_dags/example_skip_dag.py for tasks to queue
[2022-01-08 12:23:18,420] {logging_mixin.py:109} INFO - [2022-01-08 12:23:18,420] {dagbag.py:500} INFO - Filling up the DagBag from /home/airflow/.local/lib/python3.7/site-packages/airflow/example_dags/example_skip_dag.py
[2022-01-08 12:23:18,447] {processor.py:637} INFO - DAG(s) dict_keys(['example_skip_dag']) retrieved from /home/airflow/.local/lib/python3.7/site-packages/airflow/example_dags/example_skip_dag.py
[2022-01-08 12:23:18,457] {logging_mixin.py:109} INFO - [2022-01-08 12:23:18,456] {dag.py:2396} INFO - Sync 1 DAGs
[2022-01-08 12:23:18,472] {logging_mixin.py:109} INFO - [2022-01-08 12:23:18,471] {dag.py:2928} INFO - Setting next_dagrun for example_skip_dag to 2022-01-07T12:23:18.471728+00:00
[2022-01-08 12:23:18,483] {processor.py:171} INFO - Processing /home/airflow/.local/lib/python3.7/site-packages/airflow/example_dags/example_skip_dag.py took 0.068 seconds
[2022-01-08 12:23:48,839] {processor.py:163} INFO - Started process (PID=1842) to work on /home/airflow/.local/lib/python3.7/site-packages/airflow/example_dags/example_skip_dag.py
[2022-01-08 12:23:48,841] {processor.py:625} INFO - Processing file /home/airflow/.local/lib/python3.7/site-packages/airflow/example_dags/example_skip_dag.py for tasks to queue
[2022-01-08 12:23:48,842] {logging_mixin.py:109} INFO - [2022-01-08 12:23:48,842] {dagbag.py:500} INFO - Filling up the DagBag from /home/airflow/.local/lib/python3.7/site-packages/airflow/example_dags/example_skip_dag.py
[2022-01-08 12:23:48,866] {processor.py:637} INFO - DAG(s) dict_keys(['example_skip_dag']) retrieved from /home/airflow/.local/lib/python3.7/site-packages/airflow/example_dags/example_skip_dag.py
[2022-01-08 12:23:48,877] {logging_mixin.py:109} INFO - [2022-01-08 12:23:48,877] {dag.py:2396} INFO - Sync 1 DAGs
[2022-01-08 12:23:48,896] {logging_mixin.py:109} INFO - [2022-01-08 12:23:48,896] {dag.py:2928} INFO - Setting next_dagrun for example_skip_dag to 2022-01-07T12:23:48.896264+00:00
[2022-01-08 12:23:48,908] {processor.py:171} INFO - Processing /home/airflow/.local/lib/python3.7/site-packages/airflow/example_dags/example_skip_dag.py took 0.072 seconds
[2022-01-08 12:24:19,020] {processor.py:163} INFO - Started process (PID=1901) to work on /home/airflow/.local/lib/python3.7/site-packages/airflow/example_dags/example_skip_dag.py
[2022-01-08 12:24:19,022] {processor.py:625} INFO - Processing file /home/airflow/.local/lib/python3.7/site-packages/airflow/example_dags/example_skip_dag.py for tasks to queue
[2022-01-08 12:24:19,023] {logging_mixin.py:109} INFO - [2022-01-08 12:24:19,023] {dagbag.py:500} INFO - Filling up the DagBag from /home/airflow/.local/lib/python3.7/site-packages/airflow/example_dags/example_skip_dag.py
[2022-01-08 12:24:19,053] {processor.py:637} INFO - DAG(s) dict_keys(['example_skip_dag']) retrieved from /home/airflow/.local/lib/python3.7/site-packages/airflow/example_dags/example_skip_dag.py
[2022-01-08 12:24:19,063] {logging_mixin.py:109} INFO - [2022-01-08 12:24:19,063] {dag.py:2396} INFO - Sync 1 DAGs
[2022-01-08 12:24:19,078] {logging_mixin.py:109} INFO - [2022-01-08 12:24:19,078] {dag.py:2928} INFO - Setting next_dagrun for example_skip_dag to 2022-01-07T12:24:19.078112+00:00
[2022-01-08 12:24:19,089] {processor.py:171} INFO - Processing /home/airflow/.local/lib/python3.7/site-packages/airflow/example_dags/example_skip_dag.py took 0.075 seconds
[2022-01-08 12:24:49,276] {processor.py:163} INFO - Started process (PID=1961) to work on /home/airflow/.local/lib/python3.7/site-packages/airflow/example_dags/example_skip_dag.py
[2022-01-08 12:24:49,278] {processor.py:625} INFO - Processing file /home/airflow/.local/lib/python3.7/site-packages/airflow/example_dags/example_skip_dag.py for tasks to queue
[2022-01-08 12:24:49,278] {logging_mixin.py:109} INFO - [2022-01-08 12:24:49,278] {dagbag.py:500} INFO - Filling up the DagBag from /home/airflow/.local/lib/python3.7/site-packages/airflow/example_dags/example_skip_dag.py
[2022-01-08 12:24:49,306] {processor.py:637} INFO - DAG(s) dict_keys(['example_skip_dag']) retrieved from /home/airflow/.local/lib/python3.7/site-packages/airflow/example_dags/example_skip_dag.py
[2022-01-08 12:24:49,318] {logging_mixin.py:109} INFO - [2022-01-08 12:24:49,318] {dag.py:2396} INFO - Sync 1 DAGs
[2022-01-08 12:24:49,332] {logging_mixin.py:109} INFO - [2022-01-08 12:24:49,332] {dag.py:2928} INFO - Setting next_dagrun for example_skip_dag to 2022-01-07T12:24:49.331826+00:00
[2022-01-08 12:24:49,340] {processor.py:171} INFO - Processing /home/airflow/.local/lib/python3.7/site-packages/airflow/example_dags/example_skip_dag.py took 0.067 seconds
[2022-01-08 12:25:19,510] {processor.py:163} INFO - Started process (PID=2032) to work on /home/airflow/.local/lib/python3.7/site-packages/airflow/example_dags/example_skip_dag.py
[2022-01-08 12:25:19,511] {processor.py:625} INFO - Processing file /home/airflow/.local/lib/python3.7/site-packages/airflow/example_dags/example_skip_dag.py for tasks to queue
[2022-01-08 12:25:19,512] {logging_mixin.py:109} INFO - [2022-01-08 12:25:19,512] {dagbag.py:500} INFO - Filling up the DagBag from /home/airflow/.local/lib/python3.7/site-packages/airflow/example_dags/example_skip_dag.py
[2022-01-08 12:25:19,540] {processor.py:637} INFO - DAG(s) dict_keys(['example_skip_dag']) retrieved from /home/airflow/.local/lib/python3.7/site-packages/airflow/example_dags/example_skip_dag.py
[2022-01-08 12:25:19,555] {logging_mixin.py:109} INFO - [2022-01-08 12:25:19,555] {dag.py:2396} INFO - Sync 1 DAGs
[2022-01-08 12:25:19,575] {logging_mixin.py:109} INFO - [2022-01-08 12:25:19,575] {dag.py:2928} INFO - Setting next_dagrun for example_skip_dag to 2022-01-07T12:25:19.574850+00:00
[2022-01-08 12:25:19,588] {processor.py:171} INFO - Processing /home/airflow/.local/lib/python3.7/site-packages/airflow/example_dags/example_skip_dag.py took 0.081 seconds
[2022-01-08 12:25:49,774] {processor.py:163} INFO - Started process (PID=2094) to work on /home/airflow/.local/lib/python3.7/site-packages/airflow/example_dags/example_skip_dag.py
[2022-01-08 12:25:49,775] {processor.py:625} INFO - Processing file /home/airflow/.local/lib/python3.7/site-packages/airflow/example_dags/example_skip_dag.py for tasks to queue
[2022-01-08 12:25:49,776] {logging_mixin.py:109} INFO - [2022-01-08 12:25:49,775] {dagbag.py:500} INFO - Filling up the DagBag from /home/airflow/.local/lib/python3.7/site-packages/airflow/example_dags/example_skip_dag.py
[2022-01-08 12:25:49,795] {processor.py:637} INFO - DAG(s) dict_keys(['example_skip_dag']) retrieved from /home/airflow/.local/lib/python3.7/site-packages/airflow/example_dags/example_skip_dag.py
[2022-01-08 12:25:49,805] {logging_mixin.py:109} INFO - [2022-01-08 12:25:49,804] {dag.py:2396} INFO - Sync 1 DAGs
[2022-01-08 12:25:49,819] {logging_mixin.py:109} INFO - [2022-01-08 12:25:49,819] {dag.py:2928} INFO - Setting next_dagrun for example_skip_dag to 2022-01-07T12:25:49.819107+00:00
[2022-01-08 12:25:49,831] {processor.py:171} INFO - Processing /home/airflow/.local/lib/python3.7/site-packages/airflow/example_dags/example_skip_dag.py took 0.060 seconds
[2022-01-08 12:26:20,478] {processor.py:163} INFO - Started process (PID=2156) to work on /home/airflow/.local/lib/python3.7/site-packages/airflow/example_dags/example_skip_dag.py
[2022-01-08 12:26:20,479] {processor.py:625} INFO - Processing file /home/airflow/.local/lib/python3.7/site-packages/airflow/example_dags/example_skip_dag.py for tasks to queue
[2022-01-08 12:26:20,480] {logging_mixin.py:109} INFO - [2022-01-08 12:26:20,480] {dagbag.py:500} INFO - Filling up the DagBag from /home/airflow/.local/lib/python3.7/site-packages/airflow/example_dags/example_skip_dag.py
[2022-01-08 12:26:20,507] {processor.py:637} INFO - DAG(s) dict_keys(['example_skip_dag']) retrieved from /home/airflow/.local/lib/python3.7/site-packages/airflow/example_dags/example_skip_dag.py
[2022-01-08 12:26:20,516] {logging_mixin.py:109} INFO - [2022-01-08 12:26:20,516] {dag.py:2396} INFO - Sync 1 DAGs
[2022-01-08 12:26:20,530] {logging_mixin.py:109} INFO - [2022-01-08 12:26:20,530] {dag.py:2928} INFO - Setting next_dagrun for example_skip_dag to 2022-01-07T12:26:20.529806+00:00
[2022-01-08 12:26:20,538] {processor.py:171} INFO - Processing /home/airflow/.local/lib/python3.7/site-packages/airflow/example_dags/example_skip_dag.py took 0.063 seconds
[2022-01-08 12:26:51,224] {processor.py:163} INFO - Started process (PID=2225) to work on /home/airflow/.local/lib/python3.7/site-packages/airflow/example_dags/example_skip_dag.py
[2022-01-08 12:26:51,225] {processor.py:625} INFO - Processing file /home/airflow/.local/lib/python3.7/site-packages/airflow/example_dags/example_skip_dag.py for tasks to queue
[2022-01-08 12:26:51,226] {logging_mixin.py:109} INFO - [2022-01-08 12:26:51,226] {dagbag.py:500} INFO - Filling up the DagBag from /home/airflow/.local/lib/python3.7/site-packages/airflow/example_dags/example_skip_dag.py
[2022-01-08 12:26:51,247] {processor.py:637} INFO - DAG(s) dict_keys(['example_skip_dag']) retrieved from /home/airflow/.local/lib/python3.7/site-packages/airflow/example_dags/example_skip_dag.py
[2022-01-08 12:26:51,256] {logging_mixin.py:109} INFO - [2022-01-08 12:26:51,256] {dag.py:2396} INFO - Sync 1 DAGs
[2022-01-08 12:26:51,271] {logging_mixin.py:109} INFO - [2022-01-08 12:26:51,271] {dag.py:2928} INFO - Setting next_dagrun for example_skip_dag to 2022-01-07T12:26:51.270984+00:00
[2022-01-08 12:26:51,282] {processor.py:171} INFO - Processing /home/airflow/.local/lib/python3.7/site-packages/airflow/example_dags/example_skip_dag.py took 0.061 seconds
[2022-01-08 12:27:21,813] {processor.py:163} INFO - Started process (PID=2285) to work on /home/airflow/.local/lib/python3.7/site-packages/airflow/example_dags/example_skip_dag.py
[2022-01-08 12:27:21,814] {processor.py:625} INFO - Processing file /home/airflow/.local/lib/python3.7/site-packages/airflow/example_dags/example_skip_dag.py for tasks to queue
[2022-01-08 12:27:21,815] {logging_mixin.py:109} INFO - [2022-01-08 12:27:21,815] {dagbag.py:500} INFO - Filling up the DagBag from /home/airflow/.local/lib/python3.7/site-packages/airflow/example_dags/example_skip_dag.py
[2022-01-08 12:27:21,843] {processor.py:637} INFO - DAG(s) dict_keys(['example_skip_dag']) retrieved from /home/airflow/.local/lib/python3.7/site-packages/airflow/example_dags/example_skip_dag.py
[2022-01-08 12:27:21,863] {logging_mixin.py:109} INFO - [2022-01-08 12:27:21,863] {dag.py:2396} INFO - Sync 1 DAGs
[2022-01-08 12:27:21,890] {logging_mixin.py:109} INFO - [2022-01-08 12:27:21,889] {dag.py:2928} INFO - Setting next_dagrun for example_skip_dag to 2022-01-07T12:27:21.889172+00:00
[2022-01-08 12:27:21,901] {processor.py:171} INFO - Processing /home/airflow/.local/lib/python3.7/site-packages/airflow/example_dags/example_skip_dag.py took 0.091 seconds
[2022-01-08 12:27:52,014] {processor.py:163} INFO - Started process (PID=2354) to work on /home/airflow/.local/lib/python3.7/site-packages/airflow/example_dags/example_skip_dag.py
[2022-01-08 12:27:52,015] {processor.py:625} INFO - Processing file /home/airflow/.local/lib/python3.7/site-packages/airflow/example_dags/example_skip_dag.py for tasks to queue
[2022-01-08 12:27:52,016] {logging_mixin.py:109} INFO - [2022-01-08 12:27:52,016] {dagbag.py:500} INFO - Filling up the DagBag from /home/airflow/.local/lib/python3.7/site-packages/airflow/example_dags/example_skip_dag.py
[2022-01-08 12:27:52,038] {processor.py:637} INFO - DAG(s) dict_keys(['example_skip_dag']) retrieved from /home/airflow/.local/lib/python3.7/site-packages/airflow/example_dags/example_skip_dag.py
[2022-01-08 12:27:52,048] {logging_mixin.py:109} INFO - [2022-01-08 12:27:52,048] {dag.py:2396} INFO - Sync 1 DAGs
[2022-01-08 12:27:52,064] {logging_mixin.py:109} INFO - [2022-01-08 12:27:52,064] {dag.py:2928} INFO - Setting next_dagrun for example_skip_dag to 2022-01-07T12:27:52.064035+00:00
[2022-01-08 12:27:52,073] {processor.py:171} INFO - Processing /home/airflow/.local/lib/python3.7/site-packages/airflow/example_dags/example_skip_dag.py took 0.061 seconds
[2022-01-08 12:28:22,348] {processor.py:163} INFO - Started process (PID=2414) to work on /home/airflow/.local/lib/python3.7/site-packages/airflow/example_dags/example_skip_dag.py
[2022-01-08 12:28:22,351] {processor.py:625} INFO - Processing file /home/airflow/.local/lib/python3.7/site-packages/airflow/example_dags/example_skip_dag.py for tasks to queue
[2022-01-08 12:28:22,360] {logging_mixin.py:109} INFO - [2022-01-08 12:28:22,360] {dagbag.py:500} INFO - Filling up the DagBag from /home/airflow/.local/lib/python3.7/site-packages/airflow/example_dags/example_skip_dag.py
[2022-01-08 12:28:22,437] {processor.py:637} INFO - DAG(s) dict_keys(['example_skip_dag']) retrieved from /home/airflow/.local/lib/python3.7/site-packages/airflow/example_dags/example_skip_dag.py
[2022-01-08 12:28:22,534] {logging_mixin.py:109} INFO - [2022-01-08 12:28:22,534] {dag.py:2396} INFO - Sync 1 DAGs
[2022-01-08 12:28:22,595] {logging_mixin.py:109} INFO - [2022-01-08 12:28:22,593] {dag.py:2928} INFO - Setting next_dagrun for example_skip_dag to 2022-01-07T12:28:22.591072+00:00
[2022-01-08 12:28:22,618] {processor.py:171} INFO - Processing /home/airflow/.local/lib/python3.7/site-packages/airflow/example_dags/example_skip_dag.py took 0.284 seconds
[2022-01-08 12:28:52,970] {processor.py:163} INFO - Started process (PID=2485) to work on /home/airflow/.local/lib/python3.7/site-packages/airflow/example_dags/example_skip_dag.py
[2022-01-08 12:28:52,972] {processor.py:625} INFO - Processing file /home/airflow/.local/lib/python3.7/site-packages/airflow/example_dags/example_skip_dag.py for tasks to queue
[2022-01-08 12:28:52,973] {logging_mixin.py:109} INFO - [2022-01-08 12:28:52,973] {dagbag.py:500} INFO - Filling up the DagBag from /home/airflow/.local/lib/python3.7/site-packages/airflow/example_dags/example_skip_dag.py
[2022-01-08 12:28:53,002] {processor.py:637} INFO - DAG(s) dict_keys(['example_skip_dag']) retrieved from /home/airflow/.local/lib/python3.7/site-packages/airflow/example_dags/example_skip_dag.py
[2022-01-08 12:28:53,016] {logging_mixin.py:109} INFO - [2022-01-08 12:28:53,016] {dag.py:2396} INFO - Sync 1 DAGs
[2022-01-08 12:28:53,031] {logging_mixin.py:109} INFO - [2022-01-08 12:28:53,031] {dag.py:2928} INFO - Setting next_dagrun for example_skip_dag to 2022-01-07T12:28:53.031140+00:00
[2022-01-08 12:28:53,039] {processor.py:171} INFO - Processing /home/airflow/.local/lib/python3.7/site-packages/airflow/example_dags/example_skip_dag.py took 0.073 seconds
[2022-01-08 12:29:23,604] {processor.py:163} INFO - Started process (PID=2547) to work on /home/airflow/.local/lib/python3.7/site-packages/airflow/example_dags/example_skip_dag.py
[2022-01-08 12:29:23,606] {processor.py:625} INFO - Processing file /home/airflow/.local/lib/python3.7/site-packages/airflow/example_dags/example_skip_dag.py for tasks to queue
[2022-01-08 12:29:23,607] {logging_mixin.py:109} INFO - [2022-01-08 12:29:23,607] {dagbag.py:500} INFO - Filling up the DagBag from /home/airflow/.local/lib/python3.7/site-packages/airflow/example_dags/example_skip_dag.py
[2022-01-08 12:29:23,640] {processor.py:637} INFO - DAG(s) dict_keys(['example_skip_dag']) retrieved from /home/airflow/.local/lib/python3.7/site-packages/airflow/example_dags/example_skip_dag.py
[2022-01-08 12:29:23,653] {logging_mixin.py:109} INFO - [2022-01-08 12:29:23,653] {dag.py:2396} INFO - Sync 1 DAGs
[2022-01-08 12:29:23,674] {logging_mixin.py:109} INFO - [2022-01-08 12:29:23,674] {dag.py:2928} INFO - Setting next_dagrun for example_skip_dag to 2022-01-07T12:29:23.674007+00:00
[2022-01-08 12:29:23,687] {processor.py:171} INFO - Processing /home/airflow/.local/lib/python3.7/site-packages/airflow/example_dags/example_skip_dag.py took 0.088 seconds
[2022-01-08 12:29:54,615] {processor.py:163} INFO - Started process (PID=2608) to work on /home/airflow/.local/lib/python3.7/site-packages/airflow/example_dags/example_skip_dag.py
[2022-01-08 12:29:54,624] {processor.py:625} INFO - Processing file /home/airflow/.local/lib/python3.7/site-packages/airflow/example_dags/example_skip_dag.py for tasks to queue
[2022-01-08 12:29:54,764] {logging_mixin.py:109} INFO - [2022-01-08 12:29:54,764] {dagbag.py:500} INFO - Filling up the DagBag from /home/airflow/.local/lib/python3.7/site-packages/airflow/example_dags/example_skip_dag.py
[2022-01-08 12:29:54,823] {processor.py:637} INFO - DAG(s) dict_keys(['example_skip_dag']) retrieved from /home/airflow/.local/lib/python3.7/site-packages/airflow/example_dags/example_skip_dag.py
[2022-01-08 12:29:54,852] {logging_mixin.py:109} INFO - [2022-01-08 12:29:54,852] {dag.py:2396} INFO - Sync 1 DAGs
[2022-01-08 12:29:54,881] {logging_mixin.py:109} INFO - [2022-01-08 12:29:54,881] {dag.py:2928} INFO - Setting next_dagrun for example_skip_dag to 2022-01-07T12:29:54.881068+00:00
[2022-01-08 12:29:54,900] {processor.py:171} INFO - Processing /home/airflow/.local/lib/python3.7/site-packages/airflow/example_dags/example_skip_dag.py took 0.289 seconds
[2022-01-08 12:30:24,969] {processor.py:163} INFO - Started process (PID=2679) to work on /home/airflow/.local/lib/python3.7/site-packages/airflow/example_dags/example_skip_dag.py
[2022-01-08 12:30:24,971] {processor.py:625} INFO - Processing file /home/airflow/.local/lib/python3.7/site-packages/airflow/example_dags/example_skip_dag.py for tasks to queue
[2022-01-08 12:30:24,972] {logging_mixin.py:109} INFO - [2022-01-08 12:30:24,972] {dagbag.py:500} INFO - Filling up the DagBag from /home/airflow/.local/lib/python3.7/site-packages/airflow/example_dags/example_skip_dag.py
[2022-01-08 12:30:24,994] {processor.py:637} INFO - DAG(s) dict_keys(['example_skip_dag']) retrieved from /home/airflow/.local/lib/python3.7/site-packages/airflow/example_dags/example_skip_dag.py
[2022-01-08 12:30:25,003] {logging_mixin.py:109} INFO - [2022-01-08 12:30:25,003] {dag.py:2396} INFO - Sync 1 DAGs
[2022-01-08 12:30:25,017] {logging_mixin.py:109} INFO - [2022-01-08 12:30:25,017] {dag.py:2928} INFO - Setting next_dagrun for example_skip_dag to 2022-01-07T12:30:25.017156+00:00
[2022-01-08 12:30:25,028] {processor.py:171} INFO - Processing /home/airflow/.local/lib/python3.7/site-packages/airflow/example_dags/example_skip_dag.py took 0.061 seconds
[2022-01-08 12:30:55,285] {processor.py:163} INFO - Started process (PID=2740) to work on /home/airflow/.local/lib/python3.7/site-packages/airflow/example_dags/example_skip_dag.py
[2022-01-08 12:30:55,287] {processor.py:625} INFO - Processing file /home/airflow/.local/lib/python3.7/site-packages/airflow/example_dags/example_skip_dag.py for tasks to queue
[2022-01-08 12:30:55,289] {logging_mixin.py:109} INFO - [2022-01-08 12:30:55,289] {dagbag.py:500} INFO - Filling up the DagBag from /home/airflow/.local/lib/python3.7/site-packages/airflow/example_dags/example_skip_dag.py
[2022-01-08 12:30:55,324] {processor.py:637} INFO - DAG(s) dict_keys(['example_skip_dag']) retrieved from /home/airflow/.local/lib/python3.7/site-packages/airflow/example_dags/example_skip_dag.py
[2022-01-08 12:30:55,337] {logging_mixin.py:109} INFO - [2022-01-08 12:30:55,337] {dag.py:2396} INFO - Sync 1 DAGs
[2022-01-08 12:30:55,358] {logging_mixin.py:109} INFO - [2022-01-08 12:30:55,358] {dag.py:2928} INFO - Setting next_dagrun for example_skip_dag to 2022-01-07T12:30:55.358370+00:00
[2022-01-08 12:30:55,372] {processor.py:171} INFO - Processing /home/airflow/.local/lib/python3.7/site-packages/airflow/example_dags/example_skip_dag.py took 0.092 seconds
[2022-01-08 12:31:25,961] {processor.py:163} INFO - Started process (PID=2810) to work on /home/airflow/.local/lib/python3.7/site-packages/airflow/example_dags/example_skip_dag.py
[2022-01-08 12:31:25,963] {processor.py:625} INFO - Processing file /home/airflow/.local/lib/python3.7/site-packages/airflow/example_dags/example_skip_dag.py for tasks to queue
[2022-01-08 12:31:25,964] {logging_mixin.py:109} INFO - [2022-01-08 12:31:25,964] {dagbag.py:500} INFO - Filling up the DagBag from /home/airflow/.local/lib/python3.7/site-packages/airflow/example_dags/example_skip_dag.py
[2022-01-08 12:31:25,992] {processor.py:637} INFO - DAG(s) dict_keys(['example_skip_dag']) retrieved from /home/airflow/.local/lib/python3.7/site-packages/airflow/example_dags/example_skip_dag.py
[2022-01-08 12:31:26,002] {logging_mixin.py:109} INFO - [2022-01-08 12:31:26,002] {dag.py:2396} INFO - Sync 1 DAGs
[2022-01-08 12:31:26,020] {logging_mixin.py:109} INFO - [2022-01-08 12:31:26,020] {dag.py:2928} INFO - Setting next_dagrun for example_skip_dag to 2022-01-07T12:31:26.020339+00:00
[2022-01-08 12:31:26,033] {processor.py:171} INFO - Processing /home/airflow/.local/lib/python3.7/site-packages/airflow/example_dags/example_skip_dag.py took 0.076 seconds
[2022-01-08 12:31:56,503] {processor.py:163} INFO - Started process (PID=2872) to work on /home/airflow/.local/lib/python3.7/site-packages/airflow/example_dags/example_skip_dag.py
[2022-01-08 12:31:56,504] {processor.py:625} INFO - Processing file /home/airflow/.local/lib/python3.7/site-packages/airflow/example_dags/example_skip_dag.py for tasks to queue
[2022-01-08 12:31:56,505] {logging_mixin.py:109} INFO - [2022-01-08 12:31:56,505] {dagbag.py:500} INFO - Filling up the DagBag from /home/airflow/.local/lib/python3.7/site-packages/airflow/example_dags/example_skip_dag.py
[2022-01-08 12:31:56,528] {processor.py:637} INFO - DAG(s) dict_keys(['example_skip_dag']) retrieved from /home/airflow/.local/lib/python3.7/site-packages/airflow/example_dags/example_skip_dag.py
[2022-01-08 12:31:56,541] {logging_mixin.py:109} INFO - [2022-01-08 12:31:56,541] {dag.py:2396} INFO - Sync 1 DAGs
[2022-01-08 12:31:56,560] {logging_mixin.py:109} INFO - [2022-01-08 12:31:56,559] {dag.py:2928} INFO - Setting next_dagrun for example_skip_dag to 2022-01-07T12:31:56.559700+00:00
[2022-01-08 12:31:56,570] {processor.py:171} INFO - Processing /home/airflow/.local/lib/python3.7/site-packages/airflow/example_dags/example_skip_dag.py took 0.070 seconds
[2022-01-08 12:32:27,036] {processor.py:163} INFO - Started process (PID=2934) to work on /home/airflow/.local/lib/python3.7/site-packages/airflow/example_dags/example_skip_dag.py
[2022-01-08 12:32:27,037] {processor.py:625} INFO - Processing file /home/airflow/.local/lib/python3.7/site-packages/airflow/example_dags/example_skip_dag.py for tasks to queue
[2022-01-08 12:32:27,038] {logging_mixin.py:109} INFO - [2022-01-08 12:32:27,038] {dagbag.py:500} INFO - Filling up the DagBag from /home/airflow/.local/lib/python3.7/site-packages/airflow/example_dags/example_skip_dag.py
[2022-01-08 12:32:27,059] {processor.py:637} INFO - DAG(s) dict_keys(['example_skip_dag']) retrieved from /home/airflow/.local/lib/python3.7/site-packages/airflow/example_dags/example_skip_dag.py
[2022-01-08 12:32:27,068] {logging_mixin.py:109} INFO - [2022-01-08 12:32:27,068] {dag.py:2396} INFO - Sync 1 DAGs
[2022-01-08 12:32:27,081] {logging_mixin.py:109} INFO - [2022-01-08 12:32:27,081] {dag.py:2928} INFO - Setting next_dagrun for example_skip_dag to 2022-01-07T12:32:27.081224+00:00
[2022-01-08 12:32:27,092] {processor.py:171} INFO - Processing /home/airflow/.local/lib/python3.7/site-packages/airflow/example_dags/example_skip_dag.py took 0.059 seconds
[2022-01-08 12:32:57,488] {processor.py:163} INFO - Started process (PID=3003) to work on /home/airflow/.local/lib/python3.7/site-packages/airflow/example_dags/example_skip_dag.py
[2022-01-08 12:32:57,489] {processor.py:625} INFO - Processing file /home/airflow/.local/lib/python3.7/site-packages/airflow/example_dags/example_skip_dag.py for tasks to queue
[2022-01-08 12:32:57,490] {logging_mixin.py:109} INFO - [2022-01-08 12:32:57,490] {dagbag.py:500} INFO - Filling up the DagBag from /home/airflow/.local/lib/python3.7/site-packages/airflow/example_dags/example_skip_dag.py
[2022-01-08 12:32:57,510] {processor.py:637} INFO - DAG(s) dict_keys(['example_skip_dag']) retrieved from /home/airflow/.local/lib/python3.7/site-packages/airflow/example_dags/example_skip_dag.py
[2022-01-08 12:32:57,520] {logging_mixin.py:109} INFO - [2022-01-08 12:32:57,520] {dag.py:2396} INFO - Sync 1 DAGs
[2022-01-08 12:32:57,534] {logging_mixin.py:109} INFO - [2022-01-08 12:32:57,534] {dag.py:2928} INFO - Setting next_dagrun for example_skip_dag to 2022-01-07T12:32:57.533999+00:00
[2022-01-08 12:32:57,543] {processor.py:171} INFO - Processing /home/airflow/.local/lib/python3.7/site-packages/airflow/example_dags/example_skip_dag.py took 0.058 seconds
[2022-01-08 12:33:27,711] {processor.py:163} INFO - Started process (PID=3064) to work on /home/airflow/.local/lib/python3.7/site-packages/airflow/example_dags/example_skip_dag.py
[2022-01-08 12:33:27,713] {processor.py:625} INFO - Processing file /home/airflow/.local/lib/python3.7/site-packages/airflow/example_dags/example_skip_dag.py for tasks to queue
[2022-01-08 12:33:27,714] {logging_mixin.py:109} INFO - [2022-01-08 12:33:27,714] {dagbag.py:500} INFO - Filling up the DagBag from /home/airflow/.local/lib/python3.7/site-packages/airflow/example_dags/example_skip_dag.py
[2022-01-08 12:33:27,735] {processor.py:637} INFO - DAG(s) dict_keys(['example_skip_dag']) retrieved from /home/airflow/.local/lib/python3.7/site-packages/airflow/example_dags/example_skip_dag.py
[2022-01-08 12:33:27,748] {logging_mixin.py:109} INFO - [2022-01-08 12:33:27,748] {dag.py:2396} INFO - Sync 1 DAGs
[2022-01-08 12:33:27,764] {logging_mixin.py:109} INFO - [2022-01-08 12:33:27,764] {dag.py:2928} INFO - Setting next_dagrun for example_skip_dag to 2022-01-07T12:33:27.764566+00:00
[2022-01-08 12:33:27,775] {processor.py:171} INFO - Processing /home/airflow/.local/lib/python3.7/site-packages/airflow/example_dags/example_skip_dag.py took 0.069 seconds
[2022-01-08 12:33:58,500] {processor.py:163} INFO - Started process (PID=3136) to work on /home/airflow/.local/lib/python3.7/site-packages/airflow/example_dags/example_skip_dag.py
[2022-01-08 12:33:58,501] {processor.py:625} INFO - Processing file /home/airflow/.local/lib/python3.7/site-packages/airflow/example_dags/example_skip_dag.py for tasks to queue
[2022-01-08 12:33:58,501] {logging_mixin.py:109} INFO - [2022-01-08 12:33:58,501] {dagbag.py:500} INFO - Filling up the DagBag from /home/airflow/.local/lib/python3.7/site-packages/airflow/example_dags/example_skip_dag.py
[2022-01-08 12:33:58,522] {processor.py:637} INFO - DAG(s) dict_keys(['example_skip_dag']) retrieved from /home/airflow/.local/lib/python3.7/site-packages/airflow/example_dags/example_skip_dag.py
[2022-01-08 12:33:58,534] {logging_mixin.py:109} INFO - [2022-01-08 12:33:58,533] {dag.py:2396} INFO - Sync 1 DAGs
[2022-01-08 12:33:58,547] {logging_mixin.py:109} INFO - [2022-01-08 12:33:58,547] {dag.py:2928} INFO - Setting next_dagrun for example_skip_dag to 2022-01-07T12:33:58.547030+00:00
[2022-01-08 12:33:58,557] {processor.py:171} INFO - Processing /home/airflow/.local/lib/python3.7/site-packages/airflow/example_dags/example_skip_dag.py took 0.060 seconds
[2022-01-08 12:34:28,892] {processor.py:163} INFO - Started process (PID=3197) to work on /home/airflow/.local/lib/python3.7/site-packages/airflow/example_dags/example_skip_dag.py
[2022-01-08 12:34:28,893] {processor.py:625} INFO - Processing file /home/airflow/.local/lib/python3.7/site-packages/airflow/example_dags/example_skip_dag.py for tasks to queue
[2022-01-08 12:34:28,894] {logging_mixin.py:109} INFO - [2022-01-08 12:34:28,894] {dagbag.py:500} INFO - Filling up the DagBag from /home/airflow/.local/lib/python3.7/site-packages/airflow/example_dags/example_skip_dag.py
[2022-01-08 12:34:28,914] {processor.py:637} INFO - DAG(s) dict_keys(['example_skip_dag']) retrieved from /home/airflow/.local/lib/python3.7/site-packages/airflow/example_dags/example_skip_dag.py
[2022-01-08 12:34:28,923] {logging_mixin.py:109} INFO - [2022-01-08 12:34:28,923] {dag.py:2396} INFO - Sync 1 DAGs
[2022-01-08 12:34:28,936] {logging_mixin.py:109} INFO - [2022-01-08 12:34:28,936] {dag.py:2928} INFO - Setting next_dagrun for example_skip_dag to 2022-01-07T12:34:28.936003+00:00
[2022-01-08 12:34:28,946] {processor.py:171} INFO - Processing /home/airflow/.local/lib/python3.7/site-packages/airflow/example_dags/example_skip_dag.py took 0.057 seconds
[2022-01-08 12:34:59,609] {processor.py:163} INFO - Started process (PID=3268) to work on /home/airflow/.local/lib/python3.7/site-packages/airflow/example_dags/example_skip_dag.py
[2022-01-08 12:34:59,612] {processor.py:625} INFO - Processing file /home/airflow/.local/lib/python3.7/site-packages/airflow/example_dags/example_skip_dag.py for tasks to queue
[2022-01-08 12:34:59,613] {logging_mixin.py:109} INFO - [2022-01-08 12:34:59,613] {dagbag.py:500} INFO - Filling up the DagBag from /home/airflow/.local/lib/python3.7/site-packages/airflow/example_dags/example_skip_dag.py
[2022-01-08 12:34:59,647] {processor.py:637} INFO - DAG(s) dict_keys(['example_skip_dag']) retrieved from /home/airflow/.local/lib/python3.7/site-packages/airflow/example_dags/example_skip_dag.py
[2022-01-08 12:34:59,663] {logging_mixin.py:109} INFO - [2022-01-08 12:34:59,663] {dag.py:2396} INFO - Sync 1 DAGs
[2022-01-08 12:34:59,689] {logging_mixin.py:109} INFO - [2022-01-08 12:34:59,688] {dag.py:2928} INFO - Setting next_dagrun for example_skip_dag to 2022-01-07T12:34:59.687776+00:00
[2022-01-08 12:34:59,707] {processor.py:171} INFO - Processing /home/airflow/.local/lib/python3.7/site-packages/airflow/example_dags/example_skip_dag.py took 0.101 seconds
[2022-01-08 12:35:29,760] {processor.py:163} INFO - Started process (PID=3330) to work on /home/airflow/.local/lib/python3.7/site-packages/airflow/example_dags/example_skip_dag.py
[2022-01-08 12:35:29,762] {processor.py:625} INFO - Processing file /home/airflow/.local/lib/python3.7/site-packages/airflow/example_dags/example_skip_dag.py for tasks to queue
[2022-01-08 12:35:29,763] {logging_mixin.py:109} INFO - [2022-01-08 12:35:29,763] {dagbag.py:500} INFO - Filling up the DagBag from /home/airflow/.local/lib/python3.7/site-packages/airflow/example_dags/example_skip_dag.py
[2022-01-08 12:35:29,790] {processor.py:637} INFO - DAG(s) dict_keys(['example_skip_dag']) retrieved from /home/airflow/.local/lib/python3.7/site-packages/airflow/example_dags/example_skip_dag.py
[2022-01-08 12:35:29,807] {logging_mixin.py:109} INFO - [2022-01-08 12:35:29,807] {dag.py:2396} INFO - Sync 1 DAGs
[2022-01-08 12:35:29,826] {logging_mixin.py:109} INFO - [2022-01-08 12:35:29,826] {dag.py:2928} INFO - Setting next_dagrun for example_skip_dag to 2022-01-07T12:35:29.826199+00:00
[2022-01-08 12:35:29,837] {processor.py:171} INFO - Processing /home/airflow/.local/lib/python3.7/site-packages/airflow/example_dags/example_skip_dag.py took 0.082 seconds
[2022-01-08 12:36:00,199] {processor.py:163} INFO - Started process (PID=3401) to work on /home/airflow/.local/lib/python3.7/site-packages/airflow/example_dags/example_skip_dag.py
[2022-01-08 12:36:00,200] {processor.py:625} INFO - Processing file /home/airflow/.local/lib/python3.7/site-packages/airflow/example_dags/example_skip_dag.py for tasks to queue
[2022-01-08 12:36:00,201] {logging_mixin.py:109} INFO - [2022-01-08 12:36:00,201] {dagbag.py:500} INFO - Filling up the DagBag from /home/airflow/.local/lib/python3.7/site-packages/airflow/example_dags/example_skip_dag.py
[2022-01-08 12:36:00,221] {processor.py:637} INFO - DAG(s) dict_keys(['example_skip_dag']) retrieved from /home/airflow/.local/lib/python3.7/site-packages/airflow/example_dags/example_skip_dag.py
[2022-01-08 12:36:00,231] {logging_mixin.py:109} INFO - [2022-01-08 12:36:00,231] {dag.py:2396} INFO - Sync 1 DAGs
[2022-01-08 12:36:00,244] {logging_mixin.py:109} INFO - [2022-01-08 12:36:00,244] {dag.py:2928} INFO - Setting next_dagrun for example_skip_dag to 2022-01-07T12:36:00.244563+00:00
[2022-01-08 12:36:00,254] {processor.py:171} INFO - Processing /home/airflow/.local/lib/python3.7/site-packages/airflow/example_dags/example_skip_dag.py took 0.058 seconds
[2022-01-08 12:36:31,103] {processor.py:163} INFO - Started process (PID=3461) to work on /home/airflow/.local/lib/python3.7/site-packages/airflow/example_dags/example_skip_dag.py
[2022-01-08 12:36:31,105] {processor.py:625} INFO - Processing file /home/airflow/.local/lib/python3.7/site-packages/airflow/example_dags/example_skip_dag.py for tasks to queue
[2022-01-08 12:36:31,106] {logging_mixin.py:109} INFO - [2022-01-08 12:36:31,106] {dagbag.py:500} INFO - Filling up the DagBag from /home/airflow/.local/lib/python3.7/site-packages/airflow/example_dags/example_skip_dag.py
[2022-01-08 12:36:31,135] {processor.py:637} INFO - DAG(s) dict_keys(['example_skip_dag']) retrieved from /home/airflow/.local/lib/python3.7/site-packages/airflow/example_dags/example_skip_dag.py
[2022-01-08 12:36:31,150] {logging_mixin.py:109} INFO - [2022-01-08 12:36:31,150] {dag.py:2396} INFO - Sync 1 DAGs
[2022-01-08 12:36:31,175] {logging_mixin.py:109} INFO - [2022-01-08 12:36:31,174] {dag.py:2928} INFO - Setting next_dagrun for example_skip_dag to 2022-01-07T12:36:31.174582+00:00
[2022-01-08 12:36:31,188] {processor.py:171} INFO - Processing /home/airflow/.local/lib/python3.7/site-packages/airflow/example_dags/example_skip_dag.py took 0.087 seconds
[2022-01-08 12:37:01,595] {processor.py:163} INFO - Started process (PID=3523) to work on /home/airflow/.local/lib/python3.7/site-packages/airflow/example_dags/example_skip_dag.py
[2022-01-08 12:37:01,597] {processor.py:625} INFO - Processing file /home/airflow/.local/lib/python3.7/site-packages/airflow/example_dags/example_skip_dag.py for tasks to queue
[2022-01-08 12:37:01,599] {logging_mixin.py:109} INFO - [2022-01-08 12:37:01,598] {dagbag.py:500} INFO - Filling up the DagBag from /home/airflow/.local/lib/python3.7/site-packages/airflow/example_dags/example_skip_dag.py
[2022-01-08 12:37:01,633] {processor.py:637} INFO - DAG(s) dict_keys(['example_skip_dag']) retrieved from /home/airflow/.local/lib/python3.7/site-packages/airflow/example_dags/example_skip_dag.py
[2022-01-08 12:37:01,648] {logging_mixin.py:109} INFO - [2022-01-08 12:37:01,648] {dag.py:2396} INFO - Sync 1 DAGs
[2022-01-08 12:37:01,671] {logging_mixin.py:109} INFO - [2022-01-08 12:37:01,671] {dag.py:2928} INFO - Setting next_dagrun for example_skip_dag to 2022-01-07T12:37:01.671019+00:00
[2022-01-08 12:37:01,689] {processor.py:171} INFO - Processing /home/airflow/.local/lib/python3.7/site-packages/airflow/example_dags/example_skip_dag.py took 0.098 seconds
[2022-01-08 12:37:33,270] {processor.py:163} INFO - Started process (PID=3593) to work on /home/airflow/.local/lib/python3.7/site-packages/airflow/example_dags/example_skip_dag.py
[2022-01-08 12:37:33,272] {processor.py:625} INFO - Processing file /home/airflow/.local/lib/python3.7/site-packages/airflow/example_dags/example_skip_dag.py for tasks to queue
[2022-01-08 12:37:33,273] {logging_mixin.py:109} INFO - [2022-01-08 12:37:33,273] {dagbag.py:500} INFO - Filling up the DagBag from /home/airflow/.local/lib/python3.7/site-packages/airflow/example_dags/example_skip_dag.py
[2022-01-08 12:37:33,293] {processor.py:637} INFO - DAG(s) dict_keys(['example_skip_dag']) retrieved from /home/airflow/.local/lib/python3.7/site-packages/airflow/example_dags/example_skip_dag.py
[2022-01-08 12:37:33,302] {logging_mixin.py:109} INFO - [2022-01-08 12:37:33,302] {dag.py:2396} INFO - Sync 1 DAGs
[2022-01-08 12:37:33,315] {logging_mixin.py:109} INFO - [2022-01-08 12:37:33,315] {dag.py:2928} INFO - Setting next_dagrun for example_skip_dag to 2022-01-07T12:37:33.315705+00:00
[2022-01-08 12:37:33,333] {processor.py:171} INFO - Processing /home/airflow/.local/lib/python3.7/site-packages/airflow/example_dags/example_skip_dag.py took 0.065 seconds
[2022-01-08 12:38:04,019] {processor.py:163} INFO - Started process (PID=3655) to work on /home/airflow/.local/lib/python3.7/site-packages/airflow/example_dags/example_skip_dag.py
[2022-01-08 12:38:04,020] {processor.py:625} INFO - Processing file /home/airflow/.local/lib/python3.7/site-packages/airflow/example_dags/example_skip_dag.py for tasks to queue
[2022-01-08 12:38:04,021] {logging_mixin.py:109} INFO - [2022-01-08 12:38:04,021] {dagbag.py:500} INFO - Filling up the DagBag from /home/airflow/.local/lib/python3.7/site-packages/airflow/example_dags/example_skip_dag.py
[2022-01-08 12:38:04,157] {processor.py:637} INFO - DAG(s) dict_keys(['example_skip_dag']) retrieved from /home/airflow/.local/lib/python3.7/site-packages/airflow/example_dags/example_skip_dag.py
[2022-01-08 12:38:04,182] {logging_mixin.py:109} INFO - [2022-01-08 12:38:04,182] {dag.py:2396} INFO - Sync 1 DAGs
[2022-01-08 12:38:04,214] {logging_mixin.py:109} INFO - [2022-01-08 12:38:04,214] {dag.py:2928} INFO - Setting next_dagrun for example_skip_dag to 2022-01-07T12:38:04.213874+00:00
[2022-01-08 12:38:04,231] {processor.py:171} INFO - Processing /home/airflow/.local/lib/python3.7/site-packages/airflow/example_dags/example_skip_dag.py took 0.218 seconds
[2022-01-08 12:38:35,186] {processor.py:163} INFO - Started process (PID=3726) to work on /home/airflow/.local/lib/python3.7/site-packages/airflow/example_dags/example_skip_dag.py
[2022-01-08 12:38:35,188] {processor.py:625} INFO - Processing file /home/airflow/.local/lib/python3.7/site-packages/airflow/example_dags/example_skip_dag.py for tasks to queue
[2022-01-08 12:38:35,189] {logging_mixin.py:109} INFO - [2022-01-08 12:38:35,189] {dagbag.py:500} INFO - Filling up the DagBag from /home/airflow/.local/lib/python3.7/site-packages/airflow/example_dags/example_skip_dag.py
[2022-01-08 12:38:35,212] {processor.py:637} INFO - DAG(s) dict_keys(['example_skip_dag']) retrieved from /home/airflow/.local/lib/python3.7/site-packages/airflow/example_dags/example_skip_dag.py
[2022-01-08 12:38:35,225] {logging_mixin.py:109} INFO - [2022-01-08 12:38:35,225] {dag.py:2396} INFO - Sync 1 DAGs
[2022-01-08 12:38:35,241] {logging_mixin.py:109} INFO - [2022-01-08 12:38:35,241] {dag.py:2928} INFO - Setting next_dagrun for example_skip_dag to 2022-01-07T12:38:35.240626+00:00
[2022-01-08 12:38:35,251] {processor.py:171} INFO - Processing /home/airflow/.local/lib/python3.7/site-packages/airflow/example_dags/example_skip_dag.py took 0.069 seconds
[2022-01-08 12:39:05,399] {processor.py:163} INFO - Started process (PID=3787) to work on /home/airflow/.local/lib/python3.7/site-packages/airflow/example_dags/example_skip_dag.py
[2022-01-08 12:39:05,400] {processor.py:625} INFO - Processing file /home/airflow/.local/lib/python3.7/site-packages/airflow/example_dags/example_skip_dag.py for tasks to queue
[2022-01-08 12:39:05,401] {logging_mixin.py:109} INFO - [2022-01-08 12:39:05,401] {dagbag.py:500} INFO - Filling up the DagBag from /home/airflow/.local/lib/python3.7/site-packages/airflow/example_dags/example_skip_dag.py
[2022-01-08 12:39:05,420] {processor.py:637} INFO - DAG(s) dict_keys(['example_skip_dag']) retrieved from /home/airflow/.local/lib/python3.7/site-packages/airflow/example_dags/example_skip_dag.py
[2022-01-08 12:39:05,429] {logging_mixin.py:109} INFO - [2022-01-08 12:39:05,429] {dag.py:2396} INFO - Sync 1 DAGs
[2022-01-08 12:39:05,442] {logging_mixin.py:109} INFO - [2022-01-08 12:39:05,442] {dag.py:2928} INFO - Setting next_dagrun for example_skip_dag to 2022-01-07T12:39:05.441906+00:00
[2022-01-08 12:39:05,451] {processor.py:171} INFO - Processing /home/airflow/.local/lib/python3.7/site-packages/airflow/example_dags/example_skip_dag.py took 0.055 seconds
[2022-01-08 12:39:35,536] {processor.py:163} INFO - Started process (PID=3849) to work on /home/airflow/.local/lib/python3.7/site-packages/airflow/example_dags/example_skip_dag.py
[2022-01-08 12:39:35,537] {processor.py:625} INFO - Processing file /home/airflow/.local/lib/python3.7/site-packages/airflow/example_dags/example_skip_dag.py for tasks to queue
[2022-01-08 12:39:35,538] {logging_mixin.py:109} INFO - [2022-01-08 12:39:35,538] {dagbag.py:500} INFO - Filling up the DagBag from /home/airflow/.local/lib/python3.7/site-packages/airflow/example_dags/example_skip_dag.py
[2022-01-08 12:39:35,559] {processor.py:637} INFO - DAG(s) dict_keys(['example_skip_dag']) retrieved from /home/airflow/.local/lib/python3.7/site-packages/airflow/example_dags/example_skip_dag.py
[2022-01-08 12:39:35,568] {logging_mixin.py:109} INFO - [2022-01-08 12:39:35,568] {dag.py:2396} INFO - Sync 1 DAGs
[2022-01-08 12:39:35,581] {logging_mixin.py:109} INFO - [2022-01-08 12:39:35,581] {dag.py:2928} INFO - Setting next_dagrun for example_skip_dag to 2022-01-07T12:39:35.581276+00:00
[2022-01-08 12:39:35,591] {processor.py:171} INFO - Processing /home/airflow/.local/lib/python3.7/site-packages/airflow/example_dags/example_skip_dag.py took 0.057 seconds
[2022-01-08 12:40:05,742] {processor.py:163} INFO - Started process (PID=3921) to work on /home/airflow/.local/lib/python3.7/site-packages/airflow/example_dags/example_skip_dag.py
[2022-01-08 12:40:05,743] {processor.py:625} INFO - Processing file /home/airflow/.local/lib/python3.7/site-packages/airflow/example_dags/example_skip_dag.py for tasks to queue
[2022-01-08 12:40:05,744] {logging_mixin.py:109} INFO - [2022-01-08 12:40:05,744] {dagbag.py:500} INFO - Filling up the DagBag from /home/airflow/.local/lib/python3.7/site-packages/airflow/example_dags/example_skip_dag.py
[2022-01-08 12:40:05,766] {processor.py:637} INFO - DAG(s) dict_keys(['example_skip_dag']) retrieved from /home/airflow/.local/lib/python3.7/site-packages/airflow/example_dags/example_skip_dag.py
[2022-01-08 12:40:05,775] {logging_mixin.py:109} INFO - [2022-01-08 12:40:05,775] {dag.py:2396} INFO - Sync 1 DAGs
[2022-01-08 12:40:05,788] {logging_mixin.py:109} INFO - [2022-01-08 12:40:05,788] {dag.py:2928} INFO - Setting next_dagrun for example_skip_dag to 2022-01-07T12:40:05.788019+00:00
[2022-01-08 12:40:05,797] {processor.py:171} INFO - Processing /home/airflow/.local/lib/python3.7/site-packages/airflow/example_dags/example_skip_dag.py took 0.057 seconds
