[2022-01-08 12:09:56,841] {processor.py:163} INFO - Started process (PID=89) to work on /home/airflow/.local/lib/python3.7/site-packages/airflow/example_dags/example_xcomargs.py
[2022-01-08 12:09:56,843] {processor.py:625} INFO - Processing file /home/airflow/.local/lib/python3.7/site-packages/airflow/example_dags/example_xcomargs.py for tasks to queue
[2022-01-08 12:09:56,843] {logging_mixin.py:109} INFO - [2022-01-08 12:09:56,843] {dagbag.py:500} INFO - Filling up the DagBag from /home/airflow/.local/lib/python3.7/site-packages/airflow/example_dags/example_xcomargs.py
[2022-01-08 12:09:56,880] {processor.py:637} INFO - DAG(s) dict_keys(['example_xcom_args', 'example_xcom_args_with_operators']) retrieved from /home/airflow/.local/lib/python3.7/site-packages/airflow/example_dags/example_xcomargs.py
[2022-01-08 12:09:57,313] {logging_mixin.py:109} INFO - [2022-01-08 12:09:57,313] {dag.py:2396} INFO - Sync 2 DAGs
[2022-01-08 12:09:57,334] {logging_mixin.py:109} INFO - [2022-01-08 12:09:57,334] {dag.py:2928} INFO - Setting next_dagrun for example_xcom_args to None
[2022-01-08 12:09:57,335] {logging_mixin.py:109} INFO - [2022-01-08 12:09:57,335] {dag.py:2928} INFO - Setting next_dagrun for example_xcom_args_with_operators to None
[2022-01-08 12:09:57,349] {processor.py:171} INFO - Processing /home/airflow/.local/lib/python3.7/site-packages/airflow/example_dags/example_xcomargs.py took 0.511 seconds
[2022-01-08 12:10:27,832] {processor.py:163} INFO - Started process (PID=172) to work on /home/airflow/.local/lib/python3.7/site-packages/airflow/example_dags/example_xcomargs.py
[2022-01-08 12:10:27,834] {processor.py:625} INFO - Processing file /home/airflow/.local/lib/python3.7/site-packages/airflow/example_dags/example_xcomargs.py for tasks to queue
[2022-01-08 12:10:27,835] {logging_mixin.py:109} INFO - [2022-01-08 12:10:27,834] {dagbag.py:500} INFO - Filling up the DagBag from /home/airflow/.local/lib/python3.7/site-packages/airflow/example_dags/example_xcomargs.py
[2022-01-08 12:10:27,874] {processor.py:637} INFO - DAG(s) dict_keys(['example_xcom_args', 'example_xcom_args_with_operators']) retrieved from /home/airflow/.local/lib/python3.7/site-packages/airflow/example_dags/example_xcomargs.py
[2022-01-08 12:10:28,182] {logging_mixin.py:109} INFO - [2022-01-08 12:10:28,182] {dag.py:2396} INFO - Sync 2 DAGs
[2022-01-08 12:10:28,196] {logging_mixin.py:109} INFO - [2022-01-08 12:10:28,195] {dag.py:2928} INFO - Setting next_dagrun for example_xcom_args to None
[2022-01-08 12:10:28,196] {logging_mixin.py:109} INFO - [2022-01-08 12:10:28,196] {dag.py:2928} INFO - Setting next_dagrun for example_xcom_args_with_operators to None
[2022-01-08 12:10:28,206] {processor.py:171} INFO - Processing /home/airflow/.local/lib/python3.7/site-packages/airflow/example_dags/example_xcomargs.py took 0.378 seconds
[2022-01-08 12:10:58,762] {processor.py:163} INFO - Started process (PID=245) to work on /home/airflow/.local/lib/python3.7/site-packages/airflow/example_dags/example_xcomargs.py
[2022-01-08 12:10:58,764] {processor.py:625} INFO - Processing file /home/airflow/.local/lib/python3.7/site-packages/airflow/example_dags/example_xcomargs.py for tasks to queue
[2022-01-08 12:10:58,764] {logging_mixin.py:109} INFO - [2022-01-08 12:10:58,764] {dagbag.py:500} INFO - Filling up the DagBag from /home/airflow/.local/lib/python3.7/site-packages/airflow/example_dags/example_xcomargs.py
[2022-01-08 12:10:58,797] {processor.py:637} INFO - DAG(s) dict_keys(['example_xcom_args', 'example_xcom_args_with_operators']) retrieved from /home/airflow/.local/lib/python3.7/site-packages/airflow/example_dags/example_xcomargs.py
[2022-01-08 12:10:59,099] {logging_mixin.py:109} INFO - [2022-01-08 12:10:59,098] {dag.py:2396} INFO - Sync 2 DAGs
[2022-01-08 12:10:59,111] {logging_mixin.py:109} INFO - [2022-01-08 12:10:59,111] {dag.py:2928} INFO - Setting next_dagrun for example_xcom_args to None
[2022-01-08 12:10:59,112] {logging_mixin.py:109} INFO - [2022-01-08 12:10:59,112] {dag.py:2928} INFO - Setting next_dagrun for example_xcom_args_with_operators to None
[2022-01-08 12:10:59,134] {processor.py:171} INFO - Processing /home/airflow/.local/lib/python3.7/site-packages/airflow/example_dags/example_xcomargs.py took 0.375 seconds
[2022-01-08 12:11:31,031] {processor.py:163} INFO - Started process (PID=306) to work on /home/airflow/.local/lib/python3.7/site-packages/airflow/example_dags/example_xcomargs.py
[2022-01-08 12:11:31,033] {processor.py:625} INFO - Processing file /home/airflow/.local/lib/python3.7/site-packages/airflow/example_dags/example_xcomargs.py for tasks to queue
[2022-01-08 12:11:31,035] {logging_mixin.py:109} INFO - [2022-01-08 12:11:31,034] {dagbag.py:500} INFO - Filling up the DagBag from /home/airflow/.local/lib/python3.7/site-packages/airflow/example_dags/example_xcomargs.py
[2022-01-08 12:11:31,072] {processor.py:637} INFO - DAG(s) dict_keys(['example_xcom_args', 'example_xcom_args_with_operators']) retrieved from /home/airflow/.local/lib/python3.7/site-packages/airflow/example_dags/example_xcomargs.py
[2022-01-08 12:11:31,413] {logging_mixin.py:109} INFO - [2022-01-08 12:11:31,413] {dag.py:2396} INFO - Sync 2 DAGs
[2022-01-08 12:11:31,426] {logging_mixin.py:109} INFO - [2022-01-08 12:11:31,426] {dag.py:2928} INFO - Setting next_dagrun for example_xcom_args to None
[2022-01-08 12:11:31,427] {logging_mixin.py:109} INFO - [2022-01-08 12:11:31,427] {dag.py:2928} INFO - Setting next_dagrun for example_xcom_args_with_operators to None
[2022-01-08 12:11:31,442] {processor.py:171} INFO - Processing /home/airflow/.local/lib/python3.7/site-packages/airflow/example_dags/example_xcomargs.py took 0.414 seconds
[2022-01-08 12:12:01,734] {processor.py:163} INFO - Started process (PID=377) to work on /home/airflow/.local/lib/python3.7/site-packages/airflow/example_dags/example_xcomargs.py
[2022-01-08 12:12:01,736] {processor.py:625} INFO - Processing file /home/airflow/.local/lib/python3.7/site-packages/airflow/example_dags/example_xcomargs.py for tasks to queue
[2022-01-08 12:12:01,737] {logging_mixin.py:109} INFO - [2022-01-08 12:12:01,736] {dagbag.py:500} INFO - Filling up the DagBag from /home/airflow/.local/lib/python3.7/site-packages/airflow/example_dags/example_xcomargs.py
[2022-01-08 12:12:01,781] {processor.py:637} INFO - DAG(s) dict_keys(['example_xcom_args', 'example_xcom_args_with_operators']) retrieved from /home/airflow/.local/lib/python3.7/site-packages/airflow/example_dags/example_xcomargs.py
[2022-01-08 12:12:02,225] {logging_mixin.py:109} INFO - [2022-01-08 12:12:02,225] {dag.py:2396} INFO - Sync 2 DAGs
[2022-01-08 12:12:02,242] {logging_mixin.py:109} INFO - [2022-01-08 12:12:02,242] {dag.py:2928} INFO - Setting next_dagrun for example_xcom_args to None
[2022-01-08 12:12:02,243] {logging_mixin.py:109} INFO - [2022-01-08 12:12:02,243] {dag.py:2928} INFO - Setting next_dagrun for example_xcom_args_with_operators to None
[2022-01-08 12:12:02,257] {processor.py:171} INFO - Processing /home/airflow/.local/lib/python3.7/site-packages/airflow/example_dags/example_xcomargs.py took 0.528 seconds
[2022-01-08 12:12:32,804] {processor.py:163} INFO - Started process (PID=439) to work on /home/airflow/.local/lib/python3.7/site-packages/airflow/example_dags/example_xcomargs.py
[2022-01-08 12:12:32,806] {processor.py:625} INFO - Processing file /home/airflow/.local/lib/python3.7/site-packages/airflow/example_dags/example_xcomargs.py for tasks to queue
[2022-01-08 12:12:32,807] {logging_mixin.py:109} INFO - [2022-01-08 12:12:32,807] {dagbag.py:500} INFO - Filling up the DagBag from /home/airflow/.local/lib/python3.7/site-packages/airflow/example_dags/example_xcomargs.py
[2022-01-08 12:12:32,860] {processor.py:637} INFO - DAG(s) dict_keys(['example_xcom_args', 'example_xcom_args_with_operators']) retrieved from /home/airflow/.local/lib/python3.7/site-packages/airflow/example_dags/example_xcomargs.py
[2022-01-08 12:12:33,419] {logging_mixin.py:109} INFO - [2022-01-08 12:12:33,418] {dag.py:2396} INFO - Sync 2 DAGs
[2022-01-08 12:12:33,444] {logging_mixin.py:109} INFO - [2022-01-08 12:12:33,443] {dag.py:2928} INFO - Setting next_dagrun for example_xcom_args to None
[2022-01-08 12:12:33,445] {logging_mixin.py:109} INFO - [2022-01-08 12:12:33,445] {dag.py:2928} INFO - Setting next_dagrun for example_xcom_args_with_operators to None
[2022-01-08 12:12:33,470] {processor.py:171} INFO - Processing /home/airflow/.local/lib/python3.7/site-packages/airflow/example_dags/example_xcomargs.py took 0.672 seconds
[2022-01-08 12:13:03,685] {processor.py:163} INFO - Started process (PID=501) to work on /home/airflow/.local/lib/python3.7/site-packages/airflow/example_dags/example_xcomargs.py
[2022-01-08 12:13:03,686] {processor.py:625} INFO - Processing file /home/airflow/.local/lib/python3.7/site-packages/airflow/example_dags/example_xcomargs.py for tasks to queue
[2022-01-08 12:13:03,687] {logging_mixin.py:109} INFO - [2022-01-08 12:13:03,687] {dagbag.py:500} INFO - Filling up the DagBag from /home/airflow/.local/lib/python3.7/site-packages/airflow/example_dags/example_xcomargs.py
[2022-01-08 12:13:03,713] {processor.py:637} INFO - DAG(s) dict_keys(['example_xcom_args', 'example_xcom_args_with_operators']) retrieved from /home/airflow/.local/lib/python3.7/site-packages/airflow/example_dags/example_xcomargs.py
[2022-01-08 12:13:04,022] {logging_mixin.py:109} INFO - [2022-01-08 12:13:04,022] {dag.py:2396} INFO - Sync 2 DAGs
[2022-01-08 12:13:04,036] {logging_mixin.py:109} INFO - [2022-01-08 12:13:04,036] {dag.py:2928} INFO - Setting next_dagrun for example_xcom_args to None
[2022-01-08 12:13:04,037] {logging_mixin.py:109} INFO - [2022-01-08 12:13:04,037] {dag.py:2928} INFO - Setting next_dagrun for example_xcom_args_with_operators to None
[2022-01-08 12:13:04,051] {processor.py:171} INFO - Processing /home/airflow/.local/lib/python3.7/site-packages/airflow/example_dags/example_xcomargs.py took 0.368 seconds
[2022-01-08 12:13:36,340] {processor.py:163} INFO - Started process (PID=573) to work on /home/airflow/.local/lib/python3.7/site-packages/airflow/example_dags/example_xcomargs.py
[2022-01-08 12:13:36,342] {processor.py:625} INFO - Processing file /home/airflow/.local/lib/python3.7/site-packages/airflow/example_dags/example_xcomargs.py for tasks to queue
[2022-01-08 12:13:36,344] {logging_mixin.py:109} INFO - [2022-01-08 12:13:36,343] {dagbag.py:500} INFO - Filling up the DagBag from /home/airflow/.local/lib/python3.7/site-packages/airflow/example_dags/example_xcomargs.py
[2022-01-08 12:13:36,386] {processor.py:637} INFO - DAG(s) dict_keys(['example_xcom_args', 'example_xcom_args_with_operators']) retrieved from /home/airflow/.local/lib/python3.7/site-packages/airflow/example_dags/example_xcomargs.py
[2022-01-08 12:13:36,680] {logging_mixin.py:109} INFO - [2022-01-08 12:13:36,680] {dag.py:2396} INFO - Sync 2 DAGs
[2022-01-08 12:13:36,693] {logging_mixin.py:109} INFO - [2022-01-08 12:13:36,693] {dag.py:2928} INFO - Setting next_dagrun for example_xcom_args to None
[2022-01-08 12:13:36,694] {logging_mixin.py:109} INFO - [2022-01-08 12:13:36,694] {dag.py:2928} INFO - Setting next_dagrun for example_xcom_args_with_operators to None
[2022-01-08 12:13:36,705] {processor.py:171} INFO - Processing /home/airflow/.local/lib/python3.7/site-packages/airflow/example_dags/example_xcomargs.py took 0.368 seconds
[2022-01-08 12:14:07,059] {processor.py:163} INFO - Started process (PID=636) to work on /home/airflow/.local/lib/python3.7/site-packages/airflow/example_dags/example_xcomargs.py
[2022-01-08 12:14:07,060] {processor.py:625} INFO - Processing file /home/airflow/.local/lib/python3.7/site-packages/airflow/example_dags/example_xcomargs.py for tasks to queue
[2022-01-08 12:14:07,061] {logging_mixin.py:109} INFO - [2022-01-08 12:14:07,060] {dagbag.py:500} INFO - Filling up the DagBag from /home/airflow/.local/lib/python3.7/site-packages/airflow/example_dags/example_xcomargs.py
[2022-01-08 12:14:07,090] {processor.py:637} INFO - DAG(s) dict_keys(['example_xcom_args', 'example_xcom_args_with_operators']) retrieved from /home/airflow/.local/lib/python3.7/site-packages/airflow/example_dags/example_xcomargs.py
[2022-01-08 12:14:07,389] {logging_mixin.py:109} INFO - [2022-01-08 12:14:07,389] {dag.py:2396} INFO - Sync 2 DAGs
[2022-01-08 12:14:07,404] {logging_mixin.py:109} INFO - [2022-01-08 12:14:07,404] {dag.py:2928} INFO - Setting next_dagrun for example_xcom_args to None
[2022-01-08 12:14:07,405] {logging_mixin.py:109} INFO - [2022-01-08 12:14:07,405] {dag.py:2928} INFO - Setting next_dagrun for example_xcom_args_with_operators to None
[2022-01-08 12:14:07,418] {processor.py:171} INFO - Processing /home/airflow/.local/lib/python3.7/site-packages/airflow/example_dags/example_xcomargs.py took 0.362 seconds
[2022-01-08 12:14:37,661] {processor.py:163} INFO - Started process (PID=696) to work on /home/airflow/.local/lib/python3.7/site-packages/airflow/example_dags/example_xcomargs.py
[2022-01-08 12:14:37,662] {processor.py:625} INFO - Processing file /home/airflow/.local/lib/python3.7/site-packages/airflow/example_dags/example_xcomargs.py for tasks to queue
[2022-01-08 12:14:37,663] {logging_mixin.py:109} INFO - [2022-01-08 12:14:37,663] {dagbag.py:500} INFO - Filling up the DagBag from /home/airflow/.local/lib/python3.7/site-packages/airflow/example_dags/example_xcomargs.py
[2022-01-08 12:14:37,695] {processor.py:637} INFO - DAG(s) dict_keys(['example_xcom_args', 'example_xcom_args_with_operators']) retrieved from /home/airflow/.local/lib/python3.7/site-packages/airflow/example_dags/example_xcomargs.py
[2022-01-08 12:14:37,920] {logging_mixin.py:109} INFO - [2022-01-08 12:14:37,920] {dag.py:2396} INFO - Sync 2 DAGs
[2022-01-08 12:14:37,933] {logging_mixin.py:109} INFO - [2022-01-08 12:14:37,933] {dag.py:2928} INFO - Setting next_dagrun for example_xcom_args to None
[2022-01-08 12:14:37,933] {logging_mixin.py:109} INFO - [2022-01-08 12:14:37,933] {dag.py:2928} INFO - Setting next_dagrun for example_xcom_args_with_operators to None
[2022-01-08 12:14:37,945] {processor.py:171} INFO - Processing /home/airflow/.local/lib/python3.7/site-packages/airflow/example_dags/example_xcomargs.py took 0.288 seconds
[2022-01-08 12:15:08,129] {processor.py:163} INFO - Started process (PID=765) to work on /home/airflow/.local/lib/python3.7/site-packages/airflow/example_dags/example_xcomargs.py
[2022-01-08 12:15:08,130] {processor.py:625} INFO - Processing file /home/airflow/.local/lib/python3.7/site-packages/airflow/example_dags/example_xcomargs.py for tasks to queue
[2022-01-08 12:15:08,130] {logging_mixin.py:109} INFO - [2022-01-08 12:15:08,130] {dagbag.py:500} INFO - Filling up the DagBag from /home/airflow/.local/lib/python3.7/site-packages/airflow/example_dags/example_xcomargs.py
[2022-01-08 12:15:08,158] {processor.py:637} INFO - DAG(s) dict_keys(['example_xcom_args', 'example_xcom_args_with_operators']) retrieved from /home/airflow/.local/lib/python3.7/site-packages/airflow/example_dags/example_xcomargs.py
[2022-01-08 12:15:08,410] {logging_mixin.py:109} INFO - [2022-01-08 12:15:08,410] {dag.py:2396} INFO - Sync 2 DAGs
[2022-01-08 12:15:08,424] {logging_mixin.py:109} INFO - [2022-01-08 12:15:08,423] {dag.py:2928} INFO - Setting next_dagrun for example_xcom_args to None
[2022-01-08 12:15:08,424] {logging_mixin.py:109} INFO - [2022-01-08 12:15:08,424] {dag.py:2928} INFO - Setting next_dagrun for example_xcom_args_with_operators to None
[2022-01-08 12:15:08,434] {processor.py:171} INFO - Processing /home/airflow/.local/lib/python3.7/site-packages/airflow/example_dags/example_xcomargs.py took 0.308 seconds
[2022-01-08 12:15:40,001] {processor.py:163} INFO - Started process (PID=825) to work on /home/airflow/.local/lib/python3.7/site-packages/airflow/example_dags/example_xcomargs.py
[2022-01-08 12:15:40,003] {processor.py:625} INFO - Processing file /home/airflow/.local/lib/python3.7/site-packages/airflow/example_dags/example_xcomargs.py for tasks to queue
[2022-01-08 12:15:40,004] {logging_mixin.py:109} INFO - [2022-01-08 12:15:40,003] {dagbag.py:500} INFO - Filling up the DagBag from /home/airflow/.local/lib/python3.7/site-packages/airflow/example_dags/example_xcomargs.py
[2022-01-08 12:15:40,048] {processor.py:637} INFO - DAG(s) dict_keys(['example_xcom_args', 'example_xcom_args_with_operators']) retrieved from /home/airflow/.local/lib/python3.7/site-packages/airflow/example_dags/example_xcomargs.py
[2022-01-08 12:15:40,383] {logging_mixin.py:109} INFO - [2022-01-08 12:15:40,383] {dag.py:2396} INFO - Sync 2 DAGs
[2022-01-08 12:15:40,398] {logging_mixin.py:109} INFO - [2022-01-08 12:15:40,398] {dag.py:2928} INFO - Setting next_dagrun for example_xcom_args to None
[2022-01-08 12:15:40,399] {logging_mixin.py:109} INFO - [2022-01-08 12:15:40,398] {dag.py:2928} INFO - Setting next_dagrun for example_xcom_args_with_operators to None
[2022-01-08 12:15:40,410] {processor.py:171} INFO - Processing /home/airflow/.local/lib/python3.7/site-packages/airflow/example_dags/example_xcomargs.py took 0.412 seconds
[2022-01-08 12:16:11,721] {processor.py:163} INFO - Started process (PID=896) to work on /home/airflow/.local/lib/python3.7/site-packages/airflow/example_dags/example_xcomargs.py
[2022-01-08 12:16:11,723] {processor.py:625} INFO - Processing file /home/airflow/.local/lib/python3.7/site-packages/airflow/example_dags/example_xcomargs.py for tasks to queue
[2022-01-08 12:16:11,724] {logging_mixin.py:109} INFO - [2022-01-08 12:16:11,723] {dagbag.py:500} INFO - Filling up the DagBag from /home/airflow/.local/lib/python3.7/site-packages/airflow/example_dags/example_xcomargs.py
[2022-01-08 12:16:11,756] {processor.py:637} INFO - DAG(s) dict_keys(['example_xcom_args', 'example_xcom_args_with_operators']) retrieved from /home/airflow/.local/lib/python3.7/site-packages/airflow/example_dags/example_xcomargs.py
[2022-01-08 12:16:12,027] {logging_mixin.py:109} INFO - [2022-01-08 12:16:12,027] {dag.py:2396} INFO - Sync 2 DAGs
[2022-01-08 12:16:12,039] {logging_mixin.py:109} INFO - [2022-01-08 12:16:12,039] {dag.py:2928} INFO - Setting next_dagrun for example_xcom_args to None
[2022-01-08 12:16:12,040] {logging_mixin.py:109} INFO - [2022-01-08 12:16:12,040] {dag.py:2928} INFO - Setting next_dagrun for example_xcom_args_with_operators to None
[2022-01-08 12:16:12,052] {processor.py:171} INFO - Processing /home/airflow/.local/lib/python3.7/site-packages/airflow/example_dags/example_xcomargs.py took 0.335 seconds
[2022-01-08 12:16:43,235] {processor.py:163} INFO - Started process (PID=959) to work on /home/airflow/.local/lib/python3.7/site-packages/airflow/example_dags/example_xcomargs.py
[2022-01-08 12:16:43,238] {processor.py:625} INFO - Processing file /home/airflow/.local/lib/python3.7/site-packages/airflow/example_dags/example_xcomargs.py for tasks to queue
[2022-01-08 12:16:43,242] {logging_mixin.py:109} INFO - [2022-01-08 12:16:43,241] {dagbag.py:500} INFO - Filling up the DagBag from /home/airflow/.local/lib/python3.7/site-packages/airflow/example_dags/example_xcomargs.py
[2022-01-08 12:16:43,307] {processor.py:637} INFO - DAG(s) dict_keys(['example_xcom_args', 'example_xcom_args_with_operators']) retrieved from /home/airflow/.local/lib/python3.7/site-packages/airflow/example_dags/example_xcomargs.py
[2022-01-08 12:16:43,903] {logging_mixin.py:109} INFO - [2022-01-08 12:16:43,903] {dag.py:2396} INFO - Sync 2 DAGs
[2022-01-08 12:16:43,920] {logging_mixin.py:109} INFO - [2022-01-08 12:16:43,920] {dag.py:2928} INFO - Setting next_dagrun for example_xcom_args to None
[2022-01-08 12:16:43,920] {logging_mixin.py:109} INFO - [2022-01-08 12:16:43,920] {dag.py:2928} INFO - Setting next_dagrun for example_xcom_args_with_operators to None
[2022-01-08 12:16:43,936] {processor.py:171} INFO - Processing /home/airflow/.local/lib/python3.7/site-packages/airflow/example_dags/example_xcomargs.py took 0.704 seconds
[2022-01-08 12:17:14,095] {processor.py:163} INFO - Started process (PID=1032) to work on /home/airflow/.local/lib/python3.7/site-packages/airflow/example_dags/example_xcomargs.py
[2022-01-08 12:17:14,096] {processor.py:625} INFO - Processing file /home/airflow/.local/lib/python3.7/site-packages/airflow/example_dags/example_xcomargs.py for tasks to queue
[2022-01-08 12:17:14,097] {logging_mixin.py:109} INFO - [2022-01-08 12:17:14,097] {dagbag.py:500} INFO - Filling up the DagBag from /home/airflow/.local/lib/python3.7/site-packages/airflow/example_dags/example_xcomargs.py
[2022-01-08 12:17:14,133] {processor.py:637} INFO - DAG(s) dict_keys(['example_xcom_args', 'example_xcom_args_with_operators']) retrieved from /home/airflow/.local/lib/python3.7/site-packages/airflow/example_dags/example_xcomargs.py
[2022-01-08 12:17:14,502] {logging_mixin.py:109} INFO - [2022-01-08 12:17:14,501] {dag.py:2396} INFO - Sync 2 DAGs
[2022-01-08 12:17:14,517] {logging_mixin.py:109} INFO - [2022-01-08 12:17:14,517] {dag.py:2928} INFO - Setting next_dagrun for example_xcom_args to None
[2022-01-08 12:17:14,518] {logging_mixin.py:109} INFO - [2022-01-08 12:17:14,518] {dag.py:2928} INFO - Setting next_dagrun for example_xcom_args_with_operators to None
[2022-01-08 12:17:14,532] {processor.py:171} INFO - Processing /home/airflow/.local/lib/python3.7/site-packages/airflow/example_dags/example_xcomargs.py took 0.441 seconds
[2022-01-08 12:17:45,241] {processor.py:163} INFO - Started process (PID=1094) to work on /home/airflow/.local/lib/python3.7/site-packages/airflow/example_dags/example_xcomargs.py
[2022-01-08 12:17:45,242] {processor.py:625} INFO - Processing file /home/airflow/.local/lib/python3.7/site-packages/airflow/example_dags/example_xcomargs.py for tasks to queue
[2022-01-08 12:17:45,242] {logging_mixin.py:109} INFO - [2022-01-08 12:17:45,242] {dagbag.py:500} INFO - Filling up the DagBag from /home/airflow/.local/lib/python3.7/site-packages/airflow/example_dags/example_xcomargs.py
[2022-01-08 12:17:45,268] {processor.py:637} INFO - DAG(s) dict_keys(['example_xcom_args', 'example_xcom_args_with_operators']) retrieved from /home/airflow/.local/lib/python3.7/site-packages/airflow/example_dags/example_xcomargs.py
[2022-01-08 12:17:45,489] {logging_mixin.py:109} INFO - [2022-01-08 12:17:45,489] {dag.py:2396} INFO - Sync 2 DAGs
[2022-01-08 12:17:45,502] {logging_mixin.py:109} INFO - [2022-01-08 12:17:45,501] {dag.py:2928} INFO - Setting next_dagrun for example_xcom_args to None
[2022-01-08 12:17:45,502] {logging_mixin.py:109} INFO - [2022-01-08 12:17:45,502] {dag.py:2928} INFO - Setting next_dagrun for example_xcom_args_with_operators to None
[2022-01-08 12:17:45,512] {processor.py:171} INFO - Processing /home/airflow/.local/lib/python3.7/site-packages/airflow/example_dags/example_xcomargs.py took 0.274 seconds
[2022-01-08 12:18:15,910] {processor.py:163} INFO - Started process (PID=1164) to work on /home/airflow/.local/lib/python3.7/site-packages/airflow/example_dags/example_xcomargs.py
[2022-01-08 12:18:15,912] {processor.py:625} INFO - Processing file /home/airflow/.local/lib/python3.7/site-packages/airflow/example_dags/example_xcomargs.py for tasks to queue
[2022-01-08 12:18:15,913] {logging_mixin.py:109} INFO - [2022-01-08 12:18:15,913] {dagbag.py:500} INFO - Filling up the DagBag from /home/airflow/.local/lib/python3.7/site-packages/airflow/example_dags/example_xcomargs.py
[2022-01-08 12:18:15,950] {processor.py:637} INFO - DAG(s) dict_keys(['example_xcom_args', 'example_xcom_args_with_operators']) retrieved from /home/airflow/.local/lib/python3.7/site-packages/airflow/example_dags/example_xcomargs.py
[2022-01-08 12:18:16,273] {logging_mixin.py:109} INFO - [2022-01-08 12:18:16,273] {dag.py:2396} INFO - Sync 2 DAGs
[2022-01-08 12:18:16,288] {logging_mixin.py:109} INFO - [2022-01-08 12:18:16,288] {dag.py:2928} INFO - Setting next_dagrun for example_xcom_args to None
[2022-01-08 12:18:16,289] {logging_mixin.py:109} INFO - [2022-01-08 12:18:16,289] {dag.py:2928} INFO - Setting next_dagrun for example_xcom_args_with_operators to None
[2022-01-08 12:18:16,302] {processor.py:171} INFO - Processing /home/airflow/.local/lib/python3.7/site-packages/airflow/example_dags/example_xcomargs.py took 0.394 seconds
[2022-01-08 12:18:46,673] {processor.py:163} INFO - Started process (PID=1226) to work on /home/airflow/.local/lib/python3.7/site-packages/airflow/example_dags/example_xcomargs.py
[2022-01-08 12:18:46,674] {processor.py:625} INFO - Processing file /home/airflow/.local/lib/python3.7/site-packages/airflow/example_dags/example_xcomargs.py for tasks to queue
[2022-01-08 12:18:46,675] {logging_mixin.py:109} INFO - [2022-01-08 12:18:46,675] {dagbag.py:500} INFO - Filling up the DagBag from /home/airflow/.local/lib/python3.7/site-packages/airflow/example_dags/example_xcomargs.py
[2022-01-08 12:18:46,701] {processor.py:637} INFO - DAG(s) dict_keys(['example_xcom_args', 'example_xcom_args_with_operators']) retrieved from /home/airflow/.local/lib/python3.7/site-packages/airflow/example_dags/example_xcomargs.py
[2022-01-08 12:18:46,932] {logging_mixin.py:109} INFO - [2022-01-08 12:18:46,932] {dag.py:2396} INFO - Sync 2 DAGs
[2022-01-08 12:18:46,944] {logging_mixin.py:109} INFO - [2022-01-08 12:18:46,944] {dag.py:2928} INFO - Setting next_dagrun for example_xcom_args to None
[2022-01-08 12:18:46,945] {logging_mixin.py:109} INFO - [2022-01-08 12:18:46,945] {dag.py:2928} INFO - Setting next_dagrun for example_xcom_args_with_operators to None
[2022-01-08 12:18:46,954] {processor.py:171} INFO - Processing /home/airflow/.local/lib/python3.7/site-packages/airflow/example_dags/example_xcomargs.py took 0.284 seconds
[2022-01-08 12:19:17,033] {processor.py:163} INFO - Started process (PID=1286) to work on /home/airflow/.local/lib/python3.7/site-packages/airflow/example_dags/example_xcomargs.py
[2022-01-08 12:19:17,034] {processor.py:625} INFO - Processing file /home/airflow/.local/lib/python3.7/site-packages/airflow/example_dags/example_xcomargs.py for tasks to queue
[2022-01-08 12:19:17,035] {logging_mixin.py:109} INFO - [2022-01-08 12:19:17,035] {dagbag.py:500} INFO - Filling up the DagBag from /home/airflow/.local/lib/python3.7/site-packages/airflow/example_dags/example_xcomargs.py
[2022-01-08 12:19:17,066] {processor.py:637} INFO - DAG(s) dict_keys(['example_xcom_args', 'example_xcom_args_with_operators']) retrieved from /home/airflow/.local/lib/python3.7/site-packages/airflow/example_dags/example_xcomargs.py
[2022-01-08 12:19:17,295] {logging_mixin.py:109} INFO - [2022-01-08 12:19:17,295] {dag.py:2396} INFO - Sync 2 DAGs
[2022-01-08 12:19:17,307] {logging_mixin.py:109} INFO - [2022-01-08 12:19:17,307] {dag.py:2928} INFO - Setting next_dagrun for example_xcom_args to None
[2022-01-08 12:19:17,308] {logging_mixin.py:109} INFO - [2022-01-08 12:19:17,308] {dag.py:2928} INFO - Setting next_dagrun for example_xcom_args_with_operators to None
[2022-01-08 12:19:17,318] {processor.py:171} INFO - Processing /home/airflow/.local/lib/python3.7/site-packages/airflow/example_dags/example_xcomargs.py took 0.287 seconds
[2022-01-08 12:19:47,693] {processor.py:163} INFO - Started process (PID=1354) to work on /home/airflow/.local/lib/python3.7/site-packages/airflow/example_dags/example_xcomargs.py
[2022-01-08 12:19:47,695] {processor.py:625} INFO - Processing file /home/airflow/.local/lib/python3.7/site-packages/airflow/example_dags/example_xcomargs.py for tasks to queue
[2022-01-08 12:19:47,697] {logging_mixin.py:109} INFO - [2022-01-08 12:19:47,696] {dagbag.py:500} INFO - Filling up the DagBag from /home/airflow/.local/lib/python3.7/site-packages/airflow/example_dags/example_xcomargs.py
[2022-01-08 12:19:47,811] {processor.py:637} INFO - DAG(s) dict_keys(['example_xcom_args', 'example_xcom_args_with_operators']) retrieved from /home/airflow/.local/lib/python3.7/site-packages/airflow/example_dags/example_xcomargs.py
[2022-01-08 12:19:48,029] {logging_mixin.py:109} INFO - [2022-01-08 12:19:48,029] {dag.py:2396} INFO - Sync 2 DAGs
[2022-01-08 12:19:48,043] {logging_mixin.py:109} INFO - [2022-01-08 12:19:48,043] {dag.py:2928} INFO - Setting next_dagrun for example_xcom_args to None
[2022-01-08 12:19:48,044] {logging_mixin.py:109} INFO - [2022-01-08 12:19:48,044] {dag.py:2928} INFO - Setting next_dagrun for example_xcom_args_with_operators to None
[2022-01-08 12:19:48,053] {processor.py:171} INFO - Processing /home/airflow/.local/lib/python3.7/site-packages/airflow/example_dags/example_xcomargs.py took 0.365 seconds
[2022-01-08 12:20:18,668] {processor.py:163} INFO - Started process (PID=1416) to work on /home/airflow/.local/lib/python3.7/site-packages/airflow/example_dags/example_xcomargs.py
[2022-01-08 12:20:18,670] {processor.py:625} INFO - Processing file /home/airflow/.local/lib/python3.7/site-packages/airflow/example_dags/example_xcomargs.py for tasks to queue
[2022-01-08 12:20:18,671] {logging_mixin.py:109} INFO - [2022-01-08 12:20:18,671] {dagbag.py:500} INFO - Filling up the DagBag from /home/airflow/.local/lib/python3.7/site-packages/airflow/example_dags/example_xcomargs.py
[2022-01-08 12:20:18,789] {processor.py:637} INFO - DAG(s) dict_keys(['example_xcom_args', 'example_xcom_args_with_operators']) retrieved from /home/airflow/.local/lib/python3.7/site-packages/airflow/example_dags/example_xcomargs.py
[2022-01-08 12:20:18,953] {logging_mixin.py:109} INFO - [2022-01-08 12:20:18,952] {dag.py:2396} INFO - Sync 2 DAGs
[2022-01-08 12:20:18,963] {logging_mixin.py:109} INFO - [2022-01-08 12:20:18,963] {dag.py:2928} INFO - Setting next_dagrun for example_xcom_args to None
[2022-01-08 12:20:18,964] {logging_mixin.py:109} INFO - [2022-01-08 12:20:18,964] {dag.py:2928} INFO - Setting next_dagrun for example_xcom_args_with_operators to None
[2022-01-08 12:20:18,974] {processor.py:171} INFO - Processing /home/airflow/.local/lib/python3.7/site-packages/airflow/example_dags/example_xcomargs.py took 0.309 seconds
[2022-01-08 12:20:50,275] {processor.py:163} INFO - Started process (PID=1489) to work on /home/airflow/.local/lib/python3.7/site-packages/airflow/example_dags/example_xcomargs.py
[2022-01-08 12:20:50,276] {processor.py:625} INFO - Processing file /home/airflow/.local/lib/python3.7/site-packages/airflow/example_dags/example_xcomargs.py for tasks to queue
[2022-01-08 12:20:50,277] {logging_mixin.py:109} INFO - [2022-01-08 12:20:50,277] {dagbag.py:500} INFO - Filling up the DagBag from /home/airflow/.local/lib/python3.7/site-packages/airflow/example_dags/example_xcomargs.py
[2022-01-08 12:20:50,381] {processor.py:637} INFO - DAG(s) dict_keys(['example_xcom_args', 'example_xcom_args_with_operators']) retrieved from /home/airflow/.local/lib/python3.7/site-packages/airflow/example_dags/example_xcomargs.py
[2022-01-08 12:20:50,575] {logging_mixin.py:109} INFO - [2022-01-08 12:20:50,575] {dag.py:2396} INFO - Sync 2 DAGs
[2022-01-08 12:20:50,589] {logging_mixin.py:109} INFO - [2022-01-08 12:20:50,589] {dag.py:2928} INFO - Setting next_dagrun for example_xcom_args to None
[2022-01-08 12:20:50,589] {logging_mixin.py:109} INFO - [2022-01-08 12:20:50,589] {dag.py:2928} INFO - Setting next_dagrun for example_xcom_args_with_operators to None
[2022-01-08 12:20:50,601] {processor.py:171} INFO - Processing /home/airflow/.local/lib/python3.7/site-packages/airflow/example_dags/example_xcomargs.py took 0.329 seconds
[2022-01-08 12:21:21,000] {processor.py:163} INFO - Started process (PID=1550) to work on /home/airflow/.local/lib/python3.7/site-packages/airflow/example_dags/example_xcomargs.py
[2022-01-08 12:21:21,002] {processor.py:625} INFO - Processing file /home/airflow/.local/lib/python3.7/site-packages/airflow/example_dags/example_xcomargs.py for tasks to queue
[2022-01-08 12:21:21,003] {logging_mixin.py:109} INFO - [2022-01-08 12:21:21,003] {dagbag.py:500} INFO - Filling up the DagBag from /home/airflow/.local/lib/python3.7/site-packages/airflow/example_dags/example_xcomargs.py
[2022-01-08 12:21:21,118] {processor.py:637} INFO - DAG(s) dict_keys(['example_xcom_args', 'example_xcom_args_with_operators']) retrieved from /home/airflow/.local/lib/python3.7/site-packages/airflow/example_dags/example_xcomargs.py
[2022-01-08 12:21:21,367] {logging_mixin.py:109} INFO - [2022-01-08 12:21:21,367] {dag.py:2396} INFO - Sync 2 DAGs
[2022-01-08 12:21:21,383] {logging_mixin.py:109} INFO - [2022-01-08 12:21:21,383] {dag.py:2928} INFO - Setting next_dagrun for example_xcom_args to None
[2022-01-08 12:21:21,383] {logging_mixin.py:109} INFO - [2022-01-08 12:21:21,383] {dag.py:2928} INFO - Setting next_dagrun for example_xcom_args_with_operators to None
[2022-01-08 12:21:21,393] {processor.py:171} INFO - Processing /home/airflow/.local/lib/python3.7/site-packages/airflow/example_dags/example_xcomargs.py took 0.396 seconds
[2022-01-08 12:21:53,145] {processor.py:163} INFO - Started process (PID=1620) to work on /home/airflow/.local/lib/python3.7/site-packages/airflow/example_dags/example_xcomargs.py
[2022-01-08 12:21:53,147] {processor.py:625} INFO - Processing file /home/airflow/.local/lib/python3.7/site-packages/airflow/example_dags/example_xcomargs.py for tasks to queue
[2022-01-08 12:21:53,148] {logging_mixin.py:109} INFO - [2022-01-08 12:21:53,148] {dagbag.py:500} INFO - Filling up the DagBag from /home/airflow/.local/lib/python3.7/site-packages/airflow/example_dags/example_xcomargs.py
[2022-01-08 12:21:53,523] {processor.py:637} INFO - DAG(s) dict_keys(['example_xcom_args', 'example_xcom_args_with_operators']) retrieved from /home/airflow/.local/lib/python3.7/site-packages/airflow/example_dags/example_xcomargs.py
[2022-01-08 12:21:53,900] {logging_mixin.py:109} INFO - [2022-01-08 12:21:53,900] {dag.py:2396} INFO - Sync 2 DAGs
[2022-01-08 12:21:53,920] {logging_mixin.py:109} INFO - [2022-01-08 12:21:53,920] {dag.py:2928} INFO - Setting next_dagrun for example_xcom_args to None
[2022-01-08 12:21:53,921] {logging_mixin.py:109} INFO - [2022-01-08 12:21:53,921] {dag.py:2928} INFO - Setting next_dagrun for example_xcom_args_with_operators to None
[2022-01-08 12:21:53,938] {processor.py:171} INFO - Processing /home/airflow/.local/lib/python3.7/site-packages/airflow/example_dags/example_xcomargs.py took 0.798 seconds
[2022-01-08 12:22:24,472] {processor.py:163} INFO - Started process (PID=1681) to work on /home/airflow/.local/lib/python3.7/site-packages/airflow/example_dags/example_xcomargs.py
[2022-01-08 12:22:24,474] {processor.py:625} INFO - Processing file /home/airflow/.local/lib/python3.7/site-packages/airflow/example_dags/example_xcomargs.py for tasks to queue
[2022-01-08 12:22:24,475] {logging_mixin.py:109} INFO - [2022-01-08 12:22:24,475] {dagbag.py:500} INFO - Filling up the DagBag from /home/airflow/.local/lib/python3.7/site-packages/airflow/example_dags/example_xcomargs.py
[2022-01-08 12:22:24,517] {processor.py:637} INFO - DAG(s) dict_keys(['example_xcom_args', 'example_xcom_args_with_operators']) retrieved from /home/airflow/.local/lib/python3.7/site-packages/airflow/example_dags/example_xcomargs.py
[2022-01-08 12:22:24,765] {logging_mixin.py:109} INFO - [2022-01-08 12:22:24,765] {dag.py:2396} INFO - Sync 2 DAGs
[2022-01-08 12:22:24,780] {logging_mixin.py:109} INFO - [2022-01-08 12:22:24,780] {dag.py:2928} INFO - Setting next_dagrun for example_xcom_args to None
[2022-01-08 12:22:24,780] {logging_mixin.py:109} INFO - [2022-01-08 12:22:24,780] {dag.py:2928} INFO - Setting next_dagrun for example_xcom_args_with_operators to None
[2022-01-08 12:22:24,790] {processor.py:171} INFO - Processing /home/airflow/.local/lib/python3.7/site-packages/airflow/example_dags/example_xcomargs.py took 0.322 seconds
[2022-01-08 12:22:55,321] {processor.py:163} INFO - Started process (PID=1741) to work on /home/airflow/.local/lib/python3.7/site-packages/airflow/example_dags/example_xcomargs.py
[2022-01-08 12:22:55,322] {processor.py:625} INFO - Processing file /home/airflow/.local/lib/python3.7/site-packages/airflow/example_dags/example_xcomargs.py for tasks to queue
[2022-01-08 12:22:55,324] {logging_mixin.py:109} INFO - [2022-01-08 12:22:55,323] {dagbag.py:500} INFO - Filling up the DagBag from /home/airflow/.local/lib/python3.7/site-packages/airflow/example_dags/example_xcomargs.py
[2022-01-08 12:22:55,359] {processor.py:637} INFO - DAG(s) dict_keys(['example_xcom_args', 'example_xcom_args_with_operators']) retrieved from /home/airflow/.local/lib/python3.7/site-packages/airflow/example_dags/example_xcomargs.py
[2022-01-08 12:22:55,570] {logging_mixin.py:109} INFO - [2022-01-08 12:22:55,570] {dag.py:2396} INFO - Sync 2 DAGs
[2022-01-08 12:22:55,585] {logging_mixin.py:109} INFO - [2022-01-08 12:22:55,584] {dag.py:2928} INFO - Setting next_dagrun for example_xcom_args to None
[2022-01-08 12:22:55,585] {logging_mixin.py:109} INFO - [2022-01-08 12:22:55,585] {dag.py:2928} INFO - Setting next_dagrun for example_xcom_args_with_operators to None
[2022-01-08 12:22:55,595] {processor.py:171} INFO - Processing /home/airflow/.local/lib/python3.7/site-packages/airflow/example_dags/example_xcomargs.py took 0.278 seconds
[2022-01-08 12:23:26,130] {processor.py:163} INFO - Started process (PID=1812) to work on /home/airflow/.local/lib/python3.7/site-packages/airflow/example_dags/example_xcomargs.py
[2022-01-08 12:23:26,131] {processor.py:625} INFO - Processing file /home/airflow/.local/lib/python3.7/site-packages/airflow/example_dags/example_xcomargs.py for tasks to queue
[2022-01-08 12:23:26,131] {logging_mixin.py:109} INFO - [2022-01-08 12:23:26,131] {dagbag.py:500} INFO - Filling up the DagBag from /home/airflow/.local/lib/python3.7/site-packages/airflow/example_dags/example_xcomargs.py
[2022-01-08 12:23:26,158] {processor.py:637} INFO - DAG(s) dict_keys(['example_xcom_args', 'example_xcom_args_with_operators']) retrieved from /home/airflow/.local/lib/python3.7/site-packages/airflow/example_dags/example_xcomargs.py
[2022-01-08 12:23:26,338] {logging_mixin.py:109} INFO - [2022-01-08 12:23:26,338] {dag.py:2396} INFO - Sync 2 DAGs
[2022-01-08 12:23:26,351] {logging_mixin.py:109} INFO - [2022-01-08 12:23:26,351] {dag.py:2928} INFO - Setting next_dagrun for example_xcom_args to None
[2022-01-08 12:23:26,351] {logging_mixin.py:109} INFO - [2022-01-08 12:23:26,351] {dag.py:2928} INFO - Setting next_dagrun for example_xcom_args_with_operators to None
[2022-01-08 12:23:26,361] {processor.py:171} INFO - Processing /home/airflow/.local/lib/python3.7/site-packages/airflow/example_dags/example_xcomargs.py took 0.234 seconds
[2022-01-08 12:23:56,968] {processor.py:163} INFO - Started process (PID=1873) to work on /home/airflow/.local/lib/python3.7/site-packages/airflow/example_dags/example_xcomargs.py
[2022-01-08 12:23:56,970] {processor.py:625} INFO - Processing file /home/airflow/.local/lib/python3.7/site-packages/airflow/example_dags/example_xcomargs.py for tasks to queue
[2022-01-08 12:23:56,971] {logging_mixin.py:109} INFO - [2022-01-08 12:23:56,971] {dagbag.py:500} INFO - Filling up the DagBag from /home/airflow/.local/lib/python3.7/site-packages/airflow/example_dags/example_xcomargs.py
[2022-01-08 12:23:57,000] {processor.py:637} INFO - DAG(s) dict_keys(['example_xcom_args', 'example_xcom_args_with_operators']) retrieved from /home/airflow/.local/lib/python3.7/site-packages/airflow/example_dags/example_xcomargs.py
[2022-01-08 12:23:57,260] {logging_mixin.py:109} INFO - [2022-01-08 12:23:57,260] {dag.py:2396} INFO - Sync 2 DAGs
[2022-01-08 12:23:57,311] {logging_mixin.py:109} INFO - [2022-01-08 12:23:57,311] {dag.py:2928} INFO - Setting next_dagrun for example_xcom_args to None
[2022-01-08 12:23:57,312] {logging_mixin.py:109} INFO - [2022-01-08 12:23:57,312] {dag.py:2928} INFO - Setting next_dagrun for example_xcom_args_with_operators to None
[2022-01-08 12:23:57,340] {processor.py:171} INFO - Processing /home/airflow/.local/lib/python3.7/site-packages/airflow/example_dags/example_xcomargs.py took 0.375 seconds
[2022-01-08 12:24:27,816] {processor.py:163} INFO - Started process (PID=1934) to work on /home/airflow/.local/lib/python3.7/site-packages/airflow/example_dags/example_xcomargs.py
[2022-01-08 12:24:27,818] {processor.py:625} INFO - Processing file /home/airflow/.local/lib/python3.7/site-packages/airflow/example_dags/example_xcomargs.py for tasks to queue
[2022-01-08 12:24:27,823] {logging_mixin.py:109} INFO - [2022-01-08 12:24:27,823] {dagbag.py:500} INFO - Filling up the DagBag from /home/airflow/.local/lib/python3.7/site-packages/airflow/example_dags/example_xcomargs.py
[2022-01-08 12:24:27,911] {processor.py:637} INFO - DAG(s) dict_keys(['example_xcom_args', 'example_xcom_args_with_operators']) retrieved from /home/airflow/.local/lib/python3.7/site-packages/airflow/example_dags/example_xcomargs.py
[2022-01-08 12:24:28,338] {logging_mixin.py:109} INFO - [2022-01-08 12:24:28,337] {dag.py:2396} INFO - Sync 2 DAGs
[2022-01-08 12:24:28,362] {logging_mixin.py:109} INFO - [2022-01-08 12:24:28,362] {dag.py:2928} INFO - Setting next_dagrun for example_xcom_args to None
[2022-01-08 12:24:28,363] {logging_mixin.py:109} INFO - [2022-01-08 12:24:28,363] {dag.py:2928} INFO - Setting next_dagrun for example_xcom_args_with_operators to None
[2022-01-08 12:24:28,379] {processor.py:171} INFO - Processing /home/airflow/.local/lib/python3.7/site-packages/airflow/example_dags/example_xcomargs.py took 0.567 seconds
[2022-01-08 12:24:58,812] {processor.py:163} INFO - Started process (PID=1993) to work on /home/airflow/.local/lib/python3.7/site-packages/airflow/example_dags/example_xcomargs.py
[2022-01-08 12:24:58,812] {processor.py:625} INFO - Processing file /home/airflow/.local/lib/python3.7/site-packages/airflow/example_dags/example_xcomargs.py for tasks to queue
[2022-01-08 12:24:58,813] {logging_mixin.py:109} INFO - [2022-01-08 12:24:58,813] {dagbag.py:500} INFO - Filling up the DagBag from /home/airflow/.local/lib/python3.7/site-packages/airflow/example_dags/example_xcomargs.py
[2022-01-08 12:24:58,837] {processor.py:637} INFO - DAG(s) dict_keys(['example_xcom_args', 'example_xcom_args_with_operators']) retrieved from /home/airflow/.local/lib/python3.7/site-packages/airflow/example_dags/example_xcomargs.py
[2022-01-08 12:24:59,002] {logging_mixin.py:109} INFO - [2022-01-08 12:24:59,002] {dag.py:2396} INFO - Sync 2 DAGs
[2022-01-08 12:24:59,014] {logging_mixin.py:109} INFO - [2022-01-08 12:24:59,014] {dag.py:2928} INFO - Setting next_dagrun for example_xcom_args to None
[2022-01-08 12:24:59,015] {logging_mixin.py:109} INFO - [2022-01-08 12:24:59,015] {dag.py:2928} INFO - Setting next_dagrun for example_xcom_args_with_operators to None
[2022-01-08 12:24:59,025] {processor.py:171} INFO - Processing /home/airflow/.local/lib/python3.7/site-packages/airflow/example_dags/example_xcomargs.py took 0.216 seconds
[2022-01-08 12:25:29,399] {processor.py:163} INFO - Started process (PID=2055) to work on /home/airflow/.local/lib/python3.7/site-packages/airflow/example_dags/example_xcomargs.py
[2022-01-08 12:25:29,400] {processor.py:625} INFO - Processing file /home/airflow/.local/lib/python3.7/site-packages/airflow/example_dags/example_xcomargs.py for tasks to queue
[2022-01-08 12:25:29,401] {logging_mixin.py:109} INFO - [2022-01-08 12:25:29,401] {dagbag.py:500} INFO - Filling up the DagBag from /home/airflow/.local/lib/python3.7/site-packages/airflow/example_dags/example_xcomargs.py
[2022-01-08 12:25:29,429] {processor.py:637} INFO - DAG(s) dict_keys(['example_xcom_args', 'example_xcom_args_with_operators']) retrieved from /home/airflow/.local/lib/python3.7/site-packages/airflow/example_dags/example_xcomargs.py
[2022-01-08 12:25:29,937] {logging_mixin.py:109} INFO - [2022-01-08 12:25:29,937] {dag.py:2396} INFO - Sync 2 DAGs
[2022-01-08 12:25:29,966] {logging_mixin.py:109} INFO - [2022-01-08 12:25:29,965] {dag.py:2928} INFO - Setting next_dagrun for example_xcom_args to None
[2022-01-08 12:25:29,967] {logging_mixin.py:109} INFO - [2022-01-08 12:25:29,967] {dag.py:2928} INFO - Setting next_dagrun for example_xcom_args_with_operators to None
[2022-01-08 12:25:29,984] {processor.py:171} INFO - Processing /home/airflow/.local/lib/python3.7/site-packages/airflow/example_dags/example_xcomargs.py took 0.589 seconds
[2022-01-08 12:26:00,423] {processor.py:163} INFO - Started process (PID=2128) to work on /home/airflow/.local/lib/python3.7/site-packages/airflow/example_dags/example_xcomargs.py
[2022-01-08 12:26:00,424] {processor.py:625} INFO - Processing file /home/airflow/.local/lib/python3.7/site-packages/airflow/example_dags/example_xcomargs.py for tasks to queue
[2022-01-08 12:26:00,424] {logging_mixin.py:109} INFO - [2022-01-08 12:26:00,424] {dagbag.py:500} INFO - Filling up the DagBag from /home/airflow/.local/lib/python3.7/site-packages/airflow/example_dags/example_xcomargs.py
[2022-01-08 12:26:00,450] {processor.py:637} INFO - DAG(s) dict_keys(['example_xcom_args', 'example_xcom_args_with_operators']) retrieved from /home/airflow/.local/lib/python3.7/site-packages/airflow/example_dags/example_xcomargs.py
[2022-01-08 12:26:00,461] {logging_mixin.py:109} INFO - [2022-01-08 12:26:00,461] {dag.py:2396} INFO - Sync 2 DAGs
[2022-01-08 12:26:00,473] {logging_mixin.py:109} INFO - [2022-01-08 12:26:00,473] {dag.py:2928} INFO - Setting next_dagrun for example_xcom_args to None
[2022-01-08 12:26:00,474] {logging_mixin.py:109} INFO - [2022-01-08 12:26:00,474] {dag.py:2928} INFO - Setting next_dagrun for example_xcom_args_with_operators to None
[2022-01-08 12:26:00,483] {processor.py:171} INFO - Processing /home/airflow/.local/lib/python3.7/site-packages/airflow/example_dags/example_xcomargs.py took 0.064 seconds
[2022-01-08 12:26:30,821] {processor.py:163} INFO - Started process (PID=2188) to work on /home/airflow/.local/lib/python3.7/site-packages/airflow/example_dags/example_xcomargs.py
[2022-01-08 12:26:30,822] {processor.py:625} INFO - Processing file /home/airflow/.local/lib/python3.7/site-packages/airflow/example_dags/example_xcomargs.py for tasks to queue
[2022-01-08 12:26:30,823] {logging_mixin.py:109} INFO - [2022-01-08 12:26:30,823] {dagbag.py:500} INFO - Filling up the DagBag from /home/airflow/.local/lib/python3.7/site-packages/airflow/example_dags/example_xcomargs.py
[2022-01-08 12:26:30,848] {processor.py:637} INFO - DAG(s) dict_keys(['example_xcom_args', 'example_xcom_args_with_operators']) retrieved from /home/airflow/.local/lib/python3.7/site-packages/airflow/example_dags/example_xcomargs.py
[2022-01-08 12:26:31,095] {logging_mixin.py:109} INFO - [2022-01-08 12:26:31,095] {dag.py:2396} INFO - Sync 2 DAGs
[2022-01-08 12:26:31,108] {logging_mixin.py:109} INFO - [2022-01-08 12:26:31,108] {dag.py:2928} INFO - Setting next_dagrun for example_xcom_args to None
[2022-01-08 12:26:31,108] {logging_mixin.py:109} INFO - [2022-01-08 12:26:31,108] {dag.py:2928} INFO - Setting next_dagrun for example_xcom_args_with_operators to None
[2022-01-08 12:26:31,119] {processor.py:171} INFO - Processing /home/airflow/.local/lib/python3.7/site-packages/airflow/example_dags/example_xcomargs.py took 0.301 seconds
[2022-01-08 12:27:01,159] {processor.py:163} INFO - Started process (PID=2257) to work on /home/airflow/.local/lib/python3.7/site-packages/airflow/example_dags/example_xcomargs.py
[2022-01-08 12:27:01,160] {processor.py:625} INFO - Processing file /home/airflow/.local/lib/python3.7/site-packages/airflow/example_dags/example_xcomargs.py for tasks to queue
[2022-01-08 12:27:01,161] {logging_mixin.py:109} INFO - [2022-01-08 12:27:01,161] {dagbag.py:500} INFO - Filling up the DagBag from /home/airflow/.local/lib/python3.7/site-packages/airflow/example_dags/example_xcomargs.py
[2022-01-08 12:27:01,185] {processor.py:637} INFO - DAG(s) dict_keys(['example_xcom_args', 'example_xcom_args_with_operators']) retrieved from /home/airflow/.local/lib/python3.7/site-packages/airflow/example_dags/example_xcomargs.py
[2022-01-08 12:27:01,352] {logging_mixin.py:109} INFO - [2022-01-08 12:27:01,352] {dag.py:2396} INFO - Sync 2 DAGs
[2022-01-08 12:27:01,364] {logging_mixin.py:109} INFO - [2022-01-08 12:27:01,364] {dag.py:2928} INFO - Setting next_dagrun for example_xcom_args to None
[2022-01-08 12:27:01,365] {logging_mixin.py:109} INFO - [2022-01-08 12:27:01,365] {dag.py:2928} INFO - Setting next_dagrun for example_xcom_args_with_operators to None
[2022-01-08 12:27:01,374] {processor.py:171} INFO - Processing /home/airflow/.local/lib/python3.7/site-packages/airflow/example_dags/example_xcomargs.py took 0.218 seconds
[2022-01-08 12:27:31,434] {processor.py:163} INFO - Started process (PID=2317) to work on /home/airflow/.local/lib/python3.7/site-packages/airflow/example_dags/example_xcomargs.py
[2022-01-08 12:27:31,435] {processor.py:625} INFO - Processing file /home/airflow/.local/lib/python3.7/site-packages/airflow/example_dags/example_xcomargs.py for tasks to queue
[2022-01-08 12:27:31,436] {logging_mixin.py:109} INFO - [2022-01-08 12:27:31,436] {dagbag.py:500} INFO - Filling up the DagBag from /home/airflow/.local/lib/python3.7/site-packages/airflow/example_dags/example_xcomargs.py
[2022-01-08 12:27:31,521] {processor.py:637} INFO - DAG(s) dict_keys(['example_xcom_args', 'example_xcom_args_with_operators']) retrieved from /home/airflow/.local/lib/python3.7/site-packages/airflow/example_dags/example_xcomargs.py
[2022-01-08 12:27:31,694] {logging_mixin.py:109} INFO - [2022-01-08 12:27:31,694] {dag.py:2396} INFO - Sync 2 DAGs
[2022-01-08 12:27:31,706] {logging_mixin.py:109} INFO - [2022-01-08 12:27:31,706] {dag.py:2928} INFO - Setting next_dagrun for example_xcom_args to None
[2022-01-08 12:27:31,706] {logging_mixin.py:109} INFO - [2022-01-08 12:27:31,706] {dag.py:2928} INFO - Setting next_dagrun for example_xcom_args_with_operators to None
[2022-01-08 12:27:31,718] {processor.py:171} INFO - Processing /home/airflow/.local/lib/python3.7/site-packages/airflow/example_dags/example_xcomargs.py took 0.286 seconds
[2022-01-08 12:28:02,243] {processor.py:163} INFO - Started process (PID=2387) to work on /home/airflow/.local/lib/python3.7/site-packages/airflow/example_dags/example_xcomargs.py
[2022-01-08 12:28:02,244] {processor.py:625} INFO - Processing file /home/airflow/.local/lib/python3.7/site-packages/airflow/example_dags/example_xcomargs.py for tasks to queue
[2022-01-08 12:28:02,245] {logging_mixin.py:109} INFO - [2022-01-08 12:28:02,245] {dagbag.py:500} INFO - Filling up the DagBag from /home/airflow/.local/lib/python3.7/site-packages/airflow/example_dags/example_xcomargs.py
[2022-01-08 12:28:02,271] {processor.py:637} INFO - DAG(s) dict_keys(['example_xcom_args', 'example_xcom_args_with_operators']) retrieved from /home/airflow/.local/lib/python3.7/site-packages/airflow/example_dags/example_xcomargs.py
[2022-01-08 12:28:02,461] {logging_mixin.py:109} INFO - [2022-01-08 12:28:02,461] {dag.py:2396} INFO - Sync 2 DAGs
[2022-01-08 12:28:02,472] {logging_mixin.py:109} INFO - [2022-01-08 12:28:02,472] {dag.py:2928} INFO - Setting next_dagrun for example_xcom_args to None
[2022-01-08 12:28:02,473] {logging_mixin.py:109} INFO - [2022-01-08 12:28:02,473] {dag.py:2928} INFO - Setting next_dagrun for example_xcom_args_with_operators to None
[2022-01-08 12:28:02,481] {processor.py:171} INFO - Processing /home/airflow/.local/lib/python3.7/site-packages/airflow/example_dags/example_xcomargs.py took 0.241 seconds
[2022-01-08 12:28:32,560] {processor.py:163} INFO - Started process (PID=2447) to work on /home/airflow/.local/lib/python3.7/site-packages/airflow/example_dags/example_xcomargs.py
[2022-01-08 12:28:32,561] {processor.py:625} INFO - Processing file /home/airflow/.local/lib/python3.7/site-packages/airflow/example_dags/example_xcomargs.py for tasks to queue
[2022-01-08 12:28:32,562] {logging_mixin.py:109} INFO - [2022-01-08 12:28:32,562] {dagbag.py:500} INFO - Filling up the DagBag from /home/airflow/.local/lib/python3.7/site-packages/airflow/example_dags/example_xcomargs.py
[2022-01-08 12:28:32,597] {processor.py:637} INFO - DAG(s) dict_keys(['example_xcom_args', 'example_xcom_args_with_operators']) retrieved from /home/airflow/.local/lib/python3.7/site-packages/airflow/example_dags/example_xcomargs.py
[2022-01-08 12:28:32,788] {logging_mixin.py:109} INFO - [2022-01-08 12:28:32,787] {dag.py:2396} INFO - Sync 2 DAGs
[2022-01-08 12:28:32,800] {logging_mixin.py:109} INFO - [2022-01-08 12:28:32,799] {dag.py:2928} INFO - Setting next_dagrun for example_xcom_args to None
[2022-01-08 12:28:32,800] {logging_mixin.py:109} INFO - [2022-01-08 12:28:32,800] {dag.py:2928} INFO - Setting next_dagrun for example_xcom_args_with_operators to None
[2022-01-08 12:28:32,809] {processor.py:171} INFO - Processing /home/airflow/.local/lib/python3.7/site-packages/airflow/example_dags/example_xcomargs.py took 0.251 seconds
[2022-01-08 12:29:03,412] {processor.py:163} INFO - Started process (PID=2518) to work on /home/airflow/.local/lib/python3.7/site-packages/airflow/example_dags/example_xcomargs.py
[2022-01-08 12:29:03,414] {processor.py:625} INFO - Processing file /home/airflow/.local/lib/python3.7/site-packages/airflow/example_dags/example_xcomargs.py for tasks to queue
[2022-01-08 12:29:03,415] {logging_mixin.py:109} INFO - [2022-01-08 12:29:03,415] {dagbag.py:500} INFO - Filling up the DagBag from /home/airflow/.local/lib/python3.7/site-packages/airflow/example_dags/example_xcomargs.py
[2022-01-08 12:29:03,446] {processor.py:637} INFO - DAG(s) dict_keys(['example_xcom_args', 'example_xcom_args_with_operators']) retrieved from /home/airflow/.local/lib/python3.7/site-packages/airflow/example_dags/example_xcomargs.py
[2022-01-08 12:29:03,684] {logging_mixin.py:109} INFO - [2022-01-08 12:29:03,684] {dag.py:2396} INFO - Sync 2 DAGs
[2022-01-08 12:29:03,700] {logging_mixin.py:109} INFO - [2022-01-08 12:29:03,700] {dag.py:2928} INFO - Setting next_dagrun for example_xcom_args to None
[2022-01-08 12:29:03,701] {logging_mixin.py:109} INFO - [2022-01-08 12:29:03,701] {dag.py:2928} INFO - Setting next_dagrun for example_xcom_args_with_operators to None
[2022-01-08 12:29:03,715] {processor.py:171} INFO - Processing /home/airflow/.local/lib/python3.7/site-packages/airflow/example_dags/example_xcomargs.py took 0.305 seconds
[2022-01-08 12:29:34,715] {processor.py:163} INFO - Started process (PID=2580) to work on /home/airflow/.local/lib/python3.7/site-packages/airflow/example_dags/example_xcomargs.py
[2022-01-08 12:29:34,716] {processor.py:625} INFO - Processing file /home/airflow/.local/lib/python3.7/site-packages/airflow/example_dags/example_xcomargs.py for tasks to queue
[2022-01-08 12:29:34,717] {logging_mixin.py:109} INFO - [2022-01-08 12:29:34,717] {dagbag.py:500} INFO - Filling up the DagBag from /home/airflow/.local/lib/python3.7/site-packages/airflow/example_dags/example_xcomargs.py
[2022-01-08 12:29:34,771] {processor.py:637} INFO - DAG(s) dict_keys(['example_xcom_args', 'example_xcom_args_with_operators']) retrieved from /home/airflow/.local/lib/python3.7/site-packages/airflow/example_dags/example_xcomargs.py
[2022-01-08 12:29:35,120] {logging_mixin.py:109} INFO - [2022-01-08 12:29:35,119] {dag.py:2396} INFO - Sync 2 DAGs
[2022-01-08 12:29:35,138] {logging_mixin.py:109} INFO - [2022-01-08 12:29:35,138] {dag.py:2928} INFO - Setting next_dagrun for example_xcom_args to None
[2022-01-08 12:29:35,139] {logging_mixin.py:109} INFO - [2022-01-08 12:29:35,139] {dag.py:2928} INFO - Setting next_dagrun for example_xcom_args_with_operators to None
[2022-01-08 12:29:35,153] {processor.py:171} INFO - Processing /home/airflow/.local/lib/python3.7/site-packages/airflow/example_dags/example_xcomargs.py took 0.442 seconds
[2022-01-08 12:30:05,303] {processor.py:163} INFO - Started process (PID=2641) to work on /home/airflow/.local/lib/python3.7/site-packages/airflow/example_dags/example_xcomargs.py
[2022-01-08 12:30:05,308] {processor.py:625} INFO - Processing file /home/airflow/.local/lib/python3.7/site-packages/airflow/example_dags/example_xcomargs.py for tasks to queue
[2022-01-08 12:30:05,309] {logging_mixin.py:109} INFO - [2022-01-08 12:30:05,309] {dagbag.py:500} INFO - Filling up the DagBag from /home/airflow/.local/lib/python3.7/site-packages/airflow/example_dags/example_xcomargs.py
[2022-01-08 12:30:05,375] {processor.py:637} INFO - DAG(s) dict_keys(['example_xcom_args', 'example_xcom_args_with_operators']) retrieved from /home/airflow/.local/lib/python3.7/site-packages/airflow/example_dags/example_xcomargs.py
[2022-01-08 12:30:05,771] {logging_mixin.py:109} INFO - [2022-01-08 12:30:05,771] {dag.py:2396} INFO - Sync 2 DAGs
[2022-01-08 12:30:05,822] {logging_mixin.py:109} INFO - [2022-01-08 12:30:05,822] {dag.py:2928} INFO - Setting next_dagrun for example_xcom_args to None
[2022-01-08 12:30:05,823] {logging_mixin.py:109} INFO - [2022-01-08 12:30:05,823] {dag.py:2928} INFO - Setting next_dagrun for example_xcom_args_with_operators to None
[2022-01-08 12:30:05,847] {processor.py:171} INFO - Processing /home/airflow/.local/lib/python3.7/site-packages/airflow/example_dags/example_xcomargs.py took 0.549 seconds
[2022-01-08 12:30:36,771] {processor.py:163} INFO - Started process (PID=2712) to work on /home/airflow/.local/lib/python3.7/site-packages/airflow/example_dags/example_xcomargs.py
[2022-01-08 12:30:36,772] {processor.py:625} INFO - Processing file /home/airflow/.local/lib/python3.7/site-packages/airflow/example_dags/example_xcomargs.py for tasks to queue
[2022-01-08 12:30:36,773] {logging_mixin.py:109} INFO - [2022-01-08 12:30:36,773] {dagbag.py:500} INFO - Filling up the DagBag from /home/airflow/.local/lib/python3.7/site-packages/airflow/example_dags/example_xcomargs.py
[2022-01-08 12:30:36,802] {processor.py:637} INFO - DAG(s) dict_keys(['example_xcom_args', 'example_xcom_args_with_operators']) retrieved from /home/airflow/.local/lib/python3.7/site-packages/airflow/example_dags/example_xcomargs.py
[2022-01-08 12:30:37,017] {logging_mixin.py:109} INFO - [2022-01-08 12:30:37,017] {dag.py:2396} INFO - Sync 2 DAGs
[2022-01-08 12:30:37,029] {logging_mixin.py:109} INFO - [2022-01-08 12:30:37,028] {dag.py:2928} INFO - Setting next_dagrun for example_xcom_args to None
[2022-01-08 12:30:37,029] {logging_mixin.py:109} INFO - [2022-01-08 12:30:37,029] {dag.py:2928} INFO - Setting next_dagrun for example_xcom_args_with_operators to None
[2022-01-08 12:30:37,043] {processor.py:171} INFO - Processing /home/airflow/.local/lib/python3.7/site-packages/airflow/example_dags/example_xcomargs.py took 0.274 seconds
[2022-01-08 12:31:07,592] {processor.py:163} INFO - Started process (PID=2774) to work on /home/airflow/.local/lib/python3.7/site-packages/airflow/example_dags/example_xcomargs.py
[2022-01-08 12:31:07,593] {processor.py:625} INFO - Processing file /home/airflow/.local/lib/python3.7/site-packages/airflow/example_dags/example_xcomargs.py for tasks to queue
[2022-01-08 12:31:07,594] {logging_mixin.py:109} INFO - [2022-01-08 12:31:07,594] {dagbag.py:500} INFO - Filling up the DagBag from /home/airflow/.local/lib/python3.7/site-packages/airflow/example_dags/example_xcomargs.py
[2022-01-08 12:31:07,624] {processor.py:637} INFO - DAG(s) dict_keys(['example_xcom_args', 'example_xcom_args_with_operators']) retrieved from /home/airflow/.local/lib/python3.7/site-packages/airflow/example_dags/example_xcomargs.py
[2022-01-08 12:31:07,841] {logging_mixin.py:109} INFO - [2022-01-08 12:31:07,841] {dag.py:2396} INFO - Sync 2 DAGs
[2022-01-08 12:31:07,857] {logging_mixin.py:109} INFO - [2022-01-08 12:31:07,857] {dag.py:2928} INFO - Setting next_dagrun for example_xcom_args to None
[2022-01-08 12:31:07,857] {logging_mixin.py:109} INFO - [2022-01-08 12:31:07,857] {dag.py:2928} INFO - Setting next_dagrun for example_xcom_args_with_operators to None
[2022-01-08 12:31:07,870] {processor.py:171} INFO - Processing /home/airflow/.local/lib/python3.7/site-packages/airflow/example_dags/example_xcomargs.py took 0.281 seconds
[2022-01-08 12:31:38,129] {processor.py:163} INFO - Started process (PID=2844) to work on /home/airflow/.local/lib/python3.7/site-packages/airflow/example_dags/example_xcomargs.py
[2022-01-08 12:31:38,130] {processor.py:625} INFO - Processing file /home/airflow/.local/lib/python3.7/site-packages/airflow/example_dags/example_xcomargs.py for tasks to queue
[2022-01-08 12:31:38,131] {logging_mixin.py:109} INFO - [2022-01-08 12:31:38,131] {dagbag.py:500} INFO - Filling up the DagBag from /home/airflow/.local/lib/python3.7/site-packages/airflow/example_dags/example_xcomargs.py
[2022-01-08 12:31:38,176] {processor.py:637} INFO - DAG(s) dict_keys(['example_xcom_args', 'example_xcom_args_with_operators']) retrieved from /home/airflow/.local/lib/python3.7/site-packages/airflow/example_dags/example_xcomargs.py
[2022-01-08 12:31:38,541] {logging_mixin.py:109} INFO - [2022-01-08 12:31:38,541] {dag.py:2396} INFO - Sync 2 DAGs
[2022-01-08 12:31:38,559] {logging_mixin.py:109} INFO - [2022-01-08 12:31:38,559] {dag.py:2928} INFO - Setting next_dagrun for example_xcom_args to None
[2022-01-08 12:31:38,560] {logging_mixin.py:109} INFO - [2022-01-08 12:31:38,560] {dag.py:2928} INFO - Setting next_dagrun for example_xcom_args_with_operators to None
[2022-01-08 12:31:38,574] {processor.py:171} INFO - Processing /home/airflow/.local/lib/python3.7/site-packages/airflow/example_dags/example_xcomargs.py took 0.448 seconds
[2022-01-08 12:32:09,386] {processor.py:163} INFO - Started process (PID=2906) to work on /home/airflow/.local/lib/python3.7/site-packages/airflow/example_dags/example_xcomargs.py
[2022-01-08 12:32:09,391] {processor.py:625} INFO - Processing file /home/airflow/.local/lib/python3.7/site-packages/airflow/example_dags/example_xcomargs.py for tasks to queue
[2022-01-08 12:32:09,392] {logging_mixin.py:109} INFO - [2022-01-08 12:32:09,392] {dagbag.py:500} INFO - Filling up the DagBag from /home/airflow/.local/lib/python3.7/site-packages/airflow/example_dags/example_xcomargs.py
[2022-01-08 12:32:09,436] {processor.py:637} INFO - DAG(s) dict_keys(['example_xcom_args', 'example_xcom_args_with_operators']) retrieved from /home/airflow/.local/lib/python3.7/site-packages/airflow/example_dags/example_xcomargs.py
[2022-01-08 12:32:09,691] {logging_mixin.py:109} INFO - [2022-01-08 12:32:09,691] {dag.py:2396} INFO - Sync 2 DAGs
[2022-01-08 12:32:09,713] {logging_mixin.py:109} INFO - [2022-01-08 12:32:09,713] {dag.py:2928} INFO - Setting next_dagrun for example_xcom_args to None
[2022-01-08 12:32:09,714] {logging_mixin.py:109} INFO - [2022-01-08 12:32:09,714] {dag.py:2928} INFO - Setting next_dagrun for example_xcom_args_with_operators to None
[2022-01-08 12:32:09,727] {processor.py:171} INFO - Processing /home/airflow/.local/lib/python3.7/site-packages/airflow/example_dags/example_xcomargs.py took 0.345 seconds
[2022-01-08 12:32:39,950] {processor.py:163} INFO - Started process (PID=2969) to work on /home/airflow/.local/lib/python3.7/site-packages/airflow/example_dags/example_xcomargs.py
[2022-01-08 12:32:39,951] {processor.py:625} INFO - Processing file /home/airflow/.local/lib/python3.7/site-packages/airflow/example_dags/example_xcomargs.py for tasks to queue
[2022-01-08 12:32:39,952] {logging_mixin.py:109} INFO - [2022-01-08 12:32:39,952] {dagbag.py:500} INFO - Filling up the DagBag from /home/airflow/.local/lib/python3.7/site-packages/airflow/example_dags/example_xcomargs.py
[2022-01-08 12:32:39,980] {processor.py:637} INFO - DAG(s) dict_keys(['example_xcom_args', 'example_xcom_args_with_operators']) retrieved from /home/airflow/.local/lib/python3.7/site-packages/airflow/example_dags/example_xcomargs.py
[2022-01-08 12:32:40,148] {logging_mixin.py:109} INFO - [2022-01-08 12:32:40,148] {dag.py:2396} INFO - Sync 2 DAGs
[2022-01-08 12:32:40,163] {logging_mixin.py:109} INFO - [2022-01-08 12:32:40,163] {dag.py:2928} INFO - Setting next_dagrun for example_xcom_args to None
[2022-01-08 12:32:40,164] {logging_mixin.py:109} INFO - [2022-01-08 12:32:40,164] {dag.py:2928} INFO - Setting next_dagrun for example_xcom_args_with_operators to None
[2022-01-08 12:32:40,178] {processor.py:171} INFO - Processing /home/airflow/.local/lib/python3.7/site-packages/airflow/example_dags/example_xcomargs.py took 0.231 seconds
[2022-01-08 12:33:11,153] {processor.py:163} INFO - Started process (PID=3036) to work on /home/airflow/.local/lib/python3.7/site-packages/airflow/example_dags/example_xcomargs.py
[2022-01-08 12:33:11,154] {processor.py:625} INFO - Processing file /home/airflow/.local/lib/python3.7/site-packages/airflow/example_dags/example_xcomargs.py for tasks to queue
[2022-01-08 12:33:11,155] {logging_mixin.py:109} INFO - [2022-01-08 12:33:11,155] {dagbag.py:500} INFO - Filling up the DagBag from /home/airflow/.local/lib/python3.7/site-packages/airflow/example_dags/example_xcomargs.py
[2022-01-08 12:33:11,183] {processor.py:637} INFO - DAG(s) dict_keys(['example_xcom_args', 'example_xcom_args_with_operators']) retrieved from /home/airflow/.local/lib/python3.7/site-packages/airflow/example_dags/example_xcomargs.py
[2022-01-08 12:33:11,379] {logging_mixin.py:109} INFO - [2022-01-08 12:33:11,379] {dag.py:2396} INFO - Sync 2 DAGs
[2022-01-08 12:33:11,394] {logging_mixin.py:109} INFO - [2022-01-08 12:33:11,394] {dag.py:2928} INFO - Setting next_dagrun for example_xcom_args to None
[2022-01-08 12:33:11,394] {logging_mixin.py:109} INFO - [2022-01-08 12:33:11,394] {dag.py:2928} INFO - Setting next_dagrun for example_xcom_args_with_operators to None
[2022-01-08 12:33:11,403] {processor.py:171} INFO - Processing /home/airflow/.local/lib/python3.7/site-packages/airflow/example_dags/example_xcomargs.py took 0.252 seconds
[2022-01-08 12:33:41,944] {processor.py:163} INFO - Started process (PID=3108) to work on /home/airflow/.local/lib/python3.7/site-packages/airflow/example_dags/example_xcomargs.py
[2022-01-08 12:33:41,946] {processor.py:625} INFO - Processing file /home/airflow/.local/lib/python3.7/site-packages/airflow/example_dags/example_xcomargs.py for tasks to queue
[2022-01-08 12:33:41,947] {logging_mixin.py:109} INFO - [2022-01-08 12:33:41,947] {dagbag.py:500} INFO - Filling up the DagBag from /home/airflow/.local/lib/python3.7/site-packages/airflow/example_dags/example_xcomargs.py
[2022-01-08 12:33:41,988] {processor.py:637} INFO - DAG(s) dict_keys(['example_xcom_args', 'example_xcom_args_with_operators']) retrieved from /home/airflow/.local/lib/python3.7/site-packages/airflow/example_dags/example_xcomargs.py
[2022-01-08 12:33:42,191] {logging_mixin.py:109} INFO - [2022-01-08 12:33:42,191] {dag.py:2396} INFO - Sync 2 DAGs
[2022-01-08 12:33:42,205] {logging_mixin.py:109} INFO - [2022-01-08 12:33:42,205] {dag.py:2928} INFO - Setting next_dagrun for example_xcom_args to None
[2022-01-08 12:33:42,205] {logging_mixin.py:109} INFO - [2022-01-08 12:33:42,205] {dag.py:2928} INFO - Setting next_dagrun for example_xcom_args_with_operators to None
[2022-01-08 12:33:42,217] {processor.py:171} INFO - Processing /home/airflow/.local/lib/python3.7/site-packages/airflow/example_dags/example_xcomargs.py took 0.278 seconds
[2022-01-08 12:34:12,326] {processor.py:163} INFO - Started process (PID=3170) to work on /home/airflow/.local/lib/python3.7/site-packages/airflow/example_dags/example_xcomargs.py
[2022-01-08 12:34:12,327] {processor.py:625} INFO - Processing file /home/airflow/.local/lib/python3.7/site-packages/airflow/example_dags/example_xcomargs.py for tasks to queue
[2022-01-08 12:34:12,328] {logging_mixin.py:109} INFO - [2022-01-08 12:34:12,328] {dagbag.py:500} INFO - Filling up the DagBag from /home/airflow/.local/lib/python3.7/site-packages/airflow/example_dags/example_xcomargs.py
[2022-01-08 12:34:12,354] {processor.py:637} INFO - DAG(s) dict_keys(['example_xcom_args', 'example_xcom_args_with_operators']) retrieved from /home/airflow/.local/lib/python3.7/site-packages/airflow/example_dags/example_xcomargs.py
[2022-01-08 12:34:12,520] {logging_mixin.py:109} INFO - [2022-01-08 12:34:12,520] {dag.py:2396} INFO - Sync 2 DAGs
[2022-01-08 12:34:12,536] {logging_mixin.py:109} INFO - [2022-01-08 12:34:12,536] {dag.py:2928} INFO - Setting next_dagrun for example_xcom_args to None
[2022-01-08 12:34:12,537] {logging_mixin.py:109} INFO - [2022-01-08 12:34:12,537] {dag.py:2928} INFO - Setting next_dagrun for example_xcom_args_with_operators to None
[2022-01-08 12:34:12,548] {processor.py:171} INFO - Processing /home/airflow/.local/lib/python3.7/site-packages/airflow/example_dags/example_xcomargs.py took 0.224 seconds
[2022-01-08 12:34:42,811] {processor.py:163} INFO - Started process (PID=3240) to work on /home/airflow/.local/lib/python3.7/site-packages/airflow/example_dags/example_xcomargs.py
[2022-01-08 12:34:42,813] {processor.py:625} INFO - Processing file /home/airflow/.local/lib/python3.7/site-packages/airflow/example_dags/example_xcomargs.py for tasks to queue
[2022-01-08 12:34:42,814] {logging_mixin.py:109} INFO - [2022-01-08 12:34:42,814] {dagbag.py:500} INFO - Filling up the DagBag from /home/airflow/.local/lib/python3.7/site-packages/airflow/example_dags/example_xcomargs.py
[2022-01-08 12:34:42,849] {processor.py:637} INFO - DAG(s) dict_keys(['example_xcom_args', 'example_xcom_args_with_operators']) retrieved from /home/airflow/.local/lib/python3.7/site-packages/airflow/example_dags/example_xcomargs.py
[2022-01-08 12:34:43,092] {logging_mixin.py:109} INFO - [2022-01-08 12:34:43,092] {dag.py:2396} INFO - Sync 2 DAGs
[2022-01-08 12:34:43,104] {logging_mixin.py:109} INFO - [2022-01-08 12:34:43,104] {dag.py:2928} INFO - Setting next_dagrun for example_xcom_args to None
[2022-01-08 12:34:43,105] {logging_mixin.py:109} INFO - [2022-01-08 12:34:43,105] {dag.py:2928} INFO - Setting next_dagrun for example_xcom_args_with_operators to None
[2022-01-08 12:34:43,116] {processor.py:171} INFO - Processing /home/airflow/.local/lib/python3.7/site-packages/airflow/example_dags/example_xcomargs.py took 0.308 seconds
[2022-01-08 12:35:13,199] {processor.py:163} INFO - Started process (PID=3302) to work on /home/airflow/.local/lib/python3.7/site-packages/airflow/example_dags/example_xcomargs.py
[2022-01-08 12:35:13,201] {processor.py:625} INFO - Processing file /home/airflow/.local/lib/python3.7/site-packages/airflow/example_dags/example_xcomargs.py for tasks to queue
[2022-01-08 12:35:13,201] {logging_mixin.py:109} INFO - [2022-01-08 12:35:13,201] {dagbag.py:500} INFO - Filling up the DagBag from /home/airflow/.local/lib/python3.7/site-packages/airflow/example_dags/example_xcomargs.py
[2022-01-08 12:35:13,235] {processor.py:637} INFO - DAG(s) dict_keys(['example_xcom_args', 'example_xcom_args_with_operators']) retrieved from /home/airflow/.local/lib/python3.7/site-packages/airflow/example_dags/example_xcomargs.py
[2022-01-08 12:35:13,406] {logging_mixin.py:109} INFO - [2022-01-08 12:35:13,406] {dag.py:2396} INFO - Sync 2 DAGs
[2022-01-08 12:35:13,419] {logging_mixin.py:109} INFO - [2022-01-08 12:35:13,418] {dag.py:2928} INFO - Setting next_dagrun for example_xcom_args to None
[2022-01-08 12:35:13,419] {logging_mixin.py:109} INFO - [2022-01-08 12:35:13,419] {dag.py:2928} INFO - Setting next_dagrun for example_xcom_args_with_operators to None
[2022-01-08 12:35:13,431] {processor.py:171} INFO - Processing /home/airflow/.local/lib/python3.7/site-packages/airflow/example_dags/example_xcomargs.py took 0.236 seconds
[2022-01-08 12:35:43,963] {processor.py:163} INFO - Started process (PID=3374) to work on /home/airflow/.local/lib/python3.7/site-packages/airflow/example_dags/example_xcomargs.py
[2022-01-08 12:35:43,964] {processor.py:625} INFO - Processing file /home/airflow/.local/lib/python3.7/site-packages/airflow/example_dags/example_xcomargs.py for tasks to queue
[2022-01-08 12:35:43,964] {logging_mixin.py:109} INFO - [2022-01-08 12:35:43,964] {dagbag.py:500} INFO - Filling up the DagBag from /home/airflow/.local/lib/python3.7/site-packages/airflow/example_dags/example_xcomargs.py
[2022-01-08 12:35:43,990] {processor.py:637} INFO - DAG(s) dict_keys(['example_xcom_args', 'example_xcom_args_with_operators']) retrieved from /home/airflow/.local/lib/python3.7/site-packages/airflow/example_dags/example_xcomargs.py
[2022-01-08 12:35:44,163] {logging_mixin.py:109} INFO - [2022-01-08 12:35:44,163] {dag.py:2396} INFO - Sync 2 DAGs
[2022-01-08 12:35:44,176] {logging_mixin.py:109} INFO - [2022-01-08 12:35:44,176] {dag.py:2928} INFO - Setting next_dagrun for example_xcom_args to None
[2022-01-08 12:35:44,177] {logging_mixin.py:109} INFO - [2022-01-08 12:35:44,176] {dag.py:2928} INFO - Setting next_dagrun for example_xcom_args_with_operators to None
[2022-01-08 12:35:44,186] {processor.py:171} INFO - Processing /home/airflow/.local/lib/python3.7/site-packages/airflow/example_dags/example_xcomargs.py took 0.225 seconds
[2022-01-08 12:36:14,495] {processor.py:163} INFO - Started process (PID=3434) to work on /home/airflow/.local/lib/python3.7/site-packages/airflow/example_dags/example_xcomargs.py
[2022-01-08 12:36:14,497] {processor.py:625} INFO - Processing file /home/airflow/.local/lib/python3.7/site-packages/airflow/example_dags/example_xcomargs.py for tasks to queue
[2022-01-08 12:36:14,497] {logging_mixin.py:109} INFO - [2022-01-08 12:36:14,497] {dagbag.py:500} INFO - Filling up the DagBag from /home/airflow/.local/lib/python3.7/site-packages/airflow/example_dags/example_xcomargs.py
[2022-01-08 12:36:14,522] {processor.py:637} INFO - DAG(s) dict_keys(['example_xcom_args', 'example_xcom_args_with_operators']) retrieved from /home/airflow/.local/lib/python3.7/site-packages/airflow/example_dags/example_xcomargs.py
[2022-01-08 12:36:14,698] {logging_mixin.py:109} INFO - [2022-01-08 12:36:14,698] {dag.py:2396} INFO - Sync 2 DAGs
[2022-01-08 12:36:14,710] {logging_mixin.py:109} INFO - [2022-01-08 12:36:14,710] {dag.py:2928} INFO - Setting next_dagrun for example_xcom_args to None
[2022-01-08 12:36:14,710] {logging_mixin.py:109} INFO - [2022-01-08 12:36:14,710] {dag.py:2928} INFO - Setting next_dagrun for example_xcom_args_with_operators to None
[2022-01-08 12:36:14,721] {processor.py:171} INFO - Processing /home/airflow/.local/lib/python3.7/site-packages/airflow/example_dags/example_xcomargs.py took 0.228 seconds
[2022-01-08 12:36:44,998] {processor.py:163} INFO - Started process (PID=3495) to work on /home/airflow/.local/lib/python3.7/site-packages/airflow/example_dags/example_xcomargs.py
[2022-01-08 12:36:44,999] {processor.py:625} INFO - Processing file /home/airflow/.local/lib/python3.7/site-packages/airflow/example_dags/example_xcomargs.py for tasks to queue
[2022-01-08 12:36:45,000] {logging_mixin.py:109} INFO - [2022-01-08 12:36:45,000] {dagbag.py:500} INFO - Filling up the DagBag from /home/airflow/.local/lib/python3.7/site-packages/airflow/example_dags/example_xcomargs.py
[2022-01-08 12:36:45,031] {processor.py:637} INFO - DAG(s) dict_keys(['example_xcom_args', 'example_xcom_args_with_operators']) retrieved from /home/airflow/.local/lib/python3.7/site-packages/airflow/example_dags/example_xcomargs.py
[2022-01-08 12:36:45,289] {logging_mixin.py:109} INFO - [2022-01-08 12:36:45,289] {dag.py:2396} INFO - Sync 2 DAGs
[2022-01-08 12:36:45,315] {logging_mixin.py:109} INFO - [2022-01-08 12:36:45,315] {dag.py:2928} INFO - Setting next_dagrun for example_xcom_args to None
[2022-01-08 12:36:45,316] {logging_mixin.py:109} INFO - [2022-01-08 12:36:45,316] {dag.py:2928} INFO - Setting next_dagrun for example_xcom_args_with_operators to None
[2022-01-08 12:36:45,333] {processor.py:171} INFO - Processing /home/airflow/.local/lib/python3.7/site-packages/airflow/example_dags/example_xcomargs.py took 0.340 seconds
[2022-01-08 12:37:16,154] {processor.py:163} INFO - Started process (PID=3566) to work on /home/airflow/.local/lib/python3.7/site-packages/airflow/example_dags/example_xcomargs.py
[2022-01-08 12:37:16,155] {processor.py:625} INFO - Processing file /home/airflow/.local/lib/python3.7/site-packages/airflow/example_dags/example_xcomargs.py for tasks to queue
[2022-01-08 12:37:16,157] {logging_mixin.py:109} INFO - [2022-01-08 12:37:16,157] {dagbag.py:500} INFO - Filling up the DagBag from /home/airflow/.local/lib/python3.7/site-packages/airflow/example_dags/example_xcomargs.py
[2022-01-08 12:37:16,203] {processor.py:637} INFO - DAG(s) dict_keys(['example_xcom_args', 'example_xcom_args_with_operators']) retrieved from /home/airflow/.local/lib/python3.7/site-packages/airflow/example_dags/example_xcomargs.py
[2022-01-08 12:37:16,538] {logging_mixin.py:109} INFO - [2022-01-08 12:37:16,537] {dag.py:2396} INFO - Sync 2 DAGs
[2022-01-08 12:37:16,563] {logging_mixin.py:109} INFO - [2022-01-08 12:37:16,563] {dag.py:2928} INFO - Setting next_dagrun for example_xcom_args to None
[2022-01-08 12:37:16,564] {logging_mixin.py:109} INFO - [2022-01-08 12:37:16,564] {dag.py:2928} INFO - Setting next_dagrun for example_xcom_args_with_operators to None
[2022-01-08 12:37:16,580] {processor.py:171} INFO - Processing /home/airflow/.local/lib/python3.7/site-packages/airflow/example_dags/example_xcomargs.py took 0.430 seconds
[2022-01-08 12:37:47,412] {processor.py:163} INFO - Started process (PID=3627) to work on /home/airflow/.local/lib/python3.7/site-packages/airflow/example_dags/example_xcomargs.py
[2022-01-08 12:37:47,413] {processor.py:625} INFO - Processing file /home/airflow/.local/lib/python3.7/site-packages/airflow/example_dags/example_xcomargs.py for tasks to queue
[2022-01-08 12:37:47,413] {logging_mixin.py:109} INFO - [2022-01-08 12:37:47,413] {dagbag.py:500} INFO - Filling up the DagBag from /home/airflow/.local/lib/python3.7/site-packages/airflow/example_dags/example_xcomargs.py
[2022-01-08 12:37:47,438] {processor.py:637} INFO - DAG(s) dict_keys(['example_xcom_args', 'example_xcom_args_with_operators']) retrieved from /home/airflow/.local/lib/python3.7/site-packages/airflow/example_dags/example_xcomargs.py
[2022-01-08 12:37:47,597] {logging_mixin.py:109} INFO - [2022-01-08 12:37:47,597] {dag.py:2396} INFO - Sync 2 DAGs
[2022-01-08 12:37:47,608] {logging_mixin.py:109} INFO - [2022-01-08 12:37:47,608] {dag.py:2928} INFO - Setting next_dagrun for example_xcom_args to None
[2022-01-08 12:37:47,609] {logging_mixin.py:109} INFO - [2022-01-08 12:37:47,609] {dag.py:2928} INFO - Setting next_dagrun for example_xcom_args_with_operators to None
[2022-01-08 12:37:47,623] {processor.py:171} INFO - Processing /home/airflow/.local/lib/python3.7/site-packages/airflow/example_dags/example_xcomargs.py took 0.214 seconds
[2022-01-08 12:38:17,819] {processor.py:163} INFO - Started process (PID=3689) to work on /home/airflow/.local/lib/python3.7/site-packages/airflow/example_dags/example_xcomargs.py
[2022-01-08 12:38:17,820] {processor.py:625} INFO - Processing file /home/airflow/.local/lib/python3.7/site-packages/airflow/example_dags/example_xcomargs.py for tasks to queue
[2022-01-08 12:38:17,821] {logging_mixin.py:109} INFO - [2022-01-08 12:38:17,821] {dagbag.py:500} INFO - Filling up the DagBag from /home/airflow/.local/lib/python3.7/site-packages/airflow/example_dags/example_xcomargs.py
[2022-01-08 12:38:17,864] {processor.py:637} INFO - DAG(s) dict_keys(['example_xcom_args', 'example_xcom_args_with_operators']) retrieved from /home/airflow/.local/lib/python3.7/site-packages/airflow/example_dags/example_xcomargs.py
[2022-01-08 12:38:18,081] {logging_mixin.py:109} INFO - [2022-01-08 12:38:18,081] {dag.py:2396} INFO - Sync 2 DAGs
[2022-01-08 12:38:18,106] {logging_mixin.py:109} INFO - [2022-01-08 12:38:18,105] {dag.py:2928} INFO - Setting next_dagrun for example_xcom_args to None
[2022-01-08 12:38:18,106] {logging_mixin.py:109} INFO - [2022-01-08 12:38:18,106] {dag.py:2928} INFO - Setting next_dagrun for example_xcom_args_with_operators to None
[2022-01-08 12:38:18,117] {processor.py:171} INFO - Processing /home/airflow/.local/lib/python3.7/site-packages/airflow/example_dags/example_xcomargs.py took 0.301 seconds
[2022-01-08 12:38:48,635] {processor.py:163} INFO - Started process (PID=3760) to work on /home/airflow/.local/lib/python3.7/site-packages/airflow/example_dags/example_xcomargs.py
[2022-01-08 12:38:48,637] {processor.py:625} INFO - Processing file /home/airflow/.local/lib/python3.7/site-packages/airflow/example_dags/example_xcomargs.py for tasks to queue
[2022-01-08 12:38:48,638] {logging_mixin.py:109} INFO - [2022-01-08 12:38:48,637] {dagbag.py:500} INFO - Filling up the DagBag from /home/airflow/.local/lib/python3.7/site-packages/airflow/example_dags/example_xcomargs.py
[2022-01-08 12:38:48,665] {processor.py:637} INFO - DAG(s) dict_keys(['example_xcom_args', 'example_xcom_args_with_operators']) retrieved from /home/airflow/.local/lib/python3.7/site-packages/airflow/example_dags/example_xcomargs.py
[2022-01-08 12:38:48,889] {logging_mixin.py:109} INFO - [2022-01-08 12:38:48,889] {dag.py:2396} INFO - Sync 2 DAGs
[2022-01-08 12:38:48,903] {logging_mixin.py:109} INFO - [2022-01-08 12:38:48,903] {dag.py:2928} INFO - Setting next_dagrun for example_xcom_args to None
[2022-01-08 12:38:48,904] {logging_mixin.py:109} INFO - [2022-01-08 12:38:48,904] {dag.py:2928} INFO - Setting next_dagrun for example_xcom_args_with_operators to None
[2022-01-08 12:38:48,921] {processor.py:171} INFO - Processing /home/airflow/.local/lib/python3.7/site-packages/airflow/example_dags/example_xcomargs.py took 0.289 seconds
[2022-01-08 12:39:19,108] {processor.py:163} INFO - Started process (PID=3821) to work on /home/airflow/.local/lib/python3.7/site-packages/airflow/example_dags/example_xcomargs.py
[2022-01-08 12:39:19,109] {processor.py:625} INFO - Processing file /home/airflow/.local/lib/python3.7/site-packages/airflow/example_dags/example_xcomargs.py for tasks to queue
[2022-01-08 12:39:19,110] {logging_mixin.py:109} INFO - [2022-01-08 12:39:19,110] {dagbag.py:500} INFO - Filling up the DagBag from /home/airflow/.local/lib/python3.7/site-packages/airflow/example_dags/example_xcomargs.py
[2022-01-08 12:39:19,135] {processor.py:637} INFO - DAG(s) dict_keys(['example_xcom_args', 'example_xcom_args_with_operators']) retrieved from /home/airflow/.local/lib/python3.7/site-packages/airflow/example_dags/example_xcomargs.py
[2022-01-08 12:39:19,304] {logging_mixin.py:109} INFO - [2022-01-08 12:39:19,304] {dag.py:2396} INFO - Sync 2 DAGs
[2022-01-08 12:39:19,316] {logging_mixin.py:109} INFO - [2022-01-08 12:39:19,316] {dag.py:2928} INFO - Setting next_dagrun for example_xcom_args to None
[2022-01-08 12:39:19,317] {logging_mixin.py:109} INFO - [2022-01-08 12:39:19,317] {dag.py:2928} INFO - Setting next_dagrun for example_xcom_args_with_operators to None
[2022-01-08 12:39:19,329] {processor.py:171} INFO - Processing /home/airflow/.local/lib/python3.7/site-packages/airflow/example_dags/example_xcomargs.py took 0.223 seconds
[2022-01-08 12:39:49,918] {processor.py:163} INFO - Started process (PID=3893) to work on /home/airflow/.local/lib/python3.7/site-packages/airflow/example_dags/example_xcomargs.py
[2022-01-08 12:39:49,919] {processor.py:625} INFO - Processing file /home/airflow/.local/lib/python3.7/site-packages/airflow/example_dags/example_xcomargs.py for tasks to queue
[2022-01-08 12:39:49,920] {logging_mixin.py:109} INFO - [2022-01-08 12:39:49,920] {dagbag.py:500} INFO - Filling up the DagBag from /home/airflow/.local/lib/python3.7/site-packages/airflow/example_dags/example_xcomargs.py
[2022-01-08 12:39:49,947] {processor.py:637} INFO - DAG(s) dict_keys(['example_xcom_args', 'example_xcom_args_with_operators']) retrieved from /home/airflow/.local/lib/python3.7/site-packages/airflow/example_dags/example_xcomargs.py
[2022-01-08 12:39:50,155] {logging_mixin.py:109} INFO - [2022-01-08 12:39:50,155] {dag.py:2396} INFO - Sync 2 DAGs
[2022-01-08 12:39:50,169] {logging_mixin.py:109} INFO - [2022-01-08 12:39:50,169] {dag.py:2928} INFO - Setting next_dagrun for example_xcom_args to None
[2022-01-08 12:39:50,170] {logging_mixin.py:109} INFO - [2022-01-08 12:39:50,169] {dag.py:2928} INFO - Setting next_dagrun for example_xcom_args_with_operators to None
[2022-01-08 12:39:50,182] {processor.py:171} INFO - Processing /home/airflow/.local/lib/python3.7/site-packages/airflow/example_dags/example_xcomargs.py took 0.267 seconds
