[2022-01-08 12:09:56,265] {processor.py:163} INFO - Started process (PID=82) to work on /home/airflow/.local/lib/python3.7/site-packages/airflow/example_dags/example_task_group_decorator.py
[2022-01-08 12:09:56,267] {processor.py:625} INFO - Processing file /home/airflow/.local/lib/python3.7/site-packages/airflow/example_dags/example_task_group_decorator.py for tasks to queue
[2022-01-08 12:09:56,268] {logging_mixin.py:109} INFO - [2022-01-08 12:09:56,268] {dagbag.py:500} INFO - Filling up the DagBag from /home/airflow/.local/lib/python3.7/site-packages/airflow/example_dags/example_task_group_decorator.py
[2022-01-08 12:09:56,311] {processor.py:637} INFO - DAG(s) dict_keys(['example_task_group_decorator']) retrieved from /home/airflow/.local/lib/python3.7/site-packages/airflow/example_dags/example_task_group_decorator.py
[2022-01-08 12:09:56,672] {logging_mixin.py:109} INFO - [2022-01-08 12:09:56,672] {dag.py:2396} INFO - Sync 1 DAGs
[2022-01-08 12:09:56,690] {logging_mixin.py:109} INFO - [2022-01-08 12:09:56,690] {dag.py:2928} INFO - Setting next_dagrun for example_task_group_decorator to 2022-01-07T12:09:56.689764+00:00
[2022-01-08 12:09:56,708] {processor.py:171} INFO - Processing /home/airflow/.local/lib/python3.7/site-packages/airflow/example_dags/example_task_group_decorator.py took 0.446 seconds
[2022-01-08 12:10:27,474] {processor.py:163} INFO - Started process (PID=168) to work on /home/airflow/.local/lib/python3.7/site-packages/airflow/example_dags/example_task_group_decorator.py
[2022-01-08 12:10:27,477] {processor.py:625} INFO - Processing file /home/airflow/.local/lib/python3.7/site-packages/airflow/example_dags/example_task_group_decorator.py for tasks to queue
[2022-01-08 12:10:27,480] {logging_mixin.py:109} INFO - [2022-01-08 12:10:27,480] {dagbag.py:500} INFO - Filling up the DagBag from /home/airflow/.local/lib/python3.7/site-packages/airflow/example_dags/example_task_group_decorator.py
[2022-01-08 12:10:27,537] {processor.py:637} INFO - DAG(s) dict_keys(['example_task_group_decorator']) retrieved from /home/airflow/.local/lib/python3.7/site-packages/airflow/example_dags/example_task_group_decorator.py
[2022-01-08 12:10:27,854] {logging_mixin.py:109} INFO - [2022-01-08 12:10:27,854] {dag.py:2396} INFO - Sync 1 DAGs
[2022-01-08 12:10:27,871] {logging_mixin.py:109} INFO - [2022-01-08 12:10:27,871] {dag.py:2928} INFO - Setting next_dagrun for example_task_group_decorator to 2022-01-07T12:10:27.871289+00:00
[2022-01-08 12:10:27,887] {processor.py:171} INFO - Processing /home/airflow/.local/lib/python3.7/site-packages/airflow/example_dags/example_task_group_decorator.py took 0.416 seconds
[2022-01-08 12:10:58,566] {processor.py:163} INFO - Started process (PID=243) to work on /home/airflow/.local/lib/python3.7/site-packages/airflow/example_dags/example_task_group_decorator.py
[2022-01-08 12:10:58,568] {processor.py:625} INFO - Processing file /home/airflow/.local/lib/python3.7/site-packages/airflow/example_dags/example_task_group_decorator.py for tasks to queue
[2022-01-08 12:10:58,569] {logging_mixin.py:109} INFO - [2022-01-08 12:10:58,569] {dagbag.py:500} INFO - Filling up the DagBag from /home/airflow/.local/lib/python3.7/site-packages/airflow/example_dags/example_task_group_decorator.py
[2022-01-08 12:10:58,622] {processor.py:637} INFO - DAG(s) dict_keys(['example_task_group_decorator']) retrieved from /home/airflow/.local/lib/python3.7/site-packages/airflow/example_dags/example_task_group_decorator.py
[2022-01-08 12:10:58,929] {logging_mixin.py:109} INFO - [2022-01-08 12:10:58,928] {dag.py:2396} INFO - Sync 1 DAGs
[2022-01-08 12:10:58,944] {logging_mixin.py:109} INFO - [2022-01-08 12:10:58,944] {dag.py:2928} INFO - Setting next_dagrun for example_task_group_decorator to 2022-01-07T12:10:58.944554+00:00
[2022-01-08 12:10:58,955] {processor.py:171} INFO - Processing /home/airflow/.local/lib/python3.7/site-packages/airflow/example_dags/example_task_group_decorator.py took 0.391 seconds
[2022-01-08 12:11:30,523] {processor.py:163} INFO - Started process (PID=304) to work on /home/airflow/.local/lib/python3.7/site-packages/airflow/example_dags/example_task_group_decorator.py
[2022-01-08 12:11:30,524] {processor.py:625} INFO - Processing file /home/airflow/.local/lib/python3.7/site-packages/airflow/example_dags/example_task_group_decorator.py for tasks to queue
[2022-01-08 12:11:30,525] {logging_mixin.py:109} INFO - [2022-01-08 12:11:30,525] {dagbag.py:500} INFO - Filling up the DagBag from /home/airflow/.local/lib/python3.7/site-packages/airflow/example_dags/example_task_group_decorator.py
[2022-01-08 12:11:30,558] {processor.py:637} INFO - DAG(s) dict_keys(['example_task_group_decorator']) retrieved from /home/airflow/.local/lib/python3.7/site-packages/airflow/example_dags/example_task_group_decorator.py
[2022-01-08 12:11:30,880] {logging_mixin.py:109} INFO - [2022-01-08 12:11:30,880] {dag.py:2396} INFO - Sync 1 DAGs
[2022-01-08 12:11:30,896] {logging_mixin.py:109} INFO - [2022-01-08 12:11:30,896] {dag.py:2928} INFO - Setting next_dagrun for example_task_group_decorator to 2022-01-07T12:11:30.895900+00:00
[2022-01-08 12:11:30,999] {processor.py:171} INFO - Processing /home/airflow/.local/lib/python3.7/site-packages/airflow/example_dags/example_task_group_decorator.py took 0.479 seconds
[2022-01-08 12:12:01,565] {processor.py:163} INFO - Started process (PID=375) to work on /home/airflow/.local/lib/python3.7/site-packages/airflow/example_dags/example_task_group_decorator.py
[2022-01-08 12:12:01,566] {processor.py:625} INFO - Processing file /home/airflow/.local/lib/python3.7/site-packages/airflow/example_dags/example_task_group_decorator.py for tasks to queue
[2022-01-08 12:12:01,567] {logging_mixin.py:109} INFO - [2022-01-08 12:12:01,567] {dagbag.py:500} INFO - Filling up the DagBag from /home/airflow/.local/lib/python3.7/site-packages/airflow/example_dags/example_task_group_decorator.py
[2022-01-08 12:12:01,631] {processor.py:637} INFO - DAG(s) dict_keys(['example_task_group_decorator']) retrieved from /home/airflow/.local/lib/python3.7/site-packages/airflow/example_dags/example_task_group_decorator.py
[2022-01-08 12:12:02,068] {logging_mixin.py:109} INFO - [2022-01-08 12:12:02,068] {dag.py:2396} INFO - Sync 1 DAGs
[2022-01-08 12:12:02,092] {logging_mixin.py:109} INFO - [2022-01-08 12:12:02,092] {dag.py:2928} INFO - Setting next_dagrun for example_task_group_decorator to 2022-01-07T12:12:02.092329+00:00
[2022-01-08 12:12:02,110] {processor.py:171} INFO - Processing /home/airflow/.local/lib/python3.7/site-packages/airflow/example_dags/example_task_group_decorator.py took 0.550 seconds
[2022-01-08 12:12:32,803] {processor.py:163} INFO - Started process (PID=438) to work on /home/airflow/.local/lib/python3.7/site-packages/airflow/example_dags/example_task_group_decorator.py
[2022-01-08 12:12:32,805] {processor.py:625} INFO - Processing file /home/airflow/.local/lib/python3.7/site-packages/airflow/example_dags/example_task_group_decorator.py for tasks to queue
[2022-01-08 12:12:32,807] {logging_mixin.py:109} INFO - [2022-01-08 12:12:32,806] {dagbag.py:500} INFO - Filling up the DagBag from /home/airflow/.local/lib/python3.7/site-packages/airflow/example_dags/example_task_group_decorator.py
[2022-01-08 12:12:32,888] {processor.py:637} INFO - DAG(s) dict_keys(['example_task_group_decorator']) retrieved from /home/airflow/.local/lib/python3.7/site-packages/airflow/example_dags/example_task_group_decorator.py
[2022-01-08 12:12:33,434] {logging_mixin.py:109} INFO - [2022-01-08 12:12:33,434] {dag.py:2396} INFO - Sync 1 DAGs
[2022-01-08 12:12:33,468] {logging_mixin.py:109} INFO - [2022-01-08 12:12:33,467] {dag.py:2928} INFO - Setting next_dagrun for example_task_group_decorator to 2022-01-07T12:12:33.467531+00:00
[2022-01-08 12:12:33,485] {processor.py:171} INFO - Processing /home/airflow/.local/lib/python3.7/site-packages/airflow/example_dags/example_task_group_decorator.py took 0.691 seconds
[2022-01-08 12:13:03,622] {processor.py:163} INFO - Started process (PID=500) to work on /home/airflow/.local/lib/python3.7/site-packages/airflow/example_dags/example_task_group_decorator.py
[2022-01-08 12:13:03,623] {processor.py:625} INFO - Processing file /home/airflow/.local/lib/python3.7/site-packages/airflow/example_dags/example_task_group_decorator.py for tasks to queue
[2022-01-08 12:13:03,624] {logging_mixin.py:109} INFO - [2022-01-08 12:13:03,624] {dagbag.py:500} INFO - Filling up the DagBag from /home/airflow/.local/lib/python3.7/site-packages/airflow/example_dags/example_task_group_decorator.py
[2022-01-08 12:13:03,660] {processor.py:637} INFO - DAG(s) dict_keys(['example_task_group_decorator']) retrieved from /home/airflow/.local/lib/python3.7/site-packages/airflow/example_dags/example_task_group_decorator.py
[2022-01-08 12:13:03,932] {logging_mixin.py:109} INFO - [2022-01-08 12:13:03,932] {dag.py:2396} INFO - Sync 1 DAGs
[2022-01-08 12:13:03,948] {logging_mixin.py:109} INFO - [2022-01-08 12:13:03,947] {dag.py:2928} INFO - Setting next_dagrun for example_task_group_decorator to 2022-01-07T12:13:03.947765+00:00
[2022-01-08 12:13:03,960] {processor.py:171} INFO - Processing /home/airflow/.local/lib/python3.7/site-packages/airflow/example_dags/example_task_group_decorator.py took 0.340 seconds
[2022-01-08 12:13:35,709] {processor.py:163} INFO - Started process (PID=566) to work on /home/airflow/.local/lib/python3.7/site-packages/airflow/example_dags/example_task_group_decorator.py
[2022-01-08 12:13:35,712] {processor.py:625} INFO - Processing file /home/airflow/.local/lib/python3.7/site-packages/airflow/example_dags/example_task_group_decorator.py for tasks to queue
[2022-01-08 12:13:35,714] {logging_mixin.py:109} INFO - [2022-01-08 12:13:35,714] {dagbag.py:500} INFO - Filling up the DagBag from /home/airflow/.local/lib/python3.7/site-packages/airflow/example_dags/example_task_group_decorator.py
[2022-01-08 12:13:35,763] {processor.py:637} INFO - DAG(s) dict_keys(['example_task_group_decorator']) retrieved from /home/airflow/.local/lib/python3.7/site-packages/airflow/example_dags/example_task_group_decorator.py
[2022-01-08 12:13:36,142] {logging_mixin.py:109} INFO - [2022-01-08 12:13:36,141] {dag.py:2396} INFO - Sync 1 DAGs
[2022-01-08 12:13:36,159] {logging_mixin.py:109} INFO - [2022-01-08 12:13:36,159] {dag.py:2928} INFO - Setting next_dagrun for example_task_group_decorator to 2022-01-07T12:13:36.159648+00:00
[2022-01-08 12:13:36,172] {processor.py:171} INFO - Processing /home/airflow/.local/lib/python3.7/site-packages/airflow/example_dags/example_task_group_decorator.py took 0.468 seconds
[2022-01-08 12:14:06,602] {processor.py:163} INFO - Started process (PID=630) to work on /home/airflow/.local/lib/python3.7/site-packages/airflow/example_dags/example_task_group_decorator.py
[2022-01-08 12:14:06,603] {processor.py:625} INFO - Processing file /home/airflow/.local/lib/python3.7/site-packages/airflow/example_dags/example_task_group_decorator.py for tasks to queue
[2022-01-08 12:14:06,604] {logging_mixin.py:109} INFO - [2022-01-08 12:14:06,603] {dagbag.py:500} INFO - Filling up the DagBag from /home/airflow/.local/lib/python3.7/site-packages/airflow/example_dags/example_task_group_decorator.py
[2022-01-08 12:14:06,650] {processor.py:637} INFO - DAG(s) dict_keys(['example_task_group_decorator']) retrieved from /home/airflow/.local/lib/python3.7/site-packages/airflow/example_dags/example_task_group_decorator.py
[2022-01-08 12:14:06,939] {logging_mixin.py:109} INFO - [2022-01-08 12:14:06,939] {dag.py:2396} INFO - Sync 1 DAGs
[2022-01-08 12:14:06,952] {logging_mixin.py:109} INFO - [2022-01-08 12:14:06,952] {dag.py:2928} INFO - Setting next_dagrun for example_task_group_decorator to 2022-01-07T12:14:06.952090+00:00
[2022-01-08 12:14:06,961] {processor.py:171} INFO - Processing /home/airflow/.local/lib/python3.7/site-packages/airflow/example_dags/example_task_group_decorator.py took 0.362 seconds
[2022-01-08 12:14:37,249] {processor.py:163} INFO - Started process (PID=690) to work on /home/airflow/.local/lib/python3.7/site-packages/airflow/example_dags/example_task_group_decorator.py
[2022-01-08 12:14:37,251] {processor.py:625} INFO - Processing file /home/airflow/.local/lib/python3.7/site-packages/airflow/example_dags/example_task_group_decorator.py for tasks to queue
[2022-01-08 12:14:37,251] {logging_mixin.py:109} INFO - [2022-01-08 12:14:37,251] {dagbag.py:500} INFO - Filling up the DagBag from /home/airflow/.local/lib/python3.7/site-packages/airflow/example_dags/example_task_group_decorator.py
[2022-01-08 12:14:37,283] {processor.py:637} INFO - DAG(s) dict_keys(['example_task_group_decorator']) retrieved from /home/airflow/.local/lib/python3.7/site-packages/airflow/example_dags/example_task_group_decorator.py
[2022-01-08 12:14:37,644] {logging_mixin.py:109} INFO - [2022-01-08 12:14:37,644] {dag.py:2396} INFO - Sync 1 DAGs
[2022-01-08 12:14:37,658] {logging_mixin.py:109} INFO - [2022-01-08 12:14:37,658] {dag.py:2928} INFO - Setting next_dagrun for example_task_group_decorator to 2022-01-07T12:14:37.658103+00:00
[2022-01-08 12:14:37,672] {processor.py:171} INFO - Processing /home/airflow/.local/lib/python3.7/site-packages/airflow/example_dags/example_task_group_decorator.py took 0.425 seconds
[2022-01-08 12:15:08,092] {processor.py:163} INFO - Started process (PID=764) to work on /home/airflow/.local/lib/python3.7/site-packages/airflow/example_dags/example_task_group_decorator.py
[2022-01-08 12:15:08,093] {processor.py:625} INFO - Processing file /home/airflow/.local/lib/python3.7/site-packages/airflow/example_dags/example_task_group_decorator.py for tasks to queue
[2022-01-08 12:15:08,094] {logging_mixin.py:109} INFO - [2022-01-08 12:15:08,094] {dagbag.py:500} INFO - Filling up the DagBag from /home/airflow/.local/lib/python3.7/site-packages/airflow/example_dags/example_task_group_decorator.py
[2022-01-08 12:15:08,128] {processor.py:637} INFO - DAG(s) dict_keys(['example_task_group_decorator']) retrieved from /home/airflow/.local/lib/python3.7/site-packages/airflow/example_dags/example_task_group_decorator.py
[2022-01-08 12:15:08,371] {logging_mixin.py:109} INFO - [2022-01-08 12:15:08,371] {dag.py:2396} INFO - Sync 1 DAGs
[2022-01-08 12:15:08,384] {logging_mixin.py:109} INFO - [2022-01-08 12:15:08,384] {dag.py:2928} INFO - Setting next_dagrun for example_task_group_decorator to 2022-01-07T12:15:08.384501+00:00
[2022-01-08 12:15:08,398] {processor.py:171} INFO - Processing /home/airflow/.local/lib/python3.7/site-packages/airflow/example_dags/example_task_group_decorator.py took 0.308 seconds
[2022-01-08 12:15:39,331] {processor.py:163} INFO - Started process (PID=818) to work on /home/airflow/.local/lib/python3.7/site-packages/airflow/example_dags/example_task_group_decorator.py
[2022-01-08 12:15:39,333] {processor.py:625} INFO - Processing file /home/airflow/.local/lib/python3.7/site-packages/airflow/example_dags/example_task_group_decorator.py for tasks to queue
[2022-01-08 12:15:39,334] {logging_mixin.py:109} INFO - [2022-01-08 12:15:39,334] {dagbag.py:500} INFO - Filling up the DagBag from /home/airflow/.local/lib/python3.7/site-packages/airflow/example_dags/example_task_group_decorator.py
[2022-01-08 12:15:39,398] {processor.py:637} INFO - DAG(s) dict_keys(['example_task_group_decorator']) retrieved from /home/airflow/.local/lib/python3.7/site-packages/airflow/example_dags/example_task_group_decorator.py
[2022-01-08 12:15:39,780] {logging_mixin.py:109} INFO - [2022-01-08 12:15:39,780] {dag.py:2396} INFO - Sync 1 DAGs
[2022-01-08 12:15:39,795] {logging_mixin.py:109} INFO - [2022-01-08 12:15:39,795] {dag.py:2928} INFO - Setting next_dagrun for example_task_group_decorator to 2022-01-07T12:15:39.794864+00:00
[2022-01-08 12:15:39,809] {processor.py:171} INFO - Processing /home/airflow/.local/lib/python3.7/site-packages/airflow/example_dags/example_task_group_decorator.py took 0.481 seconds
[2022-01-08 12:16:11,148] {processor.py:163} INFO - Started process (PID=889) to work on /home/airflow/.local/lib/python3.7/site-packages/airflow/example_dags/example_task_group_decorator.py
[2022-01-08 12:16:11,151] {processor.py:625} INFO - Processing file /home/airflow/.local/lib/python3.7/site-packages/airflow/example_dags/example_task_group_decorator.py for tasks to queue
[2022-01-08 12:16:11,152] {logging_mixin.py:109} INFO - [2022-01-08 12:16:11,152] {dagbag.py:500} INFO - Filling up the DagBag from /home/airflow/.local/lib/python3.7/site-packages/airflow/example_dags/example_task_group_decorator.py
[2022-01-08 12:16:11,219] {processor.py:637} INFO - DAG(s) dict_keys(['example_task_group_decorator']) retrieved from /home/airflow/.local/lib/python3.7/site-packages/airflow/example_dags/example_task_group_decorator.py
[2022-01-08 12:16:11,559] {logging_mixin.py:109} INFO - [2022-01-08 12:16:11,559] {dag.py:2396} INFO - Sync 1 DAGs
[2022-01-08 12:16:11,571] {logging_mixin.py:109} INFO - [2022-01-08 12:16:11,571] {dag.py:2928} INFO - Setting next_dagrun for example_task_group_decorator to 2022-01-07T12:16:11.571046+00:00
[2022-01-08 12:16:11,584] {processor.py:171} INFO - Processing /home/airflow/.local/lib/python3.7/site-packages/airflow/example_dags/example_task_group_decorator.py took 0.441 seconds
[2022-01-08 12:16:41,823] {processor.py:163} INFO - Started process (PID=951) to work on /home/airflow/.local/lib/python3.7/site-packages/airflow/example_dags/example_task_group_decorator.py
[2022-01-08 12:16:41,825] {processor.py:625} INFO - Processing file /home/airflow/.local/lib/python3.7/site-packages/airflow/example_dags/example_task_group_decorator.py for tasks to queue
[2022-01-08 12:16:41,827] {logging_mixin.py:109} INFO - [2022-01-08 12:16:41,827] {dagbag.py:500} INFO - Filling up the DagBag from /home/airflow/.local/lib/python3.7/site-packages/airflow/example_dags/example_task_group_decorator.py
[2022-01-08 12:16:41,900] {processor.py:637} INFO - DAG(s) dict_keys(['example_task_group_decorator']) retrieved from /home/airflow/.local/lib/python3.7/site-packages/airflow/example_dags/example_task_group_decorator.py
[2022-01-08 12:16:42,694] {logging_mixin.py:109} INFO - [2022-01-08 12:16:42,693] {dag.py:2396} INFO - Sync 1 DAGs
[2022-01-08 12:16:42,739] {logging_mixin.py:109} INFO - [2022-01-08 12:16:42,739] {dag.py:2928} INFO - Setting next_dagrun for example_task_group_decorator to 2022-01-07T12:16:42.739337+00:00
[2022-01-08 12:16:42,805] {processor.py:171} INFO - Processing /home/airflow/.local/lib/python3.7/site-packages/airflow/example_dags/example_task_group_decorator.py took 0.985 seconds
[2022-01-08 12:17:13,260] {processor.py:163} INFO - Started process (PID=1025) to work on /home/airflow/.local/lib/python3.7/site-packages/airflow/example_dags/example_task_group_decorator.py
[2022-01-08 12:17:13,261] {processor.py:625} INFO - Processing file /home/airflow/.local/lib/python3.7/site-packages/airflow/example_dags/example_task_group_decorator.py for tasks to queue
[2022-01-08 12:17:13,262] {logging_mixin.py:109} INFO - [2022-01-08 12:17:13,262] {dagbag.py:500} INFO - Filling up the DagBag from /home/airflow/.local/lib/python3.7/site-packages/airflow/example_dags/example_task_group_decorator.py
[2022-01-08 12:17:13,299] {processor.py:637} INFO - DAG(s) dict_keys(['example_task_group_decorator']) retrieved from /home/airflow/.local/lib/python3.7/site-packages/airflow/example_dags/example_task_group_decorator.py
[2022-01-08 12:17:13,619] {logging_mixin.py:109} INFO - [2022-01-08 12:17:13,619] {dag.py:2396} INFO - Sync 1 DAGs
[2022-01-08 12:17:13,646] {logging_mixin.py:109} INFO - [2022-01-08 12:17:13,645] {dag.py:2928} INFO - Setting next_dagrun for example_task_group_decorator to 2022-01-07T12:17:13.645603+00:00
[2022-01-08 12:17:13,671] {processor.py:171} INFO - Processing /home/airflow/.local/lib/python3.7/site-packages/airflow/example_dags/example_task_group_decorator.py took 0.414 seconds
[2022-01-08 12:17:43,878] {processor.py:163} INFO - Started process (PID=1089) to work on /home/airflow/.local/lib/python3.7/site-packages/airflow/example_dags/example_task_group_decorator.py
[2022-01-08 12:17:43,879] {processor.py:625} INFO - Processing file /home/airflow/.local/lib/python3.7/site-packages/airflow/example_dags/example_task_group_decorator.py for tasks to queue
[2022-01-08 12:17:43,879] {logging_mixin.py:109} INFO - [2022-01-08 12:17:43,879] {dagbag.py:500} INFO - Filling up the DagBag from /home/airflow/.local/lib/python3.7/site-packages/airflow/example_dags/example_task_group_decorator.py
[2022-01-08 12:17:43,912] {processor.py:637} INFO - DAG(s) dict_keys(['example_task_group_decorator']) retrieved from /home/airflow/.local/lib/python3.7/site-packages/airflow/example_dags/example_task_group_decorator.py
[2022-01-08 12:17:44,181] {logging_mixin.py:109} INFO - [2022-01-08 12:17:44,181] {dag.py:2396} INFO - Sync 1 DAGs
[2022-01-08 12:17:44,200] {logging_mixin.py:109} INFO - [2022-01-08 12:17:44,200] {dag.py:2928} INFO - Setting next_dagrun for example_task_group_decorator to 2022-01-07T12:17:44.199885+00:00
[2022-01-08 12:17:44,212] {processor.py:171} INFO - Processing /home/airflow/.local/lib/python3.7/site-packages/airflow/example_dags/example_task_group_decorator.py took 0.337 seconds
[2022-01-08 12:18:14,262] {processor.py:163} INFO - Started process (PID=1148) to work on /home/airflow/.local/lib/python3.7/site-packages/airflow/example_dags/example_task_group_decorator.py
[2022-01-08 12:18:14,263] {processor.py:625} INFO - Processing file /home/airflow/.local/lib/python3.7/site-packages/airflow/example_dags/example_task_group_decorator.py for tasks to queue
[2022-01-08 12:18:14,265] {logging_mixin.py:109} INFO - [2022-01-08 12:18:14,264] {dagbag.py:500} INFO - Filling up the DagBag from /home/airflow/.local/lib/python3.7/site-packages/airflow/example_dags/example_task_group_decorator.py
[2022-01-08 12:18:14,302] {processor.py:637} INFO - DAG(s) dict_keys(['example_task_group_decorator']) retrieved from /home/airflow/.local/lib/python3.7/site-packages/airflow/example_dags/example_task_group_decorator.py
[2022-01-08 12:18:14,551] {logging_mixin.py:109} INFO - [2022-01-08 12:18:14,551] {dag.py:2396} INFO - Sync 1 DAGs
[2022-01-08 12:18:14,563] {logging_mixin.py:109} INFO - [2022-01-08 12:18:14,563] {dag.py:2928} INFO - Setting next_dagrun for example_task_group_decorator to 2022-01-07T12:18:14.563279+00:00
[2022-01-08 12:18:14,572] {processor.py:171} INFO - Processing /home/airflow/.local/lib/python3.7/site-packages/airflow/example_dags/example_task_group_decorator.py took 0.312 seconds
[2022-01-08 12:18:45,039] {processor.py:163} INFO - Started process (PID=1218) to work on /home/airflow/.local/lib/python3.7/site-packages/airflow/example_dags/example_task_group_decorator.py
[2022-01-08 12:18:45,040] {processor.py:625} INFO - Processing file /home/airflow/.local/lib/python3.7/site-packages/airflow/example_dags/example_task_group_decorator.py for tasks to queue
[2022-01-08 12:18:45,041] {logging_mixin.py:109} INFO - [2022-01-08 12:18:45,041] {dagbag.py:500} INFO - Filling up the DagBag from /home/airflow/.local/lib/python3.7/site-packages/airflow/example_dags/example_task_group_decorator.py
[2022-01-08 12:18:45,153] {processor.py:637} INFO - DAG(s) dict_keys(['example_task_group_decorator']) retrieved from /home/airflow/.local/lib/python3.7/site-packages/airflow/example_dags/example_task_group_decorator.py
[2022-01-08 12:18:45,349] {logging_mixin.py:109} INFO - [2022-01-08 12:18:45,349] {dag.py:2396} INFO - Sync 1 DAGs
[2022-01-08 12:18:45,365] {logging_mixin.py:109} INFO - [2022-01-08 12:18:45,365] {dag.py:2928} INFO - Setting next_dagrun for example_task_group_decorator to 2022-01-07T12:18:45.365266+00:00
[2022-01-08 12:18:45,375] {processor.py:171} INFO - Processing /home/airflow/.local/lib/python3.7/site-packages/airflow/example_dags/example_task_group_decorator.py took 0.338 seconds
[2022-01-08 12:19:16,174] {processor.py:163} INFO - Started process (PID=1277) to work on /home/airflow/.local/lib/python3.7/site-packages/airflow/example_dags/example_task_group_decorator.py
[2022-01-08 12:19:16,175] {processor.py:625} INFO - Processing file /home/airflow/.local/lib/python3.7/site-packages/airflow/example_dags/example_task_group_decorator.py for tasks to queue
[2022-01-08 12:19:16,176] {logging_mixin.py:109} INFO - [2022-01-08 12:19:16,176] {dagbag.py:500} INFO - Filling up the DagBag from /home/airflow/.local/lib/python3.7/site-packages/airflow/example_dags/example_task_group_decorator.py
[2022-01-08 12:19:16,303] {processor.py:637} INFO - DAG(s) dict_keys(['example_task_group_decorator']) retrieved from /home/airflow/.local/lib/python3.7/site-packages/airflow/example_dags/example_task_group_decorator.py
[2022-01-08 12:19:16,488] {logging_mixin.py:109} INFO - [2022-01-08 12:19:16,488] {dag.py:2396} INFO - Sync 1 DAGs
[2022-01-08 12:19:16,499] {logging_mixin.py:109} INFO - [2022-01-08 12:19:16,499] {dag.py:2928} INFO - Setting next_dagrun for example_task_group_decorator to 2022-01-07T12:19:16.499417+00:00
[2022-01-08 12:19:16,511] {processor.py:171} INFO - Processing /home/airflow/.local/lib/python3.7/site-packages/airflow/example_dags/example_task_group_decorator.py took 0.339 seconds
[2022-01-08 12:19:46,708] {processor.py:163} INFO - Started process (PID=1346) to work on /home/airflow/.local/lib/python3.7/site-packages/airflow/example_dags/example_task_group_decorator.py
[2022-01-08 12:19:46,710] {processor.py:625} INFO - Processing file /home/airflow/.local/lib/python3.7/site-packages/airflow/example_dags/example_task_group_decorator.py for tasks to queue
[2022-01-08 12:19:46,710] {logging_mixin.py:109} INFO - [2022-01-08 12:19:46,710] {dagbag.py:500} INFO - Filling up the DagBag from /home/airflow/.local/lib/python3.7/site-packages/airflow/example_dags/example_task_group_decorator.py
[2022-01-08 12:19:46,855] {processor.py:637} INFO - DAG(s) dict_keys(['example_task_group_decorator']) retrieved from /home/airflow/.local/lib/python3.7/site-packages/airflow/example_dags/example_task_group_decorator.py
[2022-01-08 12:19:47,085] {logging_mixin.py:109} INFO - [2022-01-08 12:19:47,085] {dag.py:2396} INFO - Sync 1 DAGs
[2022-01-08 12:19:47,099] {logging_mixin.py:109} INFO - [2022-01-08 12:19:47,099] {dag.py:2928} INFO - Setting next_dagrun for example_task_group_decorator to 2022-01-07T12:19:47.099260+00:00
[2022-01-08 12:19:47,112] {processor.py:171} INFO - Processing /home/airflow/.local/lib/python3.7/site-packages/airflow/example_dags/example_task_group_decorator.py took 0.406 seconds
[2022-01-08 12:20:17,902] {processor.py:163} INFO - Started process (PID=1409) to work on /home/airflow/.local/lib/python3.7/site-packages/airflow/example_dags/example_task_group_decorator.py
[2022-01-08 12:20:17,903] {processor.py:625} INFO - Processing file /home/airflow/.local/lib/python3.7/site-packages/airflow/example_dags/example_task_group_decorator.py for tasks to queue
[2022-01-08 12:20:17,904] {logging_mixin.py:109} INFO - [2022-01-08 12:20:17,904] {dagbag.py:500} INFO - Filling up the DagBag from /home/airflow/.local/lib/python3.7/site-packages/airflow/example_dags/example_task_group_decorator.py
[2022-01-08 12:20:18,011] {processor.py:637} INFO - DAG(s) dict_keys(['example_task_group_decorator']) retrieved from /home/airflow/.local/lib/python3.7/site-packages/airflow/example_dags/example_task_group_decorator.py
[2022-01-08 12:20:18,201] {logging_mixin.py:109} INFO - [2022-01-08 12:20:18,201] {dag.py:2396} INFO - Sync 1 DAGs
[2022-01-08 12:20:18,214] {logging_mixin.py:109} INFO - [2022-01-08 12:20:18,214] {dag.py:2928} INFO - Setting next_dagrun for example_task_group_decorator to 2022-01-07T12:20:18.214317+00:00
[2022-01-08 12:20:18,231] {processor.py:171} INFO - Processing /home/airflow/.local/lib/python3.7/site-packages/airflow/example_dags/example_task_group_decorator.py took 0.332 seconds
[2022-01-08 12:20:49,073] {processor.py:163} INFO - Started process (PID=1472) to work on /home/airflow/.local/lib/python3.7/site-packages/airflow/example_dags/example_task_group_decorator.py
[2022-01-08 12:20:49,075] {processor.py:625} INFO - Processing file /home/airflow/.local/lib/python3.7/site-packages/airflow/example_dags/example_task_group_decorator.py for tasks to queue
[2022-01-08 12:20:49,077] {logging_mixin.py:109} INFO - [2022-01-08 12:20:49,076] {dagbag.py:500} INFO - Filling up the DagBag from /home/airflow/.local/lib/python3.7/site-packages/airflow/example_dags/example_task_group_decorator.py
[2022-01-08 12:20:49,264] {processor.py:637} INFO - DAG(s) dict_keys(['example_task_group_decorator']) retrieved from /home/airflow/.local/lib/python3.7/site-packages/airflow/example_dags/example_task_group_decorator.py
[2022-01-08 12:20:49,500] {logging_mixin.py:109} INFO - [2022-01-08 12:20:49,500] {dag.py:2396} INFO - Sync 1 DAGs
[2022-01-08 12:20:49,515] {logging_mixin.py:109} INFO - [2022-01-08 12:20:49,514] {dag.py:2928} INFO - Setting next_dagrun for example_task_group_decorator to 2022-01-07T12:20:49.514735+00:00
[2022-01-08 12:20:49,527] {processor.py:171} INFO - Processing /home/airflow/.local/lib/python3.7/site-packages/airflow/example_dags/example_task_group_decorator.py took 0.457 seconds
[2022-01-08 12:21:19,569] {processor.py:163} INFO - Started process (PID=1532) to work on /home/airflow/.local/lib/python3.7/site-packages/airflow/example_dags/example_task_group_decorator.py
[2022-01-08 12:21:19,570] {processor.py:625} INFO - Processing file /home/airflow/.local/lib/python3.7/site-packages/airflow/example_dags/example_task_group_decorator.py for tasks to queue
[2022-01-08 12:21:19,571] {logging_mixin.py:109} INFO - [2022-01-08 12:21:19,571] {dagbag.py:500} INFO - Filling up the DagBag from /home/airflow/.local/lib/python3.7/site-packages/airflow/example_dags/example_task_group_decorator.py
[2022-01-08 12:21:19,703] {processor.py:637} INFO - DAG(s) dict_keys(['example_task_group_decorator']) retrieved from /home/airflow/.local/lib/python3.7/site-packages/airflow/example_dags/example_task_group_decorator.py
[2022-01-08 12:21:19,901] {logging_mixin.py:109} INFO - [2022-01-08 12:21:19,901] {dag.py:2396} INFO - Sync 1 DAGs
[2022-01-08 12:21:19,918] {logging_mixin.py:109} INFO - [2022-01-08 12:21:19,918] {dag.py:2928} INFO - Setting next_dagrun for example_task_group_decorator to 2022-01-07T12:21:19.918189+00:00
[2022-01-08 12:21:19,930] {processor.py:171} INFO - Processing /home/airflow/.local/lib/python3.7/site-packages/airflow/example_dags/example_task_group_decorator.py took 0.363 seconds
[2022-01-08 12:21:50,002] {processor.py:163} INFO - Started process (PID=1593) to work on /home/airflow/.local/lib/python3.7/site-packages/airflow/example_dags/example_task_group_decorator.py
[2022-01-08 12:21:50,004] {processor.py:625} INFO - Processing file /home/airflow/.local/lib/python3.7/site-packages/airflow/example_dags/example_task_group_decorator.py for tasks to queue
[2022-01-08 12:21:50,005] {logging_mixin.py:109} INFO - [2022-01-08 12:21:50,005] {dagbag.py:500} INFO - Filling up the DagBag from /home/airflow/.local/lib/python3.7/site-packages/airflow/example_dags/example_task_group_decorator.py
[2022-01-08 12:21:50,155] {processor.py:637} INFO - DAG(s) dict_keys(['example_task_group_decorator']) retrieved from /home/airflow/.local/lib/python3.7/site-packages/airflow/example_dags/example_task_group_decorator.py
[2022-01-08 12:21:50,409] {logging_mixin.py:109} INFO - [2022-01-08 12:21:50,408] {dag.py:2396} INFO - Sync 1 DAGs
[2022-01-08 12:21:50,427] {logging_mixin.py:109} INFO - [2022-01-08 12:21:50,427] {dag.py:2928} INFO - Setting next_dagrun for example_task_group_decorator to 2022-01-07T12:21:50.426304+00:00
[2022-01-08 12:21:50,444] {processor.py:171} INFO - Processing /home/airflow/.local/lib/python3.7/site-packages/airflow/example_dags/example_task_group_decorator.py took 0.446 seconds
[2022-01-08 12:22:21,293] {processor.py:163} INFO - Started process (PID=1663) to work on /home/airflow/.local/lib/python3.7/site-packages/airflow/example_dags/example_task_group_decorator.py
[2022-01-08 12:22:21,303] {processor.py:625} INFO - Processing file /home/airflow/.local/lib/python3.7/site-packages/airflow/example_dags/example_task_group_decorator.py for tasks to queue
[2022-01-08 12:22:21,306] {logging_mixin.py:109} INFO - [2022-01-08 12:22:21,306] {dagbag.py:500} INFO - Filling up the DagBag from /home/airflow/.local/lib/python3.7/site-packages/airflow/example_dags/example_task_group_decorator.py
[2022-01-08 12:22:21,412] {processor.py:637} INFO - DAG(s) dict_keys(['example_task_group_decorator']) retrieved from /home/airflow/.local/lib/python3.7/site-packages/airflow/example_dags/example_task_group_decorator.py
[2022-01-08 12:22:21,757] {logging_mixin.py:109} INFO - [2022-01-08 12:22:21,757] {dag.py:2396} INFO - Sync 1 DAGs
[2022-01-08 12:22:21,776] {logging_mixin.py:109} INFO - [2022-01-08 12:22:21,776] {dag.py:2928} INFO - Setting next_dagrun for example_task_group_decorator to 2022-01-07T12:22:21.775832+00:00
[2022-01-08 12:22:21,792] {processor.py:171} INFO - Processing /home/airflow/.local/lib/python3.7/site-packages/airflow/example_dags/example_task_group_decorator.py took 0.505 seconds
[2022-01-08 12:22:52,543] {processor.py:163} INFO - Started process (PID=1723) to work on /home/airflow/.local/lib/python3.7/site-packages/airflow/example_dags/example_task_group_decorator.py
[2022-01-08 12:22:52,544] {processor.py:625} INFO - Processing file /home/airflow/.local/lib/python3.7/site-packages/airflow/example_dags/example_task_group_decorator.py for tasks to queue
[2022-01-08 12:22:52,545] {logging_mixin.py:109} INFO - [2022-01-08 12:22:52,545] {dagbag.py:500} INFO - Filling up the DagBag from /home/airflow/.local/lib/python3.7/site-packages/airflow/example_dags/example_task_group_decorator.py
[2022-01-08 12:22:52,587] {processor.py:637} INFO - DAG(s) dict_keys(['example_task_group_decorator']) retrieved from /home/airflow/.local/lib/python3.7/site-packages/airflow/example_dags/example_task_group_decorator.py
[2022-01-08 12:22:52,825] {logging_mixin.py:109} INFO - [2022-01-08 12:22:52,825] {dag.py:2396} INFO - Sync 1 DAGs
[2022-01-08 12:22:52,842] {logging_mixin.py:109} INFO - [2022-01-08 12:22:52,842] {dag.py:2928} INFO - Setting next_dagrun for example_task_group_decorator to 2022-01-07T12:22:52.841859+00:00
[2022-01-08 12:22:52,853] {processor.py:171} INFO - Processing /home/airflow/.local/lib/python3.7/site-packages/airflow/example_dags/example_task_group_decorator.py took 0.313 seconds
[2022-01-08 12:23:23,314] {processor.py:163} INFO - Started process (PID=1794) to work on /home/airflow/.local/lib/python3.7/site-packages/airflow/example_dags/example_task_group_decorator.py
[2022-01-08 12:23:23,316] {processor.py:625} INFO - Processing file /home/airflow/.local/lib/python3.7/site-packages/airflow/example_dags/example_task_group_decorator.py for tasks to queue
[2022-01-08 12:23:23,317] {logging_mixin.py:109} INFO - [2022-01-08 12:23:23,316] {dagbag.py:500} INFO - Filling up the DagBag from /home/airflow/.local/lib/python3.7/site-packages/airflow/example_dags/example_task_group_decorator.py
[2022-01-08 12:23:23,359] {processor.py:637} INFO - DAG(s) dict_keys(['example_task_group_decorator']) retrieved from /home/airflow/.local/lib/python3.7/site-packages/airflow/example_dags/example_task_group_decorator.py
[2022-01-08 12:23:23,585] {logging_mixin.py:109} INFO - [2022-01-08 12:23:23,585] {dag.py:2396} INFO - Sync 1 DAGs
[2022-01-08 12:23:23,601] {logging_mixin.py:109} INFO - [2022-01-08 12:23:23,601] {dag.py:2928} INFO - Setting next_dagrun for example_task_group_decorator to 2022-01-07T12:23:23.601356+00:00
[2022-01-08 12:23:23,614] {processor.py:171} INFO - Processing /home/airflow/.local/lib/python3.7/site-packages/airflow/example_dags/example_task_group_decorator.py took 0.304 seconds
[2022-01-08 12:23:54,492] {processor.py:163} INFO - Started process (PID=1855) to work on /home/airflow/.local/lib/python3.7/site-packages/airflow/example_dags/example_task_group_decorator.py
[2022-01-08 12:23:54,493] {processor.py:625} INFO - Processing file /home/airflow/.local/lib/python3.7/site-packages/airflow/example_dags/example_task_group_decorator.py for tasks to queue
[2022-01-08 12:23:54,494] {logging_mixin.py:109} INFO - [2022-01-08 12:23:54,494] {dagbag.py:500} INFO - Filling up the DagBag from /home/airflow/.local/lib/python3.7/site-packages/airflow/example_dags/example_task_group_decorator.py
[2022-01-08 12:23:54,535] {processor.py:637} INFO - DAG(s) dict_keys(['example_task_group_decorator']) retrieved from /home/airflow/.local/lib/python3.7/site-packages/airflow/example_dags/example_task_group_decorator.py
[2022-01-08 12:23:54,745] {logging_mixin.py:109} INFO - [2022-01-08 12:23:54,744] {dag.py:2396} INFO - Sync 1 DAGs
[2022-01-08 12:23:54,758] {logging_mixin.py:109} INFO - [2022-01-08 12:23:54,758] {dag.py:2928} INFO - Setting next_dagrun for example_task_group_decorator to 2022-01-07T12:23:54.758041+00:00
[2022-01-08 12:23:54,769] {processor.py:171} INFO - Processing /home/airflow/.local/lib/python3.7/site-packages/airflow/example_dags/example_task_group_decorator.py took 0.281 seconds
[2022-01-08 12:24:24,939] {processor.py:163} INFO - Started process (PID=1915) to work on /home/airflow/.local/lib/python3.7/site-packages/airflow/example_dags/example_task_group_decorator.py
[2022-01-08 12:24:24,941] {processor.py:625} INFO - Processing file /home/airflow/.local/lib/python3.7/site-packages/airflow/example_dags/example_task_group_decorator.py for tasks to queue
[2022-01-08 12:24:24,942] {logging_mixin.py:109} INFO - [2022-01-08 12:24:24,942] {dagbag.py:500} INFO - Filling up the DagBag from /home/airflow/.local/lib/python3.7/site-packages/airflow/example_dags/example_task_group_decorator.py
[2022-01-08 12:24:24,983] {processor.py:637} INFO - DAG(s) dict_keys(['example_task_group_decorator']) retrieved from /home/airflow/.local/lib/python3.7/site-packages/airflow/example_dags/example_task_group_decorator.py
[2022-01-08 12:24:25,290] {logging_mixin.py:109} INFO - [2022-01-08 12:24:25,290] {dag.py:2396} INFO - Sync 1 DAGs
[2022-01-08 12:24:25,309] {logging_mixin.py:109} INFO - [2022-01-08 12:24:25,309] {dag.py:2928} INFO - Setting next_dagrun for example_task_group_decorator to 2022-01-07T12:24:25.309407+00:00
[2022-01-08 12:24:25,325] {processor.py:171} INFO - Processing /home/airflow/.local/lib/python3.7/site-packages/airflow/example_dags/example_task_group_decorator.py took 0.388 seconds
[2022-01-08 12:24:56,229] {processor.py:163} INFO - Started process (PID=1984) to work on /home/airflow/.local/lib/python3.7/site-packages/airflow/example_dags/example_task_group_decorator.py
[2022-01-08 12:24:56,231] {processor.py:625} INFO - Processing file /home/airflow/.local/lib/python3.7/site-packages/airflow/example_dags/example_task_group_decorator.py for tasks to queue
[2022-01-08 12:24:56,231] {logging_mixin.py:109} INFO - [2022-01-08 12:24:56,231] {dagbag.py:500} INFO - Filling up the DagBag from /home/airflow/.local/lib/python3.7/site-packages/airflow/example_dags/example_task_group_decorator.py
[2022-01-08 12:24:56,267] {processor.py:637} INFO - DAG(s) dict_keys(['example_task_group_decorator']) retrieved from /home/airflow/.local/lib/python3.7/site-packages/airflow/example_dags/example_task_group_decorator.py
[2022-01-08 12:24:56,438] {logging_mixin.py:109} INFO - [2022-01-08 12:24:56,438] {dag.py:2396} INFO - Sync 1 DAGs
[2022-01-08 12:24:56,450] {logging_mixin.py:109} INFO - [2022-01-08 12:24:56,450] {dag.py:2928} INFO - Setting next_dagrun for example_task_group_decorator to 2022-01-07T12:24:56.450146+00:00
[2022-01-08 12:24:56,461] {processor.py:171} INFO - Processing /home/airflow/.local/lib/python3.7/site-packages/airflow/example_dags/example_task_group_decorator.py took 0.235 seconds
[2022-01-08 12:25:27,054] {processor.py:163} INFO - Started process (PID=2046) to work on /home/airflow/.local/lib/python3.7/site-packages/airflow/example_dags/example_task_group_decorator.py
[2022-01-08 12:25:27,056] {processor.py:625} INFO - Processing file /home/airflow/.local/lib/python3.7/site-packages/airflow/example_dags/example_task_group_decorator.py for tasks to queue
[2022-01-08 12:25:27,057] {logging_mixin.py:109} INFO - [2022-01-08 12:25:27,057] {dagbag.py:500} INFO - Filling up the DagBag from /home/airflow/.local/lib/python3.7/site-packages/airflow/example_dags/example_task_group_decorator.py
[2022-01-08 12:25:27,101] {processor.py:637} INFO - DAG(s) dict_keys(['example_task_group_decorator']) retrieved from /home/airflow/.local/lib/python3.7/site-packages/airflow/example_dags/example_task_group_decorator.py
[2022-01-08 12:25:27,606] {logging_mixin.py:109} INFO - [2022-01-08 12:25:27,606] {dag.py:2396} INFO - Sync 1 DAGs
[2022-01-08 12:25:27,657] {logging_mixin.py:109} INFO - [2022-01-08 12:25:27,657] {dag.py:2928} INFO - Setting next_dagrun for example_task_group_decorator to 2022-01-07T12:25:27.657095+00:00
[2022-01-08 12:25:27,689] {processor.py:171} INFO - Processing /home/airflow/.local/lib/python3.7/site-packages/airflow/example_dags/example_task_group_decorator.py took 0.638 seconds
[2022-01-08 12:25:57,843] {processor.py:163} INFO - Started process (PID=2119) to work on /home/airflow/.local/lib/python3.7/site-packages/airflow/example_dags/example_task_group_decorator.py
[2022-01-08 12:25:57,844] {processor.py:625} INFO - Processing file /home/airflow/.local/lib/python3.7/site-packages/airflow/example_dags/example_task_group_decorator.py for tasks to queue
[2022-01-08 12:25:57,845] {logging_mixin.py:109} INFO - [2022-01-08 12:25:57,845] {dagbag.py:500} INFO - Filling up the DagBag from /home/airflow/.local/lib/python3.7/site-packages/airflow/example_dags/example_task_group_decorator.py
[2022-01-08 12:25:57,878] {processor.py:637} INFO - DAG(s) dict_keys(['example_task_group_decorator']) retrieved from /home/airflow/.local/lib/python3.7/site-packages/airflow/example_dags/example_task_group_decorator.py
[2022-01-08 12:25:58,056] {logging_mixin.py:109} INFO - [2022-01-08 12:25:58,056] {dag.py:2396} INFO - Sync 1 DAGs
[2022-01-08 12:25:58,068] {logging_mixin.py:109} INFO - [2022-01-08 12:25:58,068] {dag.py:2928} INFO - Setting next_dagrun for example_task_group_decorator to 2022-01-07T12:25:58.068377+00:00
[2022-01-08 12:25:58,079] {processor.py:171} INFO - Processing /home/airflow/.local/lib/python3.7/site-packages/airflow/example_dags/example_task_group_decorator.py took 0.238 seconds
[2022-01-08 12:26:28,291] {processor.py:163} INFO - Started process (PID=2179) to work on /home/airflow/.local/lib/python3.7/site-packages/airflow/example_dags/example_task_group_decorator.py
[2022-01-08 12:26:28,292] {processor.py:625} INFO - Processing file /home/airflow/.local/lib/python3.7/site-packages/airflow/example_dags/example_task_group_decorator.py for tasks to queue
[2022-01-08 12:26:28,293] {logging_mixin.py:109} INFO - [2022-01-08 12:26:28,293] {dagbag.py:500} INFO - Filling up the DagBag from /home/airflow/.local/lib/python3.7/site-packages/airflow/example_dags/example_task_group_decorator.py
[2022-01-08 12:26:28,327] {processor.py:637} INFO - DAG(s) dict_keys(['example_task_group_decorator']) retrieved from /home/airflow/.local/lib/python3.7/site-packages/airflow/example_dags/example_task_group_decorator.py
[2022-01-08 12:26:28,504] {logging_mixin.py:109} INFO - [2022-01-08 12:26:28,504] {dag.py:2396} INFO - Sync 1 DAGs
[2022-01-08 12:26:28,518] {logging_mixin.py:109} INFO - [2022-01-08 12:26:28,518] {dag.py:2928} INFO - Setting next_dagrun for example_task_group_decorator to 2022-01-07T12:26:28.518175+00:00
[2022-01-08 12:26:28,529] {processor.py:171} INFO - Processing /home/airflow/.local/lib/python3.7/site-packages/airflow/example_dags/example_task_group_decorator.py took 0.240 seconds
[2022-01-08 12:26:59,308] {processor.py:163} INFO - Started process (PID=2248) to work on /home/airflow/.local/lib/python3.7/site-packages/airflow/example_dags/example_task_group_decorator.py
[2022-01-08 12:26:59,309] {processor.py:625} INFO - Processing file /home/airflow/.local/lib/python3.7/site-packages/airflow/example_dags/example_task_group_decorator.py for tasks to queue
[2022-01-08 12:26:59,310] {logging_mixin.py:109} INFO - [2022-01-08 12:26:59,310] {dagbag.py:500} INFO - Filling up the DagBag from /home/airflow/.local/lib/python3.7/site-packages/airflow/example_dags/example_task_group_decorator.py
[2022-01-08 12:26:59,362] {processor.py:637} INFO - DAG(s) dict_keys(['example_task_group_decorator']) retrieved from /home/airflow/.local/lib/python3.7/site-packages/airflow/example_dags/example_task_group_decorator.py
[2022-01-08 12:26:59,603] {logging_mixin.py:109} INFO - [2022-01-08 12:26:59,603] {dag.py:2396} INFO - Sync 1 DAGs
[2022-01-08 12:26:59,657] {logging_mixin.py:109} INFO - [2022-01-08 12:26:59,656] {dag.py:2928} INFO - Setting next_dagrun for example_task_group_decorator to 2022-01-07T12:26:59.656494+00:00
[2022-01-08 12:26:59,715] {processor.py:171} INFO - Processing /home/airflow/.local/lib/python3.7/site-packages/airflow/example_dags/example_task_group_decorator.py took 0.411 seconds
[2022-01-08 12:27:29,971] {processor.py:163} INFO - Started process (PID=2308) to work on /home/airflow/.local/lib/python3.7/site-packages/airflow/example_dags/example_task_group_decorator.py
[2022-01-08 12:27:29,972] {processor.py:625} INFO - Processing file /home/airflow/.local/lib/python3.7/site-packages/airflow/example_dags/example_task_group_decorator.py for tasks to queue
[2022-01-08 12:27:29,973] {logging_mixin.py:109} INFO - [2022-01-08 12:27:29,973] {dagbag.py:500} INFO - Filling up the DagBag from /home/airflow/.local/lib/python3.7/site-packages/airflow/example_dags/example_task_group_decorator.py
[2022-01-08 12:27:30,007] {processor.py:637} INFO - DAG(s) dict_keys(['example_task_group_decorator']) retrieved from /home/airflow/.local/lib/python3.7/site-packages/airflow/example_dags/example_task_group_decorator.py
[2022-01-08 12:27:30,224] {logging_mixin.py:109} INFO - [2022-01-08 12:27:30,224] {dag.py:2396} INFO - Sync 1 DAGs
[2022-01-08 12:27:30,240] {logging_mixin.py:109} INFO - [2022-01-08 12:27:30,240] {dag.py:2928} INFO - Setting next_dagrun for example_task_group_decorator to 2022-01-07T12:27:30.239818+00:00
[2022-01-08 12:27:30,251] {processor.py:171} INFO - Processing /home/airflow/.local/lib/python3.7/site-packages/airflow/example_dags/example_task_group_decorator.py took 0.282 seconds
[2022-01-08 12:28:00,612] {processor.py:163} INFO - Started process (PID=2378) to work on /home/airflow/.local/lib/python3.7/site-packages/airflow/example_dags/example_task_group_decorator.py
[2022-01-08 12:28:00,613] {processor.py:625} INFO - Processing file /home/airflow/.local/lib/python3.7/site-packages/airflow/example_dags/example_task_group_decorator.py for tasks to queue
[2022-01-08 12:28:00,613] {logging_mixin.py:109} INFO - [2022-01-08 12:28:00,613] {dagbag.py:500} INFO - Filling up the DagBag from /home/airflow/.local/lib/python3.7/site-packages/airflow/example_dags/example_task_group_decorator.py
[2022-01-08 12:28:00,655] {processor.py:637} INFO - DAG(s) dict_keys(['example_task_group_decorator']) retrieved from /home/airflow/.local/lib/python3.7/site-packages/airflow/example_dags/example_task_group_decorator.py
[2022-01-08 12:28:00,848] {logging_mixin.py:109} INFO - [2022-01-08 12:28:00,848] {dag.py:2396} INFO - Sync 1 DAGs
[2022-01-08 12:28:00,862] {logging_mixin.py:109} INFO - [2022-01-08 12:28:00,862] {dag.py:2928} INFO - Setting next_dagrun for example_task_group_decorator to 2022-01-07T12:28:00.861942+00:00
[2022-01-08 12:28:00,874] {processor.py:171} INFO - Processing /home/airflow/.local/lib/python3.7/site-packages/airflow/example_dags/example_task_group_decorator.py took 0.266 seconds
[2022-01-08 12:28:30,923] {processor.py:163} INFO - Started process (PID=2438) to work on /home/airflow/.local/lib/python3.7/site-packages/airflow/example_dags/example_task_group_decorator.py
[2022-01-08 12:28:30,925] {processor.py:625} INFO - Processing file /home/airflow/.local/lib/python3.7/site-packages/airflow/example_dags/example_task_group_decorator.py for tasks to queue
[2022-01-08 12:28:30,926] {logging_mixin.py:109} INFO - [2022-01-08 12:28:30,926] {dagbag.py:500} INFO - Filling up the DagBag from /home/airflow/.local/lib/python3.7/site-packages/airflow/example_dags/example_task_group_decorator.py
[2022-01-08 12:28:30,959] {processor.py:637} INFO - DAG(s) dict_keys(['example_task_group_decorator']) retrieved from /home/airflow/.local/lib/python3.7/site-packages/airflow/example_dags/example_task_group_decorator.py
[2022-01-08 12:28:31,160] {logging_mixin.py:109} INFO - [2022-01-08 12:28:31,160] {dag.py:2396} INFO - Sync 1 DAGs
[2022-01-08 12:28:31,176] {logging_mixin.py:109} INFO - [2022-01-08 12:28:31,176] {dag.py:2928} INFO - Setting next_dagrun for example_task_group_decorator to 2022-01-07T12:28:31.176077+00:00
[2022-01-08 12:28:31,188] {processor.py:171} INFO - Processing /home/airflow/.local/lib/python3.7/site-packages/airflow/example_dags/example_task_group_decorator.py took 0.268 seconds
[2022-01-08 12:29:01,722] {processor.py:163} INFO - Started process (PID=2500) to work on /home/airflow/.local/lib/python3.7/site-packages/airflow/example_dags/example_task_group_decorator.py
[2022-01-08 12:29:01,723] {processor.py:625} INFO - Processing file /home/airflow/.local/lib/python3.7/site-packages/airflow/example_dags/example_task_group_decorator.py for tasks to queue
[2022-01-08 12:29:01,724] {logging_mixin.py:109} INFO - [2022-01-08 12:29:01,724] {dagbag.py:500} INFO - Filling up the DagBag from /home/airflow/.local/lib/python3.7/site-packages/airflow/example_dags/example_task_group_decorator.py
[2022-01-08 12:29:01,764] {processor.py:637} INFO - DAG(s) dict_keys(['example_task_group_decorator']) retrieved from /home/airflow/.local/lib/python3.7/site-packages/airflow/example_dags/example_task_group_decorator.py
[2022-01-08 12:29:02,000] {logging_mixin.py:109} INFO - [2022-01-08 12:29:02,000] {dag.py:2396} INFO - Sync 1 DAGs
[2022-01-08 12:29:02,017] {logging_mixin.py:109} INFO - [2022-01-08 12:29:02,017] {dag.py:2928} INFO - Setting next_dagrun for example_task_group_decorator to 2022-01-07T12:29:02.017605+00:00
[2022-01-08 12:29:02,030] {processor.py:171} INFO - Processing /home/airflow/.local/lib/python3.7/site-packages/airflow/example_dags/example_task_group_decorator.py took 0.311 seconds
[2022-01-08 12:29:32,366] {processor.py:163} INFO - Started process (PID=2571) to work on /home/airflow/.local/lib/python3.7/site-packages/airflow/example_dags/example_task_group_decorator.py
[2022-01-08 12:29:32,367] {processor.py:625} INFO - Processing file /home/airflow/.local/lib/python3.7/site-packages/airflow/example_dags/example_task_group_decorator.py for tasks to queue
[2022-01-08 12:29:32,368] {logging_mixin.py:109} INFO - [2022-01-08 12:29:32,368] {dagbag.py:500} INFO - Filling up the DagBag from /home/airflow/.local/lib/python3.7/site-packages/airflow/example_dags/example_task_group_decorator.py
[2022-01-08 12:29:32,406] {processor.py:637} INFO - DAG(s) dict_keys(['example_task_group_decorator']) retrieved from /home/airflow/.local/lib/python3.7/site-packages/airflow/example_dags/example_task_group_decorator.py
[2022-01-08 12:29:32,795] {logging_mixin.py:109} INFO - [2022-01-08 12:29:32,795] {dag.py:2396} INFO - Sync 1 DAGs
[2022-01-08 12:29:32,826] {logging_mixin.py:109} INFO - [2022-01-08 12:29:32,826] {dag.py:2928} INFO - Setting next_dagrun for example_task_group_decorator to 2022-01-07T12:29:32.825959+00:00
[2022-01-08 12:29:32,853] {processor.py:171} INFO - Processing /home/airflow/.local/lib/python3.7/site-packages/airflow/example_dags/example_task_group_decorator.py took 0.489 seconds
[2022-01-08 12:30:03,129] {processor.py:163} INFO - Started process (PID=2632) to work on /home/airflow/.local/lib/python3.7/site-packages/airflow/example_dags/example_task_group_decorator.py
[2022-01-08 12:30:03,130] {processor.py:625} INFO - Processing file /home/airflow/.local/lib/python3.7/site-packages/airflow/example_dags/example_task_group_decorator.py for tasks to queue
[2022-01-08 12:30:03,131] {logging_mixin.py:109} INFO - [2022-01-08 12:30:03,131] {dagbag.py:500} INFO - Filling up the DagBag from /home/airflow/.local/lib/python3.7/site-packages/airflow/example_dags/example_task_group_decorator.py
[2022-01-08 12:30:03,168] {processor.py:637} INFO - DAG(s) dict_keys(['example_task_group_decorator']) retrieved from /home/airflow/.local/lib/python3.7/site-packages/airflow/example_dags/example_task_group_decorator.py
[2022-01-08 12:30:03,454] {logging_mixin.py:109} INFO - [2022-01-08 12:30:03,453] {dag.py:2396} INFO - Sync 1 DAGs
[2022-01-08 12:30:03,486] {logging_mixin.py:109} INFO - [2022-01-08 12:30:03,486] {dag.py:2928} INFO - Setting next_dagrun for example_task_group_decorator to 2022-01-07T12:30:03.485778+00:00
[2022-01-08 12:30:03,508] {processor.py:171} INFO - Processing /home/airflow/.local/lib/python3.7/site-packages/airflow/example_dags/example_task_group_decorator.py took 0.381 seconds
[2022-01-08 12:30:34,036] {processor.py:163} INFO - Started process (PID=2703) to work on /home/airflow/.local/lib/python3.7/site-packages/airflow/example_dags/example_task_group_decorator.py
[2022-01-08 12:30:34,038] {processor.py:625} INFO - Processing file /home/airflow/.local/lib/python3.7/site-packages/airflow/example_dags/example_task_group_decorator.py for tasks to queue
[2022-01-08 12:30:34,039] {logging_mixin.py:109} INFO - [2022-01-08 12:30:34,039] {dagbag.py:500} INFO - Filling up the DagBag from /home/airflow/.local/lib/python3.7/site-packages/airflow/example_dags/example_task_group_decorator.py
[2022-01-08 12:30:34,093] {processor.py:637} INFO - DAG(s) dict_keys(['example_task_group_decorator']) retrieved from /home/airflow/.local/lib/python3.7/site-packages/airflow/example_dags/example_task_group_decorator.py
[2022-01-08 12:30:34,345] {logging_mixin.py:109} INFO - [2022-01-08 12:30:34,344] {dag.py:2396} INFO - Sync 1 DAGs
[2022-01-08 12:30:34,360] {logging_mixin.py:109} INFO - [2022-01-08 12:30:34,359] {dag.py:2928} INFO - Setting next_dagrun for example_task_group_decorator to 2022-01-07T12:30:34.359679+00:00
[2022-01-08 12:30:34,373] {processor.py:171} INFO - Processing /home/airflow/.local/lib/python3.7/site-packages/airflow/example_dags/example_task_group_decorator.py took 0.342 seconds
[2022-01-08 12:31:04,424] {processor.py:163} INFO - Started process (PID=2765) to work on /home/airflow/.local/lib/python3.7/site-packages/airflow/example_dags/example_task_group_decorator.py
[2022-01-08 12:31:04,426] {processor.py:625} INFO - Processing file /home/airflow/.local/lib/python3.7/site-packages/airflow/example_dags/example_task_group_decorator.py for tasks to queue
[2022-01-08 12:31:04,427] {logging_mixin.py:109} INFO - [2022-01-08 12:31:04,427] {dagbag.py:500} INFO - Filling up the DagBag from /home/airflow/.local/lib/python3.7/site-packages/airflow/example_dags/example_task_group_decorator.py
[2022-01-08 12:31:04,478] {processor.py:637} INFO - DAG(s) dict_keys(['example_task_group_decorator']) retrieved from /home/airflow/.local/lib/python3.7/site-packages/airflow/example_dags/example_task_group_decorator.py
[2022-01-08 12:31:05,249] {logging_mixin.py:109} INFO - [2022-01-08 12:31:05,249] {dag.py:2396} INFO - Sync 1 DAGs
[2022-01-08 12:31:05,342] {logging_mixin.py:109} INFO - [2022-01-08 12:31:05,342] {dag.py:2928} INFO - Setting next_dagrun for example_task_group_decorator to 2022-01-07T12:31:05.341840+00:00
[2022-01-08 12:31:05,388] {processor.py:171} INFO - Processing /home/airflow/.local/lib/python3.7/site-packages/airflow/example_dags/example_task_group_decorator.py took 0.967 seconds
[2022-01-08 12:31:36,132] {processor.py:163} INFO - Started process (PID=2825) to work on /home/airflow/.local/lib/python3.7/site-packages/airflow/example_dags/example_task_group_decorator.py
[2022-01-08 12:31:36,133] {processor.py:625} INFO - Processing file /home/airflow/.local/lib/python3.7/site-packages/airflow/example_dags/example_task_group_decorator.py for tasks to queue
[2022-01-08 12:31:36,134] {logging_mixin.py:109} INFO - [2022-01-08 12:31:36,134] {dagbag.py:500} INFO - Filling up the DagBag from /home/airflow/.local/lib/python3.7/site-packages/airflow/example_dags/example_task_group_decorator.py
[2022-01-08 12:31:36,168] {processor.py:637} INFO - DAG(s) dict_keys(['example_task_group_decorator']) retrieved from /home/airflow/.local/lib/python3.7/site-packages/airflow/example_dags/example_task_group_decorator.py
[2022-01-08 12:31:36,361] {logging_mixin.py:109} INFO - [2022-01-08 12:31:36,361] {dag.py:2396} INFO - Sync 1 DAGs
[2022-01-08 12:31:36,382] {logging_mixin.py:109} INFO - [2022-01-08 12:31:36,382] {dag.py:2928} INFO - Setting next_dagrun for example_task_group_decorator to 2022-01-07T12:31:36.382317+00:00
[2022-01-08 12:31:36,397] {processor.py:171} INFO - Processing /home/airflow/.local/lib/python3.7/site-packages/airflow/example_dags/example_task_group_decorator.py took 0.268 seconds
[2022-01-08 12:32:06,544] {processor.py:163} INFO - Started process (PID=2897) to work on /home/airflow/.local/lib/python3.7/site-packages/airflow/example_dags/example_task_group_decorator.py
[2022-01-08 12:32:06,545] {processor.py:625} INFO - Processing file /home/airflow/.local/lib/python3.7/site-packages/airflow/example_dags/example_task_group_decorator.py for tasks to queue
[2022-01-08 12:32:06,546] {logging_mixin.py:109} INFO - [2022-01-08 12:32:06,546] {dagbag.py:500} INFO - Filling up the DagBag from /home/airflow/.local/lib/python3.7/site-packages/airflow/example_dags/example_task_group_decorator.py
[2022-01-08 12:32:06,581] {processor.py:637} INFO - DAG(s) dict_keys(['example_task_group_decorator']) retrieved from /home/airflow/.local/lib/python3.7/site-packages/airflow/example_dags/example_task_group_decorator.py
[2022-01-08 12:32:06,838] {logging_mixin.py:109} INFO - [2022-01-08 12:32:06,838] {dag.py:2396} INFO - Sync 1 DAGs
[2022-01-08 12:32:06,860] {logging_mixin.py:109} INFO - [2022-01-08 12:32:06,860] {dag.py:2928} INFO - Setting next_dagrun for example_task_group_decorator to 2022-01-07T12:32:06.860138+00:00
[2022-01-08 12:32:06,875] {processor.py:171} INFO - Processing /home/airflow/.local/lib/python3.7/site-packages/airflow/example_dags/example_task_group_decorator.py took 0.333 seconds
[2022-01-08 12:32:37,026] {processor.py:163} INFO - Started process (PID=2958) to work on /home/airflow/.local/lib/python3.7/site-packages/airflow/example_dags/example_task_group_decorator.py
[2022-01-08 12:32:37,028] {processor.py:625} INFO - Processing file /home/airflow/.local/lib/python3.7/site-packages/airflow/example_dags/example_task_group_decorator.py for tasks to queue
[2022-01-08 12:32:37,029] {logging_mixin.py:109} INFO - [2022-01-08 12:32:37,029] {dagbag.py:500} INFO - Filling up the DagBag from /home/airflow/.local/lib/python3.7/site-packages/airflow/example_dags/example_task_group_decorator.py
[2022-01-08 12:32:37,095] {processor.py:637} INFO - DAG(s) dict_keys(['example_task_group_decorator']) retrieved from /home/airflow/.local/lib/python3.7/site-packages/airflow/example_dags/example_task_group_decorator.py
[2022-01-08 12:32:37,363] {logging_mixin.py:109} INFO - [2022-01-08 12:32:37,362] {dag.py:2396} INFO - Sync 1 DAGs
[2022-01-08 12:32:37,383] {logging_mixin.py:109} INFO - [2022-01-08 12:32:37,383] {dag.py:2928} INFO - Setting next_dagrun for example_task_group_decorator to 2022-01-07T12:32:37.382967+00:00
[2022-01-08 12:32:37,399] {processor.py:171} INFO - Processing /home/airflow/.local/lib/python3.7/site-packages/airflow/example_dags/example_task_group_decorator.py took 0.376 seconds
[2022-01-08 12:33:07,447] {processor.py:163} INFO - Started process (PID=3027) to work on /home/airflow/.local/lib/python3.7/site-packages/airflow/example_dags/example_task_group_decorator.py
[2022-01-08 12:33:07,449] {processor.py:625} INFO - Processing file /home/airflow/.local/lib/python3.7/site-packages/airflow/example_dags/example_task_group_decorator.py for tasks to queue
[2022-01-08 12:33:07,450] {logging_mixin.py:109} INFO - [2022-01-08 12:33:07,450] {dagbag.py:500} INFO - Filling up the DagBag from /home/airflow/.local/lib/python3.7/site-packages/airflow/example_dags/example_task_group_decorator.py
[2022-01-08 12:33:07,485] {processor.py:637} INFO - DAG(s) dict_keys(['example_task_group_decorator']) retrieved from /home/airflow/.local/lib/python3.7/site-packages/airflow/example_dags/example_task_group_decorator.py
[2022-01-08 12:33:07,731] {logging_mixin.py:109} INFO - [2022-01-08 12:33:07,731] {dag.py:2396} INFO - Sync 1 DAGs
[2022-01-08 12:33:07,743] {logging_mixin.py:109} INFO - [2022-01-08 12:33:07,743] {dag.py:2928} INFO - Setting next_dagrun for example_task_group_decorator to 2022-01-07T12:33:07.743532+00:00
[2022-01-08 12:33:07,753] {processor.py:171} INFO - Processing /home/airflow/.local/lib/python3.7/site-packages/airflow/example_dags/example_task_group_decorator.py took 0.308 seconds
[2022-01-08 12:33:38,424] {processor.py:163} INFO - Started process (PID=3089) to work on /home/airflow/.local/lib/python3.7/site-packages/airflow/example_dags/example_task_group_decorator.py
[2022-01-08 12:33:38,425] {processor.py:625} INFO - Processing file /home/airflow/.local/lib/python3.7/site-packages/airflow/example_dags/example_task_group_decorator.py for tasks to queue
[2022-01-08 12:33:38,426] {logging_mixin.py:109} INFO - [2022-01-08 12:33:38,426] {dagbag.py:500} INFO - Filling up the DagBag from /home/airflow/.local/lib/python3.7/site-packages/airflow/example_dags/example_task_group_decorator.py
[2022-01-08 12:33:38,468] {processor.py:637} INFO - DAG(s) dict_keys(['example_task_group_decorator']) retrieved from /home/airflow/.local/lib/python3.7/site-packages/airflow/example_dags/example_task_group_decorator.py
[2022-01-08 12:33:38,685] {logging_mixin.py:109} INFO - [2022-01-08 12:33:38,685] {dag.py:2396} INFO - Sync 1 DAGs
[2022-01-08 12:33:38,701] {logging_mixin.py:109} INFO - [2022-01-08 12:33:38,701] {dag.py:2928} INFO - Setting next_dagrun for example_task_group_decorator to 2022-01-07T12:33:38.701294+00:00
[2022-01-08 12:33:38,715] {processor.py:171} INFO - Processing /home/airflow/.local/lib/python3.7/site-packages/airflow/example_dags/example_task_group_decorator.py took 0.294 seconds
[2022-01-08 12:34:08,859] {processor.py:163} INFO - Started process (PID=3161) to work on /home/airflow/.local/lib/python3.7/site-packages/airflow/example_dags/example_task_group_decorator.py
[2022-01-08 12:34:08,861] {processor.py:625} INFO - Processing file /home/airflow/.local/lib/python3.7/site-packages/airflow/example_dags/example_task_group_decorator.py for tasks to queue
[2022-01-08 12:34:08,862] {logging_mixin.py:109} INFO - [2022-01-08 12:34:08,861] {dagbag.py:500} INFO - Filling up the DagBag from /home/airflow/.local/lib/python3.7/site-packages/airflow/example_dags/example_task_group_decorator.py
[2022-01-08 12:34:08,902] {processor.py:637} INFO - DAG(s) dict_keys(['example_task_group_decorator']) retrieved from /home/airflow/.local/lib/python3.7/site-packages/airflow/example_dags/example_task_group_decorator.py
[2022-01-08 12:34:09,132] {logging_mixin.py:109} INFO - [2022-01-08 12:34:09,132] {dag.py:2396} INFO - Sync 1 DAGs
[2022-01-08 12:34:09,147] {logging_mixin.py:109} INFO - [2022-01-08 12:34:09,147] {dag.py:2928} INFO - Setting next_dagrun for example_task_group_decorator to 2022-01-07T12:34:09.146852+00:00
[2022-01-08 12:34:09,156] {processor.py:171} INFO - Processing /home/airflow/.local/lib/python3.7/site-packages/airflow/example_dags/example_task_group_decorator.py took 0.301 seconds
[2022-01-08 12:34:39,200] {processor.py:163} INFO - Started process (PID=3224) to work on /home/airflow/.local/lib/python3.7/site-packages/airflow/example_dags/example_task_group_decorator.py
[2022-01-08 12:34:39,201] {processor.py:625} INFO - Processing file /home/airflow/.local/lib/python3.7/site-packages/airflow/example_dags/example_task_group_decorator.py for tasks to queue
[2022-01-08 12:34:39,202] {logging_mixin.py:109} INFO - [2022-01-08 12:34:39,202] {dagbag.py:500} INFO - Filling up the DagBag from /home/airflow/.local/lib/python3.7/site-packages/airflow/example_dags/example_task_group_decorator.py
[2022-01-08 12:34:39,258] {processor.py:637} INFO - DAG(s) dict_keys(['example_task_group_decorator']) retrieved from /home/airflow/.local/lib/python3.7/site-packages/airflow/example_dags/example_task_group_decorator.py
[2022-01-08 12:34:39,486] {logging_mixin.py:109} INFO - [2022-01-08 12:34:39,486] {dag.py:2396} INFO - Sync 1 DAGs
[2022-01-08 12:34:39,504] {logging_mixin.py:109} INFO - [2022-01-08 12:34:39,504] {dag.py:2928} INFO - Setting next_dagrun for example_task_group_decorator to 2022-01-07T12:34:39.504537+00:00
[2022-01-08 12:34:39,551] {processor.py:171} INFO - Processing /home/airflow/.local/lib/python3.7/site-packages/airflow/example_dags/example_task_group_decorator.py took 0.354 seconds
[2022-01-08 12:35:09,836] {processor.py:163} INFO - Started process (PID=3296) to work on /home/airflow/.local/lib/python3.7/site-packages/airflow/example_dags/example_task_group_decorator.py
[2022-01-08 12:35:09,837] {processor.py:625} INFO - Processing file /home/airflow/.local/lib/python3.7/site-packages/airflow/example_dags/example_task_group_decorator.py for tasks to queue
[2022-01-08 12:35:09,838] {logging_mixin.py:109} INFO - [2022-01-08 12:35:09,838] {dagbag.py:500} INFO - Filling up the DagBag from /home/airflow/.local/lib/python3.7/site-packages/airflow/example_dags/example_task_group_decorator.py
[2022-01-08 12:35:09,873] {processor.py:637} INFO - DAG(s) dict_keys(['example_task_group_decorator']) retrieved from /home/airflow/.local/lib/python3.7/site-packages/airflow/example_dags/example_task_group_decorator.py
[2022-01-08 12:35:10,105] {logging_mixin.py:109} INFO - [2022-01-08 12:35:10,105] {dag.py:2396} INFO - Sync 1 DAGs
[2022-01-08 12:35:10,123] {logging_mixin.py:109} INFO - [2022-01-08 12:35:10,122] {dag.py:2928} INFO - Setting next_dagrun for example_task_group_decorator to 2022-01-07T12:35:10.122695+00:00
[2022-01-08 12:35:10,140] {processor.py:171} INFO - Processing /home/airflow/.local/lib/python3.7/site-packages/airflow/example_dags/example_task_group_decorator.py took 0.306 seconds
[2022-01-08 12:35:40,170] {processor.py:163} INFO - Started process (PID=3355) to work on /home/airflow/.local/lib/python3.7/site-packages/airflow/example_dags/example_task_group_decorator.py
[2022-01-08 12:35:40,171] {processor.py:625} INFO - Processing file /home/airflow/.local/lib/python3.7/site-packages/airflow/example_dags/example_task_group_decorator.py for tasks to queue
[2022-01-08 12:35:40,172] {logging_mixin.py:109} INFO - [2022-01-08 12:35:40,172] {dagbag.py:500} INFO - Filling up the DagBag from /home/airflow/.local/lib/python3.7/site-packages/airflow/example_dags/example_task_group_decorator.py
[2022-01-08 12:35:40,204] {processor.py:637} INFO - DAG(s) dict_keys(['example_task_group_decorator']) retrieved from /home/airflow/.local/lib/python3.7/site-packages/airflow/example_dags/example_task_group_decorator.py
[2022-01-08 12:35:40,401] {logging_mixin.py:109} INFO - [2022-01-08 12:35:40,401] {dag.py:2396} INFO - Sync 1 DAGs
[2022-01-08 12:35:40,415] {logging_mixin.py:109} INFO - [2022-01-08 12:35:40,415] {dag.py:2928} INFO - Setting next_dagrun for example_task_group_decorator to 2022-01-07T12:35:40.415617+00:00
[2022-01-08 12:35:40,427] {processor.py:171} INFO - Processing /home/airflow/.local/lib/python3.7/site-packages/airflow/example_dags/example_task_group_decorator.py took 0.260 seconds
[2022-01-08 12:36:11,005] {processor.py:163} INFO - Started process (PID=3425) to work on /home/airflow/.local/lib/python3.7/site-packages/airflow/example_dags/example_task_group_decorator.py
[2022-01-08 12:36:11,007] {processor.py:625} INFO - Processing file /home/airflow/.local/lib/python3.7/site-packages/airflow/example_dags/example_task_group_decorator.py for tasks to queue
[2022-01-08 12:36:11,008] {logging_mixin.py:109} INFO - [2022-01-08 12:36:11,008] {dagbag.py:500} INFO - Filling up the DagBag from /home/airflow/.local/lib/python3.7/site-packages/airflow/example_dags/example_task_group_decorator.py
[2022-01-08 12:36:11,106] {processor.py:637} INFO - DAG(s) dict_keys(['example_task_group_decorator']) retrieved from /home/airflow/.local/lib/python3.7/site-packages/airflow/example_dags/example_task_group_decorator.py
[2022-01-08 12:36:11,953] {logging_mixin.py:109} INFO - [2022-01-08 12:36:11,953] {dag.py:2396} INFO - Sync 1 DAGs
[2022-01-08 12:36:11,975] {logging_mixin.py:109} INFO - [2022-01-08 12:36:11,975] {dag.py:2928} INFO - Setting next_dagrun for example_task_group_decorator to 2022-01-07T12:36:11.975009+00:00
[2022-01-08 12:36:11,991] {processor.py:171} INFO - Processing /home/airflow/.local/lib/python3.7/site-packages/airflow/example_dags/example_task_group_decorator.py took 0.993 seconds
[2022-01-08 12:36:42,176] {processor.py:163} INFO - Started process (PID=3486) to work on /home/airflow/.local/lib/python3.7/site-packages/airflow/example_dags/example_task_group_decorator.py
[2022-01-08 12:36:42,177] {processor.py:625} INFO - Processing file /home/airflow/.local/lib/python3.7/site-packages/airflow/example_dags/example_task_group_decorator.py for tasks to queue
[2022-01-08 12:36:42,178] {logging_mixin.py:109} INFO - [2022-01-08 12:36:42,178] {dagbag.py:500} INFO - Filling up the DagBag from /home/airflow/.local/lib/python3.7/site-packages/airflow/example_dags/example_task_group_decorator.py
[2022-01-08 12:36:42,222] {processor.py:637} INFO - DAG(s) dict_keys(['example_task_group_decorator']) retrieved from /home/airflow/.local/lib/python3.7/site-packages/airflow/example_dags/example_task_group_decorator.py
[2022-01-08 12:36:42,548] {logging_mixin.py:109} INFO - [2022-01-08 12:36:42,548] {dag.py:2396} INFO - Sync 1 DAGs
[2022-01-08 12:36:42,569] {logging_mixin.py:109} INFO - [2022-01-08 12:36:42,569] {dag.py:2928} INFO - Setting next_dagrun for example_task_group_decorator to 2022-01-07T12:36:42.568994+00:00
[2022-01-08 12:36:42,588] {processor.py:171} INFO - Processing /home/airflow/.local/lib/python3.7/site-packages/airflow/example_dags/example_task_group_decorator.py took 0.415 seconds
[2022-01-08 12:37:12,898] {processor.py:163} INFO - Started process (PID=3548) to work on /home/airflow/.local/lib/python3.7/site-packages/airflow/example_dags/example_task_group_decorator.py
[2022-01-08 12:37:12,902] {processor.py:625} INFO - Processing file /home/airflow/.local/lib/python3.7/site-packages/airflow/example_dags/example_task_group_decorator.py for tasks to queue
[2022-01-08 12:37:12,906] {logging_mixin.py:109} INFO - [2022-01-08 12:37:12,906] {dagbag.py:500} INFO - Filling up the DagBag from /home/airflow/.local/lib/python3.7/site-packages/airflow/example_dags/example_task_group_decorator.py
[2022-01-08 12:37:12,963] {processor.py:637} INFO - DAG(s) dict_keys(['example_task_group_decorator']) retrieved from /home/airflow/.local/lib/python3.7/site-packages/airflow/example_dags/example_task_group_decorator.py
[2022-01-08 12:37:13,279] {logging_mixin.py:109} INFO - [2022-01-08 12:37:13,279] {dag.py:2396} INFO - Sync 1 DAGs
[2022-01-08 12:37:13,306] {logging_mixin.py:109} INFO - [2022-01-08 12:37:13,306] {dag.py:2928} INFO - Setting next_dagrun for example_task_group_decorator to 2022-01-07T12:37:13.306438+00:00
[2022-01-08 12:37:13,508] {processor.py:171} INFO - Processing /home/airflow/.local/lib/python3.7/site-packages/airflow/example_dags/example_task_group_decorator.py took 0.613 seconds
[2022-01-08 12:37:43,608] {processor.py:163} INFO - Started process (PID=3618) to work on /home/airflow/.local/lib/python3.7/site-packages/airflow/example_dags/example_task_group_decorator.py
[2022-01-08 12:37:43,610] {processor.py:625} INFO - Processing file /home/airflow/.local/lib/python3.7/site-packages/airflow/example_dags/example_task_group_decorator.py for tasks to queue
[2022-01-08 12:37:43,611] {logging_mixin.py:109} INFO - [2022-01-08 12:37:43,611] {dagbag.py:500} INFO - Filling up the DagBag from /home/airflow/.local/lib/python3.7/site-packages/airflow/example_dags/example_task_group_decorator.py
[2022-01-08 12:37:43,651] {processor.py:637} INFO - DAG(s) dict_keys(['example_task_group_decorator']) retrieved from /home/airflow/.local/lib/python3.7/site-packages/airflow/example_dags/example_task_group_decorator.py
[2022-01-08 12:37:43,871] {logging_mixin.py:109} INFO - [2022-01-08 12:37:43,871] {dag.py:2396} INFO - Sync 1 DAGs
[2022-01-08 12:37:43,887] {logging_mixin.py:109} INFO - [2022-01-08 12:37:43,887] {dag.py:2928} INFO - Setting next_dagrun for example_task_group_decorator to 2022-01-07T12:37:43.887362+00:00
[2022-01-08 12:37:43,903] {processor.py:171} INFO - Processing /home/airflow/.local/lib/python3.7/site-packages/airflow/example_dags/example_task_group_decorator.py took 0.298 seconds
[2022-01-08 12:38:14,167] {processor.py:163} INFO - Started process (PID=3680) to work on /home/airflow/.local/lib/python3.7/site-packages/airflow/example_dags/example_task_group_decorator.py
[2022-01-08 12:38:14,168] {processor.py:625} INFO - Processing file /home/airflow/.local/lib/python3.7/site-packages/airflow/example_dags/example_task_group_decorator.py for tasks to queue
[2022-01-08 12:38:14,169] {logging_mixin.py:109} INFO - [2022-01-08 12:38:14,169] {dagbag.py:500} INFO - Filling up the DagBag from /home/airflow/.local/lib/python3.7/site-packages/airflow/example_dags/example_task_group_decorator.py
[2022-01-08 12:38:14,206] {processor.py:637} INFO - DAG(s) dict_keys(['example_task_group_decorator']) retrieved from /home/airflow/.local/lib/python3.7/site-packages/airflow/example_dags/example_task_group_decorator.py
[2022-01-08 12:38:14,431] {logging_mixin.py:109} INFO - [2022-01-08 12:38:14,431] {dag.py:2396} INFO - Sync 1 DAGs
[2022-01-08 12:38:14,446] {logging_mixin.py:109} INFO - [2022-01-08 12:38:14,446] {dag.py:2928} INFO - Setting next_dagrun for example_task_group_decorator to 2022-01-07T12:38:14.446122+00:00
[2022-01-08 12:38:14,459] {processor.py:171} INFO - Processing /home/airflow/.local/lib/python3.7/site-packages/airflow/example_dags/example_task_group_decorator.py took 0.294 seconds
[2022-01-08 12:38:44,963] {processor.py:163} INFO - Started process (PID=3741) to work on /home/airflow/.local/lib/python3.7/site-packages/airflow/example_dags/example_task_group_decorator.py
[2022-01-08 12:38:44,964] {processor.py:625} INFO - Processing file /home/airflow/.local/lib/python3.7/site-packages/airflow/example_dags/example_task_group_decorator.py for tasks to queue
[2022-01-08 12:38:44,965] {logging_mixin.py:109} INFO - [2022-01-08 12:38:44,965] {dagbag.py:500} INFO - Filling up the DagBag from /home/airflow/.local/lib/python3.7/site-packages/airflow/example_dags/example_task_group_decorator.py
[2022-01-08 12:38:44,999] {processor.py:637} INFO - DAG(s) dict_keys(['example_task_group_decorator']) retrieved from /home/airflow/.local/lib/python3.7/site-packages/airflow/example_dags/example_task_group_decorator.py
[2022-01-08 12:38:45,201] {logging_mixin.py:109} INFO - [2022-01-08 12:38:45,201] {dag.py:2396} INFO - Sync 1 DAGs
[2022-01-08 12:38:45,215] {logging_mixin.py:109} INFO - [2022-01-08 12:38:45,215] {dag.py:2928} INFO - Setting next_dagrun for example_task_group_decorator to 2022-01-07T12:38:45.215598+00:00
[2022-01-08 12:38:45,229] {processor.py:171} INFO - Processing /home/airflow/.local/lib/python3.7/site-packages/airflow/example_dags/example_task_group_decorator.py took 0.269 seconds
[2022-01-08 12:39:15,490] {processor.py:163} INFO - Started process (PID=3812) to work on /home/airflow/.local/lib/python3.7/site-packages/airflow/example_dags/example_task_group_decorator.py
[2022-01-08 12:39:15,491] {processor.py:625} INFO - Processing file /home/airflow/.local/lib/python3.7/site-packages/airflow/example_dags/example_task_group_decorator.py for tasks to queue
[2022-01-08 12:39:15,492] {logging_mixin.py:109} INFO - [2022-01-08 12:39:15,492] {dagbag.py:500} INFO - Filling up the DagBag from /home/airflow/.local/lib/python3.7/site-packages/airflow/example_dags/example_task_group_decorator.py
[2022-01-08 12:39:15,526] {processor.py:637} INFO - DAG(s) dict_keys(['example_task_group_decorator']) retrieved from /home/airflow/.local/lib/python3.7/site-packages/airflow/example_dags/example_task_group_decorator.py
[2022-01-08 12:39:15,737] {logging_mixin.py:109} INFO - [2022-01-08 12:39:15,737] {dag.py:2396} INFO - Sync 1 DAGs
[2022-01-08 12:39:15,753] {logging_mixin.py:109} INFO - [2022-01-08 12:39:15,753] {dag.py:2928} INFO - Setting next_dagrun for example_task_group_decorator to 2022-01-07T12:39:15.752816+00:00
[2022-01-08 12:39:15,765] {processor.py:171} INFO - Processing /home/airflow/.local/lib/python3.7/site-packages/airflow/example_dags/example_task_group_decorator.py took 0.277 seconds
[2022-01-08 12:39:46,394] {processor.py:163} INFO - Started process (PID=3874) to work on /home/airflow/.local/lib/python3.7/site-packages/airflow/example_dags/example_task_group_decorator.py
[2022-01-08 12:39:46,395] {processor.py:625} INFO - Processing file /home/airflow/.local/lib/python3.7/site-packages/airflow/example_dags/example_task_group_decorator.py for tasks to queue
[2022-01-08 12:39:46,396] {logging_mixin.py:109} INFO - [2022-01-08 12:39:46,395] {dagbag.py:500} INFO - Filling up the DagBag from /home/airflow/.local/lib/python3.7/site-packages/airflow/example_dags/example_task_group_decorator.py
[2022-01-08 12:39:46,436] {processor.py:637} INFO - DAG(s) dict_keys(['example_task_group_decorator']) retrieved from /home/airflow/.local/lib/python3.7/site-packages/airflow/example_dags/example_task_group_decorator.py
[2022-01-08 12:39:46,689] {logging_mixin.py:109} INFO - [2022-01-08 12:39:46,688] {dag.py:2396} INFO - Sync 1 DAGs
[2022-01-08 12:39:46,702] {logging_mixin.py:109} INFO - [2022-01-08 12:39:46,702] {dag.py:2928} INFO - Setting next_dagrun for example_task_group_decorator to 2022-01-07T12:39:46.702069+00:00
[2022-01-08 12:39:46,713] {processor.py:171} INFO - Processing /home/airflow/.local/lib/python3.7/site-packages/airflow/example_dags/example_task_group_decorator.py took 0.322 seconds
[2022-01-08 12:40:16,917] {processor.py:163} INFO - Started process (PID=3946) to work on /home/airflow/.local/lib/python3.7/site-packages/airflow/example_dags/example_task_group_decorator.py
[2022-01-08 12:40:16,919] {processor.py:625} INFO - Processing file /home/airflow/.local/lib/python3.7/site-packages/airflow/example_dags/example_task_group_decorator.py for tasks to queue
[2022-01-08 12:40:16,920] {logging_mixin.py:109} INFO - [2022-01-08 12:40:16,920] {dagbag.py:500} INFO - Filling up the DagBag from /home/airflow/.local/lib/python3.7/site-packages/airflow/example_dags/example_task_group_decorator.py
[2022-01-08 12:40:16,976] {processor.py:637} INFO - DAG(s) dict_keys(['example_task_group_decorator']) retrieved from /home/airflow/.local/lib/python3.7/site-packages/airflow/example_dags/example_task_group_decorator.py
[2022-01-08 12:40:17,259] {logging_mixin.py:109} INFO - [2022-01-08 12:40:17,259] {dag.py:2396} INFO - Sync 1 DAGs
[2022-01-08 12:40:17,282] {logging_mixin.py:109} INFO - [2022-01-08 12:40:17,282] {dag.py:2928} INFO - Setting next_dagrun for example_task_group_decorator to 2022-01-07T12:40:17.281842+00:00
[2022-01-08 12:40:17,297] {processor.py:171} INFO - Processing /home/airflow/.local/lib/python3.7/site-packages/airflow/example_dags/example_task_group_decorator.py took 0.385 seconds
