[2022-01-08 12:09:56,740] {processor.py:163} INFO - Started process (PID=88) to work on /home/airflow/.local/lib/python3.7/site-packages/airflow/example_dags/example_external_task_marker_dag.py
[2022-01-08 12:09:56,741] {processor.py:625} INFO - Processing file /home/airflow/.local/lib/python3.7/site-packages/airflow/example_dags/example_external_task_marker_dag.py for tasks to queue
[2022-01-08 12:09:56,743] {logging_mixin.py:109} INFO - [2022-01-08 12:09:56,742] {dagbag.py:500} INFO - Filling up the DagBag from /home/airflow/.local/lib/python3.7/site-packages/airflow/example_dags/example_external_task_marker_dag.py
[2022-01-08 12:09:56,774] {processor.py:637} INFO - DAG(s) dict_keys(['example_external_task_marker_parent', 'example_external_task_marker_child']) retrieved from /home/airflow/.local/lib/python3.7/site-packages/airflow/example_dags/example_external_task_marker_dag.py
[2022-01-08 12:09:56,789] {logging_mixin.py:109} INFO - [2022-01-08 12:09:56,789] {dag.py:2396} INFO - Sync 2 DAGs
[2022-01-08 12:09:56,806] {logging_mixin.py:109} INFO - [2022-01-08 12:09:56,806] {dag.py:2928} INFO - Setting next_dagrun for example_external_task_marker_child to None
[2022-01-08 12:09:56,807] {logging_mixin.py:109} INFO - [2022-01-08 12:09:56,807] {dag.py:2928} INFO - Setting next_dagrun for example_external_task_marker_parent to None
[2022-01-08 12:09:56,818] {processor.py:171} INFO - Processing /home/airflow/.local/lib/python3.7/site-packages/airflow/example_dags/example_external_task_marker_dag.py took 0.082 seconds
[2022-01-08 12:10:27,748] {processor.py:163} INFO - Started process (PID=171) to work on /home/airflow/.local/lib/python3.7/site-packages/airflow/example_dags/example_external_task_marker_dag.py
[2022-01-08 12:10:27,750] {processor.py:625} INFO - Processing file /home/airflow/.local/lib/python3.7/site-packages/airflow/example_dags/example_external_task_marker_dag.py for tasks to queue
[2022-01-08 12:10:27,751] {logging_mixin.py:109} INFO - [2022-01-08 12:10:27,751] {dagbag.py:500} INFO - Filling up the DagBag from /home/airflow/.local/lib/python3.7/site-packages/airflow/example_dags/example_external_task_marker_dag.py
[2022-01-08 12:10:27,772] {processor.py:637} INFO - DAG(s) dict_keys(['example_external_task_marker_parent', 'example_external_task_marker_child']) retrieved from /home/airflow/.local/lib/python3.7/site-packages/airflow/example_dags/example_external_task_marker_dag.py
[2022-01-08 12:10:27,783] {logging_mixin.py:109} INFO - [2022-01-08 12:10:27,783] {dag.py:2396} INFO - Sync 2 DAGs
[2022-01-08 12:10:27,798] {logging_mixin.py:109} INFO - [2022-01-08 12:10:27,798] {dag.py:2928} INFO - Setting next_dagrun for example_external_task_marker_child to None
[2022-01-08 12:10:27,798] {logging_mixin.py:109} INFO - [2022-01-08 12:10:27,798] {dag.py:2928} INFO - Setting next_dagrun for example_external_task_marker_parent to None
[2022-01-08 12:10:27,809] {processor.py:171} INFO - Processing /home/airflow/.local/lib/python3.7/site-packages/airflow/example_dags/example_external_task_marker_dag.py took 0.063 seconds
[2022-01-08 12:10:58,658] {processor.py:163} INFO - Started process (PID=244) to work on /home/airflow/.local/lib/python3.7/site-packages/airflow/example_dags/example_external_task_marker_dag.py
[2022-01-08 12:10:58,659] {processor.py:625} INFO - Processing file /home/airflow/.local/lib/python3.7/site-packages/airflow/example_dags/example_external_task_marker_dag.py for tasks to queue
[2022-01-08 12:10:58,660] {logging_mixin.py:109} INFO - [2022-01-08 12:10:58,660] {dagbag.py:500} INFO - Filling up the DagBag from /home/airflow/.local/lib/python3.7/site-packages/airflow/example_dags/example_external_task_marker_dag.py
[2022-01-08 12:10:58,685] {processor.py:637} INFO - DAG(s) dict_keys(['example_external_task_marker_parent', 'example_external_task_marker_child']) retrieved from /home/airflow/.local/lib/python3.7/site-packages/airflow/example_dags/example_external_task_marker_dag.py
[2022-01-08 12:10:58,701] {logging_mixin.py:109} INFO - [2022-01-08 12:10:58,701] {dag.py:2396} INFO - Sync 2 DAGs
[2022-01-08 12:10:58,718] {logging_mixin.py:109} INFO - [2022-01-08 12:10:58,718] {dag.py:2928} INFO - Setting next_dagrun for example_external_task_marker_child to None
[2022-01-08 12:10:58,719] {logging_mixin.py:109} INFO - [2022-01-08 12:10:58,719] {dag.py:2928} INFO - Setting next_dagrun for example_external_task_marker_parent to None
[2022-01-08 12:10:58,742] {processor.py:171} INFO - Processing /home/airflow/.local/lib/python3.7/site-packages/airflow/example_dags/example_external_task_marker_dag.py took 0.089 seconds
[2022-01-08 12:11:31,031] {processor.py:163} INFO - Started process (PID=305) to work on /home/airflow/.local/lib/python3.7/site-packages/airflow/example_dags/example_external_task_marker_dag.py
[2022-01-08 12:11:31,033] {processor.py:625} INFO - Processing file /home/airflow/.local/lib/python3.7/site-packages/airflow/example_dags/example_external_task_marker_dag.py for tasks to queue
[2022-01-08 12:11:31,035] {logging_mixin.py:109} INFO - [2022-01-08 12:11:31,034] {dagbag.py:500} INFO - Filling up the DagBag from /home/airflow/.local/lib/python3.7/site-packages/airflow/example_dags/example_external_task_marker_dag.py
[2022-01-08 12:11:31,064] {processor.py:637} INFO - DAG(s) dict_keys(['example_external_task_marker_parent', 'example_external_task_marker_child']) retrieved from /home/airflow/.local/lib/python3.7/site-packages/airflow/example_dags/example_external_task_marker_dag.py
[2022-01-08 12:11:31,080] {logging_mixin.py:109} INFO - [2022-01-08 12:11:31,080] {dag.py:2396} INFO - Sync 2 DAGs
[2022-01-08 12:11:31,101] {logging_mixin.py:109} INFO - [2022-01-08 12:11:31,101] {dag.py:2928} INFO - Setting next_dagrun for example_external_task_marker_child to None
[2022-01-08 12:11:31,103] {logging_mixin.py:109} INFO - [2022-01-08 12:11:31,102] {dag.py:2928} INFO - Setting next_dagrun for example_external_task_marker_parent to None
[2022-01-08 12:11:31,143] {processor.py:171} INFO - Processing /home/airflow/.local/lib/python3.7/site-packages/airflow/example_dags/example_external_task_marker_dag.py took 0.115 seconds
[2022-01-08 12:12:01,604] {processor.py:163} INFO - Started process (PID=376) to work on /home/airflow/.local/lib/python3.7/site-packages/airflow/example_dags/example_external_task_marker_dag.py
[2022-01-08 12:12:01,605] {processor.py:625} INFO - Processing file /home/airflow/.local/lib/python3.7/site-packages/airflow/example_dags/example_external_task_marker_dag.py for tasks to queue
[2022-01-08 12:12:01,607] {logging_mixin.py:109} INFO - [2022-01-08 12:12:01,606] {dagbag.py:500} INFO - Filling up the DagBag from /home/airflow/.local/lib/python3.7/site-packages/airflow/example_dags/example_external_task_marker_dag.py
[2022-01-08 12:12:01,644] {processor.py:637} INFO - DAG(s) dict_keys(['example_external_task_marker_parent', 'example_external_task_marker_child']) retrieved from /home/airflow/.local/lib/python3.7/site-packages/airflow/example_dags/example_external_task_marker_dag.py
[2022-01-08 12:12:01,665] {logging_mixin.py:109} INFO - [2022-01-08 12:12:01,665] {dag.py:2396} INFO - Sync 2 DAGs
[2022-01-08 12:12:01,688] {logging_mixin.py:109} INFO - [2022-01-08 12:12:01,688] {dag.py:2928} INFO - Setting next_dagrun for example_external_task_marker_child to None
[2022-01-08 12:12:01,689] {logging_mixin.py:109} INFO - [2022-01-08 12:12:01,689] {dag.py:2928} INFO - Setting next_dagrun for example_external_task_marker_parent to None
[2022-01-08 12:12:01,704] {processor.py:171} INFO - Processing /home/airflow/.local/lib/python3.7/site-packages/airflow/example_dags/example_external_task_marker_dag.py took 0.104 seconds
[2022-01-08 12:12:32,602] {processor.py:163} INFO - Started process (PID=437) to work on /home/airflow/.local/lib/python3.7/site-packages/airflow/example_dags/example_external_task_marker_dag.py
[2022-01-08 12:12:32,604] {processor.py:625} INFO - Processing file /home/airflow/.local/lib/python3.7/site-packages/airflow/example_dags/example_external_task_marker_dag.py for tasks to queue
[2022-01-08 12:12:32,605] {logging_mixin.py:109} INFO - [2022-01-08 12:12:32,605] {dagbag.py:500} INFO - Filling up the DagBag from /home/airflow/.local/lib/python3.7/site-packages/airflow/example_dags/example_external_task_marker_dag.py
[2022-01-08 12:12:32,656] {processor.py:637} INFO - DAG(s) dict_keys(['example_external_task_marker_parent', 'example_external_task_marker_child']) retrieved from /home/airflow/.local/lib/python3.7/site-packages/airflow/example_dags/example_external_task_marker_dag.py
[2022-01-08 12:12:32,685] {logging_mixin.py:109} INFO - [2022-01-08 12:12:32,685] {dag.py:2396} INFO - Sync 2 DAGs
[2022-01-08 12:12:32,721] {logging_mixin.py:109} INFO - [2022-01-08 12:12:32,721] {dag.py:2928} INFO - Setting next_dagrun for example_external_task_marker_child to None
[2022-01-08 12:12:32,722] {logging_mixin.py:109} INFO - [2022-01-08 12:12:32,722] {dag.py:2928} INFO - Setting next_dagrun for example_external_task_marker_parent to None
[2022-01-08 12:12:32,743] {processor.py:171} INFO - Processing /home/airflow/.local/lib/python3.7/site-packages/airflow/example_dags/example_external_task_marker_dag.py took 0.153 seconds
[2022-01-08 12:13:03,598] {processor.py:163} INFO - Started process (PID=499) to work on /home/airflow/.local/lib/python3.7/site-packages/airflow/example_dags/example_external_task_marker_dag.py
[2022-01-08 12:13:03,599] {processor.py:625} INFO - Processing file /home/airflow/.local/lib/python3.7/site-packages/airflow/example_dags/example_external_task_marker_dag.py for tasks to queue
[2022-01-08 12:13:03,600] {logging_mixin.py:109} INFO - [2022-01-08 12:13:03,599] {dagbag.py:500} INFO - Filling up the DagBag from /home/airflow/.local/lib/python3.7/site-packages/airflow/example_dags/example_external_task_marker_dag.py
[2022-01-08 12:13:03,623] {processor.py:637} INFO - DAG(s) dict_keys(['example_external_task_marker_parent', 'example_external_task_marker_child']) retrieved from /home/airflow/.local/lib/python3.7/site-packages/airflow/example_dags/example_external_task_marker_dag.py
[2022-01-08 12:13:03,636] {logging_mixin.py:109} INFO - [2022-01-08 12:13:03,636] {dag.py:2396} INFO - Sync 2 DAGs
[2022-01-08 12:13:03,652] {logging_mixin.py:109} INFO - [2022-01-08 12:13:03,652] {dag.py:2928} INFO - Setting next_dagrun for example_external_task_marker_child to None
[2022-01-08 12:13:03,653] {logging_mixin.py:109} INFO - [2022-01-08 12:13:03,653] {dag.py:2928} INFO - Setting next_dagrun for example_external_task_marker_parent to None
[2022-01-08 12:13:03,664] {processor.py:171} INFO - Processing /home/airflow/.local/lib/python3.7/site-packages/airflow/example_dags/example_external_task_marker_dag.py took 0.070 seconds
[2022-01-08 12:13:36,227] {processor.py:163} INFO - Started process (PID=572) to work on /home/airflow/.local/lib/python3.7/site-packages/airflow/example_dags/example_external_task_marker_dag.py
[2022-01-08 12:13:36,229] {processor.py:625} INFO - Processing file /home/airflow/.local/lib/python3.7/site-packages/airflow/example_dags/example_external_task_marker_dag.py for tasks to queue
[2022-01-08 12:13:36,230] {logging_mixin.py:109} INFO - [2022-01-08 12:13:36,230] {dagbag.py:500} INFO - Filling up the DagBag from /home/airflow/.local/lib/python3.7/site-packages/airflow/example_dags/example_external_task_marker_dag.py
[2022-01-08 12:13:36,260] {processor.py:637} INFO - DAG(s) dict_keys(['example_external_task_marker_parent', 'example_external_task_marker_child']) retrieved from /home/airflow/.local/lib/python3.7/site-packages/airflow/example_dags/example_external_task_marker_dag.py
[2022-01-08 12:13:36,278] {logging_mixin.py:109} INFO - [2022-01-08 12:13:36,278] {dag.py:2396} INFO - Sync 2 DAGs
[2022-01-08 12:13:36,299] {logging_mixin.py:109} INFO - [2022-01-08 12:13:36,299] {dag.py:2928} INFO - Setting next_dagrun for example_external_task_marker_child to None
[2022-01-08 12:13:36,299] {logging_mixin.py:109} INFO - [2022-01-08 12:13:36,299] {dag.py:2928} INFO - Setting next_dagrun for example_external_task_marker_parent to None
[2022-01-08 12:13:36,315] {processor.py:171} INFO - Processing /home/airflow/.local/lib/python3.7/site-packages/airflow/example_dags/example_external_task_marker_dag.py took 0.094 seconds
[2022-01-08 12:14:06,847] {processor.py:163} INFO - Started process (PID=633) to work on /home/airflow/.local/lib/python3.7/site-packages/airflow/example_dags/example_external_task_marker_dag.py
[2022-01-08 12:14:06,849] {processor.py:625} INFO - Processing file /home/airflow/.local/lib/python3.7/site-packages/airflow/example_dags/example_external_task_marker_dag.py for tasks to queue
[2022-01-08 12:14:06,849] {logging_mixin.py:109} INFO - [2022-01-08 12:14:06,849] {dagbag.py:500} INFO - Filling up the DagBag from /home/airflow/.local/lib/python3.7/site-packages/airflow/example_dags/example_external_task_marker_dag.py
[2022-01-08 12:14:06,870] {processor.py:637} INFO - DAG(s) dict_keys(['example_external_task_marker_parent', 'example_external_task_marker_child']) retrieved from /home/airflow/.local/lib/python3.7/site-packages/airflow/example_dags/example_external_task_marker_dag.py
[2022-01-08 12:14:06,884] {logging_mixin.py:109} INFO - [2022-01-08 12:14:06,884] {dag.py:2396} INFO - Sync 2 DAGs
[2022-01-08 12:14:06,902] {logging_mixin.py:109} INFO - [2022-01-08 12:14:06,902] {dag.py:2928} INFO - Setting next_dagrun for example_external_task_marker_child to None
[2022-01-08 12:14:06,903] {logging_mixin.py:109} INFO - [2022-01-08 12:14:06,903] {dag.py:2928} INFO - Setting next_dagrun for example_external_task_marker_parent to None
[2022-01-08 12:14:06,917] {processor.py:171} INFO - Processing /home/airflow/.local/lib/python3.7/site-packages/airflow/example_dags/example_external_task_marker_dag.py took 0.073 seconds
[2022-01-08 12:14:37,504] {processor.py:163} INFO - Started process (PID=693) to work on /home/airflow/.local/lib/python3.7/site-packages/airflow/example_dags/example_external_task_marker_dag.py
[2022-01-08 12:14:37,505] {processor.py:625} INFO - Processing file /home/airflow/.local/lib/python3.7/site-packages/airflow/example_dags/example_external_task_marker_dag.py for tasks to queue
[2022-01-08 12:14:37,505] {logging_mixin.py:109} INFO - [2022-01-08 12:14:37,505] {dagbag.py:500} INFO - Filling up the DagBag from /home/airflow/.local/lib/python3.7/site-packages/airflow/example_dags/example_external_task_marker_dag.py
[2022-01-08 12:14:37,525] {processor.py:637} INFO - DAG(s) dict_keys(['example_external_task_marker_parent', 'example_external_task_marker_child']) retrieved from /home/airflow/.local/lib/python3.7/site-packages/airflow/example_dags/example_external_task_marker_dag.py
[2022-01-08 12:14:37,538] {logging_mixin.py:109} INFO - [2022-01-08 12:14:37,538] {dag.py:2396} INFO - Sync 2 DAGs
[2022-01-08 12:14:37,553] {logging_mixin.py:109} INFO - [2022-01-08 12:14:37,553] {dag.py:2928} INFO - Setting next_dagrun for example_external_task_marker_child to None
[2022-01-08 12:14:37,553] {logging_mixin.py:109} INFO - [2022-01-08 12:14:37,553] {dag.py:2928} INFO - Setting next_dagrun for example_external_task_marker_parent to None
[2022-01-08 12:14:37,565] {processor.py:171} INFO - Processing /home/airflow/.local/lib/python3.7/site-packages/airflow/example_dags/example_external_task_marker_dag.py took 0.063 seconds
[2022-01-08 12:15:07,994] {processor.py:163} INFO - Started process (PID=762) to work on /home/airflow/.local/lib/python3.7/site-packages/airflow/example_dags/example_external_task_marker_dag.py
[2022-01-08 12:15:07,995] {processor.py:625} INFO - Processing file /home/airflow/.local/lib/python3.7/site-packages/airflow/example_dags/example_external_task_marker_dag.py for tasks to queue
[2022-01-08 12:15:07,996] {logging_mixin.py:109} INFO - [2022-01-08 12:15:07,996] {dagbag.py:500} INFO - Filling up the DagBag from /home/airflow/.local/lib/python3.7/site-packages/airflow/example_dags/example_external_task_marker_dag.py
[2022-01-08 12:15:08,020] {processor.py:637} INFO - DAG(s) dict_keys(['example_external_task_marker_parent', 'example_external_task_marker_child']) retrieved from /home/airflow/.local/lib/python3.7/site-packages/airflow/example_dags/example_external_task_marker_dag.py
[2022-01-08 12:15:08,033] {logging_mixin.py:109} INFO - [2022-01-08 12:15:08,033] {dag.py:2396} INFO - Sync 2 DAGs
[2022-01-08 12:15:08,047] {logging_mixin.py:109} INFO - [2022-01-08 12:15:08,047] {dag.py:2928} INFO - Setting next_dagrun for example_external_task_marker_child to None
[2022-01-08 12:15:08,047] {logging_mixin.py:109} INFO - [2022-01-08 12:15:08,047] {dag.py:2928} INFO - Setting next_dagrun for example_external_task_marker_parent to None
[2022-01-08 12:15:08,057] {processor.py:171} INFO - Processing /home/airflow/.local/lib/python3.7/site-packages/airflow/example_dags/example_external_task_marker_dag.py took 0.066 seconds
[2022-01-08 12:15:39,935] {processor.py:163} INFO - Started process (PID=824) to work on /home/airflow/.local/lib/python3.7/site-packages/airflow/example_dags/example_external_task_marker_dag.py
[2022-01-08 12:15:39,938] {processor.py:625} INFO - Processing file /home/airflow/.local/lib/python3.7/site-packages/airflow/example_dags/example_external_task_marker_dag.py for tasks to queue
[2022-01-08 12:15:39,940] {logging_mixin.py:109} INFO - [2022-01-08 12:15:39,940] {dagbag.py:500} INFO - Filling up the DagBag from /home/airflow/.local/lib/python3.7/site-packages/airflow/example_dags/example_external_task_marker_dag.py
[2022-01-08 12:15:39,968] {processor.py:637} INFO - DAG(s) dict_keys(['example_external_task_marker_parent', 'example_external_task_marker_child']) retrieved from /home/airflow/.local/lib/python3.7/site-packages/airflow/example_dags/example_external_task_marker_dag.py
[2022-01-08 12:15:39,983] {logging_mixin.py:109} INFO - [2022-01-08 12:15:39,983] {dag.py:2396} INFO - Sync 2 DAGs
[2022-01-08 12:15:40,006] {logging_mixin.py:109} INFO - [2022-01-08 12:15:40,005] {dag.py:2928} INFO - Setting next_dagrun for example_external_task_marker_child to None
[2022-01-08 12:15:40,006] {logging_mixin.py:109} INFO - [2022-01-08 12:15:40,006] {dag.py:2928} INFO - Setting next_dagrun for example_external_task_marker_parent to None
[2022-01-08 12:15:40,020] {processor.py:171} INFO - Processing /home/airflow/.local/lib/python3.7/site-packages/airflow/example_dags/example_external_task_marker_dag.py took 0.088 seconds
[2022-01-08 12:16:11,653] {processor.py:163} INFO - Started process (PID=895) to work on /home/airflow/.local/lib/python3.7/site-packages/airflow/example_dags/example_external_task_marker_dag.py
[2022-01-08 12:16:11,655] {processor.py:625} INFO - Processing file /home/airflow/.local/lib/python3.7/site-packages/airflow/example_dags/example_external_task_marker_dag.py for tasks to queue
[2022-01-08 12:16:11,656] {logging_mixin.py:109} INFO - [2022-01-08 12:16:11,655] {dagbag.py:500} INFO - Filling up the DagBag from /home/airflow/.local/lib/python3.7/site-packages/airflow/example_dags/example_external_task_marker_dag.py
[2022-01-08 12:16:11,678] {processor.py:637} INFO - DAG(s) dict_keys(['example_external_task_marker_parent', 'example_external_task_marker_child']) retrieved from /home/airflow/.local/lib/python3.7/site-packages/airflow/example_dags/example_external_task_marker_dag.py
[2022-01-08 12:16:11,695] {logging_mixin.py:109} INFO - [2022-01-08 12:16:11,694] {dag.py:2396} INFO - Sync 2 DAGs
[2022-01-08 12:16:11,715] {logging_mixin.py:109} INFO - [2022-01-08 12:16:11,715] {dag.py:2928} INFO - Setting next_dagrun for example_external_task_marker_child to None
[2022-01-08 12:16:11,716] {logging_mixin.py:109} INFO - [2022-01-08 12:16:11,715] {dag.py:2928} INFO - Setting next_dagrun for example_external_task_marker_parent to None
[2022-01-08 12:16:11,729] {processor.py:171} INFO - Processing /home/airflow/.local/lib/python3.7/site-packages/airflow/example_dags/example_external_task_marker_dag.py took 0.079 seconds
[2022-01-08 12:16:42,935] {processor.py:163} INFO - Started process (PID=957) to work on /home/airflow/.local/lib/python3.7/site-packages/airflow/example_dags/example_external_task_marker_dag.py
[2022-01-08 12:16:42,939] {processor.py:625} INFO - Processing file /home/airflow/.local/lib/python3.7/site-packages/airflow/example_dags/example_external_task_marker_dag.py for tasks to queue
[2022-01-08 12:16:42,948] {logging_mixin.py:109} INFO - [2022-01-08 12:16:42,947] {dagbag.py:500} INFO - Filling up the DagBag from /home/airflow/.local/lib/python3.7/site-packages/airflow/example_dags/example_external_task_marker_dag.py
[2022-01-08 12:16:43,010] {processor.py:637} INFO - DAG(s) dict_keys(['example_external_task_marker_parent', 'example_external_task_marker_child']) retrieved from /home/airflow/.local/lib/python3.7/site-packages/airflow/example_dags/example_external_task_marker_dag.py
[2022-01-08 12:16:43,047] {logging_mixin.py:109} INFO - [2022-01-08 12:16:43,047] {dag.py:2396} INFO - Sync 2 DAGs
[2022-01-08 12:16:43,076] {logging_mixin.py:109} INFO - [2022-01-08 12:16:43,076] {dag.py:2928} INFO - Setting next_dagrun for example_external_task_marker_child to None
[2022-01-08 12:16:43,079] {logging_mixin.py:109} INFO - [2022-01-08 12:16:43,079] {dag.py:2928} INFO - Setting next_dagrun for example_external_task_marker_parent to None
[2022-01-08 12:16:43,098] {processor.py:171} INFO - Processing /home/airflow/.local/lib/python3.7/site-packages/airflow/example_dags/example_external_task_marker_dag.py took 0.167 seconds
[2022-01-08 12:17:13,541] {processor.py:163} INFO - Started process (PID=1028) to work on /home/airflow/.local/lib/python3.7/site-packages/airflow/example_dags/example_external_task_marker_dag.py
[2022-01-08 12:17:13,543] {processor.py:625} INFO - Processing file /home/airflow/.local/lib/python3.7/site-packages/airflow/example_dags/example_external_task_marker_dag.py for tasks to queue
[2022-01-08 12:17:13,543] {logging_mixin.py:109} INFO - [2022-01-08 12:17:13,543] {dagbag.py:500} INFO - Filling up the DagBag from /home/airflow/.local/lib/python3.7/site-packages/airflow/example_dags/example_external_task_marker_dag.py
[2022-01-08 12:17:13,570] {processor.py:637} INFO - DAG(s) dict_keys(['example_external_task_marker_parent', 'example_external_task_marker_child']) retrieved from /home/airflow/.local/lib/python3.7/site-packages/airflow/example_dags/example_external_task_marker_dag.py
[2022-01-08 12:17:13,591] {logging_mixin.py:109} INFO - [2022-01-08 12:17:13,590] {dag.py:2396} INFO - Sync 2 DAGs
[2022-01-08 12:17:13,617] {logging_mixin.py:109} INFO - [2022-01-08 12:17:13,617] {dag.py:2928} INFO - Setting next_dagrun for example_external_task_marker_child to None
[2022-01-08 12:17:13,620] {logging_mixin.py:109} INFO - [2022-01-08 12:17:13,619] {dag.py:2928} INFO - Setting next_dagrun for example_external_task_marker_parent to None
[2022-01-08 12:17:13,768] {processor.py:171} INFO - Processing /home/airflow/.local/lib/python3.7/site-packages/airflow/example_dags/example_external_task_marker_dag.py took 0.230 seconds
[2022-01-08 12:17:43,899] {processor.py:163} INFO - Started process (PID=1090) to work on /home/airflow/.local/lib/python3.7/site-packages/airflow/example_dags/example_external_task_marker_dag.py
[2022-01-08 12:17:43,900] {processor.py:625} INFO - Processing file /home/airflow/.local/lib/python3.7/site-packages/airflow/example_dags/example_external_task_marker_dag.py for tasks to queue
[2022-01-08 12:17:43,901] {logging_mixin.py:109} INFO - [2022-01-08 12:17:43,901] {dagbag.py:500} INFO - Filling up the DagBag from /home/airflow/.local/lib/python3.7/site-packages/airflow/example_dags/example_external_task_marker_dag.py
[2022-01-08 12:17:43,921] {processor.py:637} INFO - DAG(s) dict_keys(['example_external_task_marker_parent', 'example_external_task_marker_child']) retrieved from /home/airflow/.local/lib/python3.7/site-packages/airflow/example_dags/example_external_task_marker_dag.py
[2022-01-08 12:17:43,934] {logging_mixin.py:109} INFO - [2022-01-08 12:17:43,933] {dag.py:2396} INFO - Sync 2 DAGs
[2022-01-08 12:17:43,951] {logging_mixin.py:109} INFO - [2022-01-08 12:17:43,951] {dag.py:2928} INFO - Setting next_dagrun for example_external_task_marker_child to None
[2022-01-08 12:17:43,952] {logging_mixin.py:109} INFO - [2022-01-08 12:17:43,951] {dag.py:2928} INFO - Setting next_dagrun for example_external_task_marker_parent to None
[2022-01-08 12:17:44,030] {processor.py:171} INFO - Processing /home/airflow/.local/lib/python3.7/site-packages/airflow/example_dags/example_external_task_marker_dag.py took 0.133 seconds
[2022-01-08 12:18:14,679] {processor.py:163} INFO - Started process (PID=1151) to work on /home/airflow/.local/lib/python3.7/site-packages/airflow/example_dags/example_external_task_marker_dag.py
[2022-01-08 12:18:14,680] {processor.py:625} INFO - Processing file /home/airflow/.local/lib/python3.7/site-packages/airflow/example_dags/example_external_task_marker_dag.py for tasks to queue
[2022-01-08 12:18:14,682] {logging_mixin.py:109} INFO - [2022-01-08 12:18:14,681] {dagbag.py:500} INFO - Filling up the DagBag from /home/airflow/.local/lib/python3.7/site-packages/airflow/example_dags/example_external_task_marker_dag.py
[2022-01-08 12:18:14,705] {processor.py:637} INFO - DAG(s) dict_keys(['example_external_task_marker_parent', 'example_external_task_marker_child']) retrieved from /home/airflow/.local/lib/python3.7/site-packages/airflow/example_dags/example_external_task_marker_dag.py
[2022-01-08 12:18:14,722] {logging_mixin.py:109} INFO - [2022-01-08 12:18:14,722] {dag.py:2396} INFO - Sync 2 DAGs
[2022-01-08 12:18:14,816] {logging_mixin.py:109} INFO - [2022-01-08 12:18:14,816] {dag.py:2928} INFO - Setting next_dagrun for example_external_task_marker_child to None
[2022-01-08 12:18:14,817] {logging_mixin.py:109} INFO - [2022-01-08 12:18:14,817] {dag.py:2928} INFO - Setting next_dagrun for example_external_task_marker_parent to None
[2022-01-08 12:18:14,827] {processor.py:171} INFO - Processing /home/airflow/.local/lib/python3.7/site-packages/airflow/example_dags/example_external_task_marker_dag.py took 0.150 seconds
[2022-01-08 12:18:45,489] {processor.py:163} INFO - Started process (PID=1222) to work on /home/airflow/.local/lib/python3.7/site-packages/airflow/example_dags/example_external_task_marker_dag.py
[2022-01-08 12:18:45,490] {processor.py:625} INFO - Processing file /home/airflow/.local/lib/python3.7/site-packages/airflow/example_dags/example_external_task_marker_dag.py for tasks to queue
[2022-01-08 12:18:45,491] {logging_mixin.py:109} INFO - [2022-01-08 12:18:45,491] {dagbag.py:500} INFO - Filling up the DagBag from /home/airflow/.local/lib/python3.7/site-packages/airflow/example_dags/example_external_task_marker_dag.py
[2022-01-08 12:18:45,511] {processor.py:637} INFO - DAG(s) dict_keys(['example_external_task_marker_parent', 'example_external_task_marker_child']) retrieved from /home/airflow/.local/lib/python3.7/site-packages/airflow/example_dags/example_external_task_marker_dag.py
[2022-01-08 12:18:45,523] {logging_mixin.py:109} INFO - [2022-01-08 12:18:45,523] {dag.py:2396} INFO - Sync 2 DAGs
[2022-01-08 12:18:45,624] {logging_mixin.py:109} INFO - [2022-01-08 12:18:45,624] {dag.py:2928} INFO - Setting next_dagrun for example_external_task_marker_child to None
[2022-01-08 12:18:45,625] {logging_mixin.py:109} INFO - [2022-01-08 12:18:45,625] {dag.py:2928} INFO - Setting next_dagrun for example_external_task_marker_parent to None
[2022-01-08 12:18:45,638] {processor.py:171} INFO - Processing /home/airflow/.local/lib/python3.7/site-packages/airflow/example_dags/example_external_task_marker_dag.py took 0.153 seconds
[2022-01-08 12:19:16,820] {processor.py:163} INFO - Started process (PID=1283) to work on /home/airflow/.local/lib/python3.7/site-packages/airflow/example_dags/example_external_task_marker_dag.py
[2022-01-08 12:19:16,821] {processor.py:625} INFO - Processing file /home/airflow/.local/lib/python3.7/site-packages/airflow/example_dags/example_external_task_marker_dag.py for tasks to queue
[2022-01-08 12:19:16,822] {logging_mixin.py:109} INFO - [2022-01-08 12:19:16,822] {dagbag.py:500} INFO - Filling up the DagBag from /home/airflow/.local/lib/python3.7/site-packages/airflow/example_dags/example_external_task_marker_dag.py
[2022-01-08 12:19:16,844] {processor.py:637} INFO - DAG(s) dict_keys(['example_external_task_marker_parent', 'example_external_task_marker_child']) retrieved from /home/airflow/.local/lib/python3.7/site-packages/airflow/example_dags/example_external_task_marker_dag.py
[2022-01-08 12:19:16,855] {logging_mixin.py:109} INFO - [2022-01-08 12:19:16,855] {dag.py:2396} INFO - Sync 2 DAGs
[2022-01-08 12:19:16,955] {logging_mixin.py:109} INFO - [2022-01-08 12:19:16,955] {dag.py:2928} INFO - Setting next_dagrun for example_external_task_marker_child to None
[2022-01-08 12:19:16,956] {logging_mixin.py:109} INFO - [2022-01-08 12:19:16,956] {dag.py:2928} INFO - Setting next_dagrun for example_external_task_marker_parent to None
[2022-01-08 12:19:16,968] {processor.py:171} INFO - Processing /home/airflow/.local/lib/python3.7/site-packages/airflow/example_dags/example_external_task_marker_dag.py took 0.151 seconds
[2022-01-08 12:19:47,588] {processor.py:163} INFO - Started process (PID=1353) to work on /home/airflow/.local/lib/python3.7/site-packages/airflow/example_dags/example_external_task_marker_dag.py
[2022-01-08 12:19:47,589] {processor.py:625} INFO - Processing file /home/airflow/.local/lib/python3.7/site-packages/airflow/example_dags/example_external_task_marker_dag.py for tasks to queue
[2022-01-08 12:19:47,590] {logging_mixin.py:109} INFO - [2022-01-08 12:19:47,590] {dagbag.py:500} INFO - Filling up the DagBag from /home/airflow/.local/lib/python3.7/site-packages/airflow/example_dags/example_external_task_marker_dag.py
[2022-01-08 12:19:47,617] {processor.py:637} INFO - DAG(s) dict_keys(['example_external_task_marker_parent', 'example_external_task_marker_child']) retrieved from /home/airflow/.local/lib/python3.7/site-packages/airflow/example_dags/example_external_task_marker_dag.py
[2022-01-08 12:19:47,631] {logging_mixin.py:109} INFO - [2022-01-08 12:19:47,630] {dag.py:2396} INFO - Sync 2 DAGs
[2022-01-08 12:19:47,734] {logging_mixin.py:109} INFO - [2022-01-08 12:19:47,734] {dag.py:2928} INFO - Setting next_dagrun for example_external_task_marker_child to None
[2022-01-08 12:19:47,735] {logging_mixin.py:109} INFO - [2022-01-08 12:19:47,735] {dag.py:2928} INFO - Setting next_dagrun for example_external_task_marker_parent to None
[2022-01-08 12:19:47,749] {processor.py:171} INFO - Processing /home/airflow/.local/lib/python3.7/site-packages/airflow/example_dags/example_external_task_marker_dag.py took 0.164 seconds
[2022-01-08 12:20:18,536] {processor.py:163} INFO - Started process (PID=1415) to work on /home/airflow/.local/lib/python3.7/site-packages/airflow/example_dags/example_external_task_marker_dag.py
[2022-01-08 12:20:18,538] {processor.py:625} INFO - Processing file /home/airflow/.local/lib/python3.7/site-packages/airflow/example_dags/example_external_task_marker_dag.py for tasks to queue
[2022-01-08 12:20:18,538] {logging_mixin.py:109} INFO - [2022-01-08 12:20:18,538] {dagbag.py:500} INFO - Filling up the DagBag from /home/airflow/.local/lib/python3.7/site-packages/airflow/example_dags/example_external_task_marker_dag.py
[2022-01-08 12:20:18,630] {processor.py:637} INFO - DAG(s) dict_keys(['example_external_task_marker_parent', 'example_external_task_marker_child']) retrieved from /home/airflow/.local/lib/python3.7/site-packages/airflow/example_dags/example_external_task_marker_dag.py
[2022-01-08 12:20:18,640] {logging_mixin.py:109} INFO - [2022-01-08 12:20:18,640] {dag.py:2396} INFO - Sync 2 DAGs
[2022-01-08 12:20:18,654] {logging_mixin.py:109} INFO - [2022-01-08 12:20:18,654] {dag.py:2928} INFO - Setting next_dagrun for example_external_task_marker_child to None
[2022-01-08 12:20:18,655] {logging_mixin.py:109} INFO - [2022-01-08 12:20:18,655] {dag.py:2928} INFO - Setting next_dagrun for example_external_task_marker_parent to None
[2022-01-08 12:20:18,664] {processor.py:171} INFO - Processing /home/airflow/.local/lib/python3.7/site-packages/airflow/example_dags/example_external_task_marker_dag.py took 0.130 seconds
[2022-01-08 12:20:50,107] {processor.py:163} INFO - Started process (PID=1486) to work on /home/airflow/.local/lib/python3.7/site-packages/airflow/example_dags/example_external_task_marker_dag.py
[2022-01-08 12:20:50,109] {processor.py:625} INFO - Processing file /home/airflow/.local/lib/python3.7/site-packages/airflow/example_dags/example_external_task_marker_dag.py for tasks to queue
[2022-01-08 12:20:50,110] {logging_mixin.py:109} INFO - [2022-01-08 12:20:50,110] {dagbag.py:500} INFO - Filling up the DagBag from /home/airflow/.local/lib/python3.7/site-packages/airflow/example_dags/example_external_task_marker_dag.py
[2022-01-08 12:20:50,235] {processor.py:637} INFO - DAG(s) dict_keys(['example_external_task_marker_parent', 'example_external_task_marker_child']) retrieved from /home/airflow/.local/lib/python3.7/site-packages/airflow/example_dags/example_external_task_marker_dag.py
[2022-01-08 12:20:50,249] {logging_mixin.py:109} INFO - [2022-01-08 12:20:50,249] {dag.py:2396} INFO - Sync 2 DAGs
[2022-01-08 12:20:50,265] {logging_mixin.py:109} INFO - [2022-01-08 12:20:50,265] {dag.py:2928} INFO - Setting next_dagrun for example_external_task_marker_child to None
[2022-01-08 12:20:50,265] {logging_mixin.py:109} INFO - [2022-01-08 12:20:50,265] {dag.py:2928} INFO - Setting next_dagrun for example_external_task_marker_parent to None
[2022-01-08 12:20:50,278] {processor.py:171} INFO - Processing /home/airflow/.local/lib/python3.7/site-packages/airflow/example_dags/example_external_task_marker_dag.py took 0.176 seconds
[2022-01-08 12:21:20,721] {processor.py:163} INFO - Started process (PID=1547) to work on /home/airflow/.local/lib/python3.7/site-packages/airflow/example_dags/example_external_task_marker_dag.py
[2022-01-08 12:21:20,722] {processor.py:625} INFO - Processing file /home/airflow/.local/lib/python3.7/site-packages/airflow/example_dags/example_external_task_marker_dag.py for tasks to queue
[2022-01-08 12:21:20,723] {logging_mixin.py:109} INFO - [2022-01-08 12:21:20,723] {dagbag.py:500} INFO - Filling up the DagBag from /home/airflow/.local/lib/python3.7/site-packages/airflow/example_dags/example_external_task_marker_dag.py
[2022-01-08 12:21:20,820] {processor.py:637} INFO - DAG(s) dict_keys(['example_external_task_marker_parent', 'example_external_task_marker_child']) retrieved from /home/airflow/.local/lib/python3.7/site-packages/airflow/example_dags/example_external_task_marker_dag.py
[2022-01-08 12:21:20,833] {logging_mixin.py:109} INFO - [2022-01-08 12:21:20,833] {dag.py:2396} INFO - Sync 2 DAGs
[2022-01-08 12:21:20,848] {logging_mixin.py:109} INFO - [2022-01-08 12:21:20,848] {dag.py:2928} INFO - Setting next_dagrun for example_external_task_marker_child to None
[2022-01-08 12:21:20,849] {logging_mixin.py:109} INFO - [2022-01-08 12:21:20,849] {dag.py:2928} INFO - Setting next_dagrun for example_external_task_marker_parent to None
[2022-01-08 12:21:20,857] {processor.py:171} INFO - Processing /home/airflow/.local/lib/python3.7/site-packages/airflow/example_dags/example_external_task_marker_dag.py took 0.139 seconds
[2022-01-08 12:21:51,594] {processor.py:163} INFO - Started process (PID=1617) to work on /home/airflow/.local/lib/python3.7/site-packages/airflow/example_dags/example_external_task_marker_dag.py
[2022-01-08 12:21:51,596] {processor.py:625} INFO - Processing file /home/airflow/.local/lib/python3.7/site-packages/airflow/example_dags/example_external_task_marker_dag.py for tasks to queue
[2022-01-08 12:21:51,598] {logging_mixin.py:109} INFO - [2022-01-08 12:21:51,598] {dagbag.py:500} INFO - Filling up the DagBag from /home/airflow/.local/lib/python3.7/site-packages/airflow/example_dags/example_external_task_marker_dag.py
[2022-01-08 12:21:52,181] {processor.py:637} INFO - DAG(s) dict_keys(['example_external_task_marker_parent', 'example_external_task_marker_child']) retrieved from /home/airflow/.local/lib/python3.7/site-packages/airflow/example_dags/example_external_task_marker_dag.py
[2022-01-08 12:21:52,306] {logging_mixin.py:109} INFO - [2022-01-08 12:21:52,306] {dag.py:2396} INFO - Sync 2 DAGs
[2022-01-08 12:21:52,358] {logging_mixin.py:109} INFO - [2022-01-08 12:21:52,358] {dag.py:2928} INFO - Setting next_dagrun for example_external_task_marker_child to None
[2022-01-08 12:21:52,420] {logging_mixin.py:109} INFO - [2022-01-08 12:21:52,420] {dag.py:2928} INFO - Setting next_dagrun for example_external_task_marker_parent to None
[2022-01-08 12:21:52,494] {processor.py:171} INFO - Processing /home/airflow/.local/lib/python3.7/site-packages/airflow/example_dags/example_external_task_marker_dag.py took 0.904 seconds
[2022-01-08 12:22:23,135] {processor.py:163} INFO - Started process (PID=1670) to work on /home/airflow/.local/lib/python3.7/site-packages/airflow/example_dags/example_external_task_marker_dag.py
[2022-01-08 12:22:23,137] {processor.py:625} INFO - Processing file /home/airflow/.local/lib/python3.7/site-packages/airflow/example_dags/example_external_task_marker_dag.py for tasks to queue
[2022-01-08 12:22:23,138] {logging_mixin.py:109} INFO - [2022-01-08 12:22:23,138] {dagbag.py:500} INFO - Filling up the DagBag from /home/airflow/.local/lib/python3.7/site-packages/airflow/example_dags/example_external_task_marker_dag.py
[2022-01-08 12:22:23,160] {processor.py:637} INFO - DAG(s) dict_keys(['example_external_task_marker_parent', 'example_external_task_marker_child']) retrieved from /home/airflow/.local/lib/python3.7/site-packages/airflow/example_dags/example_external_task_marker_dag.py
[2022-01-08 12:22:23,175] {logging_mixin.py:109} INFO - [2022-01-08 12:22:23,175] {dag.py:2396} INFO - Sync 2 DAGs
[2022-01-08 12:22:23,217] {logging_mixin.py:109} INFO - [2022-01-08 12:22:23,216] {dag.py:2928} INFO - Setting next_dagrun for example_external_task_marker_child to None
[2022-01-08 12:22:23,218] {logging_mixin.py:109} INFO - [2022-01-08 12:22:23,218] {dag.py:2928} INFO - Setting next_dagrun for example_external_task_marker_parent to None
[2022-01-08 12:22:23,244] {processor.py:171} INFO - Processing /home/airflow/.local/lib/python3.7/site-packages/airflow/example_dags/example_external_task_marker_dag.py took 0.116 seconds
[2022-01-08 12:22:54,061] {processor.py:163} INFO - Started process (PID=1730) to work on /home/airflow/.local/lib/python3.7/site-packages/airflow/example_dags/example_external_task_marker_dag.py
[2022-01-08 12:22:54,062] {processor.py:625} INFO - Processing file /home/airflow/.local/lib/python3.7/site-packages/airflow/example_dags/example_external_task_marker_dag.py for tasks to queue
[2022-01-08 12:22:54,063] {logging_mixin.py:109} INFO - [2022-01-08 12:22:54,063] {dagbag.py:500} INFO - Filling up the DagBag from /home/airflow/.local/lib/python3.7/site-packages/airflow/example_dags/example_external_task_marker_dag.py
[2022-01-08 12:22:54,088] {processor.py:637} INFO - DAG(s) dict_keys(['example_external_task_marker_parent', 'example_external_task_marker_child']) retrieved from /home/airflow/.local/lib/python3.7/site-packages/airflow/example_dags/example_external_task_marker_dag.py
[2022-01-08 12:22:54,110] {logging_mixin.py:109} INFO - [2022-01-08 12:22:54,109] {dag.py:2396} INFO - Sync 2 DAGs
[2022-01-08 12:22:54,153] {logging_mixin.py:109} INFO - [2022-01-08 12:22:54,152] {dag.py:2928} INFO - Setting next_dagrun for example_external_task_marker_child to None
[2022-01-08 12:22:54,157] {logging_mixin.py:109} INFO - [2022-01-08 12:22:54,157] {dag.py:2928} INFO - Setting next_dagrun for example_external_task_marker_parent to None
[2022-01-08 12:22:54,190] {processor.py:171} INFO - Processing /home/airflow/.local/lib/python3.7/site-packages/airflow/example_dags/example_external_task_marker_dag.py took 0.132 seconds
[2022-01-08 12:23:24,858] {processor.py:163} INFO - Started process (PID=1801) to work on /home/airflow/.local/lib/python3.7/site-packages/airflow/example_dags/example_external_task_marker_dag.py
[2022-01-08 12:23:24,859] {processor.py:625} INFO - Processing file /home/airflow/.local/lib/python3.7/site-packages/airflow/example_dags/example_external_task_marker_dag.py for tasks to queue
[2022-01-08 12:23:24,860] {logging_mixin.py:109} INFO - [2022-01-08 12:23:24,860] {dagbag.py:500} INFO - Filling up the DagBag from /home/airflow/.local/lib/python3.7/site-packages/airflow/example_dags/example_external_task_marker_dag.py
[2022-01-08 12:23:24,888] {processor.py:637} INFO - DAG(s) dict_keys(['example_external_task_marker_parent', 'example_external_task_marker_child']) retrieved from /home/airflow/.local/lib/python3.7/site-packages/airflow/example_dags/example_external_task_marker_dag.py
[2022-01-08 12:23:24,915] {logging_mixin.py:109} INFO - [2022-01-08 12:23:24,908] {dag.py:2396} INFO - Sync 2 DAGs
[2022-01-08 12:23:24,950] {logging_mixin.py:109} INFO - [2022-01-08 12:23:24,950] {dag.py:2928} INFO - Setting next_dagrun for example_external_task_marker_child to None
[2022-01-08 12:23:24,951] {logging_mixin.py:109} INFO - [2022-01-08 12:23:24,951] {dag.py:2928} INFO - Setting next_dagrun for example_external_task_marker_parent to None
[2022-01-08 12:23:24,970] {processor.py:171} INFO - Processing /home/airflow/.local/lib/python3.7/site-packages/airflow/example_dags/example_external_task_marker_dag.py took 0.116 seconds
[2022-01-08 12:23:55,036] {processor.py:163} INFO - Started process (PID=1861) to work on /home/airflow/.local/lib/python3.7/site-packages/airflow/example_dags/example_external_task_marker_dag.py
[2022-01-08 12:23:55,037] {processor.py:625} INFO - Processing file /home/airflow/.local/lib/python3.7/site-packages/airflow/example_dags/example_external_task_marker_dag.py for tasks to queue
[2022-01-08 12:23:55,038] {logging_mixin.py:109} INFO - [2022-01-08 12:23:55,038] {dagbag.py:500} INFO - Filling up the DagBag from /home/airflow/.local/lib/python3.7/site-packages/airflow/example_dags/example_external_task_marker_dag.py
[2022-01-08 12:23:55,057] {processor.py:637} INFO - DAG(s) dict_keys(['example_external_task_marker_parent', 'example_external_task_marker_child']) retrieved from /home/airflow/.local/lib/python3.7/site-packages/airflow/example_dags/example_external_task_marker_dag.py
[2022-01-08 12:23:55,067] {logging_mixin.py:109} INFO - [2022-01-08 12:23:55,067] {dag.py:2396} INFO - Sync 2 DAGs
[2022-01-08 12:23:55,082] {logging_mixin.py:109} INFO - [2022-01-08 12:23:55,082] {dag.py:2928} INFO - Setting next_dagrun for example_external_task_marker_child to None
[2022-01-08 12:23:55,083] {logging_mixin.py:109} INFO - [2022-01-08 12:23:55,083] {dag.py:2928} INFO - Setting next_dagrun for example_external_task_marker_parent to None
[2022-01-08 12:23:55,091] {processor.py:171} INFO - Processing /home/airflow/.local/lib/python3.7/site-packages/airflow/example_dags/example_external_task_marker_dag.py took 0.058 seconds
[2022-01-08 12:24:25,584] {processor.py:163} INFO - Started process (PID=1921) to work on /home/airflow/.local/lib/python3.7/site-packages/airflow/example_dags/example_external_task_marker_dag.py
[2022-01-08 12:24:25,586] {processor.py:625} INFO - Processing file /home/airflow/.local/lib/python3.7/site-packages/airflow/example_dags/example_external_task_marker_dag.py for tasks to queue
[2022-01-08 12:24:25,587] {logging_mixin.py:109} INFO - [2022-01-08 12:24:25,587] {dagbag.py:500} INFO - Filling up the DagBag from /home/airflow/.local/lib/python3.7/site-packages/airflow/example_dags/example_external_task_marker_dag.py
[2022-01-08 12:24:25,618] {processor.py:637} INFO - DAG(s) dict_keys(['example_external_task_marker_parent', 'example_external_task_marker_child']) retrieved from /home/airflow/.local/lib/python3.7/site-packages/airflow/example_dags/example_external_task_marker_dag.py
[2022-01-08 12:24:25,632] {logging_mixin.py:109} INFO - [2022-01-08 12:24:25,632] {dag.py:2396} INFO - Sync 2 DAGs
[2022-01-08 12:24:25,653] {logging_mixin.py:109} INFO - [2022-01-08 12:24:25,653] {dag.py:2928} INFO - Setting next_dagrun for example_external_task_marker_child to None
[2022-01-08 12:24:25,653] {logging_mixin.py:109} INFO - [2022-01-08 12:24:25,653] {dag.py:2928} INFO - Setting next_dagrun for example_external_task_marker_parent to None
[2022-01-08 12:24:25,665] {processor.py:171} INFO - Processing /home/airflow/.local/lib/python3.7/site-packages/airflow/example_dags/example_external_task_marker_dag.py took 0.084 seconds
[2022-01-08 12:24:56,710] {processor.py:163} INFO - Started process (PID=1990) to work on /home/airflow/.local/lib/python3.7/site-packages/airflow/example_dags/example_external_task_marker_dag.py
[2022-01-08 12:24:56,711] {processor.py:625} INFO - Processing file /home/airflow/.local/lib/python3.7/site-packages/airflow/example_dags/example_external_task_marker_dag.py for tasks to queue
[2022-01-08 12:24:56,712] {logging_mixin.py:109} INFO - [2022-01-08 12:24:56,712] {dagbag.py:500} INFO - Filling up the DagBag from /home/airflow/.local/lib/python3.7/site-packages/airflow/example_dags/example_external_task_marker_dag.py
[2022-01-08 12:24:56,736] {processor.py:637} INFO - DAG(s) dict_keys(['example_external_task_marker_parent', 'example_external_task_marker_child']) retrieved from /home/airflow/.local/lib/python3.7/site-packages/airflow/example_dags/example_external_task_marker_dag.py
[2022-01-08 12:24:56,751] {logging_mixin.py:109} INFO - [2022-01-08 12:24:56,751] {dag.py:2396} INFO - Sync 2 DAGs
[2022-01-08 12:24:56,768] {logging_mixin.py:109} INFO - [2022-01-08 12:24:56,768] {dag.py:2928} INFO - Setting next_dagrun for example_external_task_marker_child to None
[2022-01-08 12:24:56,769] {logging_mixin.py:109} INFO - [2022-01-08 12:24:56,768] {dag.py:2928} INFO - Setting next_dagrun for example_external_task_marker_parent to None
[2022-01-08 12:24:56,780] {processor.py:171} INFO - Processing /home/airflow/.local/lib/python3.7/site-packages/airflow/example_dags/example_external_task_marker_dag.py took 0.073 seconds
[2022-01-08 12:25:28,188] {processor.py:163} INFO - Started process (PID=2052) to work on /home/airflow/.local/lib/python3.7/site-packages/airflow/example_dags/example_external_task_marker_dag.py
[2022-01-08 12:25:28,192] {processor.py:625} INFO - Processing file /home/airflow/.local/lib/python3.7/site-packages/airflow/example_dags/example_external_task_marker_dag.py for tasks to queue
[2022-01-08 12:25:28,199] {logging_mixin.py:109} INFO - [2022-01-08 12:25:28,198] {dagbag.py:500} INFO - Filling up the DagBag from /home/airflow/.local/lib/python3.7/site-packages/airflow/example_dags/example_external_task_marker_dag.py
[2022-01-08 12:25:28,259] {processor.py:637} INFO - DAG(s) dict_keys(['example_external_task_marker_parent', 'example_external_task_marker_child']) retrieved from /home/airflow/.local/lib/python3.7/site-packages/airflow/example_dags/example_external_task_marker_dag.py
[2022-01-08 12:25:28,282] {logging_mixin.py:109} INFO - [2022-01-08 12:25:28,282] {dag.py:2396} INFO - Sync 2 DAGs
[2022-01-08 12:25:28,303] {logging_mixin.py:109} INFO - [2022-01-08 12:25:28,303] {dag.py:2928} INFO - Setting next_dagrun for example_external_task_marker_child to None
[2022-01-08 12:25:28,303] {logging_mixin.py:109} INFO - [2022-01-08 12:25:28,303] {dag.py:2928} INFO - Setting next_dagrun for example_external_task_marker_parent to None
[2022-01-08 12:25:28,316] {processor.py:171} INFO - Processing /home/airflow/.local/lib/python3.7/site-packages/airflow/example_dags/example_external_task_marker_dag.py took 0.133 seconds
[2022-01-08 12:25:59,278] {processor.py:163} INFO - Started process (PID=2125) to work on /home/airflow/.local/lib/python3.7/site-packages/airflow/example_dags/example_external_task_marker_dag.py
[2022-01-08 12:25:59,280] {processor.py:625} INFO - Processing file /home/airflow/.local/lib/python3.7/site-packages/airflow/example_dags/example_external_task_marker_dag.py for tasks to queue
[2022-01-08 12:25:59,281] {logging_mixin.py:109} INFO - [2022-01-08 12:25:59,281] {dagbag.py:500} INFO - Filling up the DagBag from /home/airflow/.local/lib/python3.7/site-packages/airflow/example_dags/example_external_task_marker_dag.py
[2022-01-08 12:25:59,307] {processor.py:637} INFO - DAG(s) dict_keys(['example_external_task_marker_parent', 'example_external_task_marker_child']) retrieved from /home/airflow/.local/lib/python3.7/site-packages/airflow/example_dags/example_external_task_marker_dag.py
[2022-01-08 12:25:59,322] {logging_mixin.py:109} INFO - [2022-01-08 12:25:59,322] {dag.py:2396} INFO - Sync 2 DAGs
[2022-01-08 12:25:59,336] {logging_mixin.py:109} INFO - [2022-01-08 12:25:59,336] {dag.py:2928} INFO - Setting next_dagrun for example_external_task_marker_child to None
[2022-01-08 12:25:59,337] {logging_mixin.py:109} INFO - [2022-01-08 12:25:59,337] {dag.py:2928} INFO - Setting next_dagrun for example_external_task_marker_parent to None
[2022-01-08 12:25:59,348] {processor.py:171} INFO - Processing /home/airflow/.local/lib/python3.7/site-packages/airflow/example_dags/example_external_task_marker_dag.py took 0.073 seconds
[2022-01-08 12:26:29,696] {processor.py:163} INFO - Started process (PID=2185) to work on /home/airflow/.local/lib/python3.7/site-packages/airflow/example_dags/example_external_task_marker_dag.py
[2022-01-08 12:26:29,697] {processor.py:625} INFO - Processing file /home/airflow/.local/lib/python3.7/site-packages/airflow/example_dags/example_external_task_marker_dag.py for tasks to queue
[2022-01-08 12:26:29,698] {logging_mixin.py:109} INFO - [2022-01-08 12:26:29,698] {dagbag.py:500} INFO - Filling up the DagBag from /home/airflow/.local/lib/python3.7/site-packages/airflow/example_dags/example_external_task_marker_dag.py
[2022-01-08 12:26:29,718] {processor.py:637} INFO - DAG(s) dict_keys(['example_external_task_marker_parent', 'example_external_task_marker_child']) retrieved from /home/airflow/.local/lib/python3.7/site-packages/airflow/example_dags/example_external_task_marker_dag.py
[2022-01-08 12:26:29,729] {logging_mixin.py:109} INFO - [2022-01-08 12:26:29,729] {dag.py:2396} INFO - Sync 2 DAGs
[2022-01-08 12:26:29,742] {logging_mixin.py:109} INFO - [2022-01-08 12:26:29,742] {dag.py:2928} INFO - Setting next_dagrun for example_external_task_marker_child to None
[2022-01-08 12:26:29,743] {logging_mixin.py:109} INFO - [2022-01-08 12:26:29,742] {dag.py:2928} INFO - Setting next_dagrun for example_external_task_marker_parent to None
[2022-01-08 12:26:29,752] {processor.py:171} INFO - Processing /home/airflow/.local/lib/python3.7/site-packages/airflow/example_dags/example_external_task_marker_dag.py took 0.059 seconds
[2022-01-08 12:26:59,976] {processor.py:163} INFO - Started process (PID=2254) to work on /home/airflow/.local/lib/python3.7/site-packages/airflow/example_dags/example_external_task_marker_dag.py
[2022-01-08 12:26:59,977] {processor.py:625} INFO - Processing file /home/airflow/.local/lib/python3.7/site-packages/airflow/example_dags/example_external_task_marker_dag.py for tasks to queue
[2022-01-08 12:26:59,978] {logging_mixin.py:109} INFO - [2022-01-08 12:26:59,978] {dagbag.py:500} INFO - Filling up the DagBag from /home/airflow/.local/lib/python3.7/site-packages/airflow/example_dags/example_external_task_marker_dag.py
[2022-01-08 12:27:00,011] {processor.py:637} INFO - DAG(s) dict_keys(['example_external_task_marker_parent', 'example_external_task_marker_child']) retrieved from /home/airflow/.local/lib/python3.7/site-packages/airflow/example_dags/example_external_task_marker_dag.py
[2022-01-08 12:27:00,027] {logging_mixin.py:109} INFO - [2022-01-08 12:27:00,027] {dag.py:2396} INFO - Sync 2 DAGs
[2022-01-08 12:27:00,047] {logging_mixin.py:109} INFO - [2022-01-08 12:27:00,046] {dag.py:2928} INFO - Setting next_dagrun for example_external_task_marker_child to None
[2022-01-08 12:27:00,047] {logging_mixin.py:109} INFO - [2022-01-08 12:27:00,047] {dag.py:2928} INFO - Setting next_dagrun for example_external_task_marker_parent to None
[2022-01-08 12:27:00,059] {processor.py:171} INFO - Processing /home/airflow/.local/lib/python3.7/site-packages/airflow/example_dags/example_external_task_marker_dag.py took 0.087 seconds
[2022-01-08 12:27:30,310] {processor.py:163} INFO - Started process (PID=2314) to work on /home/airflow/.local/lib/python3.7/site-packages/airflow/example_dags/example_external_task_marker_dag.py
[2022-01-08 12:27:30,312] {processor.py:625} INFO - Processing file /home/airflow/.local/lib/python3.7/site-packages/airflow/example_dags/example_external_task_marker_dag.py for tasks to queue
[2022-01-08 12:27:30,313] {logging_mixin.py:109} INFO - [2022-01-08 12:27:30,313] {dagbag.py:500} INFO - Filling up the DagBag from /home/airflow/.local/lib/python3.7/site-packages/airflow/example_dags/example_external_task_marker_dag.py
[2022-01-08 12:27:30,335] {processor.py:637} INFO - DAG(s) dict_keys(['example_external_task_marker_parent', 'example_external_task_marker_child']) retrieved from /home/airflow/.local/lib/python3.7/site-packages/airflow/example_dags/example_external_task_marker_dag.py
[2022-01-08 12:27:30,349] {logging_mixin.py:109} INFO - [2022-01-08 12:27:30,348] {dag.py:2396} INFO - Sync 2 DAGs
[2022-01-08 12:27:30,367] {logging_mixin.py:109} INFO - [2022-01-08 12:27:30,367] {dag.py:2928} INFO - Setting next_dagrun for example_external_task_marker_child to None
[2022-01-08 12:27:30,368] {logging_mixin.py:109} INFO - [2022-01-08 12:27:30,368] {dag.py:2928} INFO - Setting next_dagrun for example_external_task_marker_parent to None
[2022-01-08 12:27:30,379] {processor.py:171} INFO - Processing /home/airflow/.local/lib/python3.7/site-packages/airflow/example_dags/example_external_task_marker_dag.py took 0.072 seconds
[2022-01-08 12:28:01,142] {processor.py:163} INFO - Started process (PID=2384) to work on /home/airflow/.local/lib/python3.7/site-packages/airflow/example_dags/example_external_task_marker_dag.py
[2022-01-08 12:28:01,143] {processor.py:625} INFO - Processing file /home/airflow/.local/lib/python3.7/site-packages/airflow/example_dags/example_external_task_marker_dag.py for tasks to queue
[2022-01-08 12:28:01,144] {logging_mixin.py:109} INFO - [2022-01-08 12:28:01,144] {dagbag.py:500} INFO - Filling up the DagBag from /home/airflow/.local/lib/python3.7/site-packages/airflow/example_dags/example_external_task_marker_dag.py
[2022-01-08 12:28:01,169] {processor.py:637} INFO - DAG(s) dict_keys(['example_external_task_marker_parent', 'example_external_task_marker_child']) retrieved from /home/airflow/.local/lib/python3.7/site-packages/airflow/example_dags/example_external_task_marker_dag.py
[2022-01-08 12:28:01,181] {logging_mixin.py:109} INFO - [2022-01-08 12:28:01,181] {dag.py:2396} INFO - Sync 2 DAGs
[2022-01-08 12:28:01,202] {logging_mixin.py:109} INFO - [2022-01-08 12:28:01,202] {dag.py:2928} INFO - Setting next_dagrun for example_external_task_marker_child to None
[2022-01-08 12:28:01,202] {logging_mixin.py:109} INFO - [2022-01-08 12:28:01,202] {dag.py:2928} INFO - Setting next_dagrun for example_external_task_marker_parent to None
[2022-01-08 12:28:01,213] {processor.py:171} INFO - Processing /home/airflow/.local/lib/python3.7/site-packages/airflow/example_dags/example_external_task_marker_dag.py took 0.074 seconds
[2022-01-08 12:28:31,370] {processor.py:163} INFO - Started process (PID=2444) to work on /home/airflow/.local/lib/python3.7/site-packages/airflow/example_dags/example_external_task_marker_dag.py
[2022-01-08 12:28:31,372] {processor.py:625} INFO - Processing file /home/airflow/.local/lib/python3.7/site-packages/airflow/example_dags/example_external_task_marker_dag.py for tasks to queue
[2022-01-08 12:28:31,372] {logging_mixin.py:109} INFO - [2022-01-08 12:28:31,372] {dagbag.py:500} INFO - Filling up the DagBag from /home/airflow/.local/lib/python3.7/site-packages/airflow/example_dags/example_external_task_marker_dag.py
[2022-01-08 12:28:31,394] {processor.py:637} INFO - DAG(s) dict_keys(['example_external_task_marker_parent', 'example_external_task_marker_child']) retrieved from /home/airflow/.local/lib/python3.7/site-packages/airflow/example_dags/example_external_task_marker_dag.py
[2022-01-08 12:28:31,405] {logging_mixin.py:109} INFO - [2022-01-08 12:28:31,405] {dag.py:2396} INFO - Sync 2 DAGs
[2022-01-08 12:28:31,419] {logging_mixin.py:109} INFO - [2022-01-08 12:28:31,419] {dag.py:2928} INFO - Setting next_dagrun for example_external_task_marker_child to None
[2022-01-08 12:28:31,420] {logging_mixin.py:109} INFO - [2022-01-08 12:28:31,420] {dag.py:2928} INFO - Setting next_dagrun for example_external_task_marker_parent to None
[2022-01-08 12:28:31,429] {processor.py:171} INFO - Processing /home/airflow/.local/lib/python3.7/site-packages/airflow/example_dags/example_external_task_marker_dag.py took 0.061 seconds
[2022-01-08 12:29:02,309] {processor.py:163} INFO - Started process (PID=2506) to work on /home/airflow/.local/lib/python3.7/site-packages/airflow/example_dags/example_external_task_marker_dag.py
[2022-01-08 12:29:02,310] {processor.py:625} INFO - Processing file /home/airflow/.local/lib/python3.7/site-packages/airflow/example_dags/example_external_task_marker_dag.py for tasks to queue
[2022-01-08 12:29:02,311] {logging_mixin.py:109} INFO - [2022-01-08 12:29:02,310] {dagbag.py:500} INFO - Filling up the DagBag from /home/airflow/.local/lib/python3.7/site-packages/airflow/example_dags/example_external_task_marker_dag.py
[2022-01-08 12:29:02,339] {processor.py:637} INFO - DAG(s) dict_keys(['example_external_task_marker_parent', 'example_external_task_marker_child']) retrieved from /home/airflow/.local/lib/python3.7/site-packages/airflow/example_dags/example_external_task_marker_dag.py
[2022-01-08 12:29:02,352] {logging_mixin.py:109} INFO - [2022-01-08 12:29:02,351] {dag.py:2396} INFO - Sync 2 DAGs
[2022-01-08 12:29:02,367] {logging_mixin.py:109} INFO - [2022-01-08 12:29:02,367] {dag.py:2928} INFO - Setting next_dagrun for example_external_task_marker_child to None
[2022-01-08 12:29:02,368] {logging_mixin.py:109} INFO - [2022-01-08 12:29:02,368] {dag.py:2928} INFO - Setting next_dagrun for example_external_task_marker_parent to None
[2022-01-08 12:29:02,382] {processor.py:171} INFO - Processing /home/airflow/.local/lib/python3.7/site-packages/airflow/example_dags/example_external_task_marker_dag.py took 0.076 seconds
[2022-01-08 12:29:33,392] {processor.py:163} INFO - Started process (PID=2577) to work on /home/airflow/.local/lib/python3.7/site-packages/airflow/example_dags/example_external_task_marker_dag.py
[2022-01-08 12:29:33,399] {processor.py:625} INFO - Processing file /home/airflow/.local/lib/python3.7/site-packages/airflow/example_dags/example_external_task_marker_dag.py for tasks to queue
[2022-01-08 12:29:33,401] {logging_mixin.py:109} INFO - [2022-01-08 12:29:33,400] {dagbag.py:500} INFO - Filling up the DagBag from /home/airflow/.local/lib/python3.7/site-packages/airflow/example_dags/example_external_task_marker_dag.py
[2022-01-08 12:29:33,454] {processor.py:637} INFO - DAG(s) dict_keys(['example_external_task_marker_parent', 'example_external_task_marker_child']) retrieved from /home/airflow/.local/lib/python3.7/site-packages/airflow/example_dags/example_external_task_marker_dag.py
[2022-01-08 12:29:33,510] {logging_mixin.py:109} INFO - [2022-01-08 12:29:33,510] {dag.py:2396} INFO - Sync 2 DAGs
[2022-01-08 12:29:33,557] {logging_mixin.py:109} INFO - [2022-01-08 12:29:33,554] {dag.py:2928} INFO - Setting next_dagrun for example_external_task_marker_child to None
[2022-01-08 12:29:33,558] {logging_mixin.py:109} INFO - [2022-01-08 12:29:33,558] {dag.py:2928} INFO - Setting next_dagrun for example_external_task_marker_parent to None
[2022-01-08 12:29:33,590] {processor.py:171} INFO - Processing /home/airflow/.local/lib/python3.7/site-packages/airflow/example_dags/example_external_task_marker_dag.py took 0.203 seconds
[2022-01-08 12:30:04,075] {processor.py:163} INFO - Started process (PID=2638) to work on /home/airflow/.local/lib/python3.7/site-packages/airflow/example_dags/example_external_task_marker_dag.py
[2022-01-08 12:30:04,077] {processor.py:625} INFO - Processing file /home/airflow/.local/lib/python3.7/site-packages/airflow/example_dags/example_external_task_marker_dag.py for tasks to queue
[2022-01-08 12:30:04,078] {logging_mixin.py:109} INFO - [2022-01-08 12:30:04,078] {dagbag.py:500} INFO - Filling up the DagBag from /home/airflow/.local/lib/python3.7/site-packages/airflow/example_dags/example_external_task_marker_dag.py
[2022-01-08 12:30:04,114] {processor.py:637} INFO - DAG(s) dict_keys(['example_external_task_marker_parent', 'example_external_task_marker_child']) retrieved from /home/airflow/.local/lib/python3.7/site-packages/airflow/example_dags/example_external_task_marker_dag.py
[2022-01-08 12:30:04,141] {logging_mixin.py:109} INFO - [2022-01-08 12:30:04,141] {dag.py:2396} INFO - Sync 2 DAGs
[2022-01-08 12:30:04,169] {logging_mixin.py:109} INFO - [2022-01-08 12:30:04,169] {dag.py:2928} INFO - Setting next_dagrun for example_external_task_marker_child to None
[2022-01-08 12:30:04,170] {logging_mixin.py:109} INFO - [2022-01-08 12:30:04,170] {dag.py:2928} INFO - Setting next_dagrun for example_external_task_marker_parent to None
[2022-01-08 12:30:04,185] {processor.py:171} INFO - Processing /home/airflow/.local/lib/python3.7/site-packages/airflow/example_dags/example_external_task_marker_dag.py took 0.115 seconds
[2022-01-08 12:30:34,658] {processor.py:163} INFO - Started process (PID=2709) to work on /home/airflow/.local/lib/python3.7/site-packages/airflow/example_dags/example_external_task_marker_dag.py
[2022-01-08 12:30:34,659] {processor.py:625} INFO - Processing file /home/airflow/.local/lib/python3.7/site-packages/airflow/example_dags/example_external_task_marker_dag.py for tasks to queue
[2022-01-08 12:30:34,660] {logging_mixin.py:109} INFO - [2022-01-08 12:30:34,660] {dagbag.py:500} INFO - Filling up the DagBag from /home/airflow/.local/lib/python3.7/site-packages/airflow/example_dags/example_external_task_marker_dag.py
[2022-01-08 12:30:34,685] {processor.py:637} INFO - DAG(s) dict_keys(['example_external_task_marker_parent', 'example_external_task_marker_child']) retrieved from /home/airflow/.local/lib/python3.7/site-packages/airflow/example_dags/example_external_task_marker_dag.py
[2022-01-08 12:30:34,697] {logging_mixin.py:109} INFO - [2022-01-08 12:30:34,697] {dag.py:2396} INFO - Sync 2 DAGs
[2022-01-08 12:30:34,711] {logging_mixin.py:109} INFO - [2022-01-08 12:30:34,711] {dag.py:2928} INFO - Setting next_dagrun for example_external_task_marker_child to None
[2022-01-08 12:30:34,712] {logging_mixin.py:109} INFO - [2022-01-08 12:30:34,712] {dag.py:2928} INFO - Setting next_dagrun for example_external_task_marker_parent to None
[2022-01-08 12:30:34,723] {processor.py:171} INFO - Processing /home/airflow/.local/lib/python3.7/site-packages/airflow/example_dags/example_external_task_marker_dag.py took 0.068 seconds
[2022-01-08 12:31:06,322] {processor.py:163} INFO - Started process (PID=2771) to work on /home/airflow/.local/lib/python3.7/site-packages/airflow/example_dags/example_external_task_marker_dag.py
[2022-01-08 12:31:06,325] {processor.py:625} INFO - Processing file /home/airflow/.local/lib/python3.7/site-packages/airflow/example_dags/example_external_task_marker_dag.py for tasks to queue
[2022-01-08 12:31:06,327] {logging_mixin.py:109} INFO - [2022-01-08 12:31:06,326] {dagbag.py:500} INFO - Filling up the DagBag from /home/airflow/.local/lib/python3.7/site-packages/airflow/example_dags/example_external_task_marker_dag.py
[2022-01-08 12:31:06,377] {processor.py:637} INFO - DAG(s) dict_keys(['example_external_task_marker_parent', 'example_external_task_marker_child']) retrieved from /home/airflow/.local/lib/python3.7/site-packages/airflow/example_dags/example_external_task_marker_dag.py
[2022-01-08 12:31:06,405] {logging_mixin.py:109} INFO - [2022-01-08 12:31:06,405] {dag.py:2396} INFO - Sync 2 DAGs
[2022-01-08 12:31:06,457] {logging_mixin.py:109} INFO - [2022-01-08 12:31:06,456] {dag.py:2928} INFO - Setting next_dagrun for example_external_task_marker_child to None
[2022-01-08 12:31:06,458] {logging_mixin.py:109} INFO - [2022-01-08 12:31:06,458] {dag.py:2928} INFO - Setting next_dagrun for example_external_task_marker_parent to None
[2022-01-08 12:31:06,519] {processor.py:171} INFO - Processing /home/airflow/.local/lib/python3.7/site-packages/airflow/example_dags/example_external_task_marker_dag.py took 0.202 seconds
[2022-01-08 12:31:36,935] {processor.py:163} INFO - Started process (PID=2839) to work on /home/airflow/.local/lib/python3.7/site-packages/airflow/example_dags/example_external_task_marker_dag.py
[2022-01-08 12:31:36,937] {processor.py:625} INFO - Processing file /home/airflow/.local/lib/python3.7/site-packages/airflow/example_dags/example_external_task_marker_dag.py for tasks to queue
[2022-01-08 12:31:36,938] {logging_mixin.py:109} INFO - [2022-01-08 12:31:36,938] {dagbag.py:500} INFO - Filling up the DagBag from /home/airflow/.local/lib/python3.7/site-packages/airflow/example_dags/example_external_task_marker_dag.py
[2022-01-08 12:31:36,992] {processor.py:637} INFO - DAG(s) dict_keys(['example_external_task_marker_parent', 'example_external_task_marker_child']) retrieved from /home/airflow/.local/lib/python3.7/site-packages/airflow/example_dags/example_external_task_marker_dag.py
[2022-01-08 12:31:37,027] {logging_mixin.py:109} INFO - [2022-01-08 12:31:37,027] {dag.py:2396} INFO - Sync 2 DAGs
[2022-01-08 12:31:37,049] {logging_mixin.py:109} INFO - [2022-01-08 12:31:37,049] {dag.py:2928} INFO - Setting next_dagrun for example_external_task_marker_child to None
[2022-01-08 12:31:37,050] {logging_mixin.py:109} INFO - [2022-01-08 12:31:37,050] {dag.py:2928} INFO - Setting next_dagrun for example_external_task_marker_parent to None
[2022-01-08 12:31:37,066] {processor.py:171} INFO - Processing /home/airflow/.local/lib/python3.7/site-packages/airflow/example_dags/example_external_task_marker_dag.py took 0.135 seconds
[2022-01-08 12:32:07,146] {processor.py:163} INFO - Started process (PID=2904) to work on /home/airflow/.local/lib/python3.7/site-packages/airflow/example_dags/example_external_task_marker_dag.py
[2022-01-08 12:32:07,148] {processor.py:625} INFO - Processing file /home/airflow/.local/lib/python3.7/site-packages/airflow/example_dags/example_external_task_marker_dag.py for tasks to queue
[2022-01-08 12:32:07,149] {logging_mixin.py:109} INFO - [2022-01-08 12:32:07,149] {dagbag.py:500} INFO - Filling up the DagBag from /home/airflow/.local/lib/python3.7/site-packages/airflow/example_dags/example_external_task_marker_dag.py
[2022-01-08 12:32:07,177] {processor.py:637} INFO - DAG(s) dict_keys(['example_external_task_marker_parent', 'example_external_task_marker_child']) retrieved from /home/airflow/.local/lib/python3.7/site-packages/airflow/example_dags/example_external_task_marker_dag.py
[2022-01-08 12:32:07,193] {logging_mixin.py:109} INFO - [2022-01-08 12:32:07,193] {dag.py:2396} INFO - Sync 2 DAGs
[2022-01-08 12:32:07,216] {logging_mixin.py:109} INFO - [2022-01-08 12:32:07,216] {dag.py:2928} INFO - Setting next_dagrun for example_external_task_marker_child to None
[2022-01-08 12:32:07,217] {logging_mixin.py:109} INFO - [2022-01-08 12:32:07,216] {dag.py:2928} INFO - Setting next_dagrun for example_external_task_marker_parent to None
[2022-01-08 12:32:07,228] {processor.py:171} INFO - Processing /home/airflow/.local/lib/python3.7/site-packages/airflow/example_dags/example_external_task_marker_dag.py took 0.085 seconds
[2022-01-08 12:32:37,752] {processor.py:163} INFO - Started process (PID=2964) to work on /home/airflow/.local/lib/python3.7/site-packages/airflow/example_dags/example_external_task_marker_dag.py
[2022-01-08 12:32:37,756] {processor.py:625} INFO - Processing file /home/airflow/.local/lib/python3.7/site-packages/airflow/example_dags/example_external_task_marker_dag.py for tasks to queue
[2022-01-08 12:32:37,757] {logging_mixin.py:109} INFO - [2022-01-08 12:32:37,757] {dagbag.py:500} INFO - Filling up the DagBag from /home/airflow/.local/lib/python3.7/site-packages/airflow/example_dags/example_external_task_marker_dag.py
[2022-01-08 12:32:37,791] {processor.py:637} INFO - DAG(s) dict_keys(['example_external_task_marker_parent', 'example_external_task_marker_child']) retrieved from /home/airflow/.local/lib/python3.7/site-packages/airflow/example_dags/example_external_task_marker_dag.py
[2022-01-08 12:32:37,812] {logging_mixin.py:109} INFO - [2022-01-08 12:32:37,811] {dag.py:2396} INFO - Sync 2 DAGs
[2022-01-08 12:32:37,833] {logging_mixin.py:109} INFO - [2022-01-08 12:32:37,833] {dag.py:2928} INFO - Setting next_dagrun for example_external_task_marker_child to None
[2022-01-08 12:32:37,835] {logging_mixin.py:109} INFO - [2022-01-08 12:32:37,835] {dag.py:2928} INFO - Setting next_dagrun for example_external_task_marker_parent to None
[2022-01-08 12:32:37,848] {processor.py:171} INFO - Processing /home/airflow/.local/lib/python3.7/site-packages/airflow/example_dags/example_external_task_marker_dag.py took 0.102 seconds
[2022-01-08 12:33:07,973] {processor.py:163} INFO - Started process (PID=3033) to work on /home/airflow/.local/lib/python3.7/site-packages/airflow/example_dags/example_external_task_marker_dag.py
[2022-01-08 12:33:07,974] {processor.py:625} INFO - Processing file /home/airflow/.local/lib/python3.7/site-packages/airflow/example_dags/example_external_task_marker_dag.py for tasks to queue
[2022-01-08 12:33:07,975] {logging_mixin.py:109} INFO - [2022-01-08 12:33:07,975] {dagbag.py:500} INFO - Filling up the DagBag from /home/airflow/.local/lib/python3.7/site-packages/airflow/example_dags/example_external_task_marker_dag.py
[2022-01-08 12:33:07,998] {processor.py:637} INFO - DAG(s) dict_keys(['example_external_task_marker_parent', 'example_external_task_marker_child']) retrieved from /home/airflow/.local/lib/python3.7/site-packages/airflow/example_dags/example_external_task_marker_dag.py
[2022-01-08 12:33:08,012] {logging_mixin.py:109} INFO - [2022-01-08 12:33:08,012] {dag.py:2396} INFO - Sync 2 DAGs
[2022-01-08 12:33:08,026] {logging_mixin.py:109} INFO - [2022-01-08 12:33:08,026] {dag.py:2928} INFO - Setting next_dagrun for example_external_task_marker_child to None
[2022-01-08 12:33:08,027] {logging_mixin.py:109} INFO - [2022-01-08 12:33:08,027] {dag.py:2928} INFO - Setting next_dagrun for example_external_task_marker_parent to None
[2022-01-08 12:33:08,040] {processor.py:171} INFO - Processing /home/airflow/.local/lib/python3.7/site-packages/airflow/example_dags/example_external_task_marker_dag.py took 0.071 seconds
[2022-01-08 12:33:38,813] {processor.py:163} INFO - Started process (PID=3095) to work on /home/airflow/.local/lib/python3.7/site-packages/airflow/example_dags/example_external_task_marker_dag.py
[2022-01-08 12:33:38,814] {processor.py:625} INFO - Processing file /home/airflow/.local/lib/python3.7/site-packages/airflow/example_dags/example_external_task_marker_dag.py for tasks to queue
[2022-01-08 12:33:38,814] {logging_mixin.py:109} INFO - [2022-01-08 12:33:38,814] {dagbag.py:500} INFO - Filling up the DagBag from /home/airflow/.local/lib/python3.7/site-packages/airflow/example_dags/example_external_task_marker_dag.py
[2022-01-08 12:33:38,836] {processor.py:637} INFO - DAG(s) dict_keys(['example_external_task_marker_parent', 'example_external_task_marker_child']) retrieved from /home/airflow/.local/lib/python3.7/site-packages/airflow/example_dags/example_external_task_marker_dag.py
[2022-01-08 12:33:38,850] {logging_mixin.py:109} INFO - [2022-01-08 12:33:38,850] {dag.py:2396} INFO - Sync 2 DAGs
[2022-01-08 12:33:38,869] {logging_mixin.py:109} INFO - [2022-01-08 12:33:38,869] {dag.py:2928} INFO - Setting next_dagrun for example_external_task_marker_child to None
[2022-01-08 12:33:38,870] {logging_mixin.py:109} INFO - [2022-01-08 12:33:38,870] {dag.py:2928} INFO - Setting next_dagrun for example_external_task_marker_parent to None
[2022-01-08 12:33:38,880] {processor.py:171} INFO - Processing /home/airflow/.local/lib/python3.7/site-packages/airflow/example_dags/example_external_task_marker_dag.py took 0.071 seconds
[2022-01-08 12:34:09,199] {processor.py:163} INFO - Started process (PID=3167) to work on /home/airflow/.local/lib/python3.7/site-packages/airflow/example_dags/example_external_task_marker_dag.py
[2022-01-08 12:34:09,200] {processor.py:625} INFO - Processing file /home/airflow/.local/lib/python3.7/site-packages/airflow/example_dags/example_external_task_marker_dag.py for tasks to queue
[2022-01-08 12:34:09,200] {logging_mixin.py:109} INFO - [2022-01-08 12:34:09,200] {dagbag.py:500} INFO - Filling up the DagBag from /home/airflow/.local/lib/python3.7/site-packages/airflow/example_dags/example_external_task_marker_dag.py
[2022-01-08 12:34:09,222] {processor.py:637} INFO - DAG(s) dict_keys(['example_external_task_marker_parent', 'example_external_task_marker_child']) retrieved from /home/airflow/.local/lib/python3.7/site-packages/airflow/example_dags/example_external_task_marker_dag.py
[2022-01-08 12:34:09,233] {logging_mixin.py:109} INFO - [2022-01-08 12:34:09,233] {dag.py:2396} INFO - Sync 2 DAGs
[2022-01-08 12:34:09,246] {logging_mixin.py:109} INFO - [2022-01-08 12:34:09,246] {dag.py:2928} INFO - Setting next_dagrun for example_external_task_marker_child to None
[2022-01-08 12:34:09,247] {logging_mixin.py:109} INFO - [2022-01-08 12:34:09,247] {dag.py:2928} INFO - Setting next_dagrun for example_external_task_marker_parent to None
[2022-01-08 12:34:09,256] {processor.py:171} INFO - Processing /home/airflow/.local/lib/python3.7/site-packages/airflow/example_dags/example_external_task_marker_dag.py took 0.060 seconds
[2022-01-08 12:34:39,575] {processor.py:163} INFO - Started process (PID=3228) to work on /home/airflow/.local/lib/python3.7/site-packages/airflow/example_dags/example_external_task_marker_dag.py
[2022-01-08 12:34:39,579] {processor.py:625} INFO - Processing file /home/airflow/.local/lib/python3.7/site-packages/airflow/example_dags/example_external_task_marker_dag.py for tasks to queue
[2022-01-08 12:34:39,580] {logging_mixin.py:109} INFO - [2022-01-08 12:34:39,580] {dagbag.py:500} INFO - Filling up the DagBag from /home/airflow/.local/lib/python3.7/site-packages/airflow/example_dags/example_external_task_marker_dag.py
[2022-01-08 12:34:39,620] {processor.py:637} INFO - DAG(s) dict_keys(['example_external_task_marker_parent', 'example_external_task_marker_child']) retrieved from /home/airflow/.local/lib/python3.7/site-packages/airflow/example_dags/example_external_task_marker_dag.py
[2022-01-08 12:34:39,640] {logging_mixin.py:109} INFO - [2022-01-08 12:34:39,640] {dag.py:2396} INFO - Sync 2 DAGs
[2022-01-08 12:34:39,660] {logging_mixin.py:109} INFO - [2022-01-08 12:34:39,660] {dag.py:2928} INFO - Setting next_dagrun for example_external_task_marker_child to None
[2022-01-08 12:34:39,661] {logging_mixin.py:109} INFO - [2022-01-08 12:34:39,661] {dag.py:2928} INFO - Setting next_dagrun for example_external_task_marker_parent to None
[2022-01-08 12:34:39,674] {processor.py:171} INFO - Processing /home/airflow/.local/lib/python3.7/site-packages/airflow/example_dags/example_external_task_marker_dag.py took 0.102 seconds
[2022-01-08 12:35:10,061] {processor.py:163} INFO - Started process (PID=3299) to work on /home/airflow/.local/lib/python3.7/site-packages/airflow/example_dags/example_external_task_marker_dag.py
[2022-01-08 12:35:10,063] {processor.py:625} INFO - Processing file /home/airflow/.local/lib/python3.7/site-packages/airflow/example_dags/example_external_task_marker_dag.py for tasks to queue
[2022-01-08 12:35:10,064] {logging_mixin.py:109} INFO - [2022-01-08 12:35:10,064] {dagbag.py:500} INFO - Filling up the DagBag from /home/airflow/.local/lib/python3.7/site-packages/airflow/example_dags/example_external_task_marker_dag.py
[2022-01-08 12:35:10,093] {processor.py:637} INFO - DAG(s) dict_keys(['example_external_task_marker_parent', 'example_external_task_marker_child']) retrieved from /home/airflow/.local/lib/python3.7/site-packages/airflow/example_dags/example_external_task_marker_dag.py
[2022-01-08 12:35:10,111] {logging_mixin.py:109} INFO - [2022-01-08 12:35:10,110] {dag.py:2396} INFO - Sync 2 DAGs
[2022-01-08 12:35:10,130] {logging_mixin.py:109} INFO - [2022-01-08 12:35:10,130] {dag.py:2928} INFO - Setting next_dagrun for example_external_task_marker_child to None
[2022-01-08 12:35:10,132] {logging_mixin.py:109} INFO - [2022-01-08 12:35:10,132] {dag.py:2928} INFO - Setting next_dagrun for example_external_task_marker_parent to None
[2022-01-08 12:35:10,146] {processor.py:171} INFO - Processing /home/airflow/.local/lib/python3.7/site-packages/airflow/example_dags/example_external_task_marker_dag.py took 0.089 seconds
[2022-01-08 12:35:40,840] {processor.py:163} INFO - Started process (PID=3361) to work on /home/airflow/.local/lib/python3.7/site-packages/airflow/example_dags/example_external_task_marker_dag.py
[2022-01-08 12:35:40,842] {processor.py:625} INFO - Processing file /home/airflow/.local/lib/python3.7/site-packages/airflow/example_dags/example_external_task_marker_dag.py for tasks to queue
[2022-01-08 12:35:40,843] {logging_mixin.py:109} INFO - [2022-01-08 12:35:40,843] {dagbag.py:500} INFO - Filling up the DagBag from /home/airflow/.local/lib/python3.7/site-packages/airflow/example_dags/example_external_task_marker_dag.py
[2022-01-08 12:35:40,873] {processor.py:637} INFO - DAG(s) dict_keys(['example_external_task_marker_parent', 'example_external_task_marker_child']) retrieved from /home/airflow/.local/lib/python3.7/site-packages/airflow/example_dags/example_external_task_marker_dag.py
[2022-01-08 12:35:40,899] {logging_mixin.py:109} INFO - [2022-01-08 12:35:40,898] {dag.py:2396} INFO - Sync 2 DAGs
[2022-01-08 12:35:40,923] {logging_mixin.py:109} INFO - [2022-01-08 12:35:40,923] {dag.py:2928} INFO - Setting next_dagrun for example_external_task_marker_child to None
[2022-01-08 12:35:40,924] {logging_mixin.py:109} INFO - [2022-01-08 12:35:40,924] {dag.py:2928} INFO - Setting next_dagrun for example_external_task_marker_parent to None
[2022-01-08 12:35:40,941] {processor.py:171} INFO - Processing /home/airflow/.local/lib/python3.7/site-packages/airflow/example_dags/example_external_task_marker_dag.py took 0.106 seconds
[2022-01-08 12:36:12,360] {processor.py:163} INFO - Started process (PID=3431) to work on /home/airflow/.local/lib/python3.7/site-packages/airflow/example_dags/example_external_task_marker_dag.py
[2022-01-08 12:36:12,362] {processor.py:625} INFO - Processing file /home/airflow/.local/lib/python3.7/site-packages/airflow/example_dags/example_external_task_marker_dag.py for tasks to queue
[2022-01-08 12:36:12,363] {logging_mixin.py:109} INFO - [2022-01-08 12:36:12,363] {dagbag.py:500} INFO - Filling up the DagBag from /home/airflow/.local/lib/python3.7/site-packages/airflow/example_dags/example_external_task_marker_dag.py
[2022-01-08 12:36:12,404] {processor.py:637} INFO - DAG(s) dict_keys(['example_external_task_marker_parent', 'example_external_task_marker_child']) retrieved from /home/airflow/.local/lib/python3.7/site-packages/airflow/example_dags/example_external_task_marker_dag.py
[2022-01-08 12:36:12,424] {logging_mixin.py:109} INFO - [2022-01-08 12:36:12,424] {dag.py:2396} INFO - Sync 2 DAGs
[2022-01-08 12:36:12,444] {logging_mixin.py:109} INFO - [2022-01-08 12:36:12,444] {dag.py:2928} INFO - Setting next_dagrun for example_external_task_marker_child to None
[2022-01-08 12:36:12,445] {logging_mixin.py:109} INFO - [2022-01-08 12:36:12,445] {dag.py:2928} INFO - Setting next_dagrun for example_external_task_marker_parent to None
[2022-01-08 12:36:12,460] {processor.py:171} INFO - Processing /home/airflow/.local/lib/python3.7/site-packages/airflow/example_dags/example_external_task_marker_dag.py took 0.106 seconds
[2022-01-08 12:36:42,832] {processor.py:163} INFO - Started process (PID=3492) to work on /home/airflow/.local/lib/python3.7/site-packages/airflow/example_dags/example_external_task_marker_dag.py
[2022-01-08 12:36:42,834] {processor.py:625} INFO - Processing file /home/airflow/.local/lib/python3.7/site-packages/airflow/example_dags/example_external_task_marker_dag.py for tasks to queue
[2022-01-08 12:36:42,835] {logging_mixin.py:109} INFO - [2022-01-08 12:36:42,835] {dagbag.py:500} INFO - Filling up the DagBag from /home/airflow/.local/lib/python3.7/site-packages/airflow/example_dags/example_external_task_marker_dag.py
[2022-01-08 12:36:42,861] {processor.py:637} INFO - DAG(s) dict_keys(['example_external_task_marker_parent', 'example_external_task_marker_child']) retrieved from /home/airflow/.local/lib/python3.7/site-packages/airflow/example_dags/example_external_task_marker_dag.py
[2022-01-08 12:36:42,877] {logging_mixin.py:109} INFO - [2022-01-08 12:36:42,877] {dag.py:2396} INFO - Sync 2 DAGs
[2022-01-08 12:36:42,895] {logging_mixin.py:109} INFO - [2022-01-08 12:36:42,895] {dag.py:2928} INFO - Setting next_dagrun for example_external_task_marker_child to None
[2022-01-08 12:36:42,896] {logging_mixin.py:109} INFO - [2022-01-08 12:36:42,895] {dag.py:2928} INFO - Setting next_dagrun for example_external_task_marker_parent to None
[2022-01-08 12:36:42,906] {processor.py:171} INFO - Processing /home/airflow/.local/lib/python3.7/site-packages/airflow/example_dags/example_external_task_marker_dag.py took 0.077 seconds
[2022-01-08 12:37:13,890] {processor.py:163} INFO - Started process (PID=3554) to work on /home/airflow/.local/lib/python3.7/site-packages/airflow/example_dags/example_external_task_marker_dag.py
[2022-01-08 12:37:13,892] {processor.py:625} INFO - Processing file /home/airflow/.local/lib/python3.7/site-packages/airflow/example_dags/example_external_task_marker_dag.py for tasks to queue
[2022-01-08 12:37:13,893] {logging_mixin.py:109} INFO - [2022-01-08 12:37:13,893] {dagbag.py:500} INFO - Filling up the DagBag from /home/airflow/.local/lib/python3.7/site-packages/airflow/example_dags/example_external_task_marker_dag.py
[2022-01-08 12:37:13,957] {processor.py:637} INFO - DAG(s) dict_keys(['example_external_task_marker_parent', 'example_external_task_marker_child']) retrieved from /home/airflow/.local/lib/python3.7/site-packages/airflow/example_dags/example_external_task_marker_dag.py
[2022-01-08 12:37:13,978] {logging_mixin.py:109} INFO - [2022-01-08 12:37:13,977] {dag.py:2396} INFO - Sync 2 DAGs
[2022-01-08 12:37:14,008] {logging_mixin.py:109} INFO - [2022-01-08 12:37:14,007] {dag.py:2928} INFO - Setting next_dagrun for example_external_task_marker_child to None
[2022-01-08 12:37:14,008] {logging_mixin.py:109} INFO - [2022-01-08 12:37:14,008] {dag.py:2928} INFO - Setting next_dagrun for example_external_task_marker_parent to None
[2022-01-08 12:37:14,043] {processor.py:171} INFO - Processing /home/airflow/.local/lib/python3.7/site-packages/airflow/example_dags/example_external_task_marker_dag.py took 0.164 seconds
[2022-01-08 12:37:44,241] {processor.py:163} INFO - Started process (PID=3624) to work on /home/airflow/.local/lib/python3.7/site-packages/airflow/example_dags/example_external_task_marker_dag.py
[2022-01-08 12:37:44,243] {processor.py:625} INFO - Processing file /home/airflow/.local/lib/python3.7/site-packages/airflow/example_dags/example_external_task_marker_dag.py for tasks to queue
[2022-01-08 12:37:44,244] {logging_mixin.py:109} INFO - [2022-01-08 12:37:44,244] {dagbag.py:500} INFO - Filling up the DagBag from /home/airflow/.local/lib/python3.7/site-packages/airflow/example_dags/example_external_task_marker_dag.py
[2022-01-08 12:37:44,269] {processor.py:637} INFO - DAG(s) dict_keys(['example_external_task_marker_parent', 'example_external_task_marker_child']) retrieved from /home/airflow/.local/lib/python3.7/site-packages/airflow/example_dags/example_external_task_marker_dag.py
[2022-01-08 12:37:44,284] {logging_mixin.py:109} INFO - [2022-01-08 12:37:44,284] {dag.py:2396} INFO - Sync 2 DAGs
[2022-01-08 12:37:44,302] {logging_mixin.py:109} INFO - [2022-01-08 12:37:44,302] {dag.py:2928} INFO - Setting next_dagrun for example_external_task_marker_child to None
[2022-01-08 12:37:44,302] {logging_mixin.py:109} INFO - [2022-01-08 12:37:44,302] {dag.py:2928} INFO - Setting next_dagrun for example_external_task_marker_parent to None
[2022-01-08 12:37:44,317] {processor.py:171} INFO - Processing /home/airflow/.local/lib/python3.7/site-packages/airflow/example_dags/example_external_task_marker_dag.py took 0.079 seconds
[2022-01-08 12:38:14,665] {processor.py:163} INFO - Started process (PID=3686) to work on /home/airflow/.local/lib/python3.7/site-packages/airflow/example_dags/example_external_task_marker_dag.py
[2022-01-08 12:38:14,666] {processor.py:625} INFO - Processing file /home/airflow/.local/lib/python3.7/site-packages/airflow/example_dags/example_external_task_marker_dag.py for tasks to queue
[2022-01-08 12:38:14,666] {logging_mixin.py:109} INFO - [2022-01-08 12:38:14,666] {dagbag.py:500} INFO - Filling up the DagBag from /home/airflow/.local/lib/python3.7/site-packages/airflow/example_dags/example_external_task_marker_dag.py
[2022-01-08 12:38:14,687] {processor.py:637} INFO - DAG(s) dict_keys(['example_external_task_marker_parent', 'example_external_task_marker_child']) retrieved from /home/airflow/.local/lib/python3.7/site-packages/airflow/example_dags/example_external_task_marker_dag.py
[2022-01-08 12:38:14,702] {logging_mixin.py:109} INFO - [2022-01-08 12:38:14,702] {dag.py:2396} INFO - Sync 2 DAGs
[2022-01-08 12:38:14,716] {logging_mixin.py:109} INFO - [2022-01-08 12:38:14,716] {dag.py:2928} INFO - Setting next_dagrun for example_external_task_marker_child to None
[2022-01-08 12:38:14,717] {logging_mixin.py:109} INFO - [2022-01-08 12:38:14,717] {dag.py:2928} INFO - Setting next_dagrun for example_external_task_marker_parent to None
[2022-01-08 12:38:14,727] {processor.py:171} INFO - Processing /home/airflow/.local/lib/python3.7/site-packages/airflow/example_dags/example_external_task_marker_dag.py took 0.065 seconds
[2022-01-08 12:38:45,534] {processor.py:163} INFO - Started process (PID=3747) to work on /home/airflow/.local/lib/python3.7/site-packages/airflow/example_dags/example_external_task_marker_dag.py
[2022-01-08 12:38:45,536] {processor.py:625} INFO - Processing file /home/airflow/.local/lib/python3.7/site-packages/airflow/example_dags/example_external_task_marker_dag.py for tasks to queue
[2022-01-08 12:38:45,537] {logging_mixin.py:109} INFO - [2022-01-08 12:38:45,536] {dagbag.py:500} INFO - Filling up the DagBag from /home/airflow/.local/lib/python3.7/site-packages/airflow/example_dags/example_external_task_marker_dag.py
[2022-01-08 12:38:45,559] {processor.py:637} INFO - DAG(s) dict_keys(['example_external_task_marker_parent', 'example_external_task_marker_child']) retrieved from /home/airflow/.local/lib/python3.7/site-packages/airflow/example_dags/example_external_task_marker_dag.py
[2022-01-08 12:38:45,571] {logging_mixin.py:109} INFO - [2022-01-08 12:38:45,571] {dag.py:2396} INFO - Sync 2 DAGs
[2022-01-08 12:38:45,585] {logging_mixin.py:109} INFO - [2022-01-08 12:38:45,585] {dag.py:2928} INFO - Setting next_dagrun for example_external_task_marker_child to None
[2022-01-08 12:38:45,585] {logging_mixin.py:109} INFO - [2022-01-08 12:38:45,585] {dag.py:2928} INFO - Setting next_dagrun for example_external_task_marker_parent to None
[2022-01-08 12:38:45,594] {processor.py:171} INFO - Processing /home/airflow/.local/lib/python3.7/site-packages/airflow/example_dags/example_external_task_marker_dag.py took 0.062 seconds
[2022-01-08 12:39:15,956] {processor.py:163} INFO - Started process (PID=3818) to work on /home/airflow/.local/lib/python3.7/site-packages/airflow/example_dags/example_external_task_marker_dag.py
[2022-01-08 12:39:15,957] {processor.py:625} INFO - Processing file /home/airflow/.local/lib/python3.7/site-packages/airflow/example_dags/example_external_task_marker_dag.py for tasks to queue
[2022-01-08 12:39:15,958] {logging_mixin.py:109} INFO - [2022-01-08 12:39:15,957] {dagbag.py:500} INFO - Filling up the DagBag from /home/airflow/.local/lib/python3.7/site-packages/airflow/example_dags/example_external_task_marker_dag.py
[2022-01-08 12:39:15,980] {processor.py:637} INFO - DAG(s) dict_keys(['example_external_task_marker_parent', 'example_external_task_marker_child']) retrieved from /home/airflow/.local/lib/python3.7/site-packages/airflow/example_dags/example_external_task_marker_dag.py
[2022-01-08 12:39:15,992] {logging_mixin.py:109} INFO - [2022-01-08 12:39:15,992] {dag.py:2396} INFO - Sync 2 DAGs
[2022-01-08 12:39:16,008] {logging_mixin.py:109} INFO - [2022-01-08 12:39:16,008] {dag.py:2928} INFO - Setting next_dagrun for example_external_task_marker_child to None
[2022-01-08 12:39:16,008] {logging_mixin.py:109} INFO - [2022-01-08 12:39:16,008] {dag.py:2928} INFO - Setting next_dagrun for example_external_task_marker_parent to None
[2022-01-08 12:39:16,017] {processor.py:171} INFO - Processing /home/airflow/.local/lib/python3.7/site-packages/airflow/example_dags/example_external_task_marker_dag.py took 0.064 seconds
[2022-01-08 12:39:46,804] {processor.py:163} INFO - Started process (PID=3880) to work on /home/airflow/.local/lib/python3.7/site-packages/airflow/example_dags/example_external_task_marker_dag.py
[2022-01-08 12:39:46,805] {processor.py:625} INFO - Processing file /home/airflow/.local/lib/python3.7/site-packages/airflow/example_dags/example_external_task_marker_dag.py for tasks to queue
[2022-01-08 12:39:46,806] {logging_mixin.py:109} INFO - [2022-01-08 12:39:46,806] {dagbag.py:500} INFO - Filling up the DagBag from /home/airflow/.local/lib/python3.7/site-packages/airflow/example_dags/example_external_task_marker_dag.py
[2022-01-08 12:39:46,828] {processor.py:637} INFO - DAG(s) dict_keys(['example_external_task_marker_parent', 'example_external_task_marker_child']) retrieved from /home/airflow/.local/lib/python3.7/site-packages/airflow/example_dags/example_external_task_marker_dag.py
[2022-01-08 12:39:46,841] {logging_mixin.py:109} INFO - [2022-01-08 12:39:46,841] {dag.py:2396} INFO - Sync 2 DAGs
[2022-01-08 12:39:46,855] {logging_mixin.py:109} INFO - [2022-01-08 12:39:46,855] {dag.py:2928} INFO - Setting next_dagrun for example_external_task_marker_child to None
[2022-01-08 12:39:46,856] {logging_mixin.py:109} INFO - [2022-01-08 12:39:46,856] {dag.py:2928} INFO - Setting next_dagrun for example_external_task_marker_parent to None
[2022-01-08 12:39:46,864] {processor.py:171} INFO - Processing /home/airflow/.local/lib/python3.7/site-packages/airflow/example_dags/example_external_task_marker_dag.py took 0.063 seconds
[2022-01-08 12:40:17,534] {processor.py:163} INFO - Started process (PID=3952) to work on /home/airflow/.local/lib/python3.7/site-packages/airflow/example_dags/example_external_task_marker_dag.py
[2022-01-08 12:40:17,535] {processor.py:625} INFO - Processing file /home/airflow/.local/lib/python3.7/site-packages/airflow/example_dags/example_external_task_marker_dag.py for tasks to queue
[2022-01-08 12:40:17,535] {logging_mixin.py:109} INFO - [2022-01-08 12:40:17,535] {dagbag.py:500} INFO - Filling up the DagBag from /home/airflow/.local/lib/python3.7/site-packages/airflow/example_dags/example_external_task_marker_dag.py
[2022-01-08 12:40:17,560] {processor.py:637} INFO - DAG(s) dict_keys(['example_external_task_marker_parent', 'example_external_task_marker_child']) retrieved from /home/airflow/.local/lib/python3.7/site-packages/airflow/example_dags/example_external_task_marker_dag.py
[2022-01-08 12:40:17,573] {logging_mixin.py:109} INFO - [2022-01-08 12:40:17,573] {dag.py:2396} INFO - Sync 2 DAGs
[2022-01-08 12:40:17,590] {logging_mixin.py:109} INFO - [2022-01-08 12:40:17,589] {dag.py:2928} INFO - Setting next_dagrun for example_external_task_marker_child to None
[2022-01-08 12:40:17,590] {logging_mixin.py:109} INFO - [2022-01-08 12:40:17,590] {dag.py:2928} INFO - Setting next_dagrun for example_external_task_marker_parent to None
[2022-01-08 12:40:17,602] {processor.py:171} INFO - Processing /home/airflow/.local/lib/python3.7/site-packages/airflow/example_dags/example_external_task_marker_dag.py took 0.072 seconds
