[2022-01-08 12:09:56,615] {processor.py:163} INFO - Started process (PID=86) to work on /home/airflow/.local/lib/python3.7/site-packages/airflow/example_dags/example_trigger_target_dag.py
[2022-01-08 12:09:56,617] {processor.py:625} INFO - Processing file /home/airflow/.local/lib/python3.7/site-packages/airflow/example_dags/example_trigger_target_dag.py for tasks to queue
[2022-01-08 12:09:56,618] {logging_mixin.py:109} INFO - [2022-01-08 12:09:56,618] {dagbag.py:500} INFO - Filling up the DagBag from /home/airflow/.local/lib/python3.7/site-packages/airflow/example_dags/example_trigger_target_dag.py
[2022-01-08 12:09:56,648] {processor.py:637} INFO - DAG(s) dict_keys(['example_trigger_target_dag']) retrieved from /home/airflow/.local/lib/python3.7/site-packages/airflow/example_dags/example_trigger_target_dag.py
[2022-01-08 12:09:56,662] {logging_mixin.py:109} INFO - [2022-01-08 12:09:56,662] {dag.py:2396} INFO - Sync 1 DAGs
[2022-01-08 12:09:56,683] {logging_mixin.py:109} INFO - [2022-01-08 12:09:56,683] {dag.py:2928} INFO - Setting next_dagrun for example_trigger_target_dag to None
[2022-01-08 12:09:56,698] {processor.py:171} INFO - Processing /home/airflow/.local/lib/python3.7/site-packages/airflow/example_dags/example_trigger_target_dag.py took 0.087 seconds
[2022-01-08 12:10:27,541] {processor.py:163} INFO - Started process (PID=169) to work on /home/airflow/.local/lib/python3.7/site-packages/airflow/example_dags/example_trigger_target_dag.py
[2022-01-08 12:10:27,543] {processor.py:625} INFO - Processing file /home/airflow/.local/lib/python3.7/site-packages/airflow/example_dags/example_trigger_target_dag.py for tasks to queue
[2022-01-08 12:10:27,545] {logging_mixin.py:109} INFO - [2022-01-08 12:10:27,544] {dagbag.py:500} INFO - Filling up the DagBag from /home/airflow/.local/lib/python3.7/site-packages/airflow/example_dags/example_trigger_target_dag.py
[2022-01-08 12:10:27,575] {processor.py:637} INFO - DAG(s) dict_keys(['example_trigger_target_dag']) retrieved from /home/airflow/.local/lib/python3.7/site-packages/airflow/example_dags/example_trigger_target_dag.py
[2022-01-08 12:10:27,589] {logging_mixin.py:109} INFO - [2022-01-08 12:10:27,588] {dag.py:2396} INFO - Sync 1 DAGs
[2022-01-08 12:10:27,607] {logging_mixin.py:109} INFO - [2022-01-08 12:10:27,607] {dag.py:2928} INFO - Setting next_dagrun for example_trigger_target_dag to None
[2022-01-08 12:10:27,619] {processor.py:171} INFO - Processing /home/airflow/.local/lib/python3.7/site-packages/airflow/example_dags/example_trigger_target_dag.py took 0.081 seconds
[2022-01-08 12:10:58,417] {processor.py:163} INFO - Started process (PID=241) to work on /home/airflow/.local/lib/python3.7/site-packages/airflow/example_dags/example_trigger_target_dag.py
[2022-01-08 12:10:58,418] {processor.py:625} INFO - Processing file /home/airflow/.local/lib/python3.7/site-packages/airflow/example_dags/example_trigger_target_dag.py for tasks to queue
[2022-01-08 12:10:58,419] {logging_mixin.py:109} INFO - [2022-01-08 12:10:58,419] {dagbag.py:500} INFO - Filling up the DagBag from /home/airflow/.local/lib/python3.7/site-packages/airflow/example_dags/example_trigger_target_dag.py
[2022-01-08 12:10:58,446] {processor.py:637} INFO - DAG(s) dict_keys(['example_trigger_target_dag']) retrieved from /home/airflow/.local/lib/python3.7/site-packages/airflow/example_dags/example_trigger_target_dag.py
[2022-01-08 12:10:58,455] {logging_mixin.py:109} INFO - [2022-01-08 12:10:58,454] {dag.py:2396} INFO - Sync 1 DAGs
[2022-01-08 12:10:58,480] {logging_mixin.py:109} INFO - [2022-01-08 12:10:58,480] {dag.py:2928} INFO - Setting next_dagrun for example_trigger_target_dag to None
[2022-01-08 12:10:58,494] {processor.py:171} INFO - Processing /home/airflow/.local/lib/python3.7/site-packages/airflow/example_dags/example_trigger_target_dag.py took 0.080 seconds
[2022-01-08 12:11:30,308] {processor.py:163} INFO - Started process (PID=302) to work on /home/airflow/.local/lib/python3.7/site-packages/airflow/example_dags/example_trigger_target_dag.py
[2022-01-08 12:11:30,309] {processor.py:625} INFO - Processing file /home/airflow/.local/lib/python3.7/site-packages/airflow/example_dags/example_trigger_target_dag.py for tasks to queue
[2022-01-08 12:11:30,310] {logging_mixin.py:109} INFO - [2022-01-08 12:11:30,309] {dagbag.py:500} INFO - Filling up the DagBag from /home/airflow/.local/lib/python3.7/site-packages/airflow/example_dags/example_trigger_target_dag.py
[2022-01-08 12:11:30,341] {processor.py:637} INFO - DAG(s) dict_keys(['example_trigger_target_dag']) retrieved from /home/airflow/.local/lib/python3.7/site-packages/airflow/example_dags/example_trigger_target_dag.py
[2022-01-08 12:11:30,356] {logging_mixin.py:109} INFO - [2022-01-08 12:11:30,356] {dag.py:2396} INFO - Sync 1 DAGs
[2022-01-08 12:11:30,373] {logging_mixin.py:109} INFO - [2022-01-08 12:11:30,373] {dag.py:2928} INFO - Setting next_dagrun for example_trigger_target_dag to None
[2022-01-08 12:11:30,492] {processor.py:171} INFO - Processing /home/airflow/.local/lib/python3.7/site-packages/airflow/example_dags/example_trigger_target_dag.py took 0.187 seconds
[2022-01-08 12:12:01,454] {processor.py:163} INFO - Started process (PID=373) to work on /home/airflow/.local/lib/python3.7/site-packages/airflow/example_dags/example_trigger_target_dag.py
[2022-01-08 12:12:01,456] {processor.py:625} INFO - Processing file /home/airflow/.local/lib/python3.7/site-packages/airflow/example_dags/example_trigger_target_dag.py for tasks to queue
[2022-01-08 12:12:01,457] {logging_mixin.py:109} INFO - [2022-01-08 12:12:01,457] {dagbag.py:500} INFO - Filling up the DagBag from /home/airflow/.local/lib/python3.7/site-packages/airflow/example_dags/example_trigger_target_dag.py
[2022-01-08 12:12:01,491] {processor.py:637} INFO - DAG(s) dict_keys(['example_trigger_target_dag']) retrieved from /home/airflow/.local/lib/python3.7/site-packages/airflow/example_dags/example_trigger_target_dag.py
[2022-01-08 12:12:01,504] {logging_mixin.py:109} INFO - [2022-01-08 12:12:01,504] {dag.py:2396} INFO - Sync 1 DAGs
[2022-01-08 12:12:01,525] {logging_mixin.py:109} INFO - [2022-01-08 12:12:01,525] {dag.py:2928} INFO - Setting next_dagrun for example_trigger_target_dag to None
[2022-01-08 12:12:01,537] {processor.py:171} INFO - Processing /home/airflow/.local/lib/python3.7/site-packages/airflow/example_dags/example_trigger_target_dag.py took 0.086 seconds
[2022-01-08 12:12:32,372] {processor.py:163} INFO - Started process (PID=435) to work on /home/airflow/.local/lib/python3.7/site-packages/airflow/example_dags/example_trigger_target_dag.py
[2022-01-08 12:12:32,374] {processor.py:625} INFO - Processing file /home/airflow/.local/lib/python3.7/site-packages/airflow/example_dags/example_trigger_target_dag.py for tasks to queue
[2022-01-08 12:12:32,375] {logging_mixin.py:109} INFO - [2022-01-08 12:12:32,374] {dagbag.py:500} INFO - Filling up the DagBag from /home/airflow/.local/lib/python3.7/site-packages/airflow/example_dags/example_trigger_target_dag.py
[2022-01-08 12:12:32,454] {processor.py:637} INFO - DAG(s) dict_keys(['example_trigger_target_dag']) retrieved from /home/airflow/.local/lib/python3.7/site-packages/airflow/example_dags/example_trigger_target_dag.py
[2022-01-08 12:12:32,482] {logging_mixin.py:109} INFO - [2022-01-08 12:12:32,481] {dag.py:2396} INFO - Sync 1 DAGs
[2022-01-08 12:12:32,521] {logging_mixin.py:109} INFO - [2022-01-08 12:12:32,521] {dag.py:2928} INFO - Setting next_dagrun for example_trigger_target_dag to None
[2022-01-08 12:12:32,553] {processor.py:171} INFO - Processing /home/airflow/.local/lib/python3.7/site-packages/airflow/example_dags/example_trigger_target_dag.py took 0.186 seconds
[2022-01-08 12:13:03,521] {processor.py:163} INFO - Started process (PID=497) to work on /home/airflow/.local/lib/python3.7/site-packages/airflow/example_dags/example_trigger_target_dag.py
[2022-01-08 12:13:03,522] {processor.py:625} INFO - Processing file /home/airflow/.local/lib/python3.7/site-packages/airflow/example_dags/example_trigger_target_dag.py for tasks to queue
[2022-01-08 12:13:03,523] {logging_mixin.py:109} INFO - [2022-01-08 12:13:03,523] {dagbag.py:500} INFO - Filling up the DagBag from /home/airflow/.local/lib/python3.7/site-packages/airflow/example_dags/example_trigger_target_dag.py
[2022-01-08 12:13:03,545] {processor.py:637} INFO - DAG(s) dict_keys(['example_trigger_target_dag']) retrieved from /home/airflow/.local/lib/python3.7/site-packages/airflow/example_dags/example_trigger_target_dag.py
[2022-01-08 12:13:03,554] {logging_mixin.py:109} INFO - [2022-01-08 12:13:03,554] {dag.py:2396} INFO - Sync 1 DAGs
[2022-01-08 12:13:03,570] {logging_mixin.py:109} INFO - [2022-01-08 12:13:03,570] {dag.py:2928} INFO - Setting next_dagrun for example_trigger_target_dag to None
[2022-01-08 12:13:03,578] {processor.py:171} INFO - Processing /home/airflow/.local/lib/python3.7/site-packages/airflow/example_dags/example_trigger_target_dag.py took 0.061 seconds
[2022-01-08 12:13:36,117] {processor.py:163} INFO - Started process (PID=570) to work on /home/airflow/.local/lib/python3.7/site-packages/airflow/example_dags/example_trigger_target_dag.py
[2022-01-08 12:13:36,119] {processor.py:625} INFO - Processing file /home/airflow/.local/lib/python3.7/site-packages/airflow/example_dags/example_trigger_target_dag.py for tasks to queue
[2022-01-08 12:13:36,120] {logging_mixin.py:109} INFO - [2022-01-08 12:13:36,120] {dagbag.py:500} INFO - Filling up the DagBag from /home/airflow/.local/lib/python3.7/site-packages/airflow/example_dags/example_trigger_target_dag.py
[2022-01-08 12:13:36,155] {processor.py:637} INFO - DAG(s) dict_keys(['example_trigger_target_dag']) retrieved from /home/airflow/.local/lib/python3.7/site-packages/airflow/example_dags/example_trigger_target_dag.py
[2022-01-08 12:13:36,166] {logging_mixin.py:109} INFO - [2022-01-08 12:13:36,166] {dag.py:2396} INFO - Sync 1 DAGs
[2022-01-08 12:13:36,185] {logging_mixin.py:109} INFO - [2022-01-08 12:13:36,185] {dag.py:2928} INFO - Setting next_dagrun for example_trigger_target_dag to None
[2022-01-08 12:13:36,196] {processor.py:171} INFO - Processing /home/airflow/.local/lib/python3.7/site-packages/airflow/example_dags/example_trigger_target_dag.py took 0.081 seconds
[2022-01-08 12:14:06,662] {processor.py:163} INFO - Started process (PID=631) to work on /home/airflow/.local/lib/python3.7/site-packages/airflow/example_dags/example_trigger_target_dag.py
[2022-01-08 12:14:06,663] {processor.py:625} INFO - Processing file /home/airflow/.local/lib/python3.7/site-packages/airflow/example_dags/example_trigger_target_dag.py for tasks to queue
[2022-01-08 12:14:06,664] {logging_mixin.py:109} INFO - [2022-01-08 12:14:06,664] {dagbag.py:500} INFO - Filling up the DagBag from /home/airflow/.local/lib/python3.7/site-packages/airflow/example_dags/example_trigger_target_dag.py
[2022-01-08 12:14:06,690] {processor.py:637} INFO - DAG(s) dict_keys(['example_trigger_target_dag']) retrieved from /home/airflow/.local/lib/python3.7/site-packages/airflow/example_dags/example_trigger_target_dag.py
[2022-01-08 12:14:06,700] {logging_mixin.py:109} INFO - [2022-01-08 12:14:06,700] {dag.py:2396} INFO - Sync 1 DAGs
[2022-01-08 12:14:06,716] {logging_mixin.py:109} INFO - [2022-01-08 12:14:06,716] {dag.py:2928} INFO - Setting next_dagrun for example_trigger_target_dag to None
[2022-01-08 12:14:06,727] {processor.py:171} INFO - Processing /home/airflow/.local/lib/python3.7/site-packages/airflow/example_dags/example_trigger_target_dag.py took 0.068 seconds
[2022-01-08 12:14:37,249] {processor.py:163} INFO - Started process (PID=691) to work on /home/airflow/.local/lib/python3.7/site-packages/airflow/example_dags/example_trigger_target_dag.py
[2022-01-08 12:14:37,250] {processor.py:625} INFO - Processing file /home/airflow/.local/lib/python3.7/site-packages/airflow/example_dags/example_trigger_target_dag.py for tasks to queue
[2022-01-08 12:14:37,251] {logging_mixin.py:109} INFO - [2022-01-08 12:14:37,251] {dagbag.py:500} INFO - Filling up the DagBag from /home/airflow/.local/lib/python3.7/site-packages/airflow/example_dags/example_trigger_target_dag.py
[2022-01-08 12:14:37,273] {processor.py:637} INFO - DAG(s) dict_keys(['example_trigger_target_dag']) retrieved from /home/airflow/.local/lib/python3.7/site-packages/airflow/example_dags/example_trigger_target_dag.py
[2022-01-08 12:14:37,282] {logging_mixin.py:109} INFO - [2022-01-08 12:14:37,282] {dag.py:2396} INFO - Sync 1 DAGs
[2022-01-08 12:14:37,295] {logging_mixin.py:109} INFO - [2022-01-08 12:14:37,295] {dag.py:2928} INFO - Setting next_dagrun for example_trigger_target_dag to None
[2022-01-08 12:14:37,305] {processor.py:171} INFO - Processing /home/airflow/.local/lib/python3.7/site-packages/airflow/example_dags/example_trigger_target_dag.py took 0.058 seconds
[2022-01-08 12:15:07,919] {processor.py:163} INFO - Started process (PID=760) to work on /home/airflow/.local/lib/python3.7/site-packages/airflow/example_dags/example_trigger_target_dag.py
[2022-01-08 12:15:07,920] {processor.py:625} INFO - Processing file /home/airflow/.local/lib/python3.7/site-packages/airflow/example_dags/example_trigger_target_dag.py for tasks to queue
[2022-01-08 12:15:07,921] {logging_mixin.py:109} INFO - [2022-01-08 12:15:07,921] {dagbag.py:500} INFO - Filling up the DagBag from /home/airflow/.local/lib/python3.7/site-packages/airflow/example_dags/example_trigger_target_dag.py
[2022-01-08 12:15:07,943] {processor.py:637} INFO - DAG(s) dict_keys(['example_trigger_target_dag']) retrieved from /home/airflow/.local/lib/python3.7/site-packages/airflow/example_dags/example_trigger_target_dag.py
[2022-01-08 12:15:07,952] {logging_mixin.py:109} INFO - [2022-01-08 12:15:07,952] {dag.py:2396} INFO - Sync 1 DAGs
[2022-01-08 12:15:07,965] {logging_mixin.py:109} INFO - [2022-01-08 12:15:07,964] {dag.py:2928} INFO - Setting next_dagrun for example_trigger_target_dag to None
[2022-01-08 12:15:07,974] {processor.py:171} INFO - Processing /home/airflow/.local/lib/python3.7/site-packages/airflow/example_dags/example_trigger_target_dag.py took 0.058 seconds
[2022-01-08 12:15:39,755] {processor.py:163} INFO - Started process (PID=822) to work on /home/airflow/.local/lib/python3.7/site-packages/airflow/example_dags/example_trigger_target_dag.py
[2022-01-08 12:15:39,757] {processor.py:625} INFO - Processing file /home/airflow/.local/lib/python3.7/site-packages/airflow/example_dags/example_trigger_target_dag.py for tasks to queue
[2022-01-08 12:15:39,759] {logging_mixin.py:109} INFO - [2022-01-08 12:15:39,759] {dagbag.py:500} INFO - Filling up the DagBag from /home/airflow/.local/lib/python3.7/site-packages/airflow/example_dags/example_trigger_target_dag.py
[2022-01-08 12:15:39,846] {processor.py:637} INFO - DAG(s) dict_keys(['example_trigger_target_dag']) retrieved from /home/airflow/.local/lib/python3.7/site-packages/airflow/example_dags/example_trigger_target_dag.py
[2022-01-08 12:15:39,857] {logging_mixin.py:109} INFO - [2022-01-08 12:15:39,856] {dag.py:2396} INFO - Sync 1 DAGs
[2022-01-08 12:15:39,890] {logging_mixin.py:109} INFO - [2022-01-08 12:15:39,890] {dag.py:2928} INFO - Setting next_dagrun for example_trigger_target_dag to None
[2022-01-08 12:15:39,907] {processor.py:171} INFO - Processing /home/airflow/.local/lib/python3.7/site-packages/airflow/example_dags/example_trigger_target_dag.py took 0.155 seconds
[2022-01-08 12:16:11,560] {processor.py:163} INFO - Started process (PID=893) to work on /home/airflow/.local/lib/python3.7/site-packages/airflow/example_dags/example_trigger_target_dag.py
[2022-01-08 12:16:11,560] {processor.py:625} INFO - Processing file /home/airflow/.local/lib/python3.7/site-packages/airflow/example_dags/example_trigger_target_dag.py for tasks to queue
[2022-01-08 12:16:11,561] {logging_mixin.py:109} INFO - [2022-01-08 12:16:11,561] {dagbag.py:500} INFO - Filling up the DagBag from /home/airflow/.local/lib/python3.7/site-packages/airflow/example_dags/example_trigger_target_dag.py
[2022-01-08 12:16:11,587] {processor.py:637} INFO - DAG(s) dict_keys(['example_trigger_target_dag']) retrieved from /home/airflow/.local/lib/python3.7/site-packages/airflow/example_dags/example_trigger_target_dag.py
[2022-01-08 12:16:11,599] {logging_mixin.py:109} INFO - [2022-01-08 12:16:11,599] {dag.py:2396} INFO - Sync 1 DAGs
[2022-01-08 12:16:11,622] {logging_mixin.py:109} INFO - [2022-01-08 12:16:11,621] {dag.py:2928} INFO - Setting next_dagrun for example_trigger_target_dag to None
[2022-01-08 12:16:11,631] {processor.py:171} INFO - Processing /home/airflow/.local/lib/python3.7/site-packages/airflow/example_dags/example_trigger_target_dag.py took 0.074 seconds
[2022-01-08 12:16:42,685] {processor.py:163} INFO - Started process (PID=955) to work on /home/airflow/.local/lib/python3.7/site-packages/airflow/example_dags/example_trigger_target_dag.py
[2022-01-08 12:16:42,688] {processor.py:625} INFO - Processing file /home/airflow/.local/lib/python3.7/site-packages/airflow/example_dags/example_trigger_target_dag.py for tasks to queue
[2022-01-08 12:16:42,694] {logging_mixin.py:109} INFO - [2022-01-08 12:16:42,694] {dagbag.py:500} INFO - Filling up the DagBag from /home/airflow/.local/lib/python3.7/site-packages/airflow/example_dags/example_trigger_target_dag.py
[2022-01-08 12:16:42,765] {processor.py:637} INFO - DAG(s) dict_keys(['example_trigger_target_dag']) retrieved from /home/airflow/.local/lib/python3.7/site-packages/airflow/example_dags/example_trigger_target_dag.py
[2022-01-08 12:16:42,810] {logging_mixin.py:109} INFO - [2022-01-08 12:16:42,809] {dag.py:2396} INFO - Sync 1 DAGs
[2022-01-08 12:16:42,858] {logging_mixin.py:109} INFO - [2022-01-08 12:16:42,858] {dag.py:2928} INFO - Setting next_dagrun for example_trigger_target_dag to None
[2022-01-08 12:16:42,882] {processor.py:171} INFO - Processing /home/airflow/.local/lib/python3.7/site-packages/airflow/example_dags/example_trigger_target_dag.py took 0.211 seconds
[2022-01-08 12:17:13,375] {processor.py:163} INFO - Started process (PID=1027) to work on /home/airflow/.local/lib/python3.7/site-packages/airflow/example_dags/example_trigger_target_dag.py
[2022-01-08 12:17:13,377] {processor.py:625} INFO - Processing file /home/airflow/.local/lib/python3.7/site-packages/airflow/example_dags/example_trigger_target_dag.py for tasks to queue
[2022-01-08 12:17:13,377] {logging_mixin.py:109} INFO - [2022-01-08 12:17:13,377] {dagbag.py:500} INFO - Filling up the DagBag from /home/airflow/.local/lib/python3.7/site-packages/airflow/example_dags/example_trigger_target_dag.py
[2022-01-08 12:17:13,400] {processor.py:637} INFO - DAG(s) dict_keys(['example_trigger_target_dag']) retrieved from /home/airflow/.local/lib/python3.7/site-packages/airflow/example_dags/example_trigger_target_dag.py
[2022-01-08 12:17:13,412] {logging_mixin.py:109} INFO - [2022-01-08 12:17:13,412] {dag.py:2396} INFO - Sync 1 DAGs
[2022-01-08 12:17:13,428] {logging_mixin.py:109} INFO - [2022-01-08 12:17:13,428] {dag.py:2928} INFO - Setting next_dagrun for example_trigger_target_dag to None
[2022-01-08 12:17:13,520] {processor.py:171} INFO - Processing /home/airflow/.local/lib/python3.7/site-packages/airflow/example_dags/example_trigger_target_dag.py took 0.148 seconds
[2022-01-08 12:17:43,755] {processor.py:163} INFO - Started process (PID=1088) to work on /home/airflow/.local/lib/python3.7/site-packages/airflow/example_dags/example_trigger_target_dag.py
[2022-01-08 12:17:43,756] {processor.py:625} INFO - Processing file /home/airflow/.local/lib/python3.7/site-packages/airflow/example_dags/example_trigger_target_dag.py for tasks to queue
[2022-01-08 12:17:43,757] {logging_mixin.py:109} INFO - [2022-01-08 12:17:43,757] {dagbag.py:500} INFO - Filling up the DagBag from /home/airflow/.local/lib/python3.7/site-packages/airflow/example_dags/example_trigger_target_dag.py
[2022-01-08 12:17:43,780] {processor.py:637} INFO - DAG(s) dict_keys(['example_trigger_target_dag']) retrieved from /home/airflow/.local/lib/python3.7/site-packages/airflow/example_dags/example_trigger_target_dag.py
[2022-01-08 12:17:43,788] {logging_mixin.py:109} INFO - [2022-01-08 12:17:43,788] {dag.py:2396} INFO - Sync 1 DAGs
[2022-01-08 12:17:43,874] {logging_mixin.py:109} INFO - [2022-01-08 12:17:43,874] {dag.py:2928} INFO - Setting next_dagrun for example_trigger_target_dag to None
[2022-01-08 12:17:43,882] {processor.py:171} INFO - Processing /home/airflow/.local/lib/python3.7/site-packages/airflow/example_dags/example_trigger_target_dag.py took 0.129 seconds
[2022-01-08 12:18:14,434] {processor.py:163} INFO - Started process (PID=1150) to work on /home/airflow/.local/lib/python3.7/site-packages/airflow/example_dags/example_trigger_target_dag.py
[2022-01-08 12:18:14,436] {processor.py:625} INFO - Processing file /home/airflow/.local/lib/python3.7/site-packages/airflow/example_dags/example_trigger_target_dag.py for tasks to queue
[2022-01-08 12:18:14,436] {logging_mixin.py:109} INFO - [2022-01-08 12:18:14,436] {dagbag.py:500} INFO - Filling up the DagBag from /home/airflow/.local/lib/python3.7/site-packages/airflow/example_dags/example_trigger_target_dag.py
[2022-01-08 12:18:14,458] {processor.py:637} INFO - DAG(s) dict_keys(['example_trigger_target_dag']) retrieved from /home/airflow/.local/lib/python3.7/site-packages/airflow/example_dags/example_trigger_target_dag.py
[2022-01-08 12:18:14,467] {logging_mixin.py:109} INFO - [2022-01-08 12:18:14,467] {dag.py:2396} INFO - Sync 1 DAGs
[2022-01-08 12:18:14,553] {logging_mixin.py:109} INFO - [2022-01-08 12:18:14,553] {dag.py:2928} INFO - Setting next_dagrun for example_trigger_target_dag to None
[2022-01-08 12:18:14,561] {processor.py:171} INFO - Processing /home/airflow/.local/lib/python3.7/site-packages/airflow/example_dags/example_trigger_target_dag.py took 0.129 seconds
[2022-01-08 12:18:45,394] {processor.py:163} INFO - Started process (PID=1221) to work on /home/airflow/.local/lib/python3.7/site-packages/airflow/example_dags/example_trigger_target_dag.py
[2022-01-08 12:18:45,396] {processor.py:625} INFO - Processing file /home/airflow/.local/lib/python3.7/site-packages/airflow/example_dags/example_trigger_target_dag.py for tasks to queue
[2022-01-08 12:18:45,396] {logging_mixin.py:109} INFO - [2022-01-08 12:18:45,396] {dagbag.py:500} INFO - Filling up the DagBag from /home/airflow/.local/lib/python3.7/site-packages/airflow/example_dags/example_trigger_target_dag.py
[2022-01-08 12:18:45,418] {processor.py:637} INFO - DAG(s) dict_keys(['example_trigger_target_dag']) retrieved from /home/airflow/.local/lib/python3.7/site-packages/airflow/example_dags/example_trigger_target_dag.py
[2022-01-08 12:18:45,427] {logging_mixin.py:109} INFO - [2022-01-08 12:18:45,427] {dag.py:2396} INFO - Sync 1 DAGs
[2022-01-08 12:18:45,517] {logging_mixin.py:109} INFO - [2022-01-08 12:18:45,517] {dag.py:2928} INFO - Setting next_dagrun for example_trigger_target_dag to None
[2022-01-08 12:18:45,524] {processor.py:171} INFO - Processing /home/airflow/.local/lib/python3.7/site-packages/airflow/example_dags/example_trigger_target_dag.py took 0.134 seconds
[2022-01-08 12:19:16,677] {processor.py:163} INFO - Started process (PID=1281) to work on /home/airflow/.local/lib/python3.7/site-packages/airflow/example_dags/example_trigger_target_dag.py
[2022-01-08 12:19:16,678] {processor.py:625} INFO - Processing file /home/airflow/.local/lib/python3.7/site-packages/airflow/example_dags/example_trigger_target_dag.py for tasks to queue
[2022-01-08 12:19:16,678] {logging_mixin.py:109} INFO - [2022-01-08 12:19:16,678] {dagbag.py:500} INFO - Filling up the DagBag from /home/airflow/.local/lib/python3.7/site-packages/airflow/example_dags/example_trigger_target_dag.py
[2022-01-08 12:19:16,700] {processor.py:637} INFO - DAG(s) dict_keys(['example_trigger_target_dag']) retrieved from /home/airflow/.local/lib/python3.7/site-packages/airflow/example_dags/example_trigger_target_dag.py
[2022-01-08 12:19:16,709] {logging_mixin.py:109} INFO - [2022-01-08 12:19:16,708] {dag.py:2396} INFO - Sync 1 DAGs
[2022-01-08 12:19:16,784] {logging_mixin.py:109} INFO - [2022-01-08 12:19:16,784] {dag.py:2928} INFO - Setting next_dagrun for example_trigger_target_dag to None
[2022-01-08 12:19:16,794] {processor.py:171} INFO - Processing /home/airflow/.local/lib/python3.7/site-packages/airflow/example_dags/example_trigger_target_dag.py took 0.120 seconds
[2022-01-08 12:19:47,414] {processor.py:163} INFO - Started process (PID=1351) to work on /home/airflow/.local/lib/python3.7/site-packages/airflow/example_dags/example_trigger_target_dag.py
[2022-01-08 12:19:47,415] {processor.py:625} INFO - Processing file /home/airflow/.local/lib/python3.7/site-packages/airflow/example_dags/example_trigger_target_dag.py for tasks to queue
[2022-01-08 12:19:47,416] {logging_mixin.py:109} INFO - [2022-01-08 12:19:47,416] {dagbag.py:500} INFO - Filling up the DagBag from /home/airflow/.local/lib/python3.7/site-packages/airflow/example_dags/example_trigger_target_dag.py
[2022-01-08 12:19:47,446] {processor.py:637} INFO - DAG(s) dict_keys(['example_trigger_target_dag']) retrieved from /home/airflow/.local/lib/python3.7/site-packages/airflow/example_dags/example_trigger_target_dag.py
[2022-01-08 12:19:47,456] {logging_mixin.py:109} INFO - [2022-01-08 12:19:47,456] {dag.py:2396} INFO - Sync 1 DAGs
[2022-01-08 12:19:47,555] {logging_mixin.py:109} INFO - [2022-01-08 12:19:47,555] {dag.py:2928} INFO - Setting next_dagrun for example_trigger_target_dag to None
[2022-01-08 12:19:47,566] {processor.py:171} INFO - Processing /home/airflow/.local/lib/python3.7/site-packages/airflow/example_dags/example_trigger_target_dag.py took 0.156 seconds
[2022-01-08 12:20:18,393] {processor.py:163} INFO - Started process (PID=1413) to work on /home/airflow/.local/lib/python3.7/site-packages/airflow/example_dags/example_trigger_target_dag.py
[2022-01-08 12:20:18,394] {processor.py:625} INFO - Processing file /home/airflow/.local/lib/python3.7/site-packages/airflow/example_dags/example_trigger_target_dag.py for tasks to queue
[2022-01-08 12:20:18,395] {logging_mixin.py:109} INFO - [2022-01-08 12:20:18,395] {dagbag.py:500} INFO - Filling up the DagBag from /home/airflow/.local/lib/python3.7/site-packages/airflow/example_dags/example_trigger_target_dag.py
[2022-01-08 12:20:18,488] {processor.py:637} INFO - DAG(s) dict_keys(['example_trigger_target_dag']) retrieved from /home/airflow/.local/lib/python3.7/site-packages/airflow/example_dags/example_trigger_target_dag.py
[2022-01-08 12:20:18,497] {logging_mixin.py:109} INFO - [2022-01-08 12:20:18,497] {dag.py:2396} INFO - Sync 1 DAGs
[2022-01-08 12:20:18,510] {logging_mixin.py:109} INFO - [2022-01-08 12:20:18,510] {dag.py:2928} INFO - Setting next_dagrun for example_trigger_target_dag to None
[2022-01-08 12:20:18,518] {processor.py:171} INFO - Processing /home/airflow/.local/lib/python3.7/site-packages/airflow/example_dags/example_trigger_target_dag.py took 0.128 seconds
[2022-01-08 12:20:49,901] {processor.py:163} INFO - Started process (PID=1484) to work on /home/airflow/.local/lib/python3.7/site-packages/airflow/example_dags/example_trigger_target_dag.py
[2022-01-08 12:20:49,902] {processor.py:625} INFO - Processing file /home/airflow/.local/lib/python3.7/site-packages/airflow/example_dags/example_trigger_target_dag.py for tasks to queue
[2022-01-08 12:20:49,904] {logging_mixin.py:109} INFO - [2022-01-08 12:20:49,904] {dagbag.py:500} INFO - Filling up the DagBag from /home/airflow/.local/lib/python3.7/site-packages/airflow/example_dags/example_trigger_target_dag.py
[2022-01-08 12:20:50,027] {processor.py:637} INFO - DAG(s) dict_keys(['example_trigger_target_dag']) retrieved from /home/airflow/.local/lib/python3.7/site-packages/airflow/example_dags/example_trigger_target_dag.py
[2022-01-08 12:20:50,039] {logging_mixin.py:109} INFO - [2022-01-08 12:20:50,038] {dag.py:2396} INFO - Sync 1 DAGs
[2022-01-08 12:20:50,058] {logging_mixin.py:109} INFO - [2022-01-08 12:20:50,058] {dag.py:2928} INFO - Setting next_dagrun for example_trigger_target_dag to None
[2022-01-08 12:20:50,073] {processor.py:171} INFO - Processing /home/airflow/.local/lib/python3.7/site-packages/airflow/example_dags/example_trigger_target_dag.py took 0.175 seconds
[2022-01-08 12:21:20,567] {processor.py:163} INFO - Started process (PID=1545) to work on /home/airflow/.local/lib/python3.7/site-packages/airflow/example_dags/example_trigger_target_dag.py
[2022-01-08 12:21:20,568] {processor.py:625} INFO - Processing file /home/airflow/.local/lib/python3.7/site-packages/airflow/example_dags/example_trigger_target_dag.py for tasks to queue
[2022-01-08 12:21:20,569] {logging_mixin.py:109} INFO - [2022-01-08 12:21:20,568] {dagbag.py:500} INFO - Filling up the DagBag from /home/airflow/.local/lib/python3.7/site-packages/airflow/example_dags/example_trigger_target_dag.py
[2022-01-08 12:21:20,673] {processor.py:637} INFO - DAG(s) dict_keys(['example_trigger_target_dag']) retrieved from /home/airflow/.local/lib/python3.7/site-packages/airflow/example_dags/example_trigger_target_dag.py
[2022-01-08 12:21:20,680] {logging_mixin.py:109} INFO - [2022-01-08 12:21:20,680] {dag.py:2396} INFO - Sync 1 DAGs
[2022-01-08 12:21:20,694] {logging_mixin.py:109} INFO - [2022-01-08 12:21:20,694] {dag.py:2928} INFO - Setting next_dagrun for example_trigger_target_dag to None
[2022-01-08 12:21:20,703] {processor.py:171} INFO - Processing /home/airflow/.local/lib/python3.7/site-packages/airflow/example_dags/example_trigger_target_dag.py took 0.140 seconds
[2022-01-08 12:21:51,049] {processor.py:163} INFO - Started process (PID=1612) to work on /home/airflow/.local/lib/python3.7/site-packages/airflow/example_dags/example_trigger_target_dag.py
[2022-01-08 12:21:51,051] {processor.py:625} INFO - Processing file /home/airflow/.local/lib/python3.7/site-packages/airflow/example_dags/example_trigger_target_dag.py for tasks to queue
[2022-01-08 12:21:51,052] {logging_mixin.py:109} INFO - [2022-01-08 12:21:51,051] {dagbag.py:500} INFO - Filling up the DagBag from /home/airflow/.local/lib/python3.7/site-packages/airflow/example_dags/example_trigger_target_dag.py
[2022-01-08 12:21:51,194] {processor.py:637} INFO - DAG(s) dict_keys(['example_trigger_target_dag']) retrieved from /home/airflow/.local/lib/python3.7/site-packages/airflow/example_dags/example_trigger_target_dag.py
[2022-01-08 12:21:51,209] {logging_mixin.py:109} INFO - [2022-01-08 12:21:51,208] {dag.py:2396} INFO - Sync 1 DAGs
[2022-01-08 12:21:51,235] {logging_mixin.py:109} INFO - [2022-01-08 12:21:51,234] {dag.py:2928} INFO - Setting next_dagrun for example_trigger_target_dag to None
[2022-01-08 12:21:51,249] {processor.py:171} INFO - Processing /home/airflow/.local/lib/python3.7/site-packages/airflow/example_dags/example_trigger_target_dag.py took 0.203 seconds
[2022-01-08 12:22:22,032] {processor.py:163} INFO - Started process (PID=1667) to work on /home/airflow/.local/lib/python3.7/site-packages/airflow/example_dags/example_trigger_target_dag.py
[2022-01-08 12:22:22,034] {processor.py:625} INFO - Processing file /home/airflow/.local/lib/python3.7/site-packages/airflow/example_dags/example_trigger_target_dag.py for tasks to queue
[2022-01-08 12:22:22,034] {logging_mixin.py:109} INFO - [2022-01-08 12:22:22,034] {dagbag.py:500} INFO - Filling up the DagBag from /home/airflow/.local/lib/python3.7/site-packages/airflow/example_dags/example_trigger_target_dag.py
[2022-01-08 12:22:22,057] {processor.py:637} INFO - DAG(s) dict_keys(['example_trigger_target_dag']) retrieved from /home/airflow/.local/lib/python3.7/site-packages/airflow/example_dags/example_trigger_target_dag.py
[2022-01-08 12:22:22,067] {logging_mixin.py:109} INFO - [2022-01-08 12:22:22,067] {dag.py:2396} INFO - Sync 1 DAGs
[2022-01-08 12:22:22,081] {logging_mixin.py:109} INFO - [2022-01-08 12:22:22,081] {dag.py:2928} INFO - Setting next_dagrun for example_trigger_target_dag to None
[2022-01-08 12:22:22,091] {processor.py:171} INFO - Processing /home/airflow/.local/lib/python3.7/site-packages/airflow/example_dags/example_trigger_target_dag.py took 0.061 seconds
[2022-01-08 12:22:52,963] {processor.py:163} INFO - Started process (PID=1727) to work on /home/airflow/.local/lib/python3.7/site-packages/airflow/example_dags/example_trigger_target_dag.py
[2022-01-08 12:22:52,965] {processor.py:625} INFO - Processing file /home/airflow/.local/lib/python3.7/site-packages/airflow/example_dags/example_trigger_target_dag.py for tasks to queue
[2022-01-08 12:22:52,966] {logging_mixin.py:109} INFO - [2022-01-08 12:22:52,966] {dagbag.py:500} INFO - Filling up the DagBag from /home/airflow/.local/lib/python3.7/site-packages/airflow/example_dags/example_trigger_target_dag.py
[2022-01-08 12:22:52,992] {processor.py:637} INFO - DAG(s) dict_keys(['example_trigger_target_dag']) retrieved from /home/airflow/.local/lib/python3.7/site-packages/airflow/example_dags/example_trigger_target_dag.py
[2022-01-08 12:22:53,007] {logging_mixin.py:109} INFO - [2022-01-08 12:22:53,007] {dag.py:2396} INFO - Sync 1 DAGs
[2022-01-08 12:22:53,023] {logging_mixin.py:109} INFO - [2022-01-08 12:22:53,023] {dag.py:2928} INFO - Setting next_dagrun for example_trigger_target_dag to None
[2022-01-08 12:22:53,031] {processor.py:171} INFO - Processing /home/airflow/.local/lib/python3.7/site-packages/airflow/example_dags/example_trigger_target_dag.py took 0.073 seconds
[2022-01-08 12:23:23,739] {processor.py:163} INFO - Started process (PID=1798) to work on /home/airflow/.local/lib/python3.7/site-packages/airflow/example_dags/example_trigger_target_dag.py
[2022-01-08 12:23:23,741] {processor.py:625} INFO - Processing file /home/airflow/.local/lib/python3.7/site-packages/airflow/example_dags/example_trigger_target_dag.py for tasks to queue
[2022-01-08 12:23:23,742] {logging_mixin.py:109} INFO - [2022-01-08 12:23:23,742] {dagbag.py:500} INFO - Filling up the DagBag from /home/airflow/.local/lib/python3.7/site-packages/airflow/example_dags/example_trigger_target_dag.py
[2022-01-08 12:23:23,772] {processor.py:637} INFO - DAG(s) dict_keys(['example_trigger_target_dag']) retrieved from /home/airflow/.local/lib/python3.7/site-packages/airflow/example_dags/example_trigger_target_dag.py
[2022-01-08 12:23:23,783] {logging_mixin.py:109} INFO - [2022-01-08 12:23:23,783] {dag.py:2396} INFO - Sync 1 DAGs
[2022-01-08 12:23:23,802] {logging_mixin.py:109} INFO - [2022-01-08 12:23:23,802] {dag.py:2928} INFO - Setting next_dagrun for example_trigger_target_dag to None
[2022-01-08 12:23:23,814] {processor.py:171} INFO - Processing /home/airflow/.local/lib/python3.7/site-packages/airflow/example_dags/example_trigger_target_dag.py took 0.078 seconds
[2022-01-08 12:23:54,860] {processor.py:163} INFO - Started process (PID=1859) to work on /home/airflow/.local/lib/python3.7/site-packages/airflow/example_dags/example_trigger_target_dag.py
[2022-01-08 12:23:54,861] {processor.py:625} INFO - Processing file /home/airflow/.local/lib/python3.7/site-packages/airflow/example_dags/example_trigger_target_dag.py for tasks to queue
[2022-01-08 12:23:54,862] {logging_mixin.py:109} INFO - [2022-01-08 12:23:54,862] {dagbag.py:500} INFO - Filling up the DagBag from /home/airflow/.local/lib/python3.7/site-packages/airflow/example_dags/example_trigger_target_dag.py
[2022-01-08 12:23:54,885] {processor.py:637} INFO - DAG(s) dict_keys(['example_trigger_target_dag']) retrieved from /home/airflow/.local/lib/python3.7/site-packages/airflow/example_dags/example_trigger_target_dag.py
[2022-01-08 12:23:54,894] {logging_mixin.py:109} INFO - [2022-01-08 12:23:54,894] {dag.py:2396} INFO - Sync 1 DAGs
[2022-01-08 12:23:54,909] {logging_mixin.py:109} INFO - [2022-01-08 12:23:54,908] {dag.py:2928} INFO - Setting next_dagrun for example_trigger_target_dag to None
[2022-01-08 12:23:54,919] {processor.py:171} INFO - Processing /home/airflow/.local/lib/python3.7/site-packages/airflow/example_dags/example_trigger_target_dag.py took 0.061 seconds
[2022-01-08 12:24:25,469] {processor.py:163} INFO - Started process (PID=1919) to work on /home/airflow/.local/lib/python3.7/site-packages/airflow/example_dags/example_trigger_target_dag.py
[2022-01-08 12:24:25,472] {processor.py:625} INFO - Processing file /home/airflow/.local/lib/python3.7/site-packages/airflow/example_dags/example_trigger_target_dag.py for tasks to queue
[2022-01-08 12:24:25,473] {logging_mixin.py:109} INFO - [2022-01-08 12:24:25,473] {dagbag.py:500} INFO - Filling up the DagBag from /home/airflow/.local/lib/python3.7/site-packages/airflow/example_dags/example_trigger_target_dag.py
[2022-01-08 12:24:25,517] {processor.py:637} INFO - DAG(s) dict_keys(['example_trigger_target_dag']) retrieved from /home/airflow/.local/lib/python3.7/site-packages/airflow/example_dags/example_trigger_target_dag.py
[2022-01-08 12:24:25,529] {logging_mixin.py:109} INFO - [2022-01-08 12:24:25,529] {dag.py:2396} INFO - Sync 1 DAGs
[2022-01-08 12:24:25,554] {logging_mixin.py:109} INFO - [2022-01-08 12:24:25,554] {dag.py:2928} INFO - Setting next_dagrun for example_trigger_target_dag to None
[2022-01-08 12:24:25,564] {processor.py:171} INFO - Processing /home/airflow/.local/lib/python3.7/site-packages/airflow/example_dags/example_trigger_target_dag.py took 0.101 seconds
[2022-01-08 12:24:56,635] {processor.py:163} INFO - Started process (PID=1988) to work on /home/airflow/.local/lib/python3.7/site-packages/airflow/example_dags/example_trigger_target_dag.py
[2022-01-08 12:24:56,636] {processor.py:625} INFO - Processing file /home/airflow/.local/lib/python3.7/site-packages/airflow/example_dags/example_trigger_target_dag.py for tasks to queue
[2022-01-08 12:24:56,636] {logging_mixin.py:109} INFO - [2022-01-08 12:24:56,636] {dagbag.py:500} INFO - Filling up the DagBag from /home/airflow/.local/lib/python3.7/site-packages/airflow/example_dags/example_trigger_target_dag.py
[2022-01-08 12:24:56,658] {processor.py:637} INFO - DAG(s) dict_keys(['example_trigger_target_dag']) retrieved from /home/airflow/.local/lib/python3.7/site-packages/airflow/example_dags/example_trigger_target_dag.py
[2022-01-08 12:24:56,666] {logging_mixin.py:109} INFO - [2022-01-08 12:24:56,666] {dag.py:2396} INFO - Sync 1 DAGs
[2022-01-08 12:24:56,680] {logging_mixin.py:109} INFO - [2022-01-08 12:24:56,680] {dag.py:2928} INFO - Setting next_dagrun for example_trigger_target_dag to None
[2022-01-08 12:24:56,691] {processor.py:171} INFO - Processing /home/airflow/.local/lib/python3.7/site-packages/airflow/example_dags/example_trigger_target_dag.py took 0.059 seconds
[2022-01-08 12:25:27,972] {processor.py:163} INFO - Started process (PID=2050) to work on /home/airflow/.local/lib/python3.7/site-packages/airflow/example_dags/example_trigger_target_dag.py
[2022-01-08 12:25:27,974] {processor.py:625} INFO - Processing file /home/airflow/.local/lib/python3.7/site-packages/airflow/example_dags/example_trigger_target_dag.py for tasks to queue
[2022-01-08 12:25:27,975] {logging_mixin.py:109} INFO - [2022-01-08 12:25:27,975] {dagbag.py:500} INFO - Filling up the DagBag from /home/airflow/.local/lib/python3.7/site-packages/airflow/example_dags/example_trigger_target_dag.py
[2022-01-08 12:25:28,065] {processor.py:637} INFO - DAG(s) dict_keys(['example_trigger_target_dag']) retrieved from /home/airflow/.local/lib/python3.7/site-packages/airflow/example_dags/example_trigger_target_dag.py
[2022-01-08 12:25:28,084] {logging_mixin.py:109} INFO - [2022-01-08 12:25:28,084] {dag.py:2396} INFO - Sync 1 DAGs
[2022-01-08 12:25:28,120] {logging_mixin.py:109} INFO - [2022-01-08 12:25:28,119] {dag.py:2928} INFO - Setting next_dagrun for example_trigger_target_dag to None
[2022-01-08 12:25:28,137] {processor.py:171} INFO - Processing /home/airflow/.local/lib/python3.7/site-packages/airflow/example_dags/example_trigger_target_dag.py took 0.173 seconds
[2022-01-08 12:25:58,187] {processor.py:163} INFO - Started process (PID=2123) to work on /home/airflow/.local/lib/python3.7/site-packages/airflow/example_dags/example_trigger_target_dag.py
[2022-01-08 12:25:58,189] {processor.py:625} INFO - Processing file /home/airflow/.local/lib/python3.7/site-packages/airflow/example_dags/example_trigger_target_dag.py for tasks to queue
[2022-01-08 12:25:58,190] {logging_mixin.py:109} INFO - [2022-01-08 12:25:58,190] {dagbag.py:500} INFO - Filling up the DagBag from /home/airflow/.local/lib/python3.7/site-packages/airflow/example_dags/example_trigger_target_dag.py
[2022-01-08 12:25:58,217] {processor.py:637} INFO - DAG(s) dict_keys(['example_trigger_target_dag']) retrieved from /home/airflow/.local/lib/python3.7/site-packages/airflow/example_dags/example_trigger_target_dag.py
[2022-01-08 12:25:58,226] {logging_mixin.py:109} INFO - [2022-01-08 12:25:58,226] {dag.py:2396} INFO - Sync 1 DAGs
[2022-01-08 12:25:58,240] {logging_mixin.py:109} INFO - [2022-01-08 12:25:58,240] {dag.py:2928} INFO - Setting next_dagrun for example_trigger_target_dag to None
[2022-01-08 12:25:58,250] {processor.py:171} INFO - Processing /home/airflow/.local/lib/python3.7/site-packages/airflow/example_dags/example_trigger_target_dag.py took 0.065 seconds
[2022-01-08 12:26:28,692] {processor.py:163} INFO - Started process (PID=2183) to work on /home/airflow/.local/lib/python3.7/site-packages/airflow/example_dags/example_trigger_target_dag.py
[2022-01-08 12:26:28,693] {processor.py:625} INFO - Processing file /home/airflow/.local/lib/python3.7/site-packages/airflow/example_dags/example_trigger_target_dag.py for tasks to queue
[2022-01-08 12:26:28,693] {logging_mixin.py:109} INFO - [2022-01-08 12:26:28,693] {dagbag.py:500} INFO - Filling up the DagBag from /home/airflow/.local/lib/python3.7/site-packages/airflow/example_dags/example_trigger_target_dag.py
[2022-01-08 12:26:28,713] {processor.py:637} INFO - DAG(s) dict_keys(['example_trigger_target_dag']) retrieved from /home/airflow/.local/lib/python3.7/site-packages/airflow/example_dags/example_trigger_target_dag.py
[2022-01-08 12:26:28,721] {logging_mixin.py:109} INFO - [2022-01-08 12:26:28,721] {dag.py:2396} INFO - Sync 1 DAGs
[2022-01-08 12:26:28,733] {logging_mixin.py:109} INFO - [2022-01-08 12:26:28,733] {dag.py:2928} INFO - Setting next_dagrun for example_trigger_target_dag to None
[2022-01-08 12:26:28,742] {processor.py:171} INFO - Processing /home/airflow/.local/lib/python3.7/site-packages/airflow/example_dags/example_trigger_target_dag.py took 0.053 seconds
[2022-01-08 12:26:59,877] {processor.py:163} INFO - Started process (PID=2252) to work on /home/airflow/.local/lib/python3.7/site-packages/airflow/example_dags/example_trigger_target_dag.py
[2022-01-08 12:26:59,879] {processor.py:625} INFO - Processing file /home/airflow/.local/lib/python3.7/site-packages/airflow/example_dags/example_trigger_target_dag.py for tasks to queue
[2022-01-08 12:26:59,880] {logging_mixin.py:109} INFO - [2022-01-08 12:26:59,880] {dagbag.py:500} INFO - Filling up the DagBag from /home/airflow/.local/lib/python3.7/site-packages/airflow/example_dags/example_trigger_target_dag.py
[2022-01-08 12:26:59,907] {processor.py:637} INFO - DAG(s) dict_keys(['example_trigger_target_dag']) retrieved from /home/airflow/.local/lib/python3.7/site-packages/airflow/example_dags/example_trigger_target_dag.py
[2022-01-08 12:26:59,918] {logging_mixin.py:109} INFO - [2022-01-08 12:26:59,918] {dag.py:2396} INFO - Sync 1 DAGs
[2022-01-08 12:26:59,936] {logging_mixin.py:109} INFO - [2022-01-08 12:26:59,936] {dag.py:2928} INFO - Setting next_dagrun for example_trigger_target_dag to None
[2022-01-08 12:26:59,949] {processor.py:171} INFO - Processing /home/airflow/.local/lib/python3.7/site-packages/airflow/example_dags/example_trigger_target_dag.py took 0.075 seconds
[2022-01-08 12:27:30,236] {processor.py:163} INFO - Started process (PID=2312) to work on /home/airflow/.local/lib/python3.7/site-packages/airflow/example_dags/example_trigger_target_dag.py
[2022-01-08 12:27:30,237] {processor.py:625} INFO - Processing file /home/airflow/.local/lib/python3.7/site-packages/airflow/example_dags/example_trigger_target_dag.py for tasks to queue
[2022-01-08 12:27:30,238] {logging_mixin.py:109} INFO - [2022-01-08 12:27:30,237] {dagbag.py:500} INFO - Filling up the DagBag from /home/airflow/.local/lib/python3.7/site-packages/airflow/example_dags/example_trigger_target_dag.py
[2022-01-08 12:27:30,260] {processor.py:637} INFO - DAG(s) dict_keys(['example_trigger_target_dag']) retrieved from /home/airflow/.local/lib/python3.7/site-packages/airflow/example_dags/example_trigger_target_dag.py
[2022-01-08 12:27:30,269] {logging_mixin.py:109} INFO - [2022-01-08 12:27:30,269] {dag.py:2396} INFO - Sync 1 DAGs
[2022-01-08 12:27:30,284] {logging_mixin.py:109} INFO - [2022-01-08 12:27:30,284] {dag.py:2928} INFO - Setting next_dagrun for example_trigger_target_dag to None
[2022-01-08 12:27:30,293] {processor.py:171} INFO - Processing /home/airflow/.local/lib/python3.7/site-packages/airflow/example_dags/example_trigger_target_dag.py took 0.060 seconds
[2022-01-08 12:28:01,052] {processor.py:163} INFO - Started process (PID=2382) to work on /home/airflow/.local/lib/python3.7/site-packages/airflow/example_dags/example_trigger_target_dag.py
[2022-01-08 12:28:01,053] {processor.py:625} INFO - Processing file /home/airflow/.local/lib/python3.7/site-packages/airflow/example_dags/example_trigger_target_dag.py for tasks to queue
[2022-01-08 12:28:01,054] {logging_mixin.py:109} INFO - [2022-01-08 12:28:01,054] {dagbag.py:500} INFO - Filling up the DagBag from /home/airflow/.local/lib/python3.7/site-packages/airflow/example_dags/example_trigger_target_dag.py
[2022-01-08 12:28:01,083] {processor.py:637} INFO - DAG(s) dict_keys(['example_trigger_target_dag']) retrieved from /home/airflow/.local/lib/python3.7/site-packages/airflow/example_dags/example_trigger_target_dag.py
[2022-01-08 12:28:01,095] {logging_mixin.py:109} INFO - [2022-01-08 12:28:01,095] {dag.py:2396} INFO - Sync 1 DAGs
[2022-01-08 12:28:01,112] {logging_mixin.py:109} INFO - [2022-01-08 12:28:01,112] {dag.py:2928} INFO - Setting next_dagrun for example_trigger_target_dag to None
[2022-01-08 12:28:01,123] {processor.py:171} INFO - Processing /home/airflow/.local/lib/python3.7/site-packages/airflow/example_dags/example_trigger_target_dag.py took 0.075 seconds
[2022-01-08 12:28:31,290] {processor.py:163} INFO - Started process (PID=2442) to work on /home/airflow/.local/lib/python3.7/site-packages/airflow/example_dags/example_trigger_target_dag.py
[2022-01-08 12:28:31,291] {processor.py:625} INFO - Processing file /home/airflow/.local/lib/python3.7/site-packages/airflow/example_dags/example_trigger_target_dag.py for tasks to queue
[2022-01-08 12:28:31,291] {logging_mixin.py:109} INFO - [2022-01-08 12:28:31,291] {dagbag.py:500} INFO - Filling up the DagBag from /home/airflow/.local/lib/python3.7/site-packages/airflow/example_dags/example_trigger_target_dag.py
[2022-01-08 12:28:31,317] {processor.py:637} INFO - DAG(s) dict_keys(['example_trigger_target_dag']) retrieved from /home/airflow/.local/lib/python3.7/site-packages/airflow/example_dags/example_trigger_target_dag.py
[2022-01-08 12:28:31,326] {logging_mixin.py:109} INFO - [2022-01-08 12:28:31,326] {dag.py:2396} INFO - Sync 1 DAGs
[2022-01-08 12:28:31,341] {logging_mixin.py:109} INFO - [2022-01-08 12:28:31,341] {dag.py:2928} INFO - Setting next_dagrun for example_trigger_target_dag to None
[2022-01-08 12:28:31,352] {processor.py:171} INFO - Processing /home/airflow/.local/lib/python3.7/site-packages/airflow/example_dags/example_trigger_target_dag.py took 0.065 seconds
[2022-01-08 12:29:02,230] {processor.py:163} INFO - Started process (PID=2504) to work on /home/airflow/.local/lib/python3.7/site-packages/airflow/example_dags/example_trigger_target_dag.py
[2022-01-08 12:29:02,231] {processor.py:625} INFO - Processing file /home/airflow/.local/lib/python3.7/site-packages/airflow/example_dags/example_trigger_target_dag.py for tasks to queue
[2022-01-08 12:29:02,232] {logging_mixin.py:109} INFO - [2022-01-08 12:29:02,232] {dagbag.py:500} INFO - Filling up the DagBag from /home/airflow/.local/lib/python3.7/site-packages/airflow/example_dags/example_trigger_target_dag.py
[2022-01-08 12:29:02,256] {processor.py:637} INFO - DAG(s) dict_keys(['example_trigger_target_dag']) retrieved from /home/airflow/.local/lib/python3.7/site-packages/airflow/example_dags/example_trigger_target_dag.py
[2022-01-08 12:29:02,265] {logging_mixin.py:109} INFO - [2022-01-08 12:29:02,265] {dag.py:2396} INFO - Sync 1 DAGs
[2022-01-08 12:29:02,282] {logging_mixin.py:109} INFO - [2022-01-08 12:29:02,282] {dag.py:2928} INFO - Setting next_dagrun for example_trigger_target_dag to None
[2022-01-08 12:29:02,292] {processor.py:171} INFO - Processing /home/airflow/.local/lib/python3.7/site-packages/airflow/example_dags/example_trigger_target_dag.py took 0.065 seconds
[2022-01-08 12:29:33,047] {processor.py:163} INFO - Started process (PID=2575) to work on /home/airflow/.local/lib/python3.7/site-packages/airflow/example_dags/example_trigger_target_dag.py
[2022-01-08 12:29:33,049] {processor.py:625} INFO - Processing file /home/airflow/.local/lib/python3.7/site-packages/airflow/example_dags/example_trigger_target_dag.py for tasks to queue
[2022-01-08 12:29:33,051] {logging_mixin.py:109} INFO - [2022-01-08 12:29:33,051] {dagbag.py:500} INFO - Filling up the DagBag from /home/airflow/.local/lib/python3.7/site-packages/airflow/example_dags/example_trigger_target_dag.py
[2022-01-08 12:29:33,087] {processor.py:637} INFO - DAG(s) dict_keys(['example_trigger_target_dag']) retrieved from /home/airflow/.local/lib/python3.7/site-packages/airflow/example_dags/example_trigger_target_dag.py
[2022-01-08 12:29:33,101] {logging_mixin.py:109} INFO - [2022-01-08 12:29:33,101] {dag.py:2396} INFO - Sync 1 DAGs
[2022-01-08 12:29:33,136] {logging_mixin.py:109} INFO - [2022-01-08 12:29:33,136] {dag.py:2928} INFO - Setting next_dagrun for example_trigger_target_dag to None
[2022-01-08 12:29:33,152] {processor.py:171} INFO - Processing /home/airflow/.local/lib/python3.7/site-packages/airflow/example_dags/example_trigger_target_dag.py took 0.109 seconds
[2022-01-08 12:30:03,933] {processor.py:163} INFO - Started process (PID=2636) to work on /home/airflow/.local/lib/python3.7/site-packages/airflow/example_dags/example_trigger_target_dag.py
[2022-01-08 12:30:03,935] {processor.py:625} INFO - Processing file /home/airflow/.local/lib/python3.7/site-packages/airflow/example_dags/example_trigger_target_dag.py for tasks to queue
[2022-01-08 12:30:03,936] {logging_mixin.py:109} INFO - [2022-01-08 12:30:03,936] {dagbag.py:500} INFO - Filling up the DagBag from /home/airflow/.local/lib/python3.7/site-packages/airflow/example_dags/example_trigger_target_dag.py
[2022-01-08 12:30:03,974] {processor.py:637} INFO - DAG(s) dict_keys(['example_trigger_target_dag']) retrieved from /home/airflow/.local/lib/python3.7/site-packages/airflow/example_dags/example_trigger_target_dag.py
[2022-01-08 12:30:03,995] {logging_mixin.py:109} INFO - [2022-01-08 12:30:03,995] {dag.py:2396} INFO - Sync 1 DAGs
[2022-01-08 12:30:04,028] {logging_mixin.py:109} INFO - [2022-01-08 12:30:04,028] {dag.py:2928} INFO - Setting next_dagrun for example_trigger_target_dag to None
[2022-01-08 12:30:04,046] {processor.py:171} INFO - Processing /home/airflow/.local/lib/python3.7/site-packages/airflow/example_dags/example_trigger_target_dag.py took 0.117 seconds
[2022-01-08 12:30:34,550] {processor.py:163} INFO - Started process (PID=2707) to work on /home/airflow/.local/lib/python3.7/site-packages/airflow/example_dags/example_trigger_target_dag.py
[2022-01-08 12:30:34,552] {processor.py:625} INFO - Processing file /home/airflow/.local/lib/python3.7/site-packages/airflow/example_dags/example_trigger_target_dag.py for tasks to queue
[2022-01-08 12:30:34,553] {logging_mixin.py:109} INFO - [2022-01-08 12:30:34,553] {dagbag.py:500} INFO - Filling up the DagBag from /home/airflow/.local/lib/python3.7/site-packages/airflow/example_dags/example_trigger_target_dag.py
[2022-01-08 12:30:34,601] {processor.py:637} INFO - DAG(s) dict_keys(['example_trigger_target_dag']) retrieved from /home/airflow/.local/lib/python3.7/site-packages/airflow/example_dags/example_trigger_target_dag.py
[2022-01-08 12:30:34,611] {logging_mixin.py:109} INFO - [2022-01-08 12:30:34,611] {dag.py:2396} INFO - Sync 1 DAGs
[2022-01-08 12:30:34,628] {logging_mixin.py:109} INFO - [2022-01-08 12:30:34,628] {dag.py:2928} INFO - Setting next_dagrun for example_trigger_target_dag to None
[2022-01-08 12:30:34,640] {processor.py:171} INFO - Processing /home/airflow/.local/lib/python3.7/site-packages/airflow/example_dags/example_trigger_target_dag.py took 0.093 seconds
[2022-01-08 12:31:06,095] {processor.py:163} INFO - Started process (PID=2769) to work on /home/airflow/.local/lib/python3.7/site-packages/airflow/example_dags/example_trigger_target_dag.py
[2022-01-08 12:31:06,103] {processor.py:625} INFO - Processing file /home/airflow/.local/lib/python3.7/site-packages/airflow/example_dags/example_trigger_target_dag.py for tasks to queue
[2022-01-08 12:31:06,104] {logging_mixin.py:109} INFO - [2022-01-08 12:31:06,104] {dagbag.py:500} INFO - Filling up the DagBag from /home/airflow/.local/lib/python3.7/site-packages/airflow/example_dags/example_trigger_target_dag.py
[2022-01-08 12:31:06,164] {processor.py:637} INFO - DAG(s) dict_keys(['example_trigger_target_dag']) retrieved from /home/airflow/.local/lib/python3.7/site-packages/airflow/example_dags/example_trigger_target_dag.py
[2022-01-08 12:31:06,197] {logging_mixin.py:109} INFO - [2022-01-08 12:31:06,196] {dag.py:2396} INFO - Sync 1 DAGs
[2022-01-08 12:31:06,248] {logging_mixin.py:109} INFO - [2022-01-08 12:31:06,248] {dag.py:2928} INFO - Setting next_dagrun for example_trigger_target_dag to None
[2022-01-08 12:31:06,273] {processor.py:171} INFO - Processing /home/airflow/.local/lib/python3.7/site-packages/airflow/example_dags/example_trigger_target_dag.py took 0.184 seconds
[2022-01-08 12:31:36,748] {processor.py:163} INFO - Started process (PID=2837) to work on /home/airflow/.local/lib/python3.7/site-packages/airflow/example_dags/example_trigger_target_dag.py
[2022-01-08 12:31:36,750] {processor.py:625} INFO - Processing file /home/airflow/.local/lib/python3.7/site-packages/airflow/example_dags/example_trigger_target_dag.py for tasks to queue
[2022-01-08 12:31:36,751] {logging_mixin.py:109} INFO - [2022-01-08 12:31:36,751] {dagbag.py:500} INFO - Filling up the DagBag from /home/airflow/.local/lib/python3.7/site-packages/airflow/example_dags/example_trigger_target_dag.py
[2022-01-08 12:31:36,802] {processor.py:637} INFO - DAG(s) dict_keys(['example_trigger_target_dag']) retrieved from /home/airflow/.local/lib/python3.7/site-packages/airflow/example_dags/example_trigger_target_dag.py
[2022-01-08 12:31:36,839] {logging_mixin.py:109} INFO - [2022-01-08 12:31:36,839] {dag.py:2396} INFO - Sync 1 DAGs
[2022-01-08 12:31:36,879] {logging_mixin.py:109} INFO - [2022-01-08 12:31:36,879] {dag.py:2928} INFO - Setting next_dagrun for example_trigger_target_dag to None
[2022-01-08 12:31:36,900] {processor.py:171} INFO - Processing /home/airflow/.local/lib/python3.7/site-packages/airflow/example_dags/example_trigger_target_dag.py took 0.156 seconds
[2022-01-08 12:32:07,000] {processor.py:163} INFO - Started process (PID=2901) to work on /home/airflow/.local/lib/python3.7/site-packages/airflow/example_dags/example_trigger_target_dag.py
[2022-01-08 12:32:07,002] {processor.py:625} INFO - Processing file /home/airflow/.local/lib/python3.7/site-packages/airflow/example_dags/example_trigger_target_dag.py for tasks to queue
[2022-01-08 12:32:07,004] {logging_mixin.py:109} INFO - [2022-01-08 12:32:07,003] {dagbag.py:500} INFO - Filling up the DagBag from /home/airflow/.local/lib/python3.7/site-packages/airflow/example_dags/example_trigger_target_dag.py
[2022-01-08 12:32:07,035] {processor.py:637} INFO - DAG(s) dict_keys(['example_trigger_target_dag']) retrieved from /home/airflow/.local/lib/python3.7/site-packages/airflow/example_dags/example_trigger_target_dag.py
[2022-01-08 12:32:07,047] {logging_mixin.py:109} INFO - [2022-01-08 12:32:07,047] {dag.py:2396} INFO - Sync 1 DAGs
[2022-01-08 12:32:07,065] {logging_mixin.py:109} INFO - [2022-01-08 12:32:07,065] {dag.py:2928} INFO - Setting next_dagrun for example_trigger_target_dag to None
[2022-01-08 12:32:07,077] {processor.py:171} INFO - Processing /home/airflow/.local/lib/python3.7/site-packages/airflow/example_dags/example_trigger_target_dag.py took 0.080 seconds
[2022-01-08 12:32:37,614] {processor.py:163} INFO - Started process (PID=2962) to work on /home/airflow/.local/lib/python3.7/site-packages/airflow/example_dags/example_trigger_target_dag.py
[2022-01-08 12:32:37,615] {processor.py:625} INFO - Processing file /home/airflow/.local/lib/python3.7/site-packages/airflow/example_dags/example_trigger_target_dag.py for tasks to queue
[2022-01-08 12:32:37,617] {logging_mixin.py:109} INFO - [2022-01-08 12:32:37,616] {dagbag.py:500} INFO - Filling up the DagBag from /home/airflow/.local/lib/python3.7/site-packages/airflow/example_dags/example_trigger_target_dag.py
[2022-01-08 12:32:37,655] {processor.py:637} INFO - DAG(s) dict_keys(['example_trigger_target_dag']) retrieved from /home/airflow/.local/lib/python3.7/site-packages/airflow/example_dags/example_trigger_target_dag.py
[2022-01-08 12:32:37,673] {logging_mixin.py:109} INFO - [2022-01-08 12:32:37,673] {dag.py:2396} INFO - Sync 1 DAGs
[2022-01-08 12:32:37,703] {logging_mixin.py:109} INFO - [2022-01-08 12:32:37,703] {dag.py:2928} INFO - Setting next_dagrun for example_trigger_target_dag to None
[2022-01-08 12:32:37,722] {processor.py:171} INFO - Processing /home/airflow/.local/lib/python3.7/site-packages/airflow/example_dags/example_trigger_target_dag.py took 0.114 seconds
[2022-01-08 12:33:07,882] {processor.py:163} INFO - Started process (PID=3031) to work on /home/airflow/.local/lib/python3.7/site-packages/airflow/example_dags/example_trigger_target_dag.py
[2022-01-08 12:33:07,883] {processor.py:625} INFO - Processing file /home/airflow/.local/lib/python3.7/site-packages/airflow/example_dags/example_trigger_target_dag.py for tasks to queue
[2022-01-08 12:33:07,884] {logging_mixin.py:109} INFO - [2022-01-08 12:33:07,884] {dagbag.py:500} INFO - Filling up the DagBag from /home/airflow/.local/lib/python3.7/site-packages/airflow/example_dags/example_trigger_target_dag.py
[2022-01-08 12:33:07,917] {processor.py:637} INFO - DAG(s) dict_keys(['example_trigger_target_dag']) retrieved from /home/airflow/.local/lib/python3.7/site-packages/airflow/example_dags/example_trigger_target_dag.py
[2022-01-08 12:33:07,929] {logging_mixin.py:109} INFO - [2022-01-08 12:33:07,929] {dag.py:2396} INFO - Sync 1 DAGs
[2022-01-08 12:33:07,945] {logging_mixin.py:109} INFO - [2022-01-08 12:33:07,945] {dag.py:2928} INFO - Setting next_dagrun for example_trigger_target_dag to None
[2022-01-08 12:33:07,954] {processor.py:171} INFO - Processing /home/airflow/.local/lib/python3.7/site-packages/airflow/example_dags/example_trigger_target_dag.py took 0.076 seconds
[2022-01-08 12:33:38,734] {processor.py:163} INFO - Started process (PID=3093) to work on /home/airflow/.local/lib/python3.7/site-packages/airflow/example_dags/example_trigger_target_dag.py
[2022-01-08 12:33:38,735] {processor.py:625} INFO - Processing file /home/airflow/.local/lib/python3.7/site-packages/airflow/example_dags/example_trigger_target_dag.py for tasks to queue
[2022-01-08 12:33:38,736] {logging_mixin.py:109} INFO - [2022-01-08 12:33:38,736] {dagbag.py:500} INFO - Filling up the DagBag from /home/airflow/.local/lib/python3.7/site-packages/airflow/example_dags/example_trigger_target_dag.py
[2022-01-08 12:33:38,761] {processor.py:637} INFO - DAG(s) dict_keys(['example_trigger_target_dag']) retrieved from /home/airflow/.local/lib/python3.7/site-packages/airflow/example_dags/example_trigger_target_dag.py
[2022-01-08 12:33:38,770] {logging_mixin.py:109} INFO - [2022-01-08 12:33:38,770] {dag.py:2396} INFO - Sync 1 DAGs
[2022-01-08 12:33:38,785] {logging_mixin.py:109} INFO - [2022-01-08 12:33:38,785] {dag.py:2928} INFO - Setting next_dagrun for example_trigger_target_dag to None
[2022-01-08 12:33:38,795] {processor.py:171} INFO - Processing /home/airflow/.local/lib/python3.7/site-packages/airflow/example_dags/example_trigger_target_dag.py took 0.064 seconds
[2022-01-08 12:34:09,125] {processor.py:163} INFO - Started process (PID=3165) to work on /home/airflow/.local/lib/python3.7/site-packages/airflow/example_dags/example_trigger_target_dag.py
[2022-01-08 12:34:09,126] {processor.py:625} INFO - Processing file /home/airflow/.local/lib/python3.7/site-packages/airflow/example_dags/example_trigger_target_dag.py for tasks to queue
[2022-01-08 12:34:09,127] {logging_mixin.py:109} INFO - [2022-01-08 12:34:09,127] {dagbag.py:500} INFO - Filling up the DagBag from /home/airflow/.local/lib/python3.7/site-packages/airflow/example_dags/example_trigger_target_dag.py
[2022-01-08 12:34:09,150] {processor.py:637} INFO - DAG(s) dict_keys(['example_trigger_target_dag']) retrieved from /home/airflow/.local/lib/python3.7/site-packages/airflow/example_dags/example_trigger_target_dag.py
[2022-01-08 12:34:09,160] {logging_mixin.py:109} INFO - [2022-01-08 12:34:09,159] {dag.py:2396} INFO - Sync 1 DAGs
[2022-01-08 12:34:09,174] {logging_mixin.py:109} INFO - [2022-01-08 12:34:09,174] {dag.py:2928} INFO - Setting next_dagrun for example_trigger_target_dag to None
[2022-01-08 12:34:09,182] {processor.py:171} INFO - Processing /home/airflow/.local/lib/python3.7/site-packages/airflow/example_dags/example_trigger_target_dag.py took 0.060 seconds
[2022-01-08 12:34:39,429] {processor.py:163} INFO - Started process (PID=3226) to work on /home/airflow/.local/lib/python3.7/site-packages/airflow/example_dags/example_trigger_target_dag.py
[2022-01-08 12:34:39,430] {processor.py:625} INFO - Processing file /home/airflow/.local/lib/python3.7/site-packages/airflow/example_dags/example_trigger_target_dag.py for tasks to queue
[2022-01-08 12:34:39,430] {logging_mixin.py:109} INFO - [2022-01-08 12:34:39,430] {dagbag.py:500} INFO - Filling up the DagBag from /home/airflow/.local/lib/python3.7/site-packages/airflow/example_dags/example_trigger_target_dag.py
[2022-01-08 12:34:39,457] {processor.py:637} INFO - DAG(s) dict_keys(['example_trigger_target_dag']) retrieved from /home/airflow/.local/lib/python3.7/site-packages/airflow/example_dags/example_trigger_target_dag.py
[2022-01-08 12:34:39,468] {logging_mixin.py:109} INFO - [2022-01-08 12:34:39,468] {dag.py:2396} INFO - Sync 1 DAGs
[2022-01-08 12:34:39,484] {logging_mixin.py:109} INFO - [2022-01-08 12:34:39,484] {dag.py:2928} INFO - Setting next_dagrun for example_trigger_target_dag to None
[2022-01-08 12:34:39,495] {processor.py:171} INFO - Processing /home/airflow/.local/lib/python3.7/site-packages/airflow/example_dags/example_trigger_target_dag.py took 0.070 seconds
[2022-01-08 12:35:09,865] {processor.py:163} INFO - Started process (PID=3297) to work on /home/airflow/.local/lib/python3.7/site-packages/airflow/example_dags/example_trigger_target_dag.py
[2022-01-08 12:35:09,867] {processor.py:625} INFO - Processing file /home/airflow/.local/lib/python3.7/site-packages/airflow/example_dags/example_trigger_target_dag.py for tasks to queue
[2022-01-08 12:35:09,868] {logging_mixin.py:109} INFO - [2022-01-08 12:35:09,868] {dagbag.py:500} INFO - Filling up the DagBag from /home/airflow/.local/lib/python3.7/site-packages/airflow/example_dags/example_trigger_target_dag.py
[2022-01-08 12:35:09,888] {processor.py:637} INFO - DAG(s) dict_keys(['example_trigger_target_dag']) retrieved from /home/airflow/.local/lib/python3.7/site-packages/airflow/example_dags/example_trigger_target_dag.py
[2022-01-08 12:35:09,897] {logging_mixin.py:109} INFO - [2022-01-08 12:35:09,896] {dag.py:2396} INFO - Sync 1 DAGs
[2022-01-08 12:35:09,911] {logging_mixin.py:109} INFO - [2022-01-08 12:35:09,911] {dag.py:2928} INFO - Setting next_dagrun for example_trigger_target_dag to None
[2022-01-08 12:35:09,919] {processor.py:171} INFO - Processing /home/airflow/.local/lib/python3.7/site-packages/airflow/example_dags/example_trigger_target_dag.py took 0.058 seconds
[2022-01-08 12:35:40,608] {processor.py:163} INFO - Started process (PID=3359) to work on /home/airflow/.local/lib/python3.7/site-packages/airflow/example_dags/example_trigger_target_dag.py
[2022-01-08 12:35:40,609] {processor.py:625} INFO - Processing file /home/airflow/.local/lib/python3.7/site-packages/airflow/example_dags/example_trigger_target_dag.py for tasks to queue
[2022-01-08 12:35:40,609] {logging_mixin.py:109} INFO - [2022-01-08 12:35:40,609] {dagbag.py:500} INFO - Filling up the DagBag from /home/airflow/.local/lib/python3.7/site-packages/airflow/example_dags/example_trigger_target_dag.py
[2022-01-08 12:35:40,631] {processor.py:637} INFO - DAG(s) dict_keys(['example_trigger_target_dag']) retrieved from /home/airflow/.local/lib/python3.7/site-packages/airflow/example_dags/example_trigger_target_dag.py
[2022-01-08 12:35:40,640] {logging_mixin.py:109} INFO - [2022-01-08 12:35:40,640] {dag.py:2396} INFO - Sync 1 DAGs
[2022-01-08 12:35:40,654] {logging_mixin.py:109} INFO - [2022-01-08 12:35:40,654] {dag.py:2928} INFO - Setting next_dagrun for example_trigger_target_dag to None
[2022-01-08 12:35:40,663] {processor.py:171} INFO - Processing /home/airflow/.local/lib/python3.7/site-packages/airflow/example_dags/example_trigger_target_dag.py took 0.058 seconds
[2022-01-08 12:36:12,236] {processor.py:163} INFO - Started process (PID=3429) to work on /home/airflow/.local/lib/python3.7/site-packages/airflow/example_dags/example_trigger_target_dag.py
[2022-01-08 12:36:12,240] {processor.py:625} INFO - Processing file /home/airflow/.local/lib/python3.7/site-packages/airflow/example_dags/example_trigger_target_dag.py for tasks to queue
[2022-01-08 12:36:12,241] {logging_mixin.py:109} INFO - [2022-01-08 12:36:12,241] {dagbag.py:500} INFO - Filling up the DagBag from /home/airflow/.local/lib/python3.7/site-packages/airflow/example_dags/example_trigger_target_dag.py
[2022-01-08 12:36:12,282] {processor.py:637} INFO - DAG(s) dict_keys(['example_trigger_target_dag']) retrieved from /home/airflow/.local/lib/python3.7/site-packages/airflow/example_dags/example_trigger_target_dag.py
[2022-01-08 12:36:12,297] {logging_mixin.py:109} INFO - [2022-01-08 12:36:12,297] {dag.py:2396} INFO - Sync 1 DAGs
[2022-01-08 12:36:12,323] {logging_mixin.py:109} INFO - [2022-01-08 12:36:12,323] {dag.py:2928} INFO - Setting next_dagrun for example_trigger_target_dag to None
[2022-01-08 12:36:12,336] {processor.py:171} INFO - Processing /home/airflow/.local/lib/python3.7/site-packages/airflow/example_dags/example_trigger_target_dag.py took 0.104 seconds
[2022-01-08 12:36:42,735] {processor.py:163} INFO - Started process (PID=3490) to work on /home/airflow/.local/lib/python3.7/site-packages/airflow/example_dags/example_trigger_target_dag.py
[2022-01-08 12:36:42,737] {processor.py:625} INFO - Processing file /home/airflow/.local/lib/python3.7/site-packages/airflow/example_dags/example_trigger_target_dag.py for tasks to queue
[2022-01-08 12:36:42,737] {logging_mixin.py:109} INFO - [2022-01-08 12:36:42,737] {dagbag.py:500} INFO - Filling up the DagBag from /home/airflow/.local/lib/python3.7/site-packages/airflow/example_dags/example_trigger_target_dag.py
[2022-01-08 12:36:42,767] {processor.py:637} INFO - DAG(s) dict_keys(['example_trigger_target_dag']) retrieved from /home/airflow/.local/lib/python3.7/site-packages/airflow/example_dags/example_trigger_target_dag.py
[2022-01-08 12:36:42,777] {logging_mixin.py:109} INFO - [2022-01-08 12:36:42,777] {dag.py:2396} INFO - Sync 1 DAGs
[2022-01-08 12:36:42,798] {logging_mixin.py:109} INFO - [2022-01-08 12:36:42,798] {dag.py:2928} INFO - Setting next_dagrun for example_trigger_target_dag to None
[2022-01-08 12:36:42,810] {processor.py:171} INFO - Processing /home/airflow/.local/lib/python3.7/site-packages/airflow/example_dags/example_trigger_target_dag.py took 0.078 seconds
[2022-01-08 12:37:13,718] {processor.py:163} INFO - Started process (PID=3552) to work on /home/airflow/.local/lib/python3.7/site-packages/airflow/example_dags/example_trigger_target_dag.py
[2022-01-08 12:37:13,723] {processor.py:625} INFO - Processing file /home/airflow/.local/lib/python3.7/site-packages/airflow/example_dags/example_trigger_target_dag.py for tasks to queue
[2022-01-08 12:37:13,725] {logging_mixin.py:109} INFO - [2022-01-08 12:37:13,725] {dagbag.py:500} INFO - Filling up the DagBag from /home/airflow/.local/lib/python3.7/site-packages/airflow/example_dags/example_trigger_target_dag.py
[2022-01-08 12:37:13,775] {processor.py:637} INFO - DAG(s) dict_keys(['example_trigger_target_dag']) retrieved from /home/airflow/.local/lib/python3.7/site-packages/airflow/example_dags/example_trigger_target_dag.py
[2022-01-08 12:37:13,794] {logging_mixin.py:109} INFO - [2022-01-08 12:37:13,794] {dag.py:2396} INFO - Sync 1 DAGs
[2022-01-08 12:37:13,829] {logging_mixin.py:109} INFO - [2022-01-08 12:37:13,829] {dag.py:2928} INFO - Setting next_dagrun for example_trigger_target_dag to None
[2022-01-08 12:37:13,848] {processor.py:171} INFO - Processing /home/airflow/.local/lib/python3.7/site-packages/airflow/example_dags/example_trigger_target_dag.py took 0.137 seconds
[2022-01-08 12:37:44,140] {processor.py:163} INFO - Started process (PID=3622) to work on /home/airflow/.local/lib/python3.7/site-packages/airflow/example_dags/example_trigger_target_dag.py
[2022-01-08 12:37:44,142] {processor.py:625} INFO - Processing file /home/airflow/.local/lib/python3.7/site-packages/airflow/example_dags/example_trigger_target_dag.py for tasks to queue
[2022-01-08 12:37:44,143] {logging_mixin.py:109} INFO - [2022-01-08 12:37:44,143] {dagbag.py:500} INFO - Filling up the DagBag from /home/airflow/.local/lib/python3.7/site-packages/airflow/example_dags/example_trigger_target_dag.py
[2022-01-08 12:37:44,168] {processor.py:637} INFO - DAG(s) dict_keys(['example_trigger_target_dag']) retrieved from /home/airflow/.local/lib/python3.7/site-packages/airflow/example_dags/example_trigger_target_dag.py
[2022-01-08 12:37:44,179] {logging_mixin.py:109} INFO - [2022-01-08 12:37:44,179] {dag.py:2396} INFO - Sync 1 DAGs
[2022-01-08 12:37:44,195] {logging_mixin.py:109} INFO - [2022-01-08 12:37:44,195] {dag.py:2928} INFO - Setting next_dagrun for example_trigger_target_dag to None
[2022-01-08 12:37:44,214] {processor.py:171} INFO - Processing /home/airflow/.local/lib/python3.7/site-packages/airflow/example_dags/example_trigger_target_dag.py took 0.079 seconds
[2022-01-08 12:38:14,579] {processor.py:163} INFO - Started process (PID=3684) to work on /home/airflow/.local/lib/python3.7/site-packages/airflow/example_dags/example_trigger_target_dag.py
[2022-01-08 12:38:14,580] {processor.py:625} INFO - Processing file /home/airflow/.local/lib/python3.7/site-packages/airflow/example_dags/example_trigger_target_dag.py for tasks to queue
[2022-01-08 12:38:14,581] {logging_mixin.py:109} INFO - [2022-01-08 12:38:14,581] {dagbag.py:500} INFO - Filling up the DagBag from /home/airflow/.local/lib/python3.7/site-packages/airflow/example_dags/example_trigger_target_dag.py
[2022-01-08 12:38:14,610] {processor.py:637} INFO - DAG(s) dict_keys(['example_trigger_target_dag']) retrieved from /home/airflow/.local/lib/python3.7/site-packages/airflow/example_dags/example_trigger_target_dag.py
[2022-01-08 12:38:14,620] {logging_mixin.py:109} INFO - [2022-01-08 12:38:14,620] {dag.py:2396} INFO - Sync 1 DAGs
[2022-01-08 12:38:14,636] {logging_mixin.py:109} INFO - [2022-01-08 12:38:14,636] {dag.py:2928} INFO - Setting next_dagrun for example_trigger_target_dag to None
[2022-01-08 12:38:14,646] {processor.py:171} INFO - Processing /home/airflow/.local/lib/python3.7/site-packages/airflow/example_dags/example_trigger_target_dag.py took 0.071 seconds
[2022-01-08 12:38:45,453] {processor.py:163} INFO - Started process (PID=3745) to work on /home/airflow/.local/lib/python3.7/site-packages/airflow/example_dags/example_trigger_target_dag.py
[2022-01-08 12:38:45,454] {processor.py:625} INFO - Processing file /home/airflow/.local/lib/python3.7/site-packages/airflow/example_dags/example_trigger_target_dag.py for tasks to queue
[2022-01-08 12:38:45,456] {logging_mixin.py:109} INFO - [2022-01-08 12:38:45,455] {dagbag.py:500} INFO - Filling up the DagBag from /home/airflow/.local/lib/python3.7/site-packages/airflow/example_dags/example_trigger_target_dag.py
[2022-01-08 12:38:45,480] {processor.py:637} INFO - DAG(s) dict_keys(['example_trigger_target_dag']) retrieved from /home/airflow/.local/lib/python3.7/site-packages/airflow/example_dags/example_trigger_target_dag.py
[2022-01-08 12:38:45,492] {logging_mixin.py:109} INFO - [2022-01-08 12:38:45,492] {dag.py:2396} INFO - Sync 1 DAGs
[2022-01-08 12:38:45,511] {logging_mixin.py:109} INFO - [2022-01-08 12:38:45,511] {dag.py:2928} INFO - Setting next_dagrun for example_trigger_target_dag to None
[2022-01-08 12:38:45,519] {processor.py:171} INFO - Processing /home/airflow/.local/lib/python3.7/site-packages/airflow/example_dags/example_trigger_target_dag.py took 0.069 seconds
[2022-01-08 12:39:15,870] {processor.py:163} INFO - Started process (PID=3816) to work on /home/airflow/.local/lib/python3.7/site-packages/airflow/example_dags/example_trigger_target_dag.py
[2022-01-08 12:39:15,871] {processor.py:625} INFO - Processing file /home/airflow/.local/lib/python3.7/site-packages/airflow/example_dags/example_trigger_target_dag.py for tasks to queue
[2022-01-08 12:39:15,872] {logging_mixin.py:109} INFO - [2022-01-08 12:39:15,871] {dagbag.py:500} INFO - Filling up the DagBag from /home/airflow/.local/lib/python3.7/site-packages/airflow/example_dags/example_trigger_target_dag.py
[2022-01-08 12:39:15,898] {processor.py:637} INFO - DAG(s) dict_keys(['example_trigger_target_dag']) retrieved from /home/airflow/.local/lib/python3.7/site-packages/airflow/example_dags/example_trigger_target_dag.py
[2022-01-08 12:39:15,906] {logging_mixin.py:109} INFO - [2022-01-08 12:39:15,906] {dag.py:2396} INFO - Sync 1 DAGs
[2022-01-08 12:39:15,922] {logging_mixin.py:109} INFO - [2022-01-08 12:39:15,922] {dag.py:2928} INFO - Setting next_dagrun for example_trigger_target_dag to None
[2022-01-08 12:39:15,930] {processor.py:171} INFO - Processing /home/airflow/.local/lib/python3.7/site-packages/airflow/example_dags/example_trigger_target_dag.py took 0.064 seconds
[2022-01-08 12:39:46,730] {processor.py:163} INFO - Started process (PID=3878) to work on /home/airflow/.local/lib/python3.7/site-packages/airflow/example_dags/example_trigger_target_dag.py
[2022-01-08 12:39:46,731] {processor.py:625} INFO - Processing file /home/airflow/.local/lib/python3.7/site-packages/airflow/example_dags/example_trigger_target_dag.py for tasks to queue
[2022-01-08 12:39:46,732] {logging_mixin.py:109} INFO - [2022-01-08 12:39:46,732] {dagbag.py:500} INFO - Filling up the DagBag from /home/airflow/.local/lib/python3.7/site-packages/airflow/example_dags/example_trigger_target_dag.py
[2022-01-08 12:39:46,757] {processor.py:637} INFO - DAG(s) dict_keys(['example_trigger_target_dag']) retrieved from /home/airflow/.local/lib/python3.7/site-packages/airflow/example_dags/example_trigger_target_dag.py
[2022-01-08 12:39:46,765] {logging_mixin.py:109} INFO - [2022-01-08 12:39:46,765] {dag.py:2396} INFO - Sync 1 DAGs
[2022-01-08 12:39:46,781] {logging_mixin.py:109} INFO - [2022-01-08 12:39:46,781] {dag.py:2928} INFO - Setting next_dagrun for example_trigger_target_dag to None
[2022-01-08 12:39:46,788] {processor.py:171} INFO - Processing /home/airflow/.local/lib/python3.7/site-packages/airflow/example_dags/example_trigger_target_dag.py took 0.062 seconds
[2022-01-08 12:40:17,425] {processor.py:163} INFO - Started process (PID=3950) to work on /home/airflow/.local/lib/python3.7/site-packages/airflow/example_dags/example_trigger_target_dag.py
[2022-01-08 12:40:17,427] {processor.py:625} INFO - Processing file /home/airflow/.local/lib/python3.7/site-packages/airflow/example_dags/example_trigger_target_dag.py for tasks to queue
[2022-01-08 12:40:17,428] {logging_mixin.py:109} INFO - [2022-01-08 12:40:17,428] {dagbag.py:500} INFO - Filling up the DagBag from /home/airflow/.local/lib/python3.7/site-packages/airflow/example_dags/example_trigger_target_dag.py
[2022-01-08 12:40:17,463] {processor.py:637} INFO - DAG(s) dict_keys(['example_trigger_target_dag']) retrieved from /home/airflow/.local/lib/python3.7/site-packages/airflow/example_dags/example_trigger_target_dag.py
[2022-01-08 12:40:17,475] {logging_mixin.py:109} INFO - [2022-01-08 12:40:17,475] {dag.py:2396} INFO - Sync 1 DAGs
[2022-01-08 12:40:17,498] {logging_mixin.py:109} INFO - [2022-01-08 12:40:17,498] {dag.py:2928} INFO - Setting next_dagrun for example_trigger_target_dag to None
[2022-01-08 12:40:17,512] {processor.py:171} INFO - Processing /home/airflow/.local/lib/python3.7/site-packages/airflow/example_dags/example_trigger_target_dag.py took 0.090 seconds
