[2022-01-23 12:09:33,997] {processor.py:163} INFO - Started process (PID=77) to work on /home/airflow/.local/lib/python3.7/site-packages/airflow/example_dags/example_time_delta_sensor_async.py
[2022-01-23 12:09:34,014] {processor.py:625} INFO - Processing file /home/airflow/.local/lib/python3.7/site-packages/airflow/example_dags/example_time_delta_sensor_async.py for tasks to queue
[2022-01-23 12:09:34,023] {logging_mixin.py:109} INFO - [2022-01-23 12:09:34,023] {dagbag.py:500} INFO - Filling up the DagBag from /home/airflow/.local/lib/python3.7/site-packages/airflow/example_dags/example_time_delta_sensor_async.py
[2022-01-23 12:09:34,171] {processor.py:637} INFO - DAG(s) dict_keys(['example_time_delta_sensor_async']) retrieved from /home/airflow/.local/lib/python3.7/site-packages/airflow/example_dags/example_time_delta_sensor_async.py
[2022-01-23 12:09:34,226] {logging_mixin.py:109} INFO - [2022-01-23 12:09:34,226] {dag.py:2396} INFO - Sync 1 DAGs
[2022-01-23 12:09:34,334] {logging_mixin.py:109} INFO - [2022-01-23 12:09:34,334] {dag.py:2928} INFO - Setting next_dagrun for example_time_delta_sensor_async to None
[2022-01-23 12:09:34,381] {processor.py:171} INFO - Processing /home/airflow/.local/lib/python3.7/site-packages/airflow/example_dags/example_time_delta_sensor_async.py took 0.402 seconds
[2022-01-23 12:10:07,917] {processor.py:163} INFO - Started process (PID=151) to work on /home/airflow/.local/lib/python3.7/site-packages/airflow/example_dags/example_time_delta_sensor_async.py
[2022-01-23 12:10:07,926] {processor.py:625} INFO - Processing file /home/airflow/.local/lib/python3.7/site-packages/airflow/example_dags/example_time_delta_sensor_async.py for tasks to queue
[2022-01-23 12:10:07,929] {logging_mixin.py:109} INFO - [2022-01-23 12:10:07,929] {dagbag.py:500} INFO - Filling up the DagBag from /home/airflow/.local/lib/python3.7/site-packages/airflow/example_dags/example_time_delta_sensor_async.py
[2022-01-23 12:10:08,050] {processor.py:637} INFO - DAG(s) dict_keys(['example_time_delta_sensor_async']) retrieved from /home/airflow/.local/lib/python3.7/site-packages/airflow/example_dags/example_time_delta_sensor_async.py
[2022-01-23 12:10:08,079] {logging_mixin.py:109} INFO - [2022-01-23 12:10:08,078] {dag.py:2396} INFO - Sync 1 DAGs
[2022-01-23 12:10:08,114] {logging_mixin.py:109} INFO - [2022-01-23 12:10:08,114] {dag.py:2928} INFO - Setting next_dagrun for example_time_delta_sensor_async to None
[2022-01-23 12:10:08,164] {processor.py:171} INFO - Processing /home/airflow/.local/lib/python3.7/site-packages/airflow/example_dags/example_time_delta_sensor_async.py took 0.253 seconds
[2022-01-23 12:10:39,151] {processor.py:163} INFO - Started process (PID=217) to work on /home/airflow/.local/lib/python3.7/site-packages/airflow/example_dags/example_time_delta_sensor_async.py
[2022-01-23 12:10:39,153] {processor.py:625} INFO - Processing file /home/airflow/.local/lib/python3.7/site-packages/airflow/example_dags/example_time_delta_sensor_async.py for tasks to queue
[2022-01-23 12:10:39,155] {logging_mixin.py:109} INFO - [2022-01-23 12:10:39,155] {dagbag.py:500} INFO - Filling up the DagBag from /home/airflow/.local/lib/python3.7/site-packages/airflow/example_dags/example_time_delta_sensor_async.py
[2022-01-23 12:10:39,206] {processor.py:637} INFO - DAG(s) dict_keys(['example_time_delta_sensor_async']) retrieved from /home/airflow/.local/lib/python3.7/site-packages/airflow/example_dags/example_time_delta_sensor_async.py
[2022-01-23 12:10:39,226] {logging_mixin.py:109} INFO - [2022-01-23 12:10:39,226] {dag.py:2396} INFO - Sync 1 DAGs
[2022-01-23 12:10:39,251] {logging_mixin.py:109} INFO - [2022-01-23 12:10:39,251] {dag.py:2928} INFO - Setting next_dagrun for example_time_delta_sensor_async to None
[2022-01-23 12:10:39,267] {processor.py:171} INFO - Processing /home/airflow/.local/lib/python3.7/site-packages/airflow/example_dags/example_time_delta_sensor_async.py took 0.124 seconds
[2022-01-23 12:11:09,889] {processor.py:163} INFO - Started process (PID=277) to work on /home/airflow/.local/lib/python3.7/site-packages/airflow/example_dags/example_time_delta_sensor_async.py
[2022-01-23 12:11:09,895] {processor.py:625} INFO - Processing file /home/airflow/.local/lib/python3.7/site-packages/airflow/example_dags/example_time_delta_sensor_async.py for tasks to queue
[2022-01-23 12:11:09,898] {logging_mixin.py:109} INFO - [2022-01-23 12:11:09,898] {dagbag.py:500} INFO - Filling up the DagBag from /home/airflow/.local/lib/python3.7/site-packages/airflow/example_dags/example_time_delta_sensor_async.py
[2022-01-23 12:11:09,998] {processor.py:637} INFO - DAG(s) dict_keys(['example_time_delta_sensor_async']) retrieved from /home/airflow/.local/lib/python3.7/site-packages/airflow/example_dags/example_time_delta_sensor_async.py
[2022-01-23 12:11:10,034] {logging_mixin.py:109} INFO - [2022-01-23 12:11:10,033] {dag.py:2396} INFO - Sync 1 DAGs
[2022-01-23 12:11:10,094] {logging_mixin.py:109} INFO - [2022-01-23 12:11:10,094] {dag.py:2928} INFO - Setting next_dagrun for example_time_delta_sensor_async to None
[2022-01-23 12:11:10,128] {processor.py:171} INFO - Processing /home/airflow/.local/lib/python3.7/site-packages/airflow/example_dags/example_time_delta_sensor_async.py took 0.252 seconds
[2022-01-23 12:11:41,068] {processor.py:163} INFO - Started process (PID=338) to work on /home/airflow/.local/lib/python3.7/site-packages/airflow/example_dags/example_time_delta_sensor_async.py
[2022-01-23 12:11:41,072] {processor.py:625} INFO - Processing file /home/airflow/.local/lib/python3.7/site-packages/airflow/example_dags/example_time_delta_sensor_async.py for tasks to queue
[2022-01-23 12:11:41,084] {logging_mixin.py:109} INFO - [2022-01-23 12:11:41,084] {dagbag.py:500} INFO - Filling up the DagBag from /home/airflow/.local/lib/python3.7/site-packages/airflow/example_dags/example_time_delta_sensor_async.py
[2022-01-23 12:11:41,323] {processor.py:637} INFO - DAG(s) dict_keys(['example_time_delta_sensor_async']) retrieved from /home/airflow/.local/lib/python3.7/site-packages/airflow/example_dags/example_time_delta_sensor_async.py
[2022-01-23 12:11:41,421] {logging_mixin.py:109} INFO - [2022-01-23 12:11:41,421] {dag.py:2396} INFO - Sync 1 DAGs
[2022-01-23 12:11:41,636] {logging_mixin.py:109} INFO - [2022-01-23 12:11:41,636] {dag.py:2928} INFO - Setting next_dagrun for example_time_delta_sensor_async to None
[2022-01-23 12:11:41,702] {processor.py:171} INFO - Processing /home/airflow/.local/lib/python3.7/site-packages/airflow/example_dags/example_time_delta_sensor_async.py took 0.660 seconds
[2022-01-23 12:12:12,322] {processor.py:163} INFO - Started process (PID=400) to work on /home/airflow/.local/lib/python3.7/site-packages/airflow/example_dags/example_time_delta_sensor_async.py
[2022-01-23 12:12:12,324] {processor.py:625} INFO - Processing file /home/airflow/.local/lib/python3.7/site-packages/airflow/example_dags/example_time_delta_sensor_async.py for tasks to queue
[2022-01-23 12:12:12,326] {logging_mixin.py:109} INFO - [2022-01-23 12:12:12,326] {dagbag.py:500} INFO - Filling up the DagBag from /home/airflow/.local/lib/python3.7/site-packages/airflow/example_dags/example_time_delta_sensor_async.py
[2022-01-23 12:12:12,362] {processor.py:637} INFO - DAG(s) dict_keys(['example_time_delta_sensor_async']) retrieved from /home/airflow/.local/lib/python3.7/site-packages/airflow/example_dags/example_time_delta_sensor_async.py
[2022-01-23 12:12:12,378] {logging_mixin.py:109} INFO - [2022-01-23 12:12:12,378] {dag.py:2396} INFO - Sync 1 DAGs
[2022-01-23 12:12:12,404] {logging_mixin.py:109} INFO - [2022-01-23 12:12:12,404] {dag.py:2928} INFO - Setting next_dagrun for example_time_delta_sensor_async to None
[2022-01-23 12:12:12,419] {processor.py:171} INFO - Processing /home/airflow/.local/lib/python3.7/site-packages/airflow/example_dags/example_time_delta_sensor_async.py took 0.103 seconds
[2022-01-23 12:12:43,157] {processor.py:163} INFO - Started process (PID=463) to work on /home/airflow/.local/lib/python3.7/site-packages/airflow/example_dags/example_time_delta_sensor_async.py
[2022-01-23 12:12:43,160] {processor.py:625} INFO - Processing file /home/airflow/.local/lib/python3.7/site-packages/airflow/example_dags/example_time_delta_sensor_async.py for tasks to queue
[2022-01-23 12:12:43,163] {logging_mixin.py:109} INFO - [2022-01-23 12:12:43,162] {dagbag.py:500} INFO - Filling up the DagBag from /home/airflow/.local/lib/python3.7/site-packages/airflow/example_dags/example_time_delta_sensor_async.py
[2022-01-23 12:12:43,241] {processor.py:637} INFO - DAG(s) dict_keys(['example_time_delta_sensor_async']) retrieved from /home/airflow/.local/lib/python3.7/site-packages/airflow/example_dags/example_time_delta_sensor_async.py
[2022-01-23 12:12:43,267] {logging_mixin.py:109} INFO - [2022-01-23 12:12:43,267] {dag.py:2396} INFO - Sync 1 DAGs
[2022-01-23 12:12:43,317] {logging_mixin.py:109} INFO - [2022-01-23 12:12:43,316] {dag.py:2928} INFO - Setting next_dagrun for example_time_delta_sensor_async to None
[2022-01-23 12:12:43,342] {processor.py:171} INFO - Processing /home/airflow/.local/lib/python3.7/site-packages/airflow/example_dags/example_time_delta_sensor_async.py took 0.194 seconds
[2022-01-23 12:13:14,143] {processor.py:163} INFO - Started process (PID=524) to work on /home/airflow/.local/lib/python3.7/site-packages/airflow/example_dags/example_time_delta_sensor_async.py
[2022-01-23 12:13:14,148] {processor.py:625} INFO - Processing file /home/airflow/.local/lib/python3.7/site-packages/airflow/example_dags/example_time_delta_sensor_async.py for tasks to queue
[2022-01-23 12:13:14,157] {logging_mixin.py:109} INFO - [2022-01-23 12:13:14,156] {dagbag.py:500} INFO - Filling up the DagBag from /home/airflow/.local/lib/python3.7/site-packages/airflow/example_dags/example_time_delta_sensor_async.py
[2022-01-23 12:13:14,274] {processor.py:637} INFO - DAG(s) dict_keys(['example_time_delta_sensor_async']) retrieved from /home/airflow/.local/lib/python3.7/site-packages/airflow/example_dags/example_time_delta_sensor_async.py
[2022-01-23 12:13:14,306] {logging_mixin.py:109} INFO - [2022-01-23 12:13:14,306] {dag.py:2396} INFO - Sync 1 DAGs
[2022-01-23 12:13:14,353] {logging_mixin.py:109} INFO - [2022-01-23 12:13:14,352] {dag.py:2928} INFO - Setting next_dagrun for example_time_delta_sensor_async to None
[2022-01-23 12:13:14,388] {processor.py:171} INFO - Processing /home/airflow/.local/lib/python3.7/site-packages/airflow/example_dags/example_time_delta_sensor_async.py took 0.260 seconds
[2022-01-23 12:13:44,988] {processor.py:163} INFO - Started process (PID=578) to work on /home/airflow/.local/lib/python3.7/site-packages/airflow/example_dags/example_time_delta_sensor_async.py
[2022-01-23 12:13:45,005] {processor.py:625} INFO - Processing file /home/airflow/.local/lib/python3.7/site-packages/airflow/example_dags/example_time_delta_sensor_async.py for tasks to queue
[2022-01-23 12:13:45,009] {logging_mixin.py:109} INFO - [2022-01-23 12:13:45,008] {dagbag.py:500} INFO - Filling up the DagBag from /home/airflow/.local/lib/python3.7/site-packages/airflow/example_dags/example_time_delta_sensor_async.py
[2022-01-23 12:13:45,121] {processor.py:637} INFO - DAG(s) dict_keys(['example_time_delta_sensor_async']) retrieved from /home/airflow/.local/lib/python3.7/site-packages/airflow/example_dags/example_time_delta_sensor_async.py
[2022-01-23 12:13:45,172] {logging_mixin.py:109} INFO - [2022-01-23 12:13:45,171] {dag.py:2396} INFO - Sync 1 DAGs
[2022-01-23 12:13:45,239] {logging_mixin.py:109} INFO - [2022-01-23 12:13:45,239] {dag.py:2928} INFO - Setting next_dagrun for example_time_delta_sensor_async to None
[2022-01-23 12:13:45,284] {processor.py:171} INFO - Processing /home/airflow/.local/lib/python3.7/site-packages/airflow/example_dags/example_time_delta_sensor_async.py took 0.309 seconds
[2022-01-23 12:14:15,972] {processor.py:163} INFO - Started process (PID=644) to work on /home/airflow/.local/lib/python3.7/site-packages/airflow/example_dags/example_time_delta_sensor_async.py
[2022-01-23 12:14:15,977] {processor.py:625} INFO - Processing file /home/airflow/.local/lib/python3.7/site-packages/airflow/example_dags/example_time_delta_sensor_async.py for tasks to queue
[2022-01-23 12:14:15,982] {logging_mixin.py:109} INFO - [2022-01-23 12:14:15,982] {dagbag.py:500} INFO - Filling up the DagBag from /home/airflow/.local/lib/python3.7/site-packages/airflow/example_dags/example_time_delta_sensor_async.py
[2022-01-23 12:14:16,097] {processor.py:637} INFO - DAG(s) dict_keys(['example_time_delta_sensor_async']) retrieved from /home/airflow/.local/lib/python3.7/site-packages/airflow/example_dags/example_time_delta_sensor_async.py
[2022-01-23 12:14:16,134] {logging_mixin.py:109} INFO - [2022-01-23 12:14:16,134] {dag.py:2396} INFO - Sync 1 DAGs
[2022-01-23 12:14:16,198] {logging_mixin.py:109} INFO - [2022-01-23 12:14:16,198] {dag.py:2928} INFO - Setting next_dagrun for example_time_delta_sensor_async to None
[2022-01-23 12:14:16,233] {processor.py:171} INFO - Processing /home/airflow/.local/lib/python3.7/site-packages/airflow/example_dags/example_time_delta_sensor_async.py took 0.279 seconds
[2022-01-23 12:14:46,598] {processor.py:163} INFO - Started process (PID=708) to work on /home/airflow/.local/lib/python3.7/site-packages/airflow/example_dags/example_time_delta_sensor_async.py
[2022-01-23 12:14:46,601] {processor.py:625} INFO - Processing file /home/airflow/.local/lib/python3.7/site-packages/airflow/example_dags/example_time_delta_sensor_async.py for tasks to queue
[2022-01-23 12:14:46,604] {logging_mixin.py:109} INFO - [2022-01-23 12:14:46,603] {dagbag.py:500} INFO - Filling up the DagBag from /home/airflow/.local/lib/python3.7/site-packages/airflow/example_dags/example_time_delta_sensor_async.py
[2022-01-23 12:14:46,743] {processor.py:637} INFO - DAG(s) dict_keys(['example_time_delta_sensor_async']) retrieved from /home/airflow/.local/lib/python3.7/site-packages/airflow/example_dags/example_time_delta_sensor_async.py
[2022-01-23 12:14:46,786] {logging_mixin.py:109} INFO - [2022-01-23 12:14:46,785] {dag.py:2396} INFO - Sync 1 DAGs
[2022-01-23 12:14:46,859] {logging_mixin.py:109} INFO - [2022-01-23 12:14:46,858] {dag.py:2928} INFO - Setting next_dagrun for example_time_delta_sensor_async to None
[2022-01-23 12:14:46,892] {processor.py:171} INFO - Processing /home/airflow/.local/lib/python3.7/site-packages/airflow/example_dags/example_time_delta_sensor_async.py took 0.307 seconds
[2022-01-23 12:15:17,657] {processor.py:163} INFO - Started process (PID=769) to work on /home/airflow/.local/lib/python3.7/site-packages/airflow/example_dags/example_time_delta_sensor_async.py
[2022-01-23 12:15:17,659] {processor.py:625} INFO - Processing file /home/airflow/.local/lib/python3.7/site-packages/airflow/example_dags/example_time_delta_sensor_async.py for tasks to queue
[2022-01-23 12:15:17,660] {logging_mixin.py:109} INFO - [2022-01-23 12:15:17,660] {dagbag.py:500} INFO - Filling up the DagBag from /home/airflow/.local/lib/python3.7/site-packages/airflow/example_dags/example_time_delta_sensor_async.py
[2022-01-23 12:15:17,711] {processor.py:637} INFO - DAG(s) dict_keys(['example_time_delta_sensor_async']) retrieved from /home/airflow/.local/lib/python3.7/site-packages/airflow/example_dags/example_time_delta_sensor_async.py
[2022-01-23 12:15:17,729] {logging_mixin.py:109} INFO - [2022-01-23 12:15:17,729] {dag.py:2396} INFO - Sync 1 DAGs
[2022-01-23 12:15:17,757] {logging_mixin.py:109} INFO - [2022-01-23 12:15:17,757] {dag.py:2928} INFO - Setting next_dagrun for example_time_delta_sensor_async to None
[2022-01-23 12:15:17,771] {processor.py:171} INFO - Processing /home/airflow/.local/lib/python3.7/site-packages/airflow/example_dags/example_time_delta_sensor_async.py took 0.119 seconds
[2022-01-23 12:15:48,528] {processor.py:163} INFO - Started process (PID=830) to work on /home/airflow/.local/lib/python3.7/site-packages/airflow/example_dags/example_time_delta_sensor_async.py
[2022-01-23 12:15:48,533] {processor.py:625} INFO - Processing file /home/airflow/.local/lib/python3.7/site-packages/airflow/example_dags/example_time_delta_sensor_async.py for tasks to queue
[2022-01-23 12:15:48,536] {logging_mixin.py:109} INFO - [2022-01-23 12:15:48,535] {dagbag.py:500} INFO - Filling up the DagBag from /home/airflow/.local/lib/python3.7/site-packages/airflow/example_dags/example_time_delta_sensor_async.py
[2022-01-23 12:15:48,631] {processor.py:637} INFO - DAG(s) dict_keys(['example_time_delta_sensor_async']) retrieved from /home/airflow/.local/lib/python3.7/site-packages/airflow/example_dags/example_time_delta_sensor_async.py
[2022-01-23 12:15:48,668] {logging_mixin.py:109} INFO - [2022-01-23 12:15:48,668] {dag.py:2396} INFO - Sync 1 DAGs
[2022-01-23 12:15:48,738] {logging_mixin.py:109} INFO - [2022-01-23 12:15:48,738] {dag.py:2928} INFO - Setting next_dagrun for example_time_delta_sensor_async to None
[2022-01-23 12:15:48,774] {processor.py:171} INFO - Processing /home/airflow/.local/lib/python3.7/site-packages/airflow/example_dags/example_time_delta_sensor_async.py took 0.259 seconds
[2022-01-23 12:16:19,259] {processor.py:163} INFO - Started process (PID=891) to work on /home/airflow/.local/lib/python3.7/site-packages/airflow/example_dags/example_time_delta_sensor_async.py
[2022-01-23 12:16:19,263] {processor.py:625} INFO - Processing file /home/airflow/.local/lib/python3.7/site-packages/airflow/example_dags/example_time_delta_sensor_async.py for tasks to queue
[2022-01-23 12:16:19,266] {logging_mixin.py:109} INFO - [2022-01-23 12:16:19,265] {dagbag.py:500} INFO - Filling up the DagBag from /home/airflow/.local/lib/python3.7/site-packages/airflow/example_dags/example_time_delta_sensor_async.py
[2022-01-23 12:16:19,358] {processor.py:637} INFO - DAG(s) dict_keys(['example_time_delta_sensor_async']) retrieved from /home/airflow/.local/lib/python3.7/site-packages/airflow/example_dags/example_time_delta_sensor_async.py
[2022-01-23 12:16:19,387] {logging_mixin.py:109} INFO - [2022-01-23 12:16:19,386] {dag.py:2396} INFO - Sync 1 DAGs
[2022-01-23 12:16:19,438] {logging_mixin.py:109} INFO - [2022-01-23 12:16:19,438] {dag.py:2928} INFO - Setting next_dagrun for example_time_delta_sensor_async to None
[2022-01-23 12:16:19,471] {processor.py:171} INFO - Processing /home/airflow/.local/lib/python3.7/site-packages/airflow/example_dags/example_time_delta_sensor_async.py took 0.225 seconds
[2022-01-23 12:16:49,556] {processor.py:163} INFO - Started process (PID=952) to work on /home/airflow/.local/lib/python3.7/site-packages/airflow/example_dags/example_time_delta_sensor_async.py
[2022-01-23 12:16:49,559] {processor.py:625} INFO - Processing file /home/airflow/.local/lib/python3.7/site-packages/airflow/example_dags/example_time_delta_sensor_async.py for tasks to queue
[2022-01-23 12:16:49,561] {logging_mixin.py:109} INFO - [2022-01-23 12:16:49,561] {dagbag.py:500} INFO - Filling up the DagBag from /home/airflow/.local/lib/python3.7/site-packages/airflow/example_dags/example_time_delta_sensor_async.py
[2022-01-23 12:16:49,632] {processor.py:637} INFO - DAG(s) dict_keys(['example_time_delta_sensor_async']) retrieved from /home/airflow/.local/lib/python3.7/site-packages/airflow/example_dags/example_time_delta_sensor_async.py
[2022-01-23 12:16:49,659] {logging_mixin.py:109} INFO - [2022-01-23 12:16:49,659] {dag.py:2396} INFO - Sync 1 DAGs
[2022-01-23 12:16:49,699] {logging_mixin.py:109} INFO - [2022-01-23 12:16:49,698] {dag.py:2928} INFO - Setting next_dagrun for example_time_delta_sensor_async to None
[2022-01-23 12:16:49,724] {processor.py:171} INFO - Processing /home/airflow/.local/lib/python3.7/site-packages/airflow/example_dags/example_time_delta_sensor_async.py took 0.178 seconds
[2022-01-23 12:17:19,892] {processor.py:163} INFO - Started process (PID=1014) to work on /home/airflow/.local/lib/python3.7/site-packages/airflow/example_dags/example_time_delta_sensor_async.py
[2022-01-23 12:17:19,896] {processor.py:625} INFO - Processing file /home/airflow/.local/lib/python3.7/site-packages/airflow/example_dags/example_time_delta_sensor_async.py for tasks to queue
[2022-01-23 12:17:19,898] {logging_mixin.py:109} INFO - [2022-01-23 12:17:19,898] {dagbag.py:500} INFO - Filling up the DagBag from /home/airflow/.local/lib/python3.7/site-packages/airflow/example_dags/example_time_delta_sensor_async.py
[2022-01-23 12:17:19,965] {processor.py:637} INFO - DAG(s) dict_keys(['example_time_delta_sensor_async']) retrieved from /home/airflow/.local/lib/python3.7/site-packages/airflow/example_dags/example_time_delta_sensor_async.py
[2022-01-23 12:17:19,985] {logging_mixin.py:109} INFO - [2022-01-23 12:17:19,985] {dag.py:2396} INFO - Sync 1 DAGs
[2022-01-23 12:17:20,018] {logging_mixin.py:109} INFO - [2022-01-23 12:17:20,018] {dag.py:2928} INFO - Setting next_dagrun for example_time_delta_sensor_async to None
[2022-01-23 12:17:20,038] {processor.py:171} INFO - Processing /home/airflow/.local/lib/python3.7/site-packages/airflow/example_dags/example_time_delta_sensor_async.py took 0.155 seconds
[2022-01-23 12:17:50,265] {processor.py:163} INFO - Started process (PID=1075) to work on /home/airflow/.local/lib/python3.7/site-packages/airflow/example_dags/example_time_delta_sensor_async.py
[2022-01-23 12:17:50,268] {processor.py:625} INFO - Processing file /home/airflow/.local/lib/python3.7/site-packages/airflow/example_dags/example_time_delta_sensor_async.py for tasks to queue
[2022-01-23 12:17:50,270] {logging_mixin.py:109} INFO - [2022-01-23 12:17:50,270] {dagbag.py:500} INFO - Filling up the DagBag from /home/airflow/.local/lib/python3.7/site-packages/airflow/example_dags/example_time_delta_sensor_async.py
[2022-01-23 12:17:50,332] {processor.py:637} INFO - DAG(s) dict_keys(['example_time_delta_sensor_async']) retrieved from /home/airflow/.local/lib/python3.7/site-packages/airflow/example_dags/example_time_delta_sensor_async.py
[2022-01-23 12:17:50,351] {logging_mixin.py:109} INFO - [2022-01-23 12:17:50,350] {dag.py:2396} INFO - Sync 1 DAGs
[2022-01-23 12:17:50,385] {logging_mixin.py:109} INFO - [2022-01-23 12:17:50,385] {dag.py:2928} INFO - Setting next_dagrun for example_time_delta_sensor_async to None
[2022-01-23 12:17:50,407] {processor.py:171} INFO - Processing /home/airflow/.local/lib/python3.7/site-packages/airflow/example_dags/example_time_delta_sensor_async.py took 0.150 seconds
[2022-01-23 12:18:21,078] {processor.py:163} INFO - Started process (PID=1136) to work on /home/airflow/.local/lib/python3.7/site-packages/airflow/example_dags/example_time_delta_sensor_async.py
[2022-01-23 12:18:21,081] {processor.py:625} INFO - Processing file /home/airflow/.local/lib/python3.7/site-packages/airflow/example_dags/example_time_delta_sensor_async.py for tasks to queue
[2022-01-23 12:18:21,082] {logging_mixin.py:109} INFO - [2022-01-23 12:18:21,082] {dagbag.py:500} INFO - Filling up the DagBag from /home/airflow/.local/lib/python3.7/site-packages/airflow/example_dags/example_time_delta_sensor_async.py
[2022-01-23 12:18:21,138] {processor.py:637} INFO - DAG(s) dict_keys(['example_time_delta_sensor_async']) retrieved from /home/airflow/.local/lib/python3.7/site-packages/airflow/example_dags/example_time_delta_sensor_async.py
[2022-01-23 12:18:21,159] {logging_mixin.py:109} INFO - [2022-01-23 12:18:21,159] {dag.py:2396} INFO - Sync 1 DAGs
[2022-01-23 12:18:21,198] {logging_mixin.py:109} INFO - [2022-01-23 12:18:21,198] {dag.py:2928} INFO - Setting next_dagrun for example_time_delta_sensor_async to None
[2022-01-23 12:18:21,340] {processor.py:171} INFO - Processing /home/airflow/.local/lib/python3.7/site-packages/airflow/example_dags/example_time_delta_sensor_async.py took 0.269 seconds
[2022-01-23 12:18:52,478] {processor.py:163} INFO - Started process (PID=1199) to work on /home/airflow/.local/lib/python3.7/site-packages/airflow/example_dags/example_time_delta_sensor_async.py
[2022-01-23 12:18:52,480] {processor.py:625} INFO - Processing file /home/airflow/.local/lib/python3.7/site-packages/airflow/example_dags/example_time_delta_sensor_async.py for tasks to queue
[2022-01-23 12:18:52,481] {logging_mixin.py:109} INFO - [2022-01-23 12:18:52,481] {dagbag.py:500} INFO - Filling up the DagBag from /home/airflow/.local/lib/python3.7/site-packages/airflow/example_dags/example_time_delta_sensor_async.py
[2022-01-23 12:18:52,532] {processor.py:637} INFO - DAG(s) dict_keys(['example_time_delta_sensor_async']) retrieved from /home/airflow/.local/lib/python3.7/site-packages/airflow/example_dags/example_time_delta_sensor_async.py
[2022-01-23 12:18:52,549] {logging_mixin.py:109} INFO - [2022-01-23 12:18:52,549] {dag.py:2396} INFO - Sync 1 DAGs
[2022-01-23 12:18:52,681] {logging_mixin.py:109} INFO - [2022-01-23 12:18:52,681] {dag.py:2928} INFO - Setting next_dagrun for example_time_delta_sensor_async to None
[2022-01-23 12:18:52,698] {processor.py:171} INFO - Processing /home/airflow/.local/lib/python3.7/site-packages/airflow/example_dags/example_time_delta_sensor_async.py took 0.225 seconds
[2022-01-23 12:19:23,268] {processor.py:163} INFO - Started process (PID=1260) to work on /home/airflow/.local/lib/python3.7/site-packages/airflow/example_dags/example_time_delta_sensor_async.py
[2022-01-23 12:19:23,271] {processor.py:625} INFO - Processing file /home/airflow/.local/lib/python3.7/site-packages/airflow/example_dags/example_time_delta_sensor_async.py for tasks to queue
[2022-01-23 12:19:23,272] {logging_mixin.py:109} INFO - [2022-01-23 12:19:23,272] {dagbag.py:500} INFO - Filling up the DagBag from /home/airflow/.local/lib/python3.7/site-packages/airflow/example_dags/example_time_delta_sensor_async.py
[2022-01-23 12:19:23,308] {processor.py:637} INFO - DAG(s) dict_keys(['example_time_delta_sensor_async']) retrieved from /home/airflow/.local/lib/python3.7/site-packages/airflow/example_dags/example_time_delta_sensor_async.py
[2022-01-23 12:19:23,429] {logging_mixin.py:109} INFO - [2022-01-23 12:19:23,429] {dag.py:2396} INFO - Sync 1 DAGs
[2022-01-23 12:19:23,454] {logging_mixin.py:109} INFO - [2022-01-23 12:19:23,453] {dag.py:2928} INFO - Setting next_dagrun for example_time_delta_sensor_async to None
[2022-01-23 12:19:23,473] {processor.py:171} INFO - Processing /home/airflow/.local/lib/python3.7/site-packages/airflow/example_dags/example_time_delta_sensor_async.py took 0.209 seconds
[2022-01-23 12:19:53,941] {processor.py:163} INFO - Started process (PID=1323) to work on /home/airflow/.local/lib/python3.7/site-packages/airflow/example_dags/example_time_delta_sensor_async.py
[2022-01-23 12:19:53,943] {processor.py:625} INFO - Processing file /home/airflow/.local/lib/python3.7/site-packages/airflow/example_dags/example_time_delta_sensor_async.py for tasks to queue
[2022-01-23 12:19:53,945] {logging_mixin.py:109} INFO - [2022-01-23 12:19:53,945] {dagbag.py:500} INFO - Filling up the DagBag from /home/airflow/.local/lib/python3.7/site-packages/airflow/example_dags/example_time_delta_sensor_async.py
[2022-01-23 12:19:53,984] {processor.py:637} INFO - DAG(s) dict_keys(['example_time_delta_sensor_async']) retrieved from /home/airflow/.local/lib/python3.7/site-packages/airflow/example_dags/example_time_delta_sensor_async.py
[2022-01-23 12:19:54,120] {logging_mixin.py:109} INFO - [2022-01-23 12:19:54,120] {dag.py:2396} INFO - Sync 1 DAGs
[2022-01-23 12:19:54,152] {logging_mixin.py:109} INFO - [2022-01-23 12:19:54,152] {dag.py:2928} INFO - Setting next_dagrun for example_time_delta_sensor_async to None
[2022-01-23 12:19:54,170] {processor.py:171} INFO - Processing /home/airflow/.local/lib/python3.7/site-packages/airflow/example_dags/example_time_delta_sensor_async.py took 0.234 seconds
[2022-01-23 12:20:25,469] {processor.py:163} INFO - Started process (PID=1382) to work on /home/airflow/.local/lib/python3.7/site-packages/airflow/example_dags/example_time_delta_sensor_async.py
[2022-01-23 12:20:25,475] {processor.py:625} INFO - Processing file /home/airflow/.local/lib/python3.7/site-packages/airflow/example_dags/example_time_delta_sensor_async.py for tasks to queue
[2022-01-23 12:20:25,479] {logging_mixin.py:109} INFO - [2022-01-23 12:20:25,478] {dagbag.py:500} INFO - Filling up the DagBag from /home/airflow/.local/lib/python3.7/site-packages/airflow/example_dags/example_time_delta_sensor_async.py
[2022-01-23 12:20:25,810] {processor.py:637} INFO - DAG(s) dict_keys(['example_time_delta_sensor_async']) retrieved from /home/airflow/.local/lib/python3.7/site-packages/airflow/example_dags/example_time_delta_sensor_async.py
[2022-01-23 12:20:25,833] {logging_mixin.py:109} INFO - [2022-01-23 12:20:25,833] {dag.py:2396} INFO - Sync 1 DAGs
[2022-01-23 12:20:25,876] {logging_mixin.py:109} INFO - [2022-01-23 12:20:25,876] {dag.py:2928} INFO - Setting next_dagrun for example_time_delta_sensor_async to None
[2022-01-23 12:20:25,902] {processor.py:171} INFO - Processing /home/airflow/.local/lib/python3.7/site-packages/airflow/example_dags/example_time_delta_sensor_async.py took 0.448 seconds
[2022-01-23 12:20:56,333] {processor.py:163} INFO - Started process (PID=1454) to work on /home/airflow/.local/lib/python3.7/site-packages/airflow/example_dags/example_time_delta_sensor_async.py
[2022-01-23 12:20:56,336] {processor.py:625} INFO - Processing file /home/airflow/.local/lib/python3.7/site-packages/airflow/example_dags/example_time_delta_sensor_async.py for tasks to queue
[2022-01-23 12:20:56,341] {logging_mixin.py:109} INFO - [2022-01-23 12:20:56,340] {dagbag.py:500} INFO - Filling up the DagBag from /home/airflow/.local/lib/python3.7/site-packages/airflow/example_dags/example_time_delta_sensor_async.py
[2022-01-23 12:20:56,543] {processor.py:637} INFO - DAG(s) dict_keys(['example_time_delta_sensor_async']) retrieved from /home/airflow/.local/lib/python3.7/site-packages/airflow/example_dags/example_time_delta_sensor_async.py
[2022-01-23 12:20:56,564] {logging_mixin.py:109} INFO - [2022-01-23 12:20:56,564] {dag.py:2396} INFO - Sync 1 DAGs
[2022-01-23 12:20:56,599] {logging_mixin.py:109} INFO - [2022-01-23 12:20:56,599] {dag.py:2928} INFO - Setting next_dagrun for example_time_delta_sensor_async to None
[2022-01-23 12:20:56,649] {processor.py:171} INFO - Processing /home/airflow/.local/lib/python3.7/site-packages/airflow/example_dags/example_time_delta_sensor_async.py took 0.328 seconds
[2022-01-23 12:21:27,960] {processor.py:163} INFO - Started process (PID=1517) to work on /home/airflow/.local/lib/python3.7/site-packages/airflow/example_dags/example_time_delta_sensor_async.py
[2022-01-23 12:21:27,962] {processor.py:625} INFO - Processing file /home/airflow/.local/lib/python3.7/site-packages/airflow/example_dags/example_time_delta_sensor_async.py for tasks to queue
[2022-01-23 12:21:27,964] {logging_mixin.py:109} INFO - [2022-01-23 12:21:27,963] {dagbag.py:500} INFO - Filling up the DagBag from /home/airflow/.local/lib/python3.7/site-packages/airflow/example_dags/example_time_delta_sensor_async.py
[2022-01-23 12:21:28,128] {processor.py:637} INFO - DAG(s) dict_keys(['example_time_delta_sensor_async']) retrieved from /home/airflow/.local/lib/python3.7/site-packages/airflow/example_dags/example_time_delta_sensor_async.py
[2022-01-23 12:21:28,148] {logging_mixin.py:109} INFO - [2022-01-23 12:21:28,148] {dag.py:2396} INFO - Sync 1 DAGs
[2022-01-23 12:21:28,179] {logging_mixin.py:109} INFO - [2022-01-23 12:21:28,179] {dag.py:2928} INFO - Setting next_dagrun for example_time_delta_sensor_async to None
[2022-01-23 12:21:28,200] {processor.py:171} INFO - Processing /home/airflow/.local/lib/python3.7/site-packages/airflow/example_dags/example_time_delta_sensor_async.py took 0.245 seconds
[2022-01-23 12:21:59,127] {processor.py:163} INFO - Started process (PID=1578) to work on /home/airflow/.local/lib/python3.7/site-packages/airflow/example_dags/example_time_delta_sensor_async.py
[2022-01-23 12:21:59,131] {processor.py:625} INFO - Processing file /home/airflow/.local/lib/python3.7/site-packages/airflow/example_dags/example_time_delta_sensor_async.py for tasks to queue
[2022-01-23 12:21:59,133] {logging_mixin.py:109} INFO - [2022-01-23 12:21:59,133] {dagbag.py:500} INFO - Filling up the DagBag from /home/airflow/.local/lib/python3.7/site-packages/airflow/example_dags/example_time_delta_sensor_async.py
[2022-01-23 12:21:59,190] {processor.py:637} INFO - DAG(s) dict_keys(['example_time_delta_sensor_async']) retrieved from /home/airflow/.local/lib/python3.7/site-packages/airflow/example_dags/example_time_delta_sensor_async.py
[2022-01-23 12:21:59,210] {logging_mixin.py:109} INFO - [2022-01-23 12:21:59,210] {dag.py:2396} INFO - Sync 1 DAGs
[2022-01-23 12:21:59,242] {logging_mixin.py:109} INFO - [2022-01-23 12:21:59,242] {dag.py:2928} INFO - Setting next_dagrun for example_time_delta_sensor_async to None
[2022-01-23 12:21:59,261] {processor.py:171} INFO - Processing /home/airflow/.local/lib/python3.7/site-packages/airflow/example_dags/example_time_delta_sensor_async.py took 0.139 seconds
[2022-01-23 12:22:30,217] {processor.py:163} INFO - Started process (PID=1640) to work on /home/airflow/.local/lib/python3.7/site-packages/airflow/example_dags/example_time_delta_sensor_async.py
[2022-01-23 12:22:30,220] {processor.py:625} INFO - Processing file /home/airflow/.local/lib/python3.7/site-packages/airflow/example_dags/example_time_delta_sensor_async.py for tasks to queue
[2022-01-23 12:22:30,221] {logging_mixin.py:109} INFO - [2022-01-23 12:22:30,221] {dagbag.py:500} INFO - Filling up the DagBag from /home/airflow/.local/lib/python3.7/site-packages/airflow/example_dags/example_time_delta_sensor_async.py
[2022-01-23 12:22:30,271] {processor.py:637} INFO - DAG(s) dict_keys(['example_time_delta_sensor_async']) retrieved from /home/airflow/.local/lib/python3.7/site-packages/airflow/example_dags/example_time_delta_sensor_async.py
[2022-01-23 12:22:30,290] {logging_mixin.py:109} INFO - [2022-01-23 12:22:30,290] {dag.py:2396} INFO - Sync 1 DAGs
[2022-01-23 12:22:30,329] {logging_mixin.py:109} INFO - [2022-01-23 12:22:30,329] {dag.py:2928} INFO - Setting next_dagrun for example_time_delta_sensor_async to None
[2022-01-23 12:22:30,349] {processor.py:171} INFO - Processing /home/airflow/.local/lib/python3.7/site-packages/airflow/example_dags/example_time_delta_sensor_async.py took 0.138 seconds
[2022-01-23 12:23:01,201] {processor.py:163} INFO - Started process (PID=1701) to work on /home/airflow/.local/lib/python3.7/site-packages/airflow/example_dags/example_time_delta_sensor_async.py
[2022-01-23 12:23:01,204] {processor.py:625} INFO - Processing file /home/airflow/.local/lib/python3.7/site-packages/airflow/example_dags/example_time_delta_sensor_async.py for tasks to queue
[2022-01-23 12:23:01,206] {logging_mixin.py:109} INFO - [2022-01-23 12:23:01,206] {dagbag.py:500} INFO - Filling up the DagBag from /home/airflow/.local/lib/python3.7/site-packages/airflow/example_dags/example_time_delta_sensor_async.py
[2022-01-23 12:23:01,264] {processor.py:637} INFO - DAG(s) dict_keys(['example_time_delta_sensor_async']) retrieved from /home/airflow/.local/lib/python3.7/site-packages/airflow/example_dags/example_time_delta_sensor_async.py
[2022-01-23 12:23:01,288] {logging_mixin.py:109} INFO - [2022-01-23 12:23:01,287] {dag.py:2396} INFO - Sync 1 DAGs
[2022-01-23 12:23:01,331] {logging_mixin.py:109} INFO - [2022-01-23 12:23:01,331] {dag.py:2928} INFO - Setting next_dagrun for example_time_delta_sensor_async to None
[2022-01-23 12:23:01,356] {processor.py:171} INFO - Processing /home/airflow/.local/lib/python3.7/site-packages/airflow/example_dags/example_time_delta_sensor_async.py took 0.163 seconds
[2022-01-23 12:23:31,698] {processor.py:163} INFO - Started process (PID=1761) to work on /home/airflow/.local/lib/python3.7/site-packages/airflow/example_dags/example_time_delta_sensor_async.py
[2022-01-23 12:23:31,705] {processor.py:625} INFO - Processing file /home/airflow/.local/lib/python3.7/site-packages/airflow/example_dags/example_time_delta_sensor_async.py for tasks to queue
[2022-01-23 12:23:31,708] {logging_mixin.py:109} INFO - [2022-01-23 12:23:31,707] {dagbag.py:500} INFO - Filling up the DagBag from /home/airflow/.local/lib/python3.7/site-packages/airflow/example_dags/example_time_delta_sensor_async.py
[2022-01-23 12:23:31,805] {processor.py:637} INFO - DAG(s) dict_keys(['example_time_delta_sensor_async']) retrieved from /home/airflow/.local/lib/python3.7/site-packages/airflow/example_dags/example_time_delta_sensor_async.py
[2022-01-23 12:23:31,841] {logging_mixin.py:109} INFO - [2022-01-23 12:23:31,841] {dag.py:2396} INFO - Sync 1 DAGs
[2022-01-23 12:23:31,912] {logging_mixin.py:109} INFO - [2022-01-23 12:23:31,912] {dag.py:2928} INFO - Setting next_dagrun for example_time_delta_sensor_async to None
[2022-01-23 12:23:31,948] {processor.py:171} INFO - Processing /home/airflow/.local/lib/python3.7/site-packages/airflow/example_dags/example_time_delta_sensor_async.py took 0.262 seconds
[2022-01-23 12:24:02,351] {processor.py:163} INFO - Started process (PID=1820) to work on /home/airflow/.local/lib/python3.7/site-packages/airflow/example_dags/example_time_delta_sensor_async.py
[2022-01-23 12:24:02,357] {processor.py:625} INFO - Processing file /home/airflow/.local/lib/python3.7/site-packages/airflow/example_dags/example_time_delta_sensor_async.py for tasks to queue
[2022-01-23 12:24:02,360] {logging_mixin.py:109} INFO - [2022-01-23 12:24:02,360] {dagbag.py:500} INFO - Filling up the DagBag from /home/airflow/.local/lib/python3.7/site-packages/airflow/example_dags/example_time_delta_sensor_async.py
[2022-01-23 12:24:02,475] {processor.py:637} INFO - DAG(s) dict_keys(['example_time_delta_sensor_async']) retrieved from /home/airflow/.local/lib/python3.7/site-packages/airflow/example_dags/example_time_delta_sensor_async.py
[2022-01-23 12:24:02,510] {logging_mixin.py:109} INFO - [2022-01-23 12:24:02,510] {dag.py:2396} INFO - Sync 1 DAGs
[2022-01-23 12:24:02,570] {logging_mixin.py:109} INFO - [2022-01-23 12:24:02,569] {dag.py:2928} INFO - Setting next_dagrun for example_time_delta_sensor_async to None
[2022-01-23 12:24:02,604] {processor.py:171} INFO - Processing /home/airflow/.local/lib/python3.7/site-packages/airflow/example_dags/example_time_delta_sensor_async.py took 0.268 seconds
[2022-01-23 12:24:32,874] {processor.py:163} INFO - Started process (PID=1882) to work on /home/airflow/.local/lib/python3.7/site-packages/airflow/example_dags/example_time_delta_sensor_async.py
[2022-01-23 12:24:32,880] {processor.py:625} INFO - Processing file /home/airflow/.local/lib/python3.7/site-packages/airflow/example_dags/example_time_delta_sensor_async.py for tasks to queue
[2022-01-23 12:24:32,884] {logging_mixin.py:109} INFO - [2022-01-23 12:24:32,883] {dagbag.py:500} INFO - Filling up the DagBag from /home/airflow/.local/lib/python3.7/site-packages/airflow/example_dags/example_time_delta_sensor_async.py
[2022-01-23 12:24:32,997] {processor.py:637} INFO - DAG(s) dict_keys(['example_time_delta_sensor_async']) retrieved from /home/airflow/.local/lib/python3.7/site-packages/airflow/example_dags/example_time_delta_sensor_async.py
[2022-01-23 12:24:33,020] {logging_mixin.py:109} INFO - [2022-01-23 12:24:33,020] {dag.py:2396} INFO - Sync 1 DAGs
[2022-01-23 12:24:33,059] {logging_mixin.py:109} INFO - [2022-01-23 12:24:33,059] {dag.py:2928} INFO - Setting next_dagrun for example_time_delta_sensor_async to None
[2022-01-23 12:24:33,082] {processor.py:171} INFO - Processing /home/airflow/.local/lib/python3.7/site-packages/airflow/example_dags/example_time_delta_sensor_async.py took 0.222 seconds
[2022-01-23 12:25:03,223] {processor.py:163} INFO - Started process (PID=1943) to work on /home/airflow/.local/lib/python3.7/site-packages/airflow/example_dags/example_time_delta_sensor_async.py
[2022-01-23 12:25:03,226] {processor.py:625} INFO - Processing file /home/airflow/.local/lib/python3.7/site-packages/airflow/example_dags/example_time_delta_sensor_async.py for tasks to queue
[2022-01-23 12:25:03,228] {logging_mixin.py:109} INFO - [2022-01-23 12:25:03,227] {dagbag.py:500} INFO - Filling up the DagBag from /home/airflow/.local/lib/python3.7/site-packages/airflow/example_dags/example_time_delta_sensor_async.py
[2022-01-23 12:25:03,275] {processor.py:637} INFO - DAG(s) dict_keys(['example_time_delta_sensor_async']) retrieved from /home/airflow/.local/lib/python3.7/site-packages/airflow/example_dags/example_time_delta_sensor_async.py
[2022-01-23 12:25:03,294] {logging_mixin.py:109} INFO - [2022-01-23 12:25:03,294] {dag.py:2396} INFO - Sync 1 DAGs
[2022-01-23 12:25:03,330] {logging_mixin.py:109} INFO - [2022-01-23 12:25:03,329] {dag.py:2928} INFO - Setting next_dagrun for example_time_delta_sensor_async to None
[2022-01-23 12:25:03,349] {processor.py:171} INFO - Processing /home/airflow/.local/lib/python3.7/site-packages/airflow/example_dags/example_time_delta_sensor_async.py took 0.134 seconds
[2022-01-23 12:25:33,611] {processor.py:163} INFO - Started process (PID=2005) to work on /home/airflow/.local/lib/python3.7/site-packages/airflow/example_dags/example_time_delta_sensor_async.py
[2022-01-23 12:25:33,615] {processor.py:625} INFO - Processing file /home/airflow/.local/lib/python3.7/site-packages/airflow/example_dags/example_time_delta_sensor_async.py for tasks to queue
[2022-01-23 12:25:33,617] {logging_mixin.py:109} INFO - [2022-01-23 12:25:33,616] {dagbag.py:500} INFO - Filling up the DagBag from /home/airflow/.local/lib/python3.7/site-packages/airflow/example_dags/example_time_delta_sensor_async.py
[2022-01-23 12:25:33,681] {processor.py:637} INFO - DAG(s) dict_keys(['example_time_delta_sensor_async']) retrieved from /home/airflow/.local/lib/python3.7/site-packages/airflow/example_dags/example_time_delta_sensor_async.py
[2022-01-23 12:25:33,710] {logging_mixin.py:109} INFO - [2022-01-23 12:25:33,710] {dag.py:2396} INFO - Sync 1 DAGs
[2022-01-23 12:25:33,745] {logging_mixin.py:109} INFO - [2022-01-23 12:25:33,745] {dag.py:2928} INFO - Setting next_dagrun for example_time_delta_sensor_async to None
[2022-01-23 12:25:33,768] {processor.py:171} INFO - Processing /home/airflow/.local/lib/python3.7/site-packages/airflow/example_dags/example_time_delta_sensor_async.py took 0.164 seconds
[2022-01-23 12:26:04,125] {processor.py:163} INFO - Started process (PID=2067) to work on /home/airflow/.local/lib/python3.7/site-packages/airflow/example_dags/example_time_delta_sensor_async.py
[2022-01-23 12:26:04,131] {processor.py:625} INFO - Processing file /home/airflow/.local/lib/python3.7/site-packages/airflow/example_dags/example_time_delta_sensor_async.py for tasks to queue
[2022-01-23 12:26:04,133] {logging_mixin.py:109} INFO - [2022-01-23 12:26:04,132] {dagbag.py:500} INFO - Filling up the DagBag from /home/airflow/.local/lib/python3.7/site-packages/airflow/example_dags/example_time_delta_sensor_async.py
[2022-01-23 12:26:04,267] {processor.py:637} INFO - DAG(s) dict_keys(['example_time_delta_sensor_async']) retrieved from /home/airflow/.local/lib/python3.7/site-packages/airflow/example_dags/example_time_delta_sensor_async.py
[2022-01-23 12:26:04,296] {logging_mixin.py:109} INFO - [2022-01-23 12:26:04,295] {dag.py:2396} INFO - Sync 1 DAGs
[2022-01-23 12:26:04,355] {logging_mixin.py:109} INFO - [2022-01-23 12:26:04,355] {dag.py:2928} INFO - Setting next_dagrun for example_time_delta_sensor_async to None
[2022-01-23 12:26:04,382] {processor.py:171} INFO - Processing /home/airflow/.local/lib/python3.7/site-packages/airflow/example_dags/example_time_delta_sensor_async.py took 0.267 seconds
[2022-01-23 12:26:35,184] {processor.py:163} INFO - Started process (PID=2140) to work on /home/airflow/.local/lib/python3.7/site-packages/airflow/example_dags/example_time_delta_sensor_async.py
[2022-01-23 12:26:35,188] {processor.py:625} INFO - Processing file /home/airflow/.local/lib/python3.7/site-packages/airflow/example_dags/example_time_delta_sensor_async.py for tasks to queue
[2022-01-23 12:26:35,190] {logging_mixin.py:109} INFO - [2022-01-23 12:26:35,190] {dagbag.py:500} INFO - Filling up the DagBag from /home/airflow/.local/lib/python3.7/site-packages/airflow/example_dags/example_time_delta_sensor_async.py
[2022-01-23 12:26:35,262] {processor.py:637} INFO - DAG(s) dict_keys(['example_time_delta_sensor_async']) retrieved from /home/airflow/.local/lib/python3.7/site-packages/airflow/example_dags/example_time_delta_sensor_async.py
[2022-01-23 12:26:35,297] {logging_mixin.py:109} INFO - [2022-01-23 12:26:35,297] {dag.py:2396} INFO - Sync 1 DAGs
[2022-01-23 12:26:35,355] {logging_mixin.py:109} INFO - [2022-01-23 12:26:35,355] {dag.py:2928} INFO - Setting next_dagrun for example_time_delta_sensor_async to None
[2022-01-23 12:26:35,387] {processor.py:171} INFO - Processing /home/airflow/.local/lib/python3.7/site-packages/airflow/example_dags/example_time_delta_sensor_async.py took 0.214 seconds
[2022-01-23 12:27:05,580] {processor.py:163} INFO - Started process (PID=2202) to work on /home/airflow/.local/lib/python3.7/site-packages/airflow/example_dags/example_time_delta_sensor_async.py
[2022-01-23 12:27:05,583] {processor.py:625} INFO - Processing file /home/airflow/.local/lib/python3.7/site-packages/airflow/example_dags/example_time_delta_sensor_async.py for tasks to queue
[2022-01-23 12:27:05,585] {logging_mixin.py:109} INFO - [2022-01-23 12:27:05,584] {dagbag.py:500} INFO - Filling up the DagBag from /home/airflow/.local/lib/python3.7/site-packages/airflow/example_dags/example_time_delta_sensor_async.py
[2022-01-23 12:27:05,700] {processor.py:637} INFO - DAG(s) dict_keys(['example_time_delta_sensor_async']) retrieved from /home/airflow/.local/lib/python3.7/site-packages/airflow/example_dags/example_time_delta_sensor_async.py
[2022-01-23 12:27:05,735] {logging_mixin.py:109} INFO - [2022-01-23 12:27:05,735] {dag.py:2396} INFO - Sync 1 DAGs
[2022-01-23 12:27:05,788] {logging_mixin.py:109} INFO - [2022-01-23 12:27:05,787] {dag.py:2928} INFO - Setting next_dagrun for example_time_delta_sensor_async to None
[2022-01-23 12:27:05,818] {processor.py:171} INFO - Processing /home/airflow/.local/lib/python3.7/site-packages/airflow/example_dags/example_time_delta_sensor_async.py took 0.248 seconds
[2022-01-23 12:27:36,177] {processor.py:163} INFO - Started process (PID=2264) to work on /home/airflow/.local/lib/python3.7/site-packages/airflow/example_dags/example_time_delta_sensor_async.py
[2022-01-23 12:27:36,182] {processor.py:625} INFO - Processing file /home/airflow/.local/lib/python3.7/site-packages/airflow/example_dags/example_time_delta_sensor_async.py for tasks to queue
[2022-01-23 12:27:36,185] {logging_mixin.py:109} INFO - [2022-01-23 12:27:36,185] {dagbag.py:500} INFO - Filling up the DagBag from /home/airflow/.local/lib/python3.7/site-packages/airflow/example_dags/example_time_delta_sensor_async.py
[2022-01-23 12:27:36,290] {processor.py:637} INFO - DAG(s) dict_keys(['example_time_delta_sensor_async']) retrieved from /home/airflow/.local/lib/python3.7/site-packages/airflow/example_dags/example_time_delta_sensor_async.py
[2022-01-23 12:27:36,336] {logging_mixin.py:109} INFO - [2022-01-23 12:27:36,335] {dag.py:2396} INFO - Sync 1 DAGs
[2022-01-23 12:27:36,452] {logging_mixin.py:109} INFO - [2022-01-23 12:27:36,452] {dag.py:2928} INFO - Setting next_dagrun for example_time_delta_sensor_async to None
[2022-01-23 12:27:36,480] {processor.py:171} INFO - Processing /home/airflow/.local/lib/python3.7/site-packages/airflow/example_dags/example_time_delta_sensor_async.py took 0.318 seconds
[2022-01-23 12:28:07,418] {processor.py:163} INFO - Started process (PID=2325) to work on /home/airflow/.local/lib/python3.7/site-packages/airflow/example_dags/example_time_delta_sensor_async.py
[2022-01-23 12:28:07,421] {processor.py:625} INFO - Processing file /home/airflow/.local/lib/python3.7/site-packages/airflow/example_dags/example_time_delta_sensor_async.py for tasks to queue
[2022-01-23 12:28:07,423] {logging_mixin.py:109} INFO - [2022-01-23 12:28:07,423] {dagbag.py:500} INFO - Filling up the DagBag from /home/airflow/.local/lib/python3.7/site-packages/airflow/example_dags/example_time_delta_sensor_async.py
[2022-01-23 12:28:07,482] {processor.py:637} INFO - DAG(s) dict_keys(['example_time_delta_sensor_async']) retrieved from /home/airflow/.local/lib/python3.7/site-packages/airflow/example_dags/example_time_delta_sensor_async.py
[2022-01-23 12:28:07,506] {logging_mixin.py:109} INFO - [2022-01-23 12:28:07,506] {dag.py:2396} INFO - Sync 1 DAGs
[2022-01-23 12:28:07,544] {logging_mixin.py:109} INFO - [2022-01-23 12:28:07,544] {dag.py:2928} INFO - Setting next_dagrun for example_time_delta_sensor_async to None
[2022-01-23 12:28:07,572] {processor.py:171} INFO - Processing /home/airflow/.local/lib/python3.7/site-packages/airflow/example_dags/example_time_delta_sensor_async.py took 0.165 seconds
[2022-01-23 12:28:37,832] {processor.py:163} INFO - Started process (PID=2378) to work on /home/airflow/.local/lib/python3.7/site-packages/airflow/example_dags/example_time_delta_sensor_async.py
[2022-01-23 12:28:37,838] {processor.py:625} INFO - Processing file /home/airflow/.local/lib/python3.7/site-packages/airflow/example_dags/example_time_delta_sensor_async.py for tasks to queue
[2022-01-23 12:28:37,845] {logging_mixin.py:109} INFO - [2022-01-23 12:28:37,844] {dagbag.py:500} INFO - Filling up the DagBag from /home/airflow/.local/lib/python3.7/site-packages/airflow/example_dags/example_time_delta_sensor_async.py
[2022-01-23 12:28:37,980] {processor.py:637} INFO - DAG(s) dict_keys(['example_time_delta_sensor_async']) retrieved from /home/airflow/.local/lib/python3.7/site-packages/airflow/example_dags/example_time_delta_sensor_async.py
[2022-01-23 12:28:38,019] {logging_mixin.py:109} INFO - [2022-01-23 12:28:38,018] {dag.py:2396} INFO - Sync 1 DAGs
[2022-01-23 12:28:38,102] {logging_mixin.py:109} INFO - [2022-01-23 12:28:38,101] {dag.py:2928} INFO - Setting next_dagrun for example_time_delta_sensor_async to None
[2022-01-23 12:28:38,144] {processor.py:171} INFO - Processing /home/airflow/.local/lib/python3.7/site-packages/airflow/example_dags/example_time_delta_sensor_async.py took 0.329 seconds
[2022-01-23 12:29:08,438] {processor.py:163} INFO - Started process (PID=2439) to work on /home/airflow/.local/lib/python3.7/site-packages/airflow/example_dags/example_time_delta_sensor_async.py
[2022-01-23 12:29:08,444] {processor.py:625} INFO - Processing file /home/airflow/.local/lib/python3.7/site-packages/airflow/example_dags/example_time_delta_sensor_async.py for tasks to queue
[2022-01-23 12:29:08,446] {logging_mixin.py:109} INFO - [2022-01-23 12:29:08,446] {dagbag.py:500} INFO - Filling up the DagBag from /home/airflow/.local/lib/python3.7/site-packages/airflow/example_dags/example_time_delta_sensor_async.py
[2022-01-23 12:29:08,531] {processor.py:637} INFO - DAG(s) dict_keys(['example_time_delta_sensor_async']) retrieved from /home/airflow/.local/lib/python3.7/site-packages/airflow/example_dags/example_time_delta_sensor_async.py
[2022-01-23 12:29:08,555] {logging_mixin.py:109} INFO - [2022-01-23 12:29:08,555] {dag.py:2396} INFO - Sync 1 DAGs
[2022-01-23 12:29:08,598] {logging_mixin.py:109} INFO - [2022-01-23 12:29:08,598] {dag.py:2928} INFO - Setting next_dagrun for example_time_delta_sensor_async to None
[2022-01-23 12:29:08,622] {processor.py:171} INFO - Processing /home/airflow/.local/lib/python3.7/site-packages/airflow/example_dags/example_time_delta_sensor_async.py took 0.194 seconds
[2022-01-23 12:29:38,798] {processor.py:163} INFO - Started process (PID=2500) to work on /home/airflow/.local/lib/python3.7/site-packages/airflow/example_dags/example_time_delta_sensor_async.py
[2022-01-23 12:29:38,809] {processor.py:625} INFO - Processing file /home/airflow/.local/lib/python3.7/site-packages/airflow/example_dags/example_time_delta_sensor_async.py for tasks to queue
[2022-01-23 12:29:38,812] {logging_mixin.py:109} INFO - [2022-01-23 12:29:38,812] {dagbag.py:500} INFO - Filling up the DagBag from /home/airflow/.local/lib/python3.7/site-packages/airflow/example_dags/example_time_delta_sensor_async.py
[2022-01-23 12:29:38,910] {processor.py:637} INFO - DAG(s) dict_keys(['example_time_delta_sensor_async']) retrieved from /home/airflow/.local/lib/python3.7/site-packages/airflow/example_dags/example_time_delta_sensor_async.py
[2022-01-23 12:29:38,932] {logging_mixin.py:109} INFO - [2022-01-23 12:29:38,932] {dag.py:2396} INFO - Sync 1 DAGs
[2022-01-23 12:29:38,990] {logging_mixin.py:109} INFO - [2022-01-23 12:29:38,990] {dag.py:2928} INFO - Setting next_dagrun for example_time_delta_sensor_async to None
[2022-01-23 12:29:39,012] {processor.py:171} INFO - Processing /home/airflow/.local/lib/python3.7/site-packages/airflow/example_dags/example_time_delta_sensor_async.py took 0.227 seconds
[2022-01-23 12:30:09,737] {processor.py:163} INFO - Started process (PID=2560) to work on /home/airflow/.local/lib/python3.7/site-packages/airflow/example_dags/example_time_delta_sensor_async.py
[2022-01-23 12:30:09,741] {processor.py:625} INFO - Processing file /home/airflow/.local/lib/python3.7/site-packages/airflow/example_dags/example_time_delta_sensor_async.py for tasks to queue
[2022-01-23 12:30:09,744] {logging_mixin.py:109} INFO - [2022-01-23 12:30:09,743] {dagbag.py:500} INFO - Filling up the DagBag from /home/airflow/.local/lib/python3.7/site-packages/airflow/example_dags/example_time_delta_sensor_async.py
[2022-01-23 12:30:09,850] {processor.py:637} INFO - DAG(s) dict_keys(['example_time_delta_sensor_async']) retrieved from /home/airflow/.local/lib/python3.7/site-packages/airflow/example_dags/example_time_delta_sensor_async.py
[2022-01-23 12:30:09,865] {logging_mixin.py:109} INFO - [2022-01-23 12:30:09,865] {dag.py:2396} INFO - Sync 1 DAGs
[2022-01-23 12:30:09,894] {logging_mixin.py:109} INFO - [2022-01-23 12:30:09,894] {dag.py:2928} INFO - Setting next_dagrun for example_time_delta_sensor_async to None
[2022-01-23 12:30:09,911] {processor.py:171} INFO - Processing /home/airflow/.local/lib/python3.7/site-packages/airflow/example_dags/example_time_delta_sensor_async.py took 0.200 seconds
[2022-01-23 12:30:40,076] {processor.py:163} INFO - Started process (PID=2621) to work on /home/airflow/.local/lib/python3.7/site-packages/airflow/example_dags/example_time_delta_sensor_async.py
[2022-01-23 12:30:40,082] {processor.py:625} INFO - Processing file /home/airflow/.local/lib/python3.7/site-packages/airflow/example_dags/example_time_delta_sensor_async.py for tasks to queue
[2022-01-23 12:30:40,085] {logging_mixin.py:109} INFO - [2022-01-23 12:30:40,085] {dagbag.py:500} INFO - Filling up the DagBag from /home/airflow/.local/lib/python3.7/site-packages/airflow/example_dags/example_time_delta_sensor_async.py
[2022-01-23 12:30:40,160] {processor.py:637} INFO - DAG(s) dict_keys(['example_time_delta_sensor_async']) retrieved from /home/airflow/.local/lib/python3.7/site-packages/airflow/example_dags/example_time_delta_sensor_async.py
[2022-01-23 12:30:40,177] {logging_mixin.py:109} INFO - [2022-01-23 12:30:40,176] {dag.py:2396} INFO - Sync 1 DAGs
[2022-01-23 12:30:40,207] {logging_mixin.py:109} INFO - [2022-01-23 12:30:40,207] {dag.py:2928} INFO - Setting next_dagrun for example_time_delta_sensor_async to None
[2022-01-23 12:30:40,224] {processor.py:171} INFO - Processing /home/airflow/.local/lib/python3.7/site-packages/airflow/example_dags/example_time_delta_sensor_async.py took 0.163 seconds
[2022-01-23 12:31:10,328] {processor.py:163} INFO - Started process (PID=2691) to work on /home/airflow/.local/lib/python3.7/site-packages/airflow/example_dags/example_time_delta_sensor_async.py
[2022-01-23 12:31:10,336] {processor.py:625} INFO - Processing file /home/airflow/.local/lib/python3.7/site-packages/airflow/example_dags/example_time_delta_sensor_async.py for tasks to queue
[2022-01-23 12:31:10,340] {logging_mixin.py:109} INFO - [2022-01-23 12:31:10,340] {dagbag.py:500} INFO - Filling up the DagBag from /home/airflow/.local/lib/python3.7/site-packages/airflow/example_dags/example_time_delta_sensor_async.py
[2022-01-23 12:31:10,427] {processor.py:637} INFO - DAG(s) dict_keys(['example_time_delta_sensor_async']) retrieved from /home/airflow/.local/lib/python3.7/site-packages/airflow/example_dags/example_time_delta_sensor_async.py
[2022-01-23 12:31:10,444] {logging_mixin.py:109} INFO - [2022-01-23 12:31:10,444] {dag.py:2396} INFO - Sync 1 DAGs
[2022-01-23 12:31:10,470] {logging_mixin.py:109} INFO - [2022-01-23 12:31:10,470] {dag.py:2928} INFO - Setting next_dagrun for example_time_delta_sensor_async to None
[2022-01-23 12:31:10,485] {processor.py:171} INFO - Processing /home/airflow/.local/lib/python3.7/site-packages/airflow/example_dags/example_time_delta_sensor_async.py took 0.170 seconds
[2022-01-23 12:31:41,237] {processor.py:163} INFO - Started process (PID=2753) to work on /home/airflow/.local/lib/python3.7/site-packages/airflow/example_dags/example_time_delta_sensor_async.py
[2022-01-23 12:31:41,239] {processor.py:625} INFO - Processing file /home/airflow/.local/lib/python3.7/site-packages/airflow/example_dags/example_time_delta_sensor_async.py for tasks to queue
[2022-01-23 12:31:41,241] {logging_mixin.py:109} INFO - [2022-01-23 12:31:41,241] {dagbag.py:500} INFO - Filling up the DagBag from /home/airflow/.local/lib/python3.7/site-packages/airflow/example_dags/example_time_delta_sensor_async.py
[2022-01-23 12:31:41,292] {processor.py:637} INFO - DAG(s) dict_keys(['example_time_delta_sensor_async']) retrieved from /home/airflow/.local/lib/python3.7/site-packages/airflow/example_dags/example_time_delta_sensor_async.py
[2022-01-23 12:31:41,310] {logging_mixin.py:109} INFO - [2022-01-23 12:31:41,310] {dag.py:2396} INFO - Sync 1 DAGs
[2022-01-23 12:31:41,338] {logging_mixin.py:109} INFO - [2022-01-23 12:31:41,338] {dag.py:2928} INFO - Setting next_dagrun for example_time_delta_sensor_async to None
[2022-01-23 12:31:41,357] {processor.py:171} INFO - Processing /home/airflow/.local/lib/python3.7/site-packages/airflow/example_dags/example_time_delta_sensor_async.py took 0.128 seconds
[2022-01-23 12:32:12,199] {processor.py:163} INFO - Started process (PID=2814) to work on /home/airflow/.local/lib/python3.7/site-packages/airflow/example_dags/example_time_delta_sensor_async.py
[2022-01-23 12:32:12,202] {processor.py:625} INFO - Processing file /home/airflow/.local/lib/python3.7/site-packages/airflow/example_dags/example_time_delta_sensor_async.py for tasks to queue
[2022-01-23 12:32:12,203] {logging_mixin.py:109} INFO - [2022-01-23 12:32:12,203] {dagbag.py:500} INFO - Filling up the DagBag from /home/airflow/.local/lib/python3.7/site-packages/airflow/example_dags/example_time_delta_sensor_async.py
[2022-01-23 12:32:12,258] {processor.py:637} INFO - DAG(s) dict_keys(['example_time_delta_sensor_async']) retrieved from /home/airflow/.local/lib/python3.7/site-packages/airflow/example_dags/example_time_delta_sensor_async.py
[2022-01-23 12:32:12,280] {logging_mixin.py:109} INFO - [2022-01-23 12:32:12,280] {dag.py:2396} INFO - Sync 1 DAGs
[2022-01-23 12:32:12,315] {logging_mixin.py:109} INFO - [2022-01-23 12:32:12,315] {dag.py:2928} INFO - Setting next_dagrun for example_time_delta_sensor_async to None
[2022-01-23 12:32:12,334] {processor.py:171} INFO - Processing /home/airflow/.local/lib/python3.7/site-packages/airflow/example_dags/example_time_delta_sensor_async.py took 0.141 seconds
[2022-01-23 12:32:42,435] {processor.py:163} INFO - Started process (PID=2874) to work on /home/airflow/.local/lib/python3.7/site-packages/airflow/example_dags/example_time_delta_sensor_async.py
[2022-01-23 12:32:42,438] {processor.py:625} INFO - Processing file /home/airflow/.local/lib/python3.7/site-packages/airflow/example_dags/example_time_delta_sensor_async.py for tasks to queue
[2022-01-23 12:32:42,440] {logging_mixin.py:109} INFO - [2022-01-23 12:32:42,440] {dagbag.py:500} INFO - Filling up the DagBag from /home/airflow/.local/lib/python3.7/site-packages/airflow/example_dags/example_time_delta_sensor_async.py
[2022-01-23 12:32:42,572] {processor.py:637} INFO - DAG(s) dict_keys(['example_time_delta_sensor_async']) retrieved from /home/airflow/.local/lib/python3.7/site-packages/airflow/example_dags/example_time_delta_sensor_async.py
[2022-01-23 12:32:42,636] {logging_mixin.py:109} INFO - [2022-01-23 12:32:42,636] {dag.py:2396} INFO - Sync 1 DAGs
[2022-01-23 12:32:42,704] {logging_mixin.py:109} INFO - [2022-01-23 12:32:42,704] {dag.py:2928} INFO - Setting next_dagrun for example_time_delta_sensor_async to None
[2022-01-23 12:32:42,723] {processor.py:171} INFO - Processing /home/airflow/.local/lib/python3.7/site-packages/airflow/example_dags/example_time_delta_sensor_async.py took 0.299 seconds
[2022-01-23 12:33:12,922] {processor.py:163} INFO - Started process (PID=2936) to work on /home/airflow/.local/lib/python3.7/site-packages/airflow/example_dags/example_time_delta_sensor_async.py
[2022-01-23 12:33:12,928] {processor.py:625} INFO - Processing file /home/airflow/.local/lib/python3.7/site-packages/airflow/example_dags/example_time_delta_sensor_async.py for tasks to queue
[2022-01-23 12:33:12,930] {logging_mixin.py:109} INFO - [2022-01-23 12:33:12,930] {dagbag.py:500} INFO - Filling up the DagBag from /home/airflow/.local/lib/python3.7/site-packages/airflow/example_dags/example_time_delta_sensor_async.py
[2022-01-23 12:33:12,983] {processor.py:637} INFO - DAG(s) dict_keys(['example_time_delta_sensor_async']) retrieved from /home/airflow/.local/lib/python3.7/site-packages/airflow/example_dags/example_time_delta_sensor_async.py
[2022-01-23 12:33:13,002] {logging_mixin.py:109} INFO - [2022-01-23 12:33:13,002] {dag.py:2396} INFO - Sync 1 DAGs
[2022-01-23 12:33:13,034] {logging_mixin.py:109} INFO - [2022-01-23 12:33:13,033] {dag.py:2928} INFO - Setting next_dagrun for example_time_delta_sensor_async to None
[2022-01-23 12:33:13,053] {processor.py:171} INFO - Processing /home/airflow/.local/lib/python3.7/site-packages/airflow/example_dags/example_time_delta_sensor_async.py took 0.137 seconds
[2022-01-23 12:33:43,549] {processor.py:163} INFO - Started process (PID=2999) to work on /home/airflow/.local/lib/python3.7/site-packages/airflow/example_dags/example_time_delta_sensor_async.py
[2022-01-23 12:33:43,555] {processor.py:625} INFO - Processing file /home/airflow/.local/lib/python3.7/site-packages/airflow/example_dags/example_time_delta_sensor_async.py for tasks to queue
[2022-01-23 12:33:43,559] {logging_mixin.py:109} INFO - [2022-01-23 12:33:43,559] {dagbag.py:500} INFO - Filling up the DagBag from /home/airflow/.local/lib/python3.7/site-packages/airflow/example_dags/example_time_delta_sensor_async.py
[2022-01-23 12:33:43,644] {processor.py:637} INFO - DAG(s) dict_keys(['example_time_delta_sensor_async']) retrieved from /home/airflow/.local/lib/python3.7/site-packages/airflow/example_dags/example_time_delta_sensor_async.py
[2022-01-23 12:33:43,665] {logging_mixin.py:109} INFO - [2022-01-23 12:33:43,665] {dag.py:2396} INFO - Sync 1 DAGs
[2022-01-23 12:33:43,694] {logging_mixin.py:109} INFO - [2022-01-23 12:33:43,693] {dag.py:2928} INFO - Setting next_dagrun for example_time_delta_sensor_async to None
[2022-01-23 12:33:43,710] {processor.py:171} INFO - Processing /home/airflow/.local/lib/python3.7/site-packages/airflow/example_dags/example_time_delta_sensor_async.py took 0.176 seconds
[2022-01-23 12:34:14,035] {processor.py:163} INFO - Started process (PID=3059) to work on /home/airflow/.local/lib/python3.7/site-packages/airflow/example_dags/example_time_delta_sensor_async.py
[2022-01-23 12:34:14,041] {processor.py:625} INFO - Processing file /home/airflow/.local/lib/python3.7/site-packages/airflow/example_dags/example_time_delta_sensor_async.py for tasks to queue
[2022-01-23 12:34:14,044] {logging_mixin.py:109} INFO - [2022-01-23 12:34:14,044] {dagbag.py:500} INFO - Filling up the DagBag from /home/airflow/.local/lib/python3.7/site-packages/airflow/example_dags/example_time_delta_sensor_async.py
[2022-01-23 12:34:14,140] {processor.py:637} INFO - DAG(s) dict_keys(['example_time_delta_sensor_async']) retrieved from /home/airflow/.local/lib/python3.7/site-packages/airflow/example_dags/example_time_delta_sensor_async.py
[2022-01-23 12:34:14,159] {logging_mixin.py:109} INFO - [2022-01-23 12:34:14,159] {dag.py:2396} INFO - Sync 1 DAGs
[2022-01-23 12:34:14,203] {logging_mixin.py:109} INFO - [2022-01-23 12:34:14,203] {dag.py:2928} INFO - Setting next_dagrun for example_time_delta_sensor_async to None
[2022-01-23 12:34:14,223] {processor.py:171} INFO - Processing /home/airflow/.local/lib/python3.7/site-packages/airflow/example_dags/example_time_delta_sensor_async.py took 0.194 seconds
[2022-01-23 12:34:44,374] {processor.py:163} INFO - Started process (PID=3121) to work on /home/airflow/.local/lib/python3.7/site-packages/airflow/example_dags/example_time_delta_sensor_async.py
[2022-01-23 12:34:44,377] {processor.py:625} INFO - Processing file /home/airflow/.local/lib/python3.7/site-packages/airflow/example_dags/example_time_delta_sensor_async.py for tasks to queue
[2022-01-23 12:34:44,378] {logging_mixin.py:109} INFO - [2022-01-23 12:34:44,378] {dagbag.py:500} INFO - Filling up the DagBag from /home/airflow/.local/lib/python3.7/site-packages/airflow/example_dags/example_time_delta_sensor_async.py
[2022-01-23 12:34:44,417] {processor.py:637} INFO - DAG(s) dict_keys(['example_time_delta_sensor_async']) retrieved from /home/airflow/.local/lib/python3.7/site-packages/airflow/example_dags/example_time_delta_sensor_async.py
[2022-01-23 12:34:44,436] {logging_mixin.py:109} INFO - [2022-01-23 12:34:44,435] {dag.py:2396} INFO - Sync 1 DAGs
[2022-01-23 12:34:44,459] {logging_mixin.py:109} INFO - [2022-01-23 12:34:44,459] {dag.py:2928} INFO - Setting next_dagrun for example_time_delta_sensor_async to None
[2022-01-23 12:34:44,475] {processor.py:171} INFO - Processing /home/airflow/.local/lib/python3.7/site-packages/airflow/example_dags/example_time_delta_sensor_async.py took 0.106 seconds
[2022-01-23 12:35:14,697] {processor.py:163} INFO - Started process (PID=3182) to work on /home/airflow/.local/lib/python3.7/site-packages/airflow/example_dags/example_time_delta_sensor_async.py
[2022-01-23 12:35:14,699] {processor.py:625} INFO - Processing file /home/airflow/.local/lib/python3.7/site-packages/airflow/example_dags/example_time_delta_sensor_async.py for tasks to queue
[2022-01-23 12:35:14,701] {logging_mixin.py:109} INFO - [2022-01-23 12:35:14,701] {dagbag.py:500} INFO - Filling up the DagBag from /home/airflow/.local/lib/python3.7/site-packages/airflow/example_dags/example_time_delta_sensor_async.py
[2022-01-23 12:35:14,748] {processor.py:637} INFO - DAG(s) dict_keys(['example_time_delta_sensor_async']) retrieved from /home/airflow/.local/lib/python3.7/site-packages/airflow/example_dags/example_time_delta_sensor_async.py
[2022-01-23 12:35:14,763] {logging_mixin.py:109} INFO - [2022-01-23 12:35:14,763] {dag.py:2396} INFO - Sync 1 DAGs
[2022-01-23 12:35:14,789] {logging_mixin.py:109} INFO - [2022-01-23 12:35:14,789] {dag.py:2928} INFO - Setting next_dagrun for example_time_delta_sensor_async to None
[2022-01-23 12:35:14,806] {processor.py:171} INFO - Processing /home/airflow/.local/lib/python3.7/site-packages/airflow/example_dags/example_time_delta_sensor_async.py took 0.116 seconds
[2022-01-23 12:35:44,991] {processor.py:163} INFO - Started process (PID=3243) to work on /home/airflow/.local/lib/python3.7/site-packages/airflow/example_dags/example_time_delta_sensor_async.py
[2022-01-23 12:35:44,994] {processor.py:625} INFO - Processing file /home/airflow/.local/lib/python3.7/site-packages/airflow/example_dags/example_time_delta_sensor_async.py for tasks to queue
[2022-01-23 12:35:44,995] {logging_mixin.py:109} INFO - [2022-01-23 12:35:44,995] {dagbag.py:500} INFO - Filling up the DagBag from /home/airflow/.local/lib/python3.7/site-packages/airflow/example_dags/example_time_delta_sensor_async.py
[2022-01-23 12:35:45,047] {processor.py:637} INFO - DAG(s) dict_keys(['example_time_delta_sensor_async']) retrieved from /home/airflow/.local/lib/python3.7/site-packages/airflow/example_dags/example_time_delta_sensor_async.py
[2022-01-23 12:35:45,066] {logging_mixin.py:109} INFO - [2022-01-23 12:35:45,065] {dag.py:2396} INFO - Sync 1 DAGs
[2022-01-23 12:35:45,095] {logging_mixin.py:109} INFO - [2022-01-23 12:35:45,095] {dag.py:2928} INFO - Setting next_dagrun for example_time_delta_sensor_async to None
[2022-01-23 12:35:45,115] {processor.py:171} INFO - Processing /home/airflow/.local/lib/python3.7/site-packages/airflow/example_dags/example_time_delta_sensor_async.py took 0.131 seconds
[2022-01-23 12:36:15,747] {processor.py:163} INFO - Started process (PID=3302) to work on /home/airflow/.local/lib/python3.7/site-packages/airflow/example_dags/example_time_delta_sensor_async.py
[2022-01-23 12:36:15,752] {processor.py:625} INFO - Processing file /home/airflow/.local/lib/python3.7/site-packages/airflow/example_dags/example_time_delta_sensor_async.py for tasks to queue
[2022-01-23 12:36:15,755] {logging_mixin.py:109} INFO - [2022-01-23 12:36:15,755] {dagbag.py:500} INFO - Filling up the DagBag from /home/airflow/.local/lib/python3.7/site-packages/airflow/example_dags/example_time_delta_sensor_async.py
[2022-01-23 12:36:15,852] {processor.py:637} INFO - DAG(s) dict_keys(['example_time_delta_sensor_async']) retrieved from /home/airflow/.local/lib/python3.7/site-packages/airflow/example_dags/example_time_delta_sensor_async.py
[2022-01-23 12:36:15,888] {logging_mixin.py:109} INFO - [2022-01-23 12:36:15,888] {dag.py:2396} INFO - Sync 1 DAGs
[2022-01-23 12:36:15,946] {logging_mixin.py:109} INFO - [2022-01-23 12:36:15,946] {dag.py:2928} INFO - Setting next_dagrun for example_time_delta_sensor_async to None
[2022-01-23 12:36:15,980] {processor.py:171} INFO - Processing /home/airflow/.local/lib/python3.7/site-packages/airflow/example_dags/example_time_delta_sensor_async.py took 0.247 seconds
[2022-01-23 12:36:46,776] {processor.py:163} INFO - Started process (PID=3362) to work on /home/airflow/.local/lib/python3.7/site-packages/airflow/example_dags/example_time_delta_sensor_async.py
[2022-01-23 12:36:46,781] {processor.py:625} INFO - Processing file /home/airflow/.local/lib/python3.7/site-packages/airflow/example_dags/example_time_delta_sensor_async.py for tasks to queue
[2022-01-23 12:36:46,784] {logging_mixin.py:109} INFO - [2022-01-23 12:36:46,783] {dagbag.py:500} INFO - Filling up the DagBag from /home/airflow/.local/lib/python3.7/site-packages/airflow/example_dags/example_time_delta_sensor_async.py
[2022-01-23 12:36:46,842] {processor.py:637} INFO - DAG(s) dict_keys(['example_time_delta_sensor_async']) retrieved from /home/airflow/.local/lib/python3.7/site-packages/airflow/example_dags/example_time_delta_sensor_async.py
[2022-01-23 12:36:46,863] {logging_mixin.py:109} INFO - [2022-01-23 12:36:46,863] {dag.py:2396} INFO - Sync 1 DAGs
[2022-01-23 12:36:46,897] {logging_mixin.py:109} INFO - [2022-01-23 12:36:46,897] {dag.py:2928} INFO - Setting next_dagrun for example_time_delta_sensor_async to None
[2022-01-23 12:36:46,916] {processor.py:171} INFO - Processing /home/airflow/.local/lib/python3.7/site-packages/airflow/example_dags/example_time_delta_sensor_async.py took 0.147 seconds
