[2022-01-23 12:09:33,306] {processor.py:163} INFO - Started process (PID=74) to work on /home/airflow/.local/lib/python3.7/site-packages/airflow/example_dags/tutorial_taskflow_api_etl_virtualenv.py
[2022-01-23 12:09:33,312] {processor.py:625} INFO - Processing file /home/airflow/.local/lib/python3.7/site-packages/airflow/example_dags/tutorial_taskflow_api_etl_virtualenv.py for tasks to queue
[2022-01-23 12:09:33,314] {logging_mixin.py:109} INFO - [2022-01-23 12:09:33,314] {dagbag.py:500} INFO - Filling up the DagBag from /home/airflow/.local/lib/python3.7/site-packages/airflow/example_dags/tutorial_taskflow_api_etl_virtualenv.py
[2022-01-23 12:09:33,421] {processor.py:637} INFO - DAG(s) dict_keys(['tutorial_taskflow_api_etl_virtualenv']) retrieved from /home/airflow/.local/lib/python3.7/site-packages/airflow/example_dags/tutorial_taskflow_api_etl_virtualenv.py
[2022-01-23 12:09:34,830] {logging_mixin.py:109} INFO - [2022-01-23 12:09:34,830] {dag.py:2396} INFO - Sync 1 DAGs
[2022-01-23 12:09:34,898] {logging_mixin.py:109} INFO - [2022-01-23 12:09:34,897] {dag.py:2928} INFO - Setting next_dagrun for tutorial_taskflow_api_etl_virtualenv to None
[2022-01-23 12:09:34,938] {processor.py:171} INFO - Processing /home/airflow/.local/lib/python3.7/site-packages/airflow/example_dags/tutorial_taskflow_api_etl_virtualenv.py took 1.646 seconds
[2022-01-23 12:10:06,877] {processor.py:163} INFO - Started process (PID=148) to work on /home/airflow/.local/lib/python3.7/site-packages/airflow/example_dags/tutorial_taskflow_api_etl_virtualenv.py
[2022-01-23 12:10:06,896] {processor.py:625} INFO - Processing file /home/airflow/.local/lib/python3.7/site-packages/airflow/example_dags/tutorial_taskflow_api_etl_virtualenv.py for tasks to queue
[2022-01-23 12:10:06,904] {logging_mixin.py:109} INFO - [2022-01-23 12:10:06,904] {dagbag.py:500} INFO - Filling up the DagBag from /home/airflow/.local/lib/python3.7/site-packages/airflow/example_dags/tutorial_taskflow_api_etl_virtualenv.py
[2022-01-23 12:10:07,135] {processor.py:637} INFO - DAG(s) dict_keys(['tutorial_taskflow_api_etl_virtualenv']) retrieved from /home/airflow/.local/lib/python3.7/site-packages/airflow/example_dags/tutorial_taskflow_api_etl_virtualenv.py
[2022-01-23 12:10:08,150] {logging_mixin.py:109} INFO - [2022-01-23 12:10:08,150] {dag.py:2396} INFO - Sync 1 DAGs
[2022-01-23 12:10:08,186] {logging_mixin.py:109} INFO - [2022-01-23 12:10:08,186] {dag.py:2928} INFO - Setting next_dagrun for tutorial_taskflow_api_etl_virtualenv to None
[2022-01-23 12:10:08,221] {processor.py:171} INFO - Processing /home/airflow/.local/lib/python3.7/site-packages/airflow/example_dags/tutorial_taskflow_api_etl_virtualenv.py took 1.351 seconds
[2022-01-23 12:10:38,466] {processor.py:163} INFO - Started process (PID=216) to work on /home/airflow/.local/lib/python3.7/site-packages/airflow/example_dags/tutorial_taskflow_api_etl_virtualenv.py
[2022-01-23 12:10:38,470] {processor.py:625} INFO - Processing file /home/airflow/.local/lib/python3.7/site-packages/airflow/example_dags/tutorial_taskflow_api_etl_virtualenv.py for tasks to queue
[2022-01-23 12:10:38,475] {logging_mixin.py:109} INFO - [2022-01-23 12:10:38,475] {dagbag.py:500} INFO - Filling up the DagBag from /home/airflow/.local/lib/python3.7/site-packages/airflow/example_dags/tutorial_taskflow_api_etl_virtualenv.py
[2022-01-23 12:10:38,585] {processor.py:637} INFO - DAG(s) dict_keys(['tutorial_taskflow_api_etl_virtualenv']) retrieved from /home/airflow/.local/lib/python3.7/site-packages/airflow/example_dags/tutorial_taskflow_api_etl_virtualenv.py
[2022-01-23 12:10:39,276] {logging_mixin.py:109} INFO - [2022-01-23 12:10:39,276] {dag.py:2396} INFO - Sync 1 DAGs
[2022-01-23 12:10:39,299] {logging_mixin.py:109} INFO - [2022-01-23 12:10:39,299] {dag.py:2928} INFO - Setting next_dagrun for tutorial_taskflow_api_etl_virtualenv to None
[2022-01-23 12:10:39,317] {processor.py:171} INFO - Processing /home/airflow/.local/lib/python3.7/site-packages/airflow/example_dags/tutorial_taskflow_api_etl_virtualenv.py took 0.862 seconds
[2022-01-23 12:11:09,894] {processor.py:163} INFO - Started process (PID=276) to work on /home/airflow/.local/lib/python3.7/site-packages/airflow/example_dags/tutorial_taskflow_api_etl_virtualenv.py
[2022-01-23 12:11:09,901] {processor.py:625} INFO - Processing file /home/airflow/.local/lib/python3.7/site-packages/airflow/example_dags/tutorial_taskflow_api_etl_virtualenv.py for tasks to queue
[2022-01-23 12:11:09,905] {logging_mixin.py:109} INFO - [2022-01-23 12:11:09,904] {dagbag.py:500} INFO - Filling up the DagBag from /home/airflow/.local/lib/python3.7/site-packages/airflow/example_dags/tutorial_taskflow_api_etl_virtualenv.py
[2022-01-23 12:11:10,024] {processor.py:637} INFO - DAG(s) dict_keys(['tutorial_taskflow_api_etl_virtualenv']) retrieved from /home/airflow/.local/lib/python3.7/site-packages/airflow/example_dags/tutorial_taskflow_api_etl_virtualenv.py
[2022-01-23 12:11:10,664] {logging_mixin.py:109} INFO - [2022-01-23 12:11:10,664] {dag.py:2396} INFO - Sync 1 DAGs
[2022-01-23 12:11:10,693] {logging_mixin.py:109} INFO - [2022-01-23 12:11:10,692] {dag.py:2928} INFO - Setting next_dagrun for tutorial_taskflow_api_etl_virtualenv to None
[2022-01-23 12:11:10,721] {processor.py:171} INFO - Processing /home/airflow/.local/lib/python3.7/site-packages/airflow/example_dags/tutorial_taskflow_api_etl_virtualenv.py took 0.846 seconds
[2022-01-23 12:11:41,058] {processor.py:163} INFO - Started process (PID=337) to work on /home/airflow/.local/lib/python3.7/site-packages/airflow/example_dags/tutorial_taskflow_api_etl_virtualenv.py
[2022-01-23 12:11:41,065] {processor.py:625} INFO - Processing file /home/airflow/.local/lib/python3.7/site-packages/airflow/example_dags/tutorial_taskflow_api_etl_virtualenv.py for tasks to queue
[2022-01-23 12:11:41,070] {logging_mixin.py:109} INFO - [2022-01-23 12:11:41,069] {dagbag.py:500} INFO - Filling up the DagBag from /home/airflow/.local/lib/python3.7/site-packages/airflow/example_dags/tutorial_taskflow_api_etl_virtualenv.py
[2022-01-23 12:11:41,289] {processor.py:637} INFO - DAG(s) dict_keys(['tutorial_taskflow_api_etl_virtualenv']) retrieved from /home/airflow/.local/lib/python3.7/site-packages/airflow/example_dags/tutorial_taskflow_api_etl_virtualenv.py
[2022-01-23 12:11:41,355] {logging_mixin.py:109} INFO - [2022-01-23 12:11:41,354] {dag.py:2396} INFO - Sync 1 DAGs
[2022-01-23 12:11:41,469] {logging_mixin.py:109} INFO - [2022-01-23 12:11:41,469] {dag.py:2928} INFO - Setting next_dagrun for tutorial_taskflow_api_etl_virtualenv to None
[2022-01-23 12:11:41,589] {processor.py:171} INFO - Processing /home/airflow/.local/lib/python3.7/site-packages/airflow/example_dags/tutorial_taskflow_api_etl_virtualenv.py took 0.548 seconds
[2022-01-23 12:12:12,321] {processor.py:163} INFO - Started process (PID=399) to work on /home/airflow/.local/lib/python3.7/site-packages/airflow/example_dags/tutorial_taskflow_api_etl_virtualenv.py
[2022-01-23 12:12:12,324] {processor.py:625} INFO - Processing file /home/airflow/.local/lib/python3.7/site-packages/airflow/example_dags/tutorial_taskflow_api_etl_virtualenv.py for tasks to queue
[2022-01-23 12:12:12,326] {logging_mixin.py:109} INFO - [2022-01-23 12:12:12,325] {dagbag.py:500} INFO - Filling up the DagBag from /home/airflow/.local/lib/python3.7/site-packages/airflow/example_dags/tutorial_taskflow_api_etl_virtualenv.py
[2022-01-23 12:12:12,366] {processor.py:637} INFO - DAG(s) dict_keys(['tutorial_taskflow_api_etl_virtualenv']) retrieved from /home/airflow/.local/lib/python3.7/site-packages/airflow/example_dags/tutorial_taskflow_api_etl_virtualenv.py
[2022-01-23 12:12:12,844] {logging_mixin.py:109} INFO - [2022-01-23 12:12:12,844] {dag.py:2396} INFO - Sync 1 DAGs
[2022-01-23 12:12:12,883] {logging_mixin.py:109} INFO - [2022-01-23 12:12:12,883] {dag.py:2928} INFO - Setting next_dagrun for tutorial_taskflow_api_etl_virtualenv to None
[2022-01-23 12:12:12,910] {processor.py:171} INFO - Processing /home/airflow/.local/lib/python3.7/site-packages/airflow/example_dags/tutorial_taskflow_api_etl_virtualenv.py took 0.594 seconds
[2022-01-23 12:12:43,158] {processor.py:163} INFO - Started process (PID=462) to work on /home/airflow/.local/lib/python3.7/site-packages/airflow/example_dags/tutorial_taskflow_api_etl_virtualenv.py
[2022-01-23 12:12:43,163] {processor.py:625} INFO - Processing file /home/airflow/.local/lib/python3.7/site-packages/airflow/example_dags/tutorial_taskflow_api_etl_virtualenv.py for tasks to queue
[2022-01-23 12:12:43,166] {logging_mixin.py:109} INFO - [2022-01-23 12:12:43,165] {dagbag.py:500} INFO - Filling up the DagBag from /home/airflow/.local/lib/python3.7/site-packages/airflow/example_dags/tutorial_taskflow_api_etl_virtualenv.py
[2022-01-23 12:12:43,259] {processor.py:637} INFO - DAG(s) dict_keys(['tutorial_taskflow_api_etl_virtualenv']) retrieved from /home/airflow/.local/lib/python3.7/site-packages/airflow/example_dags/tutorial_taskflow_api_etl_virtualenv.py
[2022-01-23 12:12:44,096] {logging_mixin.py:109} INFO - [2022-01-23 12:12:44,096] {dag.py:2396} INFO - Sync 1 DAGs
[2022-01-23 12:12:44,143] {logging_mixin.py:109} INFO - [2022-01-23 12:12:44,143] {dag.py:2928} INFO - Setting next_dagrun for tutorial_taskflow_api_etl_virtualenv to None
[2022-01-23 12:12:44,181] {processor.py:171} INFO - Processing /home/airflow/.local/lib/python3.7/site-packages/airflow/example_dags/tutorial_taskflow_api_etl_virtualenv.py took 1.033 seconds
[2022-01-23 12:13:14,465] {processor.py:163} INFO - Started process (PID=525) to work on /home/airflow/.local/lib/python3.7/site-packages/airflow/example_dags/tutorial_taskflow_api_etl_virtualenv.py
[2022-01-23 12:13:14,471] {processor.py:625} INFO - Processing file /home/airflow/.local/lib/python3.7/site-packages/airflow/example_dags/tutorial_taskflow_api_etl_virtualenv.py for tasks to queue
[2022-01-23 12:13:14,474] {logging_mixin.py:109} INFO - [2022-01-23 12:13:14,473] {dagbag.py:500} INFO - Filling up the DagBag from /home/airflow/.local/lib/python3.7/site-packages/airflow/example_dags/tutorial_taskflow_api_etl_virtualenv.py
[2022-01-23 12:13:14,559] {processor.py:637} INFO - DAG(s) dict_keys(['tutorial_taskflow_api_etl_virtualenv']) retrieved from /home/airflow/.local/lib/python3.7/site-packages/airflow/example_dags/tutorial_taskflow_api_etl_virtualenv.py
[2022-01-23 12:13:15,376] {logging_mixin.py:109} INFO - [2022-01-23 12:13:15,376] {dag.py:2396} INFO - Sync 1 DAGs
[2022-01-23 12:13:15,399] {logging_mixin.py:109} INFO - [2022-01-23 12:13:15,399] {dag.py:2928} INFO - Setting next_dagrun for tutorial_taskflow_api_etl_virtualenv to None
[2022-01-23 12:13:15,419] {processor.py:171} INFO - Processing /home/airflow/.local/lib/python3.7/site-packages/airflow/example_dags/tutorial_taskflow_api_etl_virtualenv.py took 0.962 seconds
[2022-01-23 12:13:45,746] {processor.py:163} INFO - Started process (PID=587) to work on /home/airflow/.local/lib/python3.7/site-packages/airflow/example_dags/tutorial_taskflow_api_etl_virtualenv.py
[2022-01-23 12:13:45,753] {processor.py:625} INFO - Processing file /home/airflow/.local/lib/python3.7/site-packages/airflow/example_dags/tutorial_taskflow_api_etl_virtualenv.py for tasks to queue
[2022-01-23 12:13:45,756] {logging_mixin.py:109} INFO - [2022-01-23 12:13:45,756] {dagbag.py:500} INFO - Filling up the DagBag from /home/airflow/.local/lib/python3.7/site-packages/airflow/example_dags/tutorial_taskflow_api_etl_virtualenv.py
[2022-01-23 12:13:45,875] {processor.py:637} INFO - DAG(s) dict_keys(['tutorial_taskflow_api_etl_virtualenv']) retrieved from /home/airflow/.local/lib/python3.7/site-packages/airflow/example_dags/tutorial_taskflow_api_etl_virtualenv.py
[2022-01-23 12:13:46,727] {logging_mixin.py:109} INFO - [2022-01-23 12:13:46,727] {dag.py:2396} INFO - Sync 1 DAGs
[2022-01-23 12:13:46,754] {logging_mixin.py:109} INFO - [2022-01-23 12:13:46,754] {dag.py:2928} INFO - Setting next_dagrun for tutorial_taskflow_api_etl_virtualenv to None
[2022-01-23 12:13:46,777] {processor.py:171} INFO - Processing /home/airflow/.local/lib/python3.7/site-packages/airflow/example_dags/tutorial_taskflow_api_etl_virtualenv.py took 1.041 seconds
[2022-01-23 12:14:17,386] {processor.py:163} INFO - Started process (PID=649) to work on /home/airflow/.local/lib/python3.7/site-packages/airflow/example_dags/tutorial_taskflow_api_etl_virtualenv.py
[2022-01-23 12:14:17,389] {processor.py:625} INFO - Processing file /home/airflow/.local/lib/python3.7/site-packages/airflow/example_dags/tutorial_taskflow_api_etl_virtualenv.py for tasks to queue
[2022-01-23 12:14:17,394] {logging_mixin.py:109} INFO - [2022-01-23 12:14:17,392] {dagbag.py:500} INFO - Filling up the DagBag from /home/airflow/.local/lib/python3.7/site-packages/airflow/example_dags/tutorial_taskflow_api_etl_virtualenv.py
[2022-01-23 12:14:17,556] {processor.py:637} INFO - DAG(s) dict_keys(['tutorial_taskflow_api_etl_virtualenv']) retrieved from /home/airflow/.local/lib/python3.7/site-packages/airflow/example_dags/tutorial_taskflow_api_etl_virtualenv.py
[2022-01-23 12:14:18,178] {logging_mixin.py:109} INFO - [2022-01-23 12:14:18,178] {dag.py:2396} INFO - Sync 1 DAGs
[2022-01-23 12:14:18,198] {logging_mixin.py:109} INFO - [2022-01-23 12:14:18,198] {dag.py:2928} INFO - Setting next_dagrun for tutorial_taskflow_api_etl_virtualenv to None
[2022-01-23 12:14:18,219] {processor.py:171} INFO - Processing /home/airflow/.local/lib/python3.7/site-packages/airflow/example_dags/tutorial_taskflow_api_etl_virtualenv.py took 0.845 seconds
[2022-01-23 12:14:48,964] {processor.py:163} INFO - Started process (PID=711) to work on /home/airflow/.local/lib/python3.7/site-packages/airflow/example_dags/tutorial_taskflow_api_etl_virtualenv.py
[2022-01-23 12:14:48,965] {processor.py:625} INFO - Processing file /home/airflow/.local/lib/python3.7/site-packages/airflow/example_dags/tutorial_taskflow_api_etl_virtualenv.py for tasks to queue
[2022-01-23 12:14:48,967] {logging_mixin.py:109} INFO - [2022-01-23 12:14:48,966] {dagbag.py:500} INFO - Filling up the DagBag from /home/airflow/.local/lib/python3.7/site-packages/airflow/example_dags/tutorial_taskflow_api_etl_virtualenv.py
[2022-01-23 12:14:49,024] {processor.py:637} INFO - DAG(s) dict_keys(['tutorial_taskflow_api_etl_virtualenv']) retrieved from /home/airflow/.local/lib/python3.7/site-packages/airflow/example_dags/tutorial_taskflow_api_etl_virtualenv.py
[2022-01-23 12:14:49,519] {logging_mixin.py:109} INFO - [2022-01-23 12:14:49,518] {dag.py:2396} INFO - Sync 1 DAGs
[2022-01-23 12:14:49,541] {logging_mixin.py:109} INFO - [2022-01-23 12:14:49,541] {dag.py:2928} INFO - Setting next_dagrun for tutorial_taskflow_api_etl_virtualenv to None
[2022-01-23 12:14:49,559] {processor.py:171} INFO - Processing /home/airflow/.local/lib/python3.7/site-packages/airflow/example_dags/tutorial_taskflow_api_etl_virtualenv.py took 0.600 seconds
[2022-01-23 12:15:20,201] {processor.py:163} INFO - Started process (PID=772) to work on /home/airflow/.local/lib/python3.7/site-packages/airflow/example_dags/tutorial_taskflow_api_etl_virtualenv.py
[2022-01-23 12:15:20,205] {processor.py:625} INFO - Processing file /home/airflow/.local/lib/python3.7/site-packages/airflow/example_dags/tutorial_taskflow_api_etl_virtualenv.py for tasks to queue
[2022-01-23 12:15:20,207] {logging_mixin.py:109} INFO - [2022-01-23 12:15:20,207] {dagbag.py:500} INFO - Filling up the DagBag from /home/airflow/.local/lib/python3.7/site-packages/airflow/example_dags/tutorial_taskflow_api_etl_virtualenv.py
[2022-01-23 12:15:20,276] {processor.py:637} INFO - DAG(s) dict_keys(['tutorial_taskflow_api_etl_virtualenv']) retrieved from /home/airflow/.local/lib/python3.7/site-packages/airflow/example_dags/tutorial_taskflow_api_etl_virtualenv.py
[2022-01-23 12:15:20,734] {logging_mixin.py:109} INFO - [2022-01-23 12:15:20,733] {dag.py:2396} INFO - Sync 1 DAGs
[2022-01-23 12:15:20,752] {logging_mixin.py:109} INFO - [2022-01-23 12:15:20,752] {dag.py:2928} INFO - Setting next_dagrun for tutorial_taskflow_api_etl_virtualenv to None
[2022-01-23 12:15:20,770] {processor.py:171} INFO - Processing /home/airflow/.local/lib/python3.7/site-packages/airflow/example_dags/tutorial_taskflow_api_etl_virtualenv.py took 0.578 seconds
[2022-01-23 12:15:51,145] {processor.py:163} INFO - Started process (PID=832) to work on /home/airflow/.local/lib/python3.7/site-packages/airflow/example_dags/tutorial_taskflow_api_etl_virtualenv.py
[2022-01-23 12:15:51,148] {processor.py:625} INFO - Processing file /home/airflow/.local/lib/python3.7/site-packages/airflow/example_dags/tutorial_taskflow_api_etl_virtualenv.py for tasks to queue
[2022-01-23 12:15:51,150] {logging_mixin.py:109} INFO - [2022-01-23 12:15:51,150] {dagbag.py:500} INFO - Filling up the DagBag from /home/airflow/.local/lib/python3.7/site-packages/airflow/example_dags/tutorial_taskflow_api_etl_virtualenv.py
[2022-01-23 12:15:51,227] {processor.py:637} INFO - DAG(s) dict_keys(['tutorial_taskflow_api_etl_virtualenv']) retrieved from /home/airflow/.local/lib/python3.7/site-packages/airflow/example_dags/tutorial_taskflow_api_etl_virtualenv.py
[2022-01-23 12:15:51,765] {logging_mixin.py:109} INFO - [2022-01-23 12:15:51,765] {dag.py:2396} INFO - Sync 1 DAGs
[2022-01-23 12:15:51,787] {logging_mixin.py:109} INFO - [2022-01-23 12:15:51,786] {dag.py:2928} INFO - Setting next_dagrun for tutorial_taskflow_api_etl_virtualenv to None
[2022-01-23 12:15:51,804] {processor.py:171} INFO - Processing /home/airflow/.local/lib/python3.7/site-packages/airflow/example_dags/tutorial_taskflow_api_etl_virtualenv.py took 0.666 seconds
[2022-01-23 12:16:22,024] {processor.py:163} INFO - Started process (PID=896) to work on /home/airflow/.local/lib/python3.7/site-packages/airflow/example_dags/tutorial_taskflow_api_etl_virtualenv.py
[2022-01-23 12:16:22,027] {processor.py:625} INFO - Processing file /home/airflow/.local/lib/python3.7/site-packages/airflow/example_dags/tutorial_taskflow_api_etl_virtualenv.py for tasks to queue
[2022-01-23 12:16:22,029] {logging_mixin.py:109} INFO - [2022-01-23 12:16:22,029] {dagbag.py:500} INFO - Filling up the DagBag from /home/airflow/.local/lib/python3.7/site-packages/airflow/example_dags/tutorial_taskflow_api_etl_virtualenv.py
[2022-01-23 12:16:22,106] {processor.py:637} INFO - DAG(s) dict_keys(['tutorial_taskflow_api_etl_virtualenv']) retrieved from /home/airflow/.local/lib/python3.7/site-packages/airflow/example_dags/tutorial_taskflow_api_etl_virtualenv.py
[2022-01-23 12:16:22,570] {logging_mixin.py:109} INFO - [2022-01-23 12:16:22,570] {dag.py:2396} INFO - Sync 1 DAGs
[2022-01-23 12:16:22,588] {logging_mixin.py:109} INFO - [2022-01-23 12:16:22,588] {dag.py:2928} INFO - Setting next_dagrun for tutorial_taskflow_api_etl_virtualenv to None
[2022-01-23 12:16:22,603] {processor.py:171} INFO - Processing /home/airflow/.local/lib/python3.7/site-packages/airflow/example_dags/tutorial_taskflow_api_etl_virtualenv.py took 0.586 seconds
[2022-01-23 12:16:53,241] {processor.py:163} INFO - Started process (PID=958) to work on /home/airflow/.local/lib/python3.7/site-packages/airflow/example_dags/tutorial_taskflow_api_etl_virtualenv.py
[2022-01-23 12:16:53,249] {processor.py:625} INFO - Processing file /home/airflow/.local/lib/python3.7/site-packages/airflow/example_dags/tutorial_taskflow_api_etl_virtualenv.py for tasks to queue
[2022-01-23 12:16:53,254] {logging_mixin.py:109} INFO - [2022-01-23 12:16:53,253] {dagbag.py:500} INFO - Filling up the DagBag from /home/airflow/.local/lib/python3.7/site-packages/airflow/example_dags/tutorial_taskflow_api_etl_virtualenv.py
[2022-01-23 12:16:53,377] {processor.py:637} INFO - DAG(s) dict_keys(['tutorial_taskflow_api_etl_virtualenv']) retrieved from /home/airflow/.local/lib/python3.7/site-packages/airflow/example_dags/tutorial_taskflow_api_etl_virtualenv.py
[2022-01-23 12:16:54,175] {logging_mixin.py:109} INFO - [2022-01-23 12:16:54,175] {dag.py:2396} INFO - Sync 1 DAGs
[2022-01-23 12:16:54,218] {logging_mixin.py:109} INFO - [2022-01-23 12:16:54,218] {dag.py:2928} INFO - Setting next_dagrun for tutorial_taskflow_api_etl_virtualenv to None
[2022-01-23 12:16:54,251] {processor.py:171} INFO - Processing /home/airflow/.local/lib/python3.7/site-packages/airflow/example_dags/tutorial_taskflow_api_etl_virtualenv.py took 1.031 seconds
[2022-01-23 12:17:24,626] {processor.py:163} INFO - Started process (PID=1021) to work on /home/airflow/.local/lib/python3.7/site-packages/airflow/example_dags/tutorial_taskflow_api_etl_virtualenv.py
[2022-01-23 12:17:24,629] {processor.py:625} INFO - Processing file /home/airflow/.local/lib/python3.7/site-packages/airflow/example_dags/tutorial_taskflow_api_etl_virtualenv.py for tasks to queue
[2022-01-23 12:17:24,630] {logging_mixin.py:109} INFO - [2022-01-23 12:17:24,630] {dagbag.py:500} INFO - Filling up the DagBag from /home/airflow/.local/lib/python3.7/site-packages/airflow/example_dags/tutorial_taskflow_api_etl_virtualenv.py
[2022-01-23 12:17:24,684] {processor.py:637} INFO - DAG(s) dict_keys(['tutorial_taskflow_api_etl_virtualenv']) retrieved from /home/airflow/.local/lib/python3.7/site-packages/airflow/example_dags/tutorial_taskflow_api_etl_virtualenv.py
[2022-01-23 12:17:25,472] {logging_mixin.py:109} INFO - [2022-01-23 12:17:25,471] {dag.py:2396} INFO - Sync 1 DAGs
[2022-01-23 12:17:25,532] {logging_mixin.py:109} INFO - [2022-01-23 12:17:25,531] {dag.py:2928} INFO - Setting next_dagrun for tutorial_taskflow_api_etl_virtualenv to None
[2022-01-23 12:17:25,575] {processor.py:171} INFO - Processing /home/airflow/.local/lib/python3.7/site-packages/airflow/example_dags/tutorial_taskflow_api_etl_virtualenv.py took 0.955 seconds
[2022-01-23 12:17:55,681] {processor.py:163} INFO - Started process (PID=1083) to work on /home/airflow/.local/lib/python3.7/site-packages/airflow/example_dags/tutorial_taskflow_api_etl_virtualenv.py
[2022-01-23 12:17:55,686] {processor.py:625} INFO - Processing file /home/airflow/.local/lib/python3.7/site-packages/airflow/example_dags/tutorial_taskflow_api_etl_virtualenv.py for tasks to queue
[2022-01-23 12:17:55,690] {logging_mixin.py:109} INFO - [2022-01-23 12:17:55,689] {dagbag.py:500} INFO - Filling up the DagBag from /home/airflow/.local/lib/python3.7/site-packages/airflow/example_dags/tutorial_taskflow_api_etl_virtualenv.py
[2022-01-23 12:17:55,804] {processor.py:637} INFO - DAG(s) dict_keys(['tutorial_taskflow_api_etl_virtualenv']) retrieved from /home/airflow/.local/lib/python3.7/site-packages/airflow/example_dags/tutorial_taskflow_api_etl_virtualenv.py
[2022-01-23 12:17:56,377] {logging_mixin.py:109} INFO - [2022-01-23 12:17:56,376] {dag.py:2396} INFO - Sync 1 DAGs
[2022-01-23 12:17:56,410] {logging_mixin.py:109} INFO - [2022-01-23 12:17:56,410] {dag.py:2928} INFO - Setting next_dagrun for tutorial_taskflow_api_etl_virtualenv to None
[2022-01-23 12:17:56,437] {processor.py:171} INFO - Processing /home/airflow/.local/lib/python3.7/site-packages/airflow/example_dags/tutorial_taskflow_api_etl_virtualenv.py took 0.769 seconds
[2022-01-23 12:18:26,504] {processor.py:163} INFO - Started process (PID=1144) to work on /home/airflow/.local/lib/python3.7/site-packages/airflow/example_dags/tutorial_taskflow_api_etl_virtualenv.py
[2022-01-23 12:18:26,506] {processor.py:625} INFO - Processing file /home/airflow/.local/lib/python3.7/site-packages/airflow/example_dags/tutorial_taskflow_api_etl_virtualenv.py for tasks to queue
[2022-01-23 12:18:26,508] {logging_mixin.py:109} INFO - [2022-01-23 12:18:26,508] {dagbag.py:500} INFO - Filling up the DagBag from /home/airflow/.local/lib/python3.7/site-packages/airflow/example_dags/tutorial_taskflow_api_etl_virtualenv.py
[2022-01-23 12:18:26,563] {processor.py:637} INFO - DAG(s) dict_keys(['tutorial_taskflow_api_etl_virtualenv']) retrieved from /home/airflow/.local/lib/python3.7/site-packages/airflow/example_dags/tutorial_taskflow_api_etl_virtualenv.py
[2022-01-23 12:18:26,977] {logging_mixin.py:109} INFO - [2022-01-23 12:18:26,977] {dag.py:2396} INFO - Sync 1 DAGs
[2022-01-23 12:18:26,994] {logging_mixin.py:109} INFO - [2022-01-23 12:18:26,994] {dag.py:2928} INFO - Setting next_dagrun for tutorial_taskflow_api_etl_virtualenv to None
[2022-01-23 12:18:27,011] {processor.py:171} INFO - Processing /home/airflow/.local/lib/python3.7/site-packages/airflow/example_dags/tutorial_taskflow_api_etl_virtualenv.py took 0.512 seconds
[2022-01-23 12:18:57,567] {processor.py:163} INFO - Started process (PID=1207) to work on /home/airflow/.local/lib/python3.7/site-packages/airflow/example_dags/tutorial_taskflow_api_etl_virtualenv.py
[2022-01-23 12:18:57,570] {processor.py:625} INFO - Processing file /home/airflow/.local/lib/python3.7/site-packages/airflow/example_dags/tutorial_taskflow_api_etl_virtualenv.py for tasks to queue
[2022-01-23 12:18:57,572] {logging_mixin.py:109} INFO - [2022-01-23 12:18:57,572] {dagbag.py:500} INFO - Filling up the DagBag from /home/airflow/.local/lib/python3.7/site-packages/airflow/example_dags/tutorial_taskflow_api_etl_virtualenv.py
[2022-01-23 12:18:57,629] {processor.py:637} INFO - DAG(s) dict_keys(['tutorial_taskflow_api_etl_virtualenv']) retrieved from /home/airflow/.local/lib/python3.7/site-packages/airflow/example_dags/tutorial_taskflow_api_etl_virtualenv.py
[2022-01-23 12:18:58,240] {logging_mixin.py:109} INFO - [2022-01-23 12:18:58,240] {dag.py:2396} INFO - Sync 1 DAGs
[2022-01-23 12:18:58,279] {logging_mixin.py:109} INFO - [2022-01-23 12:18:58,279] {dag.py:2928} INFO - Setting next_dagrun for tutorial_taskflow_api_etl_virtualenv to None
[2022-01-23 12:18:58,306] {processor.py:171} INFO - Processing /home/airflow/.local/lib/python3.7/site-packages/airflow/example_dags/tutorial_taskflow_api_etl_virtualenv.py took 0.744 seconds
[2022-01-23 12:19:28,516] {processor.py:163} INFO - Started process (PID=1268) to work on /home/airflow/.local/lib/python3.7/site-packages/airflow/example_dags/tutorial_taskflow_api_etl_virtualenv.py
[2022-01-23 12:19:28,520] {processor.py:625} INFO - Processing file /home/airflow/.local/lib/python3.7/site-packages/airflow/example_dags/tutorial_taskflow_api_etl_virtualenv.py for tasks to queue
[2022-01-23 12:19:28,522] {logging_mixin.py:109} INFO - [2022-01-23 12:19:28,522] {dagbag.py:500} INFO - Filling up the DagBag from /home/airflow/.local/lib/python3.7/site-packages/airflow/example_dags/tutorial_taskflow_api_etl_virtualenv.py
[2022-01-23 12:19:28,769] {processor.py:637} INFO - DAG(s) dict_keys(['tutorial_taskflow_api_etl_virtualenv']) retrieved from /home/airflow/.local/lib/python3.7/site-packages/airflow/example_dags/tutorial_taskflow_api_etl_virtualenv.py
[2022-01-23 12:19:29,179] {logging_mixin.py:109} INFO - [2022-01-23 12:19:29,178] {dag.py:2396} INFO - Sync 1 DAGs
[2022-01-23 12:19:29,203] {logging_mixin.py:109} INFO - [2022-01-23 12:19:29,203] {dag.py:2928} INFO - Setting next_dagrun for tutorial_taskflow_api_etl_virtualenv to None
[2022-01-23 12:19:29,219] {processor.py:171} INFO - Processing /home/airflow/.local/lib/python3.7/site-packages/airflow/example_dags/tutorial_taskflow_api_etl_virtualenv.py took 0.712 seconds
[2022-01-23 12:19:59,670] {processor.py:163} INFO - Started process (PID=1340) to work on /home/airflow/.local/lib/python3.7/site-packages/airflow/example_dags/tutorial_taskflow_api_etl_virtualenv.py
[2022-01-23 12:19:59,674] {processor.py:625} INFO - Processing file /home/airflow/.local/lib/python3.7/site-packages/airflow/example_dags/tutorial_taskflow_api_etl_virtualenv.py for tasks to queue
[2022-01-23 12:19:59,676] {logging_mixin.py:109} INFO - [2022-01-23 12:19:59,676] {dagbag.py:500} INFO - Filling up the DagBag from /home/airflow/.local/lib/python3.7/site-packages/airflow/example_dags/tutorial_taskflow_api_etl_virtualenv.py
[2022-01-23 12:19:59,951] {processor.py:637} INFO - DAG(s) dict_keys(['tutorial_taskflow_api_etl_virtualenv']) retrieved from /home/airflow/.local/lib/python3.7/site-packages/airflow/example_dags/tutorial_taskflow_api_etl_virtualenv.py
[2022-01-23 12:20:00,482] {logging_mixin.py:109} INFO - [2022-01-23 12:20:00,482] {dag.py:2396} INFO - Sync 1 DAGs
[2022-01-23 12:20:00,506] {logging_mixin.py:109} INFO - [2022-01-23 12:20:00,506] {dag.py:2928} INFO - Setting next_dagrun for tutorial_taskflow_api_etl_virtualenv to None
[2022-01-23 12:20:00,531] {processor.py:171} INFO - Processing /home/airflow/.local/lib/python3.7/site-packages/airflow/example_dags/tutorial_taskflow_api_etl_virtualenv.py took 0.872 seconds
[2022-01-23 12:20:31,443] {processor.py:163} INFO - Started process (PID=1401) to work on /home/airflow/.local/lib/python3.7/site-packages/airflow/example_dags/tutorial_taskflow_api_etl_virtualenv.py
[2022-01-23 12:20:31,449] {processor.py:625} INFO - Processing file /home/airflow/.local/lib/python3.7/site-packages/airflow/example_dags/tutorial_taskflow_api_etl_virtualenv.py for tasks to queue
[2022-01-23 12:20:31,454] {logging_mixin.py:109} INFO - [2022-01-23 12:20:31,453] {dagbag.py:500} INFO - Filling up the DagBag from /home/airflow/.local/lib/python3.7/site-packages/airflow/example_dags/tutorial_taskflow_api_etl_virtualenv.py
[2022-01-23 12:20:31,845] {processor.py:637} INFO - DAG(s) dict_keys(['tutorial_taskflow_api_etl_virtualenv']) retrieved from /home/airflow/.local/lib/python3.7/site-packages/airflow/example_dags/tutorial_taskflow_api_etl_virtualenv.py
[2022-01-23 12:20:32,139] {logging_mixin.py:109} INFO - [2022-01-23 12:20:32,139] {dag.py:2396} INFO - Sync 1 DAGs
[2022-01-23 12:20:32,155] {logging_mixin.py:109} INFO - [2022-01-23 12:20:32,155] {dag.py:2928} INFO - Setting next_dagrun for tutorial_taskflow_api_etl_virtualenv to None
[2022-01-23 12:20:32,167] {processor.py:171} INFO - Processing /home/airflow/.local/lib/python3.7/site-packages/airflow/example_dags/tutorial_taskflow_api_etl_virtualenv.py took 0.741 seconds
[2022-01-23 12:21:02,397] {processor.py:163} INFO - Started process (PID=1463) to work on /home/airflow/.local/lib/python3.7/site-packages/airflow/example_dags/tutorial_taskflow_api_etl_virtualenv.py
[2022-01-23 12:21:02,403] {processor.py:625} INFO - Processing file /home/airflow/.local/lib/python3.7/site-packages/airflow/example_dags/tutorial_taskflow_api_etl_virtualenv.py for tasks to queue
[2022-01-23 12:21:02,406] {logging_mixin.py:109} INFO - [2022-01-23 12:21:02,406] {dagbag.py:500} INFO - Filling up the DagBag from /home/airflow/.local/lib/python3.7/site-packages/airflow/example_dags/tutorial_taskflow_api_etl_virtualenv.py
[2022-01-23 12:21:02,712] {processor.py:637} INFO - DAG(s) dict_keys(['tutorial_taskflow_api_etl_virtualenv']) retrieved from /home/airflow/.local/lib/python3.7/site-packages/airflow/example_dags/tutorial_taskflow_api_etl_virtualenv.py
[2022-01-23 12:21:03,082] {logging_mixin.py:109} INFO - [2022-01-23 12:21:03,082] {dag.py:2396} INFO - Sync 1 DAGs
[2022-01-23 12:21:03,101] {logging_mixin.py:109} INFO - [2022-01-23 12:21:03,101] {dag.py:2928} INFO - Setting next_dagrun for tutorial_taskflow_api_etl_virtualenv to None
[2022-01-23 12:21:03,118] {processor.py:171} INFO - Processing /home/airflow/.local/lib/python3.7/site-packages/airflow/example_dags/tutorial_taskflow_api_etl_virtualenv.py took 0.735 seconds
[2022-01-23 12:21:34,087] {processor.py:163} INFO - Started process (PID=1525) to work on /home/airflow/.local/lib/python3.7/site-packages/airflow/example_dags/tutorial_taskflow_api_etl_virtualenv.py
[2022-01-23 12:21:34,094] {processor.py:625} INFO - Processing file /home/airflow/.local/lib/python3.7/site-packages/airflow/example_dags/tutorial_taskflow_api_etl_virtualenv.py for tasks to queue
[2022-01-23 12:21:34,096] {logging_mixin.py:109} INFO - [2022-01-23 12:21:34,096] {dagbag.py:500} INFO - Filling up the DagBag from /home/airflow/.local/lib/python3.7/site-packages/airflow/example_dags/tutorial_taskflow_api_etl_virtualenv.py
[2022-01-23 12:21:34,521] {processor.py:637} INFO - DAG(s) dict_keys(['tutorial_taskflow_api_etl_virtualenv']) retrieved from /home/airflow/.local/lib/python3.7/site-packages/airflow/example_dags/tutorial_taskflow_api_etl_virtualenv.py
[2022-01-23 12:21:34,965] {logging_mixin.py:109} INFO - [2022-01-23 12:21:34,965] {dag.py:2396} INFO - Sync 1 DAGs
[2022-01-23 12:21:34,990] {logging_mixin.py:109} INFO - [2022-01-23 12:21:34,990] {dag.py:2928} INFO - Setting next_dagrun for tutorial_taskflow_api_etl_virtualenv to None
[2022-01-23 12:21:35,007] {processor.py:171} INFO - Processing /home/airflow/.local/lib/python3.7/site-packages/airflow/example_dags/tutorial_taskflow_api_etl_virtualenv.py took 0.938 seconds
[2022-01-23 12:22:05,913] {processor.py:163} INFO - Started process (PID=1586) to work on /home/airflow/.local/lib/python3.7/site-packages/airflow/example_dags/tutorial_taskflow_api_etl_virtualenv.py
[2022-01-23 12:22:05,920] {processor.py:625} INFO - Processing file /home/airflow/.local/lib/python3.7/site-packages/airflow/example_dags/tutorial_taskflow_api_etl_virtualenv.py for tasks to queue
[2022-01-23 12:22:05,926] {logging_mixin.py:109} INFO - [2022-01-23 12:22:05,925] {dagbag.py:500} INFO - Filling up the DagBag from /home/airflow/.local/lib/python3.7/site-packages/airflow/example_dags/tutorial_taskflow_api_etl_virtualenv.py
[2022-01-23 12:22:06,050] {processor.py:637} INFO - DAG(s) dict_keys(['tutorial_taskflow_api_etl_virtualenv']) retrieved from /home/airflow/.local/lib/python3.7/site-packages/airflow/example_dags/tutorial_taskflow_api_etl_virtualenv.py
[2022-01-23 12:22:06,401] {logging_mixin.py:109} INFO - [2022-01-23 12:22:06,400] {dag.py:2396} INFO - Sync 1 DAGs
[2022-01-23 12:22:06,433] {logging_mixin.py:109} INFO - [2022-01-23 12:22:06,432] {dag.py:2928} INFO - Setting next_dagrun for tutorial_taskflow_api_etl_virtualenv to None
[2022-01-23 12:22:06,469] {processor.py:171} INFO - Processing /home/airflow/.local/lib/python3.7/site-packages/airflow/example_dags/tutorial_taskflow_api_etl_virtualenv.py took 0.573 seconds
[2022-01-23 12:22:37,353] {processor.py:163} INFO - Started process (PID=1658) to work on /home/airflow/.local/lib/python3.7/site-packages/airflow/example_dags/tutorial_taskflow_api_etl_virtualenv.py
[2022-01-23 12:22:37,355] {processor.py:625} INFO - Processing file /home/airflow/.local/lib/python3.7/site-packages/airflow/example_dags/tutorial_taskflow_api_etl_virtualenv.py for tasks to queue
[2022-01-23 12:22:37,357] {logging_mixin.py:109} INFO - [2022-01-23 12:22:37,357] {dagbag.py:500} INFO - Filling up the DagBag from /home/airflow/.local/lib/python3.7/site-packages/airflow/example_dags/tutorial_taskflow_api_etl_virtualenv.py
[2022-01-23 12:22:37,405] {processor.py:637} INFO - DAG(s) dict_keys(['tutorial_taskflow_api_etl_virtualenv']) retrieved from /home/airflow/.local/lib/python3.7/site-packages/airflow/example_dags/tutorial_taskflow_api_etl_virtualenv.py
[2022-01-23 12:22:37,848] {logging_mixin.py:109} INFO - [2022-01-23 12:22:37,847] {dag.py:2396} INFO - Sync 1 DAGs
[2022-01-23 12:22:37,876] {logging_mixin.py:109} INFO - [2022-01-23 12:22:37,876] {dag.py:2928} INFO - Setting next_dagrun for tutorial_taskflow_api_etl_virtualenv to None
[2022-01-23 12:22:37,897] {processor.py:171} INFO - Processing /home/airflow/.local/lib/python3.7/site-packages/airflow/example_dags/tutorial_taskflow_api_etl_virtualenv.py took 0.548 seconds
[2022-01-23 12:23:08,259] {processor.py:163} INFO - Started process (PID=1718) to work on /home/airflow/.local/lib/python3.7/site-packages/airflow/example_dags/tutorial_taskflow_api_etl_virtualenv.py
[2022-01-23 12:23:08,261] {processor.py:625} INFO - Processing file /home/airflow/.local/lib/python3.7/site-packages/airflow/example_dags/tutorial_taskflow_api_etl_virtualenv.py for tasks to queue
[2022-01-23 12:23:08,264] {logging_mixin.py:109} INFO - [2022-01-23 12:23:08,263] {dagbag.py:500} INFO - Filling up the DagBag from /home/airflow/.local/lib/python3.7/site-packages/airflow/example_dags/tutorial_taskflow_api_etl_virtualenv.py
[2022-01-23 12:23:08,345] {processor.py:637} INFO - DAG(s) dict_keys(['tutorial_taskflow_api_etl_virtualenv']) retrieved from /home/airflow/.local/lib/python3.7/site-packages/airflow/example_dags/tutorial_taskflow_api_etl_virtualenv.py
[2022-01-23 12:23:08,837] {logging_mixin.py:109} INFO - [2022-01-23 12:23:08,837] {dag.py:2396} INFO - Sync 1 DAGs
[2022-01-23 12:23:08,864] {logging_mixin.py:109} INFO - [2022-01-23 12:23:08,864] {dag.py:2928} INFO - Setting next_dagrun for tutorial_taskflow_api_etl_virtualenv to None
[2022-01-23 12:23:08,886] {processor.py:171} INFO - Processing /home/airflow/.local/lib/python3.7/site-packages/airflow/example_dags/tutorial_taskflow_api_etl_virtualenv.py took 0.641 seconds
[2022-01-23 12:23:39,115] {processor.py:163} INFO - Started process (PID=1778) to work on /home/airflow/.local/lib/python3.7/site-packages/airflow/example_dags/tutorial_taskflow_api_etl_virtualenv.py
[2022-01-23 12:23:39,118] {processor.py:625} INFO - Processing file /home/airflow/.local/lib/python3.7/site-packages/airflow/example_dags/tutorial_taskflow_api_etl_virtualenv.py for tasks to queue
[2022-01-23 12:23:39,120] {logging_mixin.py:109} INFO - [2022-01-23 12:23:39,119] {dagbag.py:500} INFO - Filling up the DagBag from /home/airflow/.local/lib/python3.7/site-packages/airflow/example_dags/tutorial_taskflow_api_etl_virtualenv.py
[2022-01-23 12:23:39,180] {processor.py:637} INFO - DAG(s) dict_keys(['tutorial_taskflow_api_etl_virtualenv']) retrieved from /home/airflow/.local/lib/python3.7/site-packages/airflow/example_dags/tutorial_taskflow_api_etl_virtualenv.py
[2022-01-23 12:23:39,450] {logging_mixin.py:109} INFO - [2022-01-23 12:23:39,450] {dag.py:2396} INFO - Sync 1 DAGs
[2022-01-23 12:23:39,468] {logging_mixin.py:109} INFO - [2022-01-23 12:23:39,468] {dag.py:2928} INFO - Setting next_dagrun for tutorial_taskflow_api_etl_virtualenv to None
[2022-01-23 12:23:39,483] {processor.py:171} INFO - Processing /home/airflow/.local/lib/python3.7/site-packages/airflow/example_dags/tutorial_taskflow_api_etl_virtualenv.py took 0.374 seconds
[2022-01-23 12:24:09,836] {processor.py:163} INFO - Started process (PID=1839) to work on /home/airflow/.local/lib/python3.7/site-packages/airflow/example_dags/tutorial_taskflow_api_etl_virtualenv.py
[2022-01-23 12:24:09,838] {processor.py:625} INFO - Processing file /home/airflow/.local/lib/python3.7/site-packages/airflow/example_dags/tutorial_taskflow_api_etl_virtualenv.py for tasks to queue
[2022-01-23 12:24:09,840] {logging_mixin.py:109} INFO - [2022-01-23 12:24:09,839] {dagbag.py:500} INFO - Filling up the DagBag from /home/airflow/.local/lib/python3.7/site-packages/airflow/example_dags/tutorial_taskflow_api_etl_virtualenv.py
[2022-01-23 12:24:09,891] {processor.py:637} INFO - DAG(s) dict_keys(['tutorial_taskflow_api_etl_virtualenv']) retrieved from /home/airflow/.local/lib/python3.7/site-packages/airflow/example_dags/tutorial_taskflow_api_etl_virtualenv.py
[2022-01-23 12:24:10,334] {logging_mixin.py:109} INFO - [2022-01-23 12:24:10,334] {dag.py:2396} INFO - Sync 1 DAGs
[2022-01-23 12:24:10,357] {logging_mixin.py:109} INFO - [2022-01-23 12:24:10,357] {dag.py:2928} INFO - Setting next_dagrun for tutorial_taskflow_api_etl_virtualenv to None
[2022-01-23 12:24:10,375] {processor.py:171} INFO - Processing /home/airflow/.local/lib/python3.7/site-packages/airflow/example_dags/tutorial_taskflow_api_etl_virtualenv.py took 0.547 seconds
[2022-01-23 12:24:40,874] {processor.py:163} INFO - Started process (PID=1900) to work on /home/airflow/.local/lib/python3.7/site-packages/airflow/example_dags/tutorial_taskflow_api_etl_virtualenv.py
[2022-01-23 12:24:40,876] {processor.py:625} INFO - Processing file /home/airflow/.local/lib/python3.7/site-packages/airflow/example_dags/tutorial_taskflow_api_etl_virtualenv.py for tasks to queue
[2022-01-23 12:24:40,877] {logging_mixin.py:109} INFO - [2022-01-23 12:24:40,877] {dagbag.py:500} INFO - Filling up the DagBag from /home/airflow/.local/lib/python3.7/site-packages/airflow/example_dags/tutorial_taskflow_api_etl_virtualenv.py
[2022-01-23 12:24:40,923] {processor.py:637} INFO - DAG(s) dict_keys(['tutorial_taskflow_api_etl_virtualenv']) retrieved from /home/airflow/.local/lib/python3.7/site-packages/airflow/example_dags/tutorial_taskflow_api_etl_virtualenv.py
[2022-01-23 12:24:41,263] {logging_mixin.py:109} INFO - [2022-01-23 12:24:41,262] {dag.py:2396} INFO - Sync 1 DAGs
[2022-01-23 12:24:41,293] {logging_mixin.py:109} INFO - [2022-01-23 12:24:41,293] {dag.py:2928} INFO - Setting next_dagrun for tutorial_taskflow_api_etl_virtualenv to None
[2022-01-23 12:24:41,316] {processor.py:171} INFO - Processing /home/airflow/.local/lib/python3.7/site-packages/airflow/example_dags/tutorial_taskflow_api_etl_virtualenv.py took 0.448 seconds
[2022-01-23 12:25:11,826] {processor.py:163} INFO - Started process (PID=1963) to work on /home/airflow/.local/lib/python3.7/site-packages/airflow/example_dags/tutorial_taskflow_api_etl_virtualenv.py
[2022-01-23 12:25:11,832] {processor.py:625} INFO - Processing file /home/airflow/.local/lib/python3.7/site-packages/airflow/example_dags/tutorial_taskflow_api_etl_virtualenv.py for tasks to queue
[2022-01-23 12:25:11,839] {logging_mixin.py:109} INFO - [2022-01-23 12:25:11,838] {dagbag.py:500} INFO - Filling up the DagBag from /home/airflow/.local/lib/python3.7/site-packages/airflow/example_dags/tutorial_taskflow_api_etl_virtualenv.py
[2022-01-23 12:25:11,989] {processor.py:637} INFO - DAG(s) dict_keys(['tutorial_taskflow_api_etl_virtualenv']) retrieved from /home/airflow/.local/lib/python3.7/site-packages/airflow/example_dags/tutorial_taskflow_api_etl_virtualenv.py
[2022-01-23 12:25:12,490] {logging_mixin.py:109} INFO - [2022-01-23 12:25:12,489] {dag.py:2396} INFO - Sync 1 DAGs
[2022-01-23 12:25:12,508] {logging_mixin.py:109} INFO - [2022-01-23 12:25:12,508] {dag.py:2928} INFO - Setting next_dagrun for tutorial_taskflow_api_etl_virtualenv to None
[2022-01-23 12:25:12,523] {processor.py:171} INFO - Processing /home/airflow/.local/lib/python3.7/site-packages/airflow/example_dags/tutorial_taskflow_api_etl_virtualenv.py took 0.720 seconds
[2022-01-23 12:25:42,616] {processor.py:163} INFO - Started process (PID=2024) to work on /home/airflow/.local/lib/python3.7/site-packages/airflow/example_dags/tutorial_taskflow_api_etl_virtualenv.py
[2022-01-23 12:25:42,621] {processor.py:625} INFO - Processing file /home/airflow/.local/lib/python3.7/site-packages/airflow/example_dags/tutorial_taskflow_api_etl_virtualenv.py for tasks to queue
[2022-01-23 12:25:42,624] {logging_mixin.py:109} INFO - [2022-01-23 12:25:42,624] {dagbag.py:500} INFO - Filling up the DagBag from /home/airflow/.local/lib/python3.7/site-packages/airflow/example_dags/tutorial_taskflow_api_etl_virtualenv.py
[2022-01-23 12:25:42,736] {processor.py:637} INFO - DAG(s) dict_keys(['tutorial_taskflow_api_etl_virtualenv']) retrieved from /home/airflow/.local/lib/python3.7/site-packages/airflow/example_dags/tutorial_taskflow_api_etl_virtualenv.py
[2022-01-23 12:25:43,247] {logging_mixin.py:109} INFO - [2022-01-23 12:25:43,247] {dag.py:2396} INFO - Sync 1 DAGs
[2022-01-23 12:25:43,267] {logging_mixin.py:109} INFO - [2022-01-23 12:25:43,267] {dag.py:2928} INFO - Setting next_dagrun for tutorial_taskflow_api_etl_virtualenv to None
[2022-01-23 12:25:43,286] {processor.py:171} INFO - Processing /home/airflow/.local/lib/python3.7/site-packages/airflow/example_dags/tutorial_taskflow_api_etl_virtualenv.py took 0.686 seconds
[2022-01-23 12:26:13,435] {processor.py:163} INFO - Started process (PID=2086) to work on /home/airflow/.local/lib/python3.7/site-packages/airflow/example_dags/tutorial_taskflow_api_etl_virtualenv.py
[2022-01-23 12:26:13,442] {processor.py:625} INFO - Processing file /home/airflow/.local/lib/python3.7/site-packages/airflow/example_dags/tutorial_taskflow_api_etl_virtualenv.py for tasks to queue
[2022-01-23 12:26:13,446] {logging_mixin.py:109} INFO - [2022-01-23 12:26:13,446] {dagbag.py:500} INFO - Filling up the DagBag from /home/airflow/.local/lib/python3.7/site-packages/airflow/example_dags/tutorial_taskflow_api_etl_virtualenv.py
[2022-01-23 12:26:13,620] {processor.py:637} INFO - DAG(s) dict_keys(['tutorial_taskflow_api_etl_virtualenv']) retrieved from /home/airflow/.local/lib/python3.7/site-packages/airflow/example_dags/tutorial_taskflow_api_etl_virtualenv.py
[2022-01-23 12:26:14,231] {logging_mixin.py:109} INFO - [2022-01-23 12:26:14,231] {dag.py:2396} INFO - Sync 1 DAGs
[2022-01-23 12:26:14,260] {logging_mixin.py:109} INFO - [2022-01-23 12:26:14,260] {dag.py:2928} INFO - Setting next_dagrun for tutorial_taskflow_api_etl_virtualenv to None
[2022-01-23 12:26:14,283] {processor.py:171} INFO - Processing /home/airflow/.local/lib/python3.7/site-packages/airflow/example_dags/tutorial_taskflow_api_etl_virtualenv.py took 0.867 seconds
[2022-01-23 12:26:44,430] {processor.py:163} INFO - Started process (PID=2148) to work on /home/airflow/.local/lib/python3.7/site-packages/airflow/example_dags/tutorial_taskflow_api_etl_virtualenv.py
[2022-01-23 12:26:44,437] {processor.py:625} INFO - Processing file /home/airflow/.local/lib/python3.7/site-packages/airflow/example_dags/tutorial_taskflow_api_etl_virtualenv.py for tasks to queue
[2022-01-23 12:26:44,441] {logging_mixin.py:109} INFO - [2022-01-23 12:26:44,440] {dagbag.py:500} INFO - Filling up the DagBag from /home/airflow/.local/lib/python3.7/site-packages/airflow/example_dags/tutorial_taskflow_api_etl_virtualenv.py
[2022-01-23 12:26:44,547] {processor.py:637} INFO - DAG(s) dict_keys(['tutorial_taskflow_api_etl_virtualenv']) retrieved from /home/airflow/.local/lib/python3.7/site-packages/airflow/example_dags/tutorial_taskflow_api_etl_virtualenv.py
[2022-01-23 12:26:44,953] {logging_mixin.py:109} INFO - [2022-01-23 12:26:44,953] {dag.py:2396} INFO - Sync 1 DAGs
[2022-01-23 12:26:44,985] {logging_mixin.py:109} INFO - [2022-01-23 12:26:44,985] {dag.py:2928} INFO - Setting next_dagrun for tutorial_taskflow_api_etl_virtualenv to None
[2022-01-23 12:26:45,009] {processor.py:171} INFO - Processing /home/airflow/.local/lib/python3.7/site-packages/airflow/example_dags/tutorial_taskflow_api_etl_virtualenv.py took 0.597 seconds
[2022-01-23 12:27:15,196] {processor.py:163} INFO - Started process (PID=2211) to work on /home/airflow/.local/lib/python3.7/site-packages/airflow/example_dags/tutorial_taskflow_api_etl_virtualenv.py
[2022-01-23 12:27:15,200] {processor.py:625} INFO - Processing file /home/airflow/.local/lib/python3.7/site-packages/airflow/example_dags/tutorial_taskflow_api_etl_virtualenv.py for tasks to queue
[2022-01-23 12:27:15,202] {logging_mixin.py:109} INFO - [2022-01-23 12:27:15,202] {dagbag.py:500} INFO - Filling up the DagBag from /home/airflow/.local/lib/python3.7/site-packages/airflow/example_dags/tutorial_taskflow_api_etl_virtualenv.py
[2022-01-23 12:27:15,276] {processor.py:637} INFO - DAG(s) dict_keys(['tutorial_taskflow_api_etl_virtualenv']) retrieved from /home/airflow/.local/lib/python3.7/site-packages/airflow/example_dags/tutorial_taskflow_api_etl_virtualenv.py
[2022-01-23 12:27:15,578] {logging_mixin.py:109} INFO - [2022-01-23 12:27:15,578] {dag.py:2396} INFO - Sync 1 DAGs
[2022-01-23 12:27:15,605] {logging_mixin.py:109} INFO - [2022-01-23 12:27:15,604] {dag.py:2928} INFO - Setting next_dagrun for tutorial_taskflow_api_etl_virtualenv to None
[2022-01-23 12:27:15,631] {processor.py:171} INFO - Processing /home/airflow/.local/lib/python3.7/site-packages/airflow/example_dags/tutorial_taskflow_api_etl_virtualenv.py took 0.450 seconds
[2022-01-23 12:27:46,559] {processor.py:163} INFO - Started process (PID=2282) to work on /home/airflow/.local/lib/python3.7/site-packages/airflow/example_dags/tutorial_taskflow_api_etl_virtualenv.py
[2022-01-23 12:27:46,561] {processor.py:625} INFO - Processing file /home/airflow/.local/lib/python3.7/site-packages/airflow/example_dags/tutorial_taskflow_api_etl_virtualenv.py for tasks to queue
[2022-01-23 12:27:46,563] {logging_mixin.py:109} INFO - [2022-01-23 12:27:46,563] {dagbag.py:500} INFO - Filling up the DagBag from /home/airflow/.local/lib/python3.7/site-packages/airflow/example_dags/tutorial_taskflow_api_etl_virtualenv.py
[2022-01-23 12:27:46,606] {processor.py:637} INFO - DAG(s) dict_keys(['tutorial_taskflow_api_etl_virtualenv']) retrieved from /home/airflow/.local/lib/python3.7/site-packages/airflow/example_dags/tutorial_taskflow_api_etl_virtualenv.py
[2022-01-23 12:27:46,895] {logging_mixin.py:109} INFO - [2022-01-23 12:27:46,894] {dag.py:2396} INFO - Sync 1 DAGs
[2022-01-23 12:27:46,914] {logging_mixin.py:109} INFO - [2022-01-23 12:27:46,914] {dag.py:2928} INFO - Setting next_dagrun for tutorial_taskflow_api_etl_virtualenv to None
[2022-01-23 12:27:46,929] {processor.py:171} INFO - Processing /home/airflow/.local/lib/python3.7/site-packages/airflow/example_dags/tutorial_taskflow_api_etl_virtualenv.py took 0.376 seconds
[2022-01-23 12:28:17,017] {processor.py:163} INFO - Started process (PID=2344) to work on /home/airflow/.local/lib/python3.7/site-packages/airflow/example_dags/tutorial_taskflow_api_etl_virtualenv.py
[2022-01-23 12:28:17,021] {processor.py:625} INFO - Processing file /home/airflow/.local/lib/python3.7/site-packages/airflow/example_dags/tutorial_taskflow_api_etl_virtualenv.py for tasks to queue
[2022-01-23 12:28:17,023] {logging_mixin.py:109} INFO - [2022-01-23 12:28:17,023] {dagbag.py:500} INFO - Filling up the DagBag from /home/airflow/.local/lib/python3.7/site-packages/airflow/example_dags/tutorial_taskflow_api_etl_virtualenv.py
[2022-01-23 12:28:17,099] {processor.py:637} INFO - DAG(s) dict_keys(['tutorial_taskflow_api_etl_virtualenv']) retrieved from /home/airflow/.local/lib/python3.7/site-packages/airflow/example_dags/tutorial_taskflow_api_etl_virtualenv.py
[2022-01-23 12:28:17,479] {logging_mixin.py:109} INFO - [2022-01-23 12:28:17,479] {dag.py:2396} INFO - Sync 1 DAGs
[2022-01-23 12:28:17,497] {logging_mixin.py:109} INFO - [2022-01-23 12:28:17,497] {dag.py:2928} INFO - Setting next_dagrun for tutorial_taskflow_api_etl_virtualenv to None
[2022-01-23 12:28:17,517] {processor.py:171} INFO - Processing /home/airflow/.local/lib/python3.7/site-packages/airflow/example_dags/tutorial_taskflow_api_etl_virtualenv.py took 0.509 seconds
[2022-01-23 12:28:47,713] {processor.py:163} INFO - Started process (PID=2405) to work on /home/airflow/.local/lib/python3.7/site-packages/airflow/example_dags/tutorial_taskflow_api_etl_virtualenv.py
[2022-01-23 12:28:47,722] {processor.py:625} INFO - Processing file /home/airflow/.local/lib/python3.7/site-packages/airflow/example_dags/tutorial_taskflow_api_etl_virtualenv.py for tasks to queue
[2022-01-23 12:28:47,726] {logging_mixin.py:109} INFO - [2022-01-23 12:28:47,726] {dagbag.py:500} INFO - Filling up the DagBag from /home/airflow/.local/lib/python3.7/site-packages/airflow/example_dags/tutorial_taskflow_api_etl_virtualenv.py
[2022-01-23 12:28:47,844] {processor.py:637} INFO - DAG(s) dict_keys(['tutorial_taskflow_api_etl_virtualenv']) retrieved from /home/airflow/.local/lib/python3.7/site-packages/airflow/example_dags/tutorial_taskflow_api_etl_virtualenv.py
[2022-01-23 12:28:48,209] {logging_mixin.py:109} INFO - [2022-01-23 12:28:48,209] {dag.py:2396} INFO - Sync 1 DAGs
[2022-01-23 12:28:48,236] {logging_mixin.py:109} INFO - [2022-01-23 12:28:48,236] {dag.py:2928} INFO - Setting next_dagrun for tutorial_taskflow_api_etl_virtualenv to None
[2022-01-23 12:28:48,254] {processor.py:171} INFO - Processing /home/airflow/.local/lib/python3.7/site-packages/airflow/example_dags/tutorial_taskflow_api_etl_virtualenv.py took 0.561 seconds
[2022-01-23 12:29:19,005] {processor.py:163} INFO - Started process (PID=2467) to work on /home/airflow/.local/lib/python3.7/site-packages/airflow/example_dags/tutorial_taskflow_api_etl_virtualenv.py
[2022-01-23 12:29:19,014] {processor.py:625} INFO - Processing file /home/airflow/.local/lib/python3.7/site-packages/airflow/example_dags/tutorial_taskflow_api_etl_virtualenv.py for tasks to queue
[2022-01-23 12:29:19,018] {logging_mixin.py:109} INFO - [2022-01-23 12:29:19,017] {dagbag.py:500} INFO - Filling up the DagBag from /home/airflow/.local/lib/python3.7/site-packages/airflow/example_dags/tutorial_taskflow_api_etl_virtualenv.py
[2022-01-23 12:29:19,105] {processor.py:637} INFO - DAG(s) dict_keys(['tutorial_taskflow_api_etl_virtualenv']) retrieved from /home/airflow/.local/lib/python3.7/site-packages/airflow/example_dags/tutorial_taskflow_api_etl_virtualenv.py
[2022-01-23 12:29:19,668] {logging_mixin.py:109} INFO - [2022-01-23 12:29:19,667] {dag.py:2396} INFO - Sync 1 DAGs
[2022-01-23 12:29:19,702] {logging_mixin.py:109} INFO - [2022-01-23 12:29:19,702] {dag.py:2928} INFO - Setting next_dagrun for tutorial_taskflow_api_etl_virtualenv to None
[2022-01-23 12:29:19,731] {processor.py:171} INFO - Processing /home/airflow/.local/lib/python3.7/site-packages/airflow/example_dags/tutorial_taskflow_api_etl_virtualenv.py took 0.752 seconds
[2022-01-23 12:29:50,369] {processor.py:163} INFO - Started process (PID=2527) to work on /home/airflow/.local/lib/python3.7/site-packages/airflow/example_dags/tutorial_taskflow_api_etl_virtualenv.py
[2022-01-23 12:29:50,373] {processor.py:625} INFO - Processing file /home/airflow/.local/lib/python3.7/site-packages/airflow/example_dags/tutorial_taskflow_api_etl_virtualenv.py for tasks to queue
[2022-01-23 12:29:50,376] {logging_mixin.py:109} INFO - [2022-01-23 12:29:50,375] {dagbag.py:500} INFO - Filling up the DagBag from /home/airflow/.local/lib/python3.7/site-packages/airflow/example_dags/tutorial_taskflow_api_etl_virtualenv.py
[2022-01-23 12:29:50,447] {processor.py:637} INFO - DAG(s) dict_keys(['tutorial_taskflow_api_etl_virtualenv']) retrieved from /home/airflow/.local/lib/python3.7/site-packages/airflow/example_dags/tutorial_taskflow_api_etl_virtualenv.py
[2022-01-23 12:29:50,981] {logging_mixin.py:109} INFO - [2022-01-23 12:29:50,981] {dag.py:2396} INFO - Sync 1 DAGs
[2022-01-23 12:29:51,047] {logging_mixin.py:109} INFO - [2022-01-23 12:29:51,046] {dag.py:2928} INFO - Setting next_dagrun for tutorial_taskflow_api_etl_virtualenv to None
[2022-01-23 12:29:51,078] {processor.py:171} INFO - Processing /home/airflow/.local/lib/python3.7/site-packages/airflow/example_dags/tutorial_taskflow_api_etl_virtualenv.py took 0.718 seconds
[2022-01-23 12:30:21,193] {processor.py:163} INFO - Started process (PID=2588) to work on /home/airflow/.local/lib/python3.7/site-packages/airflow/example_dags/tutorial_taskflow_api_etl_virtualenv.py
[2022-01-23 12:30:21,198] {processor.py:625} INFO - Processing file /home/airflow/.local/lib/python3.7/site-packages/airflow/example_dags/tutorial_taskflow_api_etl_virtualenv.py for tasks to queue
[2022-01-23 12:30:21,202] {logging_mixin.py:109} INFO - [2022-01-23 12:30:21,201] {dagbag.py:500} INFO - Filling up the DagBag from /home/airflow/.local/lib/python3.7/site-packages/airflow/example_dags/tutorial_taskflow_api_etl_virtualenv.py
[2022-01-23 12:30:21,304] {processor.py:637} INFO - DAG(s) dict_keys(['tutorial_taskflow_api_etl_virtualenv']) retrieved from /home/airflow/.local/lib/python3.7/site-packages/airflow/example_dags/tutorial_taskflow_api_etl_virtualenv.py
[2022-01-23 12:30:21,825] {logging_mixin.py:109} INFO - [2022-01-23 12:30:21,825] {dag.py:2396} INFO - Sync 1 DAGs
[2022-01-23 12:30:21,865] {logging_mixin.py:109} INFO - [2022-01-23 12:30:21,865] {dag.py:2928} INFO - Setting next_dagrun for tutorial_taskflow_api_etl_virtualenv to None
[2022-01-23 12:30:21,895] {processor.py:171} INFO - Processing /home/airflow/.local/lib/python3.7/site-packages/airflow/example_dags/tutorial_taskflow_api_etl_virtualenv.py took 0.715 seconds
[2022-01-23 12:30:52,158] {processor.py:163} INFO - Started process (PID=2649) to work on /home/airflow/.local/lib/python3.7/site-packages/airflow/example_dags/tutorial_taskflow_api_etl_virtualenv.py
[2022-01-23 12:30:52,164] {processor.py:625} INFO - Processing file /home/airflow/.local/lib/python3.7/site-packages/airflow/example_dags/tutorial_taskflow_api_etl_virtualenv.py for tasks to queue
[2022-01-23 12:30:52,167] {logging_mixin.py:109} INFO - [2022-01-23 12:30:52,167] {dagbag.py:500} INFO - Filling up the DagBag from /home/airflow/.local/lib/python3.7/site-packages/airflow/example_dags/tutorial_taskflow_api_etl_virtualenv.py
[2022-01-23 12:30:52,284] {processor.py:637} INFO - DAG(s) dict_keys(['tutorial_taskflow_api_etl_virtualenv']) retrieved from /home/airflow/.local/lib/python3.7/site-packages/airflow/example_dags/tutorial_taskflow_api_etl_virtualenv.py
[2022-01-23 12:30:52,665] {logging_mixin.py:109} INFO - [2022-01-23 12:30:52,665] {dag.py:2396} INFO - Sync 1 DAGs
[2022-01-23 12:30:52,699] {logging_mixin.py:109} INFO - [2022-01-23 12:30:52,699] {dag.py:2928} INFO - Setting next_dagrun for tutorial_taskflow_api_etl_virtualenv to None
[2022-01-23 12:30:52,724] {processor.py:171} INFO - Processing /home/airflow/.local/lib/python3.7/site-packages/airflow/example_dags/tutorial_taskflow_api_etl_virtualenv.py took 0.578 seconds
[2022-01-23 12:31:22,851] {processor.py:163} INFO - Started process (PID=2710) to work on /home/airflow/.local/lib/python3.7/site-packages/airflow/example_dags/tutorial_taskflow_api_etl_virtualenv.py
[2022-01-23 12:31:22,857] {processor.py:625} INFO - Processing file /home/airflow/.local/lib/python3.7/site-packages/airflow/example_dags/tutorial_taskflow_api_etl_virtualenv.py for tasks to queue
[2022-01-23 12:31:22,861] {logging_mixin.py:109} INFO - [2022-01-23 12:31:22,860] {dagbag.py:500} INFO - Filling up the DagBag from /home/airflow/.local/lib/python3.7/site-packages/airflow/example_dags/tutorial_taskflow_api_etl_virtualenv.py
[2022-01-23 12:31:22,984] {processor.py:637} INFO - DAG(s) dict_keys(['tutorial_taskflow_api_etl_virtualenv']) retrieved from /home/airflow/.local/lib/python3.7/site-packages/airflow/example_dags/tutorial_taskflow_api_etl_virtualenv.py
[2022-01-23 12:31:23,681] {logging_mixin.py:109} INFO - [2022-01-23 12:31:23,681] {dag.py:2396} INFO - Sync 1 DAGs
[2022-01-23 12:31:23,718] {logging_mixin.py:109} INFO - [2022-01-23 12:31:23,717] {dag.py:2928} INFO - Setting next_dagrun for tutorial_taskflow_api_etl_virtualenv to None
[2022-01-23 12:31:23,744] {processor.py:171} INFO - Processing /home/airflow/.local/lib/python3.7/site-packages/airflow/example_dags/tutorial_taskflow_api_etl_virtualenv.py took 0.908 seconds
[2022-01-23 12:31:54,659] {processor.py:163} INFO - Started process (PID=2781) to work on /home/airflow/.local/lib/python3.7/site-packages/airflow/example_dags/tutorial_taskflow_api_etl_virtualenv.py
[2022-01-23 12:31:54,661] {processor.py:625} INFO - Processing file /home/airflow/.local/lib/python3.7/site-packages/airflow/example_dags/tutorial_taskflow_api_etl_virtualenv.py for tasks to queue
[2022-01-23 12:31:54,662] {logging_mixin.py:109} INFO - [2022-01-23 12:31:54,662] {dagbag.py:500} INFO - Filling up the DagBag from /home/airflow/.local/lib/python3.7/site-packages/airflow/example_dags/tutorial_taskflow_api_etl_virtualenv.py
[2022-01-23 12:31:54,726] {processor.py:637} INFO - DAG(s) dict_keys(['tutorial_taskflow_api_etl_virtualenv']) retrieved from /home/airflow/.local/lib/python3.7/site-packages/airflow/example_dags/tutorial_taskflow_api_etl_virtualenv.py
[2022-01-23 12:31:55,317] {logging_mixin.py:109} INFO - [2022-01-23 12:31:55,317] {dag.py:2396} INFO - Sync 1 DAGs
[2022-01-23 12:31:55,361] {logging_mixin.py:109} INFO - [2022-01-23 12:31:55,361] {dag.py:2928} INFO - Setting next_dagrun for tutorial_taskflow_api_etl_virtualenv to None
[2022-01-23 12:31:55,397] {processor.py:171} INFO - Processing /home/airflow/.local/lib/python3.7/site-packages/airflow/example_dags/tutorial_taskflow_api_etl_virtualenv.py took 0.743 seconds
[2022-01-23 12:32:25,842] {processor.py:163} INFO - Started process (PID=2841) to work on /home/airflow/.local/lib/python3.7/site-packages/airflow/example_dags/tutorial_taskflow_api_etl_virtualenv.py
[2022-01-23 12:32:25,844] {processor.py:625} INFO - Processing file /home/airflow/.local/lib/python3.7/site-packages/airflow/example_dags/tutorial_taskflow_api_etl_virtualenv.py for tasks to queue
[2022-01-23 12:32:25,846] {logging_mixin.py:109} INFO - [2022-01-23 12:32:25,845] {dagbag.py:500} INFO - Filling up the DagBag from /home/airflow/.local/lib/python3.7/site-packages/airflow/example_dags/tutorial_taskflow_api_etl_virtualenv.py
[2022-01-23 12:32:25,890] {processor.py:637} INFO - DAG(s) dict_keys(['tutorial_taskflow_api_etl_virtualenv']) retrieved from /home/airflow/.local/lib/python3.7/site-packages/airflow/example_dags/tutorial_taskflow_api_etl_virtualenv.py
[2022-01-23 12:32:26,224] {logging_mixin.py:109} INFO - [2022-01-23 12:32:26,224] {dag.py:2396} INFO - Sync 1 DAGs
[2022-01-23 12:32:26,253] {logging_mixin.py:109} INFO - [2022-01-23 12:32:26,252] {dag.py:2928} INFO - Setting next_dagrun for tutorial_taskflow_api_etl_virtualenv to None
[2022-01-23 12:32:26,271] {processor.py:171} INFO - Processing /home/airflow/.local/lib/python3.7/site-packages/airflow/example_dags/tutorial_taskflow_api_etl_virtualenv.py took 0.434 seconds
[2022-01-23 12:32:56,332] {processor.py:163} INFO - Started process (PID=2902) to work on /home/airflow/.local/lib/python3.7/site-packages/airflow/example_dags/tutorial_taskflow_api_etl_virtualenv.py
[2022-01-23 12:32:56,335] {processor.py:625} INFO - Processing file /home/airflow/.local/lib/python3.7/site-packages/airflow/example_dags/tutorial_taskflow_api_etl_virtualenv.py for tasks to queue
[2022-01-23 12:32:56,337] {logging_mixin.py:109} INFO - [2022-01-23 12:32:56,337] {dagbag.py:500} INFO - Filling up the DagBag from /home/airflow/.local/lib/python3.7/site-packages/airflow/example_dags/tutorial_taskflow_api_etl_virtualenv.py
[2022-01-23 12:32:56,418] {processor.py:637} INFO - DAG(s) dict_keys(['tutorial_taskflow_api_etl_virtualenv']) retrieved from /home/airflow/.local/lib/python3.7/site-packages/airflow/example_dags/tutorial_taskflow_api_etl_virtualenv.py
[2022-01-23 12:32:57,035] {logging_mixin.py:109} INFO - [2022-01-23 12:32:57,035] {dag.py:2396} INFO - Sync 1 DAGs
[2022-01-23 12:32:57,072] {logging_mixin.py:109} INFO - [2022-01-23 12:32:57,072] {dag.py:2928} INFO - Setting next_dagrun for tutorial_taskflow_api_etl_virtualenv to None
[2022-01-23 12:32:57,101] {processor.py:171} INFO - Processing /home/airflow/.local/lib/python3.7/site-packages/airflow/example_dags/tutorial_taskflow_api_etl_virtualenv.py took 0.777 seconds
[2022-01-23 12:33:27,297] {processor.py:163} INFO - Started process (PID=2965) to work on /home/airflow/.local/lib/python3.7/site-packages/airflow/example_dags/tutorial_taskflow_api_etl_virtualenv.py
[2022-01-23 12:33:27,302] {processor.py:625} INFO - Processing file /home/airflow/.local/lib/python3.7/site-packages/airflow/example_dags/tutorial_taskflow_api_etl_virtualenv.py for tasks to queue
[2022-01-23 12:33:27,305] {logging_mixin.py:109} INFO - [2022-01-23 12:33:27,305] {dagbag.py:500} INFO - Filling up the DagBag from /home/airflow/.local/lib/python3.7/site-packages/airflow/example_dags/tutorial_taskflow_api_etl_virtualenv.py
[2022-01-23 12:33:27,401] {processor.py:637} INFO - DAG(s) dict_keys(['tutorial_taskflow_api_etl_virtualenv']) retrieved from /home/airflow/.local/lib/python3.7/site-packages/airflow/example_dags/tutorial_taskflow_api_etl_virtualenv.py
[2022-01-23 12:33:27,824] {logging_mixin.py:109} INFO - [2022-01-23 12:33:27,824] {dag.py:2396} INFO - Sync 1 DAGs
[2022-01-23 12:33:27,865] {logging_mixin.py:109} INFO - [2022-01-23 12:33:27,865] {dag.py:2928} INFO - Setting next_dagrun for tutorial_taskflow_api_etl_virtualenv to None
[2022-01-23 12:33:27,895] {processor.py:171} INFO - Processing /home/airflow/.local/lib/python3.7/site-packages/airflow/example_dags/tutorial_taskflow_api_etl_virtualenv.py took 0.612 seconds
[2022-01-23 12:33:58,577] {processor.py:163} INFO - Started process (PID=3026) to work on /home/airflow/.local/lib/python3.7/site-packages/airflow/example_dags/tutorial_taskflow_api_etl_virtualenv.py
[2022-01-23 12:33:58,580] {processor.py:625} INFO - Processing file /home/airflow/.local/lib/python3.7/site-packages/airflow/example_dags/tutorial_taskflow_api_etl_virtualenv.py for tasks to queue
[2022-01-23 12:33:58,582] {logging_mixin.py:109} INFO - [2022-01-23 12:33:58,582] {dagbag.py:500} INFO - Filling up the DagBag from /home/airflow/.local/lib/python3.7/site-packages/airflow/example_dags/tutorial_taskflow_api_etl_virtualenv.py
[2022-01-23 12:33:58,660] {processor.py:637} INFO - DAG(s) dict_keys(['tutorial_taskflow_api_etl_virtualenv']) retrieved from /home/airflow/.local/lib/python3.7/site-packages/airflow/example_dags/tutorial_taskflow_api_etl_virtualenv.py
[2022-01-23 12:33:59,336] {logging_mixin.py:109} INFO - [2022-01-23 12:33:59,336] {dag.py:2396} INFO - Sync 1 DAGs
[2022-01-23 12:33:59,373] {logging_mixin.py:109} INFO - [2022-01-23 12:33:59,373] {dag.py:2928} INFO - Setting next_dagrun for tutorial_taskflow_api_etl_virtualenv to None
[2022-01-23 12:33:59,425] {processor.py:171} INFO - Processing /home/airflow/.local/lib/python3.7/site-packages/airflow/example_dags/tutorial_taskflow_api_etl_virtualenv.py took 0.859 seconds
[2022-01-23 12:34:29,915] {processor.py:163} INFO - Started process (PID=3087) to work on /home/airflow/.local/lib/python3.7/site-packages/airflow/example_dags/tutorial_taskflow_api_etl_virtualenv.py
[2022-01-23 12:34:29,919] {processor.py:625} INFO - Processing file /home/airflow/.local/lib/python3.7/site-packages/airflow/example_dags/tutorial_taskflow_api_etl_virtualenv.py for tasks to queue
[2022-01-23 12:34:29,921] {logging_mixin.py:109} INFO - [2022-01-23 12:34:29,921] {dagbag.py:500} INFO - Filling up the DagBag from /home/airflow/.local/lib/python3.7/site-packages/airflow/example_dags/tutorial_taskflow_api_etl_virtualenv.py
[2022-01-23 12:34:29,993] {processor.py:637} INFO - DAG(s) dict_keys(['tutorial_taskflow_api_etl_virtualenv']) retrieved from /home/airflow/.local/lib/python3.7/site-packages/airflow/example_dags/tutorial_taskflow_api_etl_virtualenv.py
[2022-01-23 12:34:30,509] {logging_mixin.py:109} INFO - [2022-01-23 12:34:30,509] {dag.py:2396} INFO - Sync 1 DAGs
[2022-01-23 12:34:30,538] {logging_mixin.py:109} INFO - [2022-01-23 12:34:30,538] {dag.py:2928} INFO - Setting next_dagrun for tutorial_taskflow_api_etl_virtualenv to None
[2022-01-23 12:34:30,565] {processor.py:171} INFO - Processing /home/airflow/.local/lib/python3.7/site-packages/airflow/example_dags/tutorial_taskflow_api_etl_virtualenv.py took 0.657 seconds
[2022-01-23 12:35:01,021] {processor.py:163} INFO - Started process (PID=3148) to work on /home/airflow/.local/lib/python3.7/site-packages/airflow/example_dags/tutorial_taskflow_api_etl_virtualenv.py
[2022-01-23 12:35:01,024] {processor.py:625} INFO - Processing file /home/airflow/.local/lib/python3.7/site-packages/airflow/example_dags/tutorial_taskflow_api_etl_virtualenv.py for tasks to queue
[2022-01-23 12:35:01,025] {logging_mixin.py:109} INFO - [2022-01-23 12:35:01,025] {dagbag.py:500} INFO - Filling up the DagBag from /home/airflow/.local/lib/python3.7/site-packages/airflow/example_dags/tutorial_taskflow_api_etl_virtualenv.py
[2022-01-23 12:35:01,071] {processor.py:637} INFO - DAG(s) dict_keys(['tutorial_taskflow_api_etl_virtualenv']) retrieved from /home/airflow/.local/lib/python3.7/site-packages/airflow/example_dags/tutorial_taskflow_api_etl_virtualenv.py
[2022-01-23 12:35:01,406] {logging_mixin.py:109} INFO - [2022-01-23 12:35:01,406] {dag.py:2396} INFO - Sync 1 DAGs
[2022-01-23 12:35:01,438] {logging_mixin.py:109} INFO - [2022-01-23 12:35:01,438] {dag.py:2928} INFO - Setting next_dagrun for tutorial_taskflow_api_etl_virtualenv to None
[2022-01-23 12:35:01,458] {processor.py:171} INFO - Processing /home/airflow/.local/lib/python3.7/site-packages/airflow/example_dags/tutorial_taskflow_api_etl_virtualenv.py took 0.443 seconds
[2022-01-23 12:35:32,307] {processor.py:163} INFO - Started process (PID=3210) to work on /home/airflow/.local/lib/python3.7/site-packages/airflow/example_dags/tutorial_taskflow_api_etl_virtualenv.py
[2022-01-23 12:35:32,310] {processor.py:625} INFO - Processing file /home/airflow/.local/lib/python3.7/site-packages/airflow/example_dags/tutorial_taskflow_api_etl_virtualenv.py for tasks to queue
[2022-01-23 12:35:32,311] {logging_mixin.py:109} INFO - [2022-01-23 12:35:32,311] {dagbag.py:500} INFO - Filling up the DagBag from /home/airflow/.local/lib/python3.7/site-packages/airflow/example_dags/tutorial_taskflow_api_etl_virtualenv.py
[2022-01-23 12:35:32,361] {processor.py:637} INFO - DAG(s) dict_keys(['tutorial_taskflow_api_etl_virtualenv']) retrieved from /home/airflow/.local/lib/python3.7/site-packages/airflow/example_dags/tutorial_taskflow_api_etl_virtualenv.py
[2022-01-23 12:35:32,830] {logging_mixin.py:109} INFO - [2022-01-23 12:35:32,830] {dag.py:2396} INFO - Sync 1 DAGs
[2022-01-23 12:35:32,872] {logging_mixin.py:109} INFO - [2022-01-23 12:35:32,872] {dag.py:2928} INFO - Setting next_dagrun for tutorial_taskflow_api_etl_virtualenv to None
[2022-01-23 12:35:32,912] {processor.py:171} INFO - Processing /home/airflow/.local/lib/python3.7/site-packages/airflow/example_dags/tutorial_taskflow_api_etl_virtualenv.py took 0.610 seconds
[2022-01-23 12:36:03,128] {processor.py:163} INFO - Started process (PID=3262) to work on /home/airflow/.local/lib/python3.7/site-packages/airflow/example_dags/tutorial_taskflow_api_etl_virtualenv.py
[2022-01-23 12:36:03,131] {processor.py:625} INFO - Processing file /home/airflow/.local/lib/python3.7/site-packages/airflow/example_dags/tutorial_taskflow_api_etl_virtualenv.py for tasks to queue
[2022-01-23 12:36:03,132] {logging_mixin.py:109} INFO - [2022-01-23 12:36:03,132] {dagbag.py:500} INFO - Filling up the DagBag from /home/airflow/.local/lib/python3.7/site-packages/airflow/example_dags/tutorial_taskflow_api_etl_virtualenv.py
[2022-01-23 12:36:03,180] {processor.py:637} INFO - DAG(s) dict_keys(['tutorial_taskflow_api_etl_virtualenv']) retrieved from /home/airflow/.local/lib/python3.7/site-packages/airflow/example_dags/tutorial_taskflow_api_etl_virtualenv.py
[2022-01-23 12:36:03,604] {logging_mixin.py:109} INFO - [2022-01-23 12:36:03,604] {dag.py:2396} INFO - Sync 1 DAGs
[2022-01-23 12:36:03,622] {logging_mixin.py:109} INFO - [2022-01-23 12:36:03,622] {dag.py:2928} INFO - Setting next_dagrun for tutorial_taskflow_api_etl_virtualenv to None
[2022-01-23 12:36:03,637] {processor.py:171} INFO - Processing /home/airflow/.local/lib/python3.7/site-packages/airflow/example_dags/tutorial_taskflow_api_etl_virtualenv.py took 0.515 seconds
[2022-01-23 12:36:33,669] {processor.py:163} INFO - Started process (PID=3322) to work on /home/airflow/.local/lib/python3.7/site-packages/airflow/example_dags/tutorial_taskflow_api_etl_virtualenv.py
[2022-01-23 12:36:33,671] {processor.py:625} INFO - Processing file /home/airflow/.local/lib/python3.7/site-packages/airflow/example_dags/tutorial_taskflow_api_etl_virtualenv.py for tasks to queue
[2022-01-23 12:36:33,672] {logging_mixin.py:109} INFO - [2022-01-23 12:36:33,672] {dagbag.py:500} INFO - Filling up the DagBag from /home/airflow/.local/lib/python3.7/site-packages/airflow/example_dags/tutorial_taskflow_api_etl_virtualenv.py
[2022-01-23 12:36:33,722] {processor.py:637} INFO - DAG(s) dict_keys(['tutorial_taskflow_api_etl_virtualenv']) retrieved from /home/airflow/.local/lib/python3.7/site-packages/airflow/example_dags/tutorial_taskflow_api_etl_virtualenv.py
[2022-01-23 12:36:34,093] {logging_mixin.py:109} INFO - [2022-01-23 12:36:34,093] {dag.py:2396} INFO - Sync 1 DAGs
[2022-01-23 12:36:34,122] {logging_mixin.py:109} INFO - [2022-01-23 12:36:34,122] {dag.py:2928} INFO - Setting next_dagrun for tutorial_taskflow_api_etl_virtualenv to None
[2022-01-23 12:36:34,144] {processor.py:171} INFO - Processing /home/airflow/.local/lib/python3.7/site-packages/airflow/example_dags/tutorial_taskflow_api_etl_virtualenv.py took 0.481 seconds
