[2022-01-23 12:09:32,578] {processor.py:163} INFO - Started process (PID=70) to work on /home/airflow/.local/lib/python3.7/site-packages/airflow/example_dags/tutorial.py
[2022-01-23 12:09:32,591] {processor.py:625} INFO - Processing file /home/airflow/.local/lib/python3.7/site-packages/airflow/example_dags/tutorial.py for tasks to queue
[2022-01-23 12:09:32,593] {logging_mixin.py:109} INFO - [2022-01-23 12:09:32,593] {dagbag.py:500} INFO - Filling up the DagBag from /home/airflow/.local/lib/python3.7/site-packages/airflow/example_dags/tutorial.py
[2022-01-23 12:09:32,679] {processor.py:637} INFO - DAG(s) dict_keys(['tutorial']) retrieved from /home/airflow/.local/lib/python3.7/site-packages/airflow/example_dags/tutorial.py
[2022-01-23 12:09:32,712] {logging_mixin.py:109} INFO - [2022-01-23 12:09:32,711] {dag.py:2396} INFO - Sync 1 DAGs
[2022-01-23 12:09:32,771] {logging_mixin.py:109} INFO - [2022-01-23 12:09:32,771] {dag.py:2928} INFO - Setting next_dagrun for tutorial to 2022-01-22T12:09:32.770536+00:00
[2022-01-23 12:09:32,801] {processor.py:171} INFO - Processing /home/airflow/.local/lib/python3.7/site-packages/airflow/example_dags/tutorial.py took 0.230 seconds
[2022-01-23 12:10:05,605] {processor.py:163} INFO - Started process (PID=144) to work on /home/airflow/.local/lib/python3.7/site-packages/airflow/example_dags/tutorial.py
[2022-01-23 12:10:05,608] {processor.py:625} INFO - Processing file /home/airflow/.local/lib/python3.7/site-packages/airflow/example_dags/tutorial.py for tasks to queue
[2022-01-23 12:10:05,610] {logging_mixin.py:109} INFO - [2022-01-23 12:10:05,609] {dagbag.py:500} INFO - Filling up the DagBag from /home/airflow/.local/lib/python3.7/site-packages/airflow/example_dags/tutorial.py
[2022-01-23 12:10:05,774] {processor.py:637} INFO - DAG(s) dict_keys(['tutorial']) retrieved from /home/airflow/.local/lib/python3.7/site-packages/airflow/example_dags/tutorial.py
[2022-01-23 12:10:05,804] {logging_mixin.py:109} INFO - [2022-01-23 12:10:05,804] {dag.py:2396} INFO - Sync 1 DAGs
[2022-01-23 12:10:05,841] {logging_mixin.py:109} INFO - [2022-01-23 12:10:05,841] {dag.py:2928} INFO - Setting next_dagrun for tutorial to 2022-01-22T12:10:05.840737+00:00
[2022-01-23 12:10:05,862] {processor.py:171} INFO - Processing /home/airflow/.local/lib/python3.7/site-packages/airflow/example_dags/tutorial.py took 0.264 seconds
[2022-01-23 12:10:36,573] {processor.py:163} INFO - Started process (PID=210) to work on /home/airflow/.local/lib/python3.7/site-packages/airflow/example_dags/tutorial.py
[2022-01-23 12:10:36,575] {processor.py:625} INFO - Processing file /home/airflow/.local/lib/python3.7/site-packages/airflow/example_dags/tutorial.py for tasks to queue
[2022-01-23 12:10:36,576] {logging_mixin.py:109} INFO - [2022-01-23 12:10:36,576] {dagbag.py:500} INFO - Filling up the DagBag from /home/airflow/.local/lib/python3.7/site-packages/airflow/example_dags/tutorial.py
[2022-01-23 12:10:36,618] {processor.py:637} INFO - DAG(s) dict_keys(['tutorial']) retrieved from /home/airflow/.local/lib/python3.7/site-packages/airflow/example_dags/tutorial.py
[2022-01-23 12:10:36,631] {logging_mixin.py:109} INFO - [2022-01-23 12:10:36,631] {dag.py:2396} INFO - Sync 1 DAGs
[2022-01-23 12:10:36,654] {logging_mixin.py:109} INFO - [2022-01-23 12:10:36,653] {dag.py:2928} INFO - Setting next_dagrun for tutorial to 2022-01-22T12:10:36.653526+00:00
[2022-01-23 12:10:36,671] {processor.py:171} INFO - Processing /home/airflow/.local/lib/python3.7/site-packages/airflow/example_dags/tutorial.py took 0.103 seconds
[2022-01-23 12:11:06,965] {processor.py:163} INFO - Started process (PID=269) to work on /home/airflow/.local/lib/python3.7/site-packages/airflow/example_dags/tutorial.py
[2022-01-23 12:11:06,968] {processor.py:625} INFO - Processing file /home/airflow/.local/lib/python3.7/site-packages/airflow/example_dags/tutorial.py for tasks to queue
[2022-01-23 12:11:06,969] {logging_mixin.py:109} INFO - [2022-01-23 12:11:06,969] {dagbag.py:500} INFO - Filling up the DagBag from /home/airflow/.local/lib/python3.7/site-packages/airflow/example_dags/tutorial.py
[2022-01-23 12:11:07,022] {processor.py:637} INFO - DAG(s) dict_keys(['tutorial']) retrieved from /home/airflow/.local/lib/python3.7/site-packages/airflow/example_dags/tutorial.py
[2022-01-23 12:11:07,044] {logging_mixin.py:109} INFO - [2022-01-23 12:11:07,043] {dag.py:2396} INFO - Sync 1 DAGs
[2022-01-23 12:11:07,069] {logging_mixin.py:109} INFO - [2022-01-23 12:11:07,068] {dag.py:2928} INFO - Setting next_dagrun for tutorial to 2022-01-22T12:11:07.068442+00:00
[2022-01-23 12:11:07,087] {processor.py:171} INFO - Processing /home/airflow/.local/lib/python3.7/site-packages/airflow/example_dags/tutorial.py took 0.127 seconds
[2022-01-23 12:11:38,245] {processor.py:163} INFO - Started process (PID=331) to work on /home/airflow/.local/lib/python3.7/site-packages/airflow/example_dags/tutorial.py
[2022-01-23 12:11:38,248] {processor.py:625} INFO - Processing file /home/airflow/.local/lib/python3.7/site-packages/airflow/example_dags/tutorial.py for tasks to queue
[2022-01-23 12:11:38,249] {logging_mixin.py:109} INFO - [2022-01-23 12:11:38,249] {dagbag.py:500} INFO - Filling up the DagBag from /home/airflow/.local/lib/python3.7/site-packages/airflow/example_dags/tutorial.py
[2022-01-23 12:11:38,303] {processor.py:637} INFO - DAG(s) dict_keys(['tutorial']) retrieved from /home/airflow/.local/lib/python3.7/site-packages/airflow/example_dags/tutorial.py
[2022-01-23 12:11:38,324] {logging_mixin.py:109} INFO - [2022-01-23 12:11:38,324] {dag.py:2396} INFO - Sync 1 DAGs
[2022-01-23 12:11:38,353] {logging_mixin.py:109} INFO - [2022-01-23 12:11:38,353] {dag.py:2928} INFO - Setting next_dagrun for tutorial to 2022-01-22T12:11:38.353203+00:00
[2022-01-23 12:11:38,371] {processor.py:171} INFO - Processing /home/airflow/.local/lib/python3.7/site-packages/airflow/example_dags/tutorial.py took 0.131 seconds
[2022-01-23 12:12:09,410] {processor.py:163} INFO - Started process (PID=392) to work on /home/airflow/.local/lib/python3.7/site-packages/airflow/example_dags/tutorial.py
[2022-01-23 12:12:09,413] {processor.py:625} INFO - Processing file /home/airflow/.local/lib/python3.7/site-packages/airflow/example_dags/tutorial.py for tasks to queue
[2022-01-23 12:12:09,415] {logging_mixin.py:109} INFO - [2022-01-23 12:12:09,415] {dagbag.py:500} INFO - Filling up the DagBag from /home/airflow/.local/lib/python3.7/site-packages/airflow/example_dags/tutorial.py
[2022-01-23 12:12:09,480] {processor.py:637} INFO - DAG(s) dict_keys(['tutorial']) retrieved from /home/airflow/.local/lib/python3.7/site-packages/airflow/example_dags/tutorial.py
[2022-01-23 12:12:09,503] {logging_mixin.py:109} INFO - [2022-01-23 12:12:09,503] {dag.py:2396} INFO - Sync 1 DAGs
[2022-01-23 12:12:09,541] {logging_mixin.py:109} INFO - [2022-01-23 12:12:09,541] {dag.py:2928} INFO - Setting next_dagrun for tutorial to 2022-01-22T12:12:09.540521+00:00
[2022-01-23 12:12:09,564] {processor.py:171} INFO - Processing /home/airflow/.local/lib/python3.7/site-packages/airflow/example_dags/tutorial.py took 0.163 seconds
[2022-01-23 12:12:39,755] {processor.py:163} INFO - Started process (PID=446) to work on /home/airflow/.local/lib/python3.7/site-packages/airflow/example_dags/tutorial.py
[2022-01-23 12:12:39,757] {processor.py:625} INFO - Processing file /home/airflow/.local/lib/python3.7/site-packages/airflow/example_dags/tutorial.py for tasks to queue
[2022-01-23 12:12:39,759] {logging_mixin.py:109} INFO - [2022-01-23 12:12:39,758] {dagbag.py:500} INFO - Filling up the DagBag from /home/airflow/.local/lib/python3.7/site-packages/airflow/example_dags/tutorial.py
[2022-01-23 12:12:39,800] {processor.py:637} INFO - DAG(s) dict_keys(['tutorial']) retrieved from /home/airflow/.local/lib/python3.7/site-packages/airflow/example_dags/tutorial.py
[2022-01-23 12:12:39,815] {logging_mixin.py:109} INFO - [2022-01-23 12:12:39,815] {dag.py:2396} INFO - Sync 1 DAGs
[2022-01-23 12:12:39,840] {logging_mixin.py:109} INFO - [2022-01-23 12:12:39,840] {dag.py:2928} INFO - Setting next_dagrun for tutorial to 2022-01-22T12:12:39.840366+00:00
[2022-01-23 12:12:39,854] {processor.py:171} INFO - Processing /home/airflow/.local/lib/python3.7/site-packages/airflow/example_dags/tutorial.py took 0.106 seconds
[2022-01-23 12:13:10,607] {processor.py:163} INFO - Started process (PID=508) to work on /home/airflow/.local/lib/python3.7/site-packages/airflow/example_dags/tutorial.py
[2022-01-23 12:13:10,610] {processor.py:625} INFO - Processing file /home/airflow/.local/lib/python3.7/site-packages/airflow/example_dags/tutorial.py for tasks to queue
[2022-01-23 12:13:10,612] {logging_mixin.py:109} INFO - [2022-01-23 12:13:10,612] {dagbag.py:500} INFO - Filling up the DagBag from /home/airflow/.local/lib/python3.7/site-packages/airflow/example_dags/tutorial.py
[2022-01-23 12:13:10,668] {processor.py:637} INFO - DAG(s) dict_keys(['tutorial']) retrieved from /home/airflow/.local/lib/python3.7/site-packages/airflow/example_dags/tutorial.py
[2022-01-23 12:13:10,687] {logging_mixin.py:109} INFO - [2022-01-23 12:13:10,687] {dag.py:2396} INFO - Sync 1 DAGs
[2022-01-23 12:13:10,713] {logging_mixin.py:109} INFO - [2022-01-23 12:13:10,712] {dag.py:2928} INFO - Setting next_dagrun for tutorial to 2022-01-22T12:13:10.712306+00:00
[2022-01-23 12:13:10,728] {processor.py:171} INFO - Processing /home/airflow/.local/lib/python3.7/site-packages/airflow/example_dags/tutorial.py took 0.130 seconds
[2022-01-23 12:13:40,874] {processor.py:163} INFO - Started process (PID=570) to work on /home/airflow/.local/lib/python3.7/site-packages/airflow/example_dags/tutorial.py
[2022-01-23 12:13:40,878] {processor.py:625} INFO - Processing file /home/airflow/.local/lib/python3.7/site-packages/airflow/example_dags/tutorial.py for tasks to queue
[2022-01-23 12:13:40,881] {logging_mixin.py:109} INFO - [2022-01-23 12:13:40,880] {dagbag.py:500} INFO - Filling up the DagBag from /home/airflow/.local/lib/python3.7/site-packages/airflow/example_dags/tutorial.py
[2022-01-23 12:13:40,959] {processor.py:637} INFO - DAG(s) dict_keys(['tutorial']) retrieved from /home/airflow/.local/lib/python3.7/site-packages/airflow/example_dags/tutorial.py
[2022-01-23 12:13:40,989] {logging_mixin.py:109} INFO - [2022-01-23 12:13:40,988] {dag.py:2396} INFO - Sync 1 DAGs
[2022-01-23 12:13:41,041] {logging_mixin.py:109} INFO - [2022-01-23 12:13:41,041] {dag.py:2928} INFO - Setting next_dagrun for tutorial to 2022-01-22T12:13:41.040217+00:00
[2022-01-23 12:13:41,071] {processor.py:171} INFO - Processing /home/airflow/.local/lib/python3.7/site-packages/airflow/example_dags/tutorial.py took 0.207 seconds
[2022-01-23 12:14:11,753] {processor.py:163} INFO - Started process (PID=629) to work on /home/airflow/.local/lib/python3.7/site-packages/airflow/example_dags/tutorial.py
[2022-01-23 12:14:11,756] {processor.py:625} INFO - Processing file /home/airflow/.local/lib/python3.7/site-packages/airflow/example_dags/tutorial.py for tasks to queue
[2022-01-23 12:14:11,759] {logging_mixin.py:109} INFO - [2022-01-23 12:14:11,758] {dagbag.py:500} INFO - Filling up the DagBag from /home/airflow/.local/lib/python3.7/site-packages/airflow/example_dags/tutorial.py
[2022-01-23 12:14:11,835] {processor.py:637} INFO - DAG(s) dict_keys(['tutorial']) retrieved from /home/airflow/.local/lib/python3.7/site-packages/airflow/example_dags/tutorial.py
[2022-01-23 12:14:11,864] {logging_mixin.py:109} INFO - [2022-01-23 12:14:11,863] {dag.py:2396} INFO - Sync 1 DAGs
[2022-01-23 12:14:11,899] {logging_mixin.py:109} INFO - [2022-01-23 12:14:11,898] {dag.py:2928} INFO - Setting next_dagrun for tutorial to 2022-01-22T12:14:11.898127+00:00
[2022-01-23 12:14:11,923] {processor.py:171} INFO - Processing /home/airflow/.local/lib/python3.7/site-packages/airflow/example_dags/tutorial.py took 0.177 seconds
[2022-01-23 12:14:43,820] {processor.py:163} INFO - Started process (PID=691) to work on /home/airflow/.local/lib/python3.7/site-packages/airflow/example_dags/tutorial.py
[2022-01-23 12:14:43,826] {processor.py:625} INFO - Processing file /home/airflow/.local/lib/python3.7/site-packages/airflow/example_dags/tutorial.py for tasks to queue
[2022-01-23 12:14:43,829] {logging_mixin.py:109} INFO - [2022-01-23 12:14:43,828] {dagbag.py:500} INFO - Filling up the DagBag from /home/airflow/.local/lib/python3.7/site-packages/airflow/example_dags/tutorial.py
[2022-01-23 12:14:43,940] {processor.py:637} INFO - DAG(s) dict_keys(['tutorial']) retrieved from /home/airflow/.local/lib/python3.7/site-packages/airflow/example_dags/tutorial.py
[2022-01-23 12:14:43,994] {logging_mixin.py:109} INFO - [2022-01-23 12:14:43,993] {dag.py:2396} INFO - Sync 1 DAGs
[2022-01-23 12:14:44,097] {logging_mixin.py:109} INFO - [2022-01-23 12:14:44,096] {dag.py:2928} INFO - Setting next_dagrun for tutorial to 2022-01-22T12:14:44.095680+00:00
[2022-01-23 12:14:44,154] {processor.py:171} INFO - Processing /home/airflow/.local/lib/python3.7/site-packages/airflow/example_dags/tutorial.py took 0.348 seconds
[2022-01-23 12:15:14,716] {processor.py:163} INFO - Started process (PID=752) to work on /home/airflow/.local/lib/python3.7/site-packages/airflow/example_dags/tutorial.py
[2022-01-23 12:15:14,722] {processor.py:625} INFO - Processing file /home/airflow/.local/lib/python3.7/site-packages/airflow/example_dags/tutorial.py for tasks to queue
[2022-01-23 12:15:14,726] {logging_mixin.py:109} INFO - [2022-01-23 12:15:14,725] {dagbag.py:500} INFO - Filling up the DagBag from /home/airflow/.local/lib/python3.7/site-packages/airflow/example_dags/tutorial.py
[2022-01-23 12:15:14,778] {processor.py:637} INFO - DAG(s) dict_keys(['tutorial']) retrieved from /home/airflow/.local/lib/python3.7/site-packages/airflow/example_dags/tutorial.py
[2022-01-23 12:15:14,791] {logging_mixin.py:109} INFO - [2022-01-23 12:15:14,791] {dag.py:2396} INFO - Sync 1 DAGs
[2022-01-23 12:15:14,811] {logging_mixin.py:109} INFO - [2022-01-23 12:15:14,811] {dag.py:2928} INFO - Setting next_dagrun for tutorial to 2022-01-22T12:15:14.811488+00:00
[2022-01-23 12:15:14,824] {processor.py:171} INFO - Processing /home/airflow/.local/lib/python3.7/site-packages/airflow/example_dags/tutorial.py took 0.116 seconds
[2022-01-23 12:15:44,907] {processor.py:163} INFO - Started process (PID=822) to work on /home/airflow/.local/lib/python3.7/site-packages/airflow/example_dags/tutorial.py
[2022-01-23 12:15:44,909] {processor.py:625} INFO - Processing file /home/airflow/.local/lib/python3.7/site-packages/airflow/example_dags/tutorial.py for tasks to queue
[2022-01-23 12:15:44,911] {logging_mixin.py:109} INFO - [2022-01-23 12:15:44,911] {dagbag.py:500} INFO - Filling up the DagBag from /home/airflow/.local/lib/python3.7/site-packages/airflow/example_dags/tutorial.py
[2022-01-23 12:15:44,955] {processor.py:637} INFO - DAG(s) dict_keys(['tutorial']) retrieved from /home/airflow/.local/lib/python3.7/site-packages/airflow/example_dags/tutorial.py
[2022-01-23 12:15:44,974] {logging_mixin.py:109} INFO - [2022-01-23 12:15:44,974] {dag.py:2396} INFO - Sync 1 DAGs
[2022-01-23 12:15:45,002] {logging_mixin.py:109} INFO - [2022-01-23 12:15:45,002] {dag.py:2928} INFO - Setting next_dagrun for tutorial to 2022-01-22T12:15:45.002050+00:00
[2022-01-23 12:15:45,018] {processor.py:171} INFO - Processing /home/airflow/.local/lib/python3.7/site-packages/airflow/example_dags/tutorial.py took 0.116 seconds
[2022-01-23 12:16:15,681] {processor.py:163} INFO - Started process (PID=884) to work on /home/airflow/.local/lib/python3.7/site-packages/airflow/example_dags/tutorial.py
[2022-01-23 12:16:15,683] {processor.py:625} INFO - Processing file /home/airflow/.local/lib/python3.7/site-packages/airflow/example_dags/tutorial.py for tasks to queue
[2022-01-23 12:16:15,684] {logging_mixin.py:109} INFO - [2022-01-23 12:16:15,684] {dagbag.py:500} INFO - Filling up the DagBag from /home/airflow/.local/lib/python3.7/site-packages/airflow/example_dags/tutorial.py
[2022-01-23 12:16:15,727] {processor.py:637} INFO - DAG(s) dict_keys(['tutorial']) retrieved from /home/airflow/.local/lib/python3.7/site-packages/airflow/example_dags/tutorial.py
[2022-01-23 12:16:15,742] {logging_mixin.py:109} INFO - [2022-01-23 12:16:15,742] {dag.py:2396} INFO - Sync 1 DAGs
[2022-01-23 12:16:15,768] {logging_mixin.py:109} INFO - [2022-01-23 12:16:15,768] {dag.py:2928} INFO - Setting next_dagrun for tutorial to 2022-01-22T12:16:15.767780+00:00
[2022-01-23 12:16:15,785] {processor.py:171} INFO - Processing /home/airflow/.local/lib/python3.7/site-packages/airflow/example_dags/tutorial.py took 0.111 seconds
[2022-01-23 12:16:45,831] {processor.py:163} INFO - Started process (PID=944) to work on /home/airflow/.local/lib/python3.7/site-packages/airflow/example_dags/tutorial.py
[2022-01-23 12:16:45,833] {processor.py:625} INFO - Processing file /home/airflow/.local/lib/python3.7/site-packages/airflow/example_dags/tutorial.py for tasks to queue
[2022-01-23 12:16:45,834] {logging_mixin.py:109} INFO - [2022-01-23 12:16:45,834] {dagbag.py:500} INFO - Filling up the DagBag from /home/airflow/.local/lib/python3.7/site-packages/airflow/example_dags/tutorial.py
[2022-01-23 12:16:45,882] {processor.py:637} INFO - DAG(s) dict_keys(['tutorial']) retrieved from /home/airflow/.local/lib/python3.7/site-packages/airflow/example_dags/tutorial.py
[2022-01-23 12:16:45,899] {logging_mixin.py:109} INFO - [2022-01-23 12:16:45,898] {dag.py:2396} INFO - Sync 1 DAGs
[2022-01-23 12:16:45,934] {logging_mixin.py:109} INFO - [2022-01-23 12:16:45,934] {dag.py:2928} INFO - Setting next_dagrun for tutorial to 2022-01-22T12:16:45.933919+00:00
[2022-01-23 12:16:45,952] {processor.py:171} INFO - Processing /home/airflow/.local/lib/python3.7/site-packages/airflow/example_dags/tutorial.py took 0.125 seconds
[2022-01-23 12:17:16,219] {processor.py:163} INFO - Started process (PID=1006) to work on /home/airflow/.local/lib/python3.7/site-packages/airflow/example_dags/tutorial.py
[2022-01-23 12:17:16,221] {processor.py:625} INFO - Processing file /home/airflow/.local/lib/python3.7/site-packages/airflow/example_dags/tutorial.py for tasks to queue
[2022-01-23 12:17:16,222] {logging_mixin.py:109} INFO - [2022-01-23 12:17:16,222] {dagbag.py:500} INFO - Filling up the DagBag from /home/airflow/.local/lib/python3.7/site-packages/airflow/example_dags/tutorial.py
[2022-01-23 12:17:16,264] {processor.py:637} INFO - DAG(s) dict_keys(['tutorial']) retrieved from /home/airflow/.local/lib/python3.7/site-packages/airflow/example_dags/tutorial.py
[2022-01-23 12:17:16,280] {logging_mixin.py:109} INFO - [2022-01-23 12:17:16,279] {dag.py:2396} INFO - Sync 1 DAGs
[2022-01-23 12:17:16,311] {logging_mixin.py:109} INFO - [2022-01-23 12:17:16,310] {dag.py:2928} INFO - Setting next_dagrun for tutorial to 2022-01-22T12:17:16.310446+00:00
[2022-01-23 12:17:16,460] {processor.py:171} INFO - Processing /home/airflow/.local/lib/python3.7/site-packages/airflow/example_dags/tutorial.py took 0.247 seconds
[2022-01-23 12:17:47,274] {processor.py:163} INFO - Started process (PID=1068) to work on /home/airflow/.local/lib/python3.7/site-packages/airflow/example_dags/tutorial.py
[2022-01-23 12:17:47,276] {processor.py:625} INFO - Processing file /home/airflow/.local/lib/python3.7/site-packages/airflow/example_dags/tutorial.py for tasks to queue
[2022-01-23 12:17:47,278] {logging_mixin.py:109} INFO - [2022-01-23 12:17:47,278] {dagbag.py:500} INFO - Filling up the DagBag from /home/airflow/.local/lib/python3.7/site-packages/airflow/example_dags/tutorial.py
[2022-01-23 12:17:47,331] {processor.py:637} INFO - DAG(s) dict_keys(['tutorial']) retrieved from /home/airflow/.local/lib/python3.7/site-packages/airflow/example_dags/tutorial.py
[2022-01-23 12:17:47,350] {logging_mixin.py:109} INFO - [2022-01-23 12:17:47,350] {dag.py:2396} INFO - Sync 1 DAGs
[2022-01-23 12:17:47,385] {logging_mixin.py:109} INFO - [2022-01-23 12:17:47,384] {dag.py:2928} INFO - Setting next_dagrun for tutorial to 2022-01-22T12:17:47.384439+00:00
[2022-01-23 12:17:47,617] {processor.py:171} INFO - Processing /home/airflow/.local/lib/python3.7/site-packages/airflow/example_dags/tutorial.py took 0.350 seconds
[2022-01-23 12:18:17,698] {processor.py:163} INFO - Started process (PID=1129) to work on /home/airflow/.local/lib/python3.7/site-packages/airflow/example_dags/tutorial.py
[2022-01-23 12:18:17,700] {processor.py:625} INFO - Processing file /home/airflow/.local/lib/python3.7/site-packages/airflow/example_dags/tutorial.py for tasks to queue
[2022-01-23 12:18:17,701] {logging_mixin.py:109} INFO - [2022-01-23 12:18:17,701] {dagbag.py:500} INFO - Filling up the DagBag from /home/airflow/.local/lib/python3.7/site-packages/airflow/example_dags/tutorial.py
[2022-01-23 12:18:17,741] {processor.py:637} INFO - DAG(s) dict_keys(['tutorial']) retrieved from /home/airflow/.local/lib/python3.7/site-packages/airflow/example_dags/tutorial.py
[2022-01-23 12:18:17,759] {logging_mixin.py:109} INFO - [2022-01-23 12:18:17,759] {dag.py:2396} INFO - Sync 1 DAGs
[2022-01-23 12:18:17,893] {logging_mixin.py:109} INFO - [2022-01-23 12:18:17,892] {dag.py:2928} INFO - Setting next_dagrun for tutorial to 2022-01-22T12:18:17.892616+00:00
[2022-01-23 12:18:17,906] {processor.py:171} INFO - Processing /home/airflow/.local/lib/python3.7/site-packages/airflow/example_dags/tutorial.py took 0.212 seconds
[2022-01-23 12:18:48,362] {processor.py:163} INFO - Started process (PID=1192) to work on /home/airflow/.local/lib/python3.7/site-packages/airflow/example_dags/tutorial.py
[2022-01-23 12:18:48,364] {processor.py:625} INFO - Processing file /home/airflow/.local/lib/python3.7/site-packages/airflow/example_dags/tutorial.py for tasks to queue
[2022-01-23 12:18:48,366] {logging_mixin.py:109} INFO - [2022-01-23 12:18:48,365] {dagbag.py:500} INFO - Filling up the DagBag from /home/airflow/.local/lib/python3.7/site-packages/airflow/example_dags/tutorial.py
[2022-01-23 12:18:48,410] {processor.py:637} INFO - DAG(s) dict_keys(['tutorial']) retrieved from /home/airflow/.local/lib/python3.7/site-packages/airflow/example_dags/tutorial.py
[2022-01-23 12:18:48,425] {logging_mixin.py:109} INFO - [2022-01-23 12:18:48,425] {dag.py:2396} INFO - Sync 1 DAGs
[2022-01-23 12:18:48,571] {logging_mixin.py:109} INFO - [2022-01-23 12:18:48,571] {dag.py:2928} INFO - Setting next_dagrun for tutorial to 2022-01-22T12:18:48.570498+00:00
[2022-01-23 12:18:48,588] {processor.py:171} INFO - Processing /home/airflow/.local/lib/python3.7/site-packages/airflow/example_dags/tutorial.py took 0.233 seconds
[2022-01-23 12:19:19,310] {processor.py:163} INFO - Started process (PID=1253) to work on /home/airflow/.local/lib/python3.7/site-packages/airflow/example_dags/tutorial.py
[2022-01-23 12:19:19,312] {processor.py:625} INFO - Processing file /home/airflow/.local/lib/python3.7/site-packages/airflow/example_dags/tutorial.py for tasks to queue
[2022-01-23 12:19:19,314] {logging_mixin.py:109} INFO - [2022-01-23 12:19:19,314] {dagbag.py:500} INFO - Filling up the DagBag from /home/airflow/.local/lib/python3.7/site-packages/airflow/example_dags/tutorial.py
[2022-01-23 12:19:19,384] {processor.py:637} INFO - DAG(s) dict_keys(['tutorial']) retrieved from /home/airflow/.local/lib/python3.7/site-packages/airflow/example_dags/tutorial.py
[2022-01-23 12:19:19,417] {logging_mixin.py:109} INFO - [2022-01-23 12:19:19,417] {dag.py:2396} INFO - Sync 1 DAGs
[2022-01-23 12:19:19,630] {logging_mixin.py:109} INFO - [2022-01-23 12:19:19,629] {dag.py:2928} INFO - Setting next_dagrun for tutorial to 2022-01-22T12:19:19.629380+00:00
[2022-01-23 12:19:19,657] {processor.py:171} INFO - Processing /home/airflow/.local/lib/python3.7/site-packages/airflow/example_dags/tutorial.py took 0.353 seconds
[2022-01-23 12:19:50,176] {processor.py:163} INFO - Started process (PID=1316) to work on /home/airflow/.local/lib/python3.7/site-packages/airflow/example_dags/tutorial.py
[2022-01-23 12:19:50,180] {processor.py:625} INFO - Processing file /home/airflow/.local/lib/python3.7/site-packages/airflow/example_dags/tutorial.py for tasks to queue
[2022-01-23 12:19:50,184] {logging_mixin.py:109} INFO - [2022-01-23 12:19:50,184] {dagbag.py:500} INFO - Filling up the DagBag from /home/airflow/.local/lib/python3.7/site-packages/airflow/example_dags/tutorial.py
[2022-01-23 12:19:50,430] {processor.py:637} INFO - DAG(s) dict_keys(['tutorial']) retrieved from /home/airflow/.local/lib/python3.7/site-packages/airflow/example_dags/tutorial.py
[2022-01-23 12:19:50,455] {logging_mixin.py:109} INFO - [2022-01-23 12:19:50,455] {dag.py:2396} INFO - Sync 1 DAGs
[2022-01-23 12:19:50,509] {logging_mixin.py:109} INFO - [2022-01-23 12:19:50,508] {dag.py:2928} INFO - Setting next_dagrun for tutorial to 2022-01-22T12:19:50.508143+00:00
[2022-01-23 12:19:50,539] {processor.py:171} INFO - Processing /home/airflow/.local/lib/python3.7/site-packages/airflow/example_dags/tutorial.py took 0.377 seconds
[2022-01-23 12:20:20,712] {processor.py:163} INFO - Started process (PID=1376) to work on /home/airflow/.local/lib/python3.7/site-packages/airflow/example_dags/tutorial.py
[2022-01-23 12:20:20,716] {processor.py:625} INFO - Processing file /home/airflow/.local/lib/python3.7/site-packages/airflow/example_dags/tutorial.py for tasks to queue
[2022-01-23 12:20:20,718] {logging_mixin.py:109} INFO - [2022-01-23 12:20:20,717] {dagbag.py:500} INFO - Filling up the DagBag from /home/airflow/.local/lib/python3.7/site-packages/airflow/example_dags/tutorial.py
[2022-01-23 12:20:20,907] {processor.py:637} INFO - DAG(s) dict_keys(['tutorial']) retrieved from /home/airflow/.local/lib/python3.7/site-packages/airflow/example_dags/tutorial.py
[2022-01-23 12:20:20,923] {logging_mixin.py:109} INFO - [2022-01-23 12:20:20,922] {dag.py:2396} INFO - Sync 1 DAGs
[2022-01-23 12:20:20,949] {logging_mixin.py:109} INFO - [2022-01-23 12:20:20,949] {dag.py:2928} INFO - Setting next_dagrun for tutorial to 2022-01-22T12:20:20.949270+00:00
[2022-01-23 12:20:20,967] {processor.py:171} INFO - Processing /home/airflow/.local/lib/python3.7/site-packages/airflow/example_dags/tutorial.py took 0.260 seconds
[2022-01-23 12:20:51,370] {processor.py:163} INFO - Started process (PID=1438) to work on /home/airflow/.local/lib/python3.7/site-packages/airflow/example_dags/tutorial.py
[2022-01-23 12:20:51,373] {processor.py:625} INFO - Processing file /home/airflow/.local/lib/python3.7/site-packages/airflow/example_dags/tutorial.py for tasks to queue
[2022-01-23 12:20:51,374] {logging_mixin.py:109} INFO - [2022-01-23 12:20:51,374] {dagbag.py:500} INFO - Filling up the DagBag from /home/airflow/.local/lib/python3.7/site-packages/airflow/example_dags/tutorial.py
[2022-01-23 12:20:51,584] {processor.py:637} INFO - DAG(s) dict_keys(['tutorial']) retrieved from /home/airflow/.local/lib/python3.7/site-packages/airflow/example_dags/tutorial.py
[2022-01-23 12:20:51,598] {logging_mixin.py:109} INFO - [2022-01-23 12:20:51,598] {dag.py:2396} INFO - Sync 1 DAGs
[2022-01-23 12:20:51,626] {logging_mixin.py:109} INFO - [2022-01-23 12:20:51,626] {dag.py:2928} INFO - Setting next_dagrun for tutorial to 2022-01-22T12:20:51.626032+00:00
[2022-01-23 12:20:51,642] {processor.py:171} INFO - Processing /home/airflow/.local/lib/python3.7/site-packages/airflow/example_dags/tutorial.py took 0.278 seconds
[2022-01-23 12:21:22,644] {processor.py:163} INFO - Started process (PID=1500) to work on /home/airflow/.local/lib/python3.7/site-packages/airflow/example_dags/tutorial.py
[2022-01-23 12:21:22,647] {processor.py:625} INFO - Processing file /home/airflow/.local/lib/python3.7/site-packages/airflow/example_dags/tutorial.py for tasks to queue
[2022-01-23 12:21:22,649] {logging_mixin.py:109} INFO - [2022-01-23 12:21:22,648] {dagbag.py:500} INFO - Filling up the DagBag from /home/airflow/.local/lib/python3.7/site-packages/airflow/example_dags/tutorial.py
[2022-01-23 12:21:22,837] {processor.py:637} INFO - DAG(s) dict_keys(['tutorial']) retrieved from /home/airflow/.local/lib/python3.7/site-packages/airflow/example_dags/tutorial.py
[2022-01-23 12:21:22,860] {logging_mixin.py:109} INFO - [2022-01-23 12:21:22,860] {dag.py:2396} INFO - Sync 1 DAGs
[2022-01-23 12:21:22,889] {logging_mixin.py:109} INFO - [2022-01-23 12:21:22,889] {dag.py:2928} INFO - Setting next_dagrun for tutorial to 2022-01-22T12:21:22.888673+00:00
[2022-01-23 12:21:22,907] {processor.py:171} INFO - Processing /home/airflow/.local/lib/python3.7/site-packages/airflow/example_dags/tutorial.py took 0.268 seconds
[2022-01-23 12:21:53,129] {processor.py:163} INFO - Started process (PID=1561) to work on /home/airflow/.local/lib/python3.7/site-packages/airflow/example_dags/tutorial.py
[2022-01-23 12:21:53,140] {processor.py:625} INFO - Processing file /home/airflow/.local/lib/python3.7/site-packages/airflow/example_dags/tutorial.py for tasks to queue
[2022-01-23 12:21:53,145] {logging_mixin.py:109} INFO - [2022-01-23 12:21:53,144] {dagbag.py:500} INFO - Filling up the DagBag from /home/airflow/.local/lib/python3.7/site-packages/airflow/example_dags/tutorial.py
[2022-01-23 12:21:53,306] {processor.py:637} INFO - DAG(s) dict_keys(['tutorial']) retrieved from /home/airflow/.local/lib/python3.7/site-packages/airflow/example_dags/tutorial.py
[2022-01-23 12:21:53,359] {logging_mixin.py:109} INFO - [2022-01-23 12:21:53,359] {dag.py:2396} INFO - Sync 1 DAGs
[2022-01-23 12:21:53,406] {logging_mixin.py:109} INFO - [2022-01-23 12:21:53,406] {dag.py:2928} INFO - Setting next_dagrun for tutorial to 2022-01-22T12:21:53.405603+00:00
[2022-01-23 12:21:53,422] {processor.py:171} INFO - Processing /home/airflow/.local/lib/python3.7/site-packages/airflow/example_dags/tutorial.py took 0.319 seconds
[2022-01-23 12:22:23,488] {processor.py:163} INFO - Started process (PID=1633) to work on /home/airflow/.local/lib/python3.7/site-packages/airflow/example_dags/tutorial.py
[2022-01-23 12:22:23,491] {processor.py:625} INFO - Processing file /home/airflow/.local/lib/python3.7/site-packages/airflow/example_dags/tutorial.py for tasks to queue
[2022-01-23 12:22:23,492] {logging_mixin.py:109} INFO - [2022-01-23 12:22:23,492] {dagbag.py:500} INFO - Filling up the DagBag from /home/airflow/.local/lib/python3.7/site-packages/airflow/example_dags/tutorial.py
[2022-01-23 12:22:23,535] {processor.py:637} INFO - DAG(s) dict_keys(['tutorial']) retrieved from /home/airflow/.local/lib/python3.7/site-packages/airflow/example_dags/tutorial.py
[2022-01-23 12:22:23,554] {logging_mixin.py:109} INFO - [2022-01-23 12:22:23,554] {dag.py:2396} INFO - Sync 1 DAGs
[2022-01-23 12:22:23,579] {logging_mixin.py:109} INFO - [2022-01-23 12:22:23,579] {dag.py:2928} INFO - Setting next_dagrun for tutorial to 2022-01-22T12:22:23.578919+00:00
[2022-01-23 12:22:23,595] {processor.py:171} INFO - Processing /home/airflow/.local/lib/python3.7/site-packages/airflow/example_dags/tutorial.py took 0.112 seconds
[2022-01-23 12:22:54,247] {processor.py:163} INFO - Started process (PID=1694) to work on /home/airflow/.local/lib/python3.7/site-packages/airflow/example_dags/tutorial.py
[2022-01-23 12:22:54,249] {processor.py:625} INFO - Processing file /home/airflow/.local/lib/python3.7/site-packages/airflow/example_dags/tutorial.py for tasks to queue
[2022-01-23 12:22:54,250] {logging_mixin.py:109} INFO - [2022-01-23 12:22:54,250] {dagbag.py:500} INFO - Filling up the DagBag from /home/airflow/.local/lib/python3.7/site-packages/airflow/example_dags/tutorial.py
[2022-01-23 12:22:54,334] {processor.py:637} INFO - DAG(s) dict_keys(['tutorial']) retrieved from /home/airflow/.local/lib/python3.7/site-packages/airflow/example_dags/tutorial.py
[2022-01-23 12:22:54,377] {logging_mixin.py:109} INFO - [2022-01-23 12:22:54,377] {dag.py:2396} INFO - Sync 1 DAGs
[2022-01-23 12:22:54,414] {logging_mixin.py:109} INFO - [2022-01-23 12:22:54,413] {dag.py:2928} INFO - Setting next_dagrun for tutorial to 2022-01-22T12:22:54.413420+00:00
[2022-01-23 12:22:54,431] {processor.py:171} INFO - Processing /home/airflow/.local/lib/python3.7/site-packages/airflow/example_dags/tutorial.py took 0.191 seconds
[2022-01-23 12:23:24,668] {processor.py:163} INFO - Started process (PID=1754) to work on /home/airflow/.local/lib/python3.7/site-packages/airflow/example_dags/tutorial.py
[2022-01-23 12:23:24,670] {processor.py:625} INFO - Processing file /home/airflow/.local/lib/python3.7/site-packages/airflow/example_dags/tutorial.py for tasks to queue
[2022-01-23 12:23:24,671] {logging_mixin.py:109} INFO - [2022-01-23 12:23:24,671] {dagbag.py:500} INFO - Filling up the DagBag from /home/airflow/.local/lib/python3.7/site-packages/airflow/example_dags/tutorial.py
[2022-01-23 12:23:24,737] {processor.py:637} INFO - DAG(s) dict_keys(['tutorial']) retrieved from /home/airflow/.local/lib/python3.7/site-packages/airflow/example_dags/tutorial.py
[2022-01-23 12:23:24,777] {logging_mixin.py:109} INFO - [2022-01-23 12:23:24,777] {dag.py:2396} INFO - Sync 1 DAGs
[2022-01-23 12:23:24,816] {logging_mixin.py:109} INFO - [2022-01-23 12:23:24,815] {dag.py:2928} INFO - Setting next_dagrun for tutorial to 2022-01-22T12:23:24.815301+00:00
[2022-01-23 12:23:24,838] {processor.py:171} INFO - Processing /home/airflow/.local/lib/python3.7/site-packages/airflow/example_dags/tutorial.py took 0.177 seconds
[2022-01-23 12:23:55,018] {processor.py:163} INFO - Started process (PID=1814) to work on /home/airflow/.local/lib/python3.7/site-packages/airflow/example_dags/tutorial.py
[2022-01-23 12:23:55,021] {processor.py:625} INFO - Processing file /home/airflow/.local/lib/python3.7/site-packages/airflow/example_dags/tutorial.py for tasks to queue
[2022-01-23 12:23:55,022] {logging_mixin.py:109} INFO - [2022-01-23 12:23:55,022] {dagbag.py:500} INFO - Filling up the DagBag from /home/airflow/.local/lib/python3.7/site-packages/airflow/example_dags/tutorial.py
[2022-01-23 12:23:55,075] {processor.py:637} INFO - DAG(s) dict_keys(['tutorial']) retrieved from /home/airflow/.local/lib/python3.7/site-packages/airflow/example_dags/tutorial.py
[2022-01-23 12:23:55,093] {logging_mixin.py:109} INFO - [2022-01-23 12:23:55,093] {dag.py:2396} INFO - Sync 1 DAGs
[2022-01-23 12:23:55,124] {logging_mixin.py:109} INFO - [2022-01-23 12:23:55,124] {dag.py:2928} INFO - Setting next_dagrun for tutorial to 2022-01-22T12:23:55.123498+00:00
[2022-01-23 12:23:55,142] {processor.py:171} INFO - Processing /home/airflow/.local/lib/python3.7/site-packages/airflow/example_dags/tutorial.py took 0.131 seconds
[2022-01-23 12:24:26,139] {processor.py:163} INFO - Started process (PID=1876) to work on /home/airflow/.local/lib/python3.7/site-packages/airflow/example_dags/tutorial.py
[2022-01-23 12:24:26,143] {processor.py:625} INFO - Processing file /home/airflow/.local/lib/python3.7/site-packages/airflow/example_dags/tutorial.py for tasks to queue
[2022-01-23 12:24:26,146] {logging_mixin.py:109} INFO - [2022-01-23 12:24:26,146] {dagbag.py:500} INFO - Filling up the DagBag from /home/airflow/.local/lib/python3.7/site-packages/airflow/example_dags/tutorial.py
[2022-01-23 12:24:26,216] {processor.py:637} INFO - DAG(s) dict_keys(['tutorial']) retrieved from /home/airflow/.local/lib/python3.7/site-packages/airflow/example_dags/tutorial.py
[2022-01-23 12:24:26,239] {logging_mixin.py:109} INFO - [2022-01-23 12:24:26,239] {dag.py:2396} INFO - Sync 1 DAGs
[2022-01-23 12:24:26,278] {logging_mixin.py:109} INFO - [2022-01-23 12:24:26,277] {dag.py:2928} INFO - Setting next_dagrun for tutorial to 2022-01-22T12:24:26.276944+00:00
[2022-01-23 12:24:26,301] {processor.py:171} INFO - Processing /home/airflow/.local/lib/python3.7/site-packages/airflow/example_dags/tutorial.py took 0.171 seconds
[2022-01-23 12:24:56,473] {processor.py:163} INFO - Started process (PID=1937) to work on /home/airflow/.local/lib/python3.7/site-packages/airflow/example_dags/tutorial.py
[2022-01-23 12:24:56,476] {processor.py:625} INFO - Processing file /home/airflow/.local/lib/python3.7/site-packages/airflow/example_dags/tutorial.py for tasks to queue
[2022-01-23 12:24:56,477] {logging_mixin.py:109} INFO - [2022-01-23 12:24:56,477] {dagbag.py:500} INFO - Filling up the DagBag from /home/airflow/.local/lib/python3.7/site-packages/airflow/example_dags/tutorial.py
[2022-01-23 12:24:56,527] {processor.py:637} INFO - DAG(s) dict_keys(['tutorial']) retrieved from /home/airflow/.local/lib/python3.7/site-packages/airflow/example_dags/tutorial.py
[2022-01-23 12:24:56,550] {logging_mixin.py:109} INFO - [2022-01-23 12:24:56,549] {dag.py:2396} INFO - Sync 1 DAGs
[2022-01-23 12:24:56,580] {logging_mixin.py:109} INFO - [2022-01-23 12:24:56,580] {dag.py:2928} INFO - Setting next_dagrun for tutorial to 2022-01-22T12:24:56.580362+00:00
[2022-01-23 12:24:56,601] {processor.py:171} INFO - Processing /home/airflow/.local/lib/python3.7/site-packages/airflow/example_dags/tutorial.py took 0.134 seconds
[2022-01-23 12:25:27,685] {processor.py:163} INFO - Started process (PID=1999) to work on /home/airflow/.local/lib/python3.7/site-packages/airflow/example_dags/tutorial.py
[2022-01-23 12:25:27,688] {processor.py:625} INFO - Processing file /home/airflow/.local/lib/python3.7/site-packages/airflow/example_dags/tutorial.py for tasks to queue
[2022-01-23 12:25:27,690] {logging_mixin.py:109} INFO - [2022-01-23 12:25:27,690] {dagbag.py:500} INFO - Filling up the DagBag from /home/airflow/.local/lib/python3.7/site-packages/airflow/example_dags/tutorial.py
[2022-01-23 12:25:27,760] {processor.py:637} INFO - DAG(s) dict_keys(['tutorial']) retrieved from /home/airflow/.local/lib/python3.7/site-packages/airflow/example_dags/tutorial.py
[2022-01-23 12:25:27,783] {logging_mixin.py:109} INFO - [2022-01-23 12:25:27,783] {dag.py:2396} INFO - Sync 1 DAGs
[2022-01-23 12:25:27,820] {logging_mixin.py:109} INFO - [2022-01-23 12:25:27,820] {dag.py:2928} INFO - Setting next_dagrun for tutorial to 2022-01-22T12:25:27.819867+00:00
[2022-01-23 12:25:27,842] {processor.py:171} INFO - Processing /home/airflow/.local/lib/python3.7/site-packages/airflow/example_dags/tutorial.py took 0.166 seconds
[2022-01-23 12:25:58,823] {processor.py:163} INFO - Started process (PID=2060) to work on /home/airflow/.local/lib/python3.7/site-packages/airflow/example_dags/tutorial.py
[2022-01-23 12:25:58,826] {processor.py:625} INFO - Processing file /home/airflow/.local/lib/python3.7/site-packages/airflow/example_dags/tutorial.py for tasks to queue
[2022-01-23 12:25:58,826] {logging_mixin.py:109} INFO - [2022-01-23 12:25:58,826] {dagbag.py:500} INFO - Filling up the DagBag from /home/airflow/.local/lib/python3.7/site-packages/airflow/example_dags/tutorial.py
[2022-01-23 12:25:58,958] {processor.py:637} INFO - DAG(s) dict_keys(['tutorial']) retrieved from /home/airflow/.local/lib/python3.7/site-packages/airflow/example_dags/tutorial.py
[2022-01-23 12:25:58,994] {logging_mixin.py:109} INFO - [2022-01-23 12:25:58,994] {dag.py:2396} INFO - Sync 1 DAGs
[2022-01-23 12:25:59,051] {logging_mixin.py:109} INFO - [2022-01-23 12:25:59,050] {dag.py:2928} INFO - Setting next_dagrun for tutorial to 2022-01-22T12:25:59.050158+00:00
[2022-01-23 12:25:59,084] {processor.py:171} INFO - Processing /home/airflow/.local/lib/python3.7/site-packages/airflow/example_dags/tutorial.py took 0.266 seconds
[2022-01-23 12:26:29,691] {processor.py:163} INFO - Started process (PID=2115) to work on /home/airflow/.local/lib/python3.7/site-packages/airflow/example_dags/tutorial.py
[2022-01-23 12:26:29,700] {processor.py:625} INFO - Processing file /home/airflow/.local/lib/python3.7/site-packages/airflow/example_dags/tutorial.py for tasks to queue
[2022-01-23 12:26:29,705] {logging_mixin.py:109} INFO - [2022-01-23 12:26:29,705] {dagbag.py:500} INFO - Filling up the DagBag from /home/airflow/.local/lib/python3.7/site-packages/airflow/example_dags/tutorial.py
[2022-01-23 12:26:29,823] {processor.py:637} INFO - DAG(s) dict_keys(['tutorial']) retrieved from /home/airflow/.local/lib/python3.7/site-packages/airflow/example_dags/tutorial.py
[2022-01-23 12:26:29,865] {logging_mixin.py:109} INFO - [2022-01-23 12:26:29,865] {dag.py:2396} INFO - Sync 1 DAGs
[2022-01-23 12:26:29,931] {logging_mixin.py:109} INFO - [2022-01-23 12:26:29,929] {dag.py:2928} INFO - Setting next_dagrun for tutorial to 2022-01-22T12:26:29.928293+00:00
[2022-01-23 12:26:29,977] {processor.py:171} INFO - Processing /home/airflow/.local/lib/python3.7/site-packages/airflow/example_dags/tutorial.py took 0.307 seconds
[2022-01-23 12:27:00,102] {processor.py:163} INFO - Started process (PID=2177) to work on /home/airflow/.local/lib/python3.7/site-packages/airflow/example_dags/tutorial.py
[2022-01-23 12:27:00,108] {processor.py:625} INFO - Processing file /home/airflow/.local/lib/python3.7/site-packages/airflow/example_dags/tutorial.py for tasks to queue
[2022-01-23 12:27:00,111] {logging_mixin.py:109} INFO - [2022-01-23 12:27:00,110] {dagbag.py:500} INFO - Filling up the DagBag from /home/airflow/.local/lib/python3.7/site-packages/airflow/example_dags/tutorial.py
[2022-01-23 12:27:00,228] {processor.py:637} INFO - DAG(s) dict_keys(['tutorial']) retrieved from /home/airflow/.local/lib/python3.7/site-packages/airflow/example_dags/tutorial.py
[2022-01-23 12:27:00,266] {logging_mixin.py:109} INFO - [2022-01-23 12:27:00,265] {dag.py:2396} INFO - Sync 1 DAGs
[2022-01-23 12:27:00,331] {logging_mixin.py:109} INFO - [2022-01-23 12:27:00,330] {dag.py:2928} INFO - Setting next_dagrun for tutorial to 2022-01-22T12:27:00.329868+00:00
[2022-01-23 12:27:00,368] {processor.py:171} INFO - Processing /home/airflow/.local/lib/python3.7/site-packages/airflow/example_dags/tutorial.py took 0.278 seconds
[2022-01-23 12:27:30,575] {processor.py:163} INFO - Started process (PID=2247) to work on /home/airflow/.local/lib/python3.7/site-packages/airflow/example_dags/tutorial.py
[2022-01-23 12:27:30,577] {processor.py:625} INFO - Processing file /home/airflow/.local/lib/python3.7/site-packages/airflow/example_dags/tutorial.py for tasks to queue
[2022-01-23 12:27:30,579] {logging_mixin.py:109} INFO - [2022-01-23 12:27:30,579] {dagbag.py:500} INFO - Filling up the DagBag from /home/airflow/.local/lib/python3.7/site-packages/airflow/example_dags/tutorial.py
[2022-01-23 12:27:30,619] {processor.py:637} INFO - DAG(s) dict_keys(['tutorial']) retrieved from /home/airflow/.local/lib/python3.7/site-packages/airflow/example_dags/tutorial.py
[2022-01-23 12:27:30,633] {logging_mixin.py:109} INFO - [2022-01-23 12:27:30,633] {dag.py:2396} INFO - Sync 1 DAGs
[2022-01-23 12:27:30,660] {logging_mixin.py:109} INFO - [2022-01-23 12:27:30,660] {dag.py:2928} INFO - Setting next_dagrun for tutorial to 2022-01-22T12:27:30.659353+00:00
[2022-01-23 12:27:30,675] {processor.py:171} INFO - Processing /home/airflow/.local/lib/python3.7/site-packages/airflow/example_dags/tutorial.py took 0.105 seconds
[2022-01-23 12:28:01,381] {processor.py:163} INFO - Started process (PID=2310) to work on /home/airflow/.local/lib/python3.7/site-packages/airflow/example_dags/tutorial.py
[2022-01-23 12:28:01,385] {processor.py:625} INFO - Processing file /home/airflow/.local/lib/python3.7/site-packages/airflow/example_dags/tutorial.py for tasks to queue
[2022-01-23 12:28:01,388] {logging_mixin.py:109} INFO - [2022-01-23 12:28:01,388] {dagbag.py:500} INFO - Filling up the DagBag from /home/airflow/.local/lib/python3.7/site-packages/airflow/example_dags/tutorial.py
[2022-01-23 12:28:01,447] {processor.py:637} INFO - DAG(s) dict_keys(['tutorial']) retrieved from /home/airflow/.local/lib/python3.7/site-packages/airflow/example_dags/tutorial.py
[2022-01-23 12:28:01,464] {logging_mixin.py:109} INFO - [2022-01-23 12:28:01,464] {dag.py:2396} INFO - Sync 1 DAGs
[2022-01-23 12:28:01,488] {logging_mixin.py:109} INFO - [2022-01-23 12:28:01,488] {dag.py:2928} INFO - Setting next_dagrun for tutorial to 2022-01-22T12:28:01.487702+00:00
[2022-01-23 12:28:01,503] {processor.py:171} INFO - Processing /home/airflow/.local/lib/python3.7/site-packages/airflow/example_dags/tutorial.py took 0.132 seconds
[2022-01-23 12:28:32,355] {processor.py:163} INFO - Started process (PID=2372) to work on /home/airflow/.local/lib/python3.7/site-packages/airflow/example_dags/tutorial.py
[2022-01-23 12:28:32,358] {processor.py:625} INFO - Processing file /home/airflow/.local/lib/python3.7/site-packages/airflow/example_dags/tutorial.py for tasks to queue
[2022-01-23 12:28:32,360] {logging_mixin.py:109} INFO - [2022-01-23 12:28:32,359] {dagbag.py:500} INFO - Filling up the DagBag from /home/airflow/.local/lib/python3.7/site-packages/airflow/example_dags/tutorial.py
[2022-01-23 12:28:32,432] {processor.py:637} INFO - DAG(s) dict_keys(['tutorial']) retrieved from /home/airflow/.local/lib/python3.7/site-packages/airflow/example_dags/tutorial.py
[2022-01-23 12:28:32,475] {logging_mixin.py:109} INFO - [2022-01-23 12:28:32,475] {dag.py:2396} INFO - Sync 1 DAGs
[2022-01-23 12:28:32,514] {logging_mixin.py:109} INFO - [2022-01-23 12:28:32,513] {dag.py:2928} INFO - Setting next_dagrun for tutorial to 2022-01-22T12:28:32.512975+00:00
[2022-01-23 12:28:32,544] {processor.py:171} INFO - Processing /home/airflow/.local/lib/python3.7/site-packages/airflow/example_dags/tutorial.py took 0.196 seconds
[2022-01-23 12:29:03,630] {processor.py:163} INFO - Started process (PID=2433) to work on /home/airflow/.local/lib/python3.7/site-packages/airflow/example_dags/tutorial.py
[2022-01-23 12:29:03,636] {processor.py:625} INFO - Processing file /home/airflow/.local/lib/python3.7/site-packages/airflow/example_dags/tutorial.py for tasks to queue
[2022-01-23 12:29:03,639] {logging_mixin.py:109} INFO - [2022-01-23 12:29:03,639] {dagbag.py:500} INFO - Filling up the DagBag from /home/airflow/.local/lib/python3.7/site-packages/airflow/example_dags/tutorial.py
[2022-01-23 12:29:03,762] {processor.py:637} INFO - DAG(s) dict_keys(['tutorial']) retrieved from /home/airflow/.local/lib/python3.7/site-packages/airflow/example_dags/tutorial.py
[2022-01-23 12:29:03,802] {logging_mixin.py:109} INFO - [2022-01-23 12:29:03,802] {dag.py:2396} INFO - Sync 1 DAGs
[2022-01-23 12:29:03,836] {logging_mixin.py:109} INFO - [2022-01-23 12:29:03,835] {dag.py:2928} INFO - Setting next_dagrun for tutorial to 2022-01-22T12:29:03.835195+00:00
[2022-01-23 12:29:03,857] {processor.py:171} INFO - Processing /home/airflow/.local/lib/python3.7/site-packages/airflow/example_dags/tutorial.py took 0.240 seconds
[2022-01-23 12:29:34,852] {processor.py:163} INFO - Started process (PID=2494) to work on /home/airflow/.local/lib/python3.7/site-packages/airflow/example_dags/tutorial.py
[2022-01-23 12:29:34,858] {processor.py:625} INFO - Processing file /home/airflow/.local/lib/python3.7/site-packages/airflow/example_dags/tutorial.py for tasks to queue
[2022-01-23 12:29:34,861] {logging_mixin.py:109} INFO - [2022-01-23 12:29:34,860] {dagbag.py:500} INFO - Filling up the DagBag from /home/airflow/.local/lib/python3.7/site-packages/airflow/example_dags/tutorial.py
[2022-01-23 12:29:34,934] {processor.py:637} INFO - DAG(s) dict_keys(['tutorial']) retrieved from /home/airflow/.local/lib/python3.7/site-packages/airflow/example_dags/tutorial.py
[2022-01-23 12:29:34,960] {logging_mixin.py:109} INFO - [2022-01-23 12:29:34,959] {dag.py:2396} INFO - Sync 1 DAGs
[2022-01-23 12:29:35,000] {logging_mixin.py:109} INFO - [2022-01-23 12:29:34,999] {dag.py:2928} INFO - Setting next_dagrun for tutorial to 2022-01-22T12:29:34.999187+00:00
[2022-01-23 12:29:35,026] {processor.py:171} INFO - Processing /home/airflow/.local/lib/python3.7/site-packages/airflow/example_dags/tutorial.py took 0.184 seconds
[2022-01-23 12:30:05,611] {processor.py:163} INFO - Started process (PID=2554) to work on /home/airflow/.local/lib/python3.7/site-packages/airflow/example_dags/tutorial.py
[2022-01-23 12:30:05,618] {processor.py:625} INFO - Processing file /home/airflow/.local/lib/python3.7/site-packages/airflow/example_dags/tutorial.py for tasks to queue
[2022-01-23 12:30:05,622] {logging_mixin.py:109} INFO - [2022-01-23 12:30:05,621] {dagbag.py:500} INFO - Filling up the DagBag from /home/airflow/.local/lib/python3.7/site-packages/airflow/example_dags/tutorial.py
[2022-01-23 12:30:05,750] {processor.py:637} INFO - DAG(s) dict_keys(['tutorial']) retrieved from /home/airflow/.local/lib/python3.7/site-packages/airflow/example_dags/tutorial.py
[2022-01-23 12:30:05,812] {logging_mixin.py:109} INFO - [2022-01-23 12:30:05,811] {dag.py:2396} INFO - Sync 1 DAGs
[2022-01-23 12:30:05,892] {logging_mixin.py:109} INFO - [2022-01-23 12:30:05,892] {dag.py:2928} INFO - Setting next_dagrun for tutorial to 2022-01-22T12:30:05.891092+00:00
[2022-01-23 12:30:05,951] {processor.py:171} INFO - Processing /home/airflow/.local/lib/python3.7/site-packages/airflow/example_dags/tutorial.py took 0.355 seconds
[2022-01-23 12:30:36,241] {processor.py:163} INFO - Started process (PID=2615) to work on /home/airflow/.local/lib/python3.7/site-packages/airflow/example_dags/tutorial.py
[2022-01-23 12:30:36,246] {processor.py:625} INFO - Processing file /home/airflow/.local/lib/python3.7/site-packages/airflow/example_dags/tutorial.py for tasks to queue
[2022-01-23 12:30:36,250] {logging_mixin.py:109} INFO - [2022-01-23 12:30:36,249] {dagbag.py:500} INFO - Filling up the DagBag from /home/airflow/.local/lib/python3.7/site-packages/airflow/example_dags/tutorial.py
[2022-01-23 12:30:36,343] {processor.py:637} INFO - DAG(s) dict_keys(['tutorial']) retrieved from /home/airflow/.local/lib/python3.7/site-packages/airflow/example_dags/tutorial.py
[2022-01-23 12:30:36,372] {logging_mixin.py:109} INFO - [2022-01-23 12:30:36,371] {dag.py:2396} INFO - Sync 1 DAGs
[2022-01-23 12:30:36,415] {logging_mixin.py:109} INFO - [2022-01-23 12:30:36,415] {dag.py:2928} INFO - Setting next_dagrun for tutorial to 2022-01-22T12:30:36.414366+00:00
[2022-01-23 12:30:36,440] {processor.py:171} INFO - Processing /home/airflow/.local/lib/python3.7/site-packages/airflow/example_dags/tutorial.py took 0.211 seconds
[2022-01-23 12:31:07,153] {processor.py:163} INFO - Started process (PID=2677) to work on /home/airflow/.local/lib/python3.7/site-packages/airflow/example_dags/tutorial.py
[2022-01-23 12:31:07,158] {processor.py:625} INFO - Processing file /home/airflow/.local/lib/python3.7/site-packages/airflow/example_dags/tutorial.py for tasks to queue
[2022-01-23 12:31:07,162] {logging_mixin.py:109} INFO - [2022-01-23 12:31:07,161] {dagbag.py:500} INFO - Filling up the DagBag from /home/airflow/.local/lib/python3.7/site-packages/airflow/example_dags/tutorial.py
[2022-01-23 12:31:07,275] {processor.py:637} INFO - DAG(s) dict_keys(['tutorial']) retrieved from /home/airflow/.local/lib/python3.7/site-packages/airflow/example_dags/tutorial.py
[2022-01-23 12:31:07,313] {logging_mixin.py:109} INFO - [2022-01-23 12:31:07,312] {dag.py:2396} INFO - Sync 1 DAGs
[2022-01-23 12:31:07,370] {logging_mixin.py:109} INFO - [2022-01-23 12:31:07,370] {dag.py:2928} INFO - Setting next_dagrun for tutorial to 2022-01-22T12:31:07.369172+00:00
[2022-01-23 12:31:07,405] {processor.py:171} INFO - Processing /home/airflow/.local/lib/python3.7/site-packages/airflow/example_dags/tutorial.py took 0.264 seconds
[2022-01-23 12:31:37,918] {processor.py:163} INFO - Started process (PID=2738) to work on /home/airflow/.local/lib/python3.7/site-packages/airflow/example_dags/tutorial.py
[2022-01-23 12:31:37,921] {processor.py:625} INFO - Processing file /home/airflow/.local/lib/python3.7/site-packages/airflow/example_dags/tutorial.py for tasks to queue
[2022-01-23 12:31:37,922] {logging_mixin.py:109} INFO - [2022-01-23 12:31:37,922] {dagbag.py:500} INFO - Filling up the DagBag from /home/airflow/.local/lib/python3.7/site-packages/airflow/example_dags/tutorial.py
[2022-01-23 12:31:37,966] {processor.py:637} INFO - DAG(s) dict_keys(['tutorial']) retrieved from /home/airflow/.local/lib/python3.7/site-packages/airflow/example_dags/tutorial.py
[2022-01-23 12:31:37,982] {logging_mixin.py:109} INFO - [2022-01-23 12:31:37,982] {dag.py:2396} INFO - Sync 1 DAGs
[2022-01-23 12:31:38,010] {logging_mixin.py:109} INFO - [2022-01-23 12:31:38,010] {dag.py:2928} INFO - Setting next_dagrun for tutorial to 2022-01-22T12:31:38.009568+00:00
[2022-01-23 12:31:38,024] {processor.py:171} INFO - Processing /home/airflow/.local/lib/python3.7/site-packages/airflow/example_dags/tutorial.py took 0.113 seconds
[2022-01-23 12:32:08,856] {processor.py:163} INFO - Started process (PID=2808) to work on /home/airflow/.local/lib/python3.7/site-packages/airflow/example_dags/tutorial.py
[2022-01-23 12:32:08,858] {processor.py:625} INFO - Processing file /home/airflow/.local/lib/python3.7/site-packages/airflow/example_dags/tutorial.py for tasks to queue
[2022-01-23 12:32:08,859] {logging_mixin.py:109} INFO - [2022-01-23 12:32:08,859] {dagbag.py:500} INFO - Filling up the DagBag from /home/airflow/.local/lib/python3.7/site-packages/airflow/example_dags/tutorial.py
[2022-01-23 12:32:08,905] {processor.py:637} INFO - DAG(s) dict_keys(['tutorial']) retrieved from /home/airflow/.local/lib/python3.7/site-packages/airflow/example_dags/tutorial.py
[2022-01-23 12:32:08,921] {logging_mixin.py:109} INFO - [2022-01-23 12:32:08,921] {dag.py:2396} INFO - Sync 1 DAGs
[2022-01-23 12:32:08,947] {logging_mixin.py:109} INFO - [2022-01-23 12:32:08,947] {dag.py:2928} INFO - Setting next_dagrun for tutorial to 2022-01-22T12:32:08.947026+00:00
[2022-01-23 12:32:08,961] {processor.py:171} INFO - Processing /home/airflow/.local/lib/python3.7/site-packages/airflow/example_dags/tutorial.py took 0.109 seconds
[2022-01-23 12:32:39,750] {processor.py:163} INFO - Started process (PID=2869) to work on /home/airflow/.local/lib/python3.7/site-packages/airflow/example_dags/tutorial.py
[2022-01-23 12:32:39,753] {processor.py:625} INFO - Processing file /home/airflow/.local/lib/python3.7/site-packages/airflow/example_dags/tutorial.py for tasks to queue
[2022-01-23 12:32:39,755] {logging_mixin.py:109} INFO - [2022-01-23 12:32:39,755] {dagbag.py:500} INFO - Filling up the DagBag from /home/airflow/.local/lib/python3.7/site-packages/airflow/example_dags/tutorial.py
[2022-01-23 12:32:39,813] {processor.py:637} INFO - DAG(s) dict_keys(['tutorial']) retrieved from /home/airflow/.local/lib/python3.7/site-packages/airflow/example_dags/tutorial.py
[2022-01-23 12:32:39,836] {logging_mixin.py:109} INFO - [2022-01-23 12:32:39,836] {dag.py:2396} INFO - Sync 1 DAGs
[2022-01-23 12:32:39,870] {logging_mixin.py:109} INFO - [2022-01-23 12:32:39,870] {dag.py:2928} INFO - Setting next_dagrun for tutorial to 2022-01-22T12:32:39.869970+00:00
[2022-01-23 12:32:39,895] {processor.py:171} INFO - Processing /home/airflow/.local/lib/python3.7/site-packages/airflow/example_dags/tutorial.py took 0.151 seconds
[2022-01-23 12:33:10,432] {processor.py:163} INFO - Started process (PID=2931) to work on /home/airflow/.local/lib/python3.7/site-packages/airflow/example_dags/tutorial.py
[2022-01-23 12:33:10,435] {processor.py:625} INFO - Processing file /home/airflow/.local/lib/python3.7/site-packages/airflow/example_dags/tutorial.py for tasks to queue
[2022-01-23 12:33:10,437] {logging_mixin.py:109} INFO - [2022-01-23 12:33:10,437] {dagbag.py:500} INFO - Filling up the DagBag from /home/airflow/.local/lib/python3.7/site-packages/airflow/example_dags/tutorial.py
[2022-01-23 12:33:10,491] {processor.py:637} INFO - DAG(s) dict_keys(['tutorial']) retrieved from /home/airflow/.local/lib/python3.7/site-packages/airflow/example_dags/tutorial.py
[2022-01-23 12:33:10,511] {logging_mixin.py:109} INFO - [2022-01-23 12:33:10,511] {dag.py:2396} INFO - Sync 1 DAGs
[2022-01-23 12:33:10,545] {logging_mixin.py:109} INFO - [2022-01-23 12:33:10,544] {dag.py:2928} INFO - Setting next_dagrun for tutorial to 2022-01-22T12:33:10.544438+00:00
[2022-01-23 12:33:10,564] {processor.py:171} INFO - Processing /home/airflow/.local/lib/python3.7/site-packages/airflow/example_dags/tutorial.py took 0.138 seconds
[2022-01-23 12:33:40,934] {processor.py:163} INFO - Started process (PID=2993) to work on /home/airflow/.local/lib/python3.7/site-packages/airflow/example_dags/tutorial.py
[2022-01-23 12:33:40,936] {processor.py:625} INFO - Processing file /home/airflow/.local/lib/python3.7/site-packages/airflow/example_dags/tutorial.py for tasks to queue
[2022-01-23 12:33:40,939] {logging_mixin.py:109} INFO - [2022-01-23 12:33:40,939] {dagbag.py:500} INFO - Filling up the DagBag from /home/airflow/.local/lib/python3.7/site-packages/airflow/example_dags/tutorial.py
[2022-01-23 12:33:41,003] {processor.py:637} INFO - DAG(s) dict_keys(['tutorial']) retrieved from /home/airflow/.local/lib/python3.7/site-packages/airflow/example_dags/tutorial.py
[2022-01-23 12:33:41,029] {logging_mixin.py:109} INFO - [2022-01-23 12:33:41,028] {dag.py:2396} INFO - Sync 1 DAGs
[2022-01-23 12:33:41,084] {logging_mixin.py:109} INFO - [2022-01-23 12:33:41,083] {dag.py:2928} INFO - Setting next_dagrun for tutorial to 2022-01-22T12:33:41.082462+00:00
[2022-01-23 12:33:41,128] {processor.py:171} INFO - Processing /home/airflow/.local/lib/python3.7/site-packages/airflow/example_dags/tutorial.py took 0.202 seconds
[2022-01-23 12:34:11,548] {processor.py:163} INFO - Started process (PID=3050) to work on /home/airflow/.local/lib/python3.7/site-packages/airflow/example_dags/tutorial.py
[2022-01-23 12:34:11,550] {processor.py:625} INFO - Processing file /home/airflow/.local/lib/python3.7/site-packages/airflow/example_dags/tutorial.py for tasks to queue
[2022-01-23 12:34:11,552] {logging_mixin.py:109} INFO - [2022-01-23 12:34:11,552] {dagbag.py:500} INFO - Filling up the DagBag from /home/airflow/.local/lib/python3.7/site-packages/airflow/example_dags/tutorial.py
[2022-01-23 12:34:11,618] {processor.py:637} INFO - DAG(s) dict_keys(['tutorial']) retrieved from /home/airflow/.local/lib/python3.7/site-packages/airflow/example_dags/tutorial.py
[2022-01-23 12:34:11,638] {logging_mixin.py:109} INFO - [2022-01-23 12:34:11,638] {dag.py:2396} INFO - Sync 1 DAGs
[2022-01-23 12:34:11,677] {logging_mixin.py:109} INFO - [2022-01-23 12:34:11,677] {dag.py:2928} INFO - Setting next_dagrun for tutorial to 2022-01-22T12:34:11.677296+00:00
[2022-01-23 12:34:11,695] {processor.py:171} INFO - Processing /home/airflow/.local/lib/python3.7/site-packages/airflow/example_dags/tutorial.py took 0.154 seconds
[2022-01-23 12:34:42,497] {processor.py:163} INFO - Started process (PID=3105) to work on /home/airflow/.local/lib/python3.7/site-packages/airflow/example_dags/tutorial.py
[2022-01-23 12:34:42,503] {processor.py:625} INFO - Processing file /home/airflow/.local/lib/python3.7/site-packages/airflow/example_dags/tutorial.py for tasks to queue
[2022-01-23 12:34:42,506] {logging_mixin.py:109} INFO - [2022-01-23 12:34:42,506] {dagbag.py:500} INFO - Filling up the DagBag from /home/airflow/.local/lib/python3.7/site-packages/airflow/example_dags/tutorial.py
[2022-01-23 12:34:42,634] {processor.py:637} INFO - DAG(s) dict_keys(['tutorial']) retrieved from /home/airflow/.local/lib/python3.7/site-packages/airflow/example_dags/tutorial.py
[2022-01-23 12:34:42,681] {logging_mixin.py:109} INFO - [2022-01-23 12:34:42,681] {dag.py:2396} INFO - Sync 1 DAGs
[2022-01-23 12:34:42,745] {logging_mixin.py:109} INFO - [2022-01-23 12:34:42,745] {dag.py:2928} INFO - Setting next_dagrun for tutorial to 2022-01-22T12:34:42.743151+00:00
[2022-01-23 12:34:42,798] {processor.py:171} INFO - Processing /home/airflow/.local/lib/python3.7/site-packages/airflow/example_dags/tutorial.py took 0.315 seconds
[2022-01-23 12:35:13,065] {processor.py:163} INFO - Started process (PID=3174) to work on /home/airflow/.local/lib/python3.7/site-packages/airflow/example_dags/tutorial.py
[2022-01-23 12:35:13,068] {processor.py:625} INFO - Processing file /home/airflow/.local/lib/python3.7/site-packages/airflow/example_dags/tutorial.py for tasks to queue
[2022-01-23 12:35:13,069] {logging_mixin.py:109} INFO - [2022-01-23 12:35:13,069] {dagbag.py:500} INFO - Filling up the DagBag from /home/airflow/.local/lib/python3.7/site-packages/airflow/example_dags/tutorial.py
[2022-01-23 12:35:13,115] {processor.py:637} INFO - DAG(s) dict_keys(['tutorial']) retrieved from /home/airflow/.local/lib/python3.7/site-packages/airflow/example_dags/tutorial.py
[2022-01-23 12:35:13,132] {logging_mixin.py:109} INFO - [2022-01-23 12:35:13,132] {dag.py:2396} INFO - Sync 1 DAGs
[2022-01-23 12:35:13,156] {logging_mixin.py:109} INFO - [2022-01-23 12:35:13,156] {dag.py:2928} INFO - Setting next_dagrun for tutorial to 2022-01-22T12:35:13.156280+00:00
[2022-01-23 12:35:13,173] {processor.py:171} INFO - Processing /home/airflow/.local/lib/python3.7/site-packages/airflow/example_dags/tutorial.py took 0.114 seconds
[2022-01-23 12:35:43,625] {processor.py:163} INFO - Started process (PID=3235) to work on /home/airflow/.local/lib/python3.7/site-packages/airflow/example_dags/tutorial.py
[2022-01-23 12:35:43,627] {processor.py:625} INFO - Processing file /home/airflow/.local/lib/python3.7/site-packages/airflow/example_dags/tutorial.py for tasks to queue
[2022-01-23 12:35:43,628] {logging_mixin.py:109} INFO - [2022-01-23 12:35:43,628] {dagbag.py:500} INFO - Filling up the DagBag from /home/airflow/.local/lib/python3.7/site-packages/airflow/example_dags/tutorial.py
[2022-01-23 12:35:43,680] {processor.py:637} INFO - DAG(s) dict_keys(['tutorial']) retrieved from /home/airflow/.local/lib/python3.7/site-packages/airflow/example_dags/tutorial.py
[2022-01-23 12:35:43,701] {logging_mixin.py:109} INFO - [2022-01-23 12:35:43,701] {dag.py:2396} INFO - Sync 1 DAGs
[2022-01-23 12:35:43,730] {logging_mixin.py:109} INFO - [2022-01-23 12:35:43,730] {dag.py:2928} INFO - Setting next_dagrun for tutorial to 2022-01-22T12:35:43.730005+00:00
[2022-01-23 12:35:43,748] {processor.py:171} INFO - Processing /home/airflow/.local/lib/python3.7/site-packages/airflow/example_dags/tutorial.py took 0.132 seconds
[2022-01-23 12:36:14,012] {processor.py:163} INFO - Started process (PID=3296) to work on /home/airflow/.local/lib/python3.7/site-packages/airflow/example_dags/tutorial.py
[2022-01-23 12:36:14,015] {processor.py:625} INFO - Processing file /home/airflow/.local/lib/python3.7/site-packages/airflow/example_dags/tutorial.py for tasks to queue
[2022-01-23 12:36:14,017] {logging_mixin.py:109} INFO - [2022-01-23 12:36:14,016] {dagbag.py:500} INFO - Filling up the DagBag from /home/airflow/.local/lib/python3.7/site-packages/airflow/example_dags/tutorial.py
[2022-01-23 12:36:14,063] {processor.py:637} INFO - DAG(s) dict_keys(['tutorial']) retrieved from /home/airflow/.local/lib/python3.7/site-packages/airflow/example_dags/tutorial.py
[2022-01-23 12:36:14,080] {logging_mixin.py:109} INFO - [2022-01-23 12:36:14,080] {dag.py:2396} INFO - Sync 1 DAGs
[2022-01-23 12:36:14,108] {logging_mixin.py:109} INFO - [2022-01-23 12:36:14,107] {dag.py:2928} INFO - Setting next_dagrun for tutorial to 2022-01-22T12:36:14.107576+00:00
[2022-01-23 12:36:14,126] {processor.py:171} INFO - Processing /home/airflow/.local/lib/python3.7/site-packages/airflow/example_dags/tutorial.py took 0.119 seconds
[2022-01-23 12:36:44,946] {processor.py:163} INFO - Started process (PID=3356) to work on /home/airflow/.local/lib/python3.7/site-packages/airflow/example_dags/tutorial.py
[2022-01-23 12:36:44,949] {processor.py:625} INFO - Processing file /home/airflow/.local/lib/python3.7/site-packages/airflow/example_dags/tutorial.py for tasks to queue
[2022-01-23 12:36:44,951] {logging_mixin.py:109} INFO - [2022-01-23 12:36:44,951] {dagbag.py:500} INFO - Filling up the DagBag from /home/airflow/.local/lib/python3.7/site-packages/airflow/example_dags/tutorial.py
[2022-01-23 12:36:45,041] {processor.py:637} INFO - DAG(s) dict_keys(['tutorial']) retrieved from /home/airflow/.local/lib/python3.7/site-packages/airflow/example_dags/tutorial.py
[2022-01-23 12:36:45,062] {logging_mixin.py:109} INFO - [2022-01-23 12:36:45,061] {dag.py:2396} INFO - Sync 1 DAGs
[2022-01-23 12:36:45,093] {logging_mixin.py:109} INFO - [2022-01-23 12:36:45,093] {dag.py:2928} INFO - Setting next_dagrun for tutorial to 2022-01-22T12:36:45.092631+00:00
[2022-01-23 12:36:45,112] {processor.py:171} INFO - Processing /home/airflow/.local/lib/python3.7/site-packages/airflow/example_dags/tutorial.py took 0.180 seconds
