[2022-01-15 11:37:11,616] {taskinstance.py:1035} INFO - Dependencies all met for <TaskInstance: cpp_workflow.check_file_changes scheduled__2022-01-14T00:00:00+00:00 [queued]>
[2022-01-15 11:37:11,645] {taskinstance.py:1035} INFO - Dependencies all met for <TaskInstance: cpp_workflow.check_file_changes scheduled__2022-01-14T00:00:00+00:00 [queued]>
[2022-01-15 11:37:11,646] {taskinstance.py:1241} INFO - 
--------------------------------------------------------------------------------
[2022-01-15 11:37:11,647] {taskinstance.py:1242} INFO - Starting attempt 1 of 1
[2022-01-15 11:37:11,647] {taskinstance.py:1243} INFO - 
--------------------------------------------------------------------------------
[2022-01-15 11:37:11,688] {taskinstance.py:1262} INFO - Executing <Task(PythonOperator): check_file_changes> on 2022-01-14 00:00:00+00:00
[2022-01-15 11:37:11,700] {standard_task_runner.py:52} INFO - Started process 75 to run task
[2022-01-15 11:37:11,706] {standard_task_runner.py:76} INFO - Running: ['***', 'tasks', 'run', 'cpp_workflow', 'check_file_changes', 'scheduled__2022-01-14T00:00:00+00:00', '--job-id', '2694', '--raw', '--subdir', 'DAGS_FOLDER/first_dag.py', '--cfg-path', '/tmp/tmpdw8s1fms', '--error-file', '/tmp/tmpslg8nqos']
[2022-01-15 11:37:11,708] {standard_task_runner.py:77} INFO - Job 2694: Subtask check_file_changes
[2022-01-15 11:37:11,832] {logging_mixin.py:109} INFO - Running <TaskInstance: cpp_workflow.check_file_changes scheduled__2022-01-14T00:00:00+00:00 [running]> on host 218df5ddc363
[2022-01-15 11:37:12,012] {taskinstance.py:1429} INFO - Exporting the following env vars:
AIRFLOW_CTX_DAG_OWNER=***
AIRFLOW_CTX_DAG_ID=cpp_workflow
AIRFLOW_CTX_TASK_ID=check_file_changes
AIRFLOW_CTX_EXECUTION_DATE=2022-01-14T00:00:00+00:00
AIRFLOW_CTX_DAG_RUN_ID=scheduled__2022-01-14T00:00:00+00:00
[2022-01-15 11:37:13,176] {python.py:152} INFO - Done. Returned value was: None
[2022-01-15 11:37:13,202] {taskinstance.py:1280} INFO - Marking task as SUCCESS. dag_id=cpp_workflow, task_id=check_file_changes, execution_date=20220114T000000, start_date=20220115T113711, end_date=20220115T113713
[2022-01-15 11:37:13,271] {local_task_job.py:154} INFO - Task exited with return code 0
[2022-01-15 11:37:13,367] {local_task_job.py:264} INFO - 3 downstream tasks scheduled from follow-on schedule check
