[2021-12-13 12:32:33,757] {taskinstance.py:1035} INFO - Dependencies all met for <TaskInstance: cpp_workflow.pre_process manual__2021-12-13T12:32:29.324523+00:00 [queued]>
[2021-12-13 12:32:33,768] {taskinstance.py:1035} INFO - Dependencies all met for <TaskInstance: cpp_workflow.pre_process manual__2021-12-13T12:32:29.324523+00:00 [queued]>
[2021-12-13 12:32:33,768] {taskinstance.py:1241} INFO - 
--------------------------------------------------------------------------------
[2021-12-13 12:32:33,768] {taskinstance.py:1242} INFO - Starting attempt 1 of 1
[2021-12-13 12:32:33,769] {taskinstance.py:1243} INFO - 
--------------------------------------------------------------------------------
[2021-12-13 12:32:33,781] {taskinstance.py:1262} INFO - Executing <Task(PythonOperator): pre_process> on 2021-12-13 12:32:29.324523+00:00
[2021-12-13 12:32:33,786] {standard_task_runner.py:52} INFO - Started process 3565 to run task
[2021-12-13 12:32:33,789] {standard_task_runner.py:76} INFO - Running: ['***', 'tasks', 'run', 'cpp_workflow', 'pre_process', 'manual__2021-12-13T12:32:29.324523+00:00', '--job-id', '998', '--raw', '--subdir', 'DAGS_FOLDER/first_dag.py', '--cfg-path', '/tmp/tmple3_xry1', '--error-file', '/tmp/tmpm76l__ad']
[2021-12-13 12:32:33,790] {standard_task_runner.py:77} INFO - Job 998: Subtask pre_process
[2021-12-13 12:32:33,832] {logging_mixin.py:109} INFO - Running <TaskInstance: cpp_workflow.pre_process manual__2021-12-13T12:32:29.324523+00:00 [running]> on host 218df5ddc363
[2021-12-13 12:32:33,944] {taskinstance.py:1429} INFO - Exporting the following env vars:
AIRFLOW_CTX_DAG_OWNER=***
AIRFLOW_CTX_DAG_ID=cpp_workflow
AIRFLOW_CTX_TASK_ID=pre_process
AIRFLOW_CTX_EXECUTION_DATE=2021-12-13T12:32:29.324523+00:00
AIRFLOW_CTX_DAG_RUN_ID=manual__2021-12-13T12:32:29.324523+00:00
[2021-12-13 12:32:34,021] {python.py:152} INFO - Done. Returned value was: None
[2021-12-13 12:32:34,056] {taskinstance.py:1280} INFO - Marking task as SUCCESS. dag_id=cpp_workflow, task_id=pre_process, execution_date=20211213T123229, start_date=20211213T123233, end_date=20211213T123234
[2021-12-13 12:32:34,125] {local_task_job.py:154} INFO - Task exited with return code 0
[2021-12-13 12:32:34,216] {local_task_job.py:264} INFO - 1 downstream tasks scheduled from follow-on schedule check
