[2022-01-03 00:50:40,886] {taskinstance.py:1035} INFO - Dependencies all met for <TaskInstance: cpp_workflow.refactor_process_image manual__2022-01-03T00:50:02.517482+00:00 [queued]>
[2022-01-03 00:50:40,906] {taskinstance.py:1035} INFO - Dependencies all met for <TaskInstance: cpp_workflow.refactor_process_image manual__2022-01-03T00:50:02.517482+00:00 [queued]>
[2022-01-03 00:50:40,907] {taskinstance.py:1241} INFO - 
--------------------------------------------------------------------------------
[2022-01-03 00:50:40,907] {taskinstance.py:1242} INFO - Starting attempt 1 of 1
[2022-01-03 00:50:40,908] {taskinstance.py:1243} INFO - 
--------------------------------------------------------------------------------
[2022-01-03 00:50:40,929] {taskinstance.py:1262} INFO - Executing <Task(PythonOperator): refactor_process_image> on 2022-01-03 00:50:02.517482+00:00
[2022-01-03 00:50:40,934] {standard_task_runner.py:52} INFO - Started process 3880 to run task
[2022-01-03 00:50:40,937] {standard_task_runner.py:76} INFO - Running: ['***', 'tasks', 'run', 'cpp_workflow', 'refactor_process_image', 'manual__2022-01-03T00:50:02.517482+00:00', '--job-id', '2067', '--raw', '--subdir', 'DAGS_FOLDER/first_dag.py', '--cfg-path', '/tmp/tmpc3vnvqb6', '--error-file', '/tmp/tmpgo_no5h3']
[2022-01-03 00:50:40,938] {standard_task_runner.py:77} INFO - Job 2067: Subtask refactor_process_image
[2022-01-03 00:50:40,990] {logging_mixin.py:109} INFO - Running <TaskInstance: cpp_workflow.refactor_process_image manual__2022-01-03T00:50:02.517482+00:00 [running]> on host 218df5ddc363
[2022-01-03 00:50:41,040] {taskinstance.py:1429} INFO - Exporting the following env vars:
AIRFLOW_CTX_DAG_OWNER=***
AIRFLOW_CTX_DAG_ID=cpp_workflow
AIRFLOW_CTX_TASK_ID=refactor_process_image
AIRFLOW_CTX_EXECUTION_DATE=2022-01-03T00:50:02.517482+00:00
AIRFLOW_CTX_DAG_RUN_ID=manual__2022-01-03T00:50:02.517482+00:00
[2022-01-03 00:50:41,042] {python.py:152} INFO - Done. Returned value was: None
[2022-01-03 00:50:41,054] {taskinstance.py:1280} INFO - Marking task as SUCCESS. dag_id=cpp_workflow, task_id=refactor_process_image, execution_date=20220103T005002, start_date=20220103T005040, end_date=20220103T005041
[2022-01-03 00:50:41,111] {local_task_job.py:154} INFO - Task exited with return code 0
[2022-01-03 00:50:41,154] {local_task_job.py:264} INFO - 1 downstream tasks scheduled from follow-on schedule check
