[2022-01-27 13:32:25,563] {taskinstance.py:1035} INFO - Dependencies all met for <TaskInstance: cpp_workflow.check_file_changes scheduled__2022-01-26T00:00:00+00:00 [queued]>
[2022-01-27 13:32:25,588] {taskinstance.py:1035} INFO - Dependencies all met for <TaskInstance: cpp_workflow.check_file_changes scheduled__2022-01-26T00:00:00+00:00 [queued]>
[2022-01-27 13:32:25,590] {taskinstance.py:1241} INFO - 
--------------------------------------------------------------------------------
[2022-01-27 13:32:25,591] {taskinstance.py:1242} INFO - Starting attempt 1 of 1
[2022-01-27 13:32:25,592] {taskinstance.py:1243} INFO - 
--------------------------------------------------------------------------------
[2022-01-27 13:32:25,636] {taskinstance.py:1262} INFO - Executing <Task(PythonOperator): check_file_changes> on 2022-01-26 00:00:00+00:00
[2022-01-27 13:32:25,648] {standard_task_runner.py:52} INFO - Started process 65 to run task
[2022-01-27 13:32:25,661] {standard_task_runner.py:76} INFO - Running: ['***', 'tasks', 'run', 'cpp_workflow', 'check_file_changes', 'scheduled__2022-01-26T00:00:00+00:00', '--job-id', '3045', '--raw', '--subdir', 'DAGS_FOLDER/first_dag.py', '--cfg-path', '/tmp/tmpi_p1yomq', '--error-file', '/tmp/tmpim1pq__3']
[2022-01-27 13:32:25,664] {standard_task_runner.py:77} INFO - Job 3045: Subtask check_file_changes
[2022-01-27 13:32:25,815] {logging_mixin.py:109} INFO - Running <TaskInstance: cpp_workflow.check_file_changes scheduled__2022-01-26T00:00:00+00:00 [running]> on host 218df5ddc363
[2022-01-27 13:32:25,913] {taskinstance.py:1429} INFO - Exporting the following env vars:
AIRFLOW_CTX_DAG_OWNER=***
AIRFLOW_CTX_DAG_ID=cpp_workflow
AIRFLOW_CTX_TASK_ID=check_file_changes
AIRFLOW_CTX_EXECUTION_DATE=2022-01-26T00:00:00+00:00
AIRFLOW_CTX_DAG_RUN_ID=scheduled__2022-01-26T00:00:00+00:00
[2022-01-27 13:32:27,419] {python.py:152} INFO - Done. Returned value was: None
[2022-01-27 13:32:27,433] {taskinstance.py:1280} INFO - Marking task as SUCCESS. dag_id=cpp_workflow, task_id=check_file_changes, execution_date=20220126T000000, start_date=20220127T133225, end_date=20220127T133227
[2022-01-27 13:32:27,527] {local_task_job.py:154} INFO - Task exited with return code 0
[2022-01-27 13:32:27,746] {local_task_job.py:264} INFO - 3 downstream tasks scheduled from follow-on schedule check
