[2022-01-03 12:33:44,791] {taskinstance.py:1035} INFO - Dependencies all met for <TaskInstance: cpp_workflow.refactor_process_print_cycle manual__2022-01-03T12:33:26.261962+00:00 [queued]>
[2022-01-03 12:33:44,812] {taskinstance.py:1035} INFO - Dependencies all met for <TaskInstance: cpp_workflow.refactor_process_print_cycle manual__2022-01-03T12:33:26.261962+00:00 [queued]>
[2022-01-03 12:33:44,813] {taskinstance.py:1241} INFO - 
--------------------------------------------------------------------------------
[2022-01-03 12:33:44,813] {taskinstance.py:1242} INFO - Starting attempt 1 of 1
[2022-01-03 12:33:44,814] {taskinstance.py:1243} INFO - 
--------------------------------------------------------------------------------
[2022-01-03 12:33:44,835] {taskinstance.py:1262} INFO - Executing <Task(PythonOperator): refactor_process_print_cycle> on 2022-01-03 12:33:26.261962+00:00
[2022-01-03 12:33:44,845] {standard_task_runner.py:52} INFO - Started process 1439 to run task
[2022-01-03 12:33:44,851] {standard_task_runner.py:76} INFO - Running: ['***', 'tasks', 'run', 'cpp_workflow', 'refactor_process_print_cycle', 'manual__2022-01-03T12:33:26.261962+00:00', '--job-id', '2387', '--raw', '--subdir', 'DAGS_FOLDER/first_dag.py', '--cfg-path', '/tmp/tmp7swa2k9l', '--error-file', '/tmp/tmp_nkuujk8']
[2022-01-03 12:33:44,853] {standard_task_runner.py:77} INFO - Job 2387: Subtask refactor_process_print_cycle
[2022-01-03 12:33:44,930] {logging_mixin.py:109} INFO - Running <TaskInstance: cpp_workflow.refactor_process_print_cycle manual__2022-01-03T12:33:26.261962+00:00 [running]> on host 218df5ddc363
[2022-01-03 12:33:45,176] {taskinstance.py:1429} INFO - Exporting the following env vars:
AIRFLOW_CTX_DAG_OWNER=***
AIRFLOW_CTX_DAG_ID=cpp_workflow
AIRFLOW_CTX_TASK_ID=refactor_process_print_cycle
AIRFLOW_CTX_EXECUTION_DATE=2022-01-03T12:33:26.261962+00:00
AIRFLOW_CTX_DAG_RUN_ID=manual__2022-01-03T12:33:26.261962+00:00
[2022-01-03 12:33:45,423] {python.py:152} INFO - Done. Returned value was: None
[2022-01-03 12:33:45,468] {taskinstance.py:1280} INFO - Marking task as SUCCESS. dag_id=cpp_workflow, task_id=refactor_process_print_cycle, execution_date=20220103T123326, start_date=20220103T123344, end_date=20220103T123345
[2022-01-03 12:33:45,528] {local_task_job.py:154} INFO - Task exited with return code 0
[2022-01-03 12:33:45,659] {local_task_job.py:264} INFO - 1 downstream tasks scheduled from follow-on schedule check
