[2021-12-29 10:44:23,581] {taskinstance.py:1035} INFO - Dependencies all met for <TaskInstance: cpp_workflow.check_printCycleFile scheduled__2021-12-28T00:00:00+00:00 [queued]>
[2021-12-29 10:44:23,614] {taskinstance.py:1035} INFO - Dependencies all met for <TaskInstance: cpp_workflow.check_printCycleFile scheduled__2021-12-28T00:00:00+00:00 [queued]>
[2021-12-29 10:44:23,616] {taskinstance.py:1241} INFO - 
--------------------------------------------------------------------------------
[2021-12-29 10:44:23,617] {taskinstance.py:1242} INFO - Starting attempt 1 of 3
[2021-12-29 10:44:23,618] {taskinstance.py:1243} INFO - 
--------------------------------------------------------------------------------
[2021-12-29 10:44:23,692] {taskinstance.py:1262} INFO - Executing <Task(BashOperator): check_printCycleFile> on 2021-12-28 00:00:00+00:00
[2021-12-29 10:44:23,752] {standard_task_runner.py:52} INFO - Started process 81 to run task
[2021-12-29 10:44:23,776] {standard_task_runner.py:76} INFO - Running: ['***', 'tasks', 'run', 'cpp_workflow', 'check_printCycleFile', 'scheduled__2021-12-28T00:00:00+00:00', '--job-id', '1631', '--raw', '--subdir', 'DAGS_FOLDER/first_dag.py', '--cfg-path', '/tmp/tmp3sjpy126', '--error-file', '/tmp/tmpg6a5zoyw']
[2021-12-29 10:44:23,796] {standard_task_runner.py:77} INFO - Job 1631: Subtask check_printCycleFile
[2021-12-29 10:44:24,153] {logging_mixin.py:109} INFO - Running <TaskInstance: cpp_workflow.check_printCycleFile scheduled__2021-12-28T00:00:00+00:00 [running]> on host 218df5ddc363
[2021-12-29 10:44:24,359] {taskinstance.py:1429} INFO - Exporting the following env vars:
AIRFLOW_CTX_DAG_OWNER=***
AIRFLOW_CTX_DAG_ID=cpp_workflow
AIRFLOW_CTX_TASK_ID=check_printCycleFile
AIRFLOW_CTX_EXECUTION_DATE=2021-12-28T00:00:00+00:00
AIRFLOW_CTX_DAG_RUN_ID=scheduled__2021-12-28T00:00:00+00:00
[2021-12-29 10:44:24,368] {subprocess.py:62} INFO - Tmp dir root location: 
 /tmp
[2021-12-29 10:44:24,372] {subprocess.py:74} INFO - Running command: ['bash', '-c', 'sha256sum /opt/***/official_data/PrintCycle.csv']
[2021-12-29 10:44:24,405] {subprocess.py:85} INFO - Output:
[2021-12-29 10:44:24,443] {subprocess.py:89} INFO - 78858cc4f604ffaf035d224054c7add9dd3d581b3895ebe52793396fb8556b0e  /opt/***/official_data/PrintCycle.csv
[2021-12-29 10:44:24,446] {subprocess.py:93} INFO - Command exited with return code 0
[2021-12-29 10:44:24,516] {taskinstance.py:1280} INFO - Marking task as SUCCESS. dag_id=cpp_workflow, task_id=check_printCycleFile, execution_date=20211228T000000, start_date=20211229T104423, end_date=20211229T104424
[2021-12-29 10:44:24,576] {local_task_job.py:154} INFO - Task exited with return code 0
[2021-12-29 10:44:24,651] {local_task_job.py:264} INFO - 0 downstream tasks scheduled from follow-on schedule check
