[2021-12-13 11:41:58,427] {taskinstance.py:1035} INFO - Dependencies all met for <TaskInstance: cpp_workflow.col_process manual__2021-12-13T11:41:51.288728+00:00 [queued]>
[2021-12-13 11:41:58,444] {taskinstance.py:1035} INFO - Dependencies all met for <TaskInstance: cpp_workflow.col_process manual__2021-12-13T11:41:51.288728+00:00 [queued]>
[2021-12-13 11:41:58,445] {taskinstance.py:1241} INFO - 
--------------------------------------------------------------------------------
[2021-12-13 11:41:58,446] {taskinstance.py:1242} INFO - Starting attempt 1 of 1
[2021-12-13 11:41:58,446] {taskinstance.py:1243} INFO - 
--------------------------------------------------------------------------------
[2021-12-13 11:41:58,464] {taskinstance.py:1262} INFO - Executing <Task(PythonOperator): col_process> on 2021-12-13 11:41:51.288728+00:00
[2021-12-13 11:41:58,470] {standard_task_runner.py:52} INFO - Started process 1010 to run task
[2021-12-13 11:41:58,477] {standard_task_runner.py:76} INFO - Running: ['***', 'tasks', 'run', 'cpp_workflow', 'col_process', 'manual__2021-12-13T11:41:51.288728+00:00', '--job-id', '897', '--raw', '--subdir', 'DAGS_FOLDER/first_dag.py', '--cfg-path', '/tmp/tmpc9m_nndb', '--error-file', '/tmp/tmpq_h005nc']
[2021-12-13 11:41:58,478] {standard_task_runner.py:77} INFO - Job 897: Subtask col_process
[2021-12-13 11:41:58,571] {logging_mixin.py:109} INFO - Running <TaskInstance: cpp_workflow.col_process manual__2021-12-13T11:41:51.288728+00:00 [running]> on host 218df5ddc363
[2021-12-13 11:41:58,644] {taskinstance.py:1429} INFO - Exporting the following env vars:
AIRFLOW_CTX_DAG_OWNER=***
AIRFLOW_CTX_DAG_ID=cpp_workflow
AIRFLOW_CTX_TASK_ID=col_process
AIRFLOW_CTX_EXECUTION_DATE=2021-12-13T11:41:51.288728+00:00
AIRFLOW_CTX_DAG_RUN_ID=manual__2021-12-13T11:41:51.288728+00:00
[2021-12-13 11:41:58,699] {python.py:152} INFO - Done. Returned value was: None
[2021-12-13 11:41:58,718] {taskinstance.py:1280} INFO - Marking task as SUCCESS. dag_id=cpp_workflow, task_id=col_process, execution_date=20211213T114151, start_date=20211213T114158, end_date=20211213T114158
[2021-12-13 11:41:58,767] {local_task_job.py:154} INFO - Task exited with return code 0
[2021-12-13 11:41:58,831] {local_task_job.py:264} INFO - 1 downstream tasks scheduled from follow-on schedule check
