[2021-12-29 23:57:36,941] {taskinstance.py:1035} INFO - Dependencies all met for <TaskInstance: cpp_workflow.col_process_image manual__2021-12-29T23:57:01.414266+00:00 [queued]>
[2021-12-29 23:57:36,988] {taskinstance.py:1035} INFO - Dependencies all met for <TaskInstance: cpp_workflow.col_process_image manual__2021-12-29T23:57:01.414266+00:00 [queued]>
[2021-12-29 23:57:36,989] {taskinstance.py:1241} INFO - 
--------------------------------------------------------------------------------
[2021-12-29 23:57:36,990] {taskinstance.py:1242} INFO - Starting attempt 1 of 1
[2021-12-29 23:57:36,991] {taskinstance.py:1243} INFO - 
--------------------------------------------------------------------------------
[2021-12-29 23:57:37,034] {taskinstance.py:1262} INFO - Executing <Task(PythonOperator): col_process_image> on 2021-12-29 23:57:01.414266+00:00
[2021-12-29 23:57:37,044] {standard_task_runner.py:52} INFO - Started process 15905 to run task
[2021-12-29 23:57:37,054] {standard_task_runner.py:76} INFO - Running: ['***', 'tasks', 'run', 'cpp_workflow', 'col_process_image', 'manual__2021-12-29T23:57:01.414266+00:00', '--job-id', '1754', '--raw', '--subdir', 'DAGS_FOLDER/first_dag.py', '--cfg-path', '/tmp/tmpbt06fwgt', '--error-file', '/tmp/tmpmgvbyfdl']
[2021-12-29 23:57:37,059] {standard_task_runner.py:77} INFO - Job 1754: Subtask col_process_image
[2021-12-29 23:57:37,160] {logging_mixin.py:109} INFO - Running <TaskInstance: cpp_workflow.col_process_image manual__2021-12-29T23:57:01.414266+00:00 [running]> on host 218df5ddc363
[2021-12-29 23:57:37,254] {taskinstance.py:1429} INFO - Exporting the following env vars:
AIRFLOW_CTX_DAG_OWNER=***
AIRFLOW_CTX_DAG_ID=cpp_workflow
AIRFLOW_CTX_TASK_ID=col_process_image
AIRFLOW_CTX_EXECUTION_DATE=2021-12-29T23:57:01.414266+00:00
AIRFLOW_CTX_DAG_RUN_ID=manual__2021-12-29T23:57:01.414266+00:00
[2021-12-29 23:57:37,258] {python.py:152} INFO - Done. Returned value was: None
[2021-12-29 23:57:37,283] {taskinstance.py:1280} INFO - Marking task as SUCCESS. dag_id=cpp_workflow, task_id=col_process_image, execution_date=20211229T235701, start_date=20211229T235736, end_date=20211229T235737
[2021-12-29 23:57:37,357] {local_task_job.py:154} INFO - Task exited with return code 0
[2021-12-29 23:57:37,464] {local_task_job.py:264} INFO - 1 downstream tasks scheduled from follow-on schedule check
