[2021-12-09 00:08:48,849] {taskinstance.py:1035} INFO - Dependencies all met for <TaskInstance: cpp_workflow.connect_to_database manual__2021-12-09T00:08:35.392963+00:00 [queued]>
[2021-12-09 00:08:48,865] {taskinstance.py:1035} INFO - Dependencies all met for <TaskInstance: cpp_workflow.connect_to_database manual__2021-12-09T00:08:35.392963+00:00 [queued]>
[2021-12-09 00:08:48,866] {taskinstance.py:1241} INFO - 
--------------------------------------------------------------------------------
[2021-12-09 00:08:48,866] {taskinstance.py:1242} INFO - Starting attempt 1 of 1
[2021-12-09 00:08:48,866] {taskinstance.py:1243} INFO - 
--------------------------------------------------------------------------------
[2021-12-09 00:08:48,883] {taskinstance.py:1262} INFO - Executing <Task(PythonOperator): connect_to_database> on 2021-12-09 00:08:35.392963+00:00
[2021-12-09 00:08:48,890] {standard_task_runner.py:52} INFO - Started process 8634 to run task
[2021-12-09 00:08:48,894] {standard_task_runner.py:76} INFO - Running: ['***', 'tasks', 'run', 'cpp_workflow', 'connect_to_database', 'manual__2021-12-09T00:08:35.392963+00:00', '--job-id', '701', '--raw', '--subdir', 'DAGS_FOLDER/first_dag.py', '--cfg-path', '/tmp/tmpxq0_asdn', '--error-file', '/tmp/tmpjzy5zmfm']
[2021-12-09 00:08:48,895] {standard_task_runner.py:77} INFO - Job 701: Subtask connect_to_database
[2021-12-09 00:08:48,951] {logging_mixin.py:109} INFO - Running <TaskInstance: cpp_workflow.connect_to_database manual__2021-12-09T00:08:35.392963+00:00 [running]> on host b5fd0372bf6e
[2021-12-09 00:08:49,018] {taskinstance.py:1429} INFO - Exporting the following env vars:
AIRFLOW_CTX_DAG_OWNER=***
AIRFLOW_CTX_DAG_ID=cpp_workflow
AIRFLOW_CTX_TASK_ID=connect_to_database
AIRFLOW_CTX_EXECUTION_DATE=2021-12-09T00:08:35.392963+00:00
AIRFLOW_CTX_DAG_RUN_ID=manual__2021-12-09T00:08:35.392963+00:00
[2021-12-09 00:08:49,334] {python.py:152} INFO - Done. Returned value was: None
[2021-12-09 00:08:49,352] {taskinstance.py:1280} INFO - Marking task as SUCCESS. dag_id=cpp_workflow, task_id=connect_to_database, execution_date=20211209T000835, start_date=20211209T000848, end_date=20211209T000849
[2021-12-09 00:08:49,387] {local_task_job.py:154} INFO - Task exited with return code 0
[2021-12-09 00:08:49,418] {local_task_job.py:264} INFO - 0 downstream tasks scheduled from follow-on schedule check
