[2021-12-08 14:59:24,575] {taskinstance.py:1035} INFO - Dependencies all met for <TaskInstance: cpp_workflow.pre_process scheduled__2021-10-16T00:00:00+00:00 [queued]>
[2021-12-08 14:59:24,712] {taskinstance.py:1035} INFO - Dependencies all met for <TaskInstance: cpp_workflow.pre_process scheduled__2021-10-16T00:00:00+00:00 [queued]>
[2021-12-08 14:59:24,758] {taskinstance.py:1241} INFO - 
--------------------------------------------------------------------------------
[2021-12-08 14:59:24,775] {taskinstance.py:1242} INFO - Starting attempt 1 of 1
[2021-12-08 14:59:24,791] {taskinstance.py:1243} INFO - 
--------------------------------------------------------------------------------
[2021-12-08 14:59:25,023] {taskinstance.py:1262} INFO - Executing <Task(PythonOperator): pre_process> on 2021-10-16 00:00:00+00:00
[2021-12-08 14:59:25,206] {standard_task_runner.py:52} INFO - Started process 881 to run task
[2021-12-08 14:59:25,211] {standard_task_runner.py:76} INFO - Running: ['***', 'tasks', 'run', 'cpp_workflow', 'pre_process', 'scheduled__2021-10-16T00:00:00+00:00', '--job-id', '342', '--raw', '--subdir', 'DAGS_FOLDER/first_dag.py', '--cfg-path', '/tmp/tmpk2crfxki', '--error-file', '/tmp/tmp80nihv23']
[2021-12-08 14:59:25,214] {standard_task_runner.py:77} INFO - Job 342: Subtask pre_process
[2021-12-08 14:59:25,483] {logging_mixin.py:109} INFO - Running <TaskInstance: cpp_workflow.pre_process scheduled__2021-10-16T00:00:00+00:00 [running]> on host 8edf9af2b560
[2021-12-08 14:59:25,844] {taskinstance.py:1429} INFO - Exporting the following env vars:
AIRFLOW_CTX_DAG_OWNER=***
AIRFLOW_CTX_DAG_ID=cpp_workflow
AIRFLOW_CTX_TASK_ID=pre_process
AIRFLOW_CTX_EXECUTION_DATE=2021-10-16T00:00:00+00:00
AIRFLOW_CTX_DAG_RUN_ID=scheduled__2021-10-16T00:00:00+00:00
[2021-12-08 14:59:57,236] {warnings.py:110} WARNING - /home/***/.local/lib/python3.7/site-packages/***/operators/python.py:162: DtypeWarning: Columns (0,1,2,3) have mixed types.Specify dtype option on import or set low_memory=False.
  return self.python_callable(*self.op_args, **self.op_kwargs)

[2021-12-08 15:00:03,579] {python.py:152} INFO - Done. Returned value was: None
[2021-12-08 15:00:03,674] {taskinstance.py:1280} INFO - Marking task as SUCCESS. dag_id=cpp_workflow, task_id=pre_process, execution_date=20211016T000000, start_date=20211208T145924, end_date=20211208T150003
[2021-12-08 15:00:03,835] {local_task_job.py:154} INFO - Task exited with return code 0
[2021-12-08 15:00:04,830] {local_task_job.py:264} INFO - 0 downstream tasks scheduled from follow-on schedule check
