[2022-01-03 00:53:40,541] {taskinstance.py:1035} INFO - Dependencies all met for <TaskInstance: cpp_workflow.refactor_process_media_prepare manual__2022-01-03T00:53:09.524629+00:00 [queued]>
[2022-01-03 00:53:40,556] {taskinstance.py:1035} INFO - Dependencies all met for <TaskInstance: cpp_workflow.refactor_process_media_prepare manual__2022-01-03T00:53:09.524629+00:00 [queued]>
[2022-01-03 00:53:40,556] {taskinstance.py:1241} INFO - 
--------------------------------------------------------------------------------
[2022-01-03 00:53:40,556] {taskinstance.py:1242} INFO - Starting attempt 1 of 1
[2022-01-03 00:53:40,557] {taskinstance.py:1243} INFO - 
--------------------------------------------------------------------------------
[2022-01-03 00:53:40,571] {taskinstance.py:1262} INFO - Executing <Task(PythonOperator): refactor_process_media_prepare> on 2022-01-03 00:53:09.524629+00:00
[2022-01-03 00:53:40,577] {standard_task_runner.py:52} INFO - Started process 4103 to run task
[2022-01-03 00:53:40,581] {standard_task_runner.py:76} INFO - Running: ['***', 'tasks', 'run', 'cpp_workflow', 'refactor_process_media_prepare', 'manual__2022-01-03T00:53:09.524629+00:00', '--job-id', '2099', '--raw', '--subdir', 'DAGS_FOLDER/first_dag.py', '--cfg-path', '/tmp/tmpji0rldjr', '--error-file', '/tmp/tmpjmr0aj7y']
[2022-01-03 00:53:40,582] {standard_task_runner.py:77} INFO - Job 2099: Subtask refactor_process_media_prepare
[2022-01-03 00:53:40,632] {logging_mixin.py:109} INFO - Running <TaskInstance: cpp_workflow.refactor_process_media_prepare manual__2022-01-03T00:53:09.524629+00:00 [running]> on host 218df5ddc363
[2022-01-03 00:53:40,758] {taskinstance.py:1429} INFO - Exporting the following env vars:
AIRFLOW_CTX_DAG_OWNER=***
AIRFLOW_CTX_DAG_ID=cpp_workflow
AIRFLOW_CTX_TASK_ID=refactor_process_media_prepare
AIRFLOW_CTX_EXECUTION_DATE=2022-01-03T00:53:09.524629+00:00
AIRFLOW_CTX_DAG_RUN_ID=manual__2022-01-03T00:53:09.524629+00:00
[2022-01-03 00:53:40,761] {python.py:152} INFO - Done. Returned value was: None
[2022-01-03 00:53:40,788] {taskinstance.py:1280} INFO - Marking task as SUCCESS. dag_id=cpp_workflow, task_id=refactor_process_media_prepare, execution_date=20220103T005309, start_date=20220103T005340, end_date=20220103T005340
[2022-01-03 00:53:40,874] {local_task_job.py:154} INFO - Task exited with return code 0
[2022-01-03 00:53:40,940] {local_task_job.py:264} INFO - 1 downstream tasks scheduled from follow-on schedule check
