[2021-12-11 15:22:54,656] {taskinstance.py:1035} INFO - Dependencies all met for <TaskInstance: cpp_workflow.check_mediaPrepareFile scheduled__2021-12-10T00:00:00+00:00 [queued]>
[2021-12-11 15:22:54,681] {taskinstance.py:1035} INFO - Dependencies all met for <TaskInstance: cpp_workflow.check_mediaPrepareFile scheduled__2021-12-10T00:00:00+00:00 [queued]>
[2021-12-11 15:22:54,683] {taskinstance.py:1241} INFO - 
--------------------------------------------------------------------------------
[2021-12-11 15:22:54,683] {taskinstance.py:1242} INFO - Starting attempt 1 of 3
[2021-12-11 15:22:54,684] {taskinstance.py:1243} INFO - 
--------------------------------------------------------------------------------
[2021-12-11 15:22:54,722] {taskinstance.py:1262} INFO - Executing <Task(BashOperator): check_mediaPrepareFile> on 2021-12-10 00:00:00+00:00
[2021-12-11 15:22:54,734] {standard_task_runner.py:52} INFO - Started process 79 to run task
[2021-12-11 15:22:54,752] {standard_task_runner.py:76} INFO - Running: ['***', 'tasks', 'run', 'cpp_workflow', 'check_mediaPrepareFile', 'scheduled__2021-12-10T00:00:00+00:00', '--job-id', '812', '--raw', '--subdir', 'DAGS_FOLDER/first_dag.py', '--cfg-path', '/tmp/tmp74hy718d', '--error-file', '/tmp/tmp09z2cgtk']
[2021-12-11 15:22:54,766] {standard_task_runner.py:77} INFO - Job 812: Subtask check_mediaPrepareFile
[2021-12-11 15:22:54,871] {logging_mixin.py:109} INFO - Running <TaskInstance: cpp_workflow.check_mediaPrepareFile scheduled__2021-12-10T00:00:00+00:00 [running]> on host 37db090f9774
[2021-12-11 15:22:54,991] {taskinstance.py:1429} INFO - Exporting the following env vars:
AIRFLOW_CTX_DAG_OWNER=***
AIRFLOW_CTX_DAG_ID=cpp_workflow
AIRFLOW_CTX_TASK_ID=check_mediaPrepareFile
AIRFLOW_CTX_EXECUTION_DATE=2021-12-10T00:00:00+00:00
AIRFLOW_CTX_DAG_RUN_ID=scheduled__2021-12-10T00:00:00+00:00
[2021-12-11 15:22:54,993] {subprocess.py:62} INFO - Tmp dir root location: 
 /tmp
[2021-12-11 15:22:54,994] {subprocess.py:74} INFO - Running command: ['bash', '-c', 'sha256sum /opt/***/official_data/MediaPrepare.csv']
[2021-12-11 15:22:55,019] {subprocess.py:85} INFO - Output:
[2021-12-11 15:22:55,087] {subprocess.py:89} INFO - 0b00e35412b4279caf7dae04510ba6b449d6c8ca17b4a4622c5d7280c03de385  /opt/***/official_data/MediaPrepare.csv
[2021-12-11 15:22:55,145] {subprocess.py:93} INFO - Command exited with return code 0
[2021-12-11 15:22:55,215] {taskinstance.py:1280} INFO - Marking task as SUCCESS. dag_id=cpp_workflow, task_id=check_mediaPrepareFile, execution_date=20211210T000000, start_date=20211211T152254, end_date=20211211T152255
[2021-12-11 15:22:55,260] {local_task_job.py:154} INFO - Task exited with return code 0
[2021-12-11 15:22:55,341] {local_task_job.py:264} INFO - 0 downstream tasks scheduled from follow-on schedule check
