[2021-12-11 15:22:55,917] {taskinstance.py:1035} INFO - Dependencies all met for <TaskInstance: cpp_workflow.check_printCycleFile scheduled__2021-12-10T00:00:00+00:00 [queued]>
[2021-12-11 15:22:55,950] {taskinstance.py:1035} INFO - Dependencies all met for <TaskInstance: cpp_workflow.check_printCycleFile scheduled__2021-12-10T00:00:00+00:00 [queued]>
[2021-12-11 15:22:55,951] {taskinstance.py:1241} INFO - 
--------------------------------------------------------------------------------
[2021-12-11 15:22:55,951] {taskinstance.py:1242} INFO - Starting attempt 1 of 3
[2021-12-11 15:22:55,951] {taskinstance.py:1243} INFO - 
--------------------------------------------------------------------------------
[2021-12-11 15:22:55,982] {taskinstance.py:1262} INFO - Executing <Task(BashOperator): check_printCycleFile> on 2021-12-10 00:00:00+00:00
[2021-12-11 15:22:55,990] {standard_task_runner.py:52} INFO - Started process 84 to run task
[2021-12-11 15:22:55,996] {standard_task_runner.py:76} INFO - Running: ['***', 'tasks', 'run', 'cpp_workflow', 'check_printCycleFile', 'scheduled__2021-12-10T00:00:00+00:00', '--job-id', '814', '--raw', '--subdir', 'DAGS_FOLDER/first_dag.py', '--cfg-path', '/tmp/tmpllldm8i1', '--error-file', '/tmp/tmpu09_pr_0']
[2021-12-11 15:22:55,998] {standard_task_runner.py:77} INFO - Job 814: Subtask check_printCycleFile
[2021-12-11 15:22:56,079] {logging_mixin.py:109} INFO - Running <TaskInstance: cpp_workflow.check_printCycleFile scheduled__2021-12-10T00:00:00+00:00 [running]> on host 37db090f9774
[2021-12-11 15:22:56,207] {taskinstance.py:1429} INFO - Exporting the following env vars:
AIRFLOW_CTX_DAG_OWNER=***
AIRFLOW_CTX_DAG_ID=cpp_workflow
AIRFLOW_CTX_TASK_ID=check_printCycleFile
AIRFLOW_CTX_EXECUTION_DATE=2021-12-10T00:00:00+00:00
AIRFLOW_CTX_DAG_RUN_ID=scheduled__2021-12-10T00:00:00+00:00
[2021-12-11 15:22:56,211] {subprocess.py:62} INFO - Tmp dir root location: 
 /tmp
[2021-12-11 15:22:56,212] {subprocess.py:74} INFO - Running command: ['bash', '-c', 'sha256sum /opt/***/official_data/PrintCycle.csv']
[2021-12-11 15:22:56,227] {subprocess.py:85} INFO - Output:
[2021-12-11 15:22:56,248] {subprocess.py:89} INFO - 78858cc4f604ffaf035d224054c7add9dd3d581b3895ebe52793396fb8556b0e  /opt/***/official_data/PrintCycle.csv
[2021-12-11 15:22:56,250] {subprocess.py:93} INFO - Command exited with return code 0
[2021-12-11 15:22:56,297] {taskinstance.py:1280} INFO - Marking task as SUCCESS. dag_id=cpp_workflow, task_id=check_printCycleFile, execution_date=20211210T000000, start_date=20211211T152255, end_date=20211211T152256
[2021-12-11 15:22:56,338] {local_task_job.py:154} INFO - Task exited with return code 0
[2021-12-11 15:22:56,424] {local_task_job.py:264} INFO - 1 downstream tasks scheduled from follow-on schedule check
