[2021-12-13 13:32:50,447] {taskinstance.py:1035} INFO - Dependencies all met for <TaskInstance: cpp_workflow.check_imageFile manual__2021-12-13T13:32:48.265269+00:00 [queued]>
[2021-12-13 13:32:50,476] {taskinstance.py:1035} INFO - Dependencies all met for <TaskInstance: cpp_workflow.check_imageFile manual__2021-12-13T13:32:48.265269+00:00 [queued]>
[2021-12-13 13:32:50,476] {taskinstance.py:1241} INFO - 
--------------------------------------------------------------------------------
[2021-12-13 13:32:50,477] {taskinstance.py:1242} INFO - Starting attempt 1 of 3
[2021-12-13 13:32:50,478] {taskinstance.py:1243} INFO - 
--------------------------------------------------------------------------------
[2021-12-13 13:32:50,496] {taskinstance.py:1262} INFO - Executing <Task(BashOperator): check_imageFile> on 2021-12-13 13:32:48.265269+00:00
[2021-12-13 13:32:50,504] {standard_task_runner.py:52} INFO - Started process 6617 to run task
[2021-12-13 13:32:50,510] {standard_task_runner.py:76} INFO - Running: ['***', 'tasks', 'run', 'cpp_workflow', 'check_imageFile', 'manual__2021-12-13T13:32:48.265269+00:00', '--job-id', '1124', '--raw', '--subdir', 'DAGS_FOLDER/first_dag.py', '--cfg-path', '/tmp/tmpyvzshnwx', '--error-file', '/tmp/tmpurbeq1ei']
[2021-12-13 13:32:50,511] {standard_task_runner.py:77} INFO - Job 1124: Subtask check_imageFile
[2021-12-13 13:32:50,640] {logging_mixin.py:109} INFO - Running <TaskInstance: cpp_workflow.check_imageFile manual__2021-12-13T13:32:48.265269+00:00 [running]> on host 218df5ddc363
[2021-12-13 13:32:50,840] {taskinstance.py:1429} INFO - Exporting the following env vars:
AIRFLOW_CTX_DAG_OWNER=***
AIRFLOW_CTX_DAG_ID=cpp_workflow
AIRFLOW_CTX_TASK_ID=check_imageFile
AIRFLOW_CTX_EXECUTION_DATE=2021-12-13T13:32:48.265269+00:00
AIRFLOW_CTX_DAG_RUN_ID=manual__2021-12-13T13:32:48.265269+00:00
[2021-12-13 13:32:50,842] {subprocess.py:62} INFO - Tmp dir root location: 
 /tmp
[2021-12-13 13:32:50,843] {subprocess.py:74} INFO - Running command: ['bash', '-c', 'sha256sum /opt/***/official_data/Image.csv']
[2021-12-13 13:32:50,878] {subprocess.py:85} INFO - Output:
[2021-12-13 13:32:50,905] {subprocess.py:89} INFO - e891870a24e5a22c9520c5d417af923366083a3617288cafa3cc18e3fed77b11  /opt/***/official_data/Image.csv
[2021-12-13 13:32:50,908] {subprocess.py:93} INFO - Command exited with return code 0
[2021-12-13 13:32:50,996] {taskinstance.py:1280} INFO - Marking task as SUCCESS. dag_id=cpp_workflow, task_id=check_imageFile, execution_date=20211213T133248, start_date=20211213T133250, end_date=20211213T133250
[2021-12-13 13:32:51,093] {local_task_job.py:154} INFO - Task exited with return code 0
[2021-12-13 13:32:51,220] {local_task_job.py:264} INFO - 0 downstream tasks scheduled from follow-on schedule check
