[2021-12-13 11:30:25,281] {taskinstance.py:1035} INFO - Dependencies all met for <TaskInstance: cpp_workflow.connect_to_database manual__2021-12-13T11:30:11.296153+00:00 [queued]>
[2021-12-13 11:30:25,294] {taskinstance.py:1035} INFO - Dependencies all met for <TaskInstance: cpp_workflow.connect_to_database manual__2021-12-13T11:30:11.296153+00:00 [queued]>
[2021-12-13 11:30:25,295] {taskinstance.py:1241} INFO - 
--------------------------------------------------------------------------------
[2021-12-13 11:30:25,295] {taskinstance.py:1242} INFO - Starting attempt 1 of 1
[2021-12-13 11:30:25,296] {taskinstance.py:1243} INFO - 
--------------------------------------------------------------------------------
[2021-12-13 11:30:25,307] {taskinstance.py:1262} INFO - Executing <Task(PythonOperator): connect_to_database> on 2021-12-13 11:30:11.296153+00:00
[2021-12-13 11:30:25,313] {standard_task_runner.py:52} INFO - Started process 409 to run task
[2021-12-13 11:30:25,317] {standard_task_runner.py:76} INFO - Running: ['***', 'tasks', 'run', 'cpp_workflow', 'connect_to_database', 'manual__2021-12-13T11:30:11.296153+00:00', '--job-id', '868', '--raw', '--subdir', 'DAGS_FOLDER/first_dag.py', '--cfg-path', '/tmp/tmprqjq785x', '--error-file', '/tmp/tmpc6w_9bv_']
[2021-12-13 11:30:25,318] {standard_task_runner.py:77} INFO - Job 868: Subtask connect_to_database
[2021-12-13 11:30:25,360] {logging_mixin.py:109} INFO - Running <TaskInstance: cpp_workflow.connect_to_database manual__2021-12-13T11:30:11.296153+00:00 [running]> on host 218df5ddc363
[2021-12-13 11:30:25,408] {taskinstance.py:1429} INFO - Exporting the following env vars:
AIRFLOW_CTX_DAG_OWNER=***
AIRFLOW_CTX_DAG_ID=cpp_workflow
AIRFLOW_CTX_TASK_ID=connect_to_database
AIRFLOW_CTX_EXECUTION_DATE=2021-12-13T11:30:11.296153+00:00
AIRFLOW_CTX_DAG_RUN_ID=manual__2021-12-13T11:30:11.296153+00:00
[2021-12-13 11:30:25,546] {logging_mixin.py:109} INFO - You're connected to database
[2021-12-13 11:30:25,615] {logging_mixin.py:109} INFO - Database is created
[2021-12-13 11:30:25,618] {python.py:152} INFO - Done. Returned value was: None
[2021-12-13 11:30:25,639] {taskinstance.py:1280} INFO - Marking task as SUCCESS. dag_id=cpp_workflow, task_id=connect_to_database, execution_date=20211213T113011, start_date=20211213T113025, end_date=20211213T113025
[2021-12-13 11:30:25,691] {local_task_job.py:154} INFO - Task exited with return code 0
[2021-12-13 11:30:25,724] {local_task_job.py:264} INFO - 0 downstream tasks scheduled from follow-on schedule check
