[2021-12-12 00:00:03,133] {taskinstance.py:1035} INFO - Dependencies all met for <TaskInstance: cpp_workflow.check_imageFile scheduled__2021-12-11T00:00:00+00:00 [queued]>
[2021-12-12 00:00:03,153] {taskinstance.py:1035} INFO - Dependencies all met for <TaskInstance: cpp_workflow.check_imageFile scheduled__2021-12-11T00:00:00+00:00 [queued]>
[2021-12-12 00:00:03,154] {taskinstance.py:1241} INFO - 
--------------------------------------------------------------------------------
[2021-12-12 00:00:03,156] {taskinstance.py:1242} INFO - Starting attempt 1 of 3
[2021-12-12 00:00:03,156] {taskinstance.py:1243} INFO - 
--------------------------------------------------------------------------------
[2021-12-12 00:00:03,180] {taskinstance.py:1262} INFO - Executing <Task(BashOperator): check_imageFile> on 2021-12-11 00:00:00+00:00
[2021-12-12 00:00:03,187] {standard_task_runner.py:52} INFO - Started process 22675 to run task
[2021-12-12 00:00:03,191] {standard_task_runner.py:76} INFO - Running: ['***', 'tasks', 'run', 'cpp_workflow', 'check_imageFile', 'scheduled__2021-12-11T00:00:00+00:00', '--job-id', '822', '--raw', '--subdir', 'DAGS_FOLDER/first_dag.py', '--cfg-path', '/tmp/tmpqq2xrdin', '--error-file', '/tmp/tmpq_kao3kr']
[2021-12-12 00:00:03,193] {standard_task_runner.py:77} INFO - Job 822: Subtask check_imageFile
[2021-12-12 00:00:03,244] {logging_mixin.py:109} INFO - Running <TaskInstance: cpp_workflow.check_imageFile scheduled__2021-12-11T00:00:00+00:00 [running]> on host 37db090f9774
[2021-12-12 00:00:03,331] {taskinstance.py:1429} INFO - Exporting the following env vars:
AIRFLOW_CTX_DAG_OWNER=***
AIRFLOW_CTX_DAG_ID=cpp_workflow
AIRFLOW_CTX_TASK_ID=check_imageFile
AIRFLOW_CTX_EXECUTION_DATE=2021-12-11T00:00:00+00:00
AIRFLOW_CTX_DAG_RUN_ID=scheduled__2021-12-11T00:00:00+00:00
[2021-12-12 00:00:03,333] {subprocess.py:62} INFO - Tmp dir root location: 
 /tmp
[2021-12-12 00:00:03,335] {subprocess.py:74} INFO - Running command: ['bash', '-c', 'sha256sum /opt/***/official_data/Image.csv']
[2021-12-12 00:00:03,351] {subprocess.py:85} INFO - Output:
[2021-12-12 00:00:03,367] {subprocess.py:89} INFO - e891870a24e5a22c9520c5d417af923366083a3617288cafa3cc18e3fed77b11  /opt/***/official_data/Image.csv
[2021-12-12 00:00:03,385] {subprocess.py:93} INFO - Command exited with return code 0
[2021-12-12 00:00:03,416] {taskinstance.py:1280} INFO - Marking task as SUCCESS. dag_id=cpp_workflow, task_id=check_imageFile, execution_date=20211211T000000, start_date=20211212T000003, end_date=20211212T000003
[2021-12-12 00:00:03,446] {local_task_job.py:154} INFO - Task exited with return code 0
[2021-12-12 00:00:03,526] {local_task_job.py:264} INFO - 0 downstream tasks scheduled from follow-on schedule check
