[2021-12-29 23:40:12,529] {taskinstance.py:1035} INFO - Dependencies all met for <TaskInstance: cpp_workflow.check_file_changes manual__2021-12-29T23:40:11.034183+00:00 [queued]>
[2021-12-29 23:40:12,545] {taskinstance.py:1035} INFO - Dependencies all met for <TaskInstance: cpp_workflow.check_file_changes manual__2021-12-29T23:40:11.034183+00:00 [queued]>
[2021-12-29 23:40:12,546] {taskinstance.py:1241} INFO - 
--------------------------------------------------------------------------------
[2021-12-29 23:40:12,546] {taskinstance.py:1242} INFO - Starting attempt 1 of 1
[2021-12-29 23:40:12,547] {taskinstance.py:1243} INFO - 
--------------------------------------------------------------------------------
[2021-12-29 23:40:12,573] {taskinstance.py:1262} INFO - Executing <Task(PythonOperator): check_file_changes> on 2021-12-29 23:40:11.034183+00:00
[2021-12-29 23:40:12,578] {standard_task_runner.py:52} INFO - Started process 15039 to run task
[2021-12-29 23:40:12,588] {standard_task_runner.py:76} INFO - Running: ['***', 'tasks', 'run', 'cpp_workflow', 'check_file_changes', 'manual__2021-12-29T23:40:11.034183+00:00', '--job-id', '1717', '--raw', '--subdir', 'DAGS_FOLDER/first_dag.py', '--cfg-path', '/tmp/tmpswly9eep', '--error-file', '/tmp/tmpaj03lbm2']
[2021-12-29 23:40:12,590] {standard_task_runner.py:77} INFO - Job 1717: Subtask check_file_changes
[2021-12-29 23:40:12,649] {logging_mixin.py:109} INFO - Running <TaskInstance: cpp_workflow.check_file_changes manual__2021-12-29T23:40:11.034183+00:00 [running]> on host 218df5ddc363
[2021-12-29 23:40:12,723] {taskinstance.py:1429} INFO - Exporting the following env vars:
AIRFLOW_CTX_DAG_OWNER=***
AIRFLOW_CTX_DAG_ID=cpp_workflow
AIRFLOW_CTX_TASK_ID=check_file_changes
AIRFLOW_CTX_EXECUTION_DATE=2021-12-29T23:40:11.034183+00:00
AIRFLOW_CTX_DAG_RUN_ID=manual__2021-12-29T23:40:11.034183+00:00
[2021-12-29 23:40:37,277] {python.py:152} INFO - Done. Returned value was: None
[2021-12-29 23:40:37,289] {taskinstance.py:1280} INFO - Marking task as SUCCESS. dag_id=cpp_workflow, task_id=check_file_changes, execution_date=20211229T234011, start_date=20211229T234012, end_date=20211229T234037
[2021-12-29 23:40:37,341] {local_task_job.py:154} INFO - Task exited with return code 0
[2021-12-29 23:40:37,397] {local_task_job.py:264} INFO - 3 downstream tasks scheduled from follow-on schedule check
