[2021-12-13 12:36:41,959] {taskinstance.py:1035} INFO - Dependencies all met for <TaskInstance: cpp_workflow.pre_process manual__2021-12-13T12:34:53.201103+00:00 [queued]>
[2021-12-13 12:36:41,969] {taskinstance.py:1035} INFO - Dependencies all met for <TaskInstance: cpp_workflow.pre_process manual__2021-12-13T12:34:53.201103+00:00 [queued]>
[2021-12-13 12:36:41,969] {taskinstance.py:1241} INFO - 
--------------------------------------------------------------------------------
[2021-12-13 12:36:41,970] {taskinstance.py:1242} INFO - Starting attempt 1 of 1
[2021-12-13 12:36:41,970] {taskinstance.py:1243} INFO - 
--------------------------------------------------------------------------------
[2021-12-13 12:36:42,001] {taskinstance.py:1262} INFO - Executing <Task(PythonOperator): pre_process> on 2021-12-13 12:34:53.201103+00:00
[2021-12-13 12:36:42,005] {standard_task_runner.py:52} INFO - Started process 3809 to run task
[2021-12-13 12:36:42,010] {standard_task_runner.py:76} INFO - Running: ['***', 'tasks', 'run', 'cpp_workflow', 'pre_process', 'manual__2021-12-13T12:34:53.201103+00:00', '--job-id', '1014', '--raw', '--subdir', 'DAGS_FOLDER/first_dag.py', '--cfg-path', '/tmp/tmpd1mqssuy', '--error-file', '/tmp/tmpx7bod2fj']
[2021-12-13 12:36:42,011] {standard_task_runner.py:77} INFO - Job 1014: Subtask pre_process
[2021-12-13 12:36:42,067] {logging_mixin.py:109} INFO - Running <TaskInstance: cpp_workflow.pre_process manual__2021-12-13T12:34:53.201103+00:00 [running]> on host 218df5ddc363
[2021-12-13 12:36:42,114] {taskinstance.py:1429} INFO - Exporting the following env vars:
AIRFLOW_CTX_DAG_OWNER=***
AIRFLOW_CTX_DAG_ID=cpp_workflow
AIRFLOW_CTX_TASK_ID=pre_process
AIRFLOW_CTX_EXECUTION_DATE=2021-12-13T12:34:53.201103+00:00
AIRFLOW_CTX_DAG_RUN_ID=manual__2021-12-13T12:34:53.201103+00:00
[2021-12-13 12:36:42,160] {python.py:152} INFO - Done. Returned value was: None
[2021-12-13 12:36:42,173] {taskinstance.py:1280} INFO - Marking task as SUCCESS. dag_id=cpp_workflow, task_id=pre_process, execution_date=20211213T123453, start_date=20211213T123641, end_date=20211213T123642
[2021-12-13 12:36:42,223] {local_task_job.py:154} INFO - Task exited with return code 0
[2021-12-13 12:36:42,272] {local_task_job.py:264} INFO - 1 downstream tasks scheduled from follow-on schedule check
