[2022-01-02 20:07:04,304] {taskinstance.py:1035} INFO - Dependencies all met for <TaskInstance: cpp_workflow.update_processed_files_print_cycle manual__2022-01-02T20:05:32.237062+00:00 [queued]>
[2022-01-02 20:07:04,377] {taskinstance.py:1035} INFO - Dependencies all met for <TaskInstance: cpp_workflow.update_processed_files_print_cycle manual__2022-01-02T20:05:32.237062+00:00 [queued]>
[2022-01-02 20:07:04,380] {taskinstance.py:1241} INFO - 
--------------------------------------------------------------------------------
[2022-01-02 20:07:04,383] {taskinstance.py:1242} INFO - Starting attempt 1 of 1
[2022-01-02 20:07:04,385] {taskinstance.py:1243} INFO - 
--------------------------------------------------------------------------------
[2022-01-02 20:07:04,479] {taskinstance.py:1262} INFO - Executing <Task(PythonOperator): update_processed_files_print_cycle> on 2022-01-02 20:05:32.237062+00:00
[2022-01-02 20:07:04,528] {standard_task_runner.py:52} INFO - Started process 12279 to run task
[2022-01-02 20:07:04,549] {standard_task_runner.py:76} INFO - Running: ['***', 'tasks', 'run', 'cpp_workflow', 'update_processed_files_print_cycle', 'manual__2022-01-02T20:05:32.237062+00:00', '--job-id', '1853', '--raw', '--subdir', 'DAGS_FOLDER/first_dag.py', '--cfg-path', '/tmp/tmpuvvovr_8', '--error-file', '/tmp/tmpvr7euyci']
[2022-01-02 20:07:04,664] {standard_task_runner.py:77} INFO - Job 1853: Subtask update_processed_files_print_cycle
[2022-01-02 20:07:05,038] {logging_mixin.py:109} INFO - Running <TaskInstance: cpp_workflow.update_processed_files_print_cycle manual__2022-01-02T20:05:32.237062+00:00 [running]> on host 218df5ddc363
[2022-01-02 20:07:05,585] {taskinstance.py:1429} INFO - Exporting the following env vars:
AIRFLOW_CTX_DAG_OWNER=***
AIRFLOW_CTX_DAG_ID=cpp_workflow
AIRFLOW_CTX_TASK_ID=update_processed_files_print_cycle
AIRFLOW_CTX_EXECUTION_DATE=2022-01-02T20:05:32.237062+00:00
AIRFLOW_CTX_DAG_RUN_ID=manual__2022-01-02T20:05:32.237062+00:00
[2022-01-02 20:07:05,717] {python.py:152} INFO - Done. Returned value was: None
[2022-01-02 20:07:05,770] {taskinstance.py:1280} INFO - Marking task as SUCCESS. dag_id=cpp_workflow, task_id=update_processed_files_print_cycle, execution_date=20220102T200532, start_date=20220102T200704, end_date=20220102T200705
[2022-01-02 20:07:05,875] {local_task_job.py:154} INFO - Task exited with return code 0
[2022-01-02 20:07:06,015] {local_task_job.py:264} INFO - 0 downstream tasks scheduled from follow-on schedule check
