[2022-01-07 00:00:12,325] {taskinstance.py:1035} INFO - Dependencies all met for <TaskInstance: cpp_workflow.col_process_image scheduled__2022-01-06T00:00:00+00:00 [queued]>
[2022-01-07 00:00:12,347] {taskinstance.py:1035} INFO - Dependencies all met for <TaskInstance: cpp_workflow.col_process_image scheduled__2022-01-06T00:00:00+00:00 [queued]>
[2022-01-07 00:00:12,348] {taskinstance.py:1241} INFO - 
--------------------------------------------------------------------------------
[2022-01-07 00:00:12,348] {taskinstance.py:1242} INFO - Starting attempt 1 of 1
[2022-01-07 00:00:12,349] {taskinstance.py:1243} INFO - 
--------------------------------------------------------------------------------
[2022-01-07 00:00:12,372] {taskinstance.py:1262} INFO - Executing <Task(PythonOperator): col_process_image> on 2022-01-06 00:00:00+00:00
[2022-01-07 00:00:12,381] {standard_task_runner.py:52} INFO - Started process 7732 to run task
[2022-01-07 00:00:12,389] {standard_task_runner.py:76} INFO - Running: ['***', 'tasks', 'run', 'cpp_workflow', 'col_process_image', 'scheduled__2022-01-06T00:00:00+00:00', '--job-id', '2492', '--raw', '--subdir', 'DAGS_FOLDER/first_dag.py', '--cfg-path', '/tmp/tmph3uqjpw7', '--error-file', '/tmp/tmpb4f4r3rl']
[2022-01-07 00:00:12,391] {standard_task_runner.py:77} INFO - Job 2492: Subtask col_process_image
[2022-01-07 00:00:12,477] {logging_mixin.py:109} INFO - Running <TaskInstance: cpp_workflow.col_process_image scheduled__2022-01-06T00:00:00+00:00 [running]> on host 218df5ddc363
[2022-01-07 00:00:12,575] {taskinstance.py:1429} INFO - Exporting the following env vars:
AIRFLOW_CTX_DAG_OWNER=***
AIRFLOW_CTX_DAG_ID=cpp_workflow
AIRFLOW_CTX_TASK_ID=col_process_image
AIRFLOW_CTX_EXECUTION_DATE=2022-01-06T00:00:00+00:00
AIRFLOW_CTX_DAG_RUN_ID=scheduled__2022-01-06T00:00:00+00:00
[2022-01-07 00:00:12,580] {python.py:152} INFO - Done. Returned value was: None
[2022-01-07 00:00:12,605] {taskinstance.py:1280} INFO - Marking task as SUCCESS. dag_id=cpp_workflow, task_id=col_process_image, execution_date=20220106T000000, start_date=20220107T000012, end_date=20220107T000012
[2022-01-07 00:00:12,643] {local_task_job.py:154} INFO - Task exited with return code 0
[2022-01-07 00:00:12,733] {local_task_job.py:264} INFO - 1 downstream tasks scheduled from follow-on schedule check
