[2022-02-06 11:46:54,910] {taskinstance.py:1035} INFO - Dependencies all met for <TaskInstance: cpp_workflow.pre_process_image scheduled__2022-02-01T00:00:00+00:00 [queued]>
[2022-02-06 11:46:55,001] {taskinstance.py:1035} INFO - Dependencies all met for <TaskInstance: cpp_workflow.pre_process_image scheduled__2022-02-01T00:00:00+00:00 [queued]>
[2022-02-06 11:46:55,007] {taskinstance.py:1241} INFO - 
--------------------------------------------------------------------------------
[2022-02-06 11:46:55,039] {taskinstance.py:1242} INFO - Starting attempt 1 of 1
[2022-02-06 11:46:55,076] {taskinstance.py:1243} INFO - 
--------------------------------------------------------------------------------
[2022-02-06 11:46:55,428] {taskinstance.py:1262} INFO - Executing <Task(PythonOperator): pre_process_image> on 2022-02-01 00:00:00+00:00
[2022-02-06 11:46:55,657] {standard_task_runner.py:52} INFO - Started process 147 to run task
[2022-02-06 11:46:55,722] {standard_task_runner.py:76} INFO - Running: ['***', 'tasks', 'run', 'cpp_workflow', 'pre_process_image', 'scheduled__2022-02-01T00:00:00+00:00', '--job-id', '3173', '--raw', '--subdir', 'DAGS_FOLDER/first_dag.py', '--cfg-path', '/tmp/tmpi4824v1y', '--error-file', '/tmp/tmpytdnjr84']
[2022-02-06 11:46:55,768] {standard_task_runner.py:77} INFO - Job 3173: Subtask pre_process_image
[2022-02-06 11:46:56,996] {logging_mixin.py:109} INFO - Running <TaskInstance: cpp_workflow.pre_process_image scheduled__2022-02-01T00:00:00+00:00 [running]> on host 218df5ddc363
[2022-02-06 11:46:58,921] {taskinstance.py:1429} INFO - Exporting the following env vars:
AIRFLOW_CTX_DAG_OWNER=***
AIRFLOW_CTX_DAG_ID=cpp_workflow
AIRFLOW_CTX_TASK_ID=pre_process_image
AIRFLOW_CTX_EXECUTION_DATE=2022-02-01T00:00:00+00:00
AIRFLOW_CTX_DAG_RUN_ID=scheduled__2022-02-01T00:00:00+00:00
[2022-02-06 11:46:58,998] {python.py:152} INFO - Done. Returned value was: None
[2022-02-06 11:46:59,257] {taskinstance.py:1280} INFO - Marking task as SUCCESS. dag_id=cpp_workflow, task_id=pre_process_image, execution_date=20220201T000000, start_date=20220206T114654, end_date=20220206T114659
[2022-02-06 11:46:59,508] {local_task_job.py:154} INFO - Task exited with return code 0
[2022-02-06 11:47:00,107] {local_task_job.py:264} INFO - 1 downstream tasks scheduled from follow-on schedule check
