[2022-01-09 11:03:32,876] {taskinstance.py:1035} INFO - Dependencies all met for <TaskInstance: cpp_workflow.database_processing_media_prepare scheduled__2022-01-08T00:00:00+00:00 [queued]>
[2022-01-09 11:03:32,898] {taskinstance.py:1035} INFO - Dependencies all met for <TaskInstance: cpp_workflow.database_processing_media_prepare scheduled__2022-01-08T00:00:00+00:00 [queued]>
[2022-01-09 11:03:32,898] {taskinstance.py:1241} INFO - 
--------------------------------------------------------------------------------
[2022-01-09 11:03:32,899] {taskinstance.py:1242} INFO - Starting attempt 1 of 1
[2022-01-09 11:03:32,899] {taskinstance.py:1243} INFO - 
--------------------------------------------------------------------------------
[2022-01-09 11:03:32,931] {taskinstance.py:1262} INFO - Executing <Task(PythonOperator): database_processing_media_prepare> on 2022-01-08 00:00:00+00:00
[2022-01-09 11:03:32,939] {standard_task_runner.py:52} INFO - Started process 109 to run task
[2022-01-09 11:03:32,947] {standard_task_runner.py:76} INFO - Running: ['***', 'tasks', 'run', 'cpp_workflow', 'database_processing_media_prepare', 'scheduled__2022-01-08T00:00:00+00:00', '--job-id', '2536', '--raw', '--subdir', 'DAGS_FOLDER/first_dag.py', '--cfg-path', '/tmp/tmp9mzcweri', '--error-file', '/tmp/tmp6t_e7tm3']
[2022-01-09 11:03:32,950] {standard_task_runner.py:77} INFO - Job 2536: Subtask database_processing_media_prepare
[2022-01-09 11:03:33,028] {logging_mixin.py:109} INFO - Running <TaskInstance: cpp_workflow.database_processing_media_prepare scheduled__2022-01-08T00:00:00+00:00 [running]> on host 218df5ddc363
[2022-01-09 11:03:33,118] {taskinstance.py:1429} INFO - Exporting the following env vars:
AIRFLOW_CTX_DAG_OWNER=***
AIRFLOW_CTX_DAG_ID=cpp_workflow
AIRFLOW_CTX_TASK_ID=database_processing_media_prepare
AIRFLOW_CTX_EXECUTION_DATE=2022-01-08T00:00:00+00:00
AIRFLOW_CTX_DAG_RUN_ID=scheduled__2022-01-08T00:00:00+00:00
[2022-01-09 11:03:33,121] {python.py:152} INFO - Done. Returned value was: None
[2022-01-09 11:03:33,144] {taskinstance.py:1280} INFO - Marking task as SUCCESS. dag_id=cpp_workflow, task_id=database_processing_media_prepare, execution_date=20220108T000000, start_date=20220109T110332, end_date=20220109T110333
[2022-01-09 11:03:33,207] {local_task_job.py:154} INFO - Task exited with return code 0
[2022-01-09 11:03:33,291] {local_task_job.py:264} INFO - 1 downstream tasks scheduled from follow-on schedule check
