[2022-01-02 23:44:29,275] {taskinstance.py:1035} INFO - Dependencies all met for <TaskInstance: cpp_workflow.col_process_media_prepare manual__2022-01-02T23:43:48.622792+00:00 [queued]>
[2022-01-02 23:44:29,298] {taskinstance.py:1035} INFO - Dependencies all met for <TaskInstance: cpp_workflow.col_process_media_prepare manual__2022-01-02T23:43:48.622792+00:00 [queued]>
[2022-01-02 23:44:29,299] {taskinstance.py:1241} INFO - 
--------------------------------------------------------------------------------
[2022-01-02 23:44:29,299] {taskinstance.py:1242} INFO - Starting attempt 1 of 1
[2022-01-02 23:44:29,300] {taskinstance.py:1243} INFO - 
--------------------------------------------------------------------------------
[2022-01-02 23:44:29,334] {taskinstance.py:1262} INFO - Executing <Task(PythonOperator): col_process_media_prepare> on 2022-01-02 23:43:48.622792+00:00
[2022-01-02 23:44:29,347] {standard_task_runner.py:52} INFO - Started process 566 to run task
[2022-01-02 23:44:29,353] {standard_task_runner.py:76} INFO - Running: ['***', 'tasks', 'run', 'cpp_workflow', 'col_process_media_prepare', 'manual__2022-01-02T23:43:48.622792+00:00', '--job-id', '1899', '--raw', '--subdir', 'DAGS_FOLDER/first_dag.py', '--cfg-path', '/tmp/tmpij9hex67', '--error-file', '/tmp/tmpsp0bvrsi']
[2022-01-02 23:44:29,357] {standard_task_runner.py:77} INFO - Job 1899: Subtask col_process_media_prepare
[2022-01-02 23:44:29,446] {logging_mixin.py:109} INFO - Running <TaskInstance: cpp_workflow.col_process_media_prepare manual__2022-01-02T23:43:48.622792+00:00 [running]> on host 218df5ddc363
[2022-01-02 23:44:29,537] {taskinstance.py:1429} INFO - Exporting the following env vars:
AIRFLOW_CTX_DAG_OWNER=***
AIRFLOW_CTX_DAG_ID=cpp_workflow
AIRFLOW_CTX_TASK_ID=col_process_media_prepare
AIRFLOW_CTX_EXECUTION_DATE=2022-01-02T23:43:48.622792+00:00
AIRFLOW_CTX_DAG_RUN_ID=manual__2022-01-02T23:43:48.622792+00:00
[2022-01-02 23:44:29,608] {python.py:152} INFO - Done. Returned value was: None
[2022-01-02 23:44:29,628] {taskinstance.py:1280} INFO - Marking task as SUCCESS. dag_id=cpp_workflow, task_id=col_process_media_prepare, execution_date=20220102T234348, start_date=20220102T234429, end_date=20220102T234429
[2022-01-02 23:44:29,686] {local_task_job.py:154} INFO - Task exited with return code 0
[2022-01-02 23:44:29,801] {local_task_job.py:264} INFO - 1 downstream tasks scheduled from follow-on schedule check
