[2022-01-26 20:36:47,048] {taskinstance.py:1035} INFO - Dependencies all met for <TaskInstance: cpp_workflow.refactor_process_image scheduled__2022-01-23T00:00:00+00:00 [queued]>
[2022-01-26 20:36:47,144] {taskinstance.py:1035} INFO - Dependencies all met for <TaskInstance: cpp_workflow.refactor_process_image scheduled__2022-01-23T00:00:00+00:00 [queued]>
[2022-01-26 20:36:47,145] {taskinstance.py:1241} INFO - 
--------------------------------------------------------------------------------
[2022-01-26 20:36:47,145] {taskinstance.py:1242} INFO - Starting attempt 1 of 1
[2022-01-26 20:36:47,146] {taskinstance.py:1243} INFO - 
--------------------------------------------------------------------------------
[2022-01-26 20:36:47,454] {taskinstance.py:1262} INFO - Executing <Task(PythonOperator): refactor_process_image> on 2022-01-23 00:00:00+00:00
[2022-01-26 20:36:47,599] {standard_task_runner.py:52} INFO - Started process 173 to run task
[2022-01-26 20:36:47,615] {standard_task_runner.py:76} INFO - Running: ['***', 'tasks', 'run', 'cpp_workflow', 'refactor_process_image', 'scheduled__2022-01-23T00:00:00+00:00', '--job-id', '3019', '--raw', '--subdir', 'DAGS_FOLDER/first_dag.py', '--cfg-path', '/tmp/tmplisuveqn', '--error-file', '/tmp/tmpxa40sx1f']
[2022-01-26 20:36:47,659] {standard_task_runner.py:77} INFO - Job 3019: Subtask refactor_process_image
[2022-01-26 20:36:48,076] {logging_mixin.py:109} INFO - Running <TaskInstance: cpp_workflow.refactor_process_image scheduled__2022-01-23T00:00:00+00:00 [running]> on host 218df5ddc363
[2022-01-26 20:36:48,759] {taskinstance.py:1429} INFO - Exporting the following env vars:
AIRFLOW_CTX_DAG_OWNER=***
AIRFLOW_CTX_DAG_ID=cpp_workflow
AIRFLOW_CTX_TASK_ID=refactor_process_image
AIRFLOW_CTX_EXECUTION_DATE=2022-01-23T00:00:00+00:00
AIRFLOW_CTX_DAG_RUN_ID=scheduled__2022-01-23T00:00:00+00:00
[2022-01-26 20:36:48,810] {python.py:152} INFO - Done. Returned value was: None
[2022-01-26 20:36:49,133] {taskinstance.py:1280} INFO - Marking task as SUCCESS. dag_id=cpp_workflow, task_id=refactor_process_image, execution_date=20220123T000000, start_date=20220126T203647, end_date=20220126T203649
[2022-01-26 20:36:49,501] {local_task_job.py:154} INFO - Task exited with return code 0
[2022-01-26 20:36:50,009] {local_task_job.py:264} INFO - 1 downstream tasks scheduled from follow-on schedule check
