[2022-01-19 11:27:06,057] {taskinstance.py:1035} INFO - Dependencies all met for <TaskInstance: cpp_workflow.update_processed_files_media_prepare scheduled__2022-01-18T00:00:00+00:00 [queued]>
[2022-01-19 11:27:06,124] {taskinstance.py:1035} INFO - Dependencies all met for <TaskInstance: cpp_workflow.update_processed_files_media_prepare scheduled__2022-01-18T00:00:00+00:00 [queued]>
[2022-01-19 11:27:06,133] {taskinstance.py:1241} INFO - 
--------------------------------------------------------------------------------
[2022-01-19 11:27:06,135] {taskinstance.py:1242} INFO - Starting attempt 1 of 1
[2022-01-19 11:27:06,136] {taskinstance.py:1243} INFO - 
--------------------------------------------------------------------------------
[2022-01-19 11:27:06,182] {taskinstance.py:1262} INFO - Executing <Task(PythonOperator): update_processed_files_media_prepare> on 2022-01-18 00:00:00+00:00
[2022-01-19 11:27:06,231] {standard_task_runner.py:52} INFO - Started process 120 to run task
[2022-01-19 11:27:06,248] {standard_task_runner.py:76} INFO - Running: ['***', 'tasks', 'run', 'cpp_workflow', 'update_processed_files_media_prepare', 'scheduled__2022-01-18T00:00:00+00:00', '--job-id', '2785', '--raw', '--subdir', 'DAGS_FOLDER/first_dag.py', '--cfg-path', '/tmp/tmp98bov1o7', '--error-file', '/tmp/tmppv047x9m']
[2022-01-19 11:27:06,263] {standard_task_runner.py:77} INFO - Job 2785: Subtask update_processed_files_media_prepare
[2022-01-19 11:27:06,405] {logging_mixin.py:109} INFO - Running <TaskInstance: cpp_workflow.update_processed_files_media_prepare scheduled__2022-01-18T00:00:00+00:00 [running]> on host 218df5ddc363
[2022-01-19 11:27:06,624] {taskinstance.py:1429} INFO - Exporting the following env vars:
AIRFLOW_CTX_DAG_OWNER=***
AIRFLOW_CTX_DAG_ID=cpp_workflow
AIRFLOW_CTX_TASK_ID=update_processed_files_media_prepare
AIRFLOW_CTX_EXECUTION_DATE=2022-01-18T00:00:00+00:00
AIRFLOW_CTX_DAG_RUN_ID=scheduled__2022-01-18T00:00:00+00:00
[2022-01-19 11:27:06,672] {python.py:152} INFO - Done. Returned value was: None
[2022-01-19 11:27:06,738] {taskinstance.py:1280} INFO - Marking task as SUCCESS. dag_id=cpp_workflow, task_id=update_processed_files_media_prepare, execution_date=20220118T000000, start_date=20220119T112706, end_date=20220119T112706
[2022-01-19 11:27:06,842] {local_task_job.py:154} INFO - Task exited with return code 0
[2022-01-19 11:27:06,906] {local_task_job.py:264} INFO - 1 downstream tasks scheduled from follow-on schedule check
