[2021-12-29 23:37:48,796] {taskinstance.py:1035} INFO - Dependencies all met for <TaskInstance: cpp_workflow.pre_process_print_cycle manual__2021-12-29T23:37:18.544413+00:00 [queued]>
[2021-12-29 23:37:48,813] {taskinstance.py:1035} INFO - Dependencies all met for <TaskInstance: cpp_workflow.pre_process_print_cycle manual__2021-12-29T23:37:18.544413+00:00 [queued]>
[2021-12-29 23:37:48,814] {taskinstance.py:1241} INFO - 
--------------------------------------------------------------------------------
[2021-12-29 23:37:48,814] {taskinstance.py:1242} INFO - Starting attempt 1 of 1
[2021-12-29 23:37:48,815] {taskinstance.py:1243} INFO - 
--------------------------------------------------------------------------------
[2021-12-29 23:37:48,833] {taskinstance.py:1262} INFO - Executing <Task(PythonOperator): pre_process_print_cycle> on 2021-12-29 23:37:18.544413+00:00
[2021-12-29 23:37:48,899] {standard_task_runner.py:52} INFO - Started process 14911 to run task
[2021-12-29 23:37:48,905] {standard_task_runner.py:76} INFO - Running: ['***', 'tasks', 'run', 'cpp_workflow', 'pre_process_print_cycle', 'manual__2021-12-29T23:37:18.544413+00:00', '--job-id', '1708', '--raw', '--subdir', 'DAGS_FOLDER/first_dag.py', '--cfg-path', '/tmp/tmprtn_2c2d', '--error-file', '/tmp/tmpa2zt7i_z']
[2021-12-29 23:37:48,907] {standard_task_runner.py:77} INFO - Job 1708: Subtask pre_process_print_cycle
[2021-12-29 23:37:48,977] {logging_mixin.py:109} INFO - Running <TaskInstance: cpp_workflow.pre_process_print_cycle manual__2021-12-29T23:37:18.544413+00:00 [running]> on host 218df5ddc363
[2021-12-29 23:37:49,048] {taskinstance.py:1429} INFO - Exporting the following env vars:
AIRFLOW_CTX_DAG_OWNER=***
AIRFLOW_CTX_DAG_ID=cpp_workflow
AIRFLOW_CTX_TASK_ID=pre_process_print_cycle
AIRFLOW_CTX_EXECUTION_DATE=2021-12-29T23:37:18.544413+00:00
AIRFLOW_CTX_DAG_RUN_ID=manual__2021-12-29T23:37:18.544413+00:00
[2021-12-29 23:37:49,051] {python.py:152} INFO - Done. Returned value was: None
[2021-12-29 23:37:49,079] {taskinstance.py:1280} INFO - Marking task as SUCCESS. dag_id=cpp_workflow, task_id=pre_process_print_cycle, execution_date=20211229T233718, start_date=20211229T233748, end_date=20211229T233749
[2021-12-29 23:37:49,119] {local_task_job.py:154} INFO - Task exited with return code 0
[2021-12-29 23:37:49,184] {local_task_job.py:264} INFO - 1 downstream tasks scheduled from follow-on schedule check
