[2022-01-30 21:25:05,667] {taskinstance.py:1035} INFO - Dependencies all met for <TaskInstance: cpp_workflow.col_process_print_cycle scheduled__2022-01-29T00:00:00+00:00 [queued]>
[2022-01-30 21:25:05,704] {taskinstance.py:1035} INFO - Dependencies all met for <TaskInstance: cpp_workflow.col_process_print_cycle scheduled__2022-01-29T00:00:00+00:00 [queued]>
[2022-01-30 21:25:05,705] {taskinstance.py:1241} INFO - 
--------------------------------------------------------------------------------
[2022-01-30 21:25:05,706] {taskinstance.py:1242} INFO - Starting attempt 1 of 1
[2022-01-30 21:25:05,706] {taskinstance.py:1243} INFO - 
--------------------------------------------------------------------------------
[2022-01-30 21:25:05,731] {taskinstance.py:1262} INFO - Executing <Task(PythonOperator): col_process_print_cycle> on 2022-01-29 00:00:00+00:00
[2022-01-30 21:25:05,744] {standard_task_runner.py:52} INFO - Started process 89 to run task
[2022-01-30 21:25:05,751] {standard_task_runner.py:76} INFO - Running: ['***', 'tasks', 'run', 'cpp_workflow', 'col_process_print_cycle', 'scheduled__2022-01-29T00:00:00+00:00', '--job-id', '3106', '--raw', '--subdir', 'DAGS_FOLDER/first_dag.py', '--cfg-path', '/tmp/tmpc0t986uc', '--error-file', '/tmp/tmp6hs3c8zj']
[2022-01-30 21:25:05,757] {standard_task_runner.py:77} INFO - Job 3106: Subtask col_process_print_cycle
[2022-01-30 21:25:05,895] {logging_mixin.py:109} INFO - Running <TaskInstance: cpp_workflow.col_process_print_cycle scheduled__2022-01-29T00:00:00+00:00 [running]> on host 218df5ddc363
[2022-01-30 21:25:06,033] {taskinstance.py:1429} INFO - Exporting the following env vars:
AIRFLOW_CTX_DAG_OWNER=***
AIRFLOW_CTX_DAG_ID=cpp_workflow
AIRFLOW_CTX_TASK_ID=col_process_print_cycle
AIRFLOW_CTX_EXECUTION_DATE=2022-01-29T00:00:00+00:00
AIRFLOW_CTX_DAG_RUN_ID=scheduled__2022-01-29T00:00:00+00:00
[2022-01-30 21:25:06,036] {python.py:152} INFO - Done. Returned value was: None
[2022-01-30 21:25:06,068] {taskinstance.py:1280} INFO - Marking task as SUCCESS. dag_id=cpp_workflow, task_id=col_process_print_cycle, execution_date=20220129T000000, start_date=20220130T212505, end_date=20220130T212506
[2022-01-30 21:25:06,148] {local_task_job.py:154} INFO - Task exited with return code 0
[2022-01-30 21:25:06,241] {local_task_job.py:264} INFO - 1 downstream tasks scheduled from follow-on schedule check
