[2022-01-09 11:03:13,990] {processor.py:163} INFO - Started process (PID=49) to work on /home/airflow/.local/lib/python3.7/site-packages/airflow/example_dags/example_short_circuit_operator.py
[2022-01-09 11:03:13,992] {processor.py:625} INFO - Processing file /home/airflow/.local/lib/python3.7/site-packages/airflow/example_dags/example_short_circuit_operator.py for tasks to queue
[2022-01-09 11:03:13,993] {logging_mixin.py:109} INFO - [2022-01-09 11:03:13,993] {dagbag.py:500} INFO - Filling up the DagBag from /home/airflow/.local/lib/python3.7/site-packages/airflow/example_dags/example_short_circuit_operator.py
[2022-01-09 11:03:14,036] {processor.py:637} INFO - DAG(s) dict_keys(['example_short_circuit_operator']) retrieved from /home/airflow/.local/lib/python3.7/site-packages/airflow/example_dags/example_short_circuit_operator.py
[2022-01-09 11:03:14,058] {logging_mixin.py:109} INFO - [2022-01-09 11:03:14,057] {dag.py:2396} INFO - Sync 1 DAGs
[2022-01-09 11:03:14,090] {logging_mixin.py:109} INFO - [2022-01-09 11:03:14,090] {dag.py:2928} INFO - Setting next_dagrun for example_short_circuit_operator to 2022-01-08T11:03:14.090107+00:00
[2022-01-09 11:03:14,112] {processor.py:171} INFO - Processing /home/airflow/.local/lib/python3.7/site-packages/airflow/example_dags/example_short_circuit_operator.py took 0.127 seconds
[2022-01-09 11:03:44,703] {processor.py:163} INFO - Started process (PID=126) to work on /home/airflow/.local/lib/python3.7/site-packages/airflow/example_dags/example_short_circuit_operator.py
[2022-01-09 11:03:44,705] {processor.py:625} INFO - Processing file /home/airflow/.local/lib/python3.7/site-packages/airflow/example_dags/example_short_circuit_operator.py for tasks to queue
[2022-01-09 11:03:44,707] {logging_mixin.py:109} INFO - [2022-01-09 11:03:44,707] {dagbag.py:500} INFO - Filling up the DagBag from /home/airflow/.local/lib/python3.7/site-packages/airflow/example_dags/example_short_circuit_operator.py
[2022-01-09 11:03:44,766] {processor.py:637} INFO - DAG(s) dict_keys(['example_short_circuit_operator']) retrieved from /home/airflow/.local/lib/python3.7/site-packages/airflow/example_dags/example_short_circuit_operator.py
[2022-01-09 11:03:44,790] {logging_mixin.py:109} INFO - [2022-01-09 11:03:44,790] {dag.py:2396} INFO - Sync 1 DAGs
[2022-01-09 11:03:44,830] {logging_mixin.py:109} INFO - [2022-01-09 11:03:44,830] {dag.py:2928} INFO - Setting next_dagrun for example_short_circuit_operator to 2022-01-08T11:03:44.829861+00:00
[2022-01-09 11:03:44,853] {processor.py:171} INFO - Processing /home/airflow/.local/lib/python3.7/site-packages/airflow/example_dags/example_short_circuit_operator.py took 0.157 seconds
[2022-01-09 11:04:15,468] {processor.py:163} INFO - Started process (PID=187) to work on /home/airflow/.local/lib/python3.7/site-packages/airflow/example_dags/example_short_circuit_operator.py
[2022-01-09 11:04:15,472] {processor.py:625} INFO - Processing file /home/airflow/.local/lib/python3.7/site-packages/airflow/example_dags/example_short_circuit_operator.py for tasks to queue
[2022-01-09 11:04:15,475] {logging_mixin.py:109} INFO - [2022-01-09 11:04:15,475] {dagbag.py:500} INFO - Filling up the DagBag from /home/airflow/.local/lib/python3.7/site-packages/airflow/example_dags/example_short_circuit_operator.py
[2022-01-09 11:04:15,588] {processor.py:637} INFO - DAG(s) dict_keys(['example_short_circuit_operator']) retrieved from /home/airflow/.local/lib/python3.7/site-packages/airflow/example_dags/example_short_circuit_operator.py
[2022-01-09 11:04:15,636] {logging_mixin.py:109} INFO - [2022-01-09 11:04:15,636] {dag.py:2396} INFO - Sync 1 DAGs
[2022-01-09 11:04:15,702] {logging_mixin.py:109} INFO - [2022-01-09 11:04:15,702] {dag.py:2928} INFO - Setting next_dagrun for example_short_circuit_operator to 2022-01-08T11:04:15.701318+00:00
[2022-01-09 11:04:15,740] {processor.py:171} INFO - Processing /home/airflow/.local/lib/python3.7/site-packages/airflow/example_dags/example_short_circuit_operator.py took 0.283 seconds
[2022-01-09 11:04:45,886] {processor.py:163} INFO - Started process (PID=247) to work on /home/airflow/.local/lib/python3.7/site-packages/airflow/example_dags/example_short_circuit_operator.py
[2022-01-09 11:04:45,891] {processor.py:625} INFO - Processing file /home/airflow/.local/lib/python3.7/site-packages/airflow/example_dags/example_short_circuit_operator.py for tasks to queue
[2022-01-09 11:04:45,894] {logging_mixin.py:109} INFO - [2022-01-09 11:04:45,894] {dagbag.py:500} INFO - Filling up the DagBag from /home/airflow/.local/lib/python3.7/site-packages/airflow/example_dags/example_short_circuit_operator.py
[2022-01-09 11:04:46,005] {processor.py:637} INFO - DAG(s) dict_keys(['example_short_circuit_operator']) retrieved from /home/airflow/.local/lib/python3.7/site-packages/airflow/example_dags/example_short_circuit_operator.py
[2022-01-09 11:04:46,043] {logging_mixin.py:109} INFO - [2022-01-09 11:04:46,043] {dag.py:2396} INFO - Sync 1 DAGs
[2022-01-09 11:04:46,101] {logging_mixin.py:109} INFO - [2022-01-09 11:04:46,101] {dag.py:2928} INFO - Setting next_dagrun for example_short_circuit_operator to 2022-01-08T11:04:46.100245+00:00
[2022-01-09 11:04:46,135] {processor.py:171} INFO - Processing /home/airflow/.local/lib/python3.7/site-packages/airflow/example_dags/example_short_circuit_operator.py took 0.261 seconds
[2022-01-09 11:05:16,958] {processor.py:163} INFO - Started process (PID=308) to work on /home/airflow/.local/lib/python3.7/site-packages/airflow/example_dags/example_short_circuit_operator.py
[2022-01-09 11:05:16,962] {processor.py:625} INFO - Processing file /home/airflow/.local/lib/python3.7/site-packages/airflow/example_dags/example_short_circuit_operator.py for tasks to queue
[2022-01-09 11:05:16,965] {logging_mixin.py:109} INFO - [2022-01-09 11:05:16,965] {dagbag.py:500} INFO - Filling up the DagBag from /home/airflow/.local/lib/python3.7/site-packages/airflow/example_dags/example_short_circuit_operator.py
[2022-01-09 11:05:17,070] {processor.py:637} INFO - DAG(s) dict_keys(['example_short_circuit_operator']) retrieved from /home/airflow/.local/lib/python3.7/site-packages/airflow/example_dags/example_short_circuit_operator.py
[2022-01-09 11:05:17,119] {logging_mixin.py:109} INFO - [2022-01-09 11:05:17,119] {dag.py:2396} INFO - Sync 1 DAGs
[2022-01-09 11:05:17,186] {logging_mixin.py:109} INFO - [2022-01-09 11:05:17,186] {dag.py:2928} INFO - Setting next_dagrun for example_short_circuit_operator to 2022-01-08T11:05:17.185520+00:00
[2022-01-09 11:05:17,220] {processor.py:171} INFO - Processing /home/airflow/.local/lib/python3.7/site-packages/airflow/example_dags/example_short_circuit_operator.py took 0.274 seconds
[2022-01-09 11:05:47,401] {processor.py:163} INFO - Started process (PID=369) to work on /home/airflow/.local/lib/python3.7/site-packages/airflow/example_dags/example_short_circuit_operator.py
[2022-01-09 11:05:47,403] {processor.py:625} INFO - Processing file /home/airflow/.local/lib/python3.7/site-packages/airflow/example_dags/example_short_circuit_operator.py for tasks to queue
[2022-01-09 11:05:47,405] {logging_mixin.py:109} INFO - [2022-01-09 11:05:47,405] {dagbag.py:500} INFO - Filling up the DagBag from /home/airflow/.local/lib/python3.7/site-packages/airflow/example_dags/example_short_circuit_operator.py
[2022-01-09 11:05:47,463] {processor.py:637} INFO - DAG(s) dict_keys(['example_short_circuit_operator']) retrieved from /home/airflow/.local/lib/python3.7/site-packages/airflow/example_dags/example_short_circuit_operator.py
[2022-01-09 11:05:47,491] {logging_mixin.py:109} INFO - [2022-01-09 11:05:47,490] {dag.py:2396} INFO - Sync 1 DAGs
[2022-01-09 11:05:47,518] {logging_mixin.py:109} INFO - [2022-01-09 11:05:47,518] {dag.py:2928} INFO - Setting next_dagrun for example_short_circuit_operator to 2022-01-08T11:05:47.517582+00:00
[2022-01-09 11:05:47,533] {processor.py:171} INFO - Processing /home/airflow/.local/lib/python3.7/site-packages/airflow/example_dags/example_short_circuit_operator.py took 0.137 seconds
[2022-01-09 11:06:17,857] {processor.py:163} INFO - Started process (PID=431) to work on /home/airflow/.local/lib/python3.7/site-packages/airflow/example_dags/example_short_circuit_operator.py
[2022-01-09 11:06:17,860] {processor.py:625} INFO - Processing file /home/airflow/.local/lib/python3.7/site-packages/airflow/example_dags/example_short_circuit_operator.py for tasks to queue
[2022-01-09 11:06:17,861] {logging_mixin.py:109} INFO - [2022-01-09 11:06:17,861] {dagbag.py:500} INFO - Filling up the DagBag from /home/airflow/.local/lib/python3.7/site-packages/airflow/example_dags/example_short_circuit_operator.py
[2022-01-09 11:06:17,915] {processor.py:637} INFO - DAG(s) dict_keys(['example_short_circuit_operator']) retrieved from /home/airflow/.local/lib/python3.7/site-packages/airflow/example_dags/example_short_circuit_operator.py
[2022-01-09 11:06:17,934] {logging_mixin.py:109} INFO - [2022-01-09 11:06:17,934] {dag.py:2396} INFO - Sync 1 DAGs
[2022-01-09 11:06:17,964] {logging_mixin.py:109} INFO - [2022-01-09 11:06:17,964] {dag.py:2928} INFO - Setting next_dagrun for example_short_circuit_operator to 2022-01-08T11:06:17.964365+00:00
[2022-01-09 11:06:17,977] {processor.py:171} INFO - Processing /home/airflow/.local/lib/python3.7/site-packages/airflow/example_dags/example_short_circuit_operator.py took 0.128 seconds
[2022-01-09 11:06:48,649] {processor.py:163} INFO - Started process (PID=502) to work on /home/airflow/.local/lib/python3.7/site-packages/airflow/example_dags/example_short_circuit_operator.py
[2022-01-09 11:06:48,651] {processor.py:625} INFO - Processing file /home/airflow/.local/lib/python3.7/site-packages/airflow/example_dags/example_short_circuit_operator.py for tasks to queue
[2022-01-09 11:06:48,652] {logging_mixin.py:109} INFO - [2022-01-09 11:06:48,652] {dagbag.py:500} INFO - Filling up the DagBag from /home/airflow/.local/lib/python3.7/site-packages/airflow/example_dags/example_short_circuit_operator.py
[2022-01-09 11:06:48,688] {processor.py:637} INFO - DAG(s) dict_keys(['example_short_circuit_operator']) retrieved from /home/airflow/.local/lib/python3.7/site-packages/airflow/example_dags/example_short_circuit_operator.py
[2022-01-09 11:06:48,703] {logging_mixin.py:109} INFO - [2022-01-09 11:06:48,703] {dag.py:2396} INFO - Sync 1 DAGs
[2022-01-09 11:06:48,726] {logging_mixin.py:109} INFO - [2022-01-09 11:06:48,726] {dag.py:2928} INFO - Setting next_dagrun for example_short_circuit_operator to 2022-01-08T11:06:48.726482+00:00
[2022-01-09 11:06:48,743] {processor.py:171} INFO - Processing /home/airflow/.local/lib/python3.7/site-packages/airflow/example_dags/example_short_circuit_operator.py took 0.098 seconds
[2022-01-09 11:07:19,305] {processor.py:163} INFO - Started process (PID=563) to work on /home/airflow/.local/lib/python3.7/site-packages/airflow/example_dags/example_short_circuit_operator.py
[2022-01-09 11:07:19,308] {processor.py:625} INFO - Processing file /home/airflow/.local/lib/python3.7/site-packages/airflow/example_dags/example_short_circuit_operator.py for tasks to queue
[2022-01-09 11:07:19,310] {logging_mixin.py:109} INFO - [2022-01-09 11:07:19,310] {dagbag.py:500} INFO - Filling up the DagBag from /home/airflow/.local/lib/python3.7/site-packages/airflow/example_dags/example_short_circuit_operator.py
[2022-01-09 11:07:19,375] {processor.py:637} INFO - DAG(s) dict_keys(['example_short_circuit_operator']) retrieved from /home/airflow/.local/lib/python3.7/site-packages/airflow/example_dags/example_short_circuit_operator.py
[2022-01-09 11:07:19,401] {logging_mixin.py:109} INFO - [2022-01-09 11:07:19,401] {dag.py:2396} INFO - Sync 1 DAGs
[2022-01-09 11:07:19,445] {logging_mixin.py:109} INFO - [2022-01-09 11:07:19,445] {dag.py:2928} INFO - Setting next_dagrun for example_short_circuit_operator to 2022-01-08T11:07:19.444255+00:00
[2022-01-09 11:07:19,463] {processor.py:171} INFO - Processing /home/airflow/.local/lib/python3.7/site-packages/airflow/example_dags/example_short_circuit_operator.py took 0.165 seconds
[2022-01-09 11:07:49,580] {processor.py:163} INFO - Started process (PID=624) to work on /home/airflow/.local/lib/python3.7/site-packages/airflow/example_dags/example_short_circuit_operator.py
[2022-01-09 11:07:49,583] {processor.py:625} INFO - Processing file /home/airflow/.local/lib/python3.7/site-packages/airflow/example_dags/example_short_circuit_operator.py for tasks to queue
[2022-01-09 11:07:49,585] {logging_mixin.py:109} INFO - [2022-01-09 11:07:49,585] {dagbag.py:500} INFO - Filling up the DagBag from /home/airflow/.local/lib/python3.7/site-packages/airflow/example_dags/example_short_circuit_operator.py
[2022-01-09 11:07:49,651] {processor.py:637} INFO - DAG(s) dict_keys(['example_short_circuit_operator']) retrieved from /home/airflow/.local/lib/python3.7/site-packages/airflow/example_dags/example_short_circuit_operator.py
[2022-01-09 11:07:49,679] {logging_mixin.py:109} INFO - [2022-01-09 11:07:49,679] {dag.py:2396} INFO - Sync 1 DAGs
[2022-01-09 11:07:49,726] {logging_mixin.py:109} INFO - [2022-01-09 11:07:49,725] {dag.py:2928} INFO - Setting next_dagrun for example_short_circuit_operator to 2022-01-08T11:07:49.725294+00:00
[2022-01-09 11:07:49,750] {processor.py:171} INFO - Processing /home/airflow/.local/lib/python3.7/site-packages/airflow/example_dags/example_short_circuit_operator.py took 0.176 seconds
[2022-01-09 11:08:19,983] {processor.py:163} INFO - Started process (PID=686) to work on /home/airflow/.local/lib/python3.7/site-packages/airflow/example_dags/example_short_circuit_operator.py
[2022-01-09 11:08:19,986] {processor.py:625} INFO - Processing file /home/airflow/.local/lib/python3.7/site-packages/airflow/example_dags/example_short_circuit_operator.py for tasks to queue
[2022-01-09 11:08:19,988] {logging_mixin.py:109} INFO - [2022-01-09 11:08:19,988] {dagbag.py:500} INFO - Filling up the DagBag from /home/airflow/.local/lib/python3.7/site-packages/airflow/example_dags/example_short_circuit_operator.py
[2022-01-09 11:08:20,048] {processor.py:637} INFO - DAG(s) dict_keys(['example_short_circuit_operator']) retrieved from /home/airflow/.local/lib/python3.7/site-packages/airflow/example_dags/example_short_circuit_operator.py
[2022-01-09 11:08:20,074] {logging_mixin.py:109} INFO - [2022-01-09 11:08:20,074] {dag.py:2396} INFO - Sync 1 DAGs
[2022-01-09 11:08:20,128] {logging_mixin.py:109} INFO - [2022-01-09 11:08:20,128] {dag.py:2928} INFO - Setting next_dagrun for example_short_circuit_operator to 2022-01-08T11:08:20.127486+00:00
[2022-01-09 11:08:20,153] {processor.py:171} INFO - Processing /home/airflow/.local/lib/python3.7/site-packages/airflow/example_dags/example_short_circuit_operator.py took 0.179 seconds
[2022-01-09 11:08:50,730] {processor.py:163} INFO - Started process (PID=748) to work on /home/airflow/.local/lib/python3.7/site-packages/airflow/example_dags/example_short_circuit_operator.py
[2022-01-09 11:08:50,736] {processor.py:625} INFO - Processing file /home/airflow/.local/lib/python3.7/site-packages/airflow/example_dags/example_short_circuit_operator.py for tasks to queue
[2022-01-09 11:08:50,740] {logging_mixin.py:109} INFO - [2022-01-09 11:08:50,739] {dagbag.py:500} INFO - Filling up the DagBag from /home/airflow/.local/lib/python3.7/site-packages/airflow/example_dags/example_short_circuit_operator.py
[2022-01-09 11:08:50,850] {processor.py:637} INFO - DAG(s) dict_keys(['example_short_circuit_operator']) retrieved from /home/airflow/.local/lib/python3.7/site-packages/airflow/example_dags/example_short_circuit_operator.py
[2022-01-09 11:08:50,912] {logging_mixin.py:109} INFO - [2022-01-09 11:08:50,911] {dag.py:2396} INFO - Sync 1 DAGs
[2022-01-09 11:08:51,002] {logging_mixin.py:109} INFO - [2022-01-09 11:08:51,002] {dag.py:2928} INFO - Setting next_dagrun for example_short_circuit_operator to 2022-01-08T11:08:51.001124+00:00
[2022-01-09 11:08:51,045] {processor.py:171} INFO - Processing /home/airflow/.local/lib/python3.7/site-packages/airflow/example_dags/example_short_circuit_operator.py took 0.333 seconds
[2022-01-09 11:09:21,373] {processor.py:163} INFO - Started process (PID=810) to work on /home/airflow/.local/lib/python3.7/site-packages/airflow/example_dags/example_short_circuit_operator.py
[2022-01-09 11:09:21,380] {processor.py:625} INFO - Processing file /home/airflow/.local/lib/python3.7/site-packages/airflow/example_dags/example_short_circuit_operator.py for tasks to queue
[2022-01-09 11:09:21,384] {logging_mixin.py:109} INFO - [2022-01-09 11:09:21,383] {dagbag.py:500} INFO - Filling up the DagBag from /home/airflow/.local/lib/python3.7/site-packages/airflow/example_dags/example_short_circuit_operator.py
[2022-01-09 11:09:21,446] {processor.py:637} INFO - DAG(s) dict_keys(['example_short_circuit_operator']) retrieved from /home/airflow/.local/lib/python3.7/site-packages/airflow/example_dags/example_short_circuit_operator.py
[2022-01-09 11:09:21,466] {logging_mixin.py:109} INFO - [2022-01-09 11:09:21,466] {dag.py:2396} INFO - Sync 1 DAGs
[2022-01-09 11:09:21,496] {logging_mixin.py:109} INFO - [2022-01-09 11:09:21,496] {dag.py:2928} INFO - Setting next_dagrun for example_short_circuit_operator to 2022-01-08T11:09:21.495822+00:00
[2022-01-09 11:09:21,511] {processor.py:171} INFO - Processing /home/airflow/.local/lib/python3.7/site-packages/airflow/example_dags/example_short_circuit_operator.py took 0.156 seconds
[2022-01-09 11:09:52,005] {processor.py:163} INFO - Started process (PID=884) to work on /home/airflow/.local/lib/python3.7/site-packages/airflow/example_dags/example_short_circuit_operator.py
[2022-01-09 11:09:52,008] {processor.py:625} INFO - Processing file /home/airflow/.local/lib/python3.7/site-packages/airflow/example_dags/example_short_circuit_operator.py for tasks to queue
[2022-01-09 11:09:52,010] {logging_mixin.py:109} INFO - [2022-01-09 11:09:52,010] {dagbag.py:500} INFO - Filling up the DagBag from /home/airflow/.local/lib/python3.7/site-packages/airflow/example_dags/example_short_circuit_operator.py
[2022-01-09 11:09:52,059] {processor.py:637} INFO - DAG(s) dict_keys(['example_short_circuit_operator']) retrieved from /home/airflow/.local/lib/python3.7/site-packages/airflow/example_dags/example_short_circuit_operator.py
[2022-01-09 11:09:52,078] {logging_mixin.py:109} INFO - [2022-01-09 11:09:52,078] {dag.py:2396} INFO - Sync 1 DAGs
[2022-01-09 11:09:52,106] {logging_mixin.py:109} INFO - [2022-01-09 11:09:52,105] {dag.py:2928} INFO - Setting next_dagrun for example_short_circuit_operator to 2022-01-08T11:09:52.105465+00:00
[2022-01-09 11:09:52,119] {processor.py:171} INFO - Processing /home/airflow/.local/lib/python3.7/site-packages/airflow/example_dags/example_short_circuit_operator.py took 0.121 seconds
[2022-01-09 11:10:22,644] {processor.py:163} INFO - Started process (PID=946) to work on /home/airflow/.local/lib/python3.7/site-packages/airflow/example_dags/example_short_circuit_operator.py
[2022-01-09 11:10:22,646] {processor.py:625} INFO - Processing file /home/airflow/.local/lib/python3.7/site-packages/airflow/example_dags/example_short_circuit_operator.py for tasks to queue
[2022-01-09 11:10:22,648] {logging_mixin.py:109} INFO - [2022-01-09 11:10:22,648] {dagbag.py:500} INFO - Filling up the DagBag from /home/airflow/.local/lib/python3.7/site-packages/airflow/example_dags/example_short_circuit_operator.py
[2022-01-09 11:10:22,748] {processor.py:637} INFO - DAG(s) dict_keys(['example_short_circuit_operator']) retrieved from /home/airflow/.local/lib/python3.7/site-packages/airflow/example_dags/example_short_circuit_operator.py
[2022-01-09 11:10:22,768] {logging_mixin.py:109} INFO - [2022-01-09 11:10:22,768] {dag.py:2396} INFO - Sync 1 DAGs
[2022-01-09 11:10:22,795] {logging_mixin.py:109} INFO - [2022-01-09 11:10:22,795] {dag.py:2928} INFO - Setting next_dagrun for example_short_circuit_operator to 2022-01-08T11:10:22.795249+00:00
[2022-01-09 11:10:22,819] {processor.py:171} INFO - Processing /home/airflow/.local/lib/python3.7/site-packages/airflow/example_dags/example_short_circuit_operator.py took 0.182 seconds
[2022-01-09 11:10:53,416] {processor.py:163} INFO - Started process (PID=1008) to work on /home/airflow/.local/lib/python3.7/site-packages/airflow/example_dags/example_short_circuit_operator.py
[2022-01-09 11:10:53,421] {processor.py:625} INFO - Processing file /home/airflow/.local/lib/python3.7/site-packages/airflow/example_dags/example_short_circuit_operator.py for tasks to queue
[2022-01-09 11:10:53,423] {logging_mixin.py:109} INFO - [2022-01-09 11:10:53,423] {dagbag.py:500} INFO - Filling up the DagBag from /home/airflow/.local/lib/python3.7/site-packages/airflow/example_dags/example_short_circuit_operator.py
[2022-01-09 11:10:53,531] {processor.py:637} INFO - DAG(s) dict_keys(['example_short_circuit_operator']) retrieved from /home/airflow/.local/lib/python3.7/site-packages/airflow/example_dags/example_short_circuit_operator.py
[2022-01-09 11:10:53,585] {logging_mixin.py:109} INFO - [2022-01-09 11:10:53,585] {dag.py:2396} INFO - Sync 1 DAGs
[2022-01-09 11:10:53,629] {logging_mixin.py:109} INFO - [2022-01-09 11:10:53,629] {dag.py:2928} INFO - Setting next_dagrun for example_short_circuit_operator to 2022-01-08T11:10:53.628942+00:00
[2022-01-09 11:10:53,776] {processor.py:171} INFO - Processing /home/airflow/.local/lib/python3.7/site-packages/airflow/example_dags/example_short_circuit_operator.py took 0.371 seconds
[2022-01-09 11:11:24,719] {processor.py:163} INFO - Started process (PID=1069) to work on /home/airflow/.local/lib/python3.7/site-packages/airflow/example_dags/example_short_circuit_operator.py
[2022-01-09 11:11:24,723] {processor.py:625} INFO - Processing file /home/airflow/.local/lib/python3.7/site-packages/airflow/example_dags/example_short_circuit_operator.py for tasks to queue
[2022-01-09 11:11:24,726] {logging_mixin.py:109} INFO - [2022-01-09 11:11:24,725] {dagbag.py:500} INFO - Filling up the DagBag from /home/airflow/.local/lib/python3.7/site-packages/airflow/example_dags/example_short_circuit_operator.py
[2022-01-09 11:11:24,818] {processor.py:637} INFO - DAG(s) dict_keys(['example_short_circuit_operator']) retrieved from /home/airflow/.local/lib/python3.7/site-packages/airflow/example_dags/example_short_circuit_operator.py
[2022-01-09 11:11:24,857] {logging_mixin.py:109} INFO - [2022-01-09 11:11:24,856] {dag.py:2396} INFO - Sync 1 DAGs
[2022-01-09 11:11:25,053] {logging_mixin.py:109} INFO - [2022-01-09 11:11:25,053] {dag.py:2928} INFO - Setting next_dagrun for example_short_circuit_operator to 2022-01-08T11:11:25.053242+00:00
[2022-01-09 11:11:25,074] {processor.py:171} INFO - Processing /home/airflow/.local/lib/python3.7/site-packages/airflow/example_dags/example_short_circuit_operator.py took 0.368 seconds
[2022-01-09 11:11:55,620] {processor.py:163} INFO - Started process (PID=1130) to work on /home/airflow/.local/lib/python3.7/site-packages/airflow/example_dags/example_short_circuit_operator.py
[2022-01-09 11:11:55,625] {processor.py:625} INFO - Processing file /home/airflow/.local/lib/python3.7/site-packages/airflow/example_dags/example_short_circuit_operator.py for tasks to queue
[2022-01-09 11:11:55,628] {logging_mixin.py:109} INFO - [2022-01-09 11:11:55,628] {dagbag.py:500} INFO - Filling up the DagBag from /home/airflow/.local/lib/python3.7/site-packages/airflow/example_dags/example_short_circuit_operator.py
[2022-01-09 11:11:55,743] {processor.py:637} INFO - DAG(s) dict_keys(['example_short_circuit_operator']) retrieved from /home/airflow/.local/lib/python3.7/site-packages/airflow/example_dags/example_short_circuit_operator.py
[2022-01-09 11:11:55,789] {logging_mixin.py:109} INFO - [2022-01-09 11:11:55,788] {dag.py:2396} INFO - Sync 1 DAGs
[2022-01-09 11:11:56,016] {logging_mixin.py:109} INFO - [2022-01-09 11:11:56,016] {dag.py:2928} INFO - Setting next_dagrun for example_short_circuit_operator to 2022-01-08T11:11:56.015604+00:00
[2022-01-09 11:11:56,036] {processor.py:171} INFO - Processing /home/airflow/.local/lib/python3.7/site-packages/airflow/example_dags/example_short_circuit_operator.py took 0.431 seconds
[2022-01-09 11:12:26,847] {processor.py:163} INFO - Started process (PID=1199) to work on /home/airflow/.local/lib/python3.7/site-packages/airflow/example_dags/example_short_circuit_operator.py
[2022-01-09 11:12:26,850] {processor.py:625} INFO - Processing file /home/airflow/.local/lib/python3.7/site-packages/airflow/example_dags/example_short_circuit_operator.py for tasks to queue
[2022-01-09 11:12:26,851] {logging_mixin.py:109} INFO - [2022-01-09 11:12:26,851] {dagbag.py:500} INFO - Filling up the DagBag from /home/airflow/.local/lib/python3.7/site-packages/airflow/example_dags/example_short_circuit_operator.py
[2022-01-09 11:12:26,924] {processor.py:637} INFO - DAG(s) dict_keys(['example_short_circuit_operator']) retrieved from /home/airflow/.local/lib/python3.7/site-packages/airflow/example_dags/example_short_circuit_operator.py
[2022-01-09 11:12:26,942] {logging_mixin.py:109} INFO - [2022-01-09 11:12:26,942] {dag.py:2396} INFO - Sync 1 DAGs
[2022-01-09 11:12:27,101] {logging_mixin.py:109} INFO - [2022-01-09 11:12:27,101] {dag.py:2928} INFO - Setting next_dagrun for example_short_circuit_operator to 2022-01-08T11:12:27.100704+00:00
[2022-01-09 11:12:27,117] {processor.py:171} INFO - Processing /home/airflow/.local/lib/python3.7/site-packages/airflow/example_dags/example_short_circuit_operator.py took 0.275 seconds
[2022-01-09 11:12:57,266] {processor.py:163} INFO - Started process (PID=1264) to work on /home/airflow/.local/lib/python3.7/site-packages/airflow/example_dags/example_short_circuit_operator.py
[2022-01-09 11:12:57,269] {processor.py:625} INFO - Processing file /home/airflow/.local/lib/python3.7/site-packages/airflow/example_dags/example_short_circuit_operator.py for tasks to queue
[2022-01-09 11:12:57,271] {logging_mixin.py:109} INFO - [2022-01-09 11:12:57,270] {dagbag.py:500} INFO - Filling up the DagBag from /home/airflow/.local/lib/python3.7/site-packages/airflow/example_dags/example_short_circuit_operator.py
[2022-01-09 11:12:57,310] {processor.py:637} INFO - DAG(s) dict_keys(['example_short_circuit_operator']) retrieved from /home/airflow/.local/lib/python3.7/site-packages/airflow/example_dags/example_short_circuit_operator.py
[2022-01-09 11:12:57,325] {logging_mixin.py:109} INFO - [2022-01-09 11:12:57,325] {dag.py:2396} INFO - Sync 1 DAGs
[2022-01-09 11:12:57,470] {logging_mixin.py:109} INFO - [2022-01-09 11:12:57,469] {dag.py:2928} INFO - Setting next_dagrun for example_short_circuit_operator to 2022-01-08T11:12:57.469521+00:00
[2022-01-09 11:12:57,483] {processor.py:171} INFO - Processing /home/airflow/.local/lib/python3.7/site-packages/airflow/example_dags/example_short_circuit_operator.py took 0.223 seconds
[2022-01-09 11:13:27,604] {processor.py:163} INFO - Started process (PID=1325) to work on /home/airflow/.local/lib/python3.7/site-packages/airflow/example_dags/example_short_circuit_operator.py
[2022-01-09 11:13:27,611] {processor.py:625} INFO - Processing file /home/airflow/.local/lib/python3.7/site-packages/airflow/example_dags/example_short_circuit_operator.py for tasks to queue
[2022-01-09 11:13:27,614] {logging_mixin.py:109} INFO - [2022-01-09 11:13:27,614] {dagbag.py:500} INFO - Filling up the DagBag from /home/airflow/.local/lib/python3.7/site-packages/airflow/example_dags/example_short_circuit_operator.py
[2022-01-09 11:13:27,851] {processor.py:637} INFO - DAG(s) dict_keys(['example_short_circuit_operator']) retrieved from /home/airflow/.local/lib/python3.7/site-packages/airflow/example_dags/example_short_circuit_operator.py
[2022-01-09 11:13:27,869] {logging_mixin.py:109} INFO - [2022-01-09 11:13:27,869] {dag.py:2396} INFO - Sync 1 DAGs
[2022-01-09 11:13:27,897] {logging_mixin.py:109} INFO - [2022-01-09 11:13:27,897] {dag.py:2928} INFO - Setting next_dagrun for example_short_circuit_operator to 2022-01-08T11:13:27.896767+00:00
[2022-01-09 11:13:27,915] {processor.py:171} INFO - Processing /home/airflow/.local/lib/python3.7/site-packages/airflow/example_dags/example_short_circuit_operator.py took 0.323 seconds
[2022-01-09 11:13:58,215] {processor.py:163} INFO - Started process (PID=1385) to work on /home/airflow/.local/lib/python3.7/site-packages/airflow/example_dags/example_short_circuit_operator.py
[2022-01-09 11:13:58,220] {processor.py:625} INFO - Processing file /home/airflow/.local/lib/python3.7/site-packages/airflow/example_dags/example_short_circuit_operator.py for tasks to queue
[2022-01-09 11:13:58,223] {logging_mixin.py:109} INFO - [2022-01-09 11:13:58,223] {dagbag.py:500} INFO - Filling up the DagBag from /home/airflow/.local/lib/python3.7/site-packages/airflow/example_dags/example_short_circuit_operator.py
[2022-01-09 11:13:58,480] {processor.py:637} INFO - DAG(s) dict_keys(['example_short_circuit_operator']) retrieved from /home/airflow/.local/lib/python3.7/site-packages/airflow/example_dags/example_short_circuit_operator.py
[2022-01-09 11:13:58,496] {logging_mixin.py:109} INFO - [2022-01-09 11:13:58,496] {dag.py:2396} INFO - Sync 1 DAGs
[2022-01-09 11:13:58,521] {logging_mixin.py:109} INFO - [2022-01-09 11:13:58,521] {dag.py:2928} INFO - Setting next_dagrun for example_short_circuit_operator to 2022-01-08T11:13:58.521364+00:00
[2022-01-09 11:13:58,538] {processor.py:171} INFO - Processing /home/airflow/.local/lib/python3.7/site-packages/airflow/example_dags/example_short_circuit_operator.py took 0.333 seconds
[2022-01-09 11:14:29,081] {processor.py:163} INFO - Started process (PID=1445) to work on /home/airflow/.local/lib/python3.7/site-packages/airflow/example_dags/example_short_circuit_operator.py
[2022-01-09 11:14:29,086] {processor.py:625} INFO - Processing file /home/airflow/.local/lib/python3.7/site-packages/airflow/example_dags/example_short_circuit_operator.py for tasks to queue
[2022-01-09 11:14:29,090] {logging_mixin.py:109} INFO - [2022-01-09 11:14:29,089] {dagbag.py:500} INFO - Filling up the DagBag from /home/airflow/.local/lib/python3.7/site-packages/airflow/example_dags/example_short_circuit_operator.py
[2022-01-09 11:14:29,314] {processor.py:637} INFO - DAG(s) dict_keys(['example_short_circuit_operator']) retrieved from /home/airflow/.local/lib/python3.7/site-packages/airflow/example_dags/example_short_circuit_operator.py
[2022-01-09 11:14:29,328] {logging_mixin.py:109} INFO - [2022-01-09 11:14:29,327] {dag.py:2396} INFO - Sync 1 DAGs
[2022-01-09 11:14:29,347] {logging_mixin.py:109} INFO - [2022-01-09 11:14:29,347] {dag.py:2928} INFO - Setting next_dagrun for example_short_circuit_operator to 2022-01-08T11:14:29.347224+00:00
[2022-01-09 11:14:29,359] {processor.py:171} INFO - Processing /home/airflow/.local/lib/python3.7/site-packages/airflow/example_dags/example_short_circuit_operator.py took 0.288 seconds
[2022-01-09 11:14:59,463] {processor.py:163} INFO - Started process (PID=1507) to work on /home/airflow/.local/lib/python3.7/site-packages/airflow/example_dags/example_short_circuit_operator.py
[2022-01-09 11:14:59,467] {processor.py:625} INFO - Processing file /home/airflow/.local/lib/python3.7/site-packages/airflow/example_dags/example_short_circuit_operator.py for tasks to queue
[2022-01-09 11:14:59,470] {logging_mixin.py:109} INFO - [2022-01-09 11:14:59,470] {dagbag.py:500} INFO - Filling up the DagBag from /home/airflow/.local/lib/python3.7/site-packages/airflow/example_dags/example_short_circuit_operator.py
[2022-01-09 11:14:59,697] {processor.py:637} INFO - DAG(s) dict_keys(['example_short_circuit_operator']) retrieved from /home/airflow/.local/lib/python3.7/site-packages/airflow/example_dags/example_short_circuit_operator.py
[2022-01-09 11:14:59,713] {logging_mixin.py:109} INFO - [2022-01-09 11:14:59,713] {dag.py:2396} INFO - Sync 1 DAGs
[2022-01-09 11:14:59,739] {logging_mixin.py:109} INFO - [2022-01-09 11:14:59,738] {dag.py:2928} INFO - Setting next_dagrun for example_short_circuit_operator to 2022-01-08T11:14:59.738629+00:00
[2022-01-09 11:14:59,758] {processor.py:171} INFO - Processing /home/airflow/.local/lib/python3.7/site-packages/airflow/example_dags/example_short_circuit_operator.py took 0.306 seconds
[2022-01-09 11:15:30,134] {processor.py:163} INFO - Started process (PID=1578) to work on /home/airflow/.local/lib/python3.7/site-packages/airflow/example_dags/example_short_circuit_operator.py
[2022-01-09 11:15:30,136] {processor.py:625} INFO - Processing file /home/airflow/.local/lib/python3.7/site-packages/airflow/example_dags/example_short_circuit_operator.py for tasks to queue
[2022-01-09 11:15:30,137] {logging_mixin.py:109} INFO - [2022-01-09 11:15:30,137] {dagbag.py:500} INFO - Filling up the DagBag from /home/airflow/.local/lib/python3.7/site-packages/airflow/example_dags/example_short_circuit_operator.py
[2022-01-09 11:15:30,281] {processor.py:637} INFO - DAG(s) dict_keys(['example_short_circuit_operator']) retrieved from /home/airflow/.local/lib/python3.7/site-packages/airflow/example_dags/example_short_circuit_operator.py
[2022-01-09 11:15:30,293] {logging_mixin.py:109} INFO - [2022-01-09 11:15:30,293] {dag.py:2396} INFO - Sync 1 DAGs
[2022-01-09 11:15:30,314] {logging_mixin.py:109} INFO - [2022-01-09 11:15:30,314] {dag.py:2928} INFO - Setting next_dagrun for example_short_circuit_operator to 2022-01-08T11:15:30.313850+00:00
[2022-01-09 11:15:30,328] {processor.py:171} INFO - Processing /home/airflow/.local/lib/python3.7/site-packages/airflow/example_dags/example_short_circuit_operator.py took 0.198 seconds
[2022-01-09 11:16:00,691] {processor.py:163} INFO - Started process (PID=1638) to work on /home/airflow/.local/lib/python3.7/site-packages/airflow/example_dags/example_short_circuit_operator.py
[2022-01-09 11:16:00,694] {processor.py:625} INFO - Processing file /home/airflow/.local/lib/python3.7/site-packages/airflow/example_dags/example_short_circuit_operator.py for tasks to queue
[2022-01-09 11:16:00,696] {logging_mixin.py:109} INFO - [2022-01-09 11:16:00,695] {dagbag.py:500} INFO - Filling up the DagBag from /home/airflow/.local/lib/python3.7/site-packages/airflow/example_dags/example_short_circuit_operator.py
[2022-01-09 11:16:00,765] {processor.py:637} INFO - DAG(s) dict_keys(['example_short_circuit_operator']) retrieved from /home/airflow/.local/lib/python3.7/site-packages/airflow/example_dags/example_short_circuit_operator.py
[2022-01-09 11:16:00,788] {logging_mixin.py:109} INFO - [2022-01-09 11:16:00,788] {dag.py:2396} INFO - Sync 1 DAGs
[2022-01-09 11:16:00,816] {logging_mixin.py:109} INFO - [2022-01-09 11:16:00,815] {dag.py:2928} INFO - Setting next_dagrun for example_short_circuit_operator to 2022-01-08T11:16:00.815635+00:00
[2022-01-09 11:16:00,831] {processor.py:171} INFO - Processing /home/airflow/.local/lib/python3.7/site-packages/airflow/example_dags/example_short_circuit_operator.py took 0.148 seconds
[2022-01-09 11:16:31,166] {processor.py:163} INFO - Started process (PID=1699) to work on /home/airflow/.local/lib/python3.7/site-packages/airflow/example_dags/example_short_circuit_operator.py
[2022-01-09 11:16:31,171] {processor.py:625} INFO - Processing file /home/airflow/.local/lib/python3.7/site-packages/airflow/example_dags/example_short_circuit_operator.py for tasks to queue
[2022-01-09 11:16:31,175] {logging_mixin.py:109} INFO - [2022-01-09 11:16:31,174] {dagbag.py:500} INFO - Filling up the DagBag from /home/airflow/.local/lib/python3.7/site-packages/airflow/example_dags/example_short_circuit_operator.py
[2022-01-09 11:16:31,284] {processor.py:637} INFO - DAG(s) dict_keys(['example_short_circuit_operator']) retrieved from /home/airflow/.local/lib/python3.7/site-packages/airflow/example_dags/example_short_circuit_operator.py
[2022-01-09 11:16:31,336] {logging_mixin.py:109} INFO - [2022-01-09 11:16:31,335] {dag.py:2396} INFO - Sync 1 DAGs
[2022-01-09 11:16:31,419] {logging_mixin.py:109} INFO - [2022-01-09 11:16:31,419] {dag.py:2928} INFO - Setting next_dagrun for example_short_circuit_operator to 2022-01-08T11:16:31.417664+00:00
[2022-01-09 11:16:31,458] {processor.py:171} INFO - Processing /home/airflow/.local/lib/python3.7/site-packages/airflow/example_dags/example_short_circuit_operator.py took 0.303 seconds
[2022-01-09 11:17:01,978] {processor.py:163} INFO - Started process (PID=1761) to work on /home/airflow/.local/lib/python3.7/site-packages/airflow/example_dags/example_short_circuit_operator.py
[2022-01-09 11:17:01,982] {processor.py:625} INFO - Processing file /home/airflow/.local/lib/python3.7/site-packages/airflow/example_dags/example_short_circuit_operator.py for tasks to queue
[2022-01-09 11:17:01,984] {logging_mixin.py:109} INFO - [2022-01-09 11:17:01,984] {dagbag.py:500} INFO - Filling up the DagBag from /home/airflow/.local/lib/python3.7/site-packages/airflow/example_dags/example_short_circuit_operator.py
[2022-01-09 11:17:02,093] {processor.py:637} INFO - DAG(s) dict_keys(['example_short_circuit_operator']) retrieved from /home/airflow/.local/lib/python3.7/site-packages/airflow/example_dags/example_short_circuit_operator.py
[2022-01-09 11:17:02,140] {logging_mixin.py:109} INFO - [2022-01-09 11:17:02,140] {dag.py:2396} INFO - Sync 1 DAGs
[2022-01-09 11:17:02,181] {logging_mixin.py:109} INFO - [2022-01-09 11:17:02,181] {dag.py:2928} INFO - Setting next_dagrun for example_short_circuit_operator to 2022-01-08T11:17:02.180684+00:00
[2022-01-09 11:17:02,203] {processor.py:171} INFO - Processing /home/airflow/.local/lib/python3.7/site-packages/airflow/example_dags/example_short_circuit_operator.py took 0.235 seconds
[2022-01-09 11:17:33,102] {processor.py:163} INFO - Started process (PID=1822) to work on /home/airflow/.local/lib/python3.7/site-packages/airflow/example_dags/example_short_circuit_operator.py
[2022-01-09 11:17:33,104] {processor.py:625} INFO - Processing file /home/airflow/.local/lib/python3.7/site-packages/airflow/example_dags/example_short_circuit_operator.py for tasks to queue
[2022-01-09 11:17:33,105] {logging_mixin.py:109} INFO - [2022-01-09 11:17:33,105] {dagbag.py:500} INFO - Filling up the DagBag from /home/airflow/.local/lib/python3.7/site-packages/airflow/example_dags/example_short_circuit_operator.py
[2022-01-09 11:17:33,146] {processor.py:637} INFO - DAG(s) dict_keys(['example_short_circuit_operator']) retrieved from /home/airflow/.local/lib/python3.7/site-packages/airflow/example_dags/example_short_circuit_operator.py
[2022-01-09 11:17:33,164] {logging_mixin.py:109} INFO - [2022-01-09 11:17:33,164] {dag.py:2396} INFO - Sync 1 DAGs
[2022-01-09 11:17:33,191] {logging_mixin.py:109} INFO - [2022-01-09 11:17:33,191] {dag.py:2928} INFO - Setting next_dagrun for example_short_circuit_operator to 2022-01-08T11:17:33.190771+00:00
[2022-01-09 11:17:33,209] {processor.py:171} INFO - Processing /home/airflow/.local/lib/python3.7/site-packages/airflow/example_dags/example_short_circuit_operator.py took 0.111 seconds
[2022-01-09 11:18:03,560] {processor.py:163} INFO - Started process (PID=1882) to work on /home/airflow/.local/lib/python3.7/site-packages/airflow/example_dags/example_short_circuit_operator.py
[2022-01-09 11:18:03,562] {processor.py:625} INFO - Processing file /home/airflow/.local/lib/python3.7/site-packages/airflow/example_dags/example_short_circuit_operator.py for tasks to queue
[2022-01-09 11:18:03,563] {logging_mixin.py:109} INFO - [2022-01-09 11:18:03,562] {dagbag.py:500} INFO - Filling up the DagBag from /home/airflow/.local/lib/python3.7/site-packages/airflow/example_dags/example_short_circuit_operator.py
[2022-01-09 11:18:03,597] {processor.py:637} INFO - DAG(s) dict_keys(['example_short_circuit_operator']) retrieved from /home/airflow/.local/lib/python3.7/site-packages/airflow/example_dags/example_short_circuit_operator.py
[2022-01-09 11:18:03,611] {logging_mixin.py:109} INFO - [2022-01-09 11:18:03,610] {dag.py:2396} INFO - Sync 1 DAGs
[2022-01-09 11:18:03,631] {logging_mixin.py:109} INFO - [2022-01-09 11:18:03,631] {dag.py:2928} INFO - Setting next_dagrun for example_short_circuit_operator to 2022-01-08T11:18:03.630755+00:00
[2022-01-09 11:18:03,645] {processor.py:171} INFO - Processing /home/airflow/.local/lib/python3.7/site-packages/airflow/example_dags/example_short_circuit_operator.py took 0.089 seconds
[2022-01-09 11:18:33,878] {processor.py:163} INFO - Started process (PID=1936) to work on /home/airflow/.local/lib/python3.7/site-packages/airflow/example_dags/example_short_circuit_operator.py
[2022-01-09 11:18:33,884] {processor.py:625} INFO - Processing file /home/airflow/.local/lib/python3.7/site-packages/airflow/example_dags/example_short_circuit_operator.py for tasks to queue
[2022-01-09 11:18:33,887] {logging_mixin.py:109} INFO - [2022-01-09 11:18:33,887] {dagbag.py:500} INFO - Filling up the DagBag from /home/airflow/.local/lib/python3.7/site-packages/airflow/example_dags/example_short_circuit_operator.py
[2022-01-09 11:18:34,029] {processor.py:637} INFO - DAG(s) dict_keys(['example_short_circuit_operator']) retrieved from /home/airflow/.local/lib/python3.7/site-packages/airflow/example_dags/example_short_circuit_operator.py
[2022-01-09 11:18:34,072] {logging_mixin.py:109} INFO - [2022-01-09 11:18:34,071] {dag.py:2396} INFO - Sync 1 DAGs
[2022-01-09 11:18:34,104] {logging_mixin.py:109} INFO - [2022-01-09 11:18:34,104] {dag.py:2928} INFO - Setting next_dagrun for example_short_circuit_operator to 2022-01-08T11:18:34.103840+00:00
[2022-01-09 11:18:34,124] {processor.py:171} INFO - Processing /home/airflow/.local/lib/python3.7/site-packages/airflow/example_dags/example_short_circuit_operator.py took 0.257 seconds
[2022-01-09 11:19:04,874] {processor.py:163} INFO - Started process (PID=2008) to work on /home/airflow/.local/lib/python3.7/site-packages/airflow/example_dags/example_short_circuit_operator.py
[2022-01-09 11:19:04,875] {processor.py:625} INFO - Processing file /home/airflow/.local/lib/python3.7/site-packages/airflow/example_dags/example_short_circuit_operator.py for tasks to queue
[2022-01-09 11:19:04,876] {logging_mixin.py:109} INFO - [2022-01-09 11:19:04,876] {dagbag.py:500} INFO - Filling up the DagBag from /home/airflow/.local/lib/python3.7/site-packages/airflow/example_dags/example_short_circuit_operator.py
[2022-01-09 11:19:04,914] {processor.py:637} INFO - DAG(s) dict_keys(['example_short_circuit_operator']) retrieved from /home/airflow/.local/lib/python3.7/site-packages/airflow/example_dags/example_short_circuit_operator.py
[2022-01-09 11:19:04,928] {logging_mixin.py:109} INFO - [2022-01-09 11:19:04,927] {dag.py:2396} INFO - Sync 1 DAGs
[2022-01-09 11:19:04,951] {logging_mixin.py:109} INFO - [2022-01-09 11:19:04,951] {dag.py:2928} INFO - Setting next_dagrun for example_short_circuit_operator to 2022-01-08T11:19:04.951174+00:00
[2022-01-09 11:19:04,966] {processor.py:171} INFO - Processing /home/airflow/.local/lib/python3.7/site-packages/airflow/example_dags/example_short_circuit_operator.py took 0.097 seconds
[2022-01-09 11:19:35,070] {processor.py:163} INFO - Started process (PID=2070) to work on /home/airflow/.local/lib/python3.7/site-packages/airflow/example_dags/example_short_circuit_operator.py
[2022-01-09 11:19:35,073] {processor.py:625} INFO - Processing file /home/airflow/.local/lib/python3.7/site-packages/airflow/example_dags/example_short_circuit_operator.py for tasks to queue
[2022-01-09 11:19:35,075] {logging_mixin.py:109} INFO - [2022-01-09 11:19:35,075] {dagbag.py:500} INFO - Filling up the DagBag from /home/airflow/.local/lib/python3.7/site-packages/airflow/example_dags/example_short_circuit_operator.py
[2022-01-09 11:19:35,136] {processor.py:637} INFO - DAG(s) dict_keys(['example_short_circuit_operator']) retrieved from /home/airflow/.local/lib/python3.7/site-packages/airflow/example_dags/example_short_circuit_operator.py
[2022-01-09 11:19:35,161] {logging_mixin.py:109} INFO - [2022-01-09 11:19:35,161] {dag.py:2396} INFO - Sync 1 DAGs
[2022-01-09 11:19:35,198] {logging_mixin.py:109} INFO - [2022-01-09 11:19:35,198] {dag.py:2928} INFO - Setting next_dagrun for example_short_circuit_operator to 2022-01-08T11:19:35.197562+00:00
[2022-01-09 11:19:35,222] {processor.py:171} INFO - Processing /home/airflow/.local/lib/python3.7/site-packages/airflow/example_dags/example_short_circuit_operator.py took 0.159 seconds
[2022-01-09 11:20:05,435] {processor.py:163} INFO - Started process (PID=2131) to work on /home/airflow/.local/lib/python3.7/site-packages/airflow/example_dags/example_short_circuit_operator.py
[2022-01-09 11:20:05,440] {processor.py:625} INFO - Processing file /home/airflow/.local/lib/python3.7/site-packages/airflow/example_dags/example_short_circuit_operator.py for tasks to queue
[2022-01-09 11:20:05,444] {logging_mixin.py:109} INFO - [2022-01-09 11:20:05,444] {dagbag.py:500} INFO - Filling up the DagBag from /home/airflow/.local/lib/python3.7/site-packages/airflow/example_dags/example_short_circuit_operator.py
[2022-01-09 11:20:05,540] {processor.py:637} INFO - DAG(s) dict_keys(['example_short_circuit_operator']) retrieved from /home/airflow/.local/lib/python3.7/site-packages/airflow/example_dags/example_short_circuit_operator.py
[2022-01-09 11:20:05,559] {logging_mixin.py:109} INFO - [2022-01-09 11:20:05,559] {dag.py:2396} INFO - Sync 1 DAGs
[2022-01-09 11:20:05,579] {logging_mixin.py:109} INFO - [2022-01-09 11:20:05,579] {dag.py:2928} INFO - Setting next_dagrun for example_short_circuit_operator to 2022-01-08T11:20:05.579426+00:00
[2022-01-09 11:20:05,592] {processor.py:171} INFO - Processing /home/airflow/.local/lib/python3.7/site-packages/airflow/example_dags/example_short_circuit_operator.py took 0.167 seconds
[2022-01-09 11:20:35,923] {processor.py:163} INFO - Started process (PID=2192) to work on /home/airflow/.local/lib/python3.7/site-packages/airflow/example_dags/example_short_circuit_operator.py
[2022-01-09 11:20:35,928] {processor.py:625} INFO - Processing file /home/airflow/.local/lib/python3.7/site-packages/airflow/example_dags/example_short_circuit_operator.py for tasks to queue
[2022-01-09 11:20:35,931] {logging_mixin.py:109} INFO - [2022-01-09 11:20:35,931] {dagbag.py:500} INFO - Filling up the DagBag from /home/airflow/.local/lib/python3.7/site-packages/airflow/example_dags/example_short_circuit_operator.py
[2022-01-09 11:20:36,030] {processor.py:637} INFO - DAG(s) dict_keys(['example_short_circuit_operator']) retrieved from /home/airflow/.local/lib/python3.7/site-packages/airflow/example_dags/example_short_circuit_operator.py
[2022-01-09 11:20:36,069] {logging_mixin.py:109} INFO - [2022-01-09 11:20:36,069] {dag.py:2396} INFO - Sync 1 DAGs
[2022-01-09 11:20:36,130] {logging_mixin.py:109} INFO - [2022-01-09 11:20:36,130] {dag.py:2928} INFO - Setting next_dagrun for example_short_circuit_operator to 2022-01-08T11:20:36.129487+00:00
[2022-01-09 11:20:36,165] {processor.py:171} INFO - Processing /home/airflow/.local/lib/python3.7/site-packages/airflow/example_dags/example_short_circuit_operator.py took 0.255 seconds
[2022-01-09 11:21:06,650] {processor.py:163} INFO - Started process (PID=2253) to work on /home/airflow/.local/lib/python3.7/site-packages/airflow/example_dags/example_short_circuit_operator.py
[2022-01-09 11:21:06,655] {processor.py:625} INFO - Processing file /home/airflow/.local/lib/python3.7/site-packages/airflow/example_dags/example_short_circuit_operator.py for tasks to queue
[2022-01-09 11:21:06,659] {logging_mixin.py:109} INFO - [2022-01-09 11:21:06,659] {dagbag.py:500} INFO - Filling up the DagBag from /home/airflow/.local/lib/python3.7/site-packages/airflow/example_dags/example_short_circuit_operator.py
[2022-01-09 11:21:06,751] {processor.py:637} INFO - DAG(s) dict_keys(['example_short_circuit_operator']) retrieved from /home/airflow/.local/lib/python3.7/site-packages/airflow/example_dags/example_short_circuit_operator.py
[2022-01-09 11:21:06,768] {logging_mixin.py:109} INFO - [2022-01-09 11:21:06,768] {dag.py:2396} INFO - Sync 1 DAGs
[2022-01-09 11:21:06,793] {logging_mixin.py:109} INFO - [2022-01-09 11:21:06,793] {dag.py:2928} INFO - Setting next_dagrun for example_short_circuit_operator to 2022-01-08T11:21:06.792959+00:00
[2022-01-09 11:21:06,810] {processor.py:171} INFO - Processing /home/airflow/.local/lib/python3.7/site-packages/airflow/example_dags/example_short_circuit_operator.py took 0.173 seconds
[2022-01-09 11:21:37,278] {processor.py:163} INFO - Started process (PID=2315) to work on /home/airflow/.local/lib/python3.7/site-packages/airflow/example_dags/example_short_circuit_operator.py
[2022-01-09 11:21:37,284] {processor.py:625} INFO - Processing file /home/airflow/.local/lib/python3.7/site-packages/airflow/example_dags/example_short_circuit_operator.py for tasks to queue
[2022-01-09 11:21:37,287] {logging_mixin.py:109} INFO - [2022-01-09 11:21:37,287] {dagbag.py:500} INFO - Filling up the DagBag from /home/airflow/.local/lib/python3.7/site-packages/airflow/example_dags/example_short_circuit_operator.py
[2022-01-09 11:21:37,398] {processor.py:637} INFO - DAG(s) dict_keys(['example_short_circuit_operator']) retrieved from /home/airflow/.local/lib/python3.7/site-packages/airflow/example_dags/example_short_circuit_operator.py
[2022-01-09 11:21:37,439] {logging_mixin.py:109} INFO - [2022-01-09 11:21:37,439] {dag.py:2396} INFO - Sync 1 DAGs
[2022-01-09 11:21:37,500] {logging_mixin.py:109} INFO - [2022-01-09 11:21:37,500] {dag.py:2928} INFO - Setting next_dagrun for example_short_circuit_operator to 2022-01-08T11:21:37.499241+00:00
[2022-01-09 11:21:37,536] {processor.py:171} INFO - Processing /home/airflow/.local/lib/python3.7/site-packages/airflow/example_dags/example_short_circuit_operator.py took 0.270 seconds
[2022-01-09 11:22:08,205] {processor.py:163} INFO - Started process (PID=2376) to work on /home/airflow/.local/lib/python3.7/site-packages/airflow/example_dags/example_short_circuit_operator.py
[2022-01-09 11:22:08,210] {processor.py:625} INFO - Processing file /home/airflow/.local/lib/python3.7/site-packages/airflow/example_dags/example_short_circuit_operator.py for tasks to queue
[2022-01-09 11:22:08,212] {logging_mixin.py:109} INFO - [2022-01-09 11:22:08,212] {dagbag.py:500} INFO - Filling up the DagBag from /home/airflow/.local/lib/python3.7/site-packages/airflow/example_dags/example_short_circuit_operator.py
[2022-01-09 11:22:08,288] {processor.py:637} INFO - DAG(s) dict_keys(['example_short_circuit_operator']) retrieved from /home/airflow/.local/lib/python3.7/site-packages/airflow/example_dags/example_short_circuit_operator.py
[2022-01-09 11:22:08,323] {logging_mixin.py:109} INFO - [2022-01-09 11:22:08,323] {dag.py:2396} INFO - Sync 1 DAGs
[2022-01-09 11:22:08,369] {logging_mixin.py:109} INFO - [2022-01-09 11:22:08,369] {dag.py:2928} INFO - Setting next_dagrun for example_short_circuit_operator to 2022-01-08T11:22:08.368643+00:00
[2022-01-09 11:22:08,398] {processor.py:171} INFO - Processing /home/airflow/.local/lib/python3.7/site-packages/airflow/example_dags/example_short_circuit_operator.py took 0.202 seconds
[2022-01-09 11:22:39,194] {processor.py:163} INFO - Started process (PID=2439) to work on /home/airflow/.local/lib/python3.7/site-packages/airflow/example_dags/example_short_circuit_operator.py
[2022-01-09 11:22:39,196] {processor.py:625} INFO - Processing file /home/airflow/.local/lib/python3.7/site-packages/airflow/example_dags/example_short_circuit_operator.py for tasks to queue
[2022-01-09 11:22:39,198] {logging_mixin.py:109} INFO - [2022-01-09 11:22:39,197] {dagbag.py:500} INFO - Filling up the DagBag from /home/airflow/.local/lib/python3.7/site-packages/airflow/example_dags/example_short_circuit_operator.py
[2022-01-09 11:22:39,243] {processor.py:637} INFO - DAG(s) dict_keys(['example_short_circuit_operator']) retrieved from /home/airflow/.local/lib/python3.7/site-packages/airflow/example_dags/example_short_circuit_operator.py
[2022-01-09 11:22:39,261] {logging_mixin.py:109} INFO - [2022-01-09 11:22:39,261] {dag.py:2396} INFO - Sync 1 DAGs
[2022-01-09 11:22:39,285] {logging_mixin.py:109} INFO - [2022-01-09 11:22:39,285] {dag.py:2928} INFO - Setting next_dagrun for example_short_circuit_operator to 2022-01-08T11:22:39.285224+00:00
[2022-01-09 11:22:39,302] {processor.py:171} INFO - Processing /home/airflow/.local/lib/python3.7/site-packages/airflow/example_dags/example_short_circuit_operator.py took 0.111 seconds
[2022-01-09 11:23:09,600] {processor.py:163} INFO - Started process (PID=2499) to work on /home/airflow/.local/lib/python3.7/site-packages/airflow/example_dags/example_short_circuit_operator.py
[2022-01-09 11:23:09,603] {processor.py:625} INFO - Processing file /home/airflow/.local/lib/python3.7/site-packages/airflow/example_dags/example_short_circuit_operator.py for tasks to queue
[2022-01-09 11:23:09,604] {logging_mixin.py:109} INFO - [2022-01-09 11:23:09,604] {dagbag.py:500} INFO - Filling up the DagBag from /home/airflow/.local/lib/python3.7/site-packages/airflow/example_dags/example_short_circuit_operator.py
[2022-01-09 11:23:09,646] {processor.py:637} INFO - DAG(s) dict_keys(['example_short_circuit_operator']) retrieved from /home/airflow/.local/lib/python3.7/site-packages/airflow/example_dags/example_short_circuit_operator.py
[2022-01-09 11:23:09,667] {logging_mixin.py:109} INFO - [2022-01-09 11:23:09,667] {dag.py:2396} INFO - Sync 1 DAGs
[2022-01-09 11:23:09,697] {logging_mixin.py:109} INFO - [2022-01-09 11:23:09,697] {dag.py:2928} INFO - Setting next_dagrun for example_short_circuit_operator to 2022-01-08T11:23:09.696537+00:00
[2022-01-09 11:23:09,714] {processor.py:171} INFO - Processing /home/airflow/.local/lib/python3.7/site-packages/airflow/example_dags/example_short_circuit_operator.py took 0.119 seconds
[2022-01-09 11:23:39,880] {processor.py:163} INFO - Started process (PID=2560) to work on /home/airflow/.local/lib/python3.7/site-packages/airflow/example_dags/example_short_circuit_operator.py
[2022-01-09 11:23:39,886] {processor.py:625} INFO - Processing file /home/airflow/.local/lib/python3.7/site-packages/airflow/example_dags/example_short_circuit_operator.py for tasks to queue
[2022-01-09 11:23:39,890] {logging_mixin.py:109} INFO - [2022-01-09 11:23:39,890] {dagbag.py:500} INFO - Filling up the DagBag from /home/airflow/.local/lib/python3.7/site-packages/airflow/example_dags/example_short_circuit_operator.py
[2022-01-09 11:23:40,027] {processor.py:637} INFO - DAG(s) dict_keys(['example_short_circuit_operator']) retrieved from /home/airflow/.local/lib/python3.7/site-packages/airflow/example_dags/example_short_circuit_operator.py
[2022-01-09 11:23:40,078] {logging_mixin.py:109} INFO - [2022-01-09 11:23:40,078] {dag.py:2396} INFO - Sync 1 DAGs
[2022-01-09 11:23:40,176] {logging_mixin.py:109} INFO - [2022-01-09 11:23:40,176] {dag.py:2928} INFO - Setting next_dagrun for example_short_circuit_operator to 2022-01-08T11:23:40.174882+00:00
[2022-01-09 11:23:40,221] {processor.py:171} INFO - Processing /home/airflow/.local/lib/python3.7/site-packages/airflow/example_dags/example_short_circuit_operator.py took 0.357 seconds
[2022-01-09 11:24:10,759] {processor.py:163} INFO - Started process (PID=2621) to work on /home/airflow/.local/lib/python3.7/site-packages/airflow/example_dags/example_short_circuit_operator.py
[2022-01-09 11:24:10,762] {processor.py:625} INFO - Processing file /home/airflow/.local/lib/python3.7/site-packages/airflow/example_dags/example_short_circuit_operator.py for tasks to queue
[2022-01-09 11:24:10,763] {logging_mixin.py:109} INFO - [2022-01-09 11:24:10,763] {dagbag.py:500} INFO - Filling up the DagBag from /home/airflow/.local/lib/python3.7/site-packages/airflow/example_dags/example_short_circuit_operator.py
[2022-01-09 11:24:10,831] {processor.py:637} INFO - DAG(s) dict_keys(['example_short_circuit_operator']) retrieved from /home/airflow/.local/lib/python3.7/site-packages/airflow/example_dags/example_short_circuit_operator.py
[2022-01-09 11:24:10,859] {logging_mixin.py:109} INFO - [2022-01-09 11:24:10,859] {dag.py:2396} INFO - Sync 1 DAGs
[2022-01-09 11:24:10,890] {logging_mixin.py:109} INFO - [2022-01-09 11:24:10,890] {dag.py:2928} INFO - Setting next_dagrun for example_short_circuit_operator to 2022-01-08T11:24:10.889375+00:00
[2022-01-09 11:24:10,915] {processor.py:171} INFO - Processing /home/airflow/.local/lib/python3.7/site-packages/airflow/example_dags/example_short_circuit_operator.py took 0.162 seconds
[2022-01-09 11:24:41,567] {processor.py:163} INFO - Started process (PID=2682) to work on /home/airflow/.local/lib/python3.7/site-packages/airflow/example_dags/example_short_circuit_operator.py
[2022-01-09 11:24:41,569] {processor.py:625} INFO - Processing file /home/airflow/.local/lib/python3.7/site-packages/airflow/example_dags/example_short_circuit_operator.py for tasks to queue
[2022-01-09 11:24:41,571] {logging_mixin.py:109} INFO - [2022-01-09 11:24:41,571] {dagbag.py:500} INFO - Filling up the DagBag from /home/airflow/.local/lib/python3.7/site-packages/airflow/example_dags/example_short_circuit_operator.py
[2022-01-09 11:24:41,615] {processor.py:637} INFO - DAG(s) dict_keys(['example_short_circuit_operator']) retrieved from /home/airflow/.local/lib/python3.7/site-packages/airflow/example_dags/example_short_circuit_operator.py
[2022-01-09 11:24:41,632] {logging_mixin.py:109} INFO - [2022-01-09 11:24:41,632] {dag.py:2396} INFO - Sync 1 DAGs
[2022-01-09 11:24:41,657] {logging_mixin.py:109} INFO - [2022-01-09 11:24:41,657] {dag.py:2928} INFO - Setting next_dagrun for example_short_circuit_operator to 2022-01-08T11:24:41.657001+00:00
[2022-01-09 11:24:41,671] {processor.py:171} INFO - Processing /home/airflow/.local/lib/python3.7/site-packages/airflow/example_dags/example_short_circuit_operator.py took 0.109 seconds
[2022-01-09 11:25:11,923] {processor.py:163} INFO - Started process (PID=2744) to work on /home/airflow/.local/lib/python3.7/site-packages/airflow/example_dags/example_short_circuit_operator.py
[2022-01-09 11:25:11,926] {processor.py:625} INFO - Processing file /home/airflow/.local/lib/python3.7/site-packages/airflow/example_dags/example_short_circuit_operator.py for tasks to queue
[2022-01-09 11:25:11,927] {logging_mixin.py:109} INFO - [2022-01-09 11:25:11,927] {dagbag.py:500} INFO - Filling up the DagBag from /home/airflow/.local/lib/python3.7/site-packages/airflow/example_dags/example_short_circuit_operator.py
[2022-01-09 11:25:11,984] {processor.py:637} INFO - DAG(s) dict_keys(['example_short_circuit_operator']) retrieved from /home/airflow/.local/lib/python3.7/site-packages/airflow/example_dags/example_short_circuit_operator.py
[2022-01-09 11:25:12,007] {logging_mixin.py:109} INFO - [2022-01-09 11:25:12,006] {dag.py:2396} INFO - Sync 1 DAGs
[2022-01-09 11:25:12,051] {logging_mixin.py:109} INFO - [2022-01-09 11:25:12,050] {dag.py:2928} INFO - Setting next_dagrun for example_short_circuit_operator to 2022-01-08T11:25:12.049915+00:00
[2022-01-09 11:25:12,075] {processor.py:171} INFO - Processing /home/airflow/.local/lib/python3.7/site-packages/airflow/example_dags/example_short_circuit_operator.py took 0.158 seconds
[2022-01-09 11:25:42,414] {processor.py:163} INFO - Started process (PID=2806) to work on /home/airflow/.local/lib/python3.7/site-packages/airflow/example_dags/example_short_circuit_operator.py
[2022-01-09 11:25:42,424] {processor.py:625} INFO - Processing file /home/airflow/.local/lib/python3.7/site-packages/airflow/example_dags/example_short_circuit_operator.py for tasks to queue
[2022-01-09 11:25:42,427] {logging_mixin.py:109} INFO - [2022-01-09 11:25:42,427] {dagbag.py:500} INFO - Filling up the DagBag from /home/airflow/.local/lib/python3.7/site-packages/airflow/example_dags/example_short_circuit_operator.py
[2022-01-09 11:25:42,498] {processor.py:637} INFO - DAG(s) dict_keys(['example_short_circuit_operator']) retrieved from /home/airflow/.local/lib/python3.7/site-packages/airflow/example_dags/example_short_circuit_operator.py
[2022-01-09 11:25:42,547] {logging_mixin.py:109} INFO - [2022-01-09 11:25:42,547] {dag.py:2396} INFO - Sync 1 DAGs
[2022-01-09 11:25:42,674] {logging_mixin.py:109} INFO - [2022-01-09 11:25:42,674] {dag.py:2928} INFO - Setting next_dagrun for example_short_circuit_operator to 2022-01-08T11:25:42.674070+00:00
[2022-01-09 11:25:42,741] {processor.py:171} INFO - Processing /home/airflow/.local/lib/python3.7/site-packages/airflow/example_dags/example_short_circuit_operator.py took 0.334 seconds
[2022-01-09 11:26:13,785] {processor.py:163} INFO - Started process (PID=2867) to work on /home/airflow/.local/lib/python3.7/site-packages/airflow/example_dags/example_short_circuit_operator.py
[2022-01-09 11:26:13,789] {processor.py:625} INFO - Processing file /home/airflow/.local/lib/python3.7/site-packages/airflow/example_dags/example_short_circuit_operator.py for tasks to queue
[2022-01-09 11:26:13,796] {logging_mixin.py:109} INFO - [2022-01-09 11:26:13,793] {dagbag.py:500} INFO - Filling up the DagBag from /home/airflow/.local/lib/python3.7/site-packages/airflow/example_dags/example_short_circuit_operator.py
[2022-01-09 11:26:13,909] {processor.py:637} INFO - DAG(s) dict_keys(['example_short_circuit_operator']) retrieved from /home/airflow/.local/lib/python3.7/site-packages/airflow/example_dags/example_short_circuit_operator.py
[2022-01-09 11:26:13,959] {logging_mixin.py:109} INFO - [2022-01-09 11:26:13,959] {dag.py:2396} INFO - Sync 1 DAGs
[2022-01-09 11:26:14,038] {logging_mixin.py:109} INFO - [2022-01-09 11:26:14,037] {dag.py:2928} INFO - Setting next_dagrun for example_short_circuit_operator to 2022-01-08T11:26:14.036401+00:00
[2022-01-09 11:26:14,085] {processor.py:171} INFO - Processing /home/airflow/.local/lib/python3.7/site-packages/airflow/example_dags/example_short_circuit_operator.py took 0.317 seconds
[2022-01-09 11:26:44,898] {processor.py:163} INFO - Started process (PID=2927) to work on /home/airflow/.local/lib/python3.7/site-packages/airflow/example_dags/example_short_circuit_operator.py
[2022-01-09 11:26:44,930] {processor.py:625} INFO - Processing file /home/airflow/.local/lib/python3.7/site-packages/airflow/example_dags/example_short_circuit_operator.py for tasks to queue
[2022-01-09 11:26:44,997] {logging_mixin.py:109} INFO - [2022-01-09 11:26:44,997] {dagbag.py:500} INFO - Filling up the DagBag from /home/airflow/.local/lib/python3.7/site-packages/airflow/example_dags/example_short_circuit_operator.py
[2022-01-09 11:26:45,113] {processor.py:637} INFO - DAG(s) dict_keys(['example_short_circuit_operator']) retrieved from /home/airflow/.local/lib/python3.7/site-packages/airflow/example_dags/example_short_circuit_operator.py
[2022-01-09 11:26:45,160] {logging_mixin.py:109} INFO - [2022-01-09 11:26:45,160] {dag.py:2396} INFO - Sync 1 DAGs
[2022-01-09 11:26:45,233] {logging_mixin.py:109} INFO - [2022-01-09 11:26:45,233] {dag.py:2928} INFO - Setting next_dagrun for example_short_circuit_operator to 2022-01-08T11:26:45.232850+00:00
[2022-01-09 11:26:45,281] {processor.py:171} INFO - Processing /home/airflow/.local/lib/python3.7/site-packages/airflow/example_dags/example_short_circuit_operator.py took 0.400 seconds
[2022-01-09 11:27:15,489] {processor.py:163} INFO - Started process (PID=2979) to work on /home/airflow/.local/lib/python3.7/site-packages/airflow/example_dags/example_short_circuit_operator.py
[2022-01-09 11:27:15,491] {processor.py:625} INFO - Processing file /home/airflow/.local/lib/python3.7/site-packages/airflow/example_dags/example_short_circuit_operator.py for tasks to queue
[2022-01-09 11:27:15,492] {logging_mixin.py:109} INFO - [2022-01-09 11:27:15,492] {dagbag.py:500} INFO - Filling up the DagBag from /home/airflow/.local/lib/python3.7/site-packages/airflow/example_dags/example_short_circuit_operator.py
[2022-01-09 11:27:15,529] {processor.py:637} INFO - DAG(s) dict_keys(['example_short_circuit_operator']) retrieved from /home/airflow/.local/lib/python3.7/site-packages/airflow/example_dags/example_short_circuit_operator.py
[2022-01-09 11:27:15,544] {logging_mixin.py:109} INFO - [2022-01-09 11:27:15,544] {dag.py:2396} INFO - Sync 1 DAGs
[2022-01-09 11:27:15,568] {logging_mixin.py:109} INFO - [2022-01-09 11:27:15,568] {dag.py:2928} INFO - Setting next_dagrun for example_short_circuit_operator to 2022-01-08T11:27:15.568311+00:00
[2022-01-09 11:27:15,589] {processor.py:171} INFO - Processing /home/airflow/.local/lib/python3.7/site-packages/airflow/example_dags/example_short_circuit_operator.py took 0.104 seconds
[2022-01-09 11:27:46,277] {processor.py:163} INFO - Started process (PID=3050) to work on /home/airflow/.local/lib/python3.7/site-packages/airflow/example_dags/example_short_circuit_operator.py
[2022-01-09 11:27:46,285] {processor.py:625} INFO - Processing file /home/airflow/.local/lib/python3.7/site-packages/airflow/example_dags/example_short_circuit_operator.py for tasks to queue
[2022-01-09 11:27:46,288] {logging_mixin.py:109} INFO - [2022-01-09 11:27:46,288] {dagbag.py:500} INFO - Filling up the DagBag from /home/airflow/.local/lib/python3.7/site-packages/airflow/example_dags/example_short_circuit_operator.py
[2022-01-09 11:27:46,385] {processor.py:637} INFO - DAG(s) dict_keys(['example_short_circuit_operator']) retrieved from /home/airflow/.local/lib/python3.7/site-packages/airflow/example_dags/example_short_circuit_operator.py
[2022-01-09 11:27:46,423] {logging_mixin.py:109} INFO - [2022-01-09 11:27:46,423] {dag.py:2396} INFO - Sync 1 DAGs
[2022-01-09 11:27:46,472] {logging_mixin.py:109} INFO - [2022-01-09 11:27:46,472] {dag.py:2928} INFO - Setting next_dagrun for example_short_circuit_operator to 2022-01-08T11:27:46.471663+00:00
[2022-01-09 11:27:46,500] {processor.py:171} INFO - Processing /home/airflow/.local/lib/python3.7/site-packages/airflow/example_dags/example_short_circuit_operator.py took 0.233 seconds
[2022-01-09 11:28:16,977] {processor.py:163} INFO - Started process (PID=3102) to work on /home/airflow/.local/lib/python3.7/site-packages/airflow/example_dags/example_short_circuit_operator.py
[2022-01-09 11:28:16,980] {processor.py:625} INFO - Processing file /home/airflow/.local/lib/python3.7/site-packages/airflow/example_dags/example_short_circuit_operator.py for tasks to queue
[2022-01-09 11:28:16,982] {logging_mixin.py:109} INFO - [2022-01-09 11:28:16,982] {dagbag.py:500} INFO - Filling up the DagBag from /home/airflow/.local/lib/python3.7/site-packages/airflow/example_dags/example_short_circuit_operator.py
[2022-01-09 11:28:17,034] {processor.py:637} INFO - DAG(s) dict_keys(['example_short_circuit_operator']) retrieved from /home/airflow/.local/lib/python3.7/site-packages/airflow/example_dags/example_short_circuit_operator.py
[2022-01-09 11:28:17,053] {logging_mixin.py:109} INFO - [2022-01-09 11:28:17,053] {dag.py:2396} INFO - Sync 1 DAGs
[2022-01-09 11:28:17,084] {logging_mixin.py:109} INFO - [2022-01-09 11:28:17,084] {dag.py:2928} INFO - Setting next_dagrun for example_short_circuit_operator to 2022-01-08T11:28:17.084330+00:00
[2022-01-09 11:28:17,103] {processor.py:171} INFO - Processing /home/airflow/.local/lib/python3.7/site-packages/airflow/example_dags/example_short_circuit_operator.py took 0.133 seconds
[2022-01-09 11:28:48,217] {processor.py:163} INFO - Started process (PID=3164) to work on /home/airflow/.local/lib/python3.7/site-packages/airflow/example_dags/example_short_circuit_operator.py
[2022-01-09 11:28:48,219] {processor.py:625} INFO - Processing file /home/airflow/.local/lib/python3.7/site-packages/airflow/example_dags/example_short_circuit_operator.py for tasks to queue
[2022-01-09 11:28:48,221] {logging_mixin.py:109} INFO - [2022-01-09 11:28:48,221] {dagbag.py:500} INFO - Filling up the DagBag from /home/airflow/.local/lib/python3.7/site-packages/airflow/example_dags/example_short_circuit_operator.py
[2022-01-09 11:28:48,259] {processor.py:637} INFO - DAG(s) dict_keys(['example_short_circuit_operator']) retrieved from /home/airflow/.local/lib/python3.7/site-packages/airflow/example_dags/example_short_circuit_operator.py
[2022-01-09 11:28:48,273] {logging_mixin.py:109} INFO - [2022-01-09 11:28:48,273] {dag.py:2396} INFO - Sync 1 DAGs
[2022-01-09 11:28:48,297] {logging_mixin.py:109} INFO - [2022-01-09 11:28:48,296] {dag.py:2928} INFO - Setting next_dagrun for example_short_circuit_operator to 2022-01-08T11:28:48.296701+00:00
[2022-01-09 11:28:48,311] {processor.py:171} INFO - Processing /home/airflow/.local/lib/python3.7/site-packages/airflow/example_dags/example_short_circuit_operator.py took 0.098 seconds
[2022-01-09 11:29:19,401] {processor.py:163} INFO - Started process (PID=3226) to work on /home/airflow/.local/lib/python3.7/site-packages/airflow/example_dags/example_short_circuit_operator.py
[2022-01-09 11:29:19,404] {processor.py:625} INFO - Processing file /home/airflow/.local/lib/python3.7/site-packages/airflow/example_dags/example_short_circuit_operator.py for tasks to queue
[2022-01-09 11:29:19,406] {logging_mixin.py:109} INFO - [2022-01-09 11:29:19,406] {dagbag.py:500} INFO - Filling up the DagBag from /home/airflow/.local/lib/python3.7/site-packages/airflow/example_dags/example_short_circuit_operator.py
[2022-01-09 11:29:19,488] {processor.py:637} INFO - DAG(s) dict_keys(['example_short_circuit_operator']) retrieved from /home/airflow/.local/lib/python3.7/site-packages/airflow/example_dags/example_short_circuit_operator.py
[2022-01-09 11:29:19,523] {logging_mixin.py:109} INFO - [2022-01-09 11:29:19,523] {dag.py:2396} INFO - Sync 1 DAGs
[2022-01-09 11:29:19,586] {logging_mixin.py:109} INFO - [2022-01-09 11:29:19,586] {dag.py:2928} INFO - Setting next_dagrun for example_short_circuit_operator to 2022-01-08T11:29:19.585575+00:00
[2022-01-09 11:29:19,610] {processor.py:171} INFO - Processing /home/airflow/.local/lib/python3.7/site-packages/airflow/example_dags/example_short_circuit_operator.py took 0.217 seconds
[2022-01-09 11:29:54,260] {processor.py:163} INFO - Started process (PID=3287) to work on /home/airflow/.local/lib/python3.7/site-packages/airflow/example_dags/example_short_circuit_operator.py
[2022-01-09 11:29:54,337] {processor.py:625} INFO - Processing file /home/airflow/.local/lib/python3.7/site-packages/airflow/example_dags/example_short_circuit_operator.py for tasks to queue
[2022-01-09 11:29:54,350] {logging_mixin.py:109} INFO - [2022-01-09 11:29:54,350] {dagbag.py:500} INFO - Filling up the DagBag from /home/airflow/.local/lib/python3.7/site-packages/airflow/example_dags/example_short_circuit_operator.py
[2022-01-09 11:29:54,475] {processor.py:637} INFO - DAG(s) dict_keys(['example_short_circuit_operator']) retrieved from /home/airflow/.local/lib/python3.7/site-packages/airflow/example_dags/example_short_circuit_operator.py
[2022-01-09 11:29:54,510] {logging_mixin.py:109} INFO - [2022-01-09 11:29:54,510] {dag.py:2396} INFO - Sync 1 DAGs
[2022-01-09 11:29:54,562] {logging_mixin.py:109} INFO - [2022-01-09 11:29:54,562] {dag.py:2928} INFO - Setting next_dagrun for example_short_circuit_operator to 2022-01-08T11:29:54.561935+00:00
[2022-01-09 11:29:54,578] {processor.py:171} INFO - Processing /home/airflow/.local/lib/python3.7/site-packages/airflow/example_dags/example_short_circuit_operator.py took 0.749 seconds
[2022-01-09 11:30:25,240] {processor.py:163} INFO - Started process (PID=3348) to work on /home/airflow/.local/lib/python3.7/site-packages/airflow/example_dags/example_short_circuit_operator.py
[2022-01-09 11:30:25,242] {processor.py:625} INFO - Processing file /home/airflow/.local/lib/python3.7/site-packages/airflow/example_dags/example_short_circuit_operator.py for tasks to queue
[2022-01-09 11:30:25,243] {logging_mixin.py:109} INFO - [2022-01-09 11:30:25,243] {dagbag.py:500} INFO - Filling up the DagBag from /home/airflow/.local/lib/python3.7/site-packages/airflow/example_dags/example_short_circuit_operator.py
[2022-01-09 11:30:25,283] {processor.py:637} INFO - DAG(s) dict_keys(['example_short_circuit_operator']) retrieved from /home/airflow/.local/lib/python3.7/site-packages/airflow/example_dags/example_short_circuit_operator.py
[2022-01-09 11:30:25,297] {logging_mixin.py:109} INFO - [2022-01-09 11:30:25,297] {dag.py:2396} INFO - Sync 1 DAGs
[2022-01-09 11:30:25,311] {logging_mixin.py:109} INFO - [2022-01-09 11:30:25,311] {dag.py:2928} INFO - Setting next_dagrun for example_short_circuit_operator to 2022-01-08T11:30:25.311231+00:00
[2022-01-09 11:30:25,322] {processor.py:171} INFO - Processing /home/airflow/.local/lib/python3.7/site-packages/airflow/example_dags/example_short_circuit_operator.py took 0.088 seconds
[2022-01-09 11:30:56,404] {processor.py:163} INFO - Started process (PID=3409) to work on /home/airflow/.local/lib/python3.7/site-packages/airflow/example_dags/example_short_circuit_operator.py
[2022-01-09 11:30:56,416] {processor.py:625} INFO - Processing file /home/airflow/.local/lib/python3.7/site-packages/airflow/example_dags/example_short_circuit_operator.py for tasks to queue
[2022-01-09 11:30:56,417] {logging_mixin.py:109} INFO - [2022-01-09 11:30:56,417] {dagbag.py:500} INFO - Filling up the DagBag from /home/airflow/.local/lib/python3.7/site-packages/airflow/example_dags/example_short_circuit_operator.py
[2022-01-09 11:30:56,573] {processor.py:637} INFO - DAG(s) dict_keys(['example_short_circuit_operator']) retrieved from /home/airflow/.local/lib/python3.7/site-packages/airflow/example_dags/example_short_circuit_operator.py
[2022-01-09 11:30:56,629] {logging_mixin.py:109} INFO - [2022-01-09 11:30:56,628] {dag.py:2396} INFO - Sync 1 DAGs
[2022-01-09 11:30:56,696] {logging_mixin.py:109} INFO - [2022-01-09 11:30:56,696] {dag.py:2928} INFO - Setting next_dagrun for example_short_circuit_operator to 2022-01-08T11:30:56.695996+00:00
[2022-01-09 11:30:56,764] {processor.py:171} INFO - Processing /home/airflow/.local/lib/python3.7/site-packages/airflow/example_dags/example_short_circuit_operator.py took 0.364 seconds
[2022-01-09 11:31:26,867] {processor.py:163} INFO - Started process (PID=3452) to work on /home/airflow/.local/lib/python3.7/site-packages/airflow/example_dags/example_short_circuit_operator.py
[2022-01-09 11:31:26,869] {processor.py:625} INFO - Processing file /home/airflow/.local/lib/python3.7/site-packages/airflow/example_dags/example_short_circuit_operator.py for tasks to queue
[2022-01-09 11:31:26,870] {logging_mixin.py:109} INFO - [2022-01-09 11:31:26,870] {dagbag.py:500} INFO - Filling up the DagBag from /home/airflow/.local/lib/python3.7/site-packages/airflow/example_dags/example_short_circuit_operator.py
[2022-01-09 11:31:26,940] {processor.py:637} INFO - DAG(s) dict_keys(['example_short_circuit_operator']) retrieved from /home/airflow/.local/lib/python3.7/site-packages/airflow/example_dags/example_short_circuit_operator.py
[2022-01-09 11:31:26,961] {logging_mixin.py:109} INFO - [2022-01-09 11:31:26,961] {dag.py:2396} INFO - Sync 1 DAGs
[2022-01-09 11:31:26,993] {logging_mixin.py:109} INFO - [2022-01-09 11:31:26,993] {dag.py:2928} INFO - Setting next_dagrun for example_short_circuit_operator to 2022-01-08T11:31:26.993111+00:00
[2022-01-09 11:31:27,009] {processor.py:171} INFO - Processing /home/airflow/.local/lib/python3.7/site-packages/airflow/example_dags/example_short_circuit_operator.py took 0.147 seconds
[2022-01-09 11:31:57,302] {processor.py:163} INFO - Started process (PID=3513) to work on /home/airflow/.local/lib/python3.7/site-packages/airflow/example_dags/example_short_circuit_operator.py
[2022-01-09 11:31:57,304] {processor.py:625} INFO - Processing file /home/airflow/.local/lib/python3.7/site-packages/airflow/example_dags/example_short_circuit_operator.py for tasks to queue
[2022-01-09 11:31:57,305] {logging_mixin.py:109} INFO - [2022-01-09 11:31:57,305] {dagbag.py:500} INFO - Filling up the DagBag from /home/airflow/.local/lib/python3.7/site-packages/airflow/example_dags/example_short_circuit_operator.py
[2022-01-09 11:31:57,346] {processor.py:637} INFO - DAG(s) dict_keys(['example_short_circuit_operator']) retrieved from /home/airflow/.local/lib/python3.7/site-packages/airflow/example_dags/example_short_circuit_operator.py
[2022-01-09 11:31:57,361] {logging_mixin.py:109} INFO - [2022-01-09 11:31:57,361] {dag.py:2396} INFO - Sync 1 DAGs
[2022-01-09 11:31:57,378] {logging_mixin.py:109} INFO - [2022-01-09 11:31:57,378] {dag.py:2928} INFO - Setting next_dagrun for example_short_circuit_operator to 2022-01-08T11:31:57.378451+00:00
[2022-01-09 11:31:57,392] {processor.py:171} INFO - Processing /home/airflow/.local/lib/python3.7/site-packages/airflow/example_dags/example_short_circuit_operator.py took 0.092 seconds
[2022-01-09 11:32:27,612] {processor.py:163} INFO - Started process (PID=3574) to work on /home/airflow/.local/lib/python3.7/site-packages/airflow/example_dags/example_short_circuit_operator.py
[2022-01-09 11:32:27,616] {processor.py:625} INFO - Processing file /home/airflow/.local/lib/python3.7/site-packages/airflow/example_dags/example_short_circuit_operator.py for tasks to queue
[2022-01-09 11:32:27,618] {logging_mixin.py:109} INFO - [2022-01-09 11:32:27,618] {dagbag.py:500} INFO - Filling up the DagBag from /home/airflow/.local/lib/python3.7/site-packages/airflow/example_dags/example_short_circuit_operator.py
[2022-01-09 11:32:27,672] {processor.py:637} INFO - DAG(s) dict_keys(['example_short_circuit_operator']) retrieved from /home/airflow/.local/lib/python3.7/site-packages/airflow/example_dags/example_short_circuit_operator.py
[2022-01-09 11:32:27,695] {logging_mixin.py:109} INFO - [2022-01-09 11:32:27,694] {dag.py:2396} INFO - Sync 1 DAGs
[2022-01-09 11:32:27,770] {logging_mixin.py:109} INFO - [2022-01-09 11:32:27,770] {dag.py:2928} INFO - Setting next_dagrun for example_short_circuit_operator to 2022-01-08T11:32:27.770041+00:00
[2022-01-09 11:32:27,809] {processor.py:171} INFO - Processing /home/airflow/.local/lib/python3.7/site-packages/airflow/example_dags/example_short_circuit_operator.py took 0.219 seconds
[2022-01-09 11:32:58,645] {processor.py:163} INFO - Started process (PID=3634) to work on /home/airflow/.local/lib/python3.7/site-packages/airflow/example_dags/example_short_circuit_operator.py
[2022-01-09 11:32:58,646] {processor.py:625} INFO - Processing file /home/airflow/.local/lib/python3.7/site-packages/airflow/example_dags/example_short_circuit_operator.py for tasks to queue
[2022-01-09 11:32:58,647] {logging_mixin.py:109} INFO - [2022-01-09 11:32:58,647] {dagbag.py:500} INFO - Filling up the DagBag from /home/airflow/.local/lib/python3.7/site-packages/airflow/example_dags/example_short_circuit_operator.py
[2022-01-09 11:32:58,673] {processor.py:637} INFO - DAG(s) dict_keys(['example_short_circuit_operator']) retrieved from /home/airflow/.local/lib/python3.7/site-packages/airflow/example_dags/example_short_circuit_operator.py
[2022-01-09 11:32:58,682] {logging_mixin.py:109} INFO - [2022-01-09 11:32:58,682] {dag.py:2396} INFO - Sync 1 DAGs
[2022-01-09 11:32:58,695] {logging_mixin.py:109} INFO - [2022-01-09 11:32:58,695] {dag.py:2928} INFO - Setting next_dagrun for example_short_circuit_operator to 2022-01-08T11:32:58.695546+00:00
[2022-01-09 11:32:58,706] {processor.py:171} INFO - Processing /home/airflow/.local/lib/python3.7/site-packages/airflow/example_dags/example_short_circuit_operator.py took 0.064 seconds
[2022-01-09 11:33:29,262] {processor.py:163} INFO - Started process (PID=3695) to work on /home/airflow/.local/lib/python3.7/site-packages/airflow/example_dags/example_short_circuit_operator.py
[2022-01-09 11:33:29,263] {processor.py:625} INFO - Processing file /home/airflow/.local/lib/python3.7/site-packages/airflow/example_dags/example_short_circuit_operator.py for tasks to queue
[2022-01-09 11:33:29,264] {logging_mixin.py:109} INFO - [2022-01-09 11:33:29,264] {dagbag.py:500} INFO - Filling up the DagBag from /home/airflow/.local/lib/python3.7/site-packages/airflow/example_dags/example_short_circuit_operator.py
[2022-01-09 11:33:29,293] {processor.py:637} INFO - DAG(s) dict_keys(['example_short_circuit_operator']) retrieved from /home/airflow/.local/lib/python3.7/site-packages/airflow/example_dags/example_short_circuit_operator.py
[2022-01-09 11:33:29,304] {logging_mixin.py:109} INFO - [2022-01-09 11:33:29,304] {dag.py:2396} INFO - Sync 1 DAGs
[2022-01-09 11:33:29,320] {logging_mixin.py:109} INFO - [2022-01-09 11:33:29,320] {dag.py:2928} INFO - Setting next_dagrun for example_short_circuit_operator to 2022-01-08T11:33:29.320457+00:00
[2022-01-09 11:33:29,332] {processor.py:171} INFO - Processing /home/airflow/.local/lib/python3.7/site-packages/airflow/example_dags/example_short_circuit_operator.py took 0.075 seconds
[2022-01-09 11:34:00,002] {processor.py:163} INFO - Started process (PID=3765) to work on /home/airflow/.local/lib/python3.7/site-packages/airflow/example_dags/example_short_circuit_operator.py
[2022-01-09 11:34:00,005] {processor.py:625} INFO - Processing file /home/airflow/.local/lib/python3.7/site-packages/airflow/example_dags/example_short_circuit_operator.py for tasks to queue
[2022-01-09 11:34:00,025] {logging_mixin.py:109} INFO - [2022-01-09 11:34:00,025] {dagbag.py:500} INFO - Filling up the DagBag from /home/airflow/.local/lib/python3.7/site-packages/airflow/example_dags/example_short_circuit_operator.py
[2022-01-09 11:34:00,126] {processor.py:637} INFO - DAG(s) dict_keys(['example_short_circuit_operator']) retrieved from /home/airflow/.local/lib/python3.7/site-packages/airflow/example_dags/example_short_circuit_operator.py
[2022-01-09 11:34:00,189] {logging_mixin.py:109} INFO - [2022-01-09 11:34:00,189] {dag.py:2396} INFO - Sync 1 DAGs
[2022-01-09 11:34:00,265] {logging_mixin.py:109} INFO - [2022-01-09 11:34:00,265] {dag.py:2928} INFO - Setting next_dagrun for example_short_circuit_operator to 2022-01-08T11:34:00.264736+00:00
[2022-01-09 11:34:00,322] {processor.py:171} INFO - Processing /home/airflow/.local/lib/python3.7/site-packages/airflow/example_dags/example_short_circuit_operator.py took 0.325 seconds
[2022-01-09 11:34:30,832] {processor.py:163} INFO - Started process (PID=3827) to work on /home/airflow/.local/lib/python3.7/site-packages/airflow/example_dags/example_short_circuit_operator.py
[2022-01-09 11:34:30,833] {processor.py:625} INFO - Processing file /home/airflow/.local/lib/python3.7/site-packages/airflow/example_dags/example_short_circuit_operator.py for tasks to queue
[2022-01-09 11:34:30,835] {logging_mixin.py:109} INFO - [2022-01-09 11:34:30,834] {dagbag.py:500} INFO - Filling up the DagBag from /home/airflow/.local/lib/python3.7/site-packages/airflow/example_dags/example_short_circuit_operator.py
[2022-01-09 11:34:30,871] {processor.py:637} INFO - DAG(s) dict_keys(['example_short_circuit_operator']) retrieved from /home/airflow/.local/lib/python3.7/site-packages/airflow/example_dags/example_short_circuit_operator.py
[2022-01-09 11:34:30,884] {logging_mixin.py:109} INFO - [2022-01-09 11:34:30,884] {dag.py:2396} INFO - Sync 1 DAGs
[2022-01-09 11:34:30,902] {logging_mixin.py:109} INFO - [2022-01-09 11:34:30,902] {dag.py:2928} INFO - Setting next_dagrun for example_short_circuit_operator to 2022-01-08T11:34:30.902504+00:00
[2022-01-09 11:34:30,918] {processor.py:171} INFO - Processing /home/airflow/.local/lib/python3.7/site-packages/airflow/example_dags/example_short_circuit_operator.py took 0.089 seconds
[2022-01-09 11:35:01,615] {processor.py:163} INFO - Started process (PID=3888) to work on /home/airflow/.local/lib/python3.7/site-packages/airflow/example_dags/example_short_circuit_operator.py
[2022-01-09 11:35:01,620] {processor.py:625} INFO - Processing file /home/airflow/.local/lib/python3.7/site-packages/airflow/example_dags/example_short_circuit_operator.py for tasks to queue
[2022-01-09 11:35:01,623] {logging_mixin.py:109} INFO - [2022-01-09 11:35:01,622] {dagbag.py:500} INFO - Filling up the DagBag from /home/airflow/.local/lib/python3.7/site-packages/airflow/example_dags/example_short_circuit_operator.py
[2022-01-09 11:35:01,681] {processor.py:637} INFO - DAG(s) dict_keys(['example_short_circuit_operator']) retrieved from /home/airflow/.local/lib/python3.7/site-packages/airflow/example_dags/example_short_circuit_operator.py
[2022-01-09 11:35:01,696] {logging_mixin.py:109} INFO - [2022-01-09 11:35:01,696] {dag.py:2396} INFO - Sync 1 DAGs
[2022-01-09 11:35:01,742] {logging_mixin.py:109} INFO - [2022-01-09 11:35:01,742] {dag.py:2928} INFO - Setting next_dagrun for example_short_circuit_operator to 2022-01-08T11:35:01.741794+00:00
[2022-01-09 11:35:01,759] {processor.py:171} INFO - Processing /home/airflow/.local/lib/python3.7/site-packages/airflow/example_dags/example_short_circuit_operator.py took 0.149 seconds
[2022-01-09 11:35:31,966] {processor.py:163} INFO - Started process (PID=3960) to work on /home/airflow/.local/lib/python3.7/site-packages/airflow/example_dags/example_short_circuit_operator.py
[2022-01-09 11:35:31,971] {processor.py:625} INFO - Processing file /home/airflow/.local/lib/python3.7/site-packages/airflow/example_dags/example_short_circuit_operator.py for tasks to queue
[2022-01-09 11:35:31,973] {logging_mixin.py:109} INFO - [2022-01-09 11:35:31,973] {dagbag.py:500} INFO - Filling up the DagBag from /home/airflow/.local/lib/python3.7/site-packages/airflow/example_dags/example_short_circuit_operator.py
[2022-01-09 11:35:32,041] {processor.py:637} INFO - DAG(s) dict_keys(['example_short_circuit_operator']) retrieved from /home/airflow/.local/lib/python3.7/site-packages/airflow/example_dags/example_short_circuit_operator.py
[2022-01-09 11:35:32,073] {logging_mixin.py:109} INFO - [2022-01-09 11:35:32,073] {dag.py:2396} INFO - Sync 1 DAGs
[2022-01-09 11:35:32,111] {logging_mixin.py:109} INFO - [2022-01-09 11:35:32,111] {dag.py:2928} INFO - Setting next_dagrun for example_short_circuit_operator to 2022-01-08T11:35:32.110784+00:00
[2022-01-09 11:35:32,127] {processor.py:171} INFO - Processing /home/airflow/.local/lib/python3.7/site-packages/airflow/example_dags/example_short_circuit_operator.py took 0.166 seconds
[2022-01-09 11:36:03,430] {processor.py:163} INFO - Started process (PID=4018) to work on /home/airflow/.local/lib/python3.7/site-packages/airflow/example_dags/example_short_circuit_operator.py
[2022-01-09 11:36:03,435] {processor.py:625} INFO - Processing file /home/airflow/.local/lib/python3.7/site-packages/airflow/example_dags/example_short_circuit_operator.py for tasks to queue
[2022-01-09 11:36:03,442] {logging_mixin.py:109} INFO - [2022-01-09 11:36:03,442] {dagbag.py:500} INFO - Filling up the DagBag from /home/airflow/.local/lib/python3.7/site-packages/airflow/example_dags/example_short_circuit_operator.py
[2022-01-09 11:36:03,509] {processor.py:637} INFO - DAG(s) dict_keys(['example_short_circuit_operator']) retrieved from /home/airflow/.local/lib/python3.7/site-packages/airflow/example_dags/example_short_circuit_operator.py
[2022-01-09 11:36:03,541] {logging_mixin.py:109} INFO - [2022-01-09 11:36:03,541] {dag.py:2396} INFO - Sync 1 DAGs
[2022-01-09 11:36:03,598] {logging_mixin.py:109} INFO - [2022-01-09 11:36:03,598] {dag.py:2928} INFO - Setting next_dagrun for example_short_circuit_operator to 2022-01-08T11:36:03.597120+00:00
[2022-01-09 11:36:03,628] {processor.py:171} INFO - Processing /home/airflow/.local/lib/python3.7/site-packages/airflow/example_dags/example_short_circuit_operator.py took 0.204 seconds
[2022-01-09 11:36:34,148] {processor.py:163} INFO - Started process (PID=4080) to work on /home/airflow/.local/lib/python3.7/site-packages/airflow/example_dags/example_short_circuit_operator.py
[2022-01-09 11:36:34,150] {processor.py:625} INFO - Processing file /home/airflow/.local/lib/python3.7/site-packages/airflow/example_dags/example_short_circuit_operator.py for tasks to queue
[2022-01-09 11:36:34,152] {logging_mixin.py:109} INFO - [2022-01-09 11:36:34,152] {dagbag.py:500} INFO - Filling up the DagBag from /home/airflow/.local/lib/python3.7/site-packages/airflow/example_dags/example_short_circuit_operator.py
[2022-01-09 11:36:34,232] {processor.py:637} INFO - DAG(s) dict_keys(['example_short_circuit_operator']) retrieved from /home/airflow/.local/lib/python3.7/site-packages/airflow/example_dags/example_short_circuit_operator.py
[2022-01-09 11:36:34,281] {logging_mixin.py:109} INFO - [2022-01-09 11:36:34,280] {dag.py:2396} INFO - Sync 1 DAGs
[2022-01-09 11:36:34,314] {logging_mixin.py:109} INFO - [2022-01-09 11:36:34,314] {dag.py:2928} INFO - Setting next_dagrun for example_short_circuit_operator to 2022-01-08T11:36:34.314133+00:00
[2022-01-09 11:36:34,352] {processor.py:171} INFO - Processing /home/airflow/.local/lib/python3.7/site-packages/airflow/example_dags/example_short_circuit_operator.py took 0.211 seconds
