[2022-01-09 11:03:14,161] {processor.py:163} INFO - Started process (PID=50) to work on /home/airflow/.local/lib/python3.7/site-packages/airflow/example_dags/example_xcom.py
[2022-01-09 11:03:14,164] {processor.py:625} INFO - Processing file /home/airflow/.local/lib/python3.7/site-packages/airflow/example_dags/example_xcom.py for tasks to queue
[2022-01-09 11:03:14,165] {logging_mixin.py:109} INFO - [2022-01-09 11:03:14,165] {dagbag.py:500} INFO - Filling up the DagBag from /home/airflow/.local/lib/python3.7/site-packages/airflow/example_dags/example_xcom.py
[2022-01-09 11:03:14,227] {processor.py:637} INFO - DAG(s) dict_keys(['example_xcom']) retrieved from /home/airflow/.local/lib/python3.7/site-packages/airflow/example_dags/example_xcom.py
[2022-01-09 11:03:14,953] {logging_mixin.py:109} INFO - [2022-01-09 11:03:14,952] {dag.py:2396} INFO - Sync 1 DAGs
[2022-01-09 11:03:15,001] {logging_mixin.py:109} INFO - [2022-01-09 11:03:15,000] {dag.py:2928} INFO - Setting next_dagrun for example_xcom to 2021-01-01T00:00:00+00:00
[2022-01-09 11:03:15,051] {processor.py:171} INFO - Processing /home/airflow/.local/lib/python3.7/site-packages/airflow/example_dags/example_xcom.py took 0.898 seconds
[2022-01-09 11:03:45,955] {processor.py:163} INFO - Started process (PID=128) to work on /home/airflow/.local/lib/python3.7/site-packages/airflow/example_dags/example_xcom.py
[2022-01-09 11:03:45,959] {processor.py:625} INFO - Processing file /home/airflow/.local/lib/python3.7/site-packages/airflow/example_dags/example_xcom.py for tasks to queue
[2022-01-09 11:03:45,963] {logging_mixin.py:109} INFO - [2022-01-09 11:03:45,962] {dagbag.py:500} INFO - Filling up the DagBag from /home/airflow/.local/lib/python3.7/site-packages/airflow/example_dags/example_xcom.py
[2022-01-09 11:03:46,093] {processor.py:637} INFO - DAG(s) dict_keys(['example_xcom']) retrieved from /home/airflow/.local/lib/python3.7/site-packages/airflow/example_dags/example_xcom.py
[2022-01-09 11:03:46,751] {logging_mixin.py:109} INFO - [2022-01-09 11:03:46,751] {dag.py:2396} INFO - Sync 1 DAGs
[2022-01-09 11:03:46,771] {logging_mixin.py:109} INFO - [2022-01-09 11:03:46,770] {dag.py:2928} INFO - Setting next_dagrun for example_xcom to 2021-01-01T00:00:00+00:00
[2022-01-09 11:03:46,785] {processor.py:171} INFO - Processing /home/airflow/.local/lib/python3.7/site-packages/airflow/example_dags/example_xcom.py took 0.842 seconds
[2022-01-09 11:04:16,848] {processor.py:163} INFO - Started process (PID=188) to work on /home/airflow/.local/lib/python3.7/site-packages/airflow/example_dags/example_xcom.py
[2022-01-09 11:04:16,851] {processor.py:625} INFO - Processing file /home/airflow/.local/lib/python3.7/site-packages/airflow/example_dags/example_xcom.py for tasks to queue
[2022-01-09 11:04:16,852] {logging_mixin.py:109} INFO - [2022-01-09 11:04:16,852] {dagbag.py:500} INFO - Filling up the DagBag from /home/airflow/.local/lib/python3.7/site-packages/airflow/example_dags/example_xcom.py
[2022-01-09 11:04:16,892] {processor.py:637} INFO - DAG(s) dict_keys(['example_xcom']) retrieved from /home/airflow/.local/lib/python3.7/site-packages/airflow/example_dags/example_xcom.py
[2022-01-09 11:04:17,474] {logging_mixin.py:109} INFO - [2022-01-09 11:04:17,474] {dag.py:2396} INFO - Sync 1 DAGs
[2022-01-09 11:04:17,522] {logging_mixin.py:109} INFO - [2022-01-09 11:04:17,521] {dag.py:2928} INFO - Setting next_dagrun for example_xcom to 2021-01-01T00:00:00+00:00
[2022-01-09 11:04:17,571] {processor.py:171} INFO - Processing /home/airflow/.local/lib/python3.7/site-packages/airflow/example_dags/example_xcom.py took 0.735 seconds
[2022-01-09 11:04:48,242] {processor.py:163} INFO - Started process (PID=248) to work on /home/airflow/.local/lib/python3.7/site-packages/airflow/example_dags/example_xcom.py
[2022-01-09 11:04:48,248] {processor.py:625} INFO - Processing file /home/airflow/.local/lib/python3.7/site-packages/airflow/example_dags/example_xcom.py for tasks to queue
[2022-01-09 11:04:48,253] {logging_mixin.py:109} INFO - [2022-01-09 11:04:48,252] {dagbag.py:500} INFO - Filling up the DagBag from /home/airflow/.local/lib/python3.7/site-packages/airflow/example_dags/example_xcom.py
[2022-01-09 11:04:48,370] {processor.py:637} INFO - DAG(s) dict_keys(['example_xcom']) retrieved from /home/airflow/.local/lib/python3.7/site-packages/airflow/example_dags/example_xcom.py
[2022-01-09 11:04:49,070] {logging_mixin.py:109} INFO - [2022-01-09 11:04:49,070] {dag.py:2396} INFO - Sync 1 DAGs
[2022-01-09 11:04:49,102] {logging_mixin.py:109} INFO - [2022-01-09 11:04:49,102] {dag.py:2928} INFO - Setting next_dagrun for example_xcom to 2021-01-01T00:00:00+00:00
[2022-01-09 11:04:49,128] {processor.py:171} INFO - Processing /home/airflow/.local/lib/python3.7/site-packages/airflow/example_dags/example_xcom.py took 0.896 seconds
[2022-01-09 11:05:19,307] {processor.py:163} INFO - Started process (PID=309) to work on /home/airflow/.local/lib/python3.7/site-packages/airflow/example_dags/example_xcom.py
[2022-01-09 11:05:19,309] {processor.py:625} INFO - Processing file /home/airflow/.local/lib/python3.7/site-packages/airflow/example_dags/example_xcom.py for tasks to queue
[2022-01-09 11:05:19,311] {logging_mixin.py:109} INFO - [2022-01-09 11:05:19,311] {dagbag.py:500} INFO - Filling up the DagBag from /home/airflow/.local/lib/python3.7/site-packages/airflow/example_dags/example_xcom.py
[2022-01-09 11:05:19,369] {processor.py:637} INFO - DAG(s) dict_keys(['example_xcom']) retrieved from /home/airflow/.local/lib/python3.7/site-packages/airflow/example_dags/example_xcom.py
[2022-01-09 11:05:19,935] {logging_mixin.py:109} INFO - [2022-01-09 11:05:19,935] {dag.py:2396} INFO - Sync 1 DAGs
[2022-01-09 11:05:19,966] {logging_mixin.py:109} INFO - [2022-01-09 11:05:19,966] {dag.py:2928} INFO - Setting next_dagrun for example_xcom to 2021-01-01T00:00:00+00:00
[2022-01-09 11:05:20,002] {processor.py:171} INFO - Processing /home/airflow/.local/lib/python3.7/site-packages/airflow/example_dags/example_xcom.py took 0.703 seconds
[2022-01-09 11:05:50,112] {processor.py:163} INFO - Started process (PID=373) to work on /home/airflow/.local/lib/python3.7/site-packages/airflow/example_dags/example_xcom.py
[2022-01-09 11:05:50,114] {processor.py:625} INFO - Processing file /home/airflow/.local/lib/python3.7/site-packages/airflow/example_dags/example_xcom.py for tasks to queue
[2022-01-09 11:05:50,115] {logging_mixin.py:109} INFO - [2022-01-09 11:05:50,115] {dagbag.py:500} INFO - Filling up the DagBag from /home/airflow/.local/lib/python3.7/site-packages/airflow/example_dags/example_xcom.py
[2022-01-09 11:05:50,203] {processor.py:637} INFO - DAG(s) dict_keys(['example_xcom']) retrieved from /home/airflow/.local/lib/python3.7/site-packages/airflow/example_dags/example_xcom.py
[2022-01-09 11:05:50,642] {logging_mixin.py:109} INFO - [2022-01-09 11:05:50,642] {dag.py:2396} INFO - Sync 1 DAGs
[2022-01-09 11:05:50,663] {logging_mixin.py:109} INFO - [2022-01-09 11:05:50,663] {dag.py:2928} INFO - Setting next_dagrun for example_xcom to 2021-01-01T00:00:00+00:00
[2022-01-09 11:05:50,681] {processor.py:171} INFO - Processing /home/airflow/.local/lib/python3.7/site-packages/airflow/example_dags/example_xcom.py took 0.574 seconds
[2022-01-09 11:06:21,162] {processor.py:163} INFO - Started process (PID=445) to work on /home/airflow/.local/lib/python3.7/site-packages/airflow/example_dags/example_xcom.py
[2022-01-09 11:06:21,164] {processor.py:625} INFO - Processing file /home/airflow/.local/lib/python3.7/site-packages/airflow/example_dags/example_xcom.py for tasks to queue
[2022-01-09 11:06:21,165] {logging_mixin.py:109} INFO - [2022-01-09 11:06:21,165] {dagbag.py:500} INFO - Filling up the DagBag from /home/airflow/.local/lib/python3.7/site-packages/airflow/example_dags/example_xcom.py
[2022-01-09 11:06:21,205] {processor.py:637} INFO - DAG(s) dict_keys(['example_xcom']) retrieved from /home/airflow/.local/lib/python3.7/site-packages/airflow/example_dags/example_xcom.py
[2022-01-09 11:06:21,875] {logging_mixin.py:109} INFO - [2022-01-09 11:06:21,874] {dag.py:2396} INFO - Sync 1 DAGs
[2022-01-09 11:06:21,907] {logging_mixin.py:109} INFO - [2022-01-09 11:06:21,906] {dag.py:2928} INFO - Setting next_dagrun for example_xcom to 2021-01-01T00:00:00+00:00
[2022-01-09 11:06:21,933] {processor.py:171} INFO - Processing /home/airflow/.local/lib/python3.7/site-packages/airflow/example_dags/example_xcom.py took 0.776 seconds
[2022-01-09 11:06:52,072] {processor.py:163} INFO - Started process (PID=506) to work on /home/airflow/.local/lib/python3.7/site-packages/airflow/example_dags/example_xcom.py
[2022-01-09 11:06:52,075] {processor.py:625} INFO - Processing file /home/airflow/.local/lib/python3.7/site-packages/airflow/example_dags/example_xcom.py for tasks to queue
[2022-01-09 11:06:52,079] {logging_mixin.py:109} INFO - [2022-01-09 11:06:52,078] {dagbag.py:500} INFO - Filling up the DagBag from /home/airflow/.local/lib/python3.7/site-packages/airflow/example_dags/example_xcom.py
[2022-01-09 11:06:52,158] {processor.py:637} INFO - DAG(s) dict_keys(['example_xcom']) retrieved from /home/airflow/.local/lib/python3.7/site-packages/airflow/example_dags/example_xcom.py
[2022-01-09 11:06:52,594] {logging_mixin.py:109} INFO - [2022-01-09 11:06:52,594] {dag.py:2396} INFO - Sync 1 DAGs
[2022-01-09 11:06:52,614] {logging_mixin.py:109} INFO - [2022-01-09 11:06:52,613] {dag.py:2928} INFO - Setting next_dagrun for example_xcom to 2021-01-01T00:00:00+00:00
[2022-01-09 11:06:52,653] {processor.py:171} INFO - Processing /home/airflow/.local/lib/python3.7/site-packages/airflow/example_dags/example_xcom.py took 0.585 seconds
[2022-01-09 11:07:22,789] {processor.py:163} INFO - Started process (PID=567) to work on /home/airflow/.local/lib/python3.7/site-packages/airflow/example_dags/example_xcom.py
[2022-01-09 11:07:22,792] {processor.py:625} INFO - Processing file /home/airflow/.local/lib/python3.7/site-packages/airflow/example_dags/example_xcom.py for tasks to queue
[2022-01-09 11:07:22,794] {logging_mixin.py:109} INFO - [2022-01-09 11:07:22,794] {dagbag.py:500} INFO - Filling up the DagBag from /home/airflow/.local/lib/python3.7/site-packages/airflow/example_dags/example_xcom.py
[2022-01-09 11:07:22,848] {processor.py:637} INFO - DAG(s) dict_keys(['example_xcom']) retrieved from /home/airflow/.local/lib/python3.7/site-packages/airflow/example_dags/example_xcom.py
[2022-01-09 11:07:23,489] {logging_mixin.py:109} INFO - [2022-01-09 11:07:23,489] {dag.py:2396} INFO - Sync 1 DAGs
[2022-01-09 11:07:23,539] {logging_mixin.py:109} INFO - [2022-01-09 11:07:23,539] {dag.py:2928} INFO - Setting next_dagrun for example_xcom to 2021-01-01T00:00:00+00:00
[2022-01-09 11:07:23,579] {processor.py:171} INFO - Processing /home/airflow/.local/lib/python3.7/site-packages/airflow/example_dags/example_xcom.py took 0.796 seconds
[2022-01-09 11:07:54,104] {processor.py:163} INFO - Started process (PID=629) to work on /home/airflow/.local/lib/python3.7/site-packages/airflow/example_dags/example_xcom.py
[2022-01-09 11:07:54,111] {processor.py:625} INFO - Processing file /home/airflow/.local/lib/python3.7/site-packages/airflow/example_dags/example_xcom.py for tasks to queue
[2022-01-09 11:07:54,115] {logging_mixin.py:109} INFO - [2022-01-09 11:07:54,114] {dagbag.py:500} INFO - Filling up the DagBag from /home/airflow/.local/lib/python3.7/site-packages/airflow/example_dags/example_xcom.py
[2022-01-09 11:07:54,245] {processor.py:637} INFO - DAG(s) dict_keys(['example_xcom']) retrieved from /home/airflow/.local/lib/python3.7/site-packages/airflow/example_dags/example_xcom.py
[2022-01-09 11:07:54,847] {logging_mixin.py:109} INFO - [2022-01-09 11:07:54,847] {dag.py:2396} INFO - Sync 1 DAGs
[2022-01-09 11:07:54,879] {logging_mixin.py:109} INFO - [2022-01-09 11:07:54,879] {dag.py:2928} INFO - Setting next_dagrun for example_xcom to 2021-01-01T00:00:00+00:00
[2022-01-09 11:07:54,905] {processor.py:171} INFO - Processing /home/airflow/.local/lib/python3.7/site-packages/airflow/example_dags/example_xcom.py took 0.813 seconds
[2022-01-09 11:08:25,316] {processor.py:163} INFO - Started process (PID=691) to work on /home/airflow/.local/lib/python3.7/site-packages/airflow/example_dags/example_xcom.py
[2022-01-09 11:08:25,319] {processor.py:625} INFO - Processing file /home/airflow/.local/lib/python3.7/site-packages/airflow/example_dags/example_xcom.py for tasks to queue
[2022-01-09 11:08:25,321] {logging_mixin.py:109} INFO - [2022-01-09 11:08:25,321] {dagbag.py:500} INFO - Filling up the DagBag from /home/airflow/.local/lib/python3.7/site-packages/airflow/example_dags/example_xcom.py
[2022-01-09 11:08:25,371] {processor.py:637} INFO - DAG(s) dict_keys(['example_xcom']) retrieved from /home/airflow/.local/lib/python3.7/site-packages/airflow/example_dags/example_xcom.py
[2022-01-09 11:08:26,014] {logging_mixin.py:109} INFO - [2022-01-09 11:08:26,014] {dag.py:2396} INFO - Sync 1 DAGs
[2022-01-09 11:08:26,044] {logging_mixin.py:109} INFO - [2022-01-09 11:08:26,043] {dag.py:2928} INFO - Setting next_dagrun for example_xcom to 2021-01-01T00:00:00+00:00
[2022-01-09 11:08:26,068] {processor.py:171} INFO - Processing /home/airflow/.local/lib/python3.7/site-packages/airflow/example_dags/example_xcom.py took 0.757 seconds
[2022-01-09 11:08:56,285] {processor.py:163} INFO - Started process (PID=763) to work on /home/airflow/.local/lib/python3.7/site-packages/airflow/example_dags/example_xcom.py
[2022-01-09 11:08:56,287] {processor.py:625} INFO - Processing file /home/airflow/.local/lib/python3.7/site-packages/airflow/example_dags/example_xcom.py for tasks to queue
[2022-01-09 11:08:56,288] {logging_mixin.py:109} INFO - [2022-01-09 11:08:56,288] {dagbag.py:500} INFO - Filling up the DagBag from /home/airflow/.local/lib/python3.7/site-packages/airflow/example_dags/example_xcom.py
[2022-01-09 11:08:56,326] {processor.py:637} INFO - DAG(s) dict_keys(['example_xcom']) retrieved from /home/airflow/.local/lib/python3.7/site-packages/airflow/example_dags/example_xcom.py
[2022-01-09 11:08:56,908] {logging_mixin.py:109} INFO - [2022-01-09 11:08:56,908] {dag.py:2396} INFO - Sync 1 DAGs
[2022-01-09 11:08:56,934] {logging_mixin.py:109} INFO - [2022-01-09 11:08:56,934] {dag.py:2928} INFO - Setting next_dagrun for example_xcom to 2021-01-01T00:00:00+00:00
[2022-01-09 11:08:56,951] {processor.py:171} INFO - Processing /home/airflow/.local/lib/python3.7/site-packages/airflow/example_dags/example_xcom.py took 0.671 seconds
[2022-01-09 11:09:27,809] {processor.py:163} INFO - Started process (PID=827) to work on /home/airflow/.local/lib/python3.7/site-packages/airflow/example_dags/example_xcom.py
[2022-01-09 11:09:27,813] {processor.py:625} INFO - Processing file /home/airflow/.local/lib/python3.7/site-packages/airflow/example_dags/example_xcom.py for tasks to queue
[2022-01-09 11:09:27,816] {logging_mixin.py:109} INFO - [2022-01-09 11:09:27,816] {dagbag.py:500} INFO - Filling up the DagBag from /home/airflow/.local/lib/python3.7/site-packages/airflow/example_dags/example_xcom.py
[2022-01-09 11:09:27,921] {processor.py:637} INFO - DAG(s) dict_keys(['example_xcom']) retrieved from /home/airflow/.local/lib/python3.7/site-packages/airflow/example_dags/example_xcom.py
[2022-01-09 11:09:28,924] {logging_mixin.py:109} INFO - [2022-01-09 11:09:28,923] {dag.py:2396} INFO - Sync 1 DAGs
[2022-01-09 11:09:28,965] {logging_mixin.py:109} INFO - [2022-01-09 11:09:28,965] {dag.py:2928} INFO - Setting next_dagrun for example_xcom to 2021-01-01T00:00:00+00:00
[2022-01-09 11:09:28,996] {processor.py:171} INFO - Processing /home/airflow/.local/lib/python3.7/site-packages/airflow/example_dags/example_xcom.py took 1.199 seconds
[2022-01-09 11:09:59,675] {processor.py:163} INFO - Started process (PID=890) to work on /home/airflow/.local/lib/python3.7/site-packages/airflow/example_dags/example_xcom.py
[2022-01-09 11:09:59,681] {processor.py:625} INFO - Processing file /home/airflow/.local/lib/python3.7/site-packages/airflow/example_dags/example_xcom.py for tasks to queue
[2022-01-09 11:09:59,684] {logging_mixin.py:109} INFO - [2022-01-09 11:09:59,684] {dagbag.py:500} INFO - Filling up the DagBag from /home/airflow/.local/lib/python3.7/site-packages/airflow/example_dags/example_xcom.py
[2022-01-09 11:09:59,870] {processor.py:637} INFO - DAG(s) dict_keys(['example_xcom']) retrieved from /home/airflow/.local/lib/python3.7/site-packages/airflow/example_dags/example_xcom.py
[2022-01-09 11:10:00,470] {logging_mixin.py:109} INFO - [2022-01-09 11:10:00,470] {dag.py:2396} INFO - Sync 1 DAGs
[2022-01-09 11:10:00,497] {logging_mixin.py:109} INFO - [2022-01-09 11:10:00,497] {dag.py:2928} INFO - Setting next_dagrun for example_xcom to 2021-01-01T00:00:00+00:00
[2022-01-09 11:10:00,516] {processor.py:171} INFO - Processing /home/airflow/.local/lib/python3.7/site-packages/airflow/example_dags/example_xcom.py took 0.858 seconds
[2022-01-09 11:10:31,305] {processor.py:163} INFO - Started process (PID=955) to work on /home/airflow/.local/lib/python3.7/site-packages/airflow/example_dags/example_xcom.py
[2022-01-09 11:10:31,311] {processor.py:625} INFO - Processing file /home/airflow/.local/lib/python3.7/site-packages/airflow/example_dags/example_xcom.py for tasks to queue
[2022-01-09 11:10:31,322] {logging_mixin.py:109} INFO - [2022-01-09 11:10:31,321] {dagbag.py:500} INFO - Filling up the DagBag from /home/airflow/.local/lib/python3.7/site-packages/airflow/example_dags/example_xcom.py
[2022-01-09 11:10:31,464] {processor.py:637} INFO - DAG(s) dict_keys(['example_xcom']) retrieved from /home/airflow/.local/lib/python3.7/site-packages/airflow/example_dags/example_xcom.py
[2022-01-09 11:10:32,573] {logging_mixin.py:109} INFO - [2022-01-09 11:10:32,573] {dag.py:2396} INFO - Sync 1 DAGs
[2022-01-09 11:10:32,614] {logging_mixin.py:109} INFO - [2022-01-09 11:10:32,613] {dag.py:2928} INFO - Setting next_dagrun for example_xcom to 2021-01-01T00:00:00+00:00
[2022-01-09 11:10:32,639] {processor.py:171} INFO - Processing /home/airflow/.local/lib/python3.7/site-packages/airflow/example_dags/example_xcom.py took 1.346 seconds
[2022-01-09 11:11:02,791] {processor.py:163} INFO - Started process (PID=1027) to work on /home/airflow/.local/lib/python3.7/site-packages/airflow/example_dags/example_xcom.py
[2022-01-09 11:11:02,794] {processor.py:625} INFO - Processing file /home/airflow/.local/lib/python3.7/site-packages/airflow/example_dags/example_xcom.py for tasks to queue
[2022-01-09 11:11:02,796] {logging_mixin.py:109} INFO - [2022-01-09 11:11:02,795] {dagbag.py:500} INFO - Filling up the DagBag from /home/airflow/.local/lib/python3.7/site-packages/airflow/example_dags/example_xcom.py
[2022-01-09 11:11:02,848] {processor.py:637} INFO - DAG(s) dict_keys(['example_xcom']) retrieved from /home/airflow/.local/lib/python3.7/site-packages/airflow/example_dags/example_xcom.py
[2022-01-09 11:11:03,344] {logging_mixin.py:109} INFO - [2022-01-09 11:11:03,344] {dag.py:2396} INFO - Sync 1 DAGs
[2022-01-09 11:11:03,360] {logging_mixin.py:109} INFO - [2022-01-09 11:11:03,359] {dag.py:2928} INFO - Setting next_dagrun for example_xcom to 2021-01-01T00:00:00+00:00
[2022-01-09 11:11:03,375] {processor.py:171} INFO - Processing /home/airflow/.local/lib/python3.7/site-packages/airflow/example_dags/example_xcom.py took 0.589 seconds
[2022-01-09 11:11:33,444] {processor.py:163} INFO - Started process (PID=1088) to work on /home/airflow/.local/lib/python3.7/site-packages/airflow/example_dags/example_xcom.py
[2022-01-09 11:11:33,447] {processor.py:625} INFO - Processing file /home/airflow/.local/lib/python3.7/site-packages/airflow/example_dags/example_xcom.py for tasks to queue
[2022-01-09 11:11:33,448] {logging_mixin.py:109} INFO - [2022-01-09 11:11:33,448] {dagbag.py:500} INFO - Filling up the DagBag from /home/airflow/.local/lib/python3.7/site-packages/airflow/example_dags/example_xcom.py
[2022-01-09 11:11:33,491] {processor.py:637} INFO - DAG(s) dict_keys(['example_xcom']) retrieved from /home/airflow/.local/lib/python3.7/site-packages/airflow/example_dags/example_xcom.py
[2022-01-09 11:11:33,914] {logging_mixin.py:109} INFO - [2022-01-09 11:11:33,914] {dag.py:2396} INFO - Sync 1 DAGs
[2022-01-09 11:11:33,937] {logging_mixin.py:109} INFO - [2022-01-09 11:11:33,937] {dag.py:2928} INFO - Setting next_dagrun for example_xcom to 2021-01-01T00:00:00+00:00
[2022-01-09 11:11:33,956] {processor.py:171} INFO - Processing /home/airflow/.local/lib/python3.7/site-packages/airflow/example_dags/example_xcom.py took 0.516 seconds
[2022-01-09 11:12:04,358] {processor.py:163} INFO - Started process (PID=1151) to work on /home/airflow/.local/lib/python3.7/site-packages/airflow/example_dags/example_xcom.py
[2022-01-09 11:12:04,361] {processor.py:625} INFO - Processing file /home/airflow/.local/lib/python3.7/site-packages/airflow/example_dags/example_xcom.py for tasks to queue
[2022-01-09 11:12:04,363] {logging_mixin.py:109} INFO - [2022-01-09 11:12:04,363] {dagbag.py:500} INFO - Filling up the DagBag from /home/airflow/.local/lib/python3.7/site-packages/airflow/example_dags/example_xcom.py
[2022-01-09 11:12:04,425] {processor.py:637} INFO - DAG(s) dict_keys(['example_xcom']) retrieved from /home/airflow/.local/lib/python3.7/site-packages/airflow/example_dags/example_xcom.py
[2022-01-09 11:12:04,980] {logging_mixin.py:109} INFO - [2022-01-09 11:12:04,980] {dag.py:2396} INFO - Sync 1 DAGs
[2022-01-09 11:12:04,997] {logging_mixin.py:109} INFO - [2022-01-09 11:12:04,996] {dag.py:2928} INFO - Setting next_dagrun for example_xcom to 2021-01-01T00:00:00+00:00
[2022-01-09 11:12:05,012] {processor.py:171} INFO - Processing /home/airflow/.local/lib/python3.7/site-packages/airflow/example_dags/example_xcom.py took 0.663 seconds
[2022-01-09 11:12:35,539] {processor.py:163} INFO - Started process (PID=1213) to work on /home/airflow/.local/lib/python3.7/site-packages/airflow/example_dags/example_xcom.py
[2022-01-09 11:12:35,542] {processor.py:625} INFO - Processing file /home/airflow/.local/lib/python3.7/site-packages/airflow/example_dags/example_xcom.py for tasks to queue
[2022-01-09 11:12:35,544] {logging_mixin.py:109} INFO - [2022-01-09 11:12:35,544] {dagbag.py:500} INFO - Filling up the DagBag from /home/airflow/.local/lib/python3.7/site-packages/airflow/example_dags/example_xcom.py
[2022-01-09 11:12:35,604] {processor.py:637} INFO - DAG(s) dict_keys(['example_xcom']) retrieved from /home/airflow/.local/lib/python3.7/site-packages/airflow/example_dags/example_xcom.py
[2022-01-09 11:12:36,314] {logging_mixin.py:109} INFO - [2022-01-09 11:12:36,314] {dag.py:2396} INFO - Sync 1 DAGs
[2022-01-09 11:12:36,363] {logging_mixin.py:109} INFO - [2022-01-09 11:12:36,362] {dag.py:2928} INFO - Setting next_dagrun for example_xcom to 2021-01-01T00:00:00+00:00
[2022-01-09 11:12:36,401] {processor.py:171} INFO - Processing /home/airflow/.local/lib/python3.7/site-packages/airflow/example_dags/example_xcom.py took 0.869 seconds
[2022-01-09 11:13:06,560] {processor.py:163} INFO - Started process (PID=1273) to work on /home/airflow/.local/lib/python3.7/site-packages/airflow/example_dags/example_xcom.py
[2022-01-09 11:13:06,565] {processor.py:625} INFO - Processing file /home/airflow/.local/lib/python3.7/site-packages/airflow/example_dags/example_xcom.py for tasks to queue
[2022-01-09 11:13:06,568] {logging_mixin.py:109} INFO - [2022-01-09 11:13:06,568] {dagbag.py:500} INFO - Filling up the DagBag from /home/airflow/.local/lib/python3.7/site-packages/airflow/example_dags/example_xcom.py
[2022-01-09 11:13:06,640] {processor.py:637} INFO - DAG(s) dict_keys(['example_xcom']) retrieved from /home/airflow/.local/lib/python3.7/site-packages/airflow/example_dags/example_xcom.py
[2022-01-09 11:13:07,109] {logging_mixin.py:109} INFO - [2022-01-09 11:13:07,109] {dag.py:2396} INFO - Sync 1 DAGs
[2022-01-09 11:13:07,136] {logging_mixin.py:109} INFO - [2022-01-09 11:13:07,136] {dag.py:2928} INFO - Setting next_dagrun for example_xcom to 2021-01-01T00:00:00+00:00
[2022-01-09 11:13:07,159] {processor.py:171} INFO - Processing /home/airflow/.local/lib/python3.7/site-packages/airflow/example_dags/example_xcom.py took 0.611 seconds
[2022-01-09 11:13:37,330] {processor.py:163} INFO - Started process (PID=1342) to work on /home/airflow/.local/lib/python3.7/site-packages/airflow/example_dags/example_xcom.py
[2022-01-09 11:13:37,331] {processor.py:625} INFO - Processing file /home/airflow/.local/lib/python3.7/site-packages/airflow/example_dags/example_xcom.py for tasks to queue
[2022-01-09 11:13:37,332] {logging_mixin.py:109} INFO - [2022-01-09 11:13:37,332] {dagbag.py:500} INFO - Filling up the DagBag from /home/airflow/.local/lib/python3.7/site-packages/airflow/example_dags/example_xcom.py
[2022-01-09 11:13:37,471] {processor.py:637} INFO - DAG(s) dict_keys(['example_xcom']) retrieved from /home/airflow/.local/lib/python3.7/site-packages/airflow/example_dags/example_xcom.py
[2022-01-09 11:13:37,751] {logging_mixin.py:109} INFO - [2022-01-09 11:13:37,751] {dag.py:2396} INFO - Sync 1 DAGs
[2022-01-09 11:13:37,766] {logging_mixin.py:109} INFO - [2022-01-09 11:13:37,766] {dag.py:2928} INFO - Setting next_dagrun for example_xcom to 2021-01-01T00:00:00+00:00
[2022-01-09 11:13:37,779] {processor.py:171} INFO - Processing /home/airflow/.local/lib/python3.7/site-packages/airflow/example_dags/example_xcom.py took 0.453 seconds
[2022-01-09 11:14:07,919] {processor.py:163} INFO - Started process (PID=1403) to work on /home/airflow/.local/lib/python3.7/site-packages/airflow/example_dags/example_xcom.py
[2022-01-09 11:14:07,922] {processor.py:625} INFO - Processing file /home/airflow/.local/lib/python3.7/site-packages/airflow/example_dags/example_xcom.py for tasks to queue
[2022-01-09 11:14:07,924] {logging_mixin.py:109} INFO - [2022-01-09 11:14:07,924] {dagbag.py:500} INFO - Filling up the DagBag from /home/airflow/.local/lib/python3.7/site-packages/airflow/example_dags/example_xcom.py
[2022-01-09 11:14:08,143] {processor.py:637} INFO - DAG(s) dict_keys(['example_xcom']) retrieved from /home/airflow/.local/lib/python3.7/site-packages/airflow/example_dags/example_xcom.py
[2022-01-09 11:14:08,532] {logging_mixin.py:109} INFO - [2022-01-09 11:14:08,532] {dag.py:2396} INFO - Sync 1 DAGs
[2022-01-09 11:14:08,551] {logging_mixin.py:109} INFO - [2022-01-09 11:14:08,551] {dag.py:2928} INFO - Setting next_dagrun for example_xcom to 2021-01-01T00:00:00+00:00
[2022-01-09 11:14:08,568] {processor.py:171} INFO - Processing /home/airflow/.local/lib/python3.7/site-packages/airflow/example_dags/example_xcom.py took 0.655 seconds
[2022-01-09 11:14:38,728] {processor.py:163} INFO - Started process (PID=1465) to work on /home/airflow/.local/lib/python3.7/site-packages/airflow/example_dags/example_xcom.py
[2022-01-09 11:14:38,731] {processor.py:625} INFO - Processing file /home/airflow/.local/lib/python3.7/site-packages/airflow/example_dags/example_xcom.py for tasks to queue
[2022-01-09 11:14:38,733] {logging_mixin.py:109} INFO - [2022-01-09 11:14:38,733] {dagbag.py:500} INFO - Filling up the DagBag from /home/airflow/.local/lib/python3.7/site-packages/airflow/example_dags/example_xcom.py
[2022-01-09 11:14:38,918] {processor.py:637} INFO - DAG(s) dict_keys(['example_xcom']) retrieved from /home/airflow/.local/lib/python3.7/site-packages/airflow/example_dags/example_xcom.py
[2022-01-09 11:14:39,361] {logging_mixin.py:109} INFO - [2022-01-09 11:14:39,361] {dag.py:2396} INFO - Sync 1 DAGs
[2022-01-09 11:14:39,380] {logging_mixin.py:109} INFO - [2022-01-09 11:14:39,380] {dag.py:2928} INFO - Setting next_dagrun for example_xcom to 2021-01-01T00:00:00+00:00
[2022-01-09 11:14:39,397] {processor.py:171} INFO - Processing /home/airflow/.local/lib/python3.7/site-packages/airflow/example_dags/example_xcom.py took 0.673 seconds
[2022-01-09 11:15:09,540] {processor.py:163} INFO - Started process (PID=1527) to work on /home/airflow/.local/lib/python3.7/site-packages/airflow/example_dags/example_xcom.py
[2022-01-09 11:15:09,545] {processor.py:625} INFO - Processing file /home/airflow/.local/lib/python3.7/site-packages/airflow/example_dags/example_xcom.py for tasks to queue
[2022-01-09 11:15:09,548] {logging_mixin.py:109} INFO - [2022-01-09 11:15:09,548] {dagbag.py:500} INFO - Filling up the DagBag from /home/airflow/.local/lib/python3.7/site-packages/airflow/example_dags/example_xcom.py
[2022-01-09 11:15:09,885] {processor.py:637} INFO - DAG(s) dict_keys(['example_xcom']) retrieved from /home/airflow/.local/lib/python3.7/site-packages/airflow/example_dags/example_xcom.py
[2022-01-09 11:15:10,412] {logging_mixin.py:109} INFO - [2022-01-09 11:15:10,411] {dag.py:2396} INFO - Sync 1 DAGs
[2022-01-09 11:15:10,450] {logging_mixin.py:109} INFO - [2022-01-09 11:15:10,449] {dag.py:2928} INFO - Setting next_dagrun for example_xcom to 2021-01-01T00:00:00+00:00
[2022-01-09 11:15:10,481] {processor.py:171} INFO - Processing /home/airflow/.local/lib/python3.7/site-packages/airflow/example_dags/example_xcom.py took 0.951 seconds
[2022-01-09 11:15:40,972] {processor.py:163} INFO - Started process (PID=1589) to work on /home/airflow/.local/lib/python3.7/site-packages/airflow/example_dags/example_xcom.py
[2022-01-09 11:15:40,977] {processor.py:625} INFO - Processing file /home/airflow/.local/lib/python3.7/site-packages/airflow/example_dags/example_xcom.py for tasks to queue
[2022-01-09 11:15:40,980] {logging_mixin.py:109} INFO - [2022-01-09 11:15:40,980] {dagbag.py:500} INFO - Filling up the DagBag from /home/airflow/.local/lib/python3.7/site-packages/airflow/example_dags/example_xcom.py
[2022-01-09 11:15:41,080] {processor.py:637} INFO - DAG(s) dict_keys(['example_xcom']) retrieved from /home/airflow/.local/lib/python3.7/site-packages/airflow/example_dags/example_xcom.py
[2022-01-09 11:15:41,820] {logging_mixin.py:109} INFO - [2022-01-09 11:15:41,819] {dag.py:2396} INFO - Sync 1 DAGs
[2022-01-09 11:15:41,867] {logging_mixin.py:109} INFO - [2022-01-09 11:15:41,867] {dag.py:2928} INFO - Setting next_dagrun for example_xcom to 2021-01-01T00:00:00+00:00
[2022-01-09 11:15:41,903] {processor.py:171} INFO - Processing /home/airflow/.local/lib/python3.7/site-packages/airflow/example_dags/example_xcom.py took 0.943 seconds
[2022-01-09 11:16:12,410] {processor.py:163} INFO - Started process (PID=1656) to work on /home/airflow/.local/lib/python3.7/site-packages/airflow/example_dags/example_xcom.py
[2022-01-09 11:16:12,414] {processor.py:625} INFO - Processing file /home/airflow/.local/lib/python3.7/site-packages/airflow/example_dags/example_xcom.py for tasks to queue
[2022-01-09 11:16:12,418] {logging_mixin.py:109} INFO - [2022-01-09 11:16:12,417] {dagbag.py:500} INFO - Filling up the DagBag from /home/airflow/.local/lib/python3.7/site-packages/airflow/example_dags/example_xcom.py
[2022-01-09 11:16:12,526] {processor.py:637} INFO - DAG(s) dict_keys(['example_xcom']) retrieved from /home/airflow/.local/lib/python3.7/site-packages/airflow/example_dags/example_xcom.py
[2022-01-09 11:16:12,816] {logging_mixin.py:109} INFO - [2022-01-09 11:16:12,816] {dag.py:2396} INFO - Sync 1 DAGs
[2022-01-09 11:16:12,835] {logging_mixin.py:109} INFO - [2022-01-09 11:16:12,835] {dag.py:2928} INFO - Setting next_dagrun for example_xcom to 2021-01-01T00:00:00+00:00
[2022-01-09 11:16:12,851] {processor.py:171} INFO - Processing /home/airflow/.local/lib/python3.7/site-packages/airflow/example_dags/example_xcom.py took 0.455 seconds
[2022-01-09 11:16:43,007] {processor.py:163} INFO - Started process (PID=1723) to work on /home/airflow/.local/lib/python3.7/site-packages/airflow/example_dags/example_xcom.py
[2022-01-09 11:16:43,010] {processor.py:625} INFO - Processing file /home/airflow/.local/lib/python3.7/site-packages/airflow/example_dags/example_xcom.py for tasks to queue
[2022-01-09 11:16:43,011] {logging_mixin.py:109} INFO - [2022-01-09 11:16:43,011] {dagbag.py:500} INFO - Filling up the DagBag from /home/airflow/.local/lib/python3.7/site-packages/airflow/example_dags/example_xcom.py
[2022-01-09 11:16:43,057] {processor.py:637} INFO - DAG(s) dict_keys(['example_xcom']) retrieved from /home/airflow/.local/lib/python3.7/site-packages/airflow/example_dags/example_xcom.py
[2022-01-09 11:16:43,414] {logging_mixin.py:109} INFO - [2022-01-09 11:16:43,413] {dag.py:2396} INFO - Sync 1 DAGs
[2022-01-09 11:16:43,433] {logging_mixin.py:109} INFO - [2022-01-09 11:16:43,433] {dag.py:2928} INFO - Setting next_dagrun for example_xcom to 2021-01-01T00:00:00+00:00
[2022-01-09 11:16:43,450] {processor.py:171} INFO - Processing /home/airflow/.local/lib/python3.7/site-packages/airflow/example_dags/example_xcom.py took 0.448 seconds
[2022-01-09 11:17:14,373] {processor.py:163} INFO - Started process (PID=1784) to work on /home/airflow/.local/lib/python3.7/site-packages/airflow/example_dags/example_xcom.py
[2022-01-09 11:17:14,384] {processor.py:625} INFO - Processing file /home/airflow/.local/lib/python3.7/site-packages/airflow/example_dags/example_xcom.py for tasks to queue
[2022-01-09 11:17:14,390] {logging_mixin.py:109} INFO - [2022-01-09 11:17:14,389] {dagbag.py:500} INFO - Filling up the DagBag from /home/airflow/.local/lib/python3.7/site-packages/airflow/example_dags/example_xcom.py
[2022-01-09 11:17:14,494] {processor.py:637} INFO - DAG(s) dict_keys(['example_xcom']) retrieved from /home/airflow/.local/lib/python3.7/site-packages/airflow/example_dags/example_xcom.py
[2022-01-09 11:17:15,062] {logging_mixin.py:109} INFO - [2022-01-09 11:17:15,062] {dag.py:2396} INFO - Sync 1 DAGs
[2022-01-09 11:17:15,094] {logging_mixin.py:109} INFO - [2022-01-09 11:17:15,094] {dag.py:2928} INFO - Setting next_dagrun for example_xcom to 2021-01-01T00:00:00+00:00
[2022-01-09 11:17:15,118] {processor.py:171} INFO - Processing /home/airflow/.local/lib/python3.7/site-packages/airflow/example_dags/example_xcom.py took 0.760 seconds
[2022-01-09 11:17:45,788] {processor.py:163} INFO - Started process (PID=1846) to work on /home/airflow/.local/lib/python3.7/site-packages/airflow/example_dags/example_xcom.py
[2022-01-09 11:17:45,793] {processor.py:625} INFO - Processing file /home/airflow/.local/lib/python3.7/site-packages/airflow/example_dags/example_xcom.py for tasks to queue
[2022-01-09 11:17:45,795] {logging_mixin.py:109} INFO - [2022-01-09 11:17:45,795] {dagbag.py:500} INFO - Filling up the DagBag from /home/airflow/.local/lib/python3.7/site-packages/airflow/example_dags/example_xcom.py
[2022-01-09 11:17:45,894] {processor.py:637} INFO - DAG(s) dict_keys(['example_xcom']) retrieved from /home/airflow/.local/lib/python3.7/site-packages/airflow/example_dags/example_xcom.py
[2022-01-09 11:17:46,366] {logging_mixin.py:109} INFO - [2022-01-09 11:17:46,366] {dag.py:2396} INFO - Sync 1 DAGs
[2022-01-09 11:17:46,411] {logging_mixin.py:109} INFO - [2022-01-09 11:17:46,411] {dag.py:2928} INFO - Setting next_dagrun for example_xcom to 2021-01-01T00:00:00+00:00
[2022-01-09 11:17:46,438] {processor.py:171} INFO - Processing /home/airflow/.local/lib/python3.7/site-packages/airflow/example_dags/example_xcom.py took 0.661 seconds
[2022-01-09 11:18:16,974] {processor.py:163} INFO - Started process (PID=1907) to work on /home/airflow/.local/lib/python3.7/site-packages/airflow/example_dags/example_xcom.py
[2022-01-09 11:18:16,979] {processor.py:625} INFO - Processing file /home/airflow/.local/lib/python3.7/site-packages/airflow/example_dags/example_xcom.py for tasks to queue
[2022-01-09 11:18:16,982] {logging_mixin.py:109} INFO - [2022-01-09 11:18:16,982] {dagbag.py:500} INFO - Filling up the DagBag from /home/airflow/.local/lib/python3.7/site-packages/airflow/example_dags/example_xcom.py
[2022-01-09 11:18:17,101] {processor.py:637} INFO - DAG(s) dict_keys(['example_xcom']) retrieved from /home/airflow/.local/lib/python3.7/site-packages/airflow/example_dags/example_xcom.py
[2022-01-09 11:18:17,623] {logging_mixin.py:109} INFO - [2022-01-09 11:18:17,623] {dag.py:2396} INFO - Sync 1 DAGs
[2022-01-09 11:18:17,643] {logging_mixin.py:109} INFO - [2022-01-09 11:18:17,642] {dag.py:2928} INFO - Setting next_dagrun for example_xcom to 2021-01-01T00:00:00+00:00
[2022-01-09 11:18:17,659] {processor.py:171} INFO - Processing /home/airflow/.local/lib/python3.7/site-packages/airflow/example_dags/example_xcom.py took 0.697 seconds
[2022-01-09 11:18:48,109] {processor.py:163} INFO - Started process (PID=1969) to work on /home/airflow/.local/lib/python3.7/site-packages/airflow/example_dags/example_xcom.py
[2022-01-09 11:18:48,117] {processor.py:625} INFO - Processing file /home/airflow/.local/lib/python3.7/site-packages/airflow/example_dags/example_xcom.py for tasks to queue
[2022-01-09 11:18:48,122] {logging_mixin.py:109} INFO - [2022-01-09 11:18:48,121] {dagbag.py:500} INFO - Filling up the DagBag from /home/airflow/.local/lib/python3.7/site-packages/airflow/example_dags/example_xcom.py
[2022-01-09 11:18:48,246] {processor.py:637} INFO - DAG(s) dict_keys(['example_xcom']) retrieved from /home/airflow/.local/lib/python3.7/site-packages/airflow/example_dags/example_xcom.py
[2022-01-09 11:18:48,515] {logging_mixin.py:109} INFO - [2022-01-09 11:18:48,515] {dag.py:2396} INFO - Sync 1 DAGs
[2022-01-09 11:18:48,532] {logging_mixin.py:109} INFO - [2022-01-09 11:18:48,531] {dag.py:2928} INFO - Setting next_dagrun for example_xcom to 2021-01-01T00:00:00+00:00
[2022-01-09 11:18:48,547] {processor.py:171} INFO - Processing /home/airflow/.local/lib/python3.7/site-packages/airflow/example_dags/example_xcom.py took 0.457 seconds
[2022-01-09 11:19:18,735] {processor.py:163} INFO - Started process (PID=2041) to work on /home/airflow/.local/lib/python3.7/site-packages/airflow/example_dags/example_xcom.py
[2022-01-09 11:19:18,737] {processor.py:625} INFO - Processing file /home/airflow/.local/lib/python3.7/site-packages/airflow/example_dags/example_xcom.py for tasks to queue
[2022-01-09 11:19:18,738] {logging_mixin.py:109} INFO - [2022-01-09 11:19:18,738] {dagbag.py:500} INFO - Filling up the DagBag from /home/airflow/.local/lib/python3.7/site-packages/airflow/example_dags/example_xcom.py
[2022-01-09 11:19:18,787] {processor.py:637} INFO - DAG(s) dict_keys(['example_xcom']) retrieved from /home/airflow/.local/lib/python3.7/site-packages/airflow/example_dags/example_xcom.py
[2022-01-09 11:19:19,089] {logging_mixin.py:109} INFO - [2022-01-09 11:19:19,089] {dag.py:2396} INFO - Sync 1 DAGs
[2022-01-09 11:19:19,108] {logging_mixin.py:109} INFO - [2022-01-09 11:19:19,108] {dag.py:2928} INFO - Setting next_dagrun for example_xcom to 2021-01-01T00:00:00+00:00
[2022-01-09 11:19:19,125] {processor.py:171} INFO - Processing /home/airflow/.local/lib/python3.7/site-packages/airflow/example_dags/example_xcom.py took 0.394 seconds
[2022-01-09 11:19:49,186] {processor.py:163} INFO - Started process (PID=2103) to work on /home/airflow/.local/lib/python3.7/site-packages/airflow/example_dags/example_xcom.py
[2022-01-09 11:19:49,189] {processor.py:625} INFO - Processing file /home/airflow/.local/lib/python3.7/site-packages/airflow/example_dags/example_xcom.py for tasks to queue
[2022-01-09 11:19:49,190] {logging_mixin.py:109} INFO - [2022-01-09 11:19:49,190] {dagbag.py:500} INFO - Filling up the DagBag from /home/airflow/.local/lib/python3.7/site-packages/airflow/example_dags/example_xcom.py
[2022-01-09 11:19:49,259] {processor.py:637} INFO - DAG(s) dict_keys(['example_xcom']) retrieved from /home/airflow/.local/lib/python3.7/site-packages/airflow/example_dags/example_xcom.py
[2022-01-09 11:19:49,620] {logging_mixin.py:109} INFO - [2022-01-09 11:19:49,620] {dag.py:2396} INFO - Sync 1 DAGs
[2022-01-09 11:19:49,652] {logging_mixin.py:109} INFO - [2022-01-09 11:19:49,652] {dag.py:2928} INFO - Setting next_dagrun for example_xcom to 2021-01-01T00:00:00+00:00
[2022-01-09 11:19:49,673] {processor.py:171} INFO - Processing /home/airflow/.local/lib/python3.7/site-packages/airflow/example_dags/example_xcom.py took 0.492 seconds
[2022-01-09 11:20:19,926] {processor.py:163} INFO - Started process (PID=2164) to work on /home/airflow/.local/lib/python3.7/site-packages/airflow/example_dags/example_xcom.py
[2022-01-09 11:20:19,932] {processor.py:625} INFO - Processing file /home/airflow/.local/lib/python3.7/site-packages/airflow/example_dags/example_xcom.py for tasks to queue
[2022-01-09 11:20:19,935] {logging_mixin.py:109} INFO - [2022-01-09 11:20:19,934] {dagbag.py:500} INFO - Filling up the DagBag from /home/airflow/.local/lib/python3.7/site-packages/airflow/example_dags/example_xcom.py
[2022-01-09 11:20:20,051] {processor.py:637} INFO - DAG(s) dict_keys(['example_xcom']) retrieved from /home/airflow/.local/lib/python3.7/site-packages/airflow/example_dags/example_xcom.py
[2022-01-09 11:20:20,682] {logging_mixin.py:109} INFO - [2022-01-09 11:20:20,682] {dag.py:2396} INFO - Sync 1 DAGs
[2022-01-09 11:20:20,715] {logging_mixin.py:109} INFO - [2022-01-09 11:20:20,714] {dag.py:2928} INFO - Setting next_dagrun for example_xcom to 2021-01-01T00:00:00+00:00
[2022-01-09 11:20:20,743] {processor.py:171} INFO - Processing /home/airflow/.local/lib/python3.7/site-packages/airflow/example_dags/example_xcom.py took 0.828 seconds
[2022-01-09 11:20:50,880] {processor.py:163} INFO - Started process (PID=2224) to work on /home/airflow/.local/lib/python3.7/site-packages/airflow/example_dags/example_xcom.py
[2022-01-09 11:20:50,883] {processor.py:625} INFO - Processing file /home/airflow/.local/lib/python3.7/site-packages/airflow/example_dags/example_xcom.py for tasks to queue
[2022-01-09 11:20:50,885] {logging_mixin.py:109} INFO - [2022-01-09 11:20:50,884] {dagbag.py:500} INFO - Filling up the DagBag from /home/airflow/.local/lib/python3.7/site-packages/airflow/example_dags/example_xcom.py
[2022-01-09 11:20:50,960] {processor.py:637} INFO - DAG(s) dict_keys(['example_xcom']) retrieved from /home/airflow/.local/lib/python3.7/site-packages/airflow/example_dags/example_xcom.py
[2022-01-09 11:20:51,403] {logging_mixin.py:109} INFO - [2022-01-09 11:20:51,402] {dag.py:2396} INFO - Sync 1 DAGs
[2022-01-09 11:20:51,434] {logging_mixin.py:109} INFO - [2022-01-09 11:20:51,434] {dag.py:2928} INFO - Setting next_dagrun for example_xcom to 2021-01-01T00:00:00+00:00
[2022-01-09 11:20:51,459] {processor.py:171} INFO - Processing /home/airflow/.local/lib/python3.7/site-packages/airflow/example_dags/example_xcom.py took 0.587 seconds
[2022-01-09 11:21:22,144] {processor.py:163} INFO - Started process (PID=2286) to work on /home/airflow/.local/lib/python3.7/site-packages/airflow/example_dags/example_xcom.py
[2022-01-09 11:21:22,149] {processor.py:625} INFO - Processing file /home/airflow/.local/lib/python3.7/site-packages/airflow/example_dags/example_xcom.py for tasks to queue
[2022-01-09 11:21:22,152] {logging_mixin.py:109} INFO - [2022-01-09 11:21:22,152] {dagbag.py:500} INFO - Filling up the DagBag from /home/airflow/.local/lib/python3.7/site-packages/airflow/example_dags/example_xcom.py
[2022-01-09 11:21:22,268] {processor.py:637} INFO - DAG(s) dict_keys(['example_xcom']) retrieved from /home/airflow/.local/lib/python3.7/site-packages/airflow/example_dags/example_xcom.py
[2022-01-09 11:21:23,234] {logging_mixin.py:109} INFO - [2022-01-09 11:21:23,234] {dag.py:2396} INFO - Sync 1 DAGs
[2022-01-09 11:21:23,308] {logging_mixin.py:109} INFO - [2022-01-09 11:21:23,308] {dag.py:2928} INFO - Setting next_dagrun for example_xcom to 2021-01-01T00:00:00+00:00
[2022-01-09 11:21:23,354] {processor.py:171} INFO - Processing /home/airflow/.local/lib/python3.7/site-packages/airflow/example_dags/example_xcom.py took 1.226 seconds
[2022-01-09 11:21:53,709] {processor.py:163} INFO - Started process (PID=2348) to work on /home/airflow/.local/lib/python3.7/site-packages/airflow/example_dags/example_xcom.py
[2022-01-09 11:21:53,715] {processor.py:625} INFO - Processing file /home/airflow/.local/lib/python3.7/site-packages/airflow/example_dags/example_xcom.py for tasks to queue
[2022-01-09 11:21:53,717] {logging_mixin.py:109} INFO - [2022-01-09 11:21:53,717] {dagbag.py:500} INFO - Filling up the DagBag from /home/airflow/.local/lib/python3.7/site-packages/airflow/example_dags/example_xcom.py
[2022-01-09 11:21:53,774] {processor.py:637} INFO - DAG(s) dict_keys(['example_xcom']) retrieved from /home/airflow/.local/lib/python3.7/site-packages/airflow/example_dags/example_xcom.py
[2022-01-09 11:21:54,270] {logging_mixin.py:109} INFO - [2022-01-09 11:21:54,269] {dag.py:2396} INFO - Sync 1 DAGs
[2022-01-09 11:21:54,304] {logging_mixin.py:109} INFO - [2022-01-09 11:21:54,304] {dag.py:2928} INFO - Setting next_dagrun for example_xcom to 2021-01-01T00:00:00+00:00
[2022-01-09 11:21:54,335] {processor.py:171} INFO - Processing /home/airflow/.local/lib/python3.7/site-packages/airflow/example_dags/example_xcom.py took 0.646 seconds
[2022-01-09 11:22:24,418] {processor.py:163} INFO - Started process (PID=2410) to work on /home/airflow/.local/lib/python3.7/site-packages/airflow/example_dags/example_xcom.py
[2022-01-09 11:22:24,422] {processor.py:625} INFO - Processing file /home/airflow/.local/lib/python3.7/site-packages/airflow/example_dags/example_xcom.py for tasks to queue
[2022-01-09 11:22:24,424] {logging_mixin.py:109} INFO - [2022-01-09 11:22:24,424] {dagbag.py:500} INFO - Filling up the DagBag from /home/airflow/.local/lib/python3.7/site-packages/airflow/example_dags/example_xcom.py
[2022-01-09 11:22:24,502] {processor.py:637} INFO - DAG(s) dict_keys(['example_xcom']) retrieved from /home/airflow/.local/lib/python3.7/site-packages/airflow/example_dags/example_xcom.py
[2022-01-09 11:22:24,923] {logging_mixin.py:109} INFO - [2022-01-09 11:22:24,923] {dag.py:2396} INFO - Sync 1 DAGs
[2022-01-09 11:22:24,960] {logging_mixin.py:109} INFO - [2022-01-09 11:22:24,959] {dag.py:2928} INFO - Setting next_dagrun for example_xcom to 2021-01-01T00:00:00+00:00
[2022-01-09 11:22:24,995] {processor.py:171} INFO - Processing /home/airflow/.local/lib/python3.7/site-packages/airflow/example_dags/example_xcom.py took 0.583 seconds
[2022-01-09 11:22:55,593] {processor.py:163} INFO - Started process (PID=2471) to work on /home/airflow/.local/lib/python3.7/site-packages/airflow/example_dags/example_xcom.py
[2022-01-09 11:22:55,597] {processor.py:625} INFO - Processing file /home/airflow/.local/lib/python3.7/site-packages/airflow/example_dags/example_xcom.py for tasks to queue
[2022-01-09 11:22:55,600] {logging_mixin.py:109} INFO - [2022-01-09 11:22:55,599] {dagbag.py:500} INFO - Filling up the DagBag from /home/airflow/.local/lib/python3.7/site-packages/airflow/example_dags/example_xcom.py
[2022-01-09 11:22:55,681] {processor.py:637} INFO - DAG(s) dict_keys(['example_xcom']) retrieved from /home/airflow/.local/lib/python3.7/site-packages/airflow/example_dags/example_xcom.py
[2022-01-09 11:22:56,194] {logging_mixin.py:109} INFO - [2022-01-09 11:22:56,194] {dag.py:2396} INFO - Sync 1 DAGs
[2022-01-09 11:22:56,263] {logging_mixin.py:109} INFO - [2022-01-09 11:22:56,263] {dag.py:2928} INFO - Setting next_dagrun for example_xcom to 2021-01-01T00:00:00+00:00
[2022-01-09 11:22:56,314] {processor.py:171} INFO - Processing /home/airflow/.local/lib/python3.7/site-packages/airflow/example_dags/example_xcom.py took 0.731 seconds
[2022-01-09 11:23:26,763] {processor.py:163} INFO - Started process (PID=2531) to work on /home/airflow/.local/lib/python3.7/site-packages/airflow/example_dags/example_xcom.py
[2022-01-09 11:23:26,769] {processor.py:625} INFO - Processing file /home/airflow/.local/lib/python3.7/site-packages/airflow/example_dags/example_xcom.py for tasks to queue
[2022-01-09 11:23:26,773] {logging_mixin.py:109} INFO - [2022-01-09 11:23:26,772] {dagbag.py:500} INFO - Filling up the DagBag from /home/airflow/.local/lib/python3.7/site-packages/airflow/example_dags/example_xcom.py
[2022-01-09 11:23:26,894] {processor.py:637} INFO - DAG(s) dict_keys(['example_xcom']) retrieved from /home/airflow/.local/lib/python3.7/site-packages/airflow/example_dags/example_xcom.py
[2022-01-09 11:23:27,507] {logging_mixin.py:109} INFO - [2022-01-09 11:23:27,507] {dag.py:2396} INFO - Sync 1 DAGs
[2022-01-09 11:23:27,528] {logging_mixin.py:109} INFO - [2022-01-09 11:23:27,528] {dag.py:2928} INFO - Setting next_dagrun for example_xcom to 2021-01-01T00:00:00+00:00
[2022-01-09 11:23:27,543] {processor.py:171} INFO - Processing /home/airflow/.local/lib/python3.7/site-packages/airflow/example_dags/example_xcom.py took 0.795 seconds
[2022-01-09 11:23:57,716] {processor.py:163} INFO - Started process (PID=2594) to work on /home/airflow/.local/lib/python3.7/site-packages/airflow/example_dags/example_xcom.py
[2022-01-09 11:23:57,720] {processor.py:625} INFO - Processing file /home/airflow/.local/lib/python3.7/site-packages/airflow/example_dags/example_xcom.py for tasks to queue
[2022-01-09 11:23:57,721] {logging_mixin.py:109} INFO - [2022-01-09 11:23:57,721] {dagbag.py:500} INFO - Filling up the DagBag from /home/airflow/.local/lib/python3.7/site-packages/airflow/example_dags/example_xcom.py
[2022-01-09 11:23:57,805] {processor.py:637} INFO - DAG(s) dict_keys(['example_xcom']) retrieved from /home/airflow/.local/lib/python3.7/site-packages/airflow/example_dags/example_xcom.py
[2022-01-09 11:23:58,141] {logging_mixin.py:109} INFO - [2022-01-09 11:23:58,141] {dag.py:2396} INFO - Sync 1 DAGs
[2022-01-09 11:23:58,163] {logging_mixin.py:109} INFO - [2022-01-09 11:23:58,163] {dag.py:2928} INFO - Setting next_dagrun for example_xcom to 2021-01-01T00:00:00+00:00
[2022-01-09 11:23:58,187] {processor.py:171} INFO - Processing /home/airflow/.local/lib/python3.7/site-packages/airflow/example_dags/example_xcom.py took 0.477 seconds
[2022-01-09 11:24:28,263] {processor.py:163} INFO - Started process (PID=2654) to work on /home/airflow/.local/lib/python3.7/site-packages/airflow/example_dags/example_xcom.py
[2022-01-09 11:24:28,265] {processor.py:625} INFO - Processing file /home/airflow/.local/lib/python3.7/site-packages/airflow/example_dags/example_xcom.py for tasks to queue
[2022-01-09 11:24:28,267] {logging_mixin.py:109} INFO - [2022-01-09 11:24:28,267] {dagbag.py:500} INFO - Filling up the DagBag from /home/airflow/.local/lib/python3.7/site-packages/airflow/example_dags/example_xcom.py
[2022-01-09 11:24:28,306] {processor.py:637} INFO - DAG(s) dict_keys(['example_xcom']) retrieved from /home/airflow/.local/lib/python3.7/site-packages/airflow/example_dags/example_xcom.py
[2022-01-09 11:24:28,579] {logging_mixin.py:109} INFO - [2022-01-09 11:24:28,579] {dag.py:2396} INFO - Sync 1 DAGs
[2022-01-09 11:24:28,599] {logging_mixin.py:109} INFO - [2022-01-09 11:24:28,599] {dag.py:2928} INFO - Setting next_dagrun for example_xcom to 2021-01-01T00:00:00+00:00
[2022-01-09 11:24:28,612] {processor.py:171} INFO - Processing /home/airflow/.local/lib/python3.7/site-packages/airflow/example_dags/example_xcom.py took 0.354 seconds
[2022-01-09 11:24:58,658] {processor.py:163} INFO - Started process (PID=2715) to work on /home/airflow/.local/lib/python3.7/site-packages/airflow/example_dags/example_xcom.py
[2022-01-09 11:24:58,660] {processor.py:625} INFO - Processing file /home/airflow/.local/lib/python3.7/site-packages/airflow/example_dags/example_xcom.py for tasks to queue
[2022-01-09 11:24:58,661] {logging_mixin.py:109} INFO - [2022-01-09 11:24:58,661] {dagbag.py:500} INFO - Filling up the DagBag from /home/airflow/.local/lib/python3.7/site-packages/airflow/example_dags/example_xcom.py
[2022-01-09 11:24:58,700] {processor.py:637} INFO - DAG(s) dict_keys(['example_xcom']) retrieved from /home/airflow/.local/lib/python3.7/site-packages/airflow/example_dags/example_xcom.py
[2022-01-09 11:24:59,006] {logging_mixin.py:109} INFO - [2022-01-09 11:24:59,006] {dag.py:2396} INFO - Sync 1 DAGs
[2022-01-09 11:24:59,026] {logging_mixin.py:109} INFO - [2022-01-09 11:24:59,026] {dag.py:2928} INFO - Setting next_dagrun for example_xcom to 2021-01-01T00:00:00+00:00
[2022-01-09 11:24:59,051] {processor.py:171} INFO - Processing /home/airflow/.local/lib/python3.7/site-packages/airflow/example_dags/example_xcom.py took 0.398 seconds
[2022-01-09 11:25:30,244] {processor.py:163} INFO - Started process (PID=2780) to work on /home/airflow/.local/lib/python3.7/site-packages/airflow/example_dags/example_xcom.py
[2022-01-09 11:25:30,246] {processor.py:625} INFO - Processing file /home/airflow/.local/lib/python3.7/site-packages/airflow/example_dags/example_xcom.py for tasks to queue
[2022-01-09 11:25:30,255] {logging_mixin.py:109} INFO - [2022-01-09 11:25:30,255] {dagbag.py:500} INFO - Filling up the DagBag from /home/airflow/.local/lib/python3.7/site-packages/airflow/example_dags/example_xcom.py
[2022-01-09 11:25:30,351] {processor.py:637} INFO - DAG(s) dict_keys(['example_xcom']) retrieved from /home/airflow/.local/lib/python3.7/site-packages/airflow/example_dags/example_xcom.py
[2022-01-09 11:25:31,324] {logging_mixin.py:109} INFO - [2022-01-09 11:25:31,323] {dag.py:2396} INFO - Sync 1 DAGs
[2022-01-09 11:25:31,372] {logging_mixin.py:109} INFO - [2022-01-09 11:25:31,371] {dag.py:2928} INFO - Setting next_dagrun for example_xcom to 2021-01-01T00:00:00+00:00
[2022-01-09 11:25:31,398] {processor.py:171} INFO - Processing /home/airflow/.local/lib/python3.7/site-packages/airflow/example_dags/example_xcom.py took 1.159 seconds
[2022-01-09 11:26:02,969] {processor.py:163} INFO - Started process (PID=2830) to work on /home/airflow/.local/lib/python3.7/site-packages/airflow/example_dags/example_xcom.py
[2022-01-09 11:26:03,022] {processor.py:625} INFO - Processing file /home/airflow/.local/lib/python3.7/site-packages/airflow/example_dags/example_xcom.py for tasks to queue
[2022-01-09 11:26:03,039] {logging_mixin.py:109} INFO - [2022-01-09 11:26:03,039] {dagbag.py:500} INFO - Filling up the DagBag from /home/airflow/.local/lib/python3.7/site-packages/airflow/example_dags/example_xcom.py
[2022-01-09 11:26:03,133] {processor.py:637} INFO - DAG(s) dict_keys(['example_xcom']) retrieved from /home/airflow/.local/lib/python3.7/site-packages/airflow/example_dags/example_xcom.py
[2022-01-09 11:26:04,540] {logging_mixin.py:109} INFO - [2022-01-09 11:26:04,539] {dag.py:2396} INFO - Sync 1 DAGs
[2022-01-09 11:26:04,598] {logging_mixin.py:109} INFO - [2022-01-09 11:26:04,596] {dag.py:2928} INFO - Setting next_dagrun for example_xcom to 2021-01-01T00:00:00+00:00
[2022-01-09 11:26:04,640] {processor.py:171} INFO - Processing /home/airflow/.local/lib/python3.7/site-packages/airflow/example_dags/example_xcom.py took 1.677 seconds
[2022-01-09 11:26:35,165] {processor.py:163} INFO - Started process (PID=2892) to work on /home/airflow/.local/lib/python3.7/site-packages/airflow/example_dags/example_xcom.py
[2022-01-09 11:26:35,167] {processor.py:625} INFO - Processing file /home/airflow/.local/lib/python3.7/site-packages/airflow/example_dags/example_xcom.py for tasks to queue
[2022-01-09 11:26:35,170] {logging_mixin.py:109} INFO - [2022-01-09 11:26:35,170] {dagbag.py:500} INFO - Filling up the DagBag from /home/airflow/.local/lib/python3.7/site-packages/airflow/example_dags/example_xcom.py
[2022-01-09 11:26:35,243] {processor.py:637} INFO - DAG(s) dict_keys(['example_xcom']) retrieved from /home/airflow/.local/lib/python3.7/site-packages/airflow/example_dags/example_xcom.py
[2022-01-09 11:26:35,771] {logging_mixin.py:109} INFO - [2022-01-09 11:26:35,771] {dag.py:2396} INFO - Sync 1 DAGs
[2022-01-09 11:26:35,802] {logging_mixin.py:109} INFO - [2022-01-09 11:26:35,802] {dag.py:2928} INFO - Setting next_dagrun for example_xcom to 2021-01-01T00:00:00+00:00
[2022-01-09 11:26:35,829] {processor.py:171} INFO - Processing /home/airflow/.local/lib/python3.7/site-packages/airflow/example_dags/example_xcom.py took 0.670 seconds
[2022-01-09 11:27:05,941] {processor.py:163} INFO - Started process (PID=2953) to work on /home/airflow/.local/lib/python3.7/site-packages/airflow/example_dags/example_xcom.py
[2022-01-09 11:27:05,945] {processor.py:625} INFO - Processing file /home/airflow/.local/lib/python3.7/site-packages/airflow/example_dags/example_xcom.py for tasks to queue
[2022-01-09 11:27:05,946] {logging_mixin.py:109} INFO - [2022-01-09 11:27:05,946] {dagbag.py:500} INFO - Filling up the DagBag from /home/airflow/.local/lib/python3.7/site-packages/airflow/example_dags/example_xcom.py
[2022-01-09 11:27:06,018] {processor.py:637} INFO - DAG(s) dict_keys(['example_xcom']) retrieved from /home/airflow/.local/lib/python3.7/site-packages/airflow/example_dags/example_xcom.py
[2022-01-09 11:27:06,574] {logging_mixin.py:109} INFO - [2022-01-09 11:27:06,573] {dag.py:2396} INFO - Sync 1 DAGs
[2022-01-09 11:27:06,618] {logging_mixin.py:109} INFO - [2022-01-09 11:27:06,617] {dag.py:2928} INFO - Setting next_dagrun for example_xcom to 2021-01-01T00:00:00+00:00
[2022-01-09 11:27:06,651] {processor.py:171} INFO - Processing /home/airflow/.local/lib/python3.7/site-packages/airflow/example_dags/example_xcom.py took 0.718 seconds
[2022-01-09 11:27:37,170] {processor.py:163} INFO - Started process (PID=3015) to work on /home/airflow/.local/lib/python3.7/site-packages/airflow/example_dags/example_xcom.py
[2022-01-09 11:27:37,173] {processor.py:625} INFO - Processing file /home/airflow/.local/lib/python3.7/site-packages/airflow/example_dags/example_xcom.py for tasks to queue
[2022-01-09 11:27:37,176] {logging_mixin.py:109} INFO - [2022-01-09 11:27:37,175] {dagbag.py:500} INFO - Filling up the DagBag from /home/airflow/.local/lib/python3.7/site-packages/airflow/example_dags/example_xcom.py
[2022-01-09 11:27:37,251] {processor.py:637} INFO - DAG(s) dict_keys(['example_xcom']) retrieved from /home/airflow/.local/lib/python3.7/site-packages/airflow/example_dags/example_xcom.py
[2022-01-09 11:27:37,647] {logging_mixin.py:109} INFO - [2022-01-09 11:27:37,646] {dag.py:2396} INFO - Sync 1 DAGs
[2022-01-09 11:27:37,676] {logging_mixin.py:109} INFO - [2022-01-09 11:27:37,675] {dag.py:2928} INFO - Setting next_dagrun for example_xcom to 2021-01-01T00:00:00+00:00
[2022-01-09 11:27:37,701] {processor.py:171} INFO - Processing /home/airflow/.local/lib/python3.7/site-packages/airflow/example_dags/example_xcom.py took 0.538 seconds
[2022-01-09 11:28:08,134] {processor.py:163} INFO - Started process (PID=3076) to work on /home/airflow/.local/lib/python3.7/site-packages/airflow/example_dags/example_xcom.py
[2022-01-09 11:28:08,139] {processor.py:625} INFO - Processing file /home/airflow/.local/lib/python3.7/site-packages/airflow/example_dags/example_xcom.py for tasks to queue
[2022-01-09 11:28:08,141] {logging_mixin.py:109} INFO - [2022-01-09 11:28:08,141] {dagbag.py:500} INFO - Filling up the DagBag from /home/airflow/.local/lib/python3.7/site-packages/airflow/example_dags/example_xcom.py
[2022-01-09 11:28:08,234] {processor.py:637} INFO - DAG(s) dict_keys(['example_xcom']) retrieved from /home/airflow/.local/lib/python3.7/site-packages/airflow/example_dags/example_xcom.py
[2022-01-09 11:28:09,797] {logging_mixin.py:109} INFO - [2022-01-09 11:28:09,797] {dag.py:2396} INFO - Sync 1 DAGs
[2022-01-09 11:28:09,871] {logging_mixin.py:109} INFO - [2022-01-09 11:28:09,870] {dag.py:2928} INFO - Setting next_dagrun for example_xcom to 2021-01-01T00:00:00+00:00
[2022-01-09 11:28:09,985] {processor.py:171} INFO - Processing /home/airflow/.local/lib/python3.7/site-packages/airflow/example_dags/example_xcom.py took 1.867 seconds
[2022-01-09 11:28:40,157] {processor.py:163} INFO - Started process (PID=3138) to work on /home/airflow/.local/lib/python3.7/site-packages/airflow/example_dags/example_xcom.py
[2022-01-09 11:28:40,161] {processor.py:625} INFO - Processing file /home/airflow/.local/lib/python3.7/site-packages/airflow/example_dags/example_xcom.py for tasks to queue
[2022-01-09 11:28:40,165] {logging_mixin.py:109} INFO - [2022-01-09 11:28:40,165] {dagbag.py:500} INFO - Filling up the DagBag from /home/airflow/.local/lib/python3.7/site-packages/airflow/example_dags/example_xcom.py
[2022-01-09 11:28:40,251] {processor.py:637} INFO - DAG(s) dict_keys(['example_xcom']) retrieved from /home/airflow/.local/lib/python3.7/site-packages/airflow/example_dags/example_xcom.py
[2022-01-09 11:28:40,649] {logging_mixin.py:109} INFO - [2022-01-09 11:28:40,649] {dag.py:2396} INFO - Sync 1 DAGs
[2022-01-09 11:28:40,672] {logging_mixin.py:109} INFO - [2022-01-09 11:28:40,672] {dag.py:2928} INFO - Setting next_dagrun for example_xcom to 2021-01-01T00:00:00+00:00
[2022-01-09 11:28:40,689] {processor.py:171} INFO - Processing /home/airflow/.local/lib/python3.7/site-packages/airflow/example_dags/example_xcom.py took 0.540 seconds
[2022-01-09 11:29:11,647] {processor.py:163} INFO - Started process (PID=3200) to work on /home/airflow/.local/lib/python3.7/site-packages/airflow/example_dags/example_xcom.py
[2022-01-09 11:29:11,650] {processor.py:625} INFO - Processing file /home/airflow/.local/lib/python3.7/site-packages/airflow/example_dags/example_xcom.py for tasks to queue
[2022-01-09 11:29:11,662] {logging_mixin.py:109} INFO - [2022-01-09 11:29:11,662] {dagbag.py:500} INFO - Filling up the DagBag from /home/airflow/.local/lib/python3.7/site-packages/airflow/example_dags/example_xcom.py
[2022-01-09 11:29:11,755] {processor.py:637} INFO - DAG(s) dict_keys(['example_xcom']) retrieved from /home/airflow/.local/lib/python3.7/site-packages/airflow/example_dags/example_xcom.py
[2022-01-09 11:29:12,352] {logging_mixin.py:109} INFO - [2022-01-09 11:29:12,352] {dag.py:2396} INFO - Sync 1 DAGs
[2022-01-09 11:29:12,377] {logging_mixin.py:109} INFO - [2022-01-09 11:29:12,377] {dag.py:2928} INFO - Setting next_dagrun for example_xcom to 2021-01-01T00:00:00+00:00
[2022-01-09 11:29:12,398] {processor.py:171} INFO - Processing /home/airflow/.local/lib/python3.7/site-packages/airflow/example_dags/example_xcom.py took 0.756 seconds
[2022-01-09 11:29:42,889] {processor.py:163} INFO - Started process (PID=3252) to work on /home/airflow/.local/lib/python3.7/site-packages/airflow/example_dags/example_xcom.py
[2022-01-09 11:29:42,894] {processor.py:625} INFO - Processing file /home/airflow/.local/lib/python3.7/site-packages/airflow/example_dags/example_xcom.py for tasks to queue
[2022-01-09 11:29:42,897] {logging_mixin.py:109} INFO - [2022-01-09 11:29:42,897] {dagbag.py:500} INFO - Filling up the DagBag from /home/airflow/.local/lib/python3.7/site-packages/airflow/example_dags/example_xcom.py
[2022-01-09 11:29:42,946] {processor.py:637} INFO - DAG(s) dict_keys(['example_xcom']) retrieved from /home/airflow/.local/lib/python3.7/site-packages/airflow/example_dags/example_xcom.py
[2022-01-09 11:29:43,387] {logging_mixin.py:109} INFO - [2022-01-09 11:29:43,387] {dag.py:2396} INFO - Sync 1 DAGs
[2022-01-09 11:29:43,425] {logging_mixin.py:109} INFO - [2022-01-09 11:29:43,425] {dag.py:2928} INFO - Setting next_dagrun for example_xcom to 2021-01-01T00:00:00+00:00
[2022-01-09 11:29:43,451] {processor.py:171} INFO - Processing /home/airflow/.local/lib/python3.7/site-packages/airflow/example_dags/example_xcom.py took 0.566 seconds
[2022-01-09 11:30:13,810] {processor.py:163} INFO - Started process (PID=3313) to work on /home/airflow/.local/lib/python3.7/site-packages/airflow/example_dags/example_xcom.py
[2022-01-09 11:30:13,812] {processor.py:625} INFO - Processing file /home/airflow/.local/lib/python3.7/site-packages/airflow/example_dags/example_xcom.py for tasks to queue
[2022-01-09 11:30:13,821] {logging_mixin.py:109} INFO - [2022-01-09 11:30:13,820] {dagbag.py:500} INFO - Filling up the DagBag from /home/airflow/.local/lib/python3.7/site-packages/airflow/example_dags/example_xcom.py
[2022-01-09 11:30:13,868] {processor.py:637} INFO - DAG(s) dict_keys(['example_xcom']) retrieved from /home/airflow/.local/lib/python3.7/site-packages/airflow/example_dags/example_xcom.py
[2022-01-09 11:30:14,249] {logging_mixin.py:109} INFO - [2022-01-09 11:30:14,249] {dag.py:2396} INFO - Sync 1 DAGs
[2022-01-09 11:30:14,268] {logging_mixin.py:109} INFO - [2022-01-09 11:30:14,268] {dag.py:2928} INFO - Setting next_dagrun for example_xcom to 2021-01-01T00:00:00+00:00
[2022-01-09 11:30:14,289] {processor.py:171} INFO - Processing /home/airflow/.local/lib/python3.7/site-packages/airflow/example_dags/example_xcom.py took 0.484 seconds
[2022-01-09 11:30:44,381] {processor.py:163} INFO - Started process (PID=3374) to work on /home/airflow/.local/lib/python3.7/site-packages/airflow/example_dags/example_xcom.py
[2022-01-09 11:30:44,383] {processor.py:625} INFO - Processing file /home/airflow/.local/lib/python3.7/site-packages/airflow/example_dags/example_xcom.py for tasks to queue
[2022-01-09 11:30:44,384] {logging_mixin.py:109} INFO - [2022-01-09 11:30:44,384] {dagbag.py:500} INFO - Filling up the DagBag from /home/airflow/.local/lib/python3.7/site-packages/airflow/example_dags/example_xcom.py
[2022-01-09 11:30:44,415] {processor.py:637} INFO - DAG(s) dict_keys(['example_xcom']) retrieved from /home/airflow/.local/lib/python3.7/site-packages/airflow/example_dags/example_xcom.py
[2022-01-09 11:30:44,817] {logging_mixin.py:109} INFO - [2022-01-09 11:30:44,816] {dag.py:2396} INFO - Sync 1 DAGs
[2022-01-09 11:30:44,846] {logging_mixin.py:109} INFO - [2022-01-09 11:30:44,846] {dag.py:2928} INFO - Setting next_dagrun for example_xcom to 2021-01-01T00:00:00+00:00
[2022-01-09 11:30:44,861] {processor.py:171} INFO - Processing /home/airflow/.local/lib/python3.7/site-packages/airflow/example_dags/example_xcom.py took 0.482 seconds
[2022-01-09 11:31:14,987] {processor.py:163} INFO - Started process (PID=3435) to work on /home/airflow/.local/lib/python3.7/site-packages/airflow/example_dags/example_xcom.py
[2022-01-09 11:31:14,990] {processor.py:625} INFO - Processing file /home/airflow/.local/lib/python3.7/site-packages/airflow/example_dags/example_xcom.py for tasks to queue
[2022-01-09 11:31:14,992] {logging_mixin.py:109} INFO - [2022-01-09 11:31:14,991] {dagbag.py:500} INFO - Filling up the DagBag from /home/airflow/.local/lib/python3.7/site-packages/airflow/example_dags/example_xcom.py
[2022-01-09 11:31:15,056] {processor.py:637} INFO - DAG(s) dict_keys(['example_xcom']) retrieved from /home/airflow/.local/lib/python3.7/site-packages/airflow/example_dags/example_xcom.py
[2022-01-09 11:31:15,795] {logging_mixin.py:109} INFO - [2022-01-09 11:31:15,794] {dag.py:2396} INFO - Sync 1 DAGs
[2022-01-09 11:31:15,970] {logging_mixin.py:109} INFO - [2022-01-09 11:31:15,970] {dag.py:2928} INFO - Setting next_dagrun for example_xcom to 2021-01-01T00:00:00+00:00
[2022-01-09 11:31:16,049] {processor.py:171} INFO - Processing /home/airflow/.local/lib/python3.7/site-packages/airflow/example_dags/example_xcom.py took 1.075 seconds
[2022-01-09 11:31:46,383] {processor.py:163} INFO - Started process (PID=3496) to work on /home/airflow/.local/lib/python3.7/site-packages/airflow/example_dags/example_xcom.py
[2022-01-09 11:31:46,385] {processor.py:625} INFO - Processing file /home/airflow/.local/lib/python3.7/site-packages/airflow/example_dags/example_xcom.py for tasks to queue
[2022-01-09 11:31:46,389] {logging_mixin.py:109} INFO - [2022-01-09 11:31:46,389] {dagbag.py:500} INFO - Filling up the DagBag from /home/airflow/.local/lib/python3.7/site-packages/airflow/example_dags/example_xcom.py
[2022-01-09 11:31:46,476] {processor.py:637} INFO - DAG(s) dict_keys(['example_xcom']) retrieved from /home/airflow/.local/lib/python3.7/site-packages/airflow/example_dags/example_xcom.py
[2022-01-09 11:31:47,128] {logging_mixin.py:109} INFO - [2022-01-09 11:31:47,128] {dag.py:2396} INFO - Sync 1 DAGs
[2022-01-09 11:31:47,178] {logging_mixin.py:109} INFO - [2022-01-09 11:31:47,178] {dag.py:2928} INFO - Setting next_dagrun for example_xcom to 2021-01-01T00:00:00+00:00
[2022-01-09 11:31:47,210] {processor.py:171} INFO - Processing /home/airflow/.local/lib/python3.7/site-packages/airflow/example_dags/example_xcom.py took 0.832 seconds
[2022-01-09 11:32:18,151] {processor.py:163} INFO - Started process (PID=3547) to work on /home/airflow/.local/lib/python3.7/site-packages/airflow/example_dags/example_xcom.py
[2022-01-09 11:32:18,153] {processor.py:625} INFO - Processing file /home/airflow/.local/lib/python3.7/site-packages/airflow/example_dags/example_xcom.py for tasks to queue
[2022-01-09 11:32:18,154] {logging_mixin.py:109} INFO - [2022-01-09 11:32:18,154] {dagbag.py:500} INFO - Filling up the DagBag from /home/airflow/.local/lib/python3.7/site-packages/airflow/example_dags/example_xcom.py
[2022-01-09 11:32:18,199] {processor.py:637} INFO - DAG(s) dict_keys(['example_xcom']) retrieved from /home/airflow/.local/lib/python3.7/site-packages/airflow/example_dags/example_xcom.py
[2022-01-09 11:32:18,882] {logging_mixin.py:109} INFO - [2022-01-09 11:32:18,882] {dag.py:2396} INFO - Sync 1 DAGs
[2022-01-09 11:32:18,956] {logging_mixin.py:109} INFO - [2022-01-09 11:32:18,956] {dag.py:2928} INFO - Setting next_dagrun for example_xcom to 2021-01-01T00:00:00+00:00
[2022-01-09 11:32:19,000] {processor.py:171} INFO - Processing /home/airflow/.local/lib/python3.7/site-packages/airflow/example_dags/example_xcom.py took 0.853 seconds
[2022-01-09 11:32:49,106] {processor.py:163} INFO - Started process (PID=3608) to work on /home/airflow/.local/lib/python3.7/site-packages/airflow/example_dags/example_xcom.py
[2022-01-09 11:32:49,108] {processor.py:625} INFO - Processing file /home/airflow/.local/lib/python3.7/site-packages/airflow/example_dags/example_xcom.py for tasks to queue
[2022-01-09 11:32:49,109] {logging_mixin.py:109} INFO - [2022-01-09 11:32:49,108] {dagbag.py:500} INFO - Filling up the DagBag from /home/airflow/.local/lib/python3.7/site-packages/airflow/example_dags/example_xcom.py
[2022-01-09 11:32:49,135] {processor.py:637} INFO - DAG(s) dict_keys(['example_xcom']) retrieved from /home/airflow/.local/lib/python3.7/site-packages/airflow/example_dags/example_xcom.py
[2022-01-09 11:32:49,323] {logging_mixin.py:109} INFO - [2022-01-09 11:32:49,323] {dag.py:2396} INFO - Sync 1 DAGs
[2022-01-09 11:32:49,337] {logging_mixin.py:109} INFO - [2022-01-09 11:32:49,337] {dag.py:2928} INFO - Setting next_dagrun for example_xcom to 2021-01-01T00:00:00+00:00
[2022-01-09 11:32:49,347] {processor.py:171} INFO - Processing /home/airflow/.local/lib/python3.7/site-packages/airflow/example_dags/example_xcom.py took 0.244 seconds
[2022-01-09 11:33:20,137] {processor.py:163} INFO - Started process (PID=3678) to work on /home/airflow/.local/lib/python3.7/site-packages/airflow/example_dags/example_xcom.py
[2022-01-09 11:33:20,138] {processor.py:625} INFO - Processing file /home/airflow/.local/lib/python3.7/site-packages/airflow/example_dags/example_xcom.py for tasks to queue
[2022-01-09 11:33:20,139] {logging_mixin.py:109} INFO - [2022-01-09 11:33:20,139] {dagbag.py:500} INFO - Filling up the DagBag from /home/airflow/.local/lib/python3.7/site-packages/airflow/example_dags/example_xcom.py
[2022-01-09 11:33:20,164] {processor.py:637} INFO - DAG(s) dict_keys(['example_xcom']) retrieved from /home/airflow/.local/lib/python3.7/site-packages/airflow/example_dags/example_xcom.py
[2022-01-09 11:33:20,360] {logging_mixin.py:109} INFO - [2022-01-09 11:33:20,360] {dag.py:2396} INFO - Sync 1 DAGs
[2022-01-09 11:33:20,377] {logging_mixin.py:109} INFO - [2022-01-09 11:33:20,377] {dag.py:2928} INFO - Setting next_dagrun for example_xcom to 2021-01-01T00:00:00+00:00
[2022-01-09 11:33:20,392] {processor.py:171} INFO - Processing /home/airflow/.local/lib/python3.7/site-packages/airflow/example_dags/example_xcom.py took 0.258 seconds
[2022-01-09 11:33:50,470] {processor.py:163} INFO - Started process (PID=3739) to work on /home/airflow/.local/lib/python3.7/site-packages/airflow/example_dags/example_xcom.py
[2022-01-09 11:33:50,472] {processor.py:625} INFO - Processing file /home/airflow/.local/lib/python3.7/site-packages/airflow/example_dags/example_xcom.py for tasks to queue
[2022-01-09 11:33:50,473] {logging_mixin.py:109} INFO - [2022-01-09 11:33:50,473] {dagbag.py:500} INFO - Filling up the DagBag from /home/airflow/.local/lib/python3.7/site-packages/airflow/example_dags/example_xcom.py
[2022-01-09 11:33:50,530] {processor.py:637} INFO - DAG(s) dict_keys(['example_xcom']) retrieved from /home/airflow/.local/lib/python3.7/site-packages/airflow/example_dags/example_xcom.py
[2022-01-09 11:33:51,204] {logging_mixin.py:109} INFO - [2022-01-09 11:33:51,204] {dag.py:2396} INFO - Sync 1 DAGs
[2022-01-09 11:33:51,290] {logging_mixin.py:109} INFO - [2022-01-09 11:33:51,290] {dag.py:2928} INFO - Setting next_dagrun for example_xcom to 2021-01-01T00:00:00+00:00
[2022-01-09 11:33:51,321] {processor.py:171} INFO - Processing /home/airflow/.local/lib/python3.7/site-packages/airflow/example_dags/example_xcom.py took 0.855 seconds
[2022-01-09 11:34:21,407] {processor.py:163} INFO - Started process (PID=3801) to work on /home/airflow/.local/lib/python3.7/site-packages/airflow/example_dags/example_xcom.py
[2022-01-09 11:34:21,409] {processor.py:625} INFO - Processing file /home/airflow/.local/lib/python3.7/site-packages/airflow/example_dags/example_xcom.py for tasks to queue
[2022-01-09 11:34:21,410] {logging_mixin.py:109} INFO - [2022-01-09 11:34:21,410] {dagbag.py:500} INFO - Filling up the DagBag from /home/airflow/.local/lib/python3.7/site-packages/airflow/example_dags/example_xcom.py
[2022-01-09 11:34:21,460] {processor.py:637} INFO - DAG(s) dict_keys(['example_xcom']) retrieved from /home/airflow/.local/lib/python3.7/site-packages/airflow/example_dags/example_xcom.py
[2022-01-09 11:34:21,917] {logging_mixin.py:109} INFO - [2022-01-09 11:34:21,917] {dag.py:2396} INFO - Sync 1 DAGs
[2022-01-09 11:34:21,940] {logging_mixin.py:109} INFO - [2022-01-09 11:34:21,939] {dag.py:2928} INFO - Setting next_dagrun for example_xcom to 2021-01-01T00:00:00+00:00
[2022-01-09 11:34:21,955] {processor.py:171} INFO - Processing /home/airflow/.local/lib/python3.7/site-packages/airflow/example_dags/example_xcom.py took 0.553 seconds
[2022-01-09 11:34:52,894] {processor.py:163} INFO - Started process (PID=3872) to work on /home/airflow/.local/lib/python3.7/site-packages/airflow/example_dags/example_xcom.py
[2022-01-09 11:34:52,896] {processor.py:625} INFO - Processing file /home/airflow/.local/lib/python3.7/site-packages/airflow/example_dags/example_xcom.py for tasks to queue
[2022-01-09 11:34:52,897] {logging_mixin.py:109} INFO - [2022-01-09 11:34:52,897] {dagbag.py:500} INFO - Filling up the DagBag from /home/airflow/.local/lib/python3.7/site-packages/airflow/example_dags/example_xcom.py
[2022-01-09 11:34:52,946] {processor.py:637} INFO - DAG(s) dict_keys(['example_xcom']) retrieved from /home/airflow/.local/lib/python3.7/site-packages/airflow/example_dags/example_xcom.py
[2022-01-09 11:34:53,400] {logging_mixin.py:109} INFO - [2022-01-09 11:34:53,400] {dag.py:2396} INFO - Sync 1 DAGs
[2022-01-09 11:34:53,422] {logging_mixin.py:109} INFO - [2022-01-09 11:34:53,422] {dag.py:2928} INFO - Setting next_dagrun for example_xcom to 2021-01-01T00:00:00+00:00
[2022-01-09 11:34:53,451] {processor.py:171} INFO - Processing /home/airflow/.local/lib/python3.7/site-packages/airflow/example_dags/example_xcom.py took 0.561 seconds
[2022-01-09 11:35:23,651] {processor.py:163} INFO - Started process (PID=3936) to work on /home/airflow/.local/lib/python3.7/site-packages/airflow/example_dags/example_xcom.py
[2022-01-09 11:35:23,657] {processor.py:625} INFO - Processing file /home/airflow/.local/lib/python3.7/site-packages/airflow/example_dags/example_xcom.py for tasks to queue
[2022-01-09 11:35:23,661] {logging_mixin.py:109} INFO - [2022-01-09 11:35:23,660] {dagbag.py:500} INFO - Filling up the DagBag from /home/airflow/.local/lib/python3.7/site-packages/airflow/example_dags/example_xcom.py
[2022-01-09 11:35:23,755] {processor.py:637} INFO - DAG(s) dict_keys(['example_xcom']) retrieved from /home/airflow/.local/lib/python3.7/site-packages/airflow/example_dags/example_xcom.py
[2022-01-09 11:35:24,497] {logging_mixin.py:109} INFO - [2022-01-09 11:35:24,497] {dag.py:2396} INFO - Sync 1 DAGs
[2022-01-09 11:35:24,528] {logging_mixin.py:109} INFO - [2022-01-09 11:35:24,527] {dag.py:2928} INFO - Setting next_dagrun for example_xcom to 2021-01-01T00:00:00+00:00
[2022-01-09 11:35:24,551] {processor.py:171} INFO - Processing /home/airflow/.local/lib/python3.7/site-packages/airflow/example_dags/example_xcom.py took 0.906 seconds
[2022-01-09 11:35:55,287] {processor.py:163} INFO - Started process (PID=3998) to work on /home/airflow/.local/lib/python3.7/site-packages/airflow/example_dags/example_xcom.py
[2022-01-09 11:35:55,288] {processor.py:625} INFO - Processing file /home/airflow/.local/lib/python3.7/site-packages/airflow/example_dags/example_xcom.py for tasks to queue
[2022-01-09 11:35:55,289] {logging_mixin.py:109} INFO - [2022-01-09 11:35:55,289] {dagbag.py:500} INFO - Filling up the DagBag from /home/airflow/.local/lib/python3.7/site-packages/airflow/example_dags/example_xcom.py
[2022-01-09 11:35:55,322] {processor.py:637} INFO - DAG(s) dict_keys(['example_xcom']) retrieved from /home/airflow/.local/lib/python3.7/site-packages/airflow/example_dags/example_xcom.py
[2022-01-09 11:35:55,655] {logging_mixin.py:109} INFO - [2022-01-09 11:35:55,655] {dag.py:2396} INFO - Sync 1 DAGs
[2022-01-09 11:35:55,671] {logging_mixin.py:109} INFO - [2022-01-09 11:35:55,671] {dag.py:2928} INFO - Setting next_dagrun for example_xcom to 2021-01-01T00:00:00+00:00
[2022-01-09 11:35:55,682] {processor.py:171} INFO - Processing /home/airflow/.local/lib/python3.7/site-packages/airflow/example_dags/example_xcom.py took 0.398 seconds
[2022-01-09 11:36:25,883] {processor.py:163} INFO - Started process (PID=4062) to work on /home/airflow/.local/lib/python3.7/site-packages/airflow/example_dags/example_xcom.py
[2022-01-09 11:36:25,885] {processor.py:625} INFO - Processing file /home/airflow/.local/lib/python3.7/site-packages/airflow/example_dags/example_xcom.py for tasks to queue
[2022-01-09 11:36:25,886] {logging_mixin.py:109} INFO - [2022-01-09 11:36:25,886] {dagbag.py:500} INFO - Filling up the DagBag from /home/airflow/.local/lib/python3.7/site-packages/airflow/example_dags/example_xcom.py
[2022-01-09 11:36:25,942] {processor.py:637} INFO - DAG(s) dict_keys(['example_xcom']) retrieved from /home/airflow/.local/lib/python3.7/site-packages/airflow/example_dags/example_xcom.py
[2022-01-09 11:36:26,520] {logging_mixin.py:109} INFO - [2022-01-09 11:36:26,519] {dag.py:2396} INFO - Sync 1 DAGs
[2022-01-09 11:36:26,562] {logging_mixin.py:109} INFO - [2022-01-09 11:36:26,562] {dag.py:2928} INFO - Setting next_dagrun for example_xcom to 2021-01-01T00:00:00+00:00
[2022-01-09 11:36:26,605] {processor.py:171} INFO - Processing /home/airflow/.local/lib/python3.7/site-packages/airflow/example_dags/example_xcom.py took 0.729 seconds
[2022-01-09 11:36:57,328] {processor.py:163} INFO - Started process (PID=4124) to work on /home/airflow/.local/lib/python3.7/site-packages/airflow/example_dags/example_xcom.py
[2022-01-09 11:36:57,335] {processor.py:625} INFO - Processing file /home/airflow/.local/lib/python3.7/site-packages/airflow/example_dags/example_xcom.py for tasks to queue
[2022-01-09 11:36:57,337] {logging_mixin.py:109} INFO - [2022-01-09 11:36:57,337] {dagbag.py:500} INFO - Filling up the DagBag from /home/airflow/.local/lib/python3.7/site-packages/airflow/example_dags/example_xcom.py
[2022-01-09 11:36:57,413] {processor.py:637} INFO - DAG(s) dict_keys(['example_xcom']) retrieved from /home/airflow/.local/lib/python3.7/site-packages/airflow/example_dags/example_xcom.py
