[2022-01-09 11:03:15,820] {processor.py:163} INFO - Started process (PID=56) to work on /home/airflow/.local/lib/python3.7/site-packages/airflow/example_dags/example_complex.py
[2022-01-09 11:03:15,830] {processor.py:625} INFO - Processing file /home/airflow/.local/lib/python3.7/site-packages/airflow/example_dags/example_complex.py for tasks to queue
[2022-01-09 11:03:15,832] {logging_mixin.py:109} INFO - [2022-01-09 11:03:15,832] {dagbag.py:500} INFO - Filling up the DagBag from /home/airflow/.local/lib/python3.7/site-packages/airflow/example_dags/example_complex.py
[2022-01-09 11:03:15,933] {processor.py:637} INFO - DAG(s) dict_keys(['example_complex']) retrieved from /home/airflow/.local/lib/python3.7/site-packages/airflow/example_dags/example_complex.py
[2022-01-09 11:03:15,977] {logging_mixin.py:109} INFO - [2022-01-09 11:03:15,977] {dag.py:2396} INFO - Sync 1 DAGs
[2022-01-09 11:03:16,012] {logging_mixin.py:109} INFO - [2022-01-09 11:03:16,011] {dag.py:2928} INFO - Setting next_dagrun for example_complex to None
[2022-01-09 11:03:16,031] {processor.py:171} INFO - Processing /home/airflow/.local/lib/python3.7/site-packages/airflow/example_dags/example_complex.py took 0.220 seconds
[2022-01-09 11:03:47,425] {processor.py:163} INFO - Started process (PID=141) to work on /home/airflow/.local/lib/python3.7/site-packages/airflow/example_dags/example_complex.py
[2022-01-09 11:03:47,428] {processor.py:625} INFO - Processing file /home/airflow/.local/lib/python3.7/site-packages/airflow/example_dags/example_complex.py for tasks to queue
[2022-01-09 11:03:47,430] {logging_mixin.py:109} INFO - [2022-01-09 11:03:47,430] {dagbag.py:500} INFO - Filling up the DagBag from /home/airflow/.local/lib/python3.7/site-packages/airflow/example_dags/example_complex.py
[2022-01-09 11:03:47,503] {processor.py:637} INFO - DAG(s) dict_keys(['example_complex']) retrieved from /home/airflow/.local/lib/python3.7/site-packages/airflow/example_dags/example_complex.py
[2022-01-09 11:03:47,526] {logging_mixin.py:109} INFO - [2022-01-09 11:03:47,526] {dag.py:2396} INFO - Sync 1 DAGs
[2022-01-09 11:03:47,547] {logging_mixin.py:109} INFO - [2022-01-09 11:03:47,547] {dag.py:2928} INFO - Setting next_dagrun for example_complex to None
[2022-01-09 11:03:47,562] {processor.py:171} INFO - Processing /home/airflow/.local/lib/python3.7/site-packages/airflow/example_dags/example_complex.py took 0.143 seconds
[2022-01-09 11:04:18,940] {processor.py:163} INFO - Started process (PID=200) to work on /home/airflow/.local/lib/python3.7/site-packages/airflow/example_dags/example_complex.py
[2022-01-09 11:04:18,944] {processor.py:625} INFO - Processing file /home/airflow/.local/lib/python3.7/site-packages/airflow/example_dags/example_complex.py for tasks to queue
[2022-01-09 11:04:18,963] {logging_mixin.py:109} INFO - [2022-01-09 11:04:18,962] {dagbag.py:500} INFO - Filling up the DagBag from /home/airflow/.local/lib/python3.7/site-packages/airflow/example_dags/example_complex.py
[2022-01-09 11:04:19,092] {processor.py:637} INFO - DAG(s) dict_keys(['example_complex']) retrieved from /home/airflow/.local/lib/python3.7/site-packages/airflow/example_dags/example_complex.py
[2022-01-09 11:04:19,227] {logging_mixin.py:109} INFO - [2022-01-09 11:04:19,227] {dag.py:2396} INFO - Sync 1 DAGs
[2022-01-09 11:04:19,321] {logging_mixin.py:109} INFO - [2022-01-09 11:04:19,321] {dag.py:2928} INFO - Setting next_dagrun for example_complex to None
[2022-01-09 11:04:19,442] {processor.py:171} INFO - Processing /home/airflow/.local/lib/python3.7/site-packages/airflow/example_dags/example_complex.py took 0.506 seconds
[2022-01-09 11:04:50,244] {processor.py:163} INFO - Started process (PID=252) to work on /home/airflow/.local/lib/python3.7/site-packages/airflow/example_dags/example_complex.py
[2022-01-09 11:04:50,249] {processor.py:625} INFO - Processing file /home/airflow/.local/lib/python3.7/site-packages/airflow/example_dags/example_complex.py for tasks to queue
[2022-01-09 11:04:50,252] {logging_mixin.py:109} INFO - [2022-01-09 11:04:50,252] {dagbag.py:500} INFO - Filling up the DagBag from /home/airflow/.local/lib/python3.7/site-packages/airflow/example_dags/example_complex.py
[2022-01-09 11:04:50,386] {processor.py:637} INFO - DAG(s) dict_keys(['example_complex']) retrieved from /home/airflow/.local/lib/python3.7/site-packages/airflow/example_dags/example_complex.py
[2022-01-09 11:04:50,455] {logging_mixin.py:109} INFO - [2022-01-09 11:04:50,454] {dag.py:2396} INFO - Sync 1 DAGs
[2022-01-09 11:04:50,535] {logging_mixin.py:109} INFO - [2022-01-09 11:04:50,534] {dag.py:2928} INFO - Setting next_dagrun for example_complex to None
[2022-01-09 11:04:50,577] {processor.py:171} INFO - Processing /home/airflow/.local/lib/python3.7/site-packages/airflow/example_dags/example_complex.py took 0.344 seconds
[2022-01-09 11:05:20,825] {processor.py:163} INFO - Started process (PID=322) to work on /home/airflow/.local/lib/python3.7/site-packages/airflow/example_dags/example_complex.py
[2022-01-09 11:05:20,827] {processor.py:625} INFO - Processing file /home/airflow/.local/lib/python3.7/site-packages/airflow/example_dags/example_complex.py for tasks to queue
[2022-01-09 11:05:20,829] {logging_mixin.py:109} INFO - [2022-01-09 11:05:20,828] {dagbag.py:500} INFO - Filling up the DagBag from /home/airflow/.local/lib/python3.7/site-packages/airflow/example_dags/example_complex.py
[2022-01-09 11:05:20,883] {processor.py:637} INFO - DAG(s) dict_keys(['example_complex']) retrieved from /home/airflow/.local/lib/python3.7/site-packages/airflow/example_dags/example_complex.py
[2022-01-09 11:05:20,911] {logging_mixin.py:109} INFO - [2022-01-09 11:05:20,911] {dag.py:2396} INFO - Sync 1 DAGs
[2022-01-09 11:05:20,937] {logging_mixin.py:109} INFO - [2022-01-09 11:05:20,937] {dag.py:2928} INFO - Setting next_dagrun for example_complex to None
[2022-01-09 11:05:20,951] {processor.py:171} INFO - Processing /home/airflow/.local/lib/python3.7/site-packages/airflow/example_dags/example_complex.py took 0.131 seconds
[2022-01-09 11:05:51,112] {processor.py:163} INFO - Started process (PID=384) to work on /home/airflow/.local/lib/python3.7/site-packages/airflow/example_dags/example_complex.py
[2022-01-09 11:05:51,114] {processor.py:625} INFO - Processing file /home/airflow/.local/lib/python3.7/site-packages/airflow/example_dags/example_complex.py for tasks to queue
[2022-01-09 11:05:51,115] {logging_mixin.py:109} INFO - [2022-01-09 11:05:51,115] {dagbag.py:500} INFO - Filling up the DagBag from /home/airflow/.local/lib/python3.7/site-packages/airflow/example_dags/example_complex.py
[2022-01-09 11:05:51,182] {processor.py:637} INFO - DAG(s) dict_keys(['example_complex']) retrieved from /home/airflow/.local/lib/python3.7/site-packages/airflow/example_dags/example_complex.py
[2022-01-09 11:05:51,213] {logging_mixin.py:109} INFO - [2022-01-09 11:05:51,213] {dag.py:2396} INFO - Sync 1 DAGs
[2022-01-09 11:05:51,233] {logging_mixin.py:109} INFO - [2022-01-09 11:05:51,233] {dag.py:2928} INFO - Setting next_dagrun for example_complex to None
[2022-01-09 11:05:51,248] {processor.py:171} INFO - Processing /home/airflow/.local/lib/python3.7/site-packages/airflow/example_dags/example_complex.py took 0.140 seconds
[2022-01-09 11:06:21,280] {processor.py:163} INFO - Started process (PID=446) to work on /home/airflow/.local/lib/python3.7/site-packages/airflow/example_dags/example_complex.py
[2022-01-09 11:06:21,282] {processor.py:625} INFO - Processing file /home/airflow/.local/lib/python3.7/site-packages/airflow/example_dags/example_complex.py for tasks to queue
[2022-01-09 11:06:21,284] {logging_mixin.py:109} INFO - [2022-01-09 11:06:21,283] {dagbag.py:500} INFO - Filling up the DagBag from /home/airflow/.local/lib/python3.7/site-packages/airflow/example_dags/example_complex.py
[2022-01-09 11:06:21,347] {processor.py:637} INFO - DAG(s) dict_keys(['example_complex']) retrieved from /home/airflow/.local/lib/python3.7/site-packages/airflow/example_dags/example_complex.py
[2022-01-09 11:06:21,383] {logging_mixin.py:109} INFO - [2022-01-09 11:06:21,382] {dag.py:2396} INFO - Sync 1 DAGs
[2022-01-09 11:06:21,427] {logging_mixin.py:109} INFO - [2022-01-09 11:06:21,427] {dag.py:2928} INFO - Setting next_dagrun for example_complex to None
[2022-01-09 11:06:21,457] {processor.py:171} INFO - Processing /home/airflow/.local/lib/python3.7/site-packages/airflow/example_dags/example_complex.py took 0.181 seconds
[2022-01-09 11:06:52,072] {processor.py:163} INFO - Started process (PID=507) to work on /home/airflow/.local/lib/python3.7/site-packages/airflow/example_dags/example_complex.py
[2022-01-09 11:06:52,075] {processor.py:625} INFO - Processing file /home/airflow/.local/lib/python3.7/site-packages/airflow/example_dags/example_complex.py for tasks to queue
[2022-01-09 11:06:52,077] {logging_mixin.py:109} INFO - [2022-01-09 11:06:52,077] {dagbag.py:500} INFO - Filling up the DagBag from /home/airflow/.local/lib/python3.7/site-packages/airflow/example_dags/example_complex.py
[2022-01-09 11:06:52,180] {processor.py:637} INFO - DAG(s) dict_keys(['example_complex']) retrieved from /home/airflow/.local/lib/python3.7/site-packages/airflow/example_dags/example_complex.py
[2022-01-09 11:06:52,231] {logging_mixin.py:109} INFO - [2022-01-09 11:06:52,231] {dag.py:2396} INFO - Sync 1 DAGs
[2022-01-09 11:06:52,267] {logging_mixin.py:109} INFO - [2022-01-09 11:06:52,266] {dag.py:2928} INFO - Setting next_dagrun for example_complex to None
[2022-01-09 11:06:52,284] {processor.py:171} INFO - Processing /home/airflow/.local/lib/python3.7/site-packages/airflow/example_dags/example_complex.py took 0.220 seconds
[2022-01-09 11:07:22,794] {processor.py:163} INFO - Started process (PID=568) to work on /home/airflow/.local/lib/python3.7/site-packages/airflow/example_dags/example_complex.py
[2022-01-09 11:07:22,797] {processor.py:625} INFO - Processing file /home/airflow/.local/lib/python3.7/site-packages/airflow/example_dags/example_complex.py for tasks to queue
[2022-01-09 11:07:22,800] {logging_mixin.py:109} INFO - [2022-01-09 11:07:22,799] {dagbag.py:500} INFO - Filling up the DagBag from /home/airflow/.local/lib/python3.7/site-packages/airflow/example_dags/example_complex.py
[2022-01-09 11:07:22,871] {processor.py:637} INFO - DAG(s) dict_keys(['example_complex']) retrieved from /home/airflow/.local/lib/python3.7/site-packages/airflow/example_dags/example_complex.py
[2022-01-09 11:07:22,903] {logging_mixin.py:109} INFO - [2022-01-09 11:07:22,903] {dag.py:2396} INFO - Sync 1 DAGs
[2022-01-09 11:07:22,927] {logging_mixin.py:109} INFO - [2022-01-09 11:07:22,927] {dag.py:2928} INFO - Setting next_dagrun for example_complex to None
[2022-01-09 11:07:22,942] {processor.py:171} INFO - Processing /home/airflow/.local/lib/python3.7/site-packages/airflow/example_dags/example_complex.py took 0.159 seconds
[2022-01-09 11:07:53,041] {processor.py:163} INFO - Started process (PID=628) to work on /home/airflow/.local/lib/python3.7/site-packages/airflow/example_dags/example_complex.py
[2022-01-09 11:07:53,044] {processor.py:625} INFO - Processing file /home/airflow/.local/lib/python3.7/site-packages/airflow/example_dags/example_complex.py for tasks to queue
[2022-01-09 11:07:53,045] {logging_mixin.py:109} INFO - [2022-01-09 11:07:53,045] {dagbag.py:500} INFO - Filling up the DagBag from /home/airflow/.local/lib/python3.7/site-packages/airflow/example_dags/example_complex.py
[2022-01-09 11:07:53,132] {processor.py:637} INFO - DAG(s) dict_keys(['example_complex']) retrieved from /home/airflow/.local/lib/python3.7/site-packages/airflow/example_dags/example_complex.py
[2022-01-09 11:07:53,158] {logging_mixin.py:109} INFO - [2022-01-09 11:07:53,158] {dag.py:2396} INFO - Sync 1 DAGs
[2022-01-09 11:07:53,180] {logging_mixin.py:109} INFO - [2022-01-09 11:07:53,180] {dag.py:2928} INFO - Setting next_dagrun for example_complex to None
[2022-01-09 11:07:53,197] {processor.py:171} INFO - Processing /home/airflow/.local/lib/python3.7/site-packages/airflow/example_dags/example_complex.py took 0.163 seconds
[2022-01-09 11:08:23,289] {processor.py:163} INFO - Started process (PID=690) to work on /home/airflow/.local/lib/python3.7/site-packages/airflow/example_dags/example_complex.py
[2022-01-09 11:08:23,291] {processor.py:625} INFO - Processing file /home/airflow/.local/lib/python3.7/site-packages/airflow/example_dags/example_complex.py for tasks to queue
[2022-01-09 11:08:23,292] {logging_mixin.py:109} INFO - [2022-01-09 11:08:23,292] {dagbag.py:500} INFO - Filling up the DagBag from /home/airflow/.local/lib/python3.7/site-packages/airflow/example_dags/example_complex.py
[2022-01-09 11:08:23,342] {processor.py:637} INFO - DAG(s) dict_keys(['example_complex']) retrieved from /home/airflow/.local/lib/python3.7/site-packages/airflow/example_dags/example_complex.py
[2022-01-09 11:08:23,368] {logging_mixin.py:109} INFO - [2022-01-09 11:08:23,368] {dag.py:2396} INFO - Sync 1 DAGs
[2022-01-09 11:08:23,388] {logging_mixin.py:109} INFO - [2022-01-09 11:08:23,388] {dag.py:2928} INFO - Setting next_dagrun for example_complex to None
[2022-01-09 11:08:23,402] {processor.py:171} INFO - Processing /home/airflow/.local/lib/python3.7/site-packages/airflow/example_dags/example_complex.py took 0.117 seconds
[2022-01-09 11:08:54,130] {processor.py:163} INFO - Started process (PID=762) to work on /home/airflow/.local/lib/python3.7/site-packages/airflow/example_dags/example_complex.py
[2022-01-09 11:08:54,132] {processor.py:625} INFO - Processing file /home/airflow/.local/lib/python3.7/site-packages/airflow/example_dags/example_complex.py for tasks to queue
[2022-01-09 11:08:54,133] {logging_mixin.py:109} INFO - [2022-01-09 11:08:54,133] {dagbag.py:500} INFO - Filling up the DagBag from /home/airflow/.local/lib/python3.7/site-packages/airflow/example_dags/example_complex.py
[2022-01-09 11:08:54,177] {processor.py:637} INFO - DAG(s) dict_keys(['example_complex']) retrieved from /home/airflow/.local/lib/python3.7/site-packages/airflow/example_dags/example_complex.py
[2022-01-09 11:08:54,205] {logging_mixin.py:109} INFO - [2022-01-09 11:08:54,205] {dag.py:2396} INFO - Sync 1 DAGs
[2022-01-09 11:08:54,235] {logging_mixin.py:109} INFO - [2022-01-09 11:08:54,234] {dag.py:2928} INFO - Setting next_dagrun for example_complex to None
[2022-01-09 11:08:54,248] {processor.py:171} INFO - Processing /home/airflow/.local/lib/python3.7/site-packages/airflow/example_dags/example_complex.py took 0.122 seconds
[2022-01-09 11:09:24,585] {processor.py:163} INFO - Started process (PID=826) to work on /home/airflow/.local/lib/python3.7/site-packages/airflow/example_dags/example_complex.py
[2022-01-09 11:09:24,588] {processor.py:625} INFO - Processing file /home/airflow/.local/lib/python3.7/site-packages/airflow/example_dags/example_complex.py for tasks to queue
[2022-01-09 11:09:24,589] {logging_mixin.py:109} INFO - [2022-01-09 11:09:24,589] {dagbag.py:500} INFO - Filling up the DagBag from /home/airflow/.local/lib/python3.7/site-packages/airflow/example_dags/example_complex.py
[2022-01-09 11:09:24,664] {processor.py:637} INFO - DAG(s) dict_keys(['example_complex']) retrieved from /home/airflow/.local/lib/python3.7/site-packages/airflow/example_dags/example_complex.py
[2022-01-09 11:09:24,703] {logging_mixin.py:109} INFO - [2022-01-09 11:09:24,703] {dag.py:2396} INFO - Sync 1 DAGs
[2022-01-09 11:09:24,834] {logging_mixin.py:109} INFO - [2022-01-09 11:09:24,834] {dag.py:2928} INFO - Setting next_dagrun for example_complex to None
[2022-01-09 11:09:24,850] {processor.py:171} INFO - Processing /home/airflow/.local/lib/python3.7/site-packages/airflow/example_dags/example_complex.py took 0.271 seconds
[2022-01-09 11:09:55,299] {processor.py:163} INFO - Started process (PID=888) to work on /home/airflow/.local/lib/python3.7/site-packages/airflow/example_dags/example_complex.py
[2022-01-09 11:09:55,301] {processor.py:625} INFO - Processing file /home/airflow/.local/lib/python3.7/site-packages/airflow/example_dags/example_complex.py for tasks to queue
[2022-01-09 11:09:55,303] {logging_mixin.py:109} INFO - [2022-01-09 11:09:55,303] {dagbag.py:500} INFO - Filling up the DagBag from /home/airflow/.local/lib/python3.7/site-packages/airflow/example_dags/example_complex.py
[2022-01-09 11:09:55,354] {processor.py:637} INFO - DAG(s) dict_keys(['example_complex']) retrieved from /home/airflow/.local/lib/python3.7/site-packages/airflow/example_dags/example_complex.py
[2022-01-09 11:09:55,384] {logging_mixin.py:109} INFO - [2022-01-09 11:09:55,383] {dag.py:2396} INFO - Sync 1 DAGs
[2022-01-09 11:09:55,506] {logging_mixin.py:109} INFO - [2022-01-09 11:09:55,506] {dag.py:2928} INFO - Setting next_dagrun for example_complex to None
[2022-01-09 11:09:55,522] {processor.py:171} INFO - Processing /home/airflow/.local/lib/python3.7/site-packages/airflow/example_dags/example_complex.py took 0.227 seconds
[2022-01-09 11:10:26,071] {processor.py:163} INFO - Started process (PID=950) to work on /home/airflow/.local/lib/python3.7/site-packages/airflow/example_dags/example_complex.py
[2022-01-09 11:10:26,074] {processor.py:625} INFO - Processing file /home/airflow/.local/lib/python3.7/site-packages/airflow/example_dags/example_complex.py for tasks to queue
[2022-01-09 11:10:26,077] {logging_mixin.py:109} INFO - [2022-01-09 11:10:26,076] {dagbag.py:500} INFO - Filling up the DagBag from /home/airflow/.local/lib/python3.7/site-packages/airflow/example_dags/example_complex.py
[2022-01-09 11:10:26,204] {processor.py:637} INFO - DAG(s) dict_keys(['example_complex']) retrieved from /home/airflow/.local/lib/python3.7/site-packages/airflow/example_dags/example_complex.py
[2022-01-09 11:10:26,273] {logging_mixin.py:109} INFO - [2022-01-09 11:10:26,273] {dag.py:2396} INFO - Sync 1 DAGs
[2022-01-09 11:10:26,410] {logging_mixin.py:109} INFO - [2022-01-09 11:10:26,410] {dag.py:2928} INFO - Setting next_dagrun for example_complex to None
[2022-01-09 11:10:26,425] {processor.py:171} INFO - Processing /home/airflow/.local/lib/python3.7/site-packages/airflow/example_dags/example_complex.py took 0.362 seconds
[2022-01-09 11:10:57,039] {processor.py:163} INFO - Started process (PID=1012) to work on /home/airflow/.local/lib/python3.7/site-packages/airflow/example_dags/example_complex.py
[2022-01-09 11:10:57,043] {processor.py:625} INFO - Processing file /home/airflow/.local/lib/python3.7/site-packages/airflow/example_dags/example_complex.py for tasks to queue
[2022-01-09 11:10:57,045] {logging_mixin.py:109} INFO - [2022-01-09 11:10:57,045] {dagbag.py:500} INFO - Filling up the DagBag from /home/airflow/.local/lib/python3.7/site-packages/airflow/example_dags/example_complex.py
[2022-01-09 11:10:57,132] {processor.py:637} INFO - DAG(s) dict_keys(['example_complex']) retrieved from /home/airflow/.local/lib/python3.7/site-packages/airflow/example_dags/example_complex.py
[2022-01-09 11:10:57,343] {logging_mixin.py:109} INFO - [2022-01-09 11:10:57,342] {dag.py:2396} INFO - Sync 1 DAGs
[2022-01-09 11:10:57,366] {logging_mixin.py:109} INFO - [2022-01-09 11:10:57,366] {dag.py:2928} INFO - Setting next_dagrun for example_complex to None
[2022-01-09 11:10:57,378] {processor.py:171} INFO - Processing /home/airflow/.local/lib/python3.7/site-packages/airflow/example_dags/example_complex.py took 0.345 seconds
[2022-01-09 11:11:27,480] {processor.py:163} INFO - Started process (PID=1073) to work on /home/airflow/.local/lib/python3.7/site-packages/airflow/example_dags/example_complex.py
[2022-01-09 11:11:27,483] {processor.py:625} INFO - Processing file /home/airflow/.local/lib/python3.7/site-packages/airflow/example_dags/example_complex.py for tasks to queue
[2022-01-09 11:11:27,484] {logging_mixin.py:109} INFO - [2022-01-09 11:11:27,484] {dagbag.py:500} INFO - Filling up the DagBag from /home/airflow/.local/lib/python3.7/site-packages/airflow/example_dags/example_complex.py
[2022-01-09 11:11:27,561] {processor.py:637} INFO - DAG(s) dict_keys(['example_complex']) retrieved from /home/airflow/.local/lib/python3.7/site-packages/airflow/example_dags/example_complex.py
[2022-01-09 11:11:27,714] {logging_mixin.py:109} INFO - [2022-01-09 11:11:27,714] {dag.py:2396} INFO - Sync 1 DAGs
[2022-01-09 11:11:27,738] {logging_mixin.py:109} INFO - [2022-01-09 11:11:27,738] {dag.py:2928} INFO - Setting next_dagrun for example_complex to None
[2022-01-09 11:11:27,753] {processor.py:171} INFO - Processing /home/airflow/.local/lib/python3.7/site-packages/airflow/example_dags/example_complex.py took 0.279 seconds
[2022-01-09 11:11:58,448] {processor.py:163} INFO - Started process (PID=1134) to work on /home/airflow/.local/lib/python3.7/site-packages/airflow/example_dags/example_complex.py
[2022-01-09 11:11:58,451] {processor.py:625} INFO - Processing file /home/airflow/.local/lib/python3.7/site-packages/airflow/example_dags/example_complex.py for tasks to queue
[2022-01-09 11:11:58,453] {logging_mixin.py:109} INFO - [2022-01-09 11:11:58,452] {dagbag.py:500} INFO - Filling up the DagBag from /home/airflow/.local/lib/python3.7/site-packages/airflow/example_dags/example_complex.py
[2022-01-09 11:11:58,616] {processor.py:637} INFO - DAG(s) dict_keys(['example_complex']) retrieved from /home/airflow/.local/lib/python3.7/site-packages/airflow/example_dags/example_complex.py
[2022-01-09 11:11:58,641] {logging_mixin.py:109} INFO - [2022-01-09 11:11:58,640] {dag.py:2396} INFO - Sync 1 DAGs
[2022-01-09 11:11:58,660] {logging_mixin.py:109} INFO - [2022-01-09 11:11:58,660] {dag.py:2928} INFO - Setting next_dagrun for example_complex to None
[2022-01-09 11:11:58,673] {processor.py:171} INFO - Processing /home/airflow/.local/lib/python3.7/site-packages/airflow/example_dags/example_complex.py took 0.232 seconds
[2022-01-09 11:12:29,415] {processor.py:163} INFO - Started process (PID=1206) to work on /home/airflow/.local/lib/python3.7/site-packages/airflow/example_dags/example_complex.py
[2022-01-09 11:12:29,417] {processor.py:625} INFO - Processing file /home/airflow/.local/lib/python3.7/site-packages/airflow/example_dags/example_complex.py for tasks to queue
[2022-01-09 11:12:29,418] {logging_mixin.py:109} INFO - [2022-01-09 11:12:29,418] {dagbag.py:500} INFO - Filling up the DagBag from /home/airflow/.local/lib/python3.7/site-packages/airflow/example_dags/example_complex.py
[2022-01-09 11:12:29,585] {processor.py:637} INFO - DAG(s) dict_keys(['example_complex']) retrieved from /home/airflow/.local/lib/python3.7/site-packages/airflow/example_dags/example_complex.py
[2022-01-09 11:12:29,616] {logging_mixin.py:109} INFO - [2022-01-09 11:12:29,616] {dag.py:2396} INFO - Sync 1 DAGs
[2022-01-09 11:12:29,642] {logging_mixin.py:109} INFO - [2022-01-09 11:12:29,642] {dag.py:2928} INFO - Setting next_dagrun for example_complex to None
[2022-01-09 11:12:29,657] {processor.py:171} INFO - Processing /home/airflow/.local/lib/python3.7/site-packages/airflow/example_dags/example_complex.py took 0.246 seconds
[2022-01-09 11:12:59,788] {processor.py:163} INFO - Started process (PID=1268) to work on /home/airflow/.local/lib/python3.7/site-packages/airflow/example_dags/example_complex.py
[2022-01-09 11:12:59,790] {processor.py:625} INFO - Processing file /home/airflow/.local/lib/python3.7/site-packages/airflow/example_dags/example_complex.py for tasks to queue
[2022-01-09 11:12:59,791] {logging_mixin.py:109} INFO - [2022-01-09 11:12:59,791] {dagbag.py:500} INFO - Filling up the DagBag from /home/airflow/.local/lib/python3.7/site-packages/airflow/example_dags/example_complex.py
[2022-01-09 11:12:59,956] {processor.py:637} INFO - DAG(s) dict_keys(['example_complex']) retrieved from /home/airflow/.local/lib/python3.7/site-packages/airflow/example_dags/example_complex.py
[2022-01-09 11:12:59,980] {logging_mixin.py:109} INFO - [2022-01-09 11:12:59,980] {dag.py:2396} INFO - Sync 1 DAGs
[2022-01-09 11:12:59,999] {logging_mixin.py:109} INFO - [2022-01-09 11:12:59,999] {dag.py:2928} INFO - Setting next_dagrun for example_complex to None
[2022-01-09 11:13:00,011] {processor.py:171} INFO - Processing /home/airflow/.local/lib/python3.7/site-packages/airflow/example_dags/example_complex.py took 0.226 seconds
[2022-01-09 11:13:30,211] {processor.py:163} INFO - Started process (PID=1329) to work on /home/airflow/.local/lib/python3.7/site-packages/airflow/example_dags/example_complex.py
[2022-01-09 11:13:30,213] {processor.py:625} INFO - Processing file /home/airflow/.local/lib/python3.7/site-packages/airflow/example_dags/example_complex.py for tasks to queue
[2022-01-09 11:13:30,214] {logging_mixin.py:109} INFO - [2022-01-09 11:13:30,214] {dagbag.py:500} INFO - Filling up the DagBag from /home/airflow/.local/lib/python3.7/site-packages/airflow/example_dags/example_complex.py
[2022-01-09 11:13:30,376] {processor.py:637} INFO - DAG(s) dict_keys(['example_complex']) retrieved from /home/airflow/.local/lib/python3.7/site-packages/airflow/example_dags/example_complex.py
[2022-01-09 11:13:30,404] {logging_mixin.py:109} INFO - [2022-01-09 11:13:30,404] {dag.py:2396} INFO - Sync 1 DAGs
[2022-01-09 11:13:30,429] {logging_mixin.py:109} INFO - [2022-01-09 11:13:30,429] {dag.py:2928} INFO - Setting next_dagrun for example_complex to None
[2022-01-09 11:13:30,443] {processor.py:171} INFO - Processing /home/airflow/.local/lib/python3.7/site-packages/airflow/example_dags/example_complex.py took 0.235 seconds
[2022-01-09 11:14:01,002] {processor.py:163} INFO - Started process (PID=1389) to work on /home/airflow/.local/lib/python3.7/site-packages/airflow/example_dags/example_complex.py
[2022-01-09 11:14:01,005] {processor.py:625} INFO - Processing file /home/airflow/.local/lib/python3.7/site-packages/airflow/example_dags/example_complex.py for tasks to queue
[2022-01-09 11:14:01,008] {logging_mixin.py:109} INFO - [2022-01-09 11:14:01,008] {dagbag.py:500} INFO - Filling up the DagBag from /home/airflow/.local/lib/python3.7/site-packages/airflow/example_dags/example_complex.py
[2022-01-09 11:14:01,229] {processor.py:637} INFO - DAG(s) dict_keys(['example_complex']) retrieved from /home/airflow/.local/lib/python3.7/site-packages/airflow/example_dags/example_complex.py
[2022-01-09 11:14:01,262] {logging_mixin.py:109} INFO - [2022-01-09 11:14:01,262] {dag.py:2396} INFO - Sync 1 DAGs
[2022-01-09 11:14:01,291] {logging_mixin.py:109} INFO - [2022-01-09 11:14:01,291] {dag.py:2928} INFO - Setting next_dagrun for example_complex to None
[2022-01-09 11:14:01,310] {processor.py:171} INFO - Processing /home/airflow/.local/lib/python3.7/site-packages/airflow/example_dags/example_complex.py took 0.315 seconds
[2022-01-09 11:14:31,451] {processor.py:163} INFO - Started process (PID=1449) to work on /home/airflow/.local/lib/python3.7/site-packages/airflow/example_dags/example_complex.py
[2022-01-09 11:14:31,453] {processor.py:625} INFO - Processing file /home/airflow/.local/lib/python3.7/site-packages/airflow/example_dags/example_complex.py for tasks to queue
[2022-01-09 11:14:31,454] {logging_mixin.py:109} INFO - [2022-01-09 11:14:31,454] {dagbag.py:500} INFO - Filling up the DagBag from /home/airflow/.local/lib/python3.7/site-packages/airflow/example_dags/example_complex.py
[2022-01-09 11:14:31,624] {processor.py:637} INFO - DAG(s) dict_keys(['example_complex']) retrieved from /home/airflow/.local/lib/python3.7/site-packages/airflow/example_dags/example_complex.py
[2022-01-09 11:14:31,647] {logging_mixin.py:109} INFO - [2022-01-09 11:14:31,647] {dag.py:2396} INFO - Sync 1 DAGs
[2022-01-09 11:14:31,670] {logging_mixin.py:109} INFO - [2022-01-09 11:14:31,670] {dag.py:2928} INFO - Setting next_dagrun for example_complex to None
[2022-01-09 11:14:31,682] {processor.py:171} INFO - Processing /home/airflow/.local/lib/python3.7/site-packages/airflow/example_dags/example_complex.py took 0.237 seconds
[2022-01-09 11:15:02,375] {processor.py:163} INFO - Started process (PID=1520) to work on /home/airflow/.local/lib/python3.7/site-packages/airflow/example_dags/example_complex.py
[2022-01-09 11:15:02,377] {processor.py:625} INFO - Processing file /home/airflow/.local/lib/python3.7/site-packages/airflow/example_dags/example_complex.py for tasks to queue
[2022-01-09 11:15:02,378] {logging_mixin.py:109} INFO - [2022-01-09 11:15:02,378] {dagbag.py:500} INFO - Filling up the DagBag from /home/airflow/.local/lib/python3.7/site-packages/airflow/example_dags/example_complex.py
[2022-01-09 11:15:02,516] {processor.py:637} INFO - DAG(s) dict_keys(['example_complex']) retrieved from /home/airflow/.local/lib/python3.7/site-packages/airflow/example_dags/example_complex.py
[2022-01-09 11:15:02,540] {logging_mixin.py:109} INFO - [2022-01-09 11:15:02,539] {dag.py:2396} INFO - Sync 1 DAGs
[2022-01-09 11:15:02,562] {logging_mixin.py:109} INFO - [2022-01-09 11:15:02,562] {dag.py:2928} INFO - Setting next_dagrun for example_complex to None
[2022-01-09 11:15:02,575] {processor.py:171} INFO - Processing /home/airflow/.local/lib/python3.7/site-packages/airflow/example_dags/example_complex.py took 0.205 seconds
[2022-01-09 11:15:32,740] {processor.py:163} INFO - Started process (PID=1582) to work on /home/airflow/.local/lib/python3.7/site-packages/airflow/example_dags/example_complex.py
[2022-01-09 11:15:32,744] {processor.py:625} INFO - Processing file /home/airflow/.local/lib/python3.7/site-packages/airflow/example_dags/example_complex.py for tasks to queue
[2022-01-09 11:15:32,746] {logging_mixin.py:109} INFO - [2022-01-09 11:15:32,746] {dagbag.py:500} INFO - Filling up the DagBag from /home/airflow/.local/lib/python3.7/site-packages/airflow/example_dags/example_complex.py
[2022-01-09 11:15:32,943] {processor.py:637} INFO - DAG(s) dict_keys(['example_complex']) retrieved from /home/airflow/.local/lib/python3.7/site-packages/airflow/example_dags/example_complex.py
[2022-01-09 11:15:32,965] {logging_mixin.py:109} INFO - [2022-01-09 11:15:32,964] {dag.py:2396} INFO - Sync 1 DAGs
[2022-01-09 11:15:32,984] {logging_mixin.py:109} INFO - [2022-01-09 11:15:32,984] {dag.py:2928} INFO - Setting next_dagrun for example_complex to None
[2022-01-09 11:15:32,996] {processor.py:171} INFO - Processing /home/airflow/.local/lib/python3.7/site-packages/airflow/example_dags/example_complex.py took 0.264 seconds
[2022-01-09 11:16:03,309] {processor.py:163} INFO - Started process (PID=1642) to work on /home/airflow/.local/lib/python3.7/site-packages/airflow/example_dags/example_complex.py
[2022-01-09 11:16:03,311] {processor.py:625} INFO - Processing file /home/airflow/.local/lib/python3.7/site-packages/airflow/example_dags/example_complex.py for tasks to queue
[2022-01-09 11:16:03,313] {logging_mixin.py:109} INFO - [2022-01-09 11:16:03,313] {dagbag.py:500} INFO - Filling up the DagBag from /home/airflow/.local/lib/python3.7/site-packages/airflow/example_dags/example_complex.py
[2022-01-09 11:16:03,389] {processor.py:637} INFO - DAG(s) dict_keys(['example_complex']) retrieved from /home/airflow/.local/lib/python3.7/site-packages/airflow/example_dags/example_complex.py
[2022-01-09 11:16:03,436] {logging_mixin.py:109} INFO - [2022-01-09 11:16:03,435] {dag.py:2396} INFO - Sync 1 DAGs
[2022-01-09 11:16:03,476] {logging_mixin.py:109} INFO - [2022-01-09 11:16:03,475] {dag.py:2928} INFO - Setting next_dagrun for example_complex to None
[2022-01-09 11:16:03,496] {processor.py:171} INFO - Processing /home/airflow/.local/lib/python3.7/site-packages/airflow/example_dags/example_complex.py took 0.194 seconds
[2022-01-09 11:16:33,639] {processor.py:163} INFO - Started process (PID=1703) to work on /home/airflow/.local/lib/python3.7/site-packages/airflow/example_dags/example_complex.py
[2022-01-09 11:16:33,641] {processor.py:625} INFO - Processing file /home/airflow/.local/lib/python3.7/site-packages/airflow/example_dags/example_complex.py for tasks to queue
[2022-01-09 11:16:33,642] {logging_mixin.py:109} INFO - [2022-01-09 11:16:33,642] {dagbag.py:500} INFO - Filling up the DagBag from /home/airflow/.local/lib/python3.7/site-packages/airflow/example_dags/example_complex.py
[2022-01-09 11:16:33,698] {processor.py:637} INFO - DAG(s) dict_keys(['example_complex']) retrieved from /home/airflow/.local/lib/python3.7/site-packages/airflow/example_dags/example_complex.py
[2022-01-09 11:16:33,725] {logging_mixin.py:109} INFO - [2022-01-09 11:16:33,725] {dag.py:2396} INFO - Sync 1 DAGs
[2022-01-09 11:16:33,757] {logging_mixin.py:109} INFO - [2022-01-09 11:16:33,757] {dag.py:2928} INFO - Setting next_dagrun for example_complex to None
[2022-01-09 11:16:33,769] {processor.py:171} INFO - Processing /home/airflow/.local/lib/python3.7/site-packages/airflow/example_dags/example_complex.py took 0.134 seconds
[2022-01-09 11:17:04,416] {processor.py:163} INFO - Started process (PID=1765) to work on /home/airflow/.local/lib/python3.7/site-packages/airflow/example_dags/example_complex.py
[2022-01-09 11:17:04,419] {processor.py:625} INFO - Processing file /home/airflow/.local/lib/python3.7/site-packages/airflow/example_dags/example_complex.py for tasks to queue
[2022-01-09 11:17:04,420] {logging_mixin.py:109} INFO - [2022-01-09 11:17:04,420] {dagbag.py:500} INFO - Filling up the DagBag from /home/airflow/.local/lib/python3.7/site-packages/airflow/example_dags/example_complex.py
[2022-01-09 11:17:04,480] {processor.py:637} INFO - DAG(s) dict_keys(['example_complex']) retrieved from /home/airflow/.local/lib/python3.7/site-packages/airflow/example_dags/example_complex.py
[2022-01-09 11:17:04,512] {logging_mixin.py:109} INFO - [2022-01-09 11:17:04,512] {dag.py:2396} INFO - Sync 1 DAGs
[2022-01-09 11:17:04,535] {logging_mixin.py:109} INFO - [2022-01-09 11:17:04,535] {dag.py:2928} INFO - Setting next_dagrun for example_complex to None
[2022-01-09 11:17:04,549] {processor.py:171} INFO - Processing /home/airflow/.local/lib/python3.7/site-packages/airflow/example_dags/example_complex.py took 0.139 seconds
[2022-01-09 11:17:35,941] {processor.py:163} INFO - Started process (PID=1826) to work on /home/airflow/.local/lib/python3.7/site-packages/airflow/example_dags/example_complex.py
[2022-01-09 11:17:35,946] {processor.py:625} INFO - Processing file /home/airflow/.local/lib/python3.7/site-packages/airflow/example_dags/example_complex.py for tasks to queue
[2022-01-09 11:17:35,949] {logging_mixin.py:109} INFO - [2022-01-09 11:17:35,949] {dagbag.py:500} INFO - Filling up the DagBag from /home/airflow/.local/lib/python3.7/site-packages/airflow/example_dags/example_complex.py
[2022-01-09 11:17:36,044] {processor.py:637} INFO - DAG(s) dict_keys(['example_complex']) retrieved from /home/airflow/.local/lib/python3.7/site-packages/airflow/example_dags/example_complex.py
[2022-01-09 11:17:36,083] {logging_mixin.py:109} INFO - [2022-01-09 11:17:36,083] {dag.py:2396} INFO - Sync 1 DAGs
[2022-01-09 11:17:36,119] {logging_mixin.py:109} INFO - [2022-01-09 11:17:36,119] {dag.py:2928} INFO - Setting next_dagrun for example_complex to None
[2022-01-09 11:17:36,139] {processor.py:171} INFO - Processing /home/airflow/.local/lib/python3.7/site-packages/airflow/example_dags/example_complex.py took 0.209 seconds
[2022-01-09 11:18:06,850] {processor.py:163} INFO - Started process (PID=1897) to work on /home/airflow/.local/lib/python3.7/site-packages/airflow/example_dags/example_complex.py
[2022-01-09 11:18:06,852] {processor.py:625} INFO - Processing file /home/airflow/.local/lib/python3.7/site-packages/airflow/example_dags/example_complex.py for tasks to queue
[2022-01-09 11:18:06,853] {logging_mixin.py:109} INFO - [2022-01-09 11:18:06,853] {dagbag.py:500} INFO - Filling up the DagBag from /home/airflow/.local/lib/python3.7/site-packages/airflow/example_dags/example_complex.py
[2022-01-09 11:18:06,915] {processor.py:637} INFO - DAG(s) dict_keys(['example_complex']) retrieved from /home/airflow/.local/lib/python3.7/site-packages/airflow/example_dags/example_complex.py
[2022-01-09 11:18:06,947] {logging_mixin.py:109} INFO - [2022-01-09 11:18:06,946] {dag.py:2396} INFO - Sync 1 DAGs
[2022-01-09 11:18:06,971] {logging_mixin.py:109} INFO - [2022-01-09 11:18:06,971] {dag.py:2928} INFO - Setting next_dagrun for example_complex to None
[2022-01-09 11:18:06,984] {processor.py:171} INFO - Processing /home/airflow/.local/lib/python3.7/site-packages/airflow/example_dags/example_complex.py took 0.138 seconds
[2022-01-09 11:18:37,484] {processor.py:163} INFO - Started process (PID=1959) to work on /home/airflow/.local/lib/python3.7/site-packages/airflow/example_dags/example_complex.py
[2022-01-09 11:18:37,486] {processor.py:625} INFO - Processing file /home/airflow/.local/lib/python3.7/site-packages/airflow/example_dags/example_complex.py for tasks to queue
[2022-01-09 11:18:37,488] {logging_mixin.py:109} INFO - [2022-01-09 11:18:37,488] {dagbag.py:500} INFO - Filling up the DagBag from /home/airflow/.local/lib/python3.7/site-packages/airflow/example_dags/example_complex.py
[2022-01-09 11:18:37,549] {processor.py:637} INFO - DAG(s) dict_keys(['example_complex']) retrieved from /home/airflow/.local/lib/python3.7/site-packages/airflow/example_dags/example_complex.py
[2022-01-09 11:18:37,583] {logging_mixin.py:109} INFO - [2022-01-09 11:18:37,583] {dag.py:2396} INFO - Sync 1 DAGs
[2022-01-09 11:18:37,605] {logging_mixin.py:109} INFO - [2022-01-09 11:18:37,605] {dag.py:2928} INFO - Setting next_dagrun for example_complex to None
[2022-01-09 11:18:37,620] {processor.py:171} INFO - Processing /home/airflow/.local/lib/python3.7/site-packages/airflow/example_dags/example_complex.py took 0.140 seconds
[2022-01-09 11:19:08,835] {processor.py:163} INFO - Started process (PID=2021) to work on /home/airflow/.local/lib/python3.7/site-packages/airflow/example_dags/example_complex.py
[2022-01-09 11:19:08,837] {processor.py:625} INFO - Processing file /home/airflow/.local/lib/python3.7/site-packages/airflow/example_dags/example_complex.py for tasks to queue
[2022-01-09 11:19:08,838] {logging_mixin.py:109} INFO - [2022-01-09 11:19:08,838] {dagbag.py:500} INFO - Filling up the DagBag from /home/airflow/.local/lib/python3.7/site-packages/airflow/example_dags/example_complex.py
[2022-01-09 11:19:08,890] {processor.py:637} INFO - DAG(s) dict_keys(['example_complex']) retrieved from /home/airflow/.local/lib/python3.7/site-packages/airflow/example_dags/example_complex.py
[2022-01-09 11:19:08,916] {logging_mixin.py:109} INFO - [2022-01-09 11:19:08,916] {dag.py:2396} INFO - Sync 1 DAGs
[2022-01-09 11:19:08,937] {logging_mixin.py:109} INFO - [2022-01-09 11:19:08,937] {dag.py:2928} INFO - Setting next_dagrun for example_complex to None
[2022-01-09 11:19:08,950] {processor.py:171} INFO - Processing /home/airflow/.local/lib/python3.7/site-packages/airflow/example_dags/example_complex.py took 0.118 seconds
[2022-01-09 11:19:39,444] {processor.py:163} INFO - Started process (PID=2082) to work on /home/airflow/.local/lib/python3.7/site-packages/airflow/example_dags/example_complex.py
[2022-01-09 11:19:39,446] {processor.py:625} INFO - Processing file /home/airflow/.local/lib/python3.7/site-packages/airflow/example_dags/example_complex.py for tasks to queue
[2022-01-09 11:19:39,447] {logging_mixin.py:109} INFO - [2022-01-09 11:19:39,447] {dagbag.py:500} INFO - Filling up the DagBag from /home/airflow/.local/lib/python3.7/site-packages/airflow/example_dags/example_complex.py
[2022-01-09 11:19:39,495] {processor.py:637} INFO - DAG(s) dict_keys(['example_complex']) retrieved from /home/airflow/.local/lib/python3.7/site-packages/airflow/example_dags/example_complex.py
[2022-01-09 11:19:39,520] {logging_mixin.py:109} INFO - [2022-01-09 11:19:39,520] {dag.py:2396} INFO - Sync 1 DAGs
[2022-01-09 11:19:39,541] {logging_mixin.py:109} INFO - [2022-01-09 11:19:39,541] {dag.py:2928} INFO - Setting next_dagrun for example_complex to None
[2022-01-09 11:19:39,557] {processor.py:171} INFO - Processing /home/airflow/.local/lib/python3.7/site-packages/airflow/example_dags/example_complex.py took 0.118 seconds
[2022-01-09 11:20:10,463] {processor.py:163} INFO - Started process (PID=2135) to work on /home/airflow/.local/lib/python3.7/site-packages/airflow/example_dags/example_complex.py
[2022-01-09 11:20:10,466] {processor.py:625} INFO - Processing file /home/airflow/.local/lib/python3.7/site-packages/airflow/example_dags/example_complex.py for tasks to queue
[2022-01-09 11:20:10,468] {logging_mixin.py:109} INFO - [2022-01-09 11:20:10,468] {dagbag.py:500} INFO - Filling up the DagBag from /home/airflow/.local/lib/python3.7/site-packages/airflow/example_dags/example_complex.py
[2022-01-09 11:20:10,577] {processor.py:637} INFO - DAG(s) dict_keys(['example_complex']) retrieved from /home/airflow/.local/lib/python3.7/site-packages/airflow/example_dags/example_complex.py
[2022-01-09 11:20:10,625] {logging_mixin.py:109} INFO - [2022-01-09 11:20:10,624] {dag.py:2396} INFO - Sync 1 DAGs
[2022-01-09 11:20:10,669] {logging_mixin.py:109} INFO - [2022-01-09 11:20:10,669] {dag.py:2928} INFO - Setting next_dagrun for example_complex to None
[2022-01-09 11:20:10,697] {processor.py:171} INFO - Processing /home/airflow/.local/lib/python3.7/site-packages/airflow/example_dags/example_complex.py took 0.242 seconds
[2022-01-09 11:20:41,580] {processor.py:163} INFO - Started process (PID=2199) to work on /home/airflow/.local/lib/python3.7/site-packages/airflow/example_dags/example_complex.py
[2022-01-09 11:20:41,583] {processor.py:625} INFO - Processing file /home/airflow/.local/lib/python3.7/site-packages/airflow/example_dags/example_complex.py for tasks to queue
[2022-01-09 11:20:41,584] {logging_mixin.py:109} INFO - [2022-01-09 11:20:41,584] {dagbag.py:500} INFO - Filling up the DagBag from /home/airflow/.local/lib/python3.7/site-packages/airflow/example_dags/example_complex.py
[2022-01-09 11:20:41,648] {processor.py:637} INFO - DAG(s) dict_keys(['example_complex']) retrieved from /home/airflow/.local/lib/python3.7/site-packages/airflow/example_dags/example_complex.py
[2022-01-09 11:20:41,683] {logging_mixin.py:109} INFO - [2022-01-09 11:20:41,683] {dag.py:2396} INFO - Sync 1 DAGs
[2022-01-09 11:20:41,711] {logging_mixin.py:109} INFO - [2022-01-09 11:20:41,710] {dag.py:2928} INFO - Setting next_dagrun for example_complex to None
[2022-01-09 11:20:41,728] {processor.py:171} INFO - Processing /home/airflow/.local/lib/python3.7/site-packages/airflow/example_dags/example_complex.py took 0.154 seconds
[2022-01-09 11:21:12,033] {processor.py:163} INFO - Started process (PID=2267) to work on /home/airflow/.local/lib/python3.7/site-packages/airflow/example_dags/example_complex.py
[2022-01-09 11:21:12,035] {processor.py:625} INFO - Processing file /home/airflow/.local/lib/python3.7/site-packages/airflow/example_dags/example_complex.py for tasks to queue
[2022-01-09 11:21:12,036] {logging_mixin.py:109} INFO - [2022-01-09 11:21:12,036] {dagbag.py:500} INFO - Filling up the DagBag from /home/airflow/.local/lib/python3.7/site-packages/airflow/example_dags/example_complex.py
[2022-01-09 11:21:12,076] {processor.py:637} INFO - DAG(s) dict_keys(['example_complex']) retrieved from /home/airflow/.local/lib/python3.7/site-packages/airflow/example_dags/example_complex.py
[2022-01-09 11:21:12,098] {logging_mixin.py:109} INFO - [2022-01-09 11:21:12,097] {dag.py:2396} INFO - Sync 1 DAGs
[2022-01-09 11:21:12,115] {logging_mixin.py:109} INFO - [2022-01-09 11:21:12,115] {dag.py:2928} INFO - Setting next_dagrun for example_complex to None
[2022-01-09 11:21:12,129] {processor.py:171} INFO - Processing /home/airflow/.local/lib/python3.7/site-packages/airflow/example_dags/example_complex.py took 0.099 seconds
[2022-01-09 11:21:42,814] {processor.py:163} INFO - Started process (PID=2329) to work on /home/airflow/.local/lib/python3.7/site-packages/airflow/example_dags/example_complex.py
[2022-01-09 11:21:42,819] {processor.py:625} INFO - Processing file /home/airflow/.local/lib/python3.7/site-packages/airflow/example_dags/example_complex.py for tasks to queue
[2022-01-09 11:21:42,822] {logging_mixin.py:109} INFO - [2022-01-09 11:21:42,822] {dagbag.py:500} INFO - Filling up the DagBag from /home/airflow/.local/lib/python3.7/site-packages/airflow/example_dags/example_complex.py
[2022-01-09 11:21:42,926] {processor.py:637} INFO - DAG(s) dict_keys(['example_complex']) retrieved from /home/airflow/.local/lib/python3.7/site-packages/airflow/example_dags/example_complex.py
[2022-01-09 11:21:42,953] {logging_mixin.py:109} INFO - [2022-01-09 11:21:42,953] {dag.py:2396} INFO - Sync 1 DAGs
[2022-01-09 11:21:42,976] {logging_mixin.py:109} INFO - [2022-01-09 11:21:42,976] {dag.py:2928} INFO - Setting next_dagrun for example_complex to None
[2022-01-09 11:21:42,992] {processor.py:171} INFO - Processing /home/airflow/.local/lib/python3.7/site-packages/airflow/example_dags/example_complex.py took 0.191 seconds
[2022-01-09 11:22:13,674] {processor.py:163} INFO - Started process (PID=2391) to work on /home/airflow/.local/lib/python3.7/site-packages/airflow/example_dags/example_complex.py
[2022-01-09 11:22:13,678] {processor.py:625} INFO - Processing file /home/airflow/.local/lib/python3.7/site-packages/airflow/example_dags/example_complex.py for tasks to queue
[2022-01-09 11:22:13,680] {logging_mixin.py:109} INFO - [2022-01-09 11:22:13,680] {dagbag.py:500} INFO - Filling up the DagBag from /home/airflow/.local/lib/python3.7/site-packages/airflow/example_dags/example_complex.py
[2022-01-09 11:22:13,757] {processor.py:637} INFO - DAG(s) dict_keys(['example_complex']) retrieved from /home/airflow/.local/lib/python3.7/site-packages/airflow/example_dags/example_complex.py
[2022-01-09 11:22:13,790] {logging_mixin.py:109} INFO - [2022-01-09 11:22:13,790] {dag.py:2396} INFO - Sync 1 DAGs
[2022-01-09 11:22:13,823] {logging_mixin.py:109} INFO - [2022-01-09 11:22:13,823] {dag.py:2928} INFO - Setting next_dagrun for example_complex to None
[2022-01-09 11:22:13,846] {processor.py:171} INFO - Processing /home/airflow/.local/lib/python3.7/site-packages/airflow/example_dags/example_complex.py took 0.178 seconds
[2022-01-09 11:22:44,719] {processor.py:163} INFO - Started process (PID=2452) to work on /home/airflow/.local/lib/python3.7/site-packages/airflow/example_dags/example_complex.py
[2022-01-09 11:22:44,722] {processor.py:625} INFO - Processing file /home/airflow/.local/lib/python3.7/site-packages/airflow/example_dags/example_complex.py for tasks to queue
[2022-01-09 11:22:44,724] {logging_mixin.py:109} INFO - [2022-01-09 11:22:44,724] {dagbag.py:500} INFO - Filling up the DagBag from /home/airflow/.local/lib/python3.7/site-packages/airflow/example_dags/example_complex.py
[2022-01-09 11:22:44,790] {processor.py:637} INFO - DAG(s) dict_keys(['example_complex']) retrieved from /home/airflow/.local/lib/python3.7/site-packages/airflow/example_dags/example_complex.py
[2022-01-09 11:22:44,827] {logging_mixin.py:109} INFO - [2022-01-09 11:22:44,827] {dag.py:2396} INFO - Sync 1 DAGs
[2022-01-09 11:22:44,857] {logging_mixin.py:109} INFO - [2022-01-09 11:22:44,857] {dag.py:2928} INFO - Setting next_dagrun for example_complex to None
[2022-01-09 11:22:44,875] {processor.py:171} INFO - Processing /home/airflow/.local/lib/python3.7/site-packages/airflow/example_dags/example_complex.py took 0.161 seconds
[2022-01-09 11:23:15,745] {processor.py:163} INFO - Started process (PID=2503) to work on /home/airflow/.local/lib/python3.7/site-packages/airflow/example_dags/example_complex.py
[2022-01-09 11:23:15,749] {processor.py:625} INFO - Processing file /home/airflow/.local/lib/python3.7/site-packages/airflow/example_dags/example_complex.py for tasks to queue
[2022-01-09 11:23:15,751] {logging_mixin.py:109} INFO - [2022-01-09 11:23:15,751] {dagbag.py:500} INFO - Filling up the DagBag from /home/airflow/.local/lib/python3.7/site-packages/airflow/example_dags/example_complex.py
[2022-01-09 11:23:15,844] {processor.py:637} INFO - DAG(s) dict_keys(['example_complex']) retrieved from /home/airflow/.local/lib/python3.7/site-packages/airflow/example_dags/example_complex.py
[2022-01-09 11:23:15,893] {logging_mixin.py:109} INFO - [2022-01-09 11:23:15,893] {dag.py:2396} INFO - Sync 1 DAGs
[2022-01-09 11:23:15,922] {logging_mixin.py:109} INFO - [2022-01-09 11:23:15,922] {dag.py:2928} INFO - Setting next_dagrun for example_complex to None
[2022-01-09 11:23:15,938] {processor.py:171} INFO - Processing /home/airflow/.local/lib/python3.7/site-packages/airflow/example_dags/example_complex.py took 0.207 seconds
[2022-01-09 11:23:46,576] {processor.py:163} INFO - Started process (PID=2574) to work on /home/airflow/.local/lib/python3.7/site-packages/airflow/example_dags/example_complex.py
[2022-01-09 11:23:46,579] {processor.py:625} INFO - Processing file /home/airflow/.local/lib/python3.7/site-packages/airflow/example_dags/example_complex.py for tasks to queue
[2022-01-09 11:23:46,580] {logging_mixin.py:109} INFO - [2022-01-09 11:23:46,580] {dagbag.py:500} INFO - Filling up the DagBag from /home/airflow/.local/lib/python3.7/site-packages/airflow/example_dags/example_complex.py
[2022-01-09 11:23:46,642] {processor.py:637} INFO - DAG(s) dict_keys(['example_complex']) retrieved from /home/airflow/.local/lib/python3.7/site-packages/airflow/example_dags/example_complex.py
[2022-01-09 11:23:46,681] {logging_mixin.py:109} INFO - [2022-01-09 11:23:46,681] {dag.py:2396} INFO - Sync 1 DAGs
[2022-01-09 11:23:46,707] {logging_mixin.py:109} INFO - [2022-01-09 11:23:46,707] {dag.py:2928} INFO - Setting next_dagrun for example_complex to None
[2022-01-09 11:23:46,724] {processor.py:171} INFO - Processing /home/airflow/.local/lib/python3.7/site-packages/airflow/example_dags/example_complex.py took 0.153 seconds
[2022-01-09 11:24:17,169] {processor.py:163} INFO - Started process (PID=2634) to work on /home/airflow/.local/lib/python3.7/site-packages/airflow/example_dags/example_complex.py
[2022-01-09 11:24:17,171] {processor.py:625} INFO - Processing file /home/airflow/.local/lib/python3.7/site-packages/airflow/example_dags/example_complex.py for tasks to queue
[2022-01-09 11:24:17,172] {logging_mixin.py:109} INFO - [2022-01-09 11:24:17,172] {dagbag.py:500} INFO - Filling up the DagBag from /home/airflow/.local/lib/python3.7/site-packages/airflow/example_dags/example_complex.py
[2022-01-09 11:24:17,224] {processor.py:637} INFO - DAG(s) dict_keys(['example_complex']) retrieved from /home/airflow/.local/lib/python3.7/site-packages/airflow/example_dags/example_complex.py
[2022-01-09 11:24:17,256] {logging_mixin.py:109} INFO - [2022-01-09 11:24:17,256] {dag.py:2396} INFO - Sync 1 DAGs
[2022-01-09 11:24:17,278] {logging_mixin.py:109} INFO - [2022-01-09 11:24:17,278] {dag.py:2928} INFO - Setting next_dagrun for example_complex to None
[2022-01-09 11:24:17,290] {processor.py:171} INFO - Processing /home/airflow/.local/lib/python3.7/site-packages/airflow/example_dags/example_complex.py took 0.125 seconds
[2022-01-09 11:24:48,087] {processor.py:163} INFO - Started process (PID=2696) to work on /home/airflow/.local/lib/python3.7/site-packages/airflow/example_dags/example_complex.py
[2022-01-09 11:24:48,091] {processor.py:625} INFO - Processing file /home/airflow/.local/lib/python3.7/site-packages/airflow/example_dags/example_complex.py for tasks to queue
[2022-01-09 11:24:48,097] {logging_mixin.py:109} INFO - [2022-01-09 11:24:48,096] {dagbag.py:500} INFO - Filling up the DagBag from /home/airflow/.local/lib/python3.7/site-packages/airflow/example_dags/example_complex.py
[2022-01-09 11:24:48,407] {processor.py:637} INFO - DAG(s) dict_keys(['example_complex']) retrieved from /home/airflow/.local/lib/python3.7/site-packages/airflow/example_dags/example_complex.py
[2022-01-09 11:24:48,470] {logging_mixin.py:109} INFO - [2022-01-09 11:24:48,470] {dag.py:2396} INFO - Sync 1 DAGs
[2022-01-09 11:24:48,505] {logging_mixin.py:109} INFO - [2022-01-09 11:24:48,504] {dag.py:2928} INFO - Setting next_dagrun for example_complex to None
[2022-01-09 11:24:48,524] {processor.py:171} INFO - Processing /home/airflow/.local/lib/python3.7/site-packages/airflow/example_dags/example_complex.py took 0.446 seconds
[2022-01-09 11:25:18,600] {processor.py:163} INFO - Started process (PID=2758) to work on /home/airflow/.local/lib/python3.7/site-packages/airflow/example_dags/example_complex.py
[2022-01-09 11:25:18,604] {processor.py:625} INFO - Processing file /home/airflow/.local/lib/python3.7/site-packages/airflow/example_dags/example_complex.py for tasks to queue
[2022-01-09 11:25:18,606] {logging_mixin.py:109} INFO - [2022-01-09 11:25:18,605] {dagbag.py:500} INFO - Filling up the DagBag from /home/airflow/.local/lib/python3.7/site-packages/airflow/example_dags/example_complex.py
[2022-01-09 11:25:18,702] {processor.py:637} INFO - DAG(s) dict_keys(['example_complex']) retrieved from /home/airflow/.local/lib/python3.7/site-packages/airflow/example_dags/example_complex.py
[2022-01-09 11:25:18,757] {logging_mixin.py:109} INFO - [2022-01-09 11:25:18,757] {dag.py:2396} INFO - Sync 1 DAGs
[2022-01-09 11:25:18,804] {logging_mixin.py:109} INFO - [2022-01-09 11:25:18,804] {dag.py:2928} INFO - Setting next_dagrun for example_complex to None
[2022-01-09 11:25:18,825] {processor.py:171} INFO - Processing /home/airflow/.local/lib/python3.7/site-packages/airflow/example_dags/example_complex.py took 0.234 seconds
[2022-01-09 11:25:49,454] {processor.py:163} INFO - Started process (PID=2819) to work on /home/airflow/.local/lib/python3.7/site-packages/airflow/example_dags/example_complex.py
[2022-01-09 11:25:49,459] {processor.py:625} INFO - Processing file /home/airflow/.local/lib/python3.7/site-packages/airflow/example_dags/example_complex.py for tasks to queue
[2022-01-09 11:25:49,460] {logging_mixin.py:109} INFO - [2022-01-09 11:25:49,460] {dagbag.py:500} INFO - Filling up the DagBag from /home/airflow/.local/lib/python3.7/site-packages/airflow/example_dags/example_complex.py
[2022-01-09 11:25:49,544] {processor.py:637} INFO - DAG(s) dict_keys(['example_complex']) retrieved from /home/airflow/.local/lib/python3.7/site-packages/airflow/example_dags/example_complex.py
[2022-01-09 11:25:49,596] {logging_mixin.py:109} INFO - [2022-01-09 11:25:49,595] {dag.py:2396} INFO - Sync 1 DAGs
[2022-01-09 11:25:49,644] {logging_mixin.py:109} INFO - [2022-01-09 11:25:49,644] {dag.py:2928} INFO - Setting next_dagrun for example_complex to None
[2022-01-09 11:25:49,668] {processor.py:171} INFO - Processing /home/airflow/.local/lib/python3.7/site-packages/airflow/example_dags/example_complex.py took 0.219 seconds
[2022-01-09 11:26:20,242] {processor.py:163} INFO - Started process (PID=2871) to work on /home/airflow/.local/lib/python3.7/site-packages/airflow/example_dags/example_complex.py
[2022-01-09 11:26:20,245] {processor.py:625} INFO - Processing file /home/airflow/.local/lib/python3.7/site-packages/airflow/example_dags/example_complex.py for tasks to queue
[2022-01-09 11:26:20,250] {logging_mixin.py:109} INFO - [2022-01-09 11:26:20,249] {dagbag.py:500} INFO - Filling up the DagBag from /home/airflow/.local/lib/python3.7/site-packages/airflow/example_dags/example_complex.py
[2022-01-09 11:26:20,373] {processor.py:637} INFO - DAG(s) dict_keys(['example_complex']) retrieved from /home/airflow/.local/lib/python3.7/site-packages/airflow/example_dags/example_complex.py
[2022-01-09 11:26:20,423] {logging_mixin.py:109} INFO - [2022-01-09 11:26:20,423] {dag.py:2396} INFO - Sync 1 DAGs
[2022-01-09 11:26:20,471] {logging_mixin.py:109} INFO - [2022-01-09 11:26:20,471] {dag.py:2928} INFO - Setting next_dagrun for example_complex to None
[2022-01-09 11:26:20,502] {processor.py:171} INFO - Processing /home/airflow/.local/lib/python3.7/site-packages/airflow/example_dags/example_complex.py took 0.275 seconds
[2022-01-09 11:26:51,380] {processor.py:163} INFO - Started process (PID=2932) to work on /home/airflow/.local/lib/python3.7/site-packages/airflow/example_dags/example_complex.py
[2022-01-09 11:26:51,382] {processor.py:625} INFO - Processing file /home/airflow/.local/lib/python3.7/site-packages/airflow/example_dags/example_complex.py for tasks to queue
[2022-01-09 11:26:51,383] {logging_mixin.py:109} INFO - [2022-01-09 11:26:51,383] {dagbag.py:500} INFO - Filling up the DagBag from /home/airflow/.local/lib/python3.7/site-packages/airflow/example_dags/example_complex.py
[2022-01-09 11:26:51,832] {processor.py:637} INFO - DAG(s) dict_keys(['example_complex']) retrieved from /home/airflow/.local/lib/python3.7/site-packages/airflow/example_dags/example_complex.py
[2022-01-09 11:26:51,938] {logging_mixin.py:109} INFO - [2022-01-09 11:26:51,938] {dag.py:2396} INFO - Sync 1 DAGs
[2022-01-09 11:26:51,998] {logging_mixin.py:109} INFO - [2022-01-09 11:26:51,998] {dag.py:2928} INFO - Setting next_dagrun for example_complex to None
[2022-01-09 11:26:52,131] {processor.py:171} INFO - Processing /home/airflow/.local/lib/python3.7/site-packages/airflow/example_dags/example_complex.py took 0.757 seconds
[2022-01-09 11:27:22,845] {processor.py:163} INFO - Started process (PID=2994) to work on /home/airflow/.local/lib/python3.7/site-packages/airflow/example_dags/example_complex.py
[2022-01-09 11:27:22,851] {processor.py:625} INFO - Processing file /home/airflow/.local/lib/python3.7/site-packages/airflow/example_dags/example_complex.py for tasks to queue
[2022-01-09 11:27:22,854] {logging_mixin.py:109} INFO - [2022-01-09 11:27:22,853] {dagbag.py:500} INFO - Filling up the DagBag from /home/airflow/.local/lib/python3.7/site-packages/airflow/example_dags/example_complex.py
[2022-01-09 11:27:23,013] {processor.py:637} INFO - DAG(s) dict_keys(['example_complex']) retrieved from /home/airflow/.local/lib/python3.7/site-packages/airflow/example_dags/example_complex.py
[2022-01-09 11:27:23,097] {logging_mixin.py:109} INFO - [2022-01-09 11:27:23,096] {dag.py:2396} INFO - Sync 1 DAGs
[2022-01-09 11:27:23,167] {logging_mixin.py:109} INFO - [2022-01-09 11:27:23,167] {dag.py:2928} INFO - Setting next_dagrun for example_complex to None
[2022-01-09 11:27:23,200] {processor.py:171} INFO - Processing /home/airflow/.local/lib/python3.7/site-packages/airflow/example_dags/example_complex.py took 0.367 seconds
[2022-01-09 11:27:53,280] {processor.py:163} INFO - Started process (PID=3055) to work on /home/airflow/.local/lib/python3.7/site-packages/airflow/example_dags/example_complex.py
[2022-01-09 11:27:53,284] {processor.py:625} INFO - Processing file /home/airflow/.local/lib/python3.7/site-packages/airflow/example_dags/example_complex.py for tasks to queue
[2022-01-09 11:27:53,293] {logging_mixin.py:109} INFO - [2022-01-09 11:27:53,292] {dagbag.py:500} INFO - Filling up the DagBag from /home/airflow/.local/lib/python3.7/site-packages/airflow/example_dags/example_complex.py
[2022-01-09 11:27:53,382] {processor.py:637} INFO - DAG(s) dict_keys(['example_complex']) retrieved from /home/airflow/.local/lib/python3.7/site-packages/airflow/example_dags/example_complex.py
[2022-01-09 11:27:53,433] {logging_mixin.py:109} INFO - [2022-01-09 11:27:53,433] {dag.py:2396} INFO - Sync 1 DAGs
[2022-01-09 11:27:53,484] {logging_mixin.py:109} INFO - [2022-01-09 11:27:53,484] {dag.py:2928} INFO - Setting next_dagrun for example_complex to None
[2022-01-09 11:27:53,515] {processor.py:171} INFO - Processing /home/airflow/.local/lib/python3.7/site-packages/airflow/example_dags/example_complex.py took 0.244 seconds
[2022-01-09 11:28:23,788] {processor.py:163} INFO - Started process (PID=3117) to work on /home/airflow/.local/lib/python3.7/site-packages/airflow/example_dags/example_complex.py
[2022-01-09 11:28:23,790] {processor.py:625} INFO - Processing file /home/airflow/.local/lib/python3.7/site-packages/airflow/example_dags/example_complex.py for tasks to queue
[2022-01-09 11:28:23,791] {logging_mixin.py:109} INFO - [2022-01-09 11:28:23,791] {dagbag.py:500} INFO - Filling up the DagBag from /home/airflow/.local/lib/python3.7/site-packages/airflow/example_dags/example_complex.py
[2022-01-09 11:28:23,853] {processor.py:637} INFO - DAG(s) dict_keys(['example_complex']) retrieved from /home/airflow/.local/lib/python3.7/site-packages/airflow/example_dags/example_complex.py
[2022-01-09 11:28:23,904] {logging_mixin.py:109} INFO - [2022-01-09 11:28:23,903] {dag.py:2396} INFO - Sync 1 DAGs
[2022-01-09 11:28:23,957] {logging_mixin.py:109} INFO - [2022-01-09 11:28:23,956] {dag.py:2928} INFO - Setting next_dagrun for example_complex to None
[2022-01-09 11:28:23,983] {processor.py:171} INFO - Processing /home/airflow/.local/lib/python3.7/site-packages/airflow/example_dags/example_complex.py took 0.199 seconds
[2022-01-09 11:28:54,196] {processor.py:163} INFO - Started process (PID=3177) to work on /home/airflow/.local/lib/python3.7/site-packages/airflow/example_dags/example_complex.py
[2022-01-09 11:28:54,201] {processor.py:625} INFO - Processing file /home/airflow/.local/lib/python3.7/site-packages/airflow/example_dags/example_complex.py for tasks to queue
[2022-01-09 11:28:54,204] {logging_mixin.py:109} INFO - [2022-01-09 11:28:54,204] {dagbag.py:500} INFO - Filling up the DagBag from /home/airflow/.local/lib/python3.7/site-packages/airflow/example_dags/example_complex.py
[2022-01-09 11:28:54,355] {processor.py:637} INFO - DAG(s) dict_keys(['example_complex']) retrieved from /home/airflow/.local/lib/python3.7/site-packages/airflow/example_dags/example_complex.py
[2022-01-09 11:28:54,472] {logging_mixin.py:109} INFO - [2022-01-09 11:28:54,471] {dag.py:2396} INFO - Sync 1 DAGs
[2022-01-09 11:28:54,601] {logging_mixin.py:109} INFO - [2022-01-09 11:28:54,601] {dag.py:2928} INFO - Setting next_dagrun for example_complex to None
[2022-01-09 11:28:54,649] {processor.py:171} INFO - Processing /home/airflow/.local/lib/python3.7/site-packages/airflow/example_dags/example_complex.py took 0.460 seconds
[2022-01-09 11:29:25,145] {processor.py:163} INFO - Started process (PID=3231) to work on /home/airflow/.local/lib/python3.7/site-packages/airflow/example_dags/example_complex.py
[2022-01-09 11:29:25,148] {processor.py:625} INFO - Processing file /home/airflow/.local/lib/python3.7/site-packages/airflow/example_dags/example_complex.py for tasks to queue
[2022-01-09 11:29:25,150] {logging_mixin.py:109} INFO - [2022-01-09 11:29:25,150] {dagbag.py:500} INFO - Filling up the DagBag from /home/airflow/.local/lib/python3.7/site-packages/airflow/example_dags/example_complex.py
[2022-01-09 11:29:25,218] {processor.py:637} INFO - DAG(s) dict_keys(['example_complex']) retrieved from /home/airflow/.local/lib/python3.7/site-packages/airflow/example_dags/example_complex.py
[2022-01-09 11:29:25,265] {logging_mixin.py:109} INFO - [2022-01-09 11:29:25,264] {dag.py:2396} INFO - Sync 1 DAGs
[2022-01-09 11:29:25,302] {logging_mixin.py:109} INFO - [2022-01-09 11:29:25,302] {dag.py:2928} INFO - Setting next_dagrun for example_complex to None
[2022-01-09 11:29:25,326] {processor.py:171} INFO - Processing /home/airflow/.local/lib/python3.7/site-packages/airflow/example_dags/example_complex.py took 0.187 seconds
[2022-01-09 11:29:56,148] {processor.py:163} INFO - Started process (PID=3292) to work on /home/airflow/.local/lib/python3.7/site-packages/airflow/example_dags/example_complex.py
[2022-01-09 11:29:56,155] {processor.py:625} INFO - Processing file /home/airflow/.local/lib/python3.7/site-packages/airflow/example_dags/example_complex.py for tasks to queue
[2022-01-09 11:29:56,157] {logging_mixin.py:109} INFO - [2022-01-09 11:29:56,157] {dagbag.py:500} INFO - Filling up the DagBag from /home/airflow/.local/lib/python3.7/site-packages/airflow/example_dags/example_complex.py
[2022-01-09 11:29:56,426] {processor.py:637} INFO - DAG(s) dict_keys(['example_complex']) retrieved from /home/airflow/.local/lib/python3.7/site-packages/airflow/example_dags/example_complex.py
[2022-01-09 11:29:56,517] {logging_mixin.py:109} INFO - [2022-01-09 11:29:56,516] {dag.py:2396} INFO - Sync 1 DAGs
[2022-01-09 11:29:56,615] {logging_mixin.py:109} INFO - [2022-01-09 11:29:56,615] {dag.py:2928} INFO - Setting next_dagrun for example_complex to None
[2022-01-09 11:29:56,662] {processor.py:171} INFO - Processing /home/airflow/.local/lib/python3.7/site-packages/airflow/example_dags/example_complex.py took 0.549 seconds
[2022-01-09 11:30:27,678] {processor.py:163} INFO - Started process (PID=3352) to work on /home/airflow/.local/lib/python3.7/site-packages/airflow/example_dags/example_complex.py
[2022-01-09 11:30:27,680] {processor.py:625} INFO - Processing file /home/airflow/.local/lib/python3.7/site-packages/airflow/example_dags/example_complex.py for tasks to queue
[2022-01-09 11:30:27,682] {logging_mixin.py:109} INFO - [2022-01-09 11:30:27,682] {dagbag.py:500} INFO - Filling up the DagBag from /home/airflow/.local/lib/python3.7/site-packages/airflow/example_dags/example_complex.py
[2022-01-09 11:30:27,749] {processor.py:637} INFO - DAG(s) dict_keys(['example_complex']) retrieved from /home/airflow/.local/lib/python3.7/site-packages/airflow/example_dags/example_complex.py
[2022-01-09 11:30:27,783] {logging_mixin.py:109} INFO - [2022-01-09 11:30:27,783] {dag.py:2396} INFO - Sync 1 DAGs
[2022-01-09 11:30:27,809] {logging_mixin.py:109} INFO - [2022-01-09 11:30:27,809] {dag.py:2928} INFO - Setting next_dagrun for example_complex to None
[2022-01-09 11:30:27,826] {processor.py:171} INFO - Processing /home/airflow/.local/lib/python3.7/site-packages/airflow/example_dags/example_complex.py took 0.153 seconds
[2022-01-09 11:30:58,637] {processor.py:163} INFO - Started process (PID=3413) to work on /home/airflow/.local/lib/python3.7/site-packages/airflow/example_dags/example_complex.py
[2022-01-09 11:30:58,648] {processor.py:625} INFO - Processing file /home/airflow/.local/lib/python3.7/site-packages/airflow/example_dags/example_complex.py for tasks to queue
[2022-01-09 11:30:58,650] {logging_mixin.py:109} INFO - [2022-01-09 11:30:58,650] {dagbag.py:500} INFO - Filling up the DagBag from /home/airflow/.local/lib/python3.7/site-packages/airflow/example_dags/example_complex.py
[2022-01-09 11:30:58,782] {processor.py:637} INFO - DAG(s) dict_keys(['example_complex']) retrieved from /home/airflow/.local/lib/python3.7/site-packages/airflow/example_dags/example_complex.py
[2022-01-09 11:30:58,870] {logging_mixin.py:109} INFO - [2022-01-09 11:30:58,870] {dag.py:2396} INFO - Sync 1 DAGs
[2022-01-09 11:30:58,955] {logging_mixin.py:109} INFO - [2022-01-09 11:30:58,954] {dag.py:2928} INFO - Setting next_dagrun for example_complex to None
[2022-01-09 11:30:59,034] {processor.py:171} INFO - Processing /home/airflow/.local/lib/python3.7/site-packages/airflow/example_dags/example_complex.py took 0.401 seconds
[2022-01-09 11:31:29,752] {processor.py:163} INFO - Started process (PID=3473) to work on /home/airflow/.local/lib/python3.7/site-packages/airflow/example_dags/example_complex.py
[2022-01-09 11:31:29,757] {processor.py:625} INFO - Processing file /home/airflow/.local/lib/python3.7/site-packages/airflow/example_dags/example_complex.py for tasks to queue
[2022-01-09 11:31:29,758] {logging_mixin.py:109} INFO - [2022-01-09 11:31:29,758] {dagbag.py:500} INFO - Filling up the DagBag from /home/airflow/.local/lib/python3.7/site-packages/airflow/example_dags/example_complex.py
[2022-01-09 11:31:29,834] {processor.py:637} INFO - DAG(s) dict_keys(['example_complex']) retrieved from /home/airflow/.local/lib/python3.7/site-packages/airflow/example_dags/example_complex.py
[2022-01-09 11:31:29,863] {logging_mixin.py:109} INFO - [2022-01-09 11:31:29,863] {dag.py:2396} INFO - Sync 1 DAGs
[2022-01-09 11:31:29,886] {logging_mixin.py:109} INFO - [2022-01-09 11:31:29,886] {dag.py:2928} INFO - Setting next_dagrun for example_complex to None
[2022-01-09 11:31:29,897] {processor.py:171} INFO - Processing /home/airflow/.local/lib/python3.7/site-packages/airflow/example_dags/example_complex.py took 0.152 seconds
[2022-01-09 11:32:00,055] {processor.py:163} INFO - Started process (PID=3517) to work on /home/airflow/.local/lib/python3.7/site-packages/airflow/example_dags/example_complex.py
[2022-01-09 11:32:00,058] {processor.py:625} INFO - Processing file /home/airflow/.local/lib/python3.7/site-packages/airflow/example_dags/example_complex.py for tasks to queue
[2022-01-09 11:32:00,060] {logging_mixin.py:109} INFO - [2022-01-09 11:32:00,060] {dagbag.py:500} INFO - Filling up the DagBag from /home/airflow/.local/lib/python3.7/site-packages/airflow/example_dags/example_complex.py
[2022-01-09 11:32:00,119] {processor.py:637} INFO - DAG(s) dict_keys(['example_complex']) retrieved from /home/airflow/.local/lib/python3.7/site-packages/airflow/example_dags/example_complex.py
[2022-01-09 11:32:00,151] {logging_mixin.py:109} INFO - [2022-01-09 11:32:00,151] {dag.py:2396} INFO - Sync 1 DAGs
[2022-01-09 11:32:00,175] {logging_mixin.py:109} INFO - [2022-01-09 11:32:00,175] {dag.py:2928} INFO - Setting next_dagrun for example_complex to None
[2022-01-09 11:32:00,188] {processor.py:171} INFO - Processing /home/airflow/.local/lib/python3.7/site-packages/airflow/example_dags/example_complex.py took 0.140 seconds
[2022-01-09 11:32:30,405] {processor.py:163} INFO - Started process (PID=3578) to work on /home/airflow/.local/lib/python3.7/site-packages/airflow/example_dags/example_complex.py
[2022-01-09 11:32:30,411] {processor.py:625} INFO - Processing file /home/airflow/.local/lib/python3.7/site-packages/airflow/example_dags/example_complex.py for tasks to queue
[2022-01-09 11:32:30,421] {logging_mixin.py:109} INFO - [2022-01-09 11:32:30,421] {dagbag.py:500} INFO - Filling up the DagBag from /home/airflow/.local/lib/python3.7/site-packages/airflow/example_dags/example_complex.py
[2022-01-09 11:32:30,511] {processor.py:637} INFO - DAG(s) dict_keys(['example_complex']) retrieved from /home/airflow/.local/lib/python3.7/site-packages/airflow/example_dags/example_complex.py
[2022-01-09 11:32:30,583] {logging_mixin.py:109} INFO - [2022-01-09 11:32:30,583] {dag.py:2396} INFO - Sync 1 DAGs
[2022-01-09 11:32:30,633] {logging_mixin.py:109} INFO - [2022-01-09 11:32:30,633] {dag.py:2928} INFO - Setting next_dagrun for example_complex to None
[2022-01-09 11:32:30,649] {processor.py:171} INFO - Processing /home/airflow/.local/lib/python3.7/site-packages/airflow/example_dags/example_complex.py took 0.248 seconds
[2022-01-09 11:33:00,844] {processor.py:163} INFO - Started process (PID=3638) to work on /home/airflow/.local/lib/python3.7/site-packages/airflow/example_dags/example_complex.py
[2022-01-09 11:33:00,845] {processor.py:625} INFO - Processing file /home/airflow/.local/lib/python3.7/site-packages/airflow/example_dags/example_complex.py for tasks to queue
[2022-01-09 11:33:00,846] {logging_mixin.py:109} INFO - [2022-01-09 11:33:00,846] {dagbag.py:500} INFO - Filling up the DagBag from /home/airflow/.local/lib/python3.7/site-packages/airflow/example_dags/example_complex.py
[2022-01-09 11:33:00,877] {processor.py:637} INFO - DAG(s) dict_keys(['example_complex']) retrieved from /home/airflow/.local/lib/python3.7/site-packages/airflow/example_dags/example_complex.py
[2022-01-09 11:33:00,892] {logging_mixin.py:109} INFO - [2022-01-09 11:33:00,892] {dag.py:2396} INFO - Sync 1 DAGs
[2022-01-09 11:33:00,905] {logging_mixin.py:109} INFO - [2022-01-09 11:33:00,905] {dag.py:2928} INFO - Setting next_dagrun for example_complex to None
[2022-01-09 11:33:00,916] {processor.py:171} INFO - Processing /home/airflow/.local/lib/python3.7/site-packages/airflow/example_dags/example_complex.py took 0.074 seconds
[2022-01-09 11:33:31,488] {processor.py:163} INFO - Started process (PID=3708) to work on /home/airflow/.local/lib/python3.7/site-packages/airflow/example_dags/example_complex.py
[2022-01-09 11:33:31,489] {processor.py:625} INFO - Processing file /home/airflow/.local/lib/python3.7/site-packages/airflow/example_dags/example_complex.py for tasks to queue
[2022-01-09 11:33:31,490] {logging_mixin.py:109} INFO - [2022-01-09 11:33:31,490] {dagbag.py:500} INFO - Filling up the DagBag from /home/airflow/.local/lib/python3.7/site-packages/airflow/example_dags/example_complex.py
[2022-01-09 11:33:31,525] {processor.py:637} INFO - DAG(s) dict_keys(['example_complex']) retrieved from /home/airflow/.local/lib/python3.7/site-packages/airflow/example_dags/example_complex.py
[2022-01-09 11:33:31,543] {logging_mixin.py:109} INFO - [2022-01-09 11:33:31,543] {dag.py:2396} INFO - Sync 1 DAGs
[2022-01-09 11:33:31,561] {logging_mixin.py:109} INFO - [2022-01-09 11:33:31,561] {dag.py:2928} INFO - Setting next_dagrun for example_complex to None
[2022-01-09 11:33:31,573] {processor.py:171} INFO - Processing /home/airflow/.local/lib/python3.7/site-packages/airflow/example_dags/example_complex.py took 0.089 seconds
[2022-01-09 11:34:01,744] {processor.py:163} INFO - Started process (PID=3769) to work on /home/airflow/.local/lib/python3.7/site-packages/airflow/example_dags/example_complex.py
[2022-01-09 11:34:01,747] {processor.py:625} INFO - Processing file /home/airflow/.local/lib/python3.7/site-packages/airflow/example_dags/example_complex.py for tasks to queue
[2022-01-09 11:34:01,751] {logging_mixin.py:109} INFO - [2022-01-09 11:34:01,751] {dagbag.py:500} INFO - Filling up the DagBag from /home/airflow/.local/lib/python3.7/site-packages/airflow/example_dags/example_complex.py
[2022-01-09 11:34:01,824] {processor.py:637} INFO - DAG(s) dict_keys(['example_complex']) retrieved from /home/airflow/.local/lib/python3.7/site-packages/airflow/example_dags/example_complex.py
[2022-01-09 11:34:01,866] {logging_mixin.py:109} INFO - [2022-01-09 11:34:01,866] {dag.py:2396} INFO - Sync 1 DAGs
[2022-01-09 11:34:01,895] {logging_mixin.py:109} INFO - [2022-01-09 11:34:01,895] {dag.py:2928} INFO - Setting next_dagrun for example_complex to None
[2022-01-09 11:34:01,915] {processor.py:171} INFO - Processing /home/airflow/.local/lib/python3.7/site-packages/airflow/example_dags/example_complex.py took 0.188 seconds
[2022-01-09 11:34:32,279] {processor.py:163} INFO - Started process (PID=3831) to work on /home/airflow/.local/lib/python3.7/site-packages/airflow/example_dags/example_complex.py
[2022-01-09 11:34:32,281] {processor.py:625} INFO - Processing file /home/airflow/.local/lib/python3.7/site-packages/airflow/example_dags/example_complex.py for tasks to queue
[2022-01-09 11:34:32,282] {logging_mixin.py:109} INFO - [2022-01-09 11:34:32,282] {dagbag.py:500} INFO - Filling up the DagBag from /home/airflow/.local/lib/python3.7/site-packages/airflow/example_dags/example_complex.py
[2022-01-09 11:34:32,342] {processor.py:637} INFO - DAG(s) dict_keys(['example_complex']) retrieved from /home/airflow/.local/lib/python3.7/site-packages/airflow/example_dags/example_complex.py
[2022-01-09 11:34:32,376] {logging_mixin.py:109} INFO - [2022-01-09 11:34:32,375] {dag.py:2396} INFO - Sync 1 DAGs
[2022-01-09 11:34:32,416] {logging_mixin.py:109} INFO - [2022-01-09 11:34:32,416] {dag.py:2928} INFO - Setting next_dagrun for example_complex to None
[2022-01-09 11:34:32,445] {processor.py:171} INFO - Processing /home/airflow/.local/lib/python3.7/site-packages/airflow/example_dags/example_complex.py took 0.169 seconds
[2022-01-09 11:35:03,224] {processor.py:163} INFO - Started process (PID=3902) to work on /home/airflow/.local/lib/python3.7/site-packages/airflow/example_dags/example_complex.py
[2022-01-09 11:35:03,226] {processor.py:625} INFO - Processing file /home/airflow/.local/lib/python3.7/site-packages/airflow/example_dags/example_complex.py for tasks to queue
[2022-01-09 11:35:03,227] {logging_mixin.py:109} INFO - [2022-01-09 11:35:03,227] {dagbag.py:500} INFO - Filling up the DagBag from /home/airflow/.local/lib/python3.7/site-packages/airflow/example_dags/example_complex.py
[2022-01-09 11:35:03,311] {processor.py:637} INFO - DAG(s) dict_keys(['example_complex']) retrieved from /home/airflow/.local/lib/python3.7/site-packages/airflow/example_dags/example_complex.py
[2022-01-09 11:35:03,342] {logging_mixin.py:109} INFO - [2022-01-09 11:35:03,342] {dag.py:2396} INFO - Sync 1 DAGs
[2022-01-09 11:35:03,365] {logging_mixin.py:109} INFO - [2022-01-09 11:35:03,365] {dag.py:2928} INFO - Setting next_dagrun for example_complex to None
[2022-01-09 11:35:03,382] {processor.py:171} INFO - Processing /home/airflow/.local/lib/python3.7/site-packages/airflow/example_dags/example_complex.py took 0.162 seconds
[2022-01-09 11:35:33,655] {processor.py:163} INFO - Started process (PID=3964) to work on /home/airflow/.local/lib/python3.7/site-packages/airflow/example_dags/example_complex.py
[2022-01-09 11:35:33,658] {processor.py:625} INFO - Processing file /home/airflow/.local/lib/python3.7/site-packages/airflow/example_dags/example_complex.py for tasks to queue
[2022-01-09 11:35:33,659] {logging_mixin.py:109} INFO - [2022-01-09 11:35:33,659] {dagbag.py:500} INFO - Filling up the DagBag from /home/airflow/.local/lib/python3.7/site-packages/airflow/example_dags/example_complex.py
[2022-01-09 11:35:33,736] {processor.py:637} INFO - DAG(s) dict_keys(['example_complex']) retrieved from /home/airflow/.local/lib/python3.7/site-packages/airflow/example_dags/example_complex.py
[2022-01-09 11:35:33,787] {logging_mixin.py:109} INFO - [2022-01-09 11:35:33,786] {dag.py:2396} INFO - Sync 1 DAGs
[2022-01-09 11:35:33,836] {logging_mixin.py:109} INFO - [2022-01-09 11:35:33,835] {dag.py:2928} INFO - Setting next_dagrun for example_complex to None
[2022-01-09 11:35:33,899] {processor.py:171} INFO - Processing /home/airflow/.local/lib/python3.7/site-packages/airflow/example_dags/example_complex.py took 0.251 seconds
[2022-01-09 11:36:04,325] {processor.py:163} INFO - Started process (PID=4025) to work on /home/airflow/.local/lib/python3.7/site-packages/airflow/example_dags/example_complex.py
[2022-01-09 11:36:04,328] {processor.py:625} INFO - Processing file /home/airflow/.local/lib/python3.7/site-packages/airflow/example_dags/example_complex.py for tasks to queue
[2022-01-09 11:36:04,336] {logging_mixin.py:109} INFO - [2022-01-09 11:36:04,336] {dagbag.py:500} INFO - Filling up the DagBag from /home/airflow/.local/lib/python3.7/site-packages/airflow/example_dags/example_complex.py
[2022-01-09 11:36:04,416] {processor.py:637} INFO - DAG(s) dict_keys(['example_complex']) retrieved from /home/airflow/.local/lib/python3.7/site-packages/airflow/example_dags/example_complex.py
[2022-01-09 11:36:04,457] {logging_mixin.py:109} INFO - [2022-01-09 11:36:04,456] {dag.py:2396} INFO - Sync 1 DAGs
[2022-01-09 11:36:04,491] {logging_mixin.py:109} INFO - [2022-01-09 11:36:04,491] {dag.py:2928} INFO - Setting next_dagrun for example_complex to None
[2022-01-09 11:36:04,524] {processor.py:171} INFO - Processing /home/airflow/.local/lib/python3.7/site-packages/airflow/example_dags/example_complex.py took 0.212 seconds
[2022-01-09 11:36:34,811] {processor.py:163} INFO - Started process (PID=4087) to work on /home/airflow/.local/lib/python3.7/site-packages/airflow/example_dags/example_complex.py
[2022-01-09 11:36:34,822] {processor.py:625} INFO - Processing file /home/airflow/.local/lib/python3.7/site-packages/airflow/example_dags/example_complex.py for tasks to queue
[2022-01-09 11:36:34,824] {logging_mixin.py:109} INFO - [2022-01-09 11:36:34,823] {dagbag.py:500} INFO - Filling up the DagBag from /home/airflow/.local/lib/python3.7/site-packages/airflow/example_dags/example_complex.py
[2022-01-09 11:36:34,950] {processor.py:637} INFO - DAG(s) dict_keys(['example_complex']) retrieved from /home/airflow/.local/lib/python3.7/site-packages/airflow/example_dags/example_complex.py
[2022-01-09 11:36:35,006] {logging_mixin.py:109} INFO - [2022-01-09 11:36:35,006] {dag.py:2396} INFO - Sync 1 DAGs
[2022-01-09 11:36:35,046] {logging_mixin.py:109} INFO - [2022-01-09 11:36:35,046] {dag.py:2928} INFO - Setting next_dagrun for example_complex to None
[2022-01-09 11:36:35,071] {processor.py:171} INFO - Processing /home/airflow/.local/lib/python3.7/site-packages/airflow/example_dags/example_complex.py took 0.265 seconds
