[2022-01-09 11:03:17,119] {processor.py:163} INFO - Started process (PID=63) to work on /home/airflow/.local/lib/python3.7/site-packages/airflow/example_dags/example_branch_day_of_week_operator.py
[2022-01-09 11:03:17,121] {processor.py:625} INFO - Processing file /home/airflow/.local/lib/python3.7/site-packages/airflow/example_dags/example_branch_day_of_week_operator.py for tasks to queue
[2022-01-09 11:03:17,122] {logging_mixin.py:109} INFO - [2022-01-09 11:03:17,122] {dagbag.py:500} INFO - Filling up the DagBag from /home/airflow/.local/lib/python3.7/site-packages/airflow/example_dags/example_branch_day_of_week_operator.py
[2022-01-09 11:03:17,158] {processor.py:637} INFO - DAG(s) dict_keys(['example_weekday_branch_operator']) retrieved from /home/airflow/.local/lib/python3.7/site-packages/airflow/example_dags/example_branch_day_of_week_operator.py
[2022-01-09 11:03:17,172] {logging_mixin.py:109} INFO - [2022-01-09 11:03:17,171] {dag.py:2396} INFO - Sync 1 DAGs
[2022-01-09 11:03:17,194] {logging_mixin.py:109} INFO - [2022-01-09 11:03:17,194] {dag.py:2928} INFO - Setting next_dagrun for example_weekday_branch_operator to 2022-01-08 00:00:00+00:00
[2022-01-09 11:03:17,206] {processor.py:171} INFO - Processing /home/airflow/.local/lib/python3.7/site-packages/airflow/example_dags/example_branch_day_of_week_operator.py took 0.091 seconds
[2022-01-09 11:03:48,689] {processor.py:163} INFO - Started process (PID=148) to work on /home/airflow/.local/lib/python3.7/site-packages/airflow/example_dags/example_branch_day_of_week_operator.py
[2022-01-09 11:03:48,692] {processor.py:625} INFO - Processing file /home/airflow/.local/lib/python3.7/site-packages/airflow/example_dags/example_branch_day_of_week_operator.py for tasks to queue
[2022-01-09 11:03:48,694] {logging_mixin.py:109} INFO - [2022-01-09 11:03:48,694] {dagbag.py:500} INFO - Filling up the DagBag from /home/airflow/.local/lib/python3.7/site-packages/airflow/example_dags/example_branch_day_of_week_operator.py
[2022-01-09 11:03:48,761] {processor.py:637} INFO - DAG(s) dict_keys(['example_weekday_branch_operator']) retrieved from /home/airflow/.local/lib/python3.7/site-packages/airflow/example_dags/example_branch_day_of_week_operator.py
[2022-01-09 11:03:48,786] {logging_mixin.py:109} INFO - [2022-01-09 11:03:48,786] {dag.py:2396} INFO - Sync 1 DAGs
[2022-01-09 11:03:48,829] {logging_mixin.py:109} INFO - [2022-01-09 11:03:48,829] {dag.py:2928} INFO - Setting next_dagrun for example_weekday_branch_operator to 2022-01-08 00:00:00+00:00
[2022-01-09 11:03:48,855] {processor.py:171} INFO - Processing /home/airflow/.local/lib/python3.7/site-packages/airflow/example_dags/example_branch_day_of_week_operator.py took 0.173 seconds
[2022-01-09 11:04:22,063] {processor.py:163} INFO - Started process (PID=218) to work on /home/airflow/.local/lib/python3.7/site-packages/airflow/example_dags/example_branch_day_of_week_operator.py
[2022-01-09 11:04:22,068] {processor.py:625} INFO - Processing file /home/airflow/.local/lib/python3.7/site-packages/airflow/example_dags/example_branch_day_of_week_operator.py for tasks to queue
[2022-01-09 11:04:22,070] {logging_mixin.py:109} INFO - [2022-01-09 11:04:22,070] {dagbag.py:500} INFO - Filling up the DagBag from /home/airflow/.local/lib/python3.7/site-packages/airflow/example_dags/example_branch_day_of_week_operator.py
[2022-01-09 11:04:22,159] {processor.py:637} INFO - DAG(s) dict_keys(['example_weekday_branch_operator']) retrieved from /home/airflow/.local/lib/python3.7/site-packages/airflow/example_dags/example_branch_day_of_week_operator.py
[2022-01-09 11:04:22,195] {logging_mixin.py:109} INFO - [2022-01-09 11:04:22,195] {dag.py:2396} INFO - Sync 1 DAGs
[2022-01-09 11:04:22,253] {logging_mixin.py:109} INFO - [2022-01-09 11:04:22,253] {dag.py:2928} INFO - Setting next_dagrun for example_weekday_branch_operator to 2022-01-08 00:00:00+00:00
[2022-01-09 11:04:22,287] {processor.py:171} INFO - Processing /home/airflow/.local/lib/python3.7/site-packages/airflow/example_dags/example_branch_day_of_week_operator.py took 0.231 seconds
[2022-01-09 11:04:52,669] {processor.py:163} INFO - Started process (PID=278) to work on /home/airflow/.local/lib/python3.7/site-packages/airflow/example_dags/example_branch_day_of_week_operator.py
[2022-01-09 11:04:52,671] {processor.py:625} INFO - Processing file /home/airflow/.local/lib/python3.7/site-packages/airflow/example_dags/example_branch_day_of_week_operator.py for tasks to queue
[2022-01-09 11:04:52,672] {logging_mixin.py:109} INFO - [2022-01-09 11:04:52,672] {dagbag.py:500} INFO - Filling up the DagBag from /home/airflow/.local/lib/python3.7/site-packages/airflow/example_dags/example_branch_day_of_week_operator.py
[2022-01-09 11:04:52,711] {processor.py:637} INFO - DAG(s) dict_keys(['example_weekday_branch_operator']) retrieved from /home/airflow/.local/lib/python3.7/site-packages/airflow/example_dags/example_branch_day_of_week_operator.py
[2022-01-09 11:04:52,725] {logging_mixin.py:109} INFO - [2022-01-09 11:04:52,725] {dag.py:2396} INFO - Sync 1 DAGs
[2022-01-09 11:04:52,746] {logging_mixin.py:109} INFO - [2022-01-09 11:04:52,746] {dag.py:2928} INFO - Setting next_dagrun for example_weekday_branch_operator to 2022-01-08 00:00:00+00:00
[2022-01-09 11:04:52,759] {processor.py:171} INFO - Processing /home/airflow/.local/lib/python3.7/site-packages/airflow/example_dags/example_branch_day_of_week_operator.py took 0.094 seconds
[2022-01-09 11:05:24,307] {processor.py:163} INFO - Started process (PID=338) to work on /home/airflow/.local/lib/python3.7/site-packages/airflow/example_dags/example_branch_day_of_week_operator.py
[2022-01-09 11:05:24,310] {processor.py:625} INFO - Processing file /home/airflow/.local/lib/python3.7/site-packages/airflow/example_dags/example_branch_day_of_week_operator.py for tasks to queue
[2022-01-09 11:05:24,312] {logging_mixin.py:109} INFO - [2022-01-09 11:05:24,312] {dagbag.py:500} INFO - Filling up the DagBag from /home/airflow/.local/lib/python3.7/site-packages/airflow/example_dags/example_branch_day_of_week_operator.py
[2022-01-09 11:05:24,355] {processor.py:637} INFO - DAG(s) dict_keys(['example_weekday_branch_operator']) retrieved from /home/airflow/.local/lib/python3.7/site-packages/airflow/example_dags/example_branch_day_of_week_operator.py
[2022-01-09 11:05:24,373] {logging_mixin.py:109} INFO - [2022-01-09 11:05:24,373] {dag.py:2396} INFO - Sync 1 DAGs
[2022-01-09 11:05:24,407] {logging_mixin.py:109} INFO - [2022-01-09 11:05:24,406] {dag.py:2928} INFO - Setting next_dagrun for example_weekday_branch_operator to 2022-01-08 00:00:00+00:00
[2022-01-09 11:05:24,425] {processor.py:171} INFO - Processing /home/airflow/.local/lib/python3.7/site-packages/airflow/example_dags/example_branch_day_of_week_operator.py took 0.123 seconds
[2022-01-09 11:05:55,347] {processor.py:163} INFO - Started process (PID=400) to work on /home/airflow/.local/lib/python3.7/site-packages/airflow/example_dags/example_branch_day_of_week_operator.py
[2022-01-09 11:05:55,349] {processor.py:625} INFO - Processing file /home/airflow/.local/lib/python3.7/site-packages/airflow/example_dags/example_branch_day_of_week_operator.py for tasks to queue
[2022-01-09 11:05:55,350] {logging_mixin.py:109} INFO - [2022-01-09 11:05:55,350] {dagbag.py:500} INFO - Filling up the DagBag from /home/airflow/.local/lib/python3.7/site-packages/airflow/example_dags/example_branch_day_of_week_operator.py
[2022-01-09 11:05:55,384] {processor.py:637} INFO - DAG(s) dict_keys(['example_weekday_branch_operator']) retrieved from /home/airflow/.local/lib/python3.7/site-packages/airflow/example_dags/example_branch_day_of_week_operator.py
[2022-01-09 11:05:55,399] {logging_mixin.py:109} INFO - [2022-01-09 11:05:55,399] {dag.py:2396} INFO - Sync 1 DAGs
[2022-01-09 11:05:55,424] {logging_mixin.py:109} INFO - [2022-01-09 11:05:55,424] {dag.py:2928} INFO - Setting next_dagrun for example_weekday_branch_operator to 2022-01-08 00:00:00+00:00
[2022-01-09 11:05:55,442] {processor.py:171} INFO - Processing /home/airflow/.local/lib/python3.7/site-packages/airflow/example_dags/example_branch_day_of_week_operator.py took 0.099 seconds
[2022-01-09 11:06:27,201] {processor.py:163} INFO - Started process (PID=463) to work on /home/airflow/.local/lib/python3.7/site-packages/airflow/example_dags/example_branch_day_of_week_operator.py
[2022-01-09 11:06:27,204] {processor.py:625} INFO - Processing file /home/airflow/.local/lib/python3.7/site-packages/airflow/example_dags/example_branch_day_of_week_operator.py for tasks to queue
[2022-01-09 11:06:27,205] {logging_mixin.py:109} INFO - [2022-01-09 11:06:27,205] {dagbag.py:500} INFO - Filling up the DagBag from /home/airflow/.local/lib/python3.7/site-packages/airflow/example_dags/example_branch_day_of_week_operator.py
[2022-01-09 11:06:27,283] {processor.py:637} INFO - DAG(s) dict_keys(['example_weekday_branch_operator']) retrieved from /home/airflow/.local/lib/python3.7/site-packages/airflow/example_dags/example_branch_day_of_week_operator.py
[2022-01-09 11:06:27,309] {logging_mixin.py:109} INFO - [2022-01-09 11:06:27,309] {dag.py:2396} INFO - Sync 1 DAGs
[2022-01-09 11:06:27,339] {logging_mixin.py:109} INFO - [2022-01-09 11:06:27,339] {dag.py:2928} INFO - Setting next_dagrun for example_weekday_branch_operator to 2022-01-08 00:00:00+00:00
[2022-01-09 11:06:27,359] {processor.py:171} INFO - Processing /home/airflow/.local/lib/python3.7/site-packages/airflow/example_dags/example_branch_day_of_week_operator.py took 0.166 seconds
[2022-01-09 11:06:57,556] {processor.py:163} INFO - Started process (PID=515) to work on /home/airflow/.local/lib/python3.7/site-packages/airflow/example_dags/example_branch_day_of_week_operator.py
[2022-01-09 11:06:57,562] {processor.py:625} INFO - Processing file /home/airflow/.local/lib/python3.7/site-packages/airflow/example_dags/example_branch_day_of_week_operator.py for tasks to queue
[2022-01-09 11:06:57,565] {logging_mixin.py:109} INFO - [2022-01-09 11:06:57,565] {dagbag.py:500} INFO - Filling up the DagBag from /home/airflow/.local/lib/python3.7/site-packages/airflow/example_dags/example_branch_day_of_week_operator.py
[2022-01-09 11:06:57,670] {processor.py:637} INFO - DAG(s) dict_keys(['example_weekday_branch_operator']) retrieved from /home/airflow/.local/lib/python3.7/site-packages/airflow/example_dags/example_branch_day_of_week_operator.py
[2022-01-09 11:06:57,732] {logging_mixin.py:109} INFO - [2022-01-09 11:06:57,732] {dag.py:2396} INFO - Sync 1 DAGs
[2022-01-09 11:06:57,802] {logging_mixin.py:109} INFO - [2022-01-09 11:06:57,802] {dag.py:2928} INFO - Setting next_dagrun for example_weekday_branch_operator to 2022-01-08 00:00:00+00:00
[2022-01-09 11:06:57,816] {processor.py:171} INFO - Processing /home/airflow/.local/lib/python3.7/site-packages/airflow/example_dags/example_branch_day_of_week_operator.py took 0.271 seconds
[2022-01-09 11:07:28,166] {processor.py:163} INFO - Started process (PID=575) to work on /home/airflow/.local/lib/python3.7/site-packages/airflow/example_dags/example_branch_day_of_week_operator.py
[2022-01-09 11:07:28,172] {processor.py:625} INFO - Processing file /home/airflow/.local/lib/python3.7/site-packages/airflow/example_dags/example_branch_day_of_week_operator.py for tasks to queue
[2022-01-09 11:07:28,175] {logging_mixin.py:109} INFO - [2022-01-09 11:07:28,175] {dagbag.py:500} INFO - Filling up the DagBag from /home/airflow/.local/lib/python3.7/site-packages/airflow/example_dags/example_branch_day_of_week_operator.py
[2022-01-09 11:07:28,260] {processor.py:637} INFO - DAG(s) dict_keys(['example_weekday_branch_operator']) retrieved from /home/airflow/.local/lib/python3.7/site-packages/airflow/example_dags/example_branch_day_of_week_operator.py
[2022-01-09 11:07:28,274] {logging_mixin.py:109} INFO - [2022-01-09 11:07:28,274] {dag.py:2396} INFO - Sync 1 DAGs
[2022-01-09 11:07:28,302] {logging_mixin.py:109} INFO - [2022-01-09 11:07:28,302] {dag.py:2928} INFO - Setting next_dagrun for example_weekday_branch_operator to 2022-01-08 00:00:00+00:00
[2022-01-09 11:07:28,316] {processor.py:171} INFO - Processing /home/airflow/.local/lib/python3.7/site-packages/airflow/example_dags/example_branch_day_of_week_operator.py took 0.165 seconds
[2022-01-09 11:07:58,673] {processor.py:163} INFO - Started process (PID=646) to work on /home/airflow/.local/lib/python3.7/site-packages/airflow/example_dags/example_branch_day_of_week_operator.py
[2022-01-09 11:07:58,675] {processor.py:625} INFO - Processing file /home/airflow/.local/lib/python3.7/site-packages/airflow/example_dags/example_branch_day_of_week_operator.py for tasks to queue
[2022-01-09 11:07:58,676] {logging_mixin.py:109} INFO - [2022-01-09 11:07:58,676] {dagbag.py:500} INFO - Filling up the DagBag from /home/airflow/.local/lib/python3.7/site-packages/airflow/example_dags/example_branch_day_of_week_operator.py
[2022-01-09 11:07:58,710] {processor.py:637} INFO - DAG(s) dict_keys(['example_weekday_branch_operator']) retrieved from /home/airflow/.local/lib/python3.7/site-packages/airflow/example_dags/example_branch_day_of_week_operator.py
[2022-01-09 11:07:58,724] {logging_mixin.py:109} INFO - [2022-01-09 11:07:58,724] {dag.py:2396} INFO - Sync 1 DAGs
[2022-01-09 11:07:58,756] {logging_mixin.py:109} INFO - [2022-01-09 11:07:58,756] {dag.py:2928} INFO - Setting next_dagrun for example_weekday_branch_operator to 2022-01-08 00:00:00+00:00
[2022-01-09 11:07:58,774] {processor.py:171} INFO - Processing /home/airflow/.local/lib/python3.7/site-packages/airflow/example_dags/example_branch_day_of_week_operator.py took 0.106 seconds
[2022-01-09 11:08:29,477] {processor.py:163} INFO - Started process (PID=708) to work on /home/airflow/.local/lib/python3.7/site-packages/airflow/example_dags/example_branch_day_of_week_operator.py
[2022-01-09 11:08:29,479] {processor.py:625} INFO - Processing file /home/airflow/.local/lib/python3.7/site-packages/airflow/example_dags/example_branch_day_of_week_operator.py for tasks to queue
[2022-01-09 11:08:29,481] {logging_mixin.py:109} INFO - [2022-01-09 11:08:29,481] {dagbag.py:500} INFO - Filling up the DagBag from /home/airflow/.local/lib/python3.7/site-packages/airflow/example_dags/example_branch_day_of_week_operator.py
[2022-01-09 11:08:29,543] {processor.py:637} INFO - DAG(s) dict_keys(['example_weekday_branch_operator']) retrieved from /home/airflow/.local/lib/python3.7/site-packages/airflow/example_dags/example_branch_day_of_week_operator.py
[2022-01-09 11:08:29,559] {logging_mixin.py:109} INFO - [2022-01-09 11:08:29,558] {dag.py:2396} INFO - Sync 1 DAGs
[2022-01-09 11:08:29,586] {logging_mixin.py:109} INFO - [2022-01-09 11:08:29,586] {dag.py:2928} INFO - Setting next_dagrun for example_weekday_branch_operator to 2022-01-08 00:00:00+00:00
[2022-01-09 11:08:29,601] {processor.py:171} INFO - Processing /home/airflow/.local/lib/python3.7/site-packages/airflow/example_dags/example_branch_day_of_week_operator.py took 0.131 seconds
[2022-01-09 11:08:59,697] {processor.py:163} INFO - Started process (PID=769) to work on /home/airflow/.local/lib/python3.7/site-packages/airflow/example_dags/example_branch_day_of_week_operator.py
[2022-01-09 11:08:59,701] {processor.py:625} INFO - Processing file /home/airflow/.local/lib/python3.7/site-packages/airflow/example_dags/example_branch_day_of_week_operator.py for tasks to queue
[2022-01-09 11:08:59,705] {logging_mixin.py:109} INFO - [2022-01-09 11:08:59,705] {dagbag.py:500} INFO - Filling up the DagBag from /home/airflow/.local/lib/python3.7/site-packages/airflow/example_dags/example_branch_day_of_week_operator.py
[2022-01-09 11:08:59,814] {processor.py:637} INFO - DAG(s) dict_keys(['example_weekday_branch_operator']) retrieved from /home/airflow/.local/lib/python3.7/site-packages/airflow/example_dags/example_branch_day_of_week_operator.py
[2022-01-09 11:08:59,868] {logging_mixin.py:109} INFO - [2022-01-09 11:08:59,868] {dag.py:2396} INFO - Sync 1 DAGs
[2022-01-09 11:08:59,960] {logging_mixin.py:109} INFO - [2022-01-09 11:08:59,959] {dag.py:2928} INFO - Setting next_dagrun for example_weekday_branch_operator to 2022-01-08 00:00:00+00:00
[2022-01-09 11:08:59,997] {processor.py:171} INFO - Processing /home/airflow/.local/lib/python3.7/site-packages/airflow/example_dags/example_branch_day_of_week_operator.py took 0.312 seconds
[2022-01-09 11:09:30,314] {processor.py:163} INFO - Started process (PID=833) to work on /home/airflow/.local/lib/python3.7/site-packages/airflow/example_dags/example_branch_day_of_week_operator.py
[2022-01-09 11:09:30,320] {processor.py:625} INFO - Processing file /home/airflow/.local/lib/python3.7/site-packages/airflow/example_dags/example_branch_day_of_week_operator.py for tasks to queue
[2022-01-09 11:09:30,323] {logging_mixin.py:109} INFO - [2022-01-09 11:09:30,323] {dagbag.py:500} INFO - Filling up the DagBag from /home/airflow/.local/lib/python3.7/site-packages/airflow/example_dags/example_branch_day_of_week_operator.py
[2022-01-09 11:09:30,430] {processor.py:637} INFO - DAG(s) dict_keys(['example_weekday_branch_operator']) retrieved from /home/airflow/.local/lib/python3.7/site-packages/airflow/example_dags/example_branch_day_of_week_operator.py
[2022-01-09 11:09:30,475] {logging_mixin.py:109} INFO - [2022-01-09 11:09:30,474] {dag.py:2396} INFO - Sync 1 DAGs
[2022-01-09 11:09:30,555] {logging_mixin.py:109} INFO - [2022-01-09 11:09:30,555] {dag.py:2928} INFO - Setting next_dagrun for example_weekday_branch_operator to 2022-01-08 00:00:00+00:00
[2022-01-09 11:09:30,601] {processor.py:171} INFO - Processing /home/airflow/.local/lib/python3.7/site-packages/airflow/example_dags/example_branch_day_of_week_operator.py took 0.299 seconds
[2022-01-09 11:10:01,351] {processor.py:163} INFO - Started process (PID=895) to work on /home/airflow/.local/lib/python3.7/site-packages/airflow/example_dags/example_branch_day_of_week_operator.py
[2022-01-09 11:10:01,357] {processor.py:625} INFO - Processing file /home/airflow/.local/lib/python3.7/site-packages/airflow/example_dags/example_branch_day_of_week_operator.py for tasks to queue
[2022-01-09 11:10:01,360] {logging_mixin.py:109} INFO - [2022-01-09 11:10:01,360] {dagbag.py:500} INFO - Filling up the DagBag from /home/airflow/.local/lib/python3.7/site-packages/airflow/example_dags/example_branch_day_of_week_operator.py
[2022-01-09 11:10:01,459] {processor.py:637} INFO - DAG(s) dict_keys(['example_weekday_branch_operator']) retrieved from /home/airflow/.local/lib/python3.7/site-packages/airflow/example_dags/example_branch_day_of_week_operator.py
[2022-01-09 11:10:01,496] {logging_mixin.py:109} INFO - [2022-01-09 11:10:01,496] {dag.py:2396} INFO - Sync 1 DAGs
[2022-01-09 11:10:01,567] {logging_mixin.py:109} INFO - [2022-01-09 11:10:01,567] {dag.py:2928} INFO - Setting next_dagrun for example_weekday_branch_operator to 2022-01-08 00:00:00+00:00
[2022-01-09 11:10:01,601] {processor.py:171} INFO - Processing /home/airflow/.local/lib/python3.7/site-packages/airflow/example_dags/example_branch_day_of_week_operator.py took 0.262 seconds
[2022-01-09 11:10:32,241] {processor.py:163} INFO - Started process (PID=957) to work on /home/airflow/.local/lib/python3.7/site-packages/airflow/example_dags/example_branch_day_of_week_operator.py
[2022-01-09 11:10:32,246] {processor.py:625} INFO - Processing file /home/airflow/.local/lib/python3.7/site-packages/airflow/example_dags/example_branch_day_of_week_operator.py for tasks to queue
[2022-01-09 11:10:32,250] {logging_mixin.py:109} INFO - [2022-01-09 11:10:32,250] {dagbag.py:500} INFO - Filling up the DagBag from /home/airflow/.local/lib/python3.7/site-packages/airflow/example_dags/example_branch_day_of_week_operator.py
[2022-01-09 11:10:32,364] {processor.py:637} INFO - DAG(s) dict_keys(['example_weekday_branch_operator']) retrieved from /home/airflow/.local/lib/python3.7/site-packages/airflow/example_dags/example_branch_day_of_week_operator.py
[2022-01-09 11:10:32,408] {logging_mixin.py:109} INFO - [2022-01-09 11:10:32,408] {dag.py:2396} INFO - Sync 1 DAGs
[2022-01-09 11:10:32,452] {logging_mixin.py:109} INFO - [2022-01-09 11:10:32,451] {dag.py:2928} INFO - Setting next_dagrun for example_weekday_branch_operator to 2022-01-08 00:00:00+00:00
[2022-01-09 11:10:32,467] {processor.py:171} INFO - Processing /home/airflow/.local/lib/python3.7/site-packages/airflow/example_dags/example_branch_day_of_week_operator.py took 0.240 seconds
[2022-01-09 11:11:03,066] {processor.py:163} INFO - Started process (PID=1029) to work on /home/airflow/.local/lib/python3.7/site-packages/airflow/example_dags/example_branch_day_of_week_operator.py
[2022-01-09 11:11:03,068] {processor.py:625} INFO - Processing file /home/airflow/.local/lib/python3.7/site-packages/airflow/example_dags/example_branch_day_of_week_operator.py for tasks to queue
[2022-01-09 11:11:03,070] {logging_mixin.py:109} INFO - [2022-01-09 11:11:03,069] {dagbag.py:500} INFO - Filling up the DagBag from /home/airflow/.local/lib/python3.7/site-packages/airflow/example_dags/example_branch_day_of_week_operator.py
[2022-01-09 11:11:03,110] {processor.py:637} INFO - DAG(s) dict_keys(['example_weekday_branch_operator']) retrieved from /home/airflow/.local/lib/python3.7/site-packages/airflow/example_dags/example_branch_day_of_week_operator.py
[2022-01-09 11:11:03,130] {logging_mixin.py:109} INFO - [2022-01-09 11:11:03,130] {dag.py:2396} INFO - Sync 1 DAGs
[2022-01-09 11:11:03,158] {logging_mixin.py:109} INFO - [2022-01-09 11:11:03,158] {dag.py:2928} INFO - Setting next_dagrun for example_weekday_branch_operator to 2022-01-08 00:00:00+00:00
[2022-01-09 11:11:03,290] {processor.py:171} INFO - Processing /home/airflow/.local/lib/python3.7/site-packages/airflow/example_dags/example_branch_day_of_week_operator.py took 0.228 seconds
[2022-01-09 11:11:33,445] {processor.py:163} INFO - Started process (PID=1089) to work on /home/airflow/.local/lib/python3.7/site-packages/airflow/example_dags/example_branch_day_of_week_operator.py
[2022-01-09 11:11:33,447] {processor.py:625} INFO - Processing file /home/airflow/.local/lib/python3.7/site-packages/airflow/example_dags/example_branch_day_of_week_operator.py for tasks to queue
[2022-01-09 11:11:33,448] {logging_mixin.py:109} INFO - [2022-01-09 11:11:33,448] {dagbag.py:500} INFO - Filling up the DagBag from /home/airflow/.local/lib/python3.7/site-packages/airflow/example_dags/example_branch_day_of_week_operator.py
[2022-01-09 11:11:33,492] {processor.py:637} INFO - DAG(s) dict_keys(['example_weekday_branch_operator']) retrieved from /home/airflow/.local/lib/python3.7/site-packages/airflow/example_dags/example_branch_day_of_week_operator.py
[2022-01-09 11:11:33,511] {logging_mixin.py:109} INFO - [2022-01-09 11:11:33,511] {dag.py:2396} INFO - Sync 1 DAGs
[2022-01-09 11:11:33,688] {logging_mixin.py:109} INFO - [2022-01-09 11:11:33,688] {dag.py:2928} INFO - Setting next_dagrun for example_weekday_branch_operator to 2022-01-08 00:00:00+00:00
[2022-01-09 11:11:33,702] {processor.py:171} INFO - Processing /home/airflow/.local/lib/python3.7/site-packages/airflow/example_dags/example_branch_day_of_week_operator.py took 0.261 seconds
[2022-01-09 11:12:03,995] {processor.py:163} INFO - Started process (PID=1150) to work on /home/airflow/.local/lib/python3.7/site-packages/airflow/example_dags/example_branch_day_of_week_operator.py
[2022-01-09 11:12:03,999] {processor.py:625} INFO - Processing file /home/airflow/.local/lib/python3.7/site-packages/airflow/example_dags/example_branch_day_of_week_operator.py for tasks to queue
[2022-01-09 11:12:04,002] {logging_mixin.py:109} INFO - [2022-01-09 11:12:04,002] {dagbag.py:500} INFO - Filling up the DagBag from /home/airflow/.local/lib/python3.7/site-packages/airflow/example_dags/example_branch_day_of_week_operator.py
[2022-01-09 11:12:04,083] {processor.py:637} INFO - DAG(s) dict_keys(['example_weekday_branch_operator']) retrieved from /home/airflow/.local/lib/python3.7/site-packages/airflow/example_dags/example_branch_day_of_week_operator.py
[2022-01-09 11:12:04,102] {logging_mixin.py:109} INFO - [2022-01-09 11:12:04,102] {dag.py:2396} INFO - Sync 1 DAGs
[2022-01-09 11:12:04,287] {logging_mixin.py:109} INFO - [2022-01-09 11:12:04,287] {dag.py:2928} INFO - Setting next_dagrun for example_weekday_branch_operator to 2022-01-08 00:00:00+00:00
[2022-01-09 11:12:04,301] {processor.py:171} INFO - Processing /home/airflow/.local/lib/python3.7/site-packages/airflow/example_dags/example_branch_day_of_week_operator.py took 0.317 seconds
[2022-01-09 11:12:35,139] {processor.py:163} INFO - Started process (PID=1212) to work on /home/airflow/.local/lib/python3.7/site-packages/airflow/example_dags/example_branch_day_of_week_operator.py
[2022-01-09 11:12:35,143] {processor.py:625} INFO - Processing file /home/airflow/.local/lib/python3.7/site-packages/airflow/example_dags/example_branch_day_of_week_operator.py for tasks to queue
[2022-01-09 11:12:35,146] {logging_mixin.py:109} INFO - [2022-01-09 11:12:35,146] {dagbag.py:500} INFO - Filling up the DagBag from /home/airflow/.local/lib/python3.7/site-packages/airflow/example_dags/example_branch_day_of_week_operator.py
[2022-01-09 11:12:35,239] {processor.py:637} INFO - DAG(s) dict_keys(['example_weekday_branch_operator']) retrieved from /home/airflow/.local/lib/python3.7/site-packages/airflow/example_dags/example_branch_day_of_week_operator.py
[2022-01-09 11:12:35,272] {logging_mixin.py:109} INFO - [2022-01-09 11:12:35,272] {dag.py:2396} INFO - Sync 1 DAGs
[2022-01-09 11:12:35,453] {logging_mixin.py:109} INFO - [2022-01-09 11:12:35,452] {dag.py:2928} INFO - Setting next_dagrun for example_weekday_branch_operator to 2022-01-08 00:00:00+00:00
[2022-01-09 11:12:35,473] {processor.py:171} INFO - Processing /home/airflow/.local/lib/python3.7/site-packages/airflow/example_dags/example_branch_day_of_week_operator.py took 0.345 seconds
[2022-01-09 11:13:06,875] {processor.py:163} INFO - Started process (PID=1275) to work on /home/airflow/.local/lib/python3.7/site-packages/airflow/example_dags/example_branch_day_of_week_operator.py
[2022-01-09 11:13:06,877] {processor.py:625} INFO - Processing file /home/airflow/.local/lib/python3.7/site-packages/airflow/example_dags/example_branch_day_of_week_operator.py for tasks to queue
[2022-01-09 11:13:06,878] {logging_mixin.py:109} INFO - [2022-01-09 11:13:06,878] {dagbag.py:500} INFO - Filling up the DagBag from /home/airflow/.local/lib/python3.7/site-packages/airflow/example_dags/example_branch_day_of_week_operator.py
[2022-01-09 11:13:06,919] {processor.py:637} INFO - DAG(s) dict_keys(['example_weekday_branch_operator']) retrieved from /home/airflow/.local/lib/python3.7/site-packages/airflow/example_dags/example_branch_day_of_week_operator.py
[2022-01-09 11:13:06,933] {logging_mixin.py:109} INFO - [2022-01-09 11:13:06,933] {dag.py:2396} INFO - Sync 1 DAGs
[2022-01-09 11:13:07,071] {logging_mixin.py:109} INFO - [2022-01-09 11:13:07,071] {dag.py:2928} INFO - Setting next_dagrun for example_weekday_branch_operator to 2022-01-08 00:00:00+00:00
[2022-01-09 11:13:07,089] {processor.py:171} INFO - Processing /home/airflow/.local/lib/python3.7/site-packages/airflow/example_dags/example_branch_day_of_week_operator.py took 0.218 seconds
[2022-01-09 11:13:37,748] {processor.py:163} INFO - Started process (PID=1345) to work on /home/airflow/.local/lib/python3.7/site-packages/airflow/example_dags/example_branch_day_of_week_operator.py
[2022-01-09 11:13:37,749] {processor.py:625} INFO - Processing file /home/airflow/.local/lib/python3.7/site-packages/airflow/example_dags/example_branch_day_of_week_operator.py for tasks to queue
[2022-01-09 11:13:37,750] {logging_mixin.py:109} INFO - [2022-01-09 11:13:37,750] {dagbag.py:500} INFO - Filling up the DagBag from /home/airflow/.local/lib/python3.7/site-packages/airflow/example_dags/example_branch_day_of_week_operator.py
[2022-01-09 11:13:37,886] {processor.py:637} INFO - DAG(s) dict_keys(['example_weekday_branch_operator']) retrieved from /home/airflow/.local/lib/python3.7/site-packages/airflow/example_dags/example_branch_day_of_week_operator.py
[2022-01-09 11:13:37,896] {logging_mixin.py:109} INFO - [2022-01-09 11:13:37,896] {dag.py:2396} INFO - Sync 1 DAGs
[2022-01-09 11:13:37,917] {logging_mixin.py:109} INFO - [2022-01-09 11:13:37,917] {dag.py:2928} INFO - Setting next_dagrun for example_weekday_branch_operator to 2022-01-08 00:00:00+00:00
[2022-01-09 11:13:37,933] {processor.py:171} INFO - Processing /home/airflow/.local/lib/python3.7/site-packages/airflow/example_dags/example_branch_day_of_week_operator.py took 0.189 seconds
[2022-01-09 11:14:08,334] {processor.py:163} INFO - Started process (PID=1405) to work on /home/airflow/.local/lib/python3.7/site-packages/airflow/example_dags/example_branch_day_of_week_operator.py
[2022-01-09 11:14:08,337] {processor.py:625} INFO - Processing file /home/airflow/.local/lib/python3.7/site-packages/airflow/example_dags/example_branch_day_of_week_operator.py for tasks to queue
[2022-01-09 11:14:08,339] {logging_mixin.py:109} INFO - [2022-01-09 11:14:08,338] {dagbag.py:500} INFO - Filling up the DagBag from /home/airflow/.local/lib/python3.7/site-packages/airflow/example_dags/example_branch_day_of_week_operator.py
[2022-01-09 11:14:08,503] {processor.py:637} INFO - DAG(s) dict_keys(['example_weekday_branch_operator']) retrieved from /home/airflow/.local/lib/python3.7/site-packages/airflow/example_dags/example_branch_day_of_week_operator.py
[2022-01-09 11:14:08,514] {logging_mixin.py:109} INFO - [2022-01-09 11:14:08,514] {dag.py:2396} INFO - Sync 1 DAGs
[2022-01-09 11:14:08,535] {logging_mixin.py:109} INFO - [2022-01-09 11:14:08,535] {dag.py:2928} INFO - Setting next_dagrun for example_weekday_branch_operator to 2022-01-08 00:00:00+00:00
[2022-01-09 11:14:08,549] {processor.py:171} INFO - Processing /home/airflow/.local/lib/python3.7/site-packages/airflow/example_dags/example_branch_day_of_week_operator.py took 0.222 seconds
[2022-01-09 11:14:38,729] {processor.py:163} INFO - Started process (PID=1466) to work on /home/airflow/.local/lib/python3.7/site-packages/airflow/example_dags/example_branch_day_of_week_operator.py
[2022-01-09 11:14:38,731] {processor.py:625} INFO - Processing file /home/airflow/.local/lib/python3.7/site-packages/airflow/example_dags/example_branch_day_of_week_operator.py for tasks to queue
[2022-01-09 11:14:38,733] {logging_mixin.py:109} INFO - [2022-01-09 11:14:38,733] {dagbag.py:500} INFO - Filling up the DagBag from /home/airflow/.local/lib/python3.7/site-packages/airflow/example_dags/example_branch_day_of_week_operator.py
[2022-01-09 11:14:38,920] {processor.py:637} INFO - DAG(s) dict_keys(['example_weekday_branch_operator']) retrieved from /home/airflow/.local/lib/python3.7/site-packages/airflow/example_dags/example_branch_day_of_week_operator.py
[2022-01-09 11:14:38,932] {logging_mixin.py:109} INFO - [2022-01-09 11:14:38,932] {dag.py:2396} INFO - Sync 1 DAGs
[2022-01-09 11:14:38,955] {logging_mixin.py:109} INFO - [2022-01-09 11:14:38,955] {dag.py:2928} INFO - Setting next_dagrun for example_weekday_branch_operator to 2022-01-08 00:00:00+00:00
[2022-01-09 11:14:38,966] {processor.py:171} INFO - Processing /home/airflow/.local/lib/python3.7/site-packages/airflow/example_dags/example_branch_day_of_week_operator.py took 0.242 seconds
[2022-01-09 11:15:09,141] {processor.py:163} INFO - Started process (PID=1526) to work on /home/airflow/.local/lib/python3.7/site-packages/airflow/example_dags/example_branch_day_of_week_operator.py
[2022-01-09 11:15:09,145] {processor.py:625} INFO - Processing file /home/airflow/.local/lib/python3.7/site-packages/airflow/example_dags/example_branch_day_of_week_operator.py for tasks to queue
[2022-01-09 11:15:09,147] {logging_mixin.py:109} INFO - [2022-01-09 11:15:09,147] {dagbag.py:500} INFO - Filling up the DagBag from /home/airflow/.local/lib/python3.7/site-packages/airflow/example_dags/example_branch_day_of_week_operator.py
[2022-01-09 11:15:09,361] {processor.py:637} INFO - DAG(s) dict_keys(['example_weekday_branch_operator']) retrieved from /home/airflow/.local/lib/python3.7/site-packages/airflow/example_dags/example_branch_day_of_week_operator.py
[2022-01-09 11:15:09,382] {logging_mixin.py:109} INFO - [2022-01-09 11:15:09,381] {dag.py:2396} INFO - Sync 1 DAGs
[2022-01-09 11:15:09,418] {logging_mixin.py:109} INFO - [2022-01-09 11:15:09,418] {dag.py:2928} INFO - Setting next_dagrun for example_weekday_branch_operator to 2022-01-08 00:00:00+00:00
[2022-01-09 11:15:09,438] {processor.py:171} INFO - Processing /home/airflow/.local/lib/python3.7/site-packages/airflow/example_dags/example_branch_day_of_week_operator.py took 0.303 seconds
[2022-01-09 11:15:39,895] {processor.py:163} INFO - Started process (PID=1588) to work on /home/airflow/.local/lib/python3.7/site-packages/airflow/example_dags/example_branch_day_of_week_operator.py
[2022-01-09 11:15:39,900] {processor.py:625} INFO - Processing file /home/airflow/.local/lib/python3.7/site-packages/airflow/example_dags/example_branch_day_of_week_operator.py for tasks to queue
[2022-01-09 11:15:39,903] {logging_mixin.py:109} INFO - [2022-01-09 11:15:39,903] {dagbag.py:500} INFO - Filling up the DagBag from /home/airflow/.local/lib/python3.7/site-packages/airflow/example_dags/example_branch_day_of_week_operator.py
[2022-01-09 11:15:39,999] {processor.py:637} INFO - DAG(s) dict_keys(['example_weekday_branch_operator']) retrieved from /home/airflow/.local/lib/python3.7/site-packages/airflow/example_dags/example_branch_day_of_week_operator.py
[2022-01-09 11:15:40,036] {logging_mixin.py:109} INFO - [2022-01-09 11:15:40,036] {dag.py:2396} INFO - Sync 1 DAGs
[2022-01-09 11:15:40,104] {logging_mixin.py:109} INFO - [2022-01-09 11:15:40,104] {dag.py:2928} INFO - Setting next_dagrun for example_weekday_branch_operator to 2022-01-08 00:00:00+00:00
[2022-01-09 11:15:40,144] {processor.py:171} INFO - Processing /home/airflow/.local/lib/python3.7/site-packages/airflow/example_dags/example_branch_day_of_week_operator.py took 0.262 seconds
[2022-01-09 11:16:10,385] {processor.py:163} INFO - Started process (PID=1648) to work on /home/airflow/.local/lib/python3.7/site-packages/airflow/example_dags/example_branch_day_of_week_operator.py
[2022-01-09 11:16:10,393] {processor.py:625} INFO - Processing file /home/airflow/.local/lib/python3.7/site-packages/airflow/example_dags/example_branch_day_of_week_operator.py for tasks to queue
[2022-01-09 11:16:10,400] {logging_mixin.py:109} INFO - [2022-01-09 11:16:10,399] {dagbag.py:500} INFO - Filling up the DagBag from /home/airflow/.local/lib/python3.7/site-packages/airflow/example_dags/example_branch_day_of_week_operator.py
[2022-01-09 11:16:10,506] {processor.py:637} INFO - DAG(s) dict_keys(['example_weekday_branch_operator']) retrieved from /home/airflow/.local/lib/python3.7/site-packages/airflow/example_dags/example_branch_day_of_week_operator.py
[2022-01-09 11:16:10,539] {logging_mixin.py:109} INFO - [2022-01-09 11:16:10,539] {dag.py:2396} INFO - Sync 1 DAGs
[2022-01-09 11:16:10,607] {logging_mixin.py:109} INFO - [2022-01-09 11:16:10,606] {dag.py:2928} INFO - Setting next_dagrun for example_weekday_branch_operator to 2022-01-08 00:00:00+00:00
[2022-01-09 11:16:10,640] {processor.py:171} INFO - Processing /home/airflow/.local/lib/python3.7/site-packages/airflow/example_dags/example_branch_day_of_week_operator.py took 0.271 seconds
[2022-01-09 11:16:40,718] {processor.py:163} INFO - Started process (PID=1719) to work on /home/airflow/.local/lib/python3.7/site-packages/airflow/example_dags/example_branch_day_of_week_operator.py
[2022-01-09 11:16:40,720] {processor.py:625} INFO - Processing file /home/airflow/.local/lib/python3.7/site-packages/airflow/example_dags/example_branch_day_of_week_operator.py for tasks to queue
[2022-01-09 11:16:40,721] {logging_mixin.py:109} INFO - [2022-01-09 11:16:40,721] {dagbag.py:500} INFO - Filling up the DagBag from /home/airflow/.local/lib/python3.7/site-packages/airflow/example_dags/example_branch_day_of_week_operator.py
[2022-01-09 11:16:40,756] {processor.py:637} INFO - DAG(s) dict_keys(['example_weekday_branch_operator']) retrieved from /home/airflow/.local/lib/python3.7/site-packages/airflow/example_dags/example_branch_day_of_week_operator.py
[2022-01-09 11:16:40,770] {logging_mixin.py:109} INFO - [2022-01-09 11:16:40,769] {dag.py:2396} INFO - Sync 1 DAGs
[2022-01-09 11:16:40,793] {logging_mixin.py:109} INFO - [2022-01-09 11:16:40,793] {dag.py:2928} INFO - Setting next_dagrun for example_weekday_branch_operator to 2022-01-08 00:00:00+00:00
[2022-01-09 11:16:40,807] {processor.py:171} INFO - Processing /home/airflow/.local/lib/python3.7/site-packages/airflow/example_dags/example_branch_day_of_week_operator.py took 0.093 seconds
[2022-01-09 11:17:11,093] {processor.py:163} INFO - Started process (PID=1780) to work on /home/airflow/.local/lib/python3.7/site-packages/airflow/example_dags/example_branch_day_of_week_operator.py
[2022-01-09 11:17:11,095] {processor.py:625} INFO - Processing file /home/airflow/.local/lib/python3.7/site-packages/airflow/example_dags/example_branch_day_of_week_operator.py for tasks to queue
[2022-01-09 11:17:11,096] {logging_mixin.py:109} INFO - [2022-01-09 11:17:11,096] {dagbag.py:500} INFO - Filling up the DagBag from /home/airflow/.local/lib/python3.7/site-packages/airflow/example_dags/example_branch_day_of_week_operator.py
[2022-01-09 11:17:11,135] {processor.py:637} INFO - DAG(s) dict_keys(['example_weekday_branch_operator']) retrieved from /home/airflow/.local/lib/python3.7/site-packages/airflow/example_dags/example_branch_day_of_week_operator.py
[2022-01-09 11:17:11,148] {logging_mixin.py:109} INFO - [2022-01-09 11:17:11,148] {dag.py:2396} INFO - Sync 1 DAGs
[2022-01-09 11:17:11,174] {logging_mixin.py:109} INFO - [2022-01-09 11:17:11,174] {dag.py:2928} INFO - Setting next_dagrun for example_weekday_branch_operator to 2022-01-08 00:00:00+00:00
[2022-01-09 11:17:11,187] {processor.py:171} INFO - Processing /home/airflow/.local/lib/python3.7/site-packages/airflow/example_dags/example_branch_day_of_week_operator.py took 0.099 seconds
[2022-01-09 11:17:41,352] {processor.py:163} INFO - Started process (PID=1842) to work on /home/airflow/.local/lib/python3.7/site-packages/airflow/example_dags/example_branch_day_of_week_operator.py
[2022-01-09 11:17:41,353] {processor.py:625} INFO - Processing file /home/airflow/.local/lib/python3.7/site-packages/airflow/example_dags/example_branch_day_of_week_operator.py for tasks to queue
[2022-01-09 11:17:41,355] {logging_mixin.py:109} INFO - [2022-01-09 11:17:41,354] {dagbag.py:500} INFO - Filling up the DagBag from /home/airflow/.local/lib/python3.7/site-packages/airflow/example_dags/example_branch_day_of_week_operator.py
[2022-01-09 11:17:41,391] {processor.py:637} INFO - DAG(s) dict_keys(['example_weekday_branch_operator']) retrieved from /home/airflow/.local/lib/python3.7/site-packages/airflow/example_dags/example_branch_day_of_week_operator.py
[2022-01-09 11:17:41,406] {logging_mixin.py:109} INFO - [2022-01-09 11:17:41,406] {dag.py:2396} INFO - Sync 1 DAGs
[2022-01-09 11:17:41,433] {logging_mixin.py:109} INFO - [2022-01-09 11:17:41,433] {dag.py:2928} INFO - Setting next_dagrun for example_weekday_branch_operator to 2022-01-08 00:00:00+00:00
[2022-01-09 11:17:41,450] {processor.py:171} INFO - Processing /home/airflow/.local/lib/python3.7/site-packages/airflow/example_dags/example_branch_day_of_week_operator.py took 0.103 seconds
[2022-01-09 11:18:12,369] {processor.py:163} INFO - Started process (PID=1903) to work on /home/airflow/.local/lib/python3.7/site-packages/airflow/example_dags/example_branch_day_of_week_operator.py
[2022-01-09 11:18:12,373] {processor.py:625} INFO - Processing file /home/airflow/.local/lib/python3.7/site-packages/airflow/example_dags/example_branch_day_of_week_operator.py for tasks to queue
[2022-01-09 11:18:12,376] {logging_mixin.py:109} INFO - [2022-01-09 11:18:12,376] {dagbag.py:500} INFO - Filling up the DagBag from /home/airflow/.local/lib/python3.7/site-packages/airflow/example_dags/example_branch_day_of_week_operator.py
[2022-01-09 11:18:12,471] {processor.py:637} INFO - DAG(s) dict_keys(['example_weekday_branch_operator']) retrieved from /home/airflow/.local/lib/python3.7/site-packages/airflow/example_dags/example_branch_day_of_week_operator.py
[2022-01-09 11:18:12,512] {logging_mixin.py:109} INFO - [2022-01-09 11:18:12,512] {dag.py:2396} INFO - Sync 1 DAGs
[2022-01-09 11:18:12,577] {logging_mixin.py:109} INFO - [2022-01-09 11:18:12,576] {dag.py:2928} INFO - Setting next_dagrun for example_weekday_branch_operator to 2022-01-08 00:00:00+00:00
[2022-01-09 11:18:12,609] {processor.py:171} INFO - Processing /home/airflow/.local/lib/python3.7/site-packages/airflow/example_dags/example_branch_day_of_week_operator.py took 0.251 seconds
[2022-01-09 11:18:43,348] {processor.py:163} INFO - Started process (PID=1965) to work on /home/airflow/.local/lib/python3.7/site-packages/airflow/example_dags/example_branch_day_of_week_operator.py
[2022-01-09 11:18:43,352] {processor.py:625} INFO - Processing file /home/airflow/.local/lib/python3.7/site-packages/airflow/example_dags/example_branch_day_of_week_operator.py for tasks to queue
[2022-01-09 11:18:43,355] {logging_mixin.py:109} INFO - [2022-01-09 11:18:43,354] {dagbag.py:500} INFO - Filling up the DagBag from /home/airflow/.local/lib/python3.7/site-packages/airflow/example_dags/example_branch_day_of_week_operator.py
[2022-01-09 11:18:43,433] {processor.py:637} INFO - DAG(s) dict_keys(['example_weekday_branch_operator']) retrieved from /home/airflow/.local/lib/python3.7/site-packages/airflow/example_dags/example_branch_day_of_week_operator.py
[2022-01-09 11:18:43,462] {logging_mixin.py:109} INFO - [2022-01-09 11:18:43,461] {dag.py:2396} INFO - Sync 1 DAGs
[2022-01-09 11:18:43,514] {logging_mixin.py:109} INFO - [2022-01-09 11:18:43,514] {dag.py:2928} INFO - Setting next_dagrun for example_weekday_branch_operator to 2022-01-08 00:00:00+00:00
[2022-01-09 11:18:43,543] {processor.py:171} INFO - Processing /home/airflow/.local/lib/python3.7/site-packages/airflow/example_dags/example_branch_day_of_week_operator.py took 0.204 seconds
[2022-01-09 11:19:14,314] {processor.py:163} INFO - Started process (PID=2027) to work on /home/airflow/.local/lib/python3.7/site-packages/airflow/example_dags/example_branch_day_of_week_operator.py
[2022-01-09 11:19:14,317] {processor.py:625} INFO - Processing file /home/airflow/.local/lib/python3.7/site-packages/airflow/example_dags/example_branch_day_of_week_operator.py for tasks to queue
[2022-01-09 11:19:14,319] {logging_mixin.py:109} INFO - [2022-01-09 11:19:14,318] {dagbag.py:500} INFO - Filling up the DagBag from /home/airflow/.local/lib/python3.7/site-packages/airflow/example_dags/example_branch_day_of_week_operator.py
[2022-01-09 11:19:14,374] {processor.py:637} INFO - DAG(s) dict_keys(['example_weekday_branch_operator']) retrieved from /home/airflow/.local/lib/python3.7/site-packages/airflow/example_dags/example_branch_day_of_week_operator.py
[2022-01-09 11:19:14,394] {logging_mixin.py:109} INFO - [2022-01-09 11:19:14,394] {dag.py:2396} INFO - Sync 1 DAGs
[2022-01-09 11:19:14,434] {logging_mixin.py:109} INFO - [2022-01-09 11:19:14,433] {dag.py:2928} INFO - Setting next_dagrun for example_weekday_branch_operator to 2022-01-08 00:00:00+00:00
[2022-01-09 11:19:14,455] {processor.py:171} INFO - Processing /home/airflow/.local/lib/python3.7/site-packages/airflow/example_dags/example_branch_day_of_week_operator.py took 0.149 seconds
[2022-01-09 11:19:44,997] {processor.py:163} INFO - Started process (PID=2089) to work on /home/airflow/.local/lib/python3.7/site-packages/airflow/example_dags/example_branch_day_of_week_operator.py
[2022-01-09 11:19:44,999] {processor.py:625} INFO - Processing file /home/airflow/.local/lib/python3.7/site-packages/airflow/example_dags/example_branch_day_of_week_operator.py for tasks to queue
[2022-01-09 11:19:45,000] {logging_mixin.py:109} INFO - [2022-01-09 11:19:45,000] {dagbag.py:500} INFO - Filling up the DagBag from /home/airflow/.local/lib/python3.7/site-packages/airflow/example_dags/example_branch_day_of_week_operator.py
[2022-01-09 11:19:45,041] {processor.py:637} INFO - DAG(s) dict_keys(['example_weekday_branch_operator']) retrieved from /home/airflow/.local/lib/python3.7/site-packages/airflow/example_dags/example_branch_day_of_week_operator.py
[2022-01-09 11:19:45,057] {logging_mixin.py:109} INFO - [2022-01-09 11:19:45,057] {dag.py:2396} INFO - Sync 1 DAGs
[2022-01-09 11:19:45,083] {logging_mixin.py:109} INFO - [2022-01-09 11:19:45,083] {dag.py:2928} INFO - Setting next_dagrun for example_weekday_branch_operator to 2022-01-08 00:00:00+00:00
[2022-01-09 11:19:45,103] {processor.py:171} INFO - Processing /home/airflow/.local/lib/python3.7/site-packages/airflow/example_dags/example_branch_day_of_week_operator.py took 0.112 seconds
[2022-01-09 11:20:15,651] {processor.py:163} INFO - Started process (PID=2160) to work on /home/airflow/.local/lib/python3.7/site-packages/airflow/example_dags/example_branch_day_of_week_operator.py
[2022-01-09 11:20:15,652] {processor.py:625} INFO - Processing file /home/airflow/.local/lib/python3.7/site-packages/airflow/example_dags/example_branch_day_of_week_operator.py for tasks to queue
[2022-01-09 11:20:15,654] {logging_mixin.py:109} INFO - [2022-01-09 11:20:15,653] {dagbag.py:500} INFO - Filling up the DagBag from /home/airflow/.local/lib/python3.7/site-packages/airflow/example_dags/example_branch_day_of_week_operator.py
[2022-01-09 11:20:15,688] {processor.py:637} INFO - DAG(s) dict_keys(['example_weekday_branch_operator']) retrieved from /home/airflow/.local/lib/python3.7/site-packages/airflow/example_dags/example_branch_day_of_week_operator.py
[2022-01-09 11:20:15,701] {logging_mixin.py:109} INFO - [2022-01-09 11:20:15,701] {dag.py:2396} INFO - Sync 1 DAGs
[2022-01-09 11:20:15,726] {logging_mixin.py:109} INFO - [2022-01-09 11:20:15,726] {dag.py:2928} INFO - Setting next_dagrun for example_weekday_branch_operator to 2022-01-08 00:00:00+00:00
[2022-01-09 11:20:15,743] {processor.py:171} INFO - Processing /home/airflow/.local/lib/python3.7/site-packages/airflow/example_dags/example_branch_day_of_week_operator.py took 0.096 seconds
[2022-01-09 11:20:46,214] {processor.py:163} INFO - Started process (PID=2220) to work on /home/airflow/.local/lib/python3.7/site-packages/airflow/example_dags/example_branch_day_of_week_operator.py
[2022-01-09 11:20:46,216] {processor.py:625} INFO - Processing file /home/airflow/.local/lib/python3.7/site-packages/airflow/example_dags/example_branch_day_of_week_operator.py for tasks to queue
[2022-01-09 11:20:46,217] {logging_mixin.py:109} INFO - [2022-01-09 11:20:46,217] {dagbag.py:500} INFO - Filling up the DagBag from /home/airflow/.local/lib/python3.7/site-packages/airflow/example_dags/example_branch_day_of_week_operator.py
[2022-01-09 11:20:46,254] {processor.py:637} INFO - DAG(s) dict_keys(['example_weekday_branch_operator']) retrieved from /home/airflow/.local/lib/python3.7/site-packages/airflow/example_dags/example_branch_day_of_week_operator.py
[2022-01-09 11:20:46,270] {logging_mixin.py:109} INFO - [2022-01-09 11:20:46,270] {dag.py:2396} INFO - Sync 1 DAGs
[2022-01-09 11:20:46,303] {logging_mixin.py:109} INFO - [2022-01-09 11:20:46,303] {dag.py:2928} INFO - Setting next_dagrun for example_weekday_branch_operator to 2022-01-08 00:00:00+00:00
[2022-01-09 11:20:46,317] {processor.py:171} INFO - Processing /home/airflow/.local/lib/python3.7/site-packages/airflow/example_dags/example_branch_day_of_week_operator.py took 0.107 seconds
[2022-01-09 11:21:16,624] {processor.py:163} INFO - Started process (PID=2282) to work on /home/airflow/.local/lib/python3.7/site-packages/airflow/example_dags/example_branch_day_of_week_operator.py
[2022-01-09 11:21:16,627] {processor.py:625} INFO - Processing file /home/airflow/.local/lib/python3.7/site-packages/airflow/example_dags/example_branch_day_of_week_operator.py for tasks to queue
[2022-01-09 11:21:16,629] {logging_mixin.py:109} INFO - [2022-01-09 11:21:16,629] {dagbag.py:500} INFO - Filling up the DagBag from /home/airflow/.local/lib/python3.7/site-packages/airflow/example_dags/example_branch_day_of_week_operator.py
[2022-01-09 11:21:16,698] {processor.py:637} INFO - DAG(s) dict_keys(['example_weekday_branch_operator']) retrieved from /home/airflow/.local/lib/python3.7/site-packages/airflow/example_dags/example_branch_day_of_week_operator.py
[2022-01-09 11:21:16,721] {logging_mixin.py:109} INFO - [2022-01-09 11:21:16,720] {dag.py:2396} INFO - Sync 1 DAGs
[2022-01-09 11:21:16,765] {logging_mixin.py:109} INFO - [2022-01-09 11:21:16,765] {dag.py:2928} INFO - Setting next_dagrun for example_weekday_branch_operator to 2022-01-08 00:00:00+00:00
[2022-01-09 11:21:16,790] {processor.py:171} INFO - Processing /home/airflow/.local/lib/python3.7/site-packages/airflow/example_dags/example_branch_day_of_week_operator.py took 0.178 seconds
[2022-01-09 11:21:47,450] {processor.py:163} INFO - Started process (PID=2344) to work on /home/airflow/.local/lib/python3.7/site-packages/airflow/example_dags/example_branch_day_of_week_operator.py
[2022-01-09 11:21:47,453] {processor.py:625} INFO - Processing file /home/airflow/.local/lib/python3.7/site-packages/airflow/example_dags/example_branch_day_of_week_operator.py for tasks to queue
[2022-01-09 11:21:47,454] {logging_mixin.py:109} INFO - [2022-01-09 11:21:47,454] {dagbag.py:500} INFO - Filling up the DagBag from /home/airflow/.local/lib/python3.7/site-packages/airflow/example_dags/example_branch_day_of_week_operator.py
[2022-01-09 11:21:47,500] {processor.py:637} INFO - DAG(s) dict_keys(['example_weekday_branch_operator']) retrieved from /home/airflow/.local/lib/python3.7/site-packages/airflow/example_dags/example_branch_day_of_week_operator.py
[2022-01-09 11:21:47,517] {logging_mixin.py:109} INFO - [2022-01-09 11:21:47,517] {dag.py:2396} INFO - Sync 1 DAGs
[2022-01-09 11:21:47,548] {logging_mixin.py:109} INFO - [2022-01-09 11:21:47,547] {dag.py:2928} INFO - Setting next_dagrun for example_weekday_branch_operator to 2022-01-08 00:00:00+00:00
[2022-01-09 11:21:47,565] {processor.py:171} INFO - Processing /home/airflow/.local/lib/python3.7/site-packages/airflow/example_dags/example_branch_day_of_week_operator.py took 0.121 seconds
[2022-01-09 11:22:18,850] {processor.py:163} INFO - Started process (PID=2406) to work on /home/airflow/.local/lib/python3.7/site-packages/airflow/example_dags/example_branch_day_of_week_operator.py
[2022-01-09 11:22:18,852] {processor.py:625} INFO - Processing file /home/airflow/.local/lib/python3.7/site-packages/airflow/example_dags/example_branch_day_of_week_operator.py for tasks to queue
[2022-01-09 11:22:18,854] {logging_mixin.py:109} INFO - [2022-01-09 11:22:18,853] {dagbag.py:500} INFO - Filling up the DagBag from /home/airflow/.local/lib/python3.7/site-packages/airflow/example_dags/example_branch_day_of_week_operator.py
[2022-01-09 11:22:18,900] {processor.py:637} INFO - DAG(s) dict_keys(['example_weekday_branch_operator']) retrieved from /home/airflow/.local/lib/python3.7/site-packages/airflow/example_dags/example_branch_day_of_week_operator.py
[2022-01-09 11:22:18,917] {logging_mixin.py:109} INFO - [2022-01-09 11:22:18,917] {dag.py:2396} INFO - Sync 1 DAGs
[2022-01-09 11:22:18,944] {logging_mixin.py:109} INFO - [2022-01-09 11:22:18,944] {dag.py:2928} INFO - Setting next_dagrun for example_weekday_branch_operator to 2022-01-08 00:00:00+00:00
[2022-01-09 11:22:18,959] {processor.py:171} INFO - Processing /home/airflow/.local/lib/python3.7/site-packages/airflow/example_dags/example_branch_day_of_week_operator.py took 0.114 seconds
[2022-01-09 11:22:49,467] {processor.py:163} INFO - Started process (PID=2458) to work on /home/airflow/.local/lib/python3.7/site-packages/airflow/example_dags/example_branch_day_of_week_operator.py
[2022-01-09 11:22:49,474] {processor.py:625} INFO - Processing file /home/airflow/.local/lib/python3.7/site-packages/airflow/example_dags/example_branch_day_of_week_operator.py for tasks to queue
[2022-01-09 11:22:49,479] {logging_mixin.py:109} INFO - [2022-01-09 11:22:49,478] {dagbag.py:500} INFO - Filling up the DagBag from /home/airflow/.local/lib/python3.7/site-packages/airflow/example_dags/example_branch_day_of_week_operator.py
[2022-01-09 11:22:49,605] {processor.py:637} INFO - DAG(s) dict_keys(['example_weekday_branch_operator']) retrieved from /home/airflow/.local/lib/python3.7/site-packages/airflow/example_dags/example_branch_day_of_week_operator.py
[2022-01-09 11:22:49,655] {logging_mixin.py:109} INFO - [2022-01-09 11:22:49,653] {dag.py:2396} INFO - Sync 1 DAGs
[2022-01-09 11:22:49,762] {logging_mixin.py:109} INFO - [2022-01-09 11:22:49,762] {dag.py:2928} INFO - Setting next_dagrun for example_weekday_branch_operator to 2022-01-08 00:00:00+00:00
[2022-01-09 11:22:49,786] {processor.py:171} INFO - Processing /home/airflow/.local/lib/python3.7/site-packages/airflow/example_dags/example_branch_day_of_week_operator.py took 0.333 seconds
[2022-01-09 11:23:20,362] {processor.py:163} INFO - Started process (PID=2518) to work on /home/airflow/.local/lib/python3.7/site-packages/airflow/example_dags/example_branch_day_of_week_operator.py
[2022-01-09 11:23:20,365] {processor.py:625} INFO - Processing file /home/airflow/.local/lib/python3.7/site-packages/airflow/example_dags/example_branch_day_of_week_operator.py for tasks to queue
[2022-01-09 11:23:20,366] {logging_mixin.py:109} INFO - [2022-01-09 11:23:20,366] {dagbag.py:500} INFO - Filling up the DagBag from /home/airflow/.local/lib/python3.7/site-packages/airflow/example_dags/example_branch_day_of_week_operator.py
[2022-01-09 11:23:20,420] {processor.py:637} INFO - DAG(s) dict_keys(['example_weekday_branch_operator']) retrieved from /home/airflow/.local/lib/python3.7/site-packages/airflow/example_dags/example_branch_day_of_week_operator.py
[2022-01-09 11:23:20,441] {logging_mixin.py:109} INFO - [2022-01-09 11:23:20,441] {dag.py:2396} INFO - Sync 1 DAGs
[2022-01-09 11:23:20,489] {logging_mixin.py:109} INFO - [2022-01-09 11:23:20,489] {dag.py:2928} INFO - Setting next_dagrun for example_weekday_branch_operator to 2022-01-08 00:00:00+00:00
[2022-01-09 11:23:20,513] {processor.py:171} INFO - Processing /home/airflow/.local/lib/python3.7/site-packages/airflow/example_dags/example_branch_day_of_week_operator.py took 0.156 seconds
[2022-01-09 11:23:51,706] {processor.py:163} INFO - Started process (PID=2580) to work on /home/airflow/.local/lib/python3.7/site-packages/airflow/example_dags/example_branch_day_of_week_operator.py
[2022-01-09 11:23:51,711] {processor.py:625} INFO - Processing file /home/airflow/.local/lib/python3.7/site-packages/airflow/example_dags/example_branch_day_of_week_operator.py for tasks to queue
[2022-01-09 11:23:51,715] {logging_mixin.py:109} INFO - [2022-01-09 11:23:51,714] {dagbag.py:500} INFO - Filling up the DagBag from /home/airflow/.local/lib/python3.7/site-packages/airflow/example_dags/example_branch_day_of_week_operator.py
[2022-01-09 11:23:51,822] {processor.py:637} INFO - DAG(s) dict_keys(['example_weekday_branch_operator']) retrieved from /home/airflow/.local/lib/python3.7/site-packages/airflow/example_dags/example_branch_day_of_week_operator.py
[2022-01-09 11:23:51,860] {logging_mixin.py:109} INFO - [2022-01-09 11:23:51,860] {dag.py:2396} INFO - Sync 1 DAGs
[2022-01-09 11:23:51,932] {logging_mixin.py:109} INFO - [2022-01-09 11:23:51,931] {dag.py:2928} INFO - Setting next_dagrun for example_weekday_branch_operator to 2022-01-08 00:00:00+00:00
[2022-01-09 11:23:51,970] {processor.py:171} INFO - Processing /home/airflow/.local/lib/python3.7/site-packages/airflow/example_dags/example_branch_day_of_week_operator.py took 0.277 seconds
[2022-01-09 11:24:22,587] {processor.py:163} INFO - Started process (PID=2640) to work on /home/airflow/.local/lib/python3.7/site-packages/airflow/example_dags/example_branch_day_of_week_operator.py
[2022-01-09 11:24:22,590] {processor.py:625} INFO - Processing file /home/airflow/.local/lib/python3.7/site-packages/airflow/example_dags/example_branch_day_of_week_operator.py for tasks to queue
[2022-01-09 11:24:22,592] {logging_mixin.py:109} INFO - [2022-01-09 11:24:22,591] {dagbag.py:500} INFO - Filling up the DagBag from /home/airflow/.local/lib/python3.7/site-packages/airflow/example_dags/example_branch_day_of_week_operator.py
[2022-01-09 11:24:22,654] {processor.py:637} INFO - DAG(s) dict_keys(['example_weekday_branch_operator']) retrieved from /home/airflow/.local/lib/python3.7/site-packages/airflow/example_dags/example_branch_day_of_week_operator.py
[2022-01-09 11:24:22,674] {logging_mixin.py:109} INFO - [2022-01-09 11:24:22,674] {dag.py:2396} INFO - Sync 1 DAGs
[2022-01-09 11:24:22,705] {logging_mixin.py:109} INFO - [2022-01-09 11:24:22,705] {dag.py:2928} INFO - Setting next_dagrun for example_weekday_branch_operator to 2022-01-08 00:00:00+00:00
[2022-01-09 11:24:22,726] {processor.py:171} INFO - Processing /home/airflow/.local/lib/python3.7/site-packages/airflow/example_dags/example_branch_day_of_week_operator.py took 0.145 seconds
[2022-01-09 11:24:53,105] {processor.py:163} INFO - Started process (PID=2702) to work on /home/airflow/.local/lib/python3.7/site-packages/airflow/example_dags/example_branch_day_of_week_operator.py
[2022-01-09 11:24:53,107] {processor.py:625} INFO - Processing file /home/airflow/.local/lib/python3.7/site-packages/airflow/example_dags/example_branch_day_of_week_operator.py for tasks to queue
[2022-01-09 11:24:53,108] {logging_mixin.py:109} INFO - [2022-01-09 11:24:53,108] {dagbag.py:500} INFO - Filling up the DagBag from /home/airflow/.local/lib/python3.7/site-packages/airflow/example_dags/example_branch_day_of_week_operator.py
[2022-01-09 11:24:53,148] {processor.py:637} INFO - DAG(s) dict_keys(['example_weekday_branch_operator']) retrieved from /home/airflow/.local/lib/python3.7/site-packages/airflow/example_dags/example_branch_day_of_week_operator.py
[2022-01-09 11:24:53,162] {logging_mixin.py:109} INFO - [2022-01-09 11:24:53,161] {dag.py:2396} INFO - Sync 1 DAGs
[2022-01-09 11:24:53,192] {logging_mixin.py:109} INFO - [2022-01-09 11:24:53,191] {dag.py:2928} INFO - Setting next_dagrun for example_weekday_branch_operator to 2022-01-08 00:00:00+00:00
[2022-01-09 11:24:53,208] {processor.py:171} INFO - Processing /home/airflow/.local/lib/python3.7/site-packages/airflow/example_dags/example_branch_day_of_week_operator.py took 0.109 seconds
[2022-01-09 11:25:23,406] {processor.py:163} INFO - Started process (PID=2764) to work on /home/airflow/.local/lib/python3.7/site-packages/airflow/example_dags/example_branch_day_of_week_operator.py
[2022-01-09 11:25:23,409] {processor.py:625} INFO - Processing file /home/airflow/.local/lib/python3.7/site-packages/airflow/example_dags/example_branch_day_of_week_operator.py for tasks to queue
[2022-01-09 11:25:23,410] {logging_mixin.py:109} INFO - [2022-01-09 11:25:23,410] {dagbag.py:500} INFO - Filling up the DagBag from /home/airflow/.local/lib/python3.7/site-packages/airflow/example_dags/example_branch_day_of_week_operator.py
[2022-01-09 11:25:23,514] {processor.py:637} INFO - DAG(s) dict_keys(['example_weekday_branch_operator']) retrieved from /home/airflow/.local/lib/python3.7/site-packages/airflow/example_dags/example_branch_day_of_week_operator.py
[2022-01-09 11:25:23,538] {logging_mixin.py:109} INFO - [2022-01-09 11:25:23,538] {dag.py:2396} INFO - Sync 1 DAGs
[2022-01-09 11:25:23,574] {logging_mixin.py:109} INFO - [2022-01-09 11:25:23,574] {dag.py:2928} INFO - Setting next_dagrun for example_weekday_branch_operator to 2022-01-08 00:00:00+00:00
[2022-01-09 11:25:23,590] {processor.py:171} INFO - Processing /home/airflow/.local/lib/python3.7/site-packages/airflow/example_dags/example_branch_day_of_week_operator.py took 0.191 seconds
[2022-01-09 11:25:54,363] {processor.py:163} INFO - Started process (PID=2825) to work on /home/airflow/.local/lib/python3.7/site-packages/airflow/example_dags/example_branch_day_of_week_operator.py
[2022-01-09 11:25:54,367] {processor.py:625} INFO - Processing file /home/airflow/.local/lib/python3.7/site-packages/airflow/example_dags/example_branch_day_of_week_operator.py for tasks to queue
[2022-01-09 11:25:54,369] {logging_mixin.py:109} INFO - [2022-01-09 11:25:54,368] {dagbag.py:500} INFO - Filling up the DagBag from /home/airflow/.local/lib/python3.7/site-packages/airflow/example_dags/example_branch_day_of_week_operator.py
[2022-01-09 11:25:54,440] {processor.py:637} INFO - DAG(s) dict_keys(['example_weekday_branch_operator']) retrieved from /home/airflow/.local/lib/python3.7/site-packages/airflow/example_dags/example_branch_day_of_week_operator.py
[2022-01-09 11:25:54,474] {logging_mixin.py:109} INFO - [2022-01-09 11:25:54,473] {dag.py:2396} INFO - Sync 1 DAGs
[2022-01-09 11:25:54,532] {logging_mixin.py:109} INFO - [2022-01-09 11:25:54,532] {dag.py:2928} INFO - Setting next_dagrun for example_weekday_branch_operator to 2022-01-08 00:00:00+00:00
[2022-01-09 11:25:54,554] {processor.py:171} INFO - Processing /home/airflow/.local/lib/python3.7/site-packages/airflow/example_dags/example_branch_day_of_week_operator.py took 0.197 seconds
[2022-01-09 11:26:25,289] {processor.py:163} INFO - Started process (PID=2887) to work on /home/airflow/.local/lib/python3.7/site-packages/airflow/example_dags/example_branch_day_of_week_operator.py
[2022-01-09 11:26:25,302] {processor.py:625} INFO - Processing file /home/airflow/.local/lib/python3.7/site-packages/airflow/example_dags/example_branch_day_of_week_operator.py for tasks to queue
[2022-01-09 11:26:25,312] {logging_mixin.py:109} INFO - [2022-01-09 11:26:25,312] {dagbag.py:500} INFO - Filling up the DagBag from /home/airflow/.local/lib/python3.7/site-packages/airflow/example_dags/example_branch_day_of_week_operator.py
[2022-01-09 11:26:25,400] {processor.py:637} INFO - DAG(s) dict_keys(['example_weekday_branch_operator']) retrieved from /home/airflow/.local/lib/python3.7/site-packages/airflow/example_dags/example_branch_day_of_week_operator.py
[2022-01-09 11:26:25,453] {logging_mixin.py:109} INFO - [2022-01-09 11:26:25,453] {dag.py:2396} INFO - Sync 1 DAGs
[2022-01-09 11:26:25,535] {logging_mixin.py:109} INFO - [2022-01-09 11:26:25,534] {dag.py:2928} INFO - Setting next_dagrun for example_weekday_branch_operator to 2022-01-08 00:00:00+00:00
[2022-01-09 11:26:25,598] {processor.py:171} INFO - Processing /home/airflow/.local/lib/python3.7/site-packages/airflow/example_dags/example_branch_day_of_week_operator.py took 0.315 seconds
[2022-01-09 11:26:56,082] {processor.py:163} INFO - Started process (PID=2938) to work on /home/airflow/.local/lib/python3.7/site-packages/airflow/example_dags/example_branch_day_of_week_operator.py
[2022-01-09 11:26:56,084] {processor.py:625} INFO - Processing file /home/airflow/.local/lib/python3.7/site-packages/airflow/example_dags/example_branch_day_of_week_operator.py for tasks to queue
[2022-01-09 11:26:56,085] {logging_mixin.py:109} INFO - [2022-01-09 11:26:56,085] {dagbag.py:500} INFO - Filling up the DagBag from /home/airflow/.local/lib/python3.7/site-packages/airflow/example_dags/example_branch_day_of_week_operator.py
[2022-01-09 11:26:56,123] {processor.py:637} INFO - DAG(s) dict_keys(['example_weekday_branch_operator']) retrieved from /home/airflow/.local/lib/python3.7/site-packages/airflow/example_dags/example_branch_day_of_week_operator.py
[2022-01-09 11:26:56,139] {logging_mixin.py:109} INFO - [2022-01-09 11:26:56,139] {dag.py:2396} INFO - Sync 1 DAGs
[2022-01-09 11:26:56,173] {logging_mixin.py:109} INFO - [2022-01-09 11:26:56,173] {dag.py:2928} INFO - Setting next_dagrun for example_weekday_branch_operator to 2022-01-08 00:00:00+00:00
[2022-01-09 11:26:56,193] {processor.py:171} INFO - Processing /home/airflow/.local/lib/python3.7/site-packages/airflow/example_dags/example_branch_day_of_week_operator.py took 0.115 seconds
[2022-01-09 11:27:26,512] {processor.py:163} INFO - Started process (PID=3000) to work on /home/airflow/.local/lib/python3.7/site-packages/airflow/example_dags/example_branch_day_of_week_operator.py
[2022-01-09 11:27:26,514] {processor.py:625} INFO - Processing file /home/airflow/.local/lib/python3.7/site-packages/airflow/example_dags/example_branch_day_of_week_operator.py for tasks to queue
[2022-01-09 11:27:26,515] {logging_mixin.py:109} INFO - [2022-01-09 11:27:26,515] {dagbag.py:500} INFO - Filling up the DagBag from /home/airflow/.local/lib/python3.7/site-packages/airflow/example_dags/example_branch_day_of_week_operator.py
[2022-01-09 11:27:26,552] {processor.py:637} INFO - DAG(s) dict_keys(['example_weekday_branch_operator']) retrieved from /home/airflow/.local/lib/python3.7/site-packages/airflow/example_dags/example_branch_day_of_week_operator.py
[2022-01-09 11:27:26,566] {logging_mixin.py:109} INFO - [2022-01-09 11:27:26,566] {dag.py:2396} INFO - Sync 1 DAGs
[2022-01-09 11:27:26,591] {logging_mixin.py:109} INFO - [2022-01-09 11:27:26,591] {dag.py:2928} INFO - Setting next_dagrun for example_weekday_branch_operator to 2022-01-08 00:00:00+00:00
[2022-01-09 11:27:26,608] {processor.py:171} INFO - Processing /home/airflow/.local/lib/python3.7/site-packages/airflow/example_dags/example_branch_day_of_week_operator.py took 0.100 seconds
[2022-01-09 11:27:57,010] {processor.py:163} INFO - Started process (PID=3061) to work on /home/airflow/.local/lib/python3.7/site-packages/airflow/example_dags/example_branch_day_of_week_operator.py
[2022-01-09 11:27:57,012] {processor.py:625} INFO - Processing file /home/airflow/.local/lib/python3.7/site-packages/airflow/example_dags/example_branch_day_of_week_operator.py for tasks to queue
[2022-01-09 11:27:57,013] {logging_mixin.py:109} INFO - [2022-01-09 11:27:57,013] {dagbag.py:500} INFO - Filling up the DagBag from /home/airflow/.local/lib/python3.7/site-packages/airflow/example_dags/example_branch_day_of_week_operator.py
[2022-01-09 11:27:57,107] {processor.py:637} INFO - DAG(s) dict_keys(['example_weekday_branch_operator']) retrieved from /home/airflow/.local/lib/python3.7/site-packages/airflow/example_dags/example_branch_day_of_week_operator.py
[2022-01-09 11:27:57,121] {logging_mixin.py:109} INFO - [2022-01-09 11:27:57,121] {dag.py:2396} INFO - Sync 1 DAGs
[2022-01-09 11:27:57,154] {logging_mixin.py:109} INFO - [2022-01-09 11:27:57,154] {dag.py:2928} INFO - Setting next_dagrun for example_weekday_branch_operator to 2022-01-08 00:00:00+00:00
[2022-01-09 11:27:57,176] {processor.py:171} INFO - Processing /home/airflow/.local/lib/python3.7/site-packages/airflow/example_dags/example_branch_day_of_week_operator.py took 0.170 seconds
[2022-01-09 11:28:27,399] {processor.py:163} INFO - Started process (PID=3123) to work on /home/airflow/.local/lib/python3.7/site-packages/airflow/example_dags/example_branch_day_of_week_operator.py
[2022-01-09 11:28:27,402] {processor.py:625} INFO - Processing file /home/airflow/.local/lib/python3.7/site-packages/airflow/example_dags/example_branch_day_of_week_operator.py for tasks to queue
[2022-01-09 11:28:27,403] {logging_mixin.py:109} INFO - [2022-01-09 11:28:27,403] {dagbag.py:500} INFO - Filling up the DagBag from /home/airflow/.local/lib/python3.7/site-packages/airflow/example_dags/example_branch_day_of_week_operator.py
[2022-01-09 11:28:27,458] {processor.py:637} INFO - DAG(s) dict_keys(['example_weekday_branch_operator']) retrieved from /home/airflow/.local/lib/python3.7/site-packages/airflow/example_dags/example_branch_day_of_week_operator.py
[2022-01-09 11:28:27,479] {logging_mixin.py:109} INFO - [2022-01-09 11:28:27,479] {dag.py:2396} INFO - Sync 1 DAGs
[2022-01-09 11:28:27,583] {logging_mixin.py:109} INFO - [2022-01-09 11:28:27,583] {dag.py:2928} INFO - Setting next_dagrun for example_weekday_branch_operator to 2022-01-08 00:00:00+00:00
[2022-01-09 11:28:27,631] {processor.py:171} INFO - Processing /home/airflow/.local/lib/python3.7/site-packages/airflow/example_dags/example_branch_day_of_week_operator.py took 0.237 seconds
[2022-01-09 11:28:57,915] {processor.py:163} INFO - Started process (PID=3185) to work on /home/airflow/.local/lib/python3.7/site-packages/airflow/example_dags/example_branch_day_of_week_operator.py
[2022-01-09 11:28:57,917] {processor.py:625} INFO - Processing file /home/airflow/.local/lib/python3.7/site-packages/airflow/example_dags/example_branch_day_of_week_operator.py for tasks to queue
[2022-01-09 11:28:57,919] {logging_mixin.py:109} INFO - [2022-01-09 11:28:57,918] {dagbag.py:500} INFO - Filling up the DagBag from /home/airflow/.local/lib/python3.7/site-packages/airflow/example_dags/example_branch_day_of_week_operator.py
[2022-01-09 11:28:57,966] {processor.py:637} INFO - DAG(s) dict_keys(['example_weekday_branch_operator']) retrieved from /home/airflow/.local/lib/python3.7/site-packages/airflow/example_dags/example_branch_day_of_week_operator.py
[2022-01-09 11:28:57,982] {logging_mixin.py:109} INFO - [2022-01-09 11:28:57,982] {dag.py:2396} INFO - Sync 1 DAGs
[2022-01-09 11:28:58,018] {logging_mixin.py:109} INFO - [2022-01-09 11:28:58,018] {dag.py:2928} INFO - Setting next_dagrun for example_weekday_branch_operator to 2022-01-08 00:00:00+00:00
[2022-01-09 11:28:58,037] {processor.py:171} INFO - Processing /home/airflow/.local/lib/python3.7/site-packages/airflow/example_dags/example_branch_day_of_week_operator.py took 0.127 seconds
[2022-01-09 11:29:29,451] {processor.py:163} INFO - Started process (PID=3247) to work on /home/airflow/.local/lib/python3.7/site-packages/airflow/example_dags/example_branch_day_of_week_operator.py
[2022-01-09 11:29:29,456] {processor.py:625} INFO - Processing file /home/airflow/.local/lib/python3.7/site-packages/airflow/example_dags/example_branch_day_of_week_operator.py for tasks to queue
[2022-01-09 11:29:29,462] {logging_mixin.py:109} INFO - [2022-01-09 11:29:29,461] {dagbag.py:500} INFO - Filling up the DagBag from /home/airflow/.local/lib/python3.7/site-packages/airflow/example_dags/example_branch_day_of_week_operator.py
[2022-01-09 11:29:29,545] {processor.py:637} INFO - DAG(s) dict_keys(['example_weekday_branch_operator']) retrieved from /home/airflow/.local/lib/python3.7/site-packages/airflow/example_dags/example_branch_day_of_week_operator.py
[2022-01-09 11:29:29,622] {logging_mixin.py:109} INFO - [2022-01-09 11:29:29,622] {dag.py:2396} INFO - Sync 1 DAGs
[2022-01-09 11:29:29,737] {logging_mixin.py:109} INFO - [2022-01-09 11:29:29,737] {dag.py:2928} INFO - Setting next_dagrun for example_weekday_branch_operator to 2022-01-08 00:00:00+00:00
[2022-01-09 11:29:29,804] {processor.py:171} INFO - Processing /home/airflow/.local/lib/python3.7/site-packages/airflow/example_dags/example_branch_day_of_week_operator.py took 0.367 seconds
[2022-01-09 11:30:00,765] {processor.py:163} INFO - Started process (PID=3298) to work on /home/airflow/.local/lib/python3.7/site-packages/airflow/example_dags/example_branch_day_of_week_operator.py
[2022-01-09 11:30:00,768] {processor.py:625} INFO - Processing file /home/airflow/.local/lib/python3.7/site-packages/airflow/example_dags/example_branch_day_of_week_operator.py for tasks to queue
[2022-01-09 11:30:00,772] {logging_mixin.py:109} INFO - [2022-01-09 11:30:00,772] {dagbag.py:500} INFO - Filling up the DagBag from /home/airflow/.local/lib/python3.7/site-packages/airflow/example_dags/example_branch_day_of_week_operator.py
[2022-01-09 11:30:00,860] {processor.py:637} INFO - DAG(s) dict_keys(['example_weekday_branch_operator']) retrieved from /home/airflow/.local/lib/python3.7/site-packages/airflow/example_dags/example_branch_day_of_week_operator.py
[2022-01-09 11:30:00,887] {logging_mixin.py:109} INFO - [2022-01-09 11:30:00,887] {dag.py:2396} INFO - Sync 1 DAGs
[2022-01-09 11:30:00,983] {logging_mixin.py:109} INFO - [2022-01-09 11:30:00,981] {dag.py:2928} INFO - Setting next_dagrun for example_weekday_branch_operator to 2022-01-08 00:00:00+00:00
[2022-01-09 11:30:01,091] {processor.py:171} INFO - Processing /home/airflow/.local/lib/python3.7/site-packages/airflow/example_dags/example_branch_day_of_week_operator.py took 0.331 seconds
[2022-01-09 11:30:31,266] {processor.py:163} INFO - Started process (PID=3359) to work on /home/airflow/.local/lib/python3.7/site-packages/airflow/example_dags/example_branch_day_of_week_operator.py
[2022-01-09 11:30:31,279] {processor.py:625} INFO - Processing file /home/airflow/.local/lib/python3.7/site-packages/airflow/example_dags/example_branch_day_of_week_operator.py for tasks to queue
[2022-01-09 11:30:31,282] {logging_mixin.py:109} INFO - [2022-01-09 11:30:31,282] {dagbag.py:500} INFO - Filling up the DagBag from /home/airflow/.local/lib/python3.7/site-packages/airflow/example_dags/example_branch_day_of_week_operator.py
[2022-01-09 11:30:31,507] {processor.py:637} INFO - DAG(s) dict_keys(['example_weekday_branch_operator']) retrieved from /home/airflow/.local/lib/python3.7/site-packages/airflow/example_dags/example_branch_day_of_week_operator.py
[2022-01-09 11:30:31,535] {logging_mixin.py:109} INFO - [2022-01-09 11:30:31,535] {dag.py:2396} INFO - Sync 1 DAGs
[2022-01-09 11:30:31,576] {logging_mixin.py:109} INFO - [2022-01-09 11:30:31,576] {dag.py:2928} INFO - Setting next_dagrun for example_weekday_branch_operator to 2022-01-08 00:00:00+00:00
[2022-01-09 11:30:31,609] {processor.py:171} INFO - Processing /home/airflow/.local/lib/python3.7/site-packages/airflow/example_dags/example_branch_day_of_week_operator.py took 0.348 seconds
[2022-01-09 11:31:02,025] {processor.py:163} INFO - Started process (PID=3420) to work on /home/airflow/.local/lib/python3.7/site-packages/airflow/example_dags/example_branch_day_of_week_operator.py
[2022-01-09 11:31:02,039] {processor.py:625} INFO - Processing file /home/airflow/.local/lib/python3.7/site-packages/airflow/example_dags/example_branch_day_of_week_operator.py for tasks to queue
[2022-01-09 11:31:02,118] {logging_mixin.py:109} INFO - [2022-01-09 11:31:02,118] {dagbag.py:500} INFO - Filling up the DagBag from /home/airflow/.local/lib/python3.7/site-packages/airflow/example_dags/example_branch_day_of_week_operator.py
[2022-01-09 11:31:02,292] {processor.py:637} INFO - DAG(s) dict_keys(['example_weekday_branch_operator']) retrieved from /home/airflow/.local/lib/python3.7/site-packages/airflow/example_dags/example_branch_day_of_week_operator.py
[2022-01-09 11:31:02,409] {logging_mixin.py:109} INFO - [2022-01-09 11:31:02,409] {dag.py:2396} INFO - Sync 1 DAGs
[2022-01-09 11:31:02,521] {logging_mixin.py:109} INFO - [2022-01-09 11:31:02,520] {dag.py:2928} INFO - Setting next_dagrun for example_weekday_branch_operator to 2022-01-08 00:00:00+00:00
[2022-01-09 11:31:02,568] {processor.py:171} INFO - Processing /home/airflow/.local/lib/python3.7/site-packages/airflow/example_dags/example_branch_day_of_week_operator.py took 0.547 seconds
[2022-01-09 11:31:32,998] {processor.py:163} INFO - Started process (PID=3481) to work on /home/airflow/.local/lib/python3.7/site-packages/airflow/example_dags/example_branch_day_of_week_operator.py
[2022-01-09 11:31:33,000] {processor.py:625} INFO - Processing file /home/airflow/.local/lib/python3.7/site-packages/airflow/example_dags/example_branch_day_of_week_operator.py for tasks to queue
[2022-01-09 11:31:33,001] {logging_mixin.py:109} INFO - [2022-01-09 11:31:33,001] {dagbag.py:500} INFO - Filling up the DagBag from /home/airflow/.local/lib/python3.7/site-packages/airflow/example_dags/example_branch_day_of_week_operator.py
[2022-01-09 11:31:33,035] {processor.py:637} INFO - DAG(s) dict_keys(['example_weekday_branch_operator']) retrieved from /home/airflow/.local/lib/python3.7/site-packages/airflow/example_dags/example_branch_day_of_week_operator.py
[2022-01-09 11:31:33,047] {logging_mixin.py:109} INFO - [2022-01-09 11:31:33,047] {dag.py:2396} INFO - Sync 1 DAGs
[2022-01-09 11:31:33,070] {logging_mixin.py:109} INFO - [2022-01-09 11:31:33,070] {dag.py:2928} INFO - Setting next_dagrun for example_weekday_branch_operator to 2022-01-08 00:00:00+00:00
[2022-01-09 11:31:33,084] {processor.py:171} INFO - Processing /home/airflow/.local/lib/python3.7/site-packages/airflow/example_dags/example_branch_day_of_week_operator.py took 0.090 seconds
[2022-01-09 11:32:04,077] {processor.py:163} INFO - Started process (PID=3542) to work on /home/airflow/.local/lib/python3.7/site-packages/airflow/example_dags/example_branch_day_of_week_operator.py
[2022-01-09 11:32:04,079] {processor.py:625} INFO - Processing file /home/airflow/.local/lib/python3.7/site-packages/airflow/example_dags/example_branch_day_of_week_operator.py for tasks to queue
[2022-01-09 11:32:04,083] {logging_mixin.py:109} INFO - [2022-01-09 11:32:04,082] {dagbag.py:500} INFO - Filling up the DagBag from /home/airflow/.local/lib/python3.7/site-packages/airflow/example_dags/example_branch_day_of_week_operator.py
[2022-01-09 11:32:04,165] {processor.py:637} INFO - DAG(s) dict_keys(['example_weekday_branch_operator']) retrieved from /home/airflow/.local/lib/python3.7/site-packages/airflow/example_dags/example_branch_day_of_week_operator.py
[2022-01-09 11:32:04,312] {logging_mixin.py:109} INFO - [2022-01-09 11:32:04,311] {dag.py:2396} INFO - Sync 1 DAGs
[2022-01-09 11:32:04,385] {logging_mixin.py:109} INFO - [2022-01-09 11:32:04,385] {dag.py:2928} INFO - Setting next_dagrun for example_weekday_branch_operator to 2022-01-08 00:00:00+00:00
[2022-01-09 11:32:04,410] {processor.py:171} INFO - Processing /home/airflow/.local/lib/python3.7/site-packages/airflow/example_dags/example_branch_day_of_week_operator.py took 0.339 seconds
[2022-01-09 11:32:35,146] {processor.py:163} INFO - Started process (PID=3594) to work on /home/airflow/.local/lib/python3.7/site-packages/airflow/example_dags/example_branch_day_of_week_operator.py
[2022-01-09 11:32:35,148] {processor.py:625} INFO - Processing file /home/airflow/.local/lib/python3.7/site-packages/airflow/example_dags/example_branch_day_of_week_operator.py for tasks to queue
[2022-01-09 11:32:35,150] {logging_mixin.py:109} INFO - [2022-01-09 11:32:35,150] {dagbag.py:500} INFO - Filling up the DagBag from /home/airflow/.local/lib/python3.7/site-packages/airflow/example_dags/example_branch_day_of_week_operator.py
[2022-01-09 11:32:35,219] {processor.py:637} INFO - DAG(s) dict_keys(['example_weekday_branch_operator']) retrieved from /home/airflow/.local/lib/python3.7/site-packages/airflow/example_dags/example_branch_day_of_week_operator.py
[2022-01-09 11:32:35,235] {logging_mixin.py:109} INFO - [2022-01-09 11:32:35,235] {dag.py:2396} INFO - Sync 1 DAGs
[2022-01-09 11:32:35,273] {logging_mixin.py:109} INFO - [2022-01-09 11:32:35,272] {dag.py:2928} INFO - Setting next_dagrun for example_weekday_branch_operator to 2022-01-08 00:00:00+00:00
[2022-01-09 11:32:35,292] {processor.py:171} INFO - Processing /home/airflow/.local/lib/python3.7/site-packages/airflow/example_dags/example_branch_day_of_week_operator.py took 0.150 seconds
[2022-01-09 11:33:05,985] {processor.py:163} INFO - Started process (PID=3654) to work on /home/airflow/.local/lib/python3.7/site-packages/airflow/example_dags/example_branch_day_of_week_operator.py
[2022-01-09 11:33:05,988] {processor.py:625} INFO - Processing file /home/airflow/.local/lib/python3.7/site-packages/airflow/example_dags/example_branch_day_of_week_operator.py for tasks to queue
[2022-01-09 11:33:05,990] {logging_mixin.py:109} INFO - [2022-01-09 11:33:05,989] {dagbag.py:500} INFO - Filling up the DagBag from /home/airflow/.local/lib/python3.7/site-packages/airflow/example_dags/example_branch_day_of_week_operator.py
[2022-01-09 11:33:06,036] {processor.py:637} INFO - DAG(s) dict_keys(['example_weekday_branch_operator']) retrieved from /home/airflow/.local/lib/python3.7/site-packages/airflow/example_dags/example_branch_day_of_week_operator.py
[2022-01-09 11:33:06,052] {logging_mixin.py:109} INFO - [2022-01-09 11:33:06,052] {dag.py:2396} INFO - Sync 1 DAGs
[2022-01-09 11:33:06,087] {logging_mixin.py:109} INFO - [2022-01-09 11:33:06,087] {dag.py:2928} INFO - Setting next_dagrun for example_weekday_branch_operator to 2022-01-08 00:00:00+00:00
[2022-01-09 11:33:06,106] {processor.py:171} INFO - Processing /home/airflow/.local/lib/python3.7/site-packages/airflow/example_dags/example_branch_day_of_week_operator.py took 0.124 seconds
[2022-01-09 11:33:36,650] {processor.py:163} INFO - Started process (PID=3714) to work on /home/airflow/.local/lib/python3.7/site-packages/airflow/example_dags/example_branch_day_of_week_operator.py
[2022-01-09 11:33:36,652] {processor.py:625} INFO - Processing file /home/airflow/.local/lib/python3.7/site-packages/airflow/example_dags/example_branch_day_of_week_operator.py for tasks to queue
[2022-01-09 11:33:36,653] {logging_mixin.py:109} INFO - [2022-01-09 11:33:36,653] {dagbag.py:500} INFO - Filling up the DagBag from /home/airflow/.local/lib/python3.7/site-packages/airflow/example_dags/example_branch_day_of_week_operator.py
[2022-01-09 11:33:36,681] {processor.py:637} INFO - DAG(s) dict_keys(['example_weekday_branch_operator']) retrieved from /home/airflow/.local/lib/python3.7/site-packages/airflow/example_dags/example_branch_day_of_week_operator.py
[2022-01-09 11:33:36,692] {logging_mixin.py:109} INFO - [2022-01-09 11:33:36,692] {dag.py:2396} INFO - Sync 1 DAGs
[2022-01-09 11:33:36,710] {logging_mixin.py:109} INFO - [2022-01-09 11:33:36,710] {dag.py:2928} INFO - Setting next_dagrun for example_weekday_branch_operator to 2022-01-08 00:00:00+00:00
[2022-01-09 11:33:36,720] {processor.py:171} INFO - Processing /home/airflow/.local/lib/python3.7/site-packages/airflow/example_dags/example_branch_day_of_week_operator.py took 0.072 seconds
[2022-01-09 11:34:06,959] {processor.py:163} INFO - Started process (PID=3775) to work on /home/airflow/.local/lib/python3.7/site-packages/airflow/example_dags/example_branch_day_of_week_operator.py
[2022-01-09 11:34:06,961] {processor.py:625} INFO - Processing file /home/airflow/.local/lib/python3.7/site-packages/airflow/example_dags/example_branch_day_of_week_operator.py for tasks to queue
[2022-01-09 11:34:06,962] {logging_mixin.py:109} INFO - [2022-01-09 11:34:06,962] {dagbag.py:500} INFO - Filling up the DagBag from /home/airflow/.local/lib/python3.7/site-packages/airflow/example_dags/example_branch_day_of_week_operator.py
[2022-01-09 11:34:06,998] {processor.py:637} INFO - DAG(s) dict_keys(['example_weekday_branch_operator']) retrieved from /home/airflow/.local/lib/python3.7/site-packages/airflow/example_dags/example_branch_day_of_week_operator.py
[2022-01-09 11:34:07,016] {logging_mixin.py:109} INFO - [2022-01-09 11:34:07,016] {dag.py:2396} INFO - Sync 1 DAGs
[2022-01-09 11:34:07,060] {logging_mixin.py:109} INFO - [2022-01-09 11:34:07,060] {dag.py:2928} INFO - Setting next_dagrun for example_weekday_branch_operator to 2022-01-08 00:00:00+00:00
[2022-01-09 11:34:07,084] {processor.py:171} INFO - Processing /home/airflow/.local/lib/python3.7/site-packages/airflow/example_dags/example_branch_day_of_week_operator.py took 0.128 seconds
[2022-01-09 11:34:37,503] {processor.py:163} INFO - Started process (PID=3846) to work on /home/airflow/.local/lib/python3.7/site-packages/airflow/example_dags/example_branch_day_of_week_operator.py
[2022-01-09 11:34:37,505] {processor.py:625} INFO - Processing file /home/airflow/.local/lib/python3.7/site-packages/airflow/example_dags/example_branch_day_of_week_operator.py for tasks to queue
[2022-01-09 11:34:37,506] {logging_mixin.py:109} INFO - [2022-01-09 11:34:37,506] {dagbag.py:500} INFO - Filling up the DagBag from /home/airflow/.local/lib/python3.7/site-packages/airflow/example_dags/example_branch_day_of_week_operator.py
[2022-01-09 11:34:37,538] {processor.py:637} INFO - DAG(s) dict_keys(['example_weekday_branch_operator']) retrieved from /home/airflow/.local/lib/python3.7/site-packages/airflow/example_dags/example_branch_day_of_week_operator.py
[2022-01-09 11:34:37,552] {logging_mixin.py:109} INFO - [2022-01-09 11:34:37,551] {dag.py:2396} INFO - Sync 1 DAGs
[2022-01-09 11:34:37,576] {logging_mixin.py:109} INFO - [2022-01-09 11:34:37,575] {dag.py:2928} INFO - Setting next_dagrun for example_weekday_branch_operator to 2022-01-08 00:00:00+00:00
[2022-01-09 11:34:37,590] {processor.py:171} INFO - Processing /home/airflow/.local/lib/python3.7/site-packages/airflow/example_dags/example_branch_day_of_week_operator.py took 0.092 seconds
[2022-01-09 11:35:07,646] {processor.py:163} INFO - Started process (PID=3908) to work on /home/airflow/.local/lib/python3.7/site-packages/airflow/example_dags/example_branch_day_of_week_operator.py
[2022-01-09 11:35:07,647] {processor.py:625} INFO - Processing file /home/airflow/.local/lib/python3.7/site-packages/airflow/example_dags/example_branch_day_of_week_operator.py for tasks to queue
[2022-01-09 11:35:07,648] {logging_mixin.py:109} INFO - [2022-01-09 11:35:07,648] {dagbag.py:500} INFO - Filling up the DagBag from /home/airflow/.local/lib/python3.7/site-packages/airflow/example_dags/example_branch_day_of_week_operator.py
[2022-01-09 11:35:07,689] {processor.py:637} INFO - DAG(s) dict_keys(['example_weekday_branch_operator']) retrieved from /home/airflow/.local/lib/python3.7/site-packages/airflow/example_dags/example_branch_day_of_week_operator.py
[2022-01-09 11:35:07,700] {logging_mixin.py:109} INFO - [2022-01-09 11:35:07,700] {dag.py:2396} INFO - Sync 1 DAGs
[2022-01-09 11:35:07,722] {logging_mixin.py:109} INFO - [2022-01-09 11:35:07,722] {dag.py:2928} INFO - Setting next_dagrun for example_weekday_branch_operator to 2022-01-08 00:00:00+00:00
[2022-01-09 11:35:07,739] {processor.py:171} INFO - Processing /home/airflow/.local/lib/python3.7/site-packages/airflow/example_dags/example_branch_day_of_week_operator.py took 0.096 seconds
[2022-01-09 11:35:37,969] {processor.py:163} INFO - Started process (PID=3970) to work on /home/airflow/.local/lib/python3.7/site-packages/airflow/example_dags/example_branch_day_of_week_operator.py
[2022-01-09 11:35:37,972] {processor.py:625} INFO - Processing file /home/airflow/.local/lib/python3.7/site-packages/airflow/example_dags/example_branch_day_of_week_operator.py for tasks to queue
[2022-01-09 11:35:37,975] {logging_mixin.py:109} INFO - [2022-01-09 11:35:37,974] {dagbag.py:500} INFO - Filling up the DagBag from /home/airflow/.local/lib/python3.7/site-packages/airflow/example_dags/example_branch_day_of_week_operator.py
[2022-01-09 11:35:38,076] {processor.py:637} INFO - DAG(s) dict_keys(['example_weekday_branch_operator']) retrieved from /home/airflow/.local/lib/python3.7/site-packages/airflow/example_dags/example_branch_day_of_week_operator.py
[2022-01-09 11:35:38,111] {logging_mixin.py:109} INFO - [2022-01-09 11:35:38,110] {dag.py:2396} INFO - Sync 1 DAGs
[2022-01-09 11:35:38,169] {logging_mixin.py:109} INFO - [2022-01-09 11:35:38,168] {dag.py:2928} INFO - Setting next_dagrun for example_weekday_branch_operator to 2022-01-08 00:00:00+00:00
[2022-01-09 11:35:38,206] {processor.py:171} INFO - Processing /home/airflow/.local/lib/python3.7/site-packages/airflow/example_dags/example_branch_day_of_week_operator.py took 0.242 seconds
[2022-01-09 11:36:08,835] {processor.py:163} INFO - Started process (PID=4031) to work on /home/airflow/.local/lib/python3.7/site-packages/airflow/example_dags/example_branch_day_of_week_operator.py
[2022-01-09 11:36:08,837] {processor.py:625} INFO - Processing file /home/airflow/.local/lib/python3.7/site-packages/airflow/example_dags/example_branch_day_of_week_operator.py for tasks to queue
[2022-01-09 11:36:08,838] {logging_mixin.py:109} INFO - [2022-01-09 11:36:08,838] {dagbag.py:500} INFO - Filling up the DagBag from /home/airflow/.local/lib/python3.7/site-packages/airflow/example_dags/example_branch_day_of_week_operator.py
[2022-01-09 11:36:08,884] {processor.py:637} INFO - DAG(s) dict_keys(['example_weekday_branch_operator']) retrieved from /home/airflow/.local/lib/python3.7/site-packages/airflow/example_dags/example_branch_day_of_week_operator.py
[2022-01-09 11:36:08,904] {logging_mixin.py:109} INFO - [2022-01-09 11:36:08,903] {dag.py:2396} INFO - Sync 1 DAGs
[2022-01-09 11:36:08,920] {logging_mixin.py:109} INFO - [2022-01-09 11:36:08,920] {dag.py:2928} INFO - Setting next_dagrun for example_weekday_branch_operator to 2022-01-08 00:00:00+00:00
[2022-01-09 11:36:08,933] {processor.py:171} INFO - Processing /home/airflow/.local/lib/python3.7/site-packages/airflow/example_dags/example_branch_day_of_week_operator.py took 0.103 seconds
[2022-01-09 11:36:39,547] {processor.py:163} INFO - Started process (PID=4093) to work on /home/airflow/.local/lib/python3.7/site-packages/airflow/example_dags/example_branch_day_of_week_operator.py
[2022-01-09 11:36:39,549] {processor.py:625} INFO - Processing file /home/airflow/.local/lib/python3.7/site-packages/airflow/example_dags/example_branch_day_of_week_operator.py for tasks to queue
[2022-01-09 11:36:39,551] {logging_mixin.py:109} INFO - [2022-01-09 11:36:39,551] {dagbag.py:500} INFO - Filling up the DagBag from /home/airflow/.local/lib/python3.7/site-packages/airflow/example_dags/example_branch_day_of_week_operator.py
[2022-01-09 11:36:39,594] {processor.py:637} INFO - DAG(s) dict_keys(['example_weekday_branch_operator']) retrieved from /home/airflow/.local/lib/python3.7/site-packages/airflow/example_dags/example_branch_day_of_week_operator.py
[2022-01-09 11:36:39,615] {logging_mixin.py:109} INFO - [2022-01-09 11:36:39,614] {dag.py:2396} INFO - Sync 1 DAGs
[2022-01-09 11:36:39,659] {logging_mixin.py:109} INFO - [2022-01-09 11:36:39,659] {dag.py:2928} INFO - Setting next_dagrun for example_weekday_branch_operator to 2022-01-08 00:00:00+00:00
[2022-01-09 11:36:39,690] {processor.py:171} INFO - Processing /home/airflow/.local/lib/python3.7/site-packages/airflow/example_dags/example_branch_day_of_week_operator.py took 0.152 seconds
