[2022-01-09 11:03:16,516] {processor.py:163} INFO - Started process (PID=61) to work on /home/airflow/.local/lib/python3.7/site-packages/airflow/example_dags/tutorial_taskflow_api_etl.py
[2022-01-09 11:03:16,519] {processor.py:625} INFO - Processing file /home/airflow/.local/lib/python3.7/site-packages/airflow/example_dags/tutorial_taskflow_api_etl.py for tasks to queue
[2022-01-09 11:03:16,520] {logging_mixin.py:109} INFO - [2022-01-09 11:03:16,520] {dagbag.py:500} INFO - Filling up the DagBag from /home/airflow/.local/lib/python3.7/site-packages/airflow/example_dags/tutorial_taskflow_api_etl.py
[2022-01-09 11:03:16,573] {processor.py:637} INFO - DAG(s) dict_keys(['tutorial_taskflow_api_etl']) retrieved from /home/airflow/.local/lib/python3.7/site-packages/airflow/example_dags/tutorial_taskflow_api_etl.py
[2022-01-09 11:03:17,049] {logging_mixin.py:109} INFO - [2022-01-09 11:03:17,048] {dag.py:2396} INFO - Sync 1 DAGs
[2022-01-09 11:03:17,072] {logging_mixin.py:109} INFO - [2022-01-09 11:03:17,072] {dag.py:2928} INFO - Setting next_dagrun for tutorial_taskflow_api_etl to None
[2022-01-09 11:03:17,087] {processor.py:171} INFO - Processing /home/airflow/.local/lib/python3.7/site-packages/airflow/example_dags/tutorial_taskflow_api_etl.py took 0.576 seconds
[2022-01-09 11:03:48,151] {processor.py:163} INFO - Started process (PID=146) to work on /home/airflow/.local/lib/python3.7/site-packages/airflow/example_dags/tutorial_taskflow_api_etl.py
[2022-01-09 11:03:48,156] {processor.py:625} INFO - Processing file /home/airflow/.local/lib/python3.7/site-packages/airflow/example_dags/tutorial_taskflow_api_etl.py for tasks to queue
[2022-01-09 11:03:48,160] {logging_mixin.py:109} INFO - [2022-01-09 11:03:48,159] {dagbag.py:500} INFO - Filling up the DagBag from /home/airflow/.local/lib/python3.7/site-packages/airflow/example_dags/tutorial_taskflow_api_etl.py
[2022-01-09 11:03:48,268] {processor.py:637} INFO - DAG(s) dict_keys(['tutorial_taskflow_api_etl']) retrieved from /home/airflow/.local/lib/python3.7/site-packages/airflow/example_dags/tutorial_taskflow_api_etl.py
[2022-01-09 11:03:49,225] {logging_mixin.py:109} INFO - [2022-01-09 11:03:49,225] {dag.py:2396} INFO - Sync 1 DAGs
[2022-01-09 11:03:49,258] {logging_mixin.py:109} INFO - [2022-01-09 11:03:49,258] {dag.py:2928} INFO - Setting next_dagrun for tutorial_taskflow_api_etl to None
[2022-01-09 11:03:49,273] {processor.py:171} INFO - Processing /home/airflow/.local/lib/python3.7/site-packages/airflow/example_dags/tutorial_taskflow_api_etl.py took 1.133 seconds
[2022-01-09 11:04:21,759] {processor.py:163} INFO - Started process (PID=216) to work on /home/airflow/.local/lib/python3.7/site-packages/airflow/example_dags/tutorial_taskflow_api_etl.py
[2022-01-09 11:04:21,761] {processor.py:625} INFO - Processing file /home/airflow/.local/lib/python3.7/site-packages/airflow/example_dags/tutorial_taskflow_api_etl.py for tasks to queue
[2022-01-09 11:04:21,762] {logging_mixin.py:109} INFO - [2022-01-09 11:04:21,762] {dagbag.py:500} INFO - Filling up the DagBag from /home/airflow/.local/lib/python3.7/site-packages/airflow/example_dags/tutorial_taskflow_api_etl.py
[2022-01-09 11:04:21,826] {processor.py:637} INFO - DAG(s) dict_keys(['tutorial_taskflow_api_etl']) retrieved from /home/airflow/.local/lib/python3.7/site-packages/airflow/example_dags/tutorial_taskflow_api_etl.py
[2022-01-09 11:04:22,681] {logging_mixin.py:109} INFO - [2022-01-09 11:04:22,681] {dag.py:2396} INFO - Sync 1 DAGs
[2022-01-09 11:04:22,714] {logging_mixin.py:109} INFO - [2022-01-09 11:04:22,714] {dag.py:2928} INFO - Setting next_dagrun for tutorial_taskflow_api_etl to None
[2022-01-09 11:04:22,739] {processor.py:171} INFO - Processing /home/airflow/.local/lib/python3.7/site-packages/airflow/example_dags/tutorial_taskflow_api_etl.py took 0.987 seconds
[2022-01-09 11:04:52,793] {processor.py:163} INFO - Started process (PID=280) to work on /home/airflow/.local/lib/python3.7/site-packages/airflow/example_dags/tutorial_taskflow_api_etl.py
[2022-01-09 11:04:52,795] {processor.py:625} INFO - Processing file /home/airflow/.local/lib/python3.7/site-packages/airflow/example_dags/tutorial_taskflow_api_etl.py for tasks to queue
[2022-01-09 11:04:52,796] {logging_mixin.py:109} INFO - [2022-01-09 11:04:52,796] {dagbag.py:500} INFO - Filling up the DagBag from /home/airflow/.local/lib/python3.7/site-packages/airflow/example_dags/tutorial_taskflow_api_etl.py
[2022-01-09 11:04:52,839] {processor.py:637} INFO - DAG(s) dict_keys(['tutorial_taskflow_api_etl']) retrieved from /home/airflow/.local/lib/python3.7/site-packages/airflow/example_dags/tutorial_taskflow_api_etl.py
[2022-01-09 11:04:53,200] {logging_mixin.py:109} INFO - [2022-01-09 11:04:53,200] {dag.py:2396} INFO - Sync 1 DAGs
[2022-01-09 11:04:53,221] {logging_mixin.py:109} INFO - [2022-01-09 11:04:53,221] {dag.py:2928} INFO - Setting next_dagrun for tutorial_taskflow_api_etl to None
[2022-01-09 11:04:53,236] {processor.py:171} INFO - Processing /home/airflow/.local/lib/python3.7/site-packages/airflow/example_dags/tutorial_taskflow_api_etl.py took 0.447 seconds
[2022-01-09 11:05:24,468] {processor.py:163} INFO - Started process (PID=340) to work on /home/airflow/.local/lib/python3.7/site-packages/airflow/example_dags/tutorial_taskflow_api_etl.py
[2022-01-09 11:05:24,470] {processor.py:625} INFO - Processing file /home/airflow/.local/lib/python3.7/site-packages/airflow/example_dags/tutorial_taskflow_api_etl.py for tasks to queue
[2022-01-09 11:05:24,471] {logging_mixin.py:109} INFO - [2022-01-09 11:05:24,471] {dagbag.py:500} INFO - Filling up the DagBag from /home/airflow/.local/lib/python3.7/site-packages/airflow/example_dags/tutorial_taskflow_api_etl.py
[2022-01-09 11:05:24,528] {processor.py:637} INFO - DAG(s) dict_keys(['tutorial_taskflow_api_etl']) retrieved from /home/airflow/.local/lib/python3.7/site-packages/airflow/example_dags/tutorial_taskflow_api_etl.py
[2022-01-09 11:05:25,217] {logging_mixin.py:109} INFO - [2022-01-09 11:05:25,216] {dag.py:2396} INFO - Sync 1 DAGs
[2022-01-09 11:05:25,246] {logging_mixin.py:109} INFO - [2022-01-09 11:05:25,245] {dag.py:2928} INFO - Setting next_dagrun for tutorial_taskflow_api_etl to None
[2022-01-09 11:05:25,265] {processor.py:171} INFO - Processing /home/airflow/.local/lib/python3.7/site-packages/airflow/example_dags/tutorial_taskflow_api_etl.py took 0.802 seconds
[2022-01-09 11:05:55,617] {processor.py:163} INFO - Started process (PID=403) to work on /home/airflow/.local/lib/python3.7/site-packages/airflow/example_dags/tutorial_taskflow_api_etl.py
[2022-01-09 11:05:55,619] {processor.py:625} INFO - Processing file /home/airflow/.local/lib/python3.7/site-packages/airflow/example_dags/tutorial_taskflow_api_etl.py for tasks to queue
[2022-01-09 11:05:55,620] {logging_mixin.py:109} INFO - [2022-01-09 11:05:55,620] {dagbag.py:500} INFO - Filling up the DagBag from /home/airflow/.local/lib/python3.7/site-packages/airflow/example_dags/tutorial_taskflow_api_etl.py
[2022-01-09 11:05:55,656] {processor.py:637} INFO - DAG(s) dict_keys(['tutorial_taskflow_api_etl']) retrieved from /home/airflow/.local/lib/python3.7/site-packages/airflow/example_dags/tutorial_taskflow_api_etl.py
[2022-01-09 11:05:56,083] {logging_mixin.py:109} INFO - [2022-01-09 11:05:56,083] {dag.py:2396} INFO - Sync 1 DAGs
[2022-01-09 11:05:56,101] {logging_mixin.py:109} INFO - [2022-01-09 11:05:56,101] {dag.py:2928} INFO - Setting next_dagrun for tutorial_taskflow_api_etl to None
[2022-01-09 11:05:56,114] {processor.py:171} INFO - Processing /home/airflow/.local/lib/python3.7/site-packages/airflow/example_dags/tutorial_taskflow_api_etl.py took 0.501 seconds
[2022-01-09 11:06:27,099] {processor.py:163} INFO - Started process (PID=462) to work on /home/airflow/.local/lib/python3.7/site-packages/airflow/example_dags/tutorial_taskflow_api_etl.py
[2022-01-09 11:06:27,100] {processor.py:625} INFO - Processing file /home/airflow/.local/lib/python3.7/site-packages/airflow/example_dags/tutorial_taskflow_api_etl.py for tasks to queue
[2022-01-09 11:06:27,102] {logging_mixin.py:109} INFO - [2022-01-09 11:06:27,102] {dagbag.py:500} INFO - Filling up the DagBag from /home/airflow/.local/lib/python3.7/site-packages/airflow/example_dags/tutorial_taskflow_api_etl.py
[2022-01-09 11:06:27,176] {processor.py:637} INFO - DAG(s) dict_keys(['tutorial_taskflow_api_etl']) retrieved from /home/airflow/.local/lib/python3.7/site-packages/airflow/example_dags/tutorial_taskflow_api_etl.py
[2022-01-09 11:06:27,740] {logging_mixin.py:109} INFO - [2022-01-09 11:06:27,739] {dag.py:2396} INFO - Sync 1 DAGs
[2022-01-09 11:06:27,762] {logging_mixin.py:109} INFO - [2022-01-09 11:06:27,762] {dag.py:2928} INFO - Setting next_dagrun for tutorial_taskflow_api_etl to None
[2022-01-09 11:06:27,783] {processor.py:171} INFO - Processing /home/airflow/.local/lib/python3.7/site-packages/airflow/example_dags/tutorial_taskflow_api_etl.py took 0.688 seconds
[2022-01-09 11:06:57,901] {processor.py:163} INFO - Started process (PID=523) to work on /home/airflow/.local/lib/python3.7/site-packages/airflow/example_dags/tutorial_taskflow_api_etl.py
[2022-01-09 11:06:57,903] {processor.py:625} INFO - Processing file /home/airflow/.local/lib/python3.7/site-packages/airflow/example_dags/tutorial_taskflow_api_etl.py for tasks to queue
[2022-01-09 11:06:57,905] {logging_mixin.py:109} INFO - [2022-01-09 11:06:57,905] {dagbag.py:500} INFO - Filling up the DagBag from /home/airflow/.local/lib/python3.7/site-packages/airflow/example_dags/tutorial_taskflow_api_etl.py
[2022-01-09 11:06:57,956] {processor.py:637} INFO - DAG(s) dict_keys(['tutorial_taskflow_api_etl']) retrieved from /home/airflow/.local/lib/python3.7/site-packages/airflow/example_dags/tutorial_taskflow_api_etl.py
[2022-01-09 11:06:58,395] {logging_mixin.py:109} INFO - [2022-01-09 11:06:58,395] {dag.py:2396} INFO - Sync 1 DAGs
[2022-01-09 11:06:58,421] {logging_mixin.py:109} INFO - [2022-01-09 11:06:58,421] {dag.py:2928} INFO - Setting next_dagrun for tutorial_taskflow_api_etl to None
[2022-01-09 11:06:58,441] {processor.py:171} INFO - Processing /home/airflow/.local/lib/python3.7/site-packages/airflow/example_dags/tutorial_taskflow_api_etl.py took 0.545 seconds
[2022-01-09 11:07:29,123] {processor.py:163} INFO - Started process (PID=587) to work on /home/airflow/.local/lib/python3.7/site-packages/airflow/example_dags/tutorial_taskflow_api_etl.py
[2022-01-09 11:07:29,125] {processor.py:625} INFO - Processing file /home/airflow/.local/lib/python3.7/site-packages/airflow/example_dags/tutorial_taskflow_api_etl.py for tasks to queue
[2022-01-09 11:07:29,126] {logging_mixin.py:109} INFO - [2022-01-09 11:07:29,126] {dagbag.py:500} INFO - Filling up the DagBag from /home/airflow/.local/lib/python3.7/site-packages/airflow/example_dags/tutorial_taskflow_api_etl.py
[2022-01-09 11:07:29,173] {processor.py:637} INFO - DAG(s) dict_keys(['tutorial_taskflow_api_etl']) retrieved from /home/airflow/.local/lib/python3.7/site-packages/airflow/example_dags/tutorial_taskflow_api_etl.py
[2022-01-09 11:07:29,645] {logging_mixin.py:109} INFO - [2022-01-09 11:07:29,645] {dag.py:2396} INFO - Sync 1 DAGs
[2022-01-09 11:07:29,667] {logging_mixin.py:109} INFO - [2022-01-09 11:07:29,667] {dag.py:2928} INFO - Setting next_dagrun for tutorial_taskflow_api_etl to None
[2022-01-09 11:07:29,684] {processor.py:171} INFO - Processing /home/airflow/.local/lib/python3.7/site-packages/airflow/example_dags/tutorial_taskflow_api_etl.py took 0.565 seconds
[2022-01-09 11:07:59,823] {processor.py:163} INFO - Started process (PID=647) to work on /home/airflow/.local/lib/python3.7/site-packages/airflow/example_dags/tutorial_taskflow_api_etl.py
[2022-01-09 11:07:59,825] {processor.py:625} INFO - Processing file /home/airflow/.local/lib/python3.7/site-packages/airflow/example_dags/tutorial_taskflow_api_etl.py for tasks to queue
[2022-01-09 11:07:59,827] {logging_mixin.py:109} INFO - [2022-01-09 11:07:59,826] {dagbag.py:500} INFO - Filling up the DagBag from /home/airflow/.local/lib/python3.7/site-packages/airflow/example_dags/tutorial_taskflow_api_etl.py
[2022-01-09 11:07:59,875] {processor.py:637} INFO - DAG(s) dict_keys(['tutorial_taskflow_api_etl']) retrieved from /home/airflow/.local/lib/python3.7/site-packages/airflow/example_dags/tutorial_taskflow_api_etl.py
[2022-01-09 11:08:00,479] {logging_mixin.py:109} INFO - [2022-01-09 11:08:00,479] {dag.py:2396} INFO - Sync 1 DAGs
[2022-01-09 11:08:00,517] {logging_mixin.py:109} INFO - [2022-01-09 11:08:00,517] {dag.py:2928} INFO - Setting next_dagrun for tutorial_taskflow_api_etl to None
[2022-01-09 11:08:00,565] {processor.py:171} INFO - Processing /home/airflow/.local/lib/python3.7/site-packages/airflow/example_dags/tutorial_taskflow_api_etl.py took 0.748 seconds
[2022-01-09 11:08:30,708] {processor.py:163} INFO - Started process (PID=709) to work on /home/airflow/.local/lib/python3.7/site-packages/airflow/example_dags/tutorial_taskflow_api_etl.py
[2022-01-09 11:08:30,712] {processor.py:625} INFO - Processing file /home/airflow/.local/lib/python3.7/site-packages/airflow/example_dags/tutorial_taskflow_api_etl.py for tasks to queue
[2022-01-09 11:08:30,715] {logging_mixin.py:109} INFO - [2022-01-09 11:08:30,715] {dagbag.py:500} INFO - Filling up the DagBag from /home/airflow/.local/lib/python3.7/site-packages/airflow/example_dags/tutorial_taskflow_api_etl.py
[2022-01-09 11:08:30,852] {processor.py:637} INFO - DAG(s) dict_keys(['tutorial_taskflow_api_etl']) retrieved from /home/airflow/.local/lib/python3.7/site-packages/airflow/example_dags/tutorial_taskflow_api_etl.py
[2022-01-09 11:08:31,521] {logging_mixin.py:109} INFO - [2022-01-09 11:08:31,521] {dag.py:2396} INFO - Sync 1 DAGs
[2022-01-09 11:08:31,552] {logging_mixin.py:109} INFO - [2022-01-09 11:08:31,552] {dag.py:2928} INFO - Setting next_dagrun for tutorial_taskflow_api_etl to None
[2022-01-09 11:08:31,575] {processor.py:171} INFO - Processing /home/airflow/.local/lib/python3.7/site-packages/airflow/example_dags/tutorial_taskflow_api_etl.py took 0.879 seconds
[2022-01-09 11:09:01,923] {processor.py:163} INFO - Started process (PID=774) to work on /home/airflow/.local/lib/python3.7/site-packages/airflow/example_dags/tutorial_taskflow_api_etl.py
[2022-01-09 11:09:01,928] {processor.py:625} INFO - Processing file /home/airflow/.local/lib/python3.7/site-packages/airflow/example_dags/tutorial_taskflow_api_etl.py for tasks to queue
[2022-01-09 11:09:01,931] {logging_mixin.py:109} INFO - [2022-01-09 11:09:01,931] {dagbag.py:500} INFO - Filling up the DagBag from /home/airflow/.local/lib/python3.7/site-packages/airflow/example_dags/tutorial_taskflow_api_etl.py
[2022-01-09 11:09:02,063] {processor.py:637} INFO - DAG(s) dict_keys(['tutorial_taskflow_api_etl']) retrieved from /home/airflow/.local/lib/python3.7/site-packages/airflow/example_dags/tutorial_taskflow_api_etl.py
[2022-01-09 11:09:02,828] {logging_mixin.py:109} INFO - [2022-01-09 11:09:02,827] {dag.py:2396} INFO - Sync 1 DAGs
[2022-01-09 11:09:02,863] {logging_mixin.py:109} INFO - [2022-01-09 11:09:02,863] {dag.py:2928} INFO - Setting next_dagrun for tutorial_taskflow_api_etl to None
[2022-01-09 11:09:02,892] {processor.py:171} INFO - Processing /home/airflow/.local/lib/python3.7/site-packages/airflow/example_dags/tutorial_taskflow_api_etl.py took 0.979 seconds
[2022-01-09 11:09:33,083] {processor.py:163} INFO - Started process (PID=838) to work on /home/airflow/.local/lib/python3.7/site-packages/airflow/example_dags/tutorial_taskflow_api_etl.py
[2022-01-09 11:09:33,086] {processor.py:625} INFO - Processing file /home/airflow/.local/lib/python3.7/site-packages/airflow/example_dags/tutorial_taskflow_api_etl.py for tasks to queue
[2022-01-09 11:09:33,088] {logging_mixin.py:109} INFO - [2022-01-09 11:09:33,087] {dagbag.py:500} INFO - Filling up the DagBag from /home/airflow/.local/lib/python3.7/site-packages/airflow/example_dags/tutorial_taskflow_api_etl.py
[2022-01-09 11:09:33,150] {processor.py:637} INFO - DAG(s) dict_keys(['tutorial_taskflow_api_etl']) retrieved from /home/airflow/.local/lib/python3.7/site-packages/airflow/example_dags/tutorial_taskflow_api_etl.py
[2022-01-09 11:09:33,652] {logging_mixin.py:109} INFO - [2022-01-09 11:09:33,652] {dag.py:2396} INFO - Sync 1 DAGs
[2022-01-09 11:09:33,684] {logging_mixin.py:109} INFO - [2022-01-09 11:09:33,684] {dag.py:2928} INFO - Setting next_dagrun for tutorial_taskflow_api_etl to None
[2022-01-09 11:09:33,709] {processor.py:171} INFO - Processing /home/airflow/.local/lib/python3.7/site-packages/airflow/example_dags/tutorial_taskflow_api_etl.py took 0.633 seconds
[2022-01-09 11:10:04,033] {processor.py:163} INFO - Started process (PID=910) to work on /home/airflow/.local/lib/python3.7/site-packages/airflow/example_dags/tutorial_taskflow_api_etl.py
[2022-01-09 11:10:04,036] {processor.py:625} INFO - Processing file /home/airflow/.local/lib/python3.7/site-packages/airflow/example_dags/tutorial_taskflow_api_etl.py for tasks to queue
[2022-01-09 11:10:04,038] {logging_mixin.py:109} INFO - [2022-01-09 11:10:04,038] {dagbag.py:500} INFO - Filling up the DagBag from /home/airflow/.local/lib/python3.7/site-packages/airflow/example_dags/tutorial_taskflow_api_etl.py
[2022-01-09 11:10:04,102] {processor.py:637} INFO - DAG(s) dict_keys(['tutorial_taskflow_api_etl']) retrieved from /home/airflow/.local/lib/python3.7/site-packages/airflow/example_dags/tutorial_taskflow_api_etl.py
[2022-01-09 11:10:04,559] {logging_mixin.py:109} INFO - [2022-01-09 11:10:04,559] {dag.py:2396} INFO - Sync 1 DAGs
[2022-01-09 11:10:04,582] {logging_mixin.py:109} INFO - [2022-01-09 11:10:04,582] {dag.py:2928} INFO - Setting next_dagrun for tutorial_taskflow_api_etl to None
[2022-01-09 11:10:04,599] {processor.py:171} INFO - Processing /home/airflow/.local/lib/python3.7/site-packages/airflow/example_dags/tutorial_taskflow_api_etl.py took 0.573 seconds
[2022-01-09 11:10:34,700] {processor.py:163} INFO - Started process (PID=972) to work on /home/airflow/.local/lib/python3.7/site-packages/airflow/example_dags/tutorial_taskflow_api_etl.py
[2022-01-09 11:10:34,702] {processor.py:625} INFO - Processing file /home/airflow/.local/lib/python3.7/site-packages/airflow/example_dags/tutorial_taskflow_api_etl.py for tasks to queue
[2022-01-09 11:10:34,704] {logging_mixin.py:109} INFO - [2022-01-09 11:10:34,704] {dagbag.py:500} INFO - Filling up the DagBag from /home/airflow/.local/lib/python3.7/site-packages/airflow/example_dags/tutorial_taskflow_api_etl.py
[2022-01-09 11:10:34,749] {processor.py:637} INFO - DAG(s) dict_keys(['tutorial_taskflow_api_etl']) retrieved from /home/airflow/.local/lib/python3.7/site-packages/airflow/example_dags/tutorial_taskflow_api_etl.py
[2022-01-09 11:10:35,137] {logging_mixin.py:109} INFO - [2022-01-09 11:10:35,136] {dag.py:2396} INFO - Sync 1 DAGs
[2022-01-09 11:10:35,155] {logging_mixin.py:109} INFO - [2022-01-09 11:10:35,155] {dag.py:2928} INFO - Setting next_dagrun for tutorial_taskflow_api_etl to None
[2022-01-09 11:10:35,169] {processor.py:171} INFO - Processing /home/airflow/.local/lib/python3.7/site-packages/airflow/example_dags/tutorial_taskflow_api_etl.py took 0.477 seconds
[2022-01-09 11:11:05,667] {processor.py:163} INFO - Started process (PID=1034) to work on /home/airflow/.local/lib/python3.7/site-packages/airflow/example_dags/tutorial_taskflow_api_etl.py
[2022-01-09 11:11:05,672] {processor.py:625} INFO - Processing file /home/airflow/.local/lib/python3.7/site-packages/airflow/example_dags/tutorial_taskflow_api_etl.py for tasks to queue
[2022-01-09 11:11:05,675] {logging_mixin.py:109} INFO - [2022-01-09 11:11:05,674] {dagbag.py:500} INFO - Filling up the DagBag from /home/airflow/.local/lib/python3.7/site-packages/airflow/example_dags/tutorial_taskflow_api_etl.py
[2022-01-09 11:11:05,755] {processor.py:637} INFO - DAG(s) dict_keys(['tutorial_taskflow_api_etl']) retrieved from /home/airflow/.local/lib/python3.7/site-packages/airflow/example_dags/tutorial_taskflow_api_etl.py
[2022-01-09 11:11:06,303] {logging_mixin.py:109} INFO - [2022-01-09 11:11:06,303] {dag.py:2396} INFO - Sync 1 DAGs
[2022-01-09 11:11:06,335] {logging_mixin.py:109} INFO - [2022-01-09 11:11:06,335] {dag.py:2928} INFO - Setting next_dagrun for tutorial_taskflow_api_etl to None
[2022-01-09 11:11:06,361] {processor.py:171} INFO - Processing /home/airflow/.local/lib/python3.7/site-packages/airflow/example_dags/tutorial_taskflow_api_etl.py took 0.704 seconds
[2022-01-09 11:11:36,637] {processor.py:163} INFO - Started process (PID=1094) to work on /home/airflow/.local/lib/python3.7/site-packages/airflow/example_dags/tutorial_taskflow_api_etl.py
[2022-01-09 11:11:36,643] {processor.py:625} INFO - Processing file /home/airflow/.local/lib/python3.7/site-packages/airflow/example_dags/tutorial_taskflow_api_etl.py for tasks to queue
[2022-01-09 11:11:36,646] {logging_mixin.py:109} INFO - [2022-01-09 11:11:36,646] {dagbag.py:500} INFO - Filling up the DagBag from /home/airflow/.local/lib/python3.7/site-packages/airflow/example_dags/tutorial_taskflow_api_etl.py
[2022-01-09 11:11:36,733] {processor.py:637} INFO - DAG(s) dict_keys(['tutorial_taskflow_api_etl']) retrieved from /home/airflow/.local/lib/python3.7/site-packages/airflow/example_dags/tutorial_taskflow_api_etl.py
[2022-01-09 11:11:36,753] {logging_mixin.py:109} INFO - [2022-01-09 11:11:36,752] {dag.py:2396} INFO - Sync 1 DAGs
[2022-01-09 11:11:36,928] {logging_mixin.py:109} INFO - [2022-01-09 11:11:36,928] {dag.py:2928} INFO - Setting next_dagrun for tutorial_taskflow_api_etl to None
[2022-01-09 11:11:36,945] {processor.py:171} INFO - Processing /home/airflow/.local/lib/python3.7/site-packages/airflow/example_dags/tutorial_taskflow_api_etl.py took 0.319 seconds
[2022-01-09 11:12:07,028] {processor.py:163} INFO - Started process (PID=1155) to work on /home/airflow/.local/lib/python3.7/site-packages/airflow/example_dags/tutorial_taskflow_api_etl.py
[2022-01-09 11:12:07,033] {processor.py:625} INFO - Processing file /home/airflow/.local/lib/python3.7/site-packages/airflow/example_dags/tutorial_taskflow_api_etl.py for tasks to queue
[2022-01-09 11:12:07,036] {logging_mixin.py:109} INFO - [2022-01-09 11:12:07,035] {dagbag.py:500} INFO - Filling up the DagBag from /home/airflow/.local/lib/python3.7/site-packages/airflow/example_dags/tutorial_taskflow_api_etl.py
[2022-01-09 11:12:07,152] {processor.py:637} INFO - DAG(s) dict_keys(['tutorial_taskflow_api_etl']) retrieved from /home/airflow/.local/lib/python3.7/site-packages/airflow/example_dags/tutorial_taskflow_api_etl.py
[2022-01-09 11:12:08,048] {logging_mixin.py:109} INFO - [2022-01-09 11:12:08,048] {dag.py:2396} INFO - Sync 1 DAGs
[2022-01-09 11:12:08,068] {logging_mixin.py:109} INFO - [2022-01-09 11:12:08,068] {dag.py:2928} INFO - Setting next_dagrun for tutorial_taskflow_api_etl to None
[2022-01-09 11:12:08,083] {processor.py:171} INFO - Processing /home/airflow/.local/lib/python3.7/site-packages/airflow/example_dags/tutorial_taskflow_api_etl.py took 1.066 seconds
[2022-01-09 11:12:38,441] {processor.py:163} INFO - Started process (PID=1217) to work on /home/airflow/.local/lib/python3.7/site-packages/airflow/example_dags/tutorial_taskflow_api_etl.py
[2022-01-09 11:12:38,447] {processor.py:625} INFO - Processing file /home/airflow/.local/lib/python3.7/site-packages/airflow/example_dags/tutorial_taskflow_api_etl.py for tasks to queue
[2022-01-09 11:12:38,451] {logging_mixin.py:109} INFO - [2022-01-09 11:12:38,450] {dagbag.py:500} INFO - Filling up the DagBag from /home/airflow/.local/lib/python3.7/site-packages/airflow/example_dags/tutorial_taskflow_api_etl.py
[2022-01-09 11:12:38,577] {processor.py:637} INFO - DAG(s) dict_keys(['tutorial_taskflow_api_etl']) retrieved from /home/airflow/.local/lib/python3.7/site-packages/airflow/example_dags/tutorial_taskflow_api_etl.py
[2022-01-09 11:12:39,302] {logging_mixin.py:109} INFO - [2022-01-09 11:12:39,302] {dag.py:2396} INFO - Sync 1 DAGs
[2022-01-09 11:12:39,342] {logging_mixin.py:109} INFO - [2022-01-09 11:12:39,342] {dag.py:2928} INFO - Setting next_dagrun for tutorial_taskflow_api_etl to None
[2022-01-09 11:12:39,375] {processor.py:171} INFO - Processing /home/airflow/.local/lib/python3.7/site-packages/airflow/example_dags/tutorial_taskflow_api_etl.py took 0.945 seconds
[2022-01-09 11:13:09,642] {processor.py:163} INFO - Started process (PID=1288) to work on /home/airflow/.local/lib/python3.7/site-packages/airflow/example_dags/tutorial_taskflow_api_etl.py
[2022-01-09 11:13:09,645] {processor.py:625} INFO - Processing file /home/airflow/.local/lib/python3.7/site-packages/airflow/example_dags/tutorial_taskflow_api_etl.py for tasks to queue
[2022-01-09 11:13:09,647] {logging_mixin.py:109} INFO - [2022-01-09 11:13:09,646] {dagbag.py:500} INFO - Filling up the DagBag from /home/airflow/.local/lib/python3.7/site-packages/airflow/example_dags/tutorial_taskflow_api_etl.py
[2022-01-09 11:13:09,694] {processor.py:637} INFO - DAG(s) dict_keys(['tutorial_taskflow_api_etl']) retrieved from /home/airflow/.local/lib/python3.7/site-packages/airflow/example_dags/tutorial_taskflow_api_etl.py
[2022-01-09 11:13:10,046] {logging_mixin.py:109} INFO - [2022-01-09 11:13:10,046] {dag.py:2396} INFO - Sync 1 DAGs
[2022-01-09 11:13:10,069] {logging_mixin.py:109} INFO - [2022-01-09 11:13:10,069] {dag.py:2928} INFO - Setting next_dagrun for tutorial_taskflow_api_etl to None
[2022-01-09 11:13:10,084] {processor.py:171} INFO - Processing /home/airflow/.local/lib/python3.7/site-packages/airflow/example_dags/tutorial_taskflow_api_etl.py took 0.447 seconds
[2022-01-09 11:13:40,204] {processor.py:163} INFO - Started process (PID=1349) to work on /home/airflow/.local/lib/python3.7/site-packages/airflow/example_dags/tutorial_taskflow_api_etl.py
[2022-01-09 11:13:40,211] {processor.py:625} INFO - Processing file /home/airflow/.local/lib/python3.7/site-packages/airflow/example_dags/tutorial_taskflow_api_etl.py for tasks to queue
[2022-01-09 11:13:40,215] {logging_mixin.py:109} INFO - [2022-01-09 11:13:40,214] {dagbag.py:500} INFO - Filling up the DagBag from /home/airflow/.local/lib/python3.7/site-packages/airflow/example_dags/tutorial_taskflow_api_etl.py
[2022-01-09 11:13:40,446] {processor.py:637} INFO - DAG(s) dict_keys(['tutorial_taskflow_api_etl']) retrieved from /home/airflow/.local/lib/python3.7/site-packages/airflow/example_dags/tutorial_taskflow_api_etl.py
[2022-01-09 11:13:40,732] {logging_mixin.py:109} INFO - [2022-01-09 11:13:40,732] {dag.py:2396} INFO - Sync 1 DAGs
[2022-01-09 11:13:40,752] {logging_mixin.py:109} INFO - [2022-01-09 11:13:40,751] {dag.py:2928} INFO - Setting next_dagrun for tutorial_taskflow_api_etl to None
[2022-01-09 11:13:40,768] {processor.py:171} INFO - Processing /home/airflow/.local/lib/python3.7/site-packages/airflow/example_dags/tutorial_taskflow_api_etl.py took 0.578 seconds
[2022-01-09 11:14:11,196] {processor.py:163} INFO - Started process (PID=1410) to work on /home/airflow/.local/lib/python3.7/site-packages/airflow/example_dags/tutorial_taskflow_api_etl.py
[2022-01-09 11:14:11,202] {processor.py:625} INFO - Processing file /home/airflow/.local/lib/python3.7/site-packages/airflow/example_dags/tutorial_taskflow_api_etl.py for tasks to queue
[2022-01-09 11:14:11,206] {logging_mixin.py:109} INFO - [2022-01-09 11:14:11,206] {dagbag.py:500} INFO - Filling up the DagBag from /home/airflow/.local/lib/python3.7/site-packages/airflow/example_dags/tutorial_taskflow_api_etl.py
[2022-01-09 11:14:11,514] {processor.py:637} INFO - DAG(s) dict_keys(['tutorial_taskflow_api_etl']) retrieved from /home/airflow/.local/lib/python3.7/site-packages/airflow/example_dags/tutorial_taskflow_api_etl.py
[2022-01-09 11:14:12,146] {logging_mixin.py:109} INFO - [2022-01-09 11:14:12,146] {dag.py:2396} INFO - Sync 1 DAGs
[2022-01-09 11:14:12,165] {logging_mixin.py:109} INFO - [2022-01-09 11:14:12,165] {dag.py:2928} INFO - Setting next_dagrun for tutorial_taskflow_api_etl to None
[2022-01-09 11:14:12,179] {processor.py:171} INFO - Processing /home/airflow/.local/lib/python3.7/site-packages/airflow/example_dags/tutorial_taskflow_api_etl.py took 0.996 seconds
[2022-01-09 11:14:42,412] {processor.py:163} INFO - Started process (PID=1471) to work on /home/airflow/.local/lib/python3.7/site-packages/airflow/example_dags/tutorial_taskflow_api_etl.py
[2022-01-09 11:14:42,416] {processor.py:625} INFO - Processing file /home/airflow/.local/lib/python3.7/site-packages/airflow/example_dags/tutorial_taskflow_api_etl.py for tasks to queue
[2022-01-09 11:14:42,419] {logging_mixin.py:109} INFO - [2022-01-09 11:14:42,419] {dagbag.py:500} INFO - Filling up the DagBag from /home/airflow/.local/lib/python3.7/site-packages/airflow/example_dags/tutorial_taskflow_api_etl.py
[2022-01-09 11:14:42,643] {processor.py:637} INFO - DAG(s) dict_keys(['tutorial_taskflow_api_etl']) retrieved from /home/airflow/.local/lib/python3.7/site-packages/airflow/example_dags/tutorial_taskflow_api_etl.py
[2022-01-09 11:14:42,944] {logging_mixin.py:109} INFO - [2022-01-09 11:14:42,944] {dag.py:2396} INFO - Sync 1 DAGs
[2022-01-09 11:14:42,964] {logging_mixin.py:109} INFO - [2022-01-09 11:14:42,964] {dag.py:2928} INFO - Setting next_dagrun for tutorial_taskflow_api_etl to None
[2022-01-09 11:14:42,983] {processor.py:171} INFO - Processing /home/airflow/.local/lib/python3.7/site-packages/airflow/example_dags/tutorial_taskflow_api_etl.py took 0.581 seconds
[2022-01-09 11:15:13,352] {processor.py:163} INFO - Started process (PID=1532) to work on /home/airflow/.local/lib/python3.7/site-packages/airflow/example_dags/tutorial_taskflow_api_etl.py
[2022-01-09 11:15:13,358] {processor.py:625} INFO - Processing file /home/airflow/.local/lib/python3.7/site-packages/airflow/example_dags/tutorial_taskflow_api_etl.py for tasks to queue
[2022-01-09 11:15:13,362] {logging_mixin.py:109} INFO - [2022-01-09 11:15:13,361] {dagbag.py:500} INFO - Filling up the DagBag from /home/airflow/.local/lib/python3.7/site-packages/airflow/example_dags/tutorial_taskflow_api_etl.py
[2022-01-09 11:15:13,626] {processor.py:637} INFO - DAG(s) dict_keys(['tutorial_taskflow_api_etl']) retrieved from /home/airflow/.local/lib/python3.7/site-packages/airflow/example_dags/tutorial_taskflow_api_etl.py
[2022-01-09 11:15:14,270] {logging_mixin.py:109} INFO - [2022-01-09 11:15:14,269] {dag.py:2396} INFO - Sync 1 DAGs
[2022-01-09 11:15:14,325] {logging_mixin.py:109} INFO - [2022-01-09 11:15:14,325] {dag.py:2928} INFO - Setting next_dagrun for tutorial_taskflow_api_etl to None
[2022-01-09 11:15:14,363] {processor.py:171} INFO - Processing /home/airflow/.local/lib/python3.7/site-packages/airflow/example_dags/tutorial_taskflow_api_etl.py took 1.022 seconds
[2022-01-09 11:15:44,671] {processor.py:163} INFO - Started process (PID=1603) to work on /home/airflow/.local/lib/python3.7/site-packages/airflow/example_dags/tutorial_taskflow_api_etl.py
[2022-01-09 11:15:44,672] {processor.py:625} INFO - Processing file /home/airflow/.local/lib/python3.7/site-packages/airflow/example_dags/tutorial_taskflow_api_etl.py for tasks to queue
[2022-01-09 11:15:44,673] {logging_mixin.py:109} INFO - [2022-01-09 11:15:44,673] {dagbag.py:500} INFO - Filling up the DagBag from /home/airflow/.local/lib/python3.7/site-packages/airflow/example_dags/tutorial_taskflow_api_etl.py
[2022-01-09 11:15:44,707] {processor.py:637} INFO - DAG(s) dict_keys(['tutorial_taskflow_api_etl']) retrieved from /home/airflow/.local/lib/python3.7/site-packages/airflow/example_dags/tutorial_taskflow_api_etl.py
[2022-01-09 11:15:44,979] {logging_mixin.py:109} INFO - [2022-01-09 11:15:44,979] {dag.py:2396} INFO - Sync 1 DAGs
[2022-01-09 11:15:44,998] {logging_mixin.py:109} INFO - [2022-01-09 11:15:44,998] {dag.py:2928} INFO - Setting next_dagrun for tutorial_taskflow_api_etl to None
[2022-01-09 11:15:45,013] {processor.py:171} INFO - Processing /home/airflow/.local/lib/python3.7/site-packages/airflow/example_dags/tutorial_taskflow_api_etl.py took 0.346 seconds
[2022-01-09 11:16:15,867] {processor.py:163} INFO - Started process (PID=1663) to work on /home/airflow/.local/lib/python3.7/site-packages/airflow/example_dags/tutorial_taskflow_api_etl.py
[2022-01-09 11:16:15,869] {processor.py:625} INFO - Processing file /home/airflow/.local/lib/python3.7/site-packages/airflow/example_dags/tutorial_taskflow_api_etl.py for tasks to queue
[2022-01-09 11:16:15,872] {logging_mixin.py:109} INFO - [2022-01-09 11:16:15,872] {dagbag.py:500} INFO - Filling up the DagBag from /home/airflow/.local/lib/python3.7/site-packages/airflow/example_dags/tutorial_taskflow_api_etl.py
[2022-01-09 11:16:15,953] {processor.py:637} INFO - DAG(s) dict_keys(['tutorial_taskflow_api_etl']) retrieved from /home/airflow/.local/lib/python3.7/site-packages/airflow/example_dags/tutorial_taskflow_api_etl.py
[2022-01-09 11:16:16,336] {logging_mixin.py:109} INFO - [2022-01-09 11:16:16,336] {dag.py:2396} INFO - Sync 1 DAGs
[2022-01-09 11:16:16,358] {logging_mixin.py:109} INFO - [2022-01-09 11:16:16,357] {dag.py:2928} INFO - Setting next_dagrun for tutorial_taskflow_api_etl to None
[2022-01-09 11:16:16,374] {processor.py:171} INFO - Processing /home/airflow/.local/lib/python3.7/site-packages/airflow/example_dags/tutorial_taskflow_api_etl.py took 0.514 seconds
[2022-01-09 11:16:46,553] {processor.py:163} INFO - Started process (PID=1725) to work on /home/airflow/.local/lib/python3.7/site-packages/airflow/example_dags/tutorial_taskflow_api_etl.py
[2022-01-09 11:16:46,557] {processor.py:625} INFO - Processing file /home/airflow/.local/lib/python3.7/site-packages/airflow/example_dags/tutorial_taskflow_api_etl.py for tasks to queue
[2022-01-09 11:16:46,560] {logging_mixin.py:109} INFO - [2022-01-09 11:16:46,560] {dagbag.py:500} INFO - Filling up the DagBag from /home/airflow/.local/lib/python3.7/site-packages/airflow/example_dags/tutorial_taskflow_api_etl.py
[2022-01-09 11:16:46,677] {processor.py:637} INFO - DAG(s) dict_keys(['tutorial_taskflow_api_etl']) retrieved from /home/airflow/.local/lib/python3.7/site-packages/airflow/example_dags/tutorial_taskflow_api_etl.py
[2022-01-09 11:16:47,385] {logging_mixin.py:109} INFO - [2022-01-09 11:16:47,385] {dag.py:2396} INFO - Sync 1 DAGs
[2022-01-09 11:16:47,424] {logging_mixin.py:109} INFO - [2022-01-09 11:16:47,424] {dag.py:2928} INFO - Setting next_dagrun for tutorial_taskflow_api_etl to None
[2022-01-09 11:16:47,455] {processor.py:171} INFO - Processing /home/airflow/.local/lib/python3.7/site-packages/airflow/example_dags/tutorial_taskflow_api_etl.py took 0.913 seconds
[2022-01-09 11:17:18,291] {processor.py:163} INFO - Started process (PID=1786) to work on /home/airflow/.local/lib/python3.7/site-packages/airflow/example_dags/tutorial_taskflow_api_etl.py
[2022-01-09 11:17:18,297] {processor.py:625} INFO - Processing file /home/airflow/.local/lib/python3.7/site-packages/airflow/example_dags/tutorial_taskflow_api_etl.py for tasks to queue
[2022-01-09 11:17:18,300] {logging_mixin.py:109} INFO - [2022-01-09 11:17:18,300] {dagbag.py:500} INFO - Filling up the DagBag from /home/airflow/.local/lib/python3.7/site-packages/airflow/example_dags/tutorial_taskflow_api_etl.py
[2022-01-09 11:17:18,438] {processor.py:637} INFO - DAG(s) dict_keys(['tutorial_taskflow_api_etl']) retrieved from /home/airflow/.local/lib/python3.7/site-packages/airflow/example_dags/tutorial_taskflow_api_etl.py
[2022-01-09 11:17:18,922] {logging_mixin.py:109} INFO - [2022-01-09 11:17:18,922] {dag.py:2396} INFO - Sync 1 DAGs
[2022-01-09 11:17:18,947] {logging_mixin.py:109} INFO - [2022-01-09 11:17:18,947] {dag.py:2928} INFO - Setting next_dagrun for tutorial_taskflow_api_etl to None
[2022-01-09 11:17:18,967] {processor.py:171} INFO - Processing /home/airflow/.local/lib/python3.7/site-packages/airflow/example_dags/tutorial_taskflow_api_etl.py took 0.691 seconds
[2022-01-09 11:17:49,141] {processor.py:163} INFO - Started process (PID=1848) to work on /home/airflow/.local/lib/python3.7/site-packages/airflow/example_dags/tutorial_taskflow_api_etl.py
[2022-01-09 11:17:49,146] {processor.py:625} INFO - Processing file /home/airflow/.local/lib/python3.7/site-packages/airflow/example_dags/tutorial_taskflow_api_etl.py for tasks to queue
[2022-01-09 11:17:49,149] {logging_mixin.py:109} INFO - [2022-01-09 11:17:49,148] {dagbag.py:500} INFO - Filling up the DagBag from /home/airflow/.local/lib/python3.7/site-packages/airflow/example_dags/tutorial_taskflow_api_etl.py
[2022-01-09 11:17:49,241] {processor.py:637} INFO - DAG(s) dict_keys(['tutorial_taskflow_api_etl']) retrieved from /home/airflow/.local/lib/python3.7/site-packages/airflow/example_dags/tutorial_taskflow_api_etl.py
[2022-01-09 11:17:49,522] {logging_mixin.py:109} INFO - [2022-01-09 11:17:49,522] {dag.py:2396} INFO - Sync 1 DAGs
[2022-01-09 11:17:49,546] {logging_mixin.py:109} INFO - [2022-01-09 11:17:49,545] {dag.py:2928} INFO - Setting next_dagrun for tutorial_taskflow_api_etl to None
[2022-01-09 11:17:49,564] {processor.py:171} INFO - Processing /home/airflow/.local/lib/python3.7/site-packages/airflow/example_dags/tutorial_taskflow_api_etl.py took 0.434 seconds
[2022-01-09 11:18:19,755] {processor.py:163} INFO - Started process (PID=1909) to work on /home/airflow/.local/lib/python3.7/site-packages/airflow/example_dags/tutorial_taskflow_api_etl.py
[2022-01-09 11:18:19,760] {processor.py:625} INFO - Processing file /home/airflow/.local/lib/python3.7/site-packages/airflow/example_dags/tutorial_taskflow_api_etl.py for tasks to queue
[2022-01-09 11:18:19,763] {logging_mixin.py:109} INFO - [2022-01-09 11:18:19,763] {dagbag.py:500} INFO - Filling up the DagBag from /home/airflow/.local/lib/python3.7/site-packages/airflow/example_dags/tutorial_taskflow_api_etl.py
[2022-01-09 11:18:19,904] {processor.py:637} INFO - DAG(s) dict_keys(['tutorial_taskflow_api_etl']) retrieved from /home/airflow/.local/lib/python3.7/site-packages/airflow/example_dags/tutorial_taskflow_api_etl.py
[2022-01-09 11:18:20,271] {logging_mixin.py:109} INFO - [2022-01-09 11:18:20,271] {dag.py:2396} INFO - Sync 1 DAGs
[2022-01-09 11:18:20,292] {logging_mixin.py:109} INFO - [2022-01-09 11:18:20,291] {dag.py:2928} INFO - Setting next_dagrun for tutorial_taskflow_api_etl to None
[2022-01-09 11:18:20,307] {processor.py:171} INFO - Processing /home/airflow/.local/lib/python3.7/site-packages/airflow/example_dags/tutorial_taskflow_api_etl.py took 0.563 seconds
[2022-01-09 11:18:50,598] {processor.py:163} INFO - Started process (PID=1981) to work on /home/airflow/.local/lib/python3.7/site-packages/airflow/example_dags/tutorial_taskflow_api_etl.py
[2022-01-09 11:18:50,600] {processor.py:625} INFO - Processing file /home/airflow/.local/lib/python3.7/site-packages/airflow/example_dags/tutorial_taskflow_api_etl.py for tasks to queue
[2022-01-09 11:18:50,602] {logging_mixin.py:109} INFO - [2022-01-09 11:18:50,602] {dagbag.py:500} INFO - Filling up the DagBag from /home/airflow/.local/lib/python3.7/site-packages/airflow/example_dags/tutorial_taskflow_api_etl.py
[2022-01-09 11:18:50,662] {processor.py:637} INFO - DAG(s) dict_keys(['tutorial_taskflow_api_etl']) retrieved from /home/airflow/.local/lib/python3.7/site-packages/airflow/example_dags/tutorial_taskflow_api_etl.py
[2022-01-09 11:18:50,981] {logging_mixin.py:109} INFO - [2022-01-09 11:18:50,981] {dag.py:2396} INFO - Sync 1 DAGs
[2022-01-09 11:18:51,004] {logging_mixin.py:109} INFO - [2022-01-09 11:18:51,004] {dag.py:2928} INFO - Setting next_dagrun for tutorial_taskflow_api_etl to None
[2022-01-09 11:18:51,021] {processor.py:171} INFO - Processing /home/airflow/.local/lib/python3.7/site-packages/airflow/example_dags/tutorial_taskflow_api_etl.py took 0.429 seconds
[2022-01-09 11:19:21,213] {processor.py:163} INFO - Started process (PID=2043) to work on /home/airflow/.local/lib/python3.7/site-packages/airflow/example_dags/tutorial_taskflow_api_etl.py
[2022-01-09 11:19:21,218] {processor.py:625} INFO - Processing file /home/airflow/.local/lib/python3.7/site-packages/airflow/example_dags/tutorial_taskflow_api_etl.py for tasks to queue
[2022-01-09 11:19:21,221] {logging_mixin.py:109} INFO - [2022-01-09 11:19:21,221] {dagbag.py:500} INFO - Filling up the DagBag from /home/airflow/.local/lib/python3.7/site-packages/airflow/example_dags/tutorial_taskflow_api_etl.py
[2022-01-09 11:19:21,323] {processor.py:637} INFO - DAG(s) dict_keys(['tutorial_taskflow_api_etl']) retrieved from /home/airflow/.local/lib/python3.7/site-packages/airflow/example_dags/tutorial_taskflow_api_etl.py
[2022-01-09 11:19:21,680] {logging_mixin.py:109} INFO - [2022-01-09 11:19:21,680] {dag.py:2396} INFO - Sync 1 DAGs
[2022-01-09 11:19:21,700] {logging_mixin.py:109} INFO - [2022-01-09 11:19:21,700] {dag.py:2928} INFO - Setting next_dagrun for tutorial_taskflow_api_etl to None
[2022-01-09 11:19:21,717] {processor.py:171} INFO - Processing /home/airflow/.local/lib/python3.7/site-packages/airflow/example_dags/tutorial_taskflow_api_etl.py took 0.515 seconds
[2022-01-09 11:19:52,331] {processor.py:163} INFO - Started process (PID=2105) to work on /home/airflow/.local/lib/python3.7/site-packages/airflow/example_dags/tutorial_taskflow_api_etl.py
[2022-01-09 11:19:52,336] {processor.py:625} INFO - Processing file /home/airflow/.local/lib/python3.7/site-packages/airflow/example_dags/tutorial_taskflow_api_etl.py for tasks to queue
[2022-01-09 11:19:52,339] {logging_mixin.py:109} INFO - [2022-01-09 11:19:52,339] {dagbag.py:500} INFO - Filling up the DagBag from /home/airflow/.local/lib/python3.7/site-packages/airflow/example_dags/tutorial_taskflow_api_etl.py
[2022-01-09 11:19:52,449] {processor.py:637} INFO - DAG(s) dict_keys(['tutorial_taskflow_api_etl']) retrieved from /home/airflow/.local/lib/python3.7/site-packages/airflow/example_dags/tutorial_taskflow_api_etl.py
[2022-01-09 11:19:52,808] {logging_mixin.py:109} INFO - [2022-01-09 11:19:52,807] {dag.py:2396} INFO - Sync 1 DAGs
[2022-01-09 11:19:52,824] {logging_mixin.py:109} INFO - [2022-01-09 11:19:52,824] {dag.py:2928} INFO - Setting next_dagrun for tutorial_taskflow_api_etl to None
[2022-01-09 11:19:52,840] {processor.py:171} INFO - Processing /home/airflow/.local/lib/python3.7/site-packages/airflow/example_dags/tutorial_taskflow_api_etl.py took 0.521 seconds
[2022-01-09 11:20:23,164] {processor.py:163} INFO - Started process (PID=2166) to work on /home/airflow/.local/lib/python3.7/site-packages/airflow/example_dags/tutorial_taskflow_api_etl.py
[2022-01-09 11:20:23,169] {processor.py:625} INFO - Processing file /home/airflow/.local/lib/python3.7/site-packages/airflow/example_dags/tutorial_taskflow_api_etl.py for tasks to queue
[2022-01-09 11:20:23,172] {logging_mixin.py:109} INFO - [2022-01-09 11:20:23,171] {dagbag.py:500} INFO - Filling up the DagBag from /home/airflow/.local/lib/python3.7/site-packages/airflow/example_dags/tutorial_taskflow_api_etl.py
[2022-01-09 11:20:23,268] {processor.py:637} INFO - DAG(s) dict_keys(['tutorial_taskflow_api_etl']) retrieved from /home/airflow/.local/lib/python3.7/site-packages/airflow/example_dags/tutorial_taskflow_api_etl.py
[2022-01-09 11:20:23,605] {logging_mixin.py:109} INFO - [2022-01-09 11:20:23,605] {dag.py:2396} INFO - Sync 1 DAGs
[2022-01-09 11:20:23,622] {logging_mixin.py:109} INFO - [2022-01-09 11:20:23,622] {dag.py:2928} INFO - Setting next_dagrun for tutorial_taskflow_api_etl to None
[2022-01-09 11:20:23,639] {processor.py:171} INFO - Processing /home/airflow/.local/lib/python3.7/site-packages/airflow/example_dags/tutorial_taskflow_api_etl.py took 0.485 seconds
[2022-01-09 11:20:53,967] {processor.py:163} INFO - Started process (PID=2226) to work on /home/airflow/.local/lib/python3.7/site-packages/airflow/example_dags/tutorial_taskflow_api_etl.py
[2022-01-09 11:20:53,970] {processor.py:625} INFO - Processing file /home/airflow/.local/lib/python3.7/site-packages/airflow/example_dags/tutorial_taskflow_api_etl.py for tasks to queue
[2022-01-09 11:20:53,972] {logging_mixin.py:109} INFO - [2022-01-09 11:20:53,972] {dagbag.py:500} INFO - Filling up the DagBag from /home/airflow/.local/lib/python3.7/site-packages/airflow/example_dags/tutorial_taskflow_api_etl.py
[2022-01-09 11:20:54,028] {processor.py:637} INFO - DAG(s) dict_keys(['tutorial_taskflow_api_etl']) retrieved from /home/airflow/.local/lib/python3.7/site-packages/airflow/example_dags/tutorial_taskflow_api_etl.py
[2022-01-09 11:20:54,600] {logging_mixin.py:109} INFO - [2022-01-09 11:20:54,599] {dag.py:2396} INFO - Sync 1 DAGs
[2022-01-09 11:20:54,629] {logging_mixin.py:109} INFO - [2022-01-09 11:20:54,628] {dag.py:2928} INFO - Setting next_dagrun for tutorial_taskflow_api_etl to None
[2022-01-09 11:20:54,648] {processor.py:171} INFO - Processing /home/airflow/.local/lib/python3.7/site-packages/airflow/example_dags/tutorial_taskflow_api_etl.py took 0.689 seconds
[2022-01-09 11:21:25,412] {processor.py:163} INFO - Started process (PID=2298) to work on /home/airflow/.local/lib/python3.7/site-packages/airflow/example_dags/tutorial_taskflow_api_etl.py
[2022-01-09 11:21:25,415] {processor.py:625} INFO - Processing file /home/airflow/.local/lib/python3.7/site-packages/airflow/example_dags/tutorial_taskflow_api_etl.py for tasks to queue
[2022-01-09 11:21:25,417] {logging_mixin.py:109} INFO - [2022-01-09 11:21:25,417] {dagbag.py:500} INFO - Filling up the DagBag from /home/airflow/.local/lib/python3.7/site-packages/airflow/example_dags/tutorial_taskflow_api_etl.py
[2022-01-09 11:21:25,493] {processor.py:637} INFO - DAG(s) dict_keys(['tutorial_taskflow_api_etl']) retrieved from /home/airflow/.local/lib/python3.7/site-packages/airflow/example_dags/tutorial_taskflow_api_etl.py
[2022-01-09 11:21:25,508] {logging_mixin.py:109} INFO - [2022-01-09 11:21:25,508] {dag.py:2396} INFO - Sync 1 DAGs
[2022-01-09 11:21:25,536] {logging_mixin.py:109} INFO - [2022-01-09 11:21:25,536] {dag.py:2928} INFO - Setting next_dagrun for tutorial_taskflow_api_etl to None
[2022-01-09 11:21:25,556] {processor.py:171} INFO - Processing /home/airflow/.local/lib/python3.7/site-packages/airflow/example_dags/tutorial_taskflow_api_etl.py took 0.155 seconds
[2022-01-09 11:21:55,797] {processor.py:163} INFO - Started process (PID=2358) to work on /home/airflow/.local/lib/python3.7/site-packages/airflow/example_dags/tutorial_taskflow_api_etl.py
[2022-01-09 11:21:55,800] {processor.py:625} INFO - Processing file /home/airflow/.local/lib/python3.7/site-packages/airflow/example_dags/tutorial_taskflow_api_etl.py for tasks to queue
[2022-01-09 11:21:55,802] {logging_mixin.py:109} INFO - [2022-01-09 11:21:55,802] {dagbag.py:500} INFO - Filling up the DagBag from /home/airflow/.local/lib/python3.7/site-packages/airflow/example_dags/tutorial_taskflow_api_etl.py
[2022-01-09 11:21:55,862] {processor.py:637} INFO - DAG(s) dict_keys(['tutorial_taskflow_api_etl']) retrieved from /home/airflow/.local/lib/python3.7/site-packages/airflow/example_dags/tutorial_taskflow_api_etl.py
[2022-01-09 11:21:56,282] {logging_mixin.py:109} INFO - [2022-01-09 11:21:56,282] {dag.py:2396} INFO - Sync 1 DAGs
[2022-01-09 11:21:56,311] {logging_mixin.py:109} INFO - [2022-01-09 11:21:56,310] {dag.py:2928} INFO - Setting next_dagrun for tutorial_taskflow_api_etl to None
[2022-01-09 11:21:56,334] {processor.py:171} INFO - Processing /home/airflow/.local/lib/python3.7/site-packages/airflow/example_dags/tutorial_taskflow_api_etl.py took 0.544 seconds
[2022-01-09 11:22:27,088] {processor.py:163} INFO - Started process (PID=2423) to work on /home/airflow/.local/lib/python3.7/site-packages/airflow/example_dags/tutorial_taskflow_api_etl.py
[2022-01-09 11:22:27,094] {processor.py:625} INFO - Processing file /home/airflow/.local/lib/python3.7/site-packages/airflow/example_dags/tutorial_taskflow_api_etl.py for tasks to queue
[2022-01-09 11:22:27,096] {logging_mixin.py:109} INFO - [2022-01-09 11:22:27,096] {dagbag.py:500} INFO - Filling up the DagBag from /home/airflow/.local/lib/python3.7/site-packages/airflow/example_dags/tutorial_taskflow_api_etl.py
[2022-01-09 11:22:27,169] {processor.py:637} INFO - DAG(s) dict_keys(['tutorial_taskflow_api_etl']) retrieved from /home/airflow/.local/lib/python3.7/site-packages/airflow/example_dags/tutorial_taskflow_api_etl.py
[2022-01-09 11:22:27,608] {logging_mixin.py:109} INFO - [2022-01-09 11:22:27,607] {dag.py:2396} INFO - Sync 1 DAGs
[2022-01-09 11:22:27,634] {logging_mixin.py:109} INFO - [2022-01-09 11:22:27,634] {dag.py:2928} INFO - Setting next_dagrun for tutorial_taskflow_api_etl to None
[2022-01-09 11:22:27,658] {processor.py:171} INFO - Processing /home/airflow/.local/lib/python3.7/site-packages/airflow/example_dags/tutorial_taskflow_api_etl.py took 0.577 seconds
[2022-01-09 11:22:57,801] {processor.py:163} INFO - Started process (PID=2474) to work on /home/airflow/.local/lib/python3.7/site-packages/airflow/example_dags/tutorial_taskflow_api_etl.py
[2022-01-09 11:22:57,806] {processor.py:625} INFO - Processing file /home/airflow/.local/lib/python3.7/site-packages/airflow/example_dags/tutorial_taskflow_api_etl.py for tasks to queue
[2022-01-09 11:22:57,809] {logging_mixin.py:109} INFO - [2022-01-09 11:22:57,808] {dagbag.py:500} INFO - Filling up the DagBag from /home/airflow/.local/lib/python3.7/site-packages/airflow/example_dags/tutorial_taskflow_api_etl.py
[2022-01-09 11:22:57,874] {processor.py:637} INFO - DAG(s) dict_keys(['tutorial_taskflow_api_etl']) retrieved from /home/airflow/.local/lib/python3.7/site-packages/airflow/example_dags/tutorial_taskflow_api_etl.py
[2022-01-09 11:22:58,360] {logging_mixin.py:109} INFO - [2022-01-09 11:22:58,360] {dag.py:2396} INFO - Sync 1 DAGs
[2022-01-09 11:22:58,396] {logging_mixin.py:109} INFO - [2022-01-09 11:22:58,396] {dag.py:2928} INFO - Setting next_dagrun for tutorial_taskflow_api_etl to None
[2022-01-09 11:22:58,418] {processor.py:171} INFO - Processing /home/airflow/.local/lib/python3.7/site-packages/airflow/example_dags/tutorial_taskflow_api_etl.py took 0.625 seconds
[2022-01-09 11:23:28,598] {processor.py:163} INFO - Started process (PID=2534) to work on /home/airflow/.local/lib/python3.7/site-packages/airflow/example_dags/tutorial_taskflow_api_etl.py
[2022-01-09 11:23:28,601] {processor.py:625} INFO - Processing file /home/airflow/.local/lib/python3.7/site-packages/airflow/example_dags/tutorial_taskflow_api_etl.py for tasks to queue
[2022-01-09 11:23:28,602] {logging_mixin.py:109} INFO - [2022-01-09 11:23:28,602] {dagbag.py:500} INFO - Filling up the DagBag from /home/airflow/.local/lib/python3.7/site-packages/airflow/example_dags/tutorial_taskflow_api_etl.py
[2022-01-09 11:23:28,664] {processor.py:637} INFO - DAG(s) dict_keys(['tutorial_taskflow_api_etl']) retrieved from /home/airflow/.local/lib/python3.7/site-packages/airflow/example_dags/tutorial_taskflow_api_etl.py
[2022-01-09 11:23:28,993] {logging_mixin.py:109} INFO - [2022-01-09 11:23:28,993] {dag.py:2396} INFO - Sync 1 DAGs
[2022-01-09 11:23:29,022] {logging_mixin.py:109} INFO - [2022-01-09 11:23:29,022] {dag.py:2928} INFO - Setting next_dagrun for tutorial_taskflow_api_etl to None
[2022-01-09 11:23:29,040] {processor.py:171} INFO - Processing /home/airflow/.local/lib/python3.7/site-packages/airflow/example_dags/tutorial_taskflow_api_etl.py took 0.449 seconds
[2022-01-09 11:23:59,265] {processor.py:163} INFO - Started process (PID=2596) to work on /home/airflow/.local/lib/python3.7/site-packages/airflow/example_dags/tutorial_taskflow_api_etl.py
[2022-01-09 11:23:59,268] {processor.py:625} INFO - Processing file /home/airflow/.local/lib/python3.7/site-packages/airflow/example_dags/tutorial_taskflow_api_etl.py for tasks to queue
[2022-01-09 11:23:59,270] {logging_mixin.py:109} INFO - [2022-01-09 11:23:59,270] {dagbag.py:500} INFO - Filling up the DagBag from /home/airflow/.local/lib/python3.7/site-packages/airflow/example_dags/tutorial_taskflow_api_etl.py
[2022-01-09 11:23:59,350] {processor.py:637} INFO - DAG(s) dict_keys(['tutorial_taskflow_api_etl']) retrieved from /home/airflow/.local/lib/python3.7/site-packages/airflow/example_dags/tutorial_taskflow_api_etl.py
[2022-01-09 11:23:59,748] {logging_mixin.py:109} INFO - [2022-01-09 11:23:59,748] {dag.py:2396} INFO - Sync 1 DAGs
[2022-01-09 11:23:59,775] {logging_mixin.py:109} INFO - [2022-01-09 11:23:59,774] {dag.py:2928} INFO - Setting next_dagrun for tutorial_taskflow_api_etl to None
[2022-01-09 11:23:59,793] {processor.py:171} INFO - Processing /home/airflow/.local/lib/python3.7/site-packages/airflow/example_dags/tutorial_taskflow_api_etl.py took 0.535 seconds
[2022-01-09 11:24:30,451] {processor.py:163} INFO - Started process (PID=2666) to work on /home/airflow/.local/lib/python3.7/site-packages/airflow/example_dags/tutorial_taskflow_api_etl.py
[2022-01-09 11:24:30,453] {processor.py:625} INFO - Processing file /home/airflow/.local/lib/python3.7/site-packages/airflow/example_dags/tutorial_taskflow_api_etl.py for tasks to queue
[2022-01-09 11:24:30,454] {logging_mixin.py:109} INFO - [2022-01-09 11:24:30,454] {dagbag.py:500} INFO - Filling up the DagBag from /home/airflow/.local/lib/python3.7/site-packages/airflow/example_dags/tutorial_taskflow_api_etl.py
[2022-01-09 11:24:30,504] {processor.py:637} INFO - DAG(s) dict_keys(['tutorial_taskflow_api_etl']) retrieved from /home/airflow/.local/lib/python3.7/site-packages/airflow/example_dags/tutorial_taskflow_api_etl.py
[2022-01-09 11:24:30,882] {logging_mixin.py:109} INFO - [2022-01-09 11:24:30,882] {dag.py:2396} INFO - Sync 1 DAGs
[2022-01-09 11:24:30,909] {logging_mixin.py:109} INFO - [2022-01-09 11:24:30,909] {dag.py:2928} INFO - Setting next_dagrun for tutorial_taskflow_api_etl to None
[2022-01-09 11:24:30,933] {processor.py:171} INFO - Processing /home/airflow/.local/lib/python3.7/site-packages/airflow/example_dags/tutorial_taskflow_api_etl.py took 0.487 seconds
[2022-01-09 11:25:01,120] {processor.py:163} INFO - Started process (PID=2728) to work on /home/airflow/.local/lib/python3.7/site-packages/airflow/example_dags/tutorial_taskflow_api_etl.py
[2022-01-09 11:25:01,122] {processor.py:625} INFO - Processing file /home/airflow/.local/lib/python3.7/site-packages/airflow/example_dags/tutorial_taskflow_api_etl.py for tasks to queue
[2022-01-09 11:25:01,123] {logging_mixin.py:109} INFO - [2022-01-09 11:25:01,123] {dagbag.py:500} INFO - Filling up the DagBag from /home/airflow/.local/lib/python3.7/site-packages/airflow/example_dags/tutorial_taskflow_api_etl.py
[2022-01-09 11:25:01,171] {processor.py:637} INFO - DAG(s) dict_keys(['tutorial_taskflow_api_etl']) retrieved from /home/airflow/.local/lib/python3.7/site-packages/airflow/example_dags/tutorial_taskflow_api_etl.py
[2022-01-09 11:25:01,538] {logging_mixin.py:109} INFO - [2022-01-09 11:25:01,538] {dag.py:2396} INFO - Sync 1 DAGs
[2022-01-09 11:25:01,561] {logging_mixin.py:109} INFO - [2022-01-09 11:25:01,561] {dag.py:2928} INFO - Setting next_dagrun for tutorial_taskflow_api_etl to None
[2022-01-09 11:25:01,586] {processor.py:171} INFO - Processing /home/airflow/.local/lib/python3.7/site-packages/airflow/example_dags/tutorial_taskflow_api_etl.py took 0.471 seconds
[2022-01-09 11:25:32,076] {processor.py:163} INFO - Started process (PID=2790) to work on /home/airflow/.local/lib/python3.7/site-packages/airflow/example_dags/tutorial_taskflow_api_etl.py
[2022-01-09 11:25:32,080] {processor.py:625} INFO - Processing file /home/airflow/.local/lib/python3.7/site-packages/airflow/example_dags/tutorial_taskflow_api_etl.py for tasks to queue
[2022-01-09 11:25:32,081] {logging_mixin.py:109} INFO - [2022-01-09 11:25:32,081] {dagbag.py:500} INFO - Filling up the DagBag from /home/airflow/.local/lib/python3.7/site-packages/airflow/example_dags/tutorial_taskflow_api_etl.py
[2022-01-09 11:25:32,170] {processor.py:637} INFO - DAG(s) dict_keys(['tutorial_taskflow_api_etl']) retrieved from /home/airflow/.local/lib/python3.7/site-packages/airflow/example_dags/tutorial_taskflow_api_etl.py
[2022-01-09 11:25:32,628] {logging_mixin.py:109} INFO - [2022-01-09 11:25:32,628] {dag.py:2396} INFO - Sync 1 DAGs
[2022-01-09 11:25:32,658] {logging_mixin.py:109} INFO - [2022-01-09 11:25:32,657] {dag.py:2928} INFO - Setting next_dagrun for tutorial_taskflow_api_etl to None
[2022-01-09 11:25:32,679] {processor.py:171} INFO - Processing /home/airflow/.local/lib/python3.7/site-packages/airflow/example_dags/tutorial_taskflow_api_etl.py took 0.608 seconds
[2022-01-09 11:26:04,700] {processor.py:163} INFO - Started process (PID=2847) to work on /home/airflow/.local/lib/python3.7/site-packages/airflow/example_dags/tutorial_taskflow_api_etl.py
[2022-01-09 11:26:04,703] {processor.py:625} INFO - Processing file /home/airflow/.local/lib/python3.7/site-packages/airflow/example_dags/tutorial_taskflow_api_etl.py for tasks to queue
[2022-01-09 11:26:04,705] {logging_mixin.py:109} INFO - [2022-01-09 11:26:04,705] {dagbag.py:500} INFO - Filling up the DagBag from /home/airflow/.local/lib/python3.7/site-packages/airflow/example_dags/tutorial_taskflow_api_etl.py
[2022-01-09 11:26:04,801] {processor.py:637} INFO - DAG(s) dict_keys(['tutorial_taskflow_api_etl']) retrieved from /home/airflow/.local/lib/python3.7/site-packages/airflow/example_dags/tutorial_taskflow_api_etl.py
[2022-01-09 11:26:05,629] {logging_mixin.py:109} INFO - [2022-01-09 11:26:05,628] {dag.py:2396} INFO - Sync 1 DAGs
[2022-01-09 11:26:05,671] {logging_mixin.py:109} INFO - [2022-01-09 11:26:05,670] {dag.py:2928} INFO - Setting next_dagrun for tutorial_taskflow_api_etl to None
[2022-01-09 11:26:05,706] {processor.py:171} INFO - Processing /home/airflow/.local/lib/python3.7/site-packages/airflow/example_dags/tutorial_taskflow_api_etl.py took 1.013 seconds
[2022-01-09 11:26:35,889] {processor.py:163} INFO - Started process (PID=2893) to work on /home/airflow/.local/lib/python3.7/site-packages/airflow/example_dags/tutorial_taskflow_api_etl.py
[2022-01-09 11:26:35,891] {processor.py:625} INFO - Processing file /home/airflow/.local/lib/python3.7/site-packages/airflow/example_dags/tutorial_taskflow_api_etl.py for tasks to queue
[2022-01-09 11:26:35,893] {logging_mixin.py:109} INFO - [2022-01-09 11:26:35,893] {dagbag.py:500} INFO - Filling up the DagBag from /home/airflow/.local/lib/python3.7/site-packages/airflow/example_dags/tutorial_taskflow_api_etl.py
[2022-01-09 11:26:35,945] {processor.py:637} INFO - DAG(s) dict_keys(['tutorial_taskflow_api_etl']) retrieved from /home/airflow/.local/lib/python3.7/site-packages/airflow/example_dags/tutorial_taskflow_api_etl.py
[2022-01-09 11:26:36,327] {logging_mixin.py:109} INFO - [2022-01-09 11:26:36,326] {dag.py:2396} INFO - Sync 1 DAGs
[2022-01-09 11:26:36,360] {logging_mixin.py:109} INFO - [2022-01-09 11:26:36,359] {dag.py:2928} INFO - Setting next_dagrun for tutorial_taskflow_api_etl to None
[2022-01-09 11:26:36,375] {processor.py:171} INFO - Processing /home/airflow/.local/lib/python3.7/site-packages/airflow/example_dags/tutorial_taskflow_api_etl.py took 0.492 seconds
[2022-01-09 11:27:06,699] {processor.py:163} INFO - Started process (PID=2954) to work on /home/airflow/.local/lib/python3.7/site-packages/airflow/example_dags/tutorial_taskflow_api_etl.py
[2022-01-09 11:27:06,702] {processor.py:625} INFO - Processing file /home/airflow/.local/lib/python3.7/site-packages/airflow/example_dags/tutorial_taskflow_api_etl.py for tasks to queue
[2022-01-09 11:27:06,703] {logging_mixin.py:109} INFO - [2022-01-09 11:27:06,703] {dagbag.py:500} INFO - Filling up the DagBag from /home/airflow/.local/lib/python3.7/site-packages/airflow/example_dags/tutorial_taskflow_api_etl.py
[2022-01-09 11:27:06,752] {processor.py:637} INFO - DAG(s) dict_keys(['tutorial_taskflow_api_etl']) retrieved from /home/airflow/.local/lib/python3.7/site-packages/airflow/example_dags/tutorial_taskflow_api_etl.py
[2022-01-09 11:27:07,027] {logging_mixin.py:109} INFO - [2022-01-09 11:27:07,027] {dag.py:2396} INFO - Sync 1 DAGs
[2022-01-09 11:27:07,047] {logging_mixin.py:109} INFO - [2022-01-09 11:27:07,047] {dag.py:2928} INFO - Setting next_dagrun for tutorial_taskflow_api_etl to None
[2022-01-09 11:27:07,062] {processor.py:171} INFO - Processing /home/airflow/.local/lib/python3.7/site-packages/airflow/example_dags/tutorial_taskflow_api_etl.py took 0.370 seconds
[2022-01-09 11:27:37,170] {processor.py:163} INFO - Started process (PID=3016) to work on /home/airflow/.local/lib/python3.7/site-packages/airflow/example_dags/tutorial_taskflow_api_etl.py
[2022-01-09 11:27:37,173] {processor.py:625} INFO - Processing file /home/airflow/.local/lib/python3.7/site-packages/airflow/example_dags/tutorial_taskflow_api_etl.py for tasks to queue
[2022-01-09 11:27:37,175] {logging_mixin.py:109} INFO - [2022-01-09 11:27:37,175] {dagbag.py:500} INFO - Filling up the DagBag from /home/airflow/.local/lib/python3.7/site-packages/airflow/example_dags/tutorial_taskflow_api_etl.py
[2022-01-09 11:27:37,245] {processor.py:637} INFO - DAG(s) dict_keys(['tutorial_taskflow_api_etl']) retrieved from /home/airflow/.local/lib/python3.7/site-packages/airflow/example_dags/tutorial_taskflow_api_etl.py
[2022-01-09 11:27:37,652] {logging_mixin.py:109} INFO - [2022-01-09 11:27:37,651] {dag.py:2396} INFO - Sync 1 DAGs
[2022-01-09 11:27:37,684] {logging_mixin.py:109} INFO - [2022-01-09 11:27:37,684] {dag.py:2928} INFO - Setting next_dagrun for tutorial_taskflow_api_etl to None
[2022-01-09 11:27:37,711] {processor.py:171} INFO - Processing /home/airflow/.local/lib/python3.7/site-packages/airflow/example_dags/tutorial_taskflow_api_etl.py took 0.547 seconds
[2022-01-09 11:28:08,132] {processor.py:163} INFO - Started process (PID=3077) to work on /home/airflow/.local/lib/python3.7/site-packages/airflow/example_dags/tutorial_taskflow_api_etl.py
[2022-01-09 11:28:08,137] {processor.py:625} INFO - Processing file /home/airflow/.local/lib/python3.7/site-packages/airflow/example_dags/tutorial_taskflow_api_etl.py for tasks to queue
[2022-01-09 11:28:08,143] {logging_mixin.py:109} INFO - [2022-01-09 11:28:08,143] {dagbag.py:500} INFO - Filling up the DagBag from /home/airflow/.local/lib/python3.7/site-packages/airflow/example_dags/tutorial_taskflow_api_etl.py
[2022-01-09 11:28:08,250] {processor.py:637} INFO - DAG(s) dict_keys(['tutorial_taskflow_api_etl']) retrieved from /home/airflow/.local/lib/python3.7/site-packages/airflow/example_dags/tutorial_taskflow_api_etl.py
[2022-01-09 11:28:10,039] {logging_mixin.py:109} INFO - [2022-01-09 11:28:10,038] {dag.py:2396} INFO - Sync 1 DAGs
[2022-01-09 11:28:10,138] {logging_mixin.py:109} INFO - [2022-01-09 11:28:10,137] {dag.py:2928} INFO - Setting next_dagrun for tutorial_taskflow_api_etl to None
[2022-01-09 11:28:10,190] {processor.py:171} INFO - Processing /home/airflow/.local/lib/python3.7/site-packages/airflow/example_dags/tutorial_taskflow_api_etl.py took 2.065 seconds
[2022-01-09 11:28:40,731] {processor.py:163} INFO - Started process (PID=3139) to work on /home/airflow/.local/lib/python3.7/site-packages/airflow/example_dags/tutorial_taskflow_api_etl.py
[2022-01-09 11:28:40,735] {processor.py:625} INFO - Processing file /home/airflow/.local/lib/python3.7/site-packages/airflow/example_dags/tutorial_taskflow_api_etl.py for tasks to queue
[2022-01-09 11:28:40,741] {logging_mixin.py:109} INFO - [2022-01-09 11:28:40,741] {dagbag.py:500} INFO - Filling up the DagBag from /home/airflow/.local/lib/python3.7/site-packages/airflow/example_dags/tutorial_taskflow_api_etl.py
[2022-01-09 11:28:40,809] {processor.py:637} INFO - DAG(s) dict_keys(['tutorial_taskflow_api_etl']) retrieved from /home/airflow/.local/lib/python3.7/site-packages/airflow/example_dags/tutorial_taskflow_api_etl.py
[2022-01-09 11:28:41,138] {logging_mixin.py:109} INFO - [2022-01-09 11:28:41,138] {dag.py:2396} INFO - Sync 1 DAGs
[2022-01-09 11:28:41,155] {logging_mixin.py:109} INFO - [2022-01-09 11:28:41,155] {dag.py:2928} INFO - Setting next_dagrun for tutorial_taskflow_api_etl to None
[2022-01-09 11:28:41,171] {processor.py:171} INFO - Processing /home/airflow/.local/lib/python3.7/site-packages/airflow/example_dags/tutorial_taskflow_api_etl.py took 0.448 seconds
[2022-01-09 11:29:11,648] {processor.py:163} INFO - Started process (PID=3201) to work on /home/airflow/.local/lib/python3.7/site-packages/airflow/example_dags/tutorial_taskflow_api_etl.py
[2022-01-09 11:29:11,650] {processor.py:625} INFO - Processing file /home/airflow/.local/lib/python3.7/site-packages/airflow/example_dags/tutorial_taskflow_api_etl.py for tasks to queue
[2022-01-09 11:29:11,651] {logging_mixin.py:109} INFO - [2022-01-09 11:29:11,651] {dagbag.py:500} INFO - Filling up the DagBag from /home/airflow/.local/lib/python3.7/site-packages/airflow/example_dags/tutorial_taskflow_api_etl.py
[2022-01-09 11:29:11,755] {processor.py:637} INFO - DAG(s) dict_keys(['tutorial_taskflow_api_etl']) retrieved from /home/airflow/.local/lib/python3.7/site-packages/airflow/example_dags/tutorial_taskflow_api_etl.py
[2022-01-09 11:29:12,387] {logging_mixin.py:109} INFO - [2022-01-09 11:29:12,387] {dag.py:2396} INFO - Sync 1 DAGs
[2022-01-09 11:29:12,419] {logging_mixin.py:109} INFO - [2022-01-09 11:29:12,418] {dag.py:2928} INFO - Setting next_dagrun for tutorial_taskflow_api_etl to None
[2022-01-09 11:29:12,444] {processor.py:171} INFO - Processing /home/airflow/.local/lib/python3.7/site-packages/airflow/example_dags/tutorial_taskflow_api_etl.py took 0.801 seconds
[2022-01-09 11:29:42,897] {processor.py:163} INFO - Started process (PID=3253) to work on /home/airflow/.local/lib/python3.7/site-packages/airflow/example_dags/tutorial_taskflow_api_etl.py
[2022-01-09 11:29:42,900] {processor.py:625} INFO - Processing file /home/airflow/.local/lib/python3.7/site-packages/airflow/example_dags/tutorial_taskflow_api_etl.py for tasks to queue
[2022-01-09 11:29:42,901] {logging_mixin.py:109} INFO - [2022-01-09 11:29:42,901] {dagbag.py:500} INFO - Filling up the DagBag from /home/airflow/.local/lib/python3.7/site-packages/airflow/example_dags/tutorial_taskflow_api_etl.py
[2022-01-09 11:29:42,959] {processor.py:637} INFO - DAG(s) dict_keys(['tutorial_taskflow_api_etl']) retrieved from /home/airflow/.local/lib/python3.7/site-packages/airflow/example_dags/tutorial_taskflow_api_etl.py
[2022-01-09 11:29:43,399] {logging_mixin.py:109} INFO - [2022-01-09 11:29:43,399] {dag.py:2396} INFO - Sync 1 DAGs
[2022-01-09 11:29:43,430] {logging_mixin.py:109} INFO - [2022-01-09 11:29:43,430] {dag.py:2928} INFO - Setting next_dagrun for tutorial_taskflow_api_etl to None
[2022-01-09 11:29:43,479] {processor.py:171} INFO - Processing /home/airflow/.local/lib/python3.7/site-packages/airflow/example_dags/tutorial_taskflow_api_etl.py took 0.586 seconds
[2022-01-09 11:30:13,812] {processor.py:163} INFO - Started process (PID=3314) to work on /home/airflow/.local/lib/python3.7/site-packages/airflow/example_dags/tutorial_taskflow_api_etl.py
[2022-01-09 11:30:13,817] {processor.py:625} INFO - Processing file /home/airflow/.local/lib/python3.7/site-packages/airflow/example_dags/tutorial_taskflow_api_etl.py for tasks to queue
[2022-01-09 11:30:13,820] {logging_mixin.py:109} INFO - [2022-01-09 11:30:13,820] {dagbag.py:500} INFO - Filling up the DagBag from /home/airflow/.local/lib/python3.7/site-packages/airflow/example_dags/tutorial_taskflow_api_etl.py
[2022-01-09 11:30:13,866] {processor.py:637} INFO - DAG(s) dict_keys(['tutorial_taskflow_api_etl']) retrieved from /home/airflow/.local/lib/python3.7/site-packages/airflow/example_dags/tutorial_taskflow_api_etl.py
[2022-01-09 11:30:14,247] {logging_mixin.py:109} INFO - [2022-01-09 11:30:14,246] {dag.py:2396} INFO - Sync 1 DAGs
[2022-01-09 11:30:14,262] {logging_mixin.py:109} INFO - [2022-01-09 11:30:14,262] {dag.py:2928} INFO - Setting next_dagrun for tutorial_taskflow_api_etl to None
[2022-01-09 11:30:14,288] {processor.py:171} INFO - Processing /home/airflow/.local/lib/python3.7/site-packages/airflow/example_dags/tutorial_taskflow_api_etl.py took 0.482 seconds
[2022-01-09 11:30:44,381] {processor.py:163} INFO - Started process (PID=3375) to work on /home/airflow/.local/lib/python3.7/site-packages/airflow/example_dags/tutorial_taskflow_api_etl.py
[2022-01-09 11:30:44,383] {processor.py:625} INFO - Processing file /home/airflow/.local/lib/python3.7/site-packages/airflow/example_dags/tutorial_taskflow_api_etl.py for tasks to queue
[2022-01-09 11:30:44,384] {logging_mixin.py:109} INFO - [2022-01-09 11:30:44,384] {dagbag.py:500} INFO - Filling up the DagBag from /home/airflow/.local/lib/python3.7/site-packages/airflow/example_dags/tutorial_taskflow_api_etl.py
[2022-01-09 11:30:44,413] {processor.py:637} INFO - DAG(s) dict_keys(['tutorial_taskflow_api_etl']) retrieved from /home/airflow/.local/lib/python3.7/site-packages/airflow/example_dags/tutorial_taskflow_api_etl.py
[2022-01-09 11:30:44,820] {logging_mixin.py:109} INFO - [2022-01-09 11:30:44,819] {dag.py:2396} INFO - Sync 1 DAGs
[2022-01-09 11:30:44,848] {logging_mixin.py:109} INFO - [2022-01-09 11:30:44,847] {dag.py:2928} INFO - Setting next_dagrun for tutorial_taskflow_api_etl to None
[2022-01-09 11:30:44,861] {processor.py:171} INFO - Processing /home/airflow/.local/lib/python3.7/site-packages/airflow/example_dags/tutorial_taskflow_api_etl.py took 0.483 seconds
[2022-01-09 11:31:14,988] {processor.py:163} INFO - Started process (PID=3436) to work on /home/airflow/.local/lib/python3.7/site-packages/airflow/example_dags/tutorial_taskflow_api_etl.py
[2022-01-09 11:31:14,990] {processor.py:625} INFO - Processing file /home/airflow/.local/lib/python3.7/site-packages/airflow/example_dags/tutorial_taskflow_api_etl.py for tasks to queue
[2022-01-09 11:31:14,992] {logging_mixin.py:109} INFO - [2022-01-09 11:31:14,992] {dagbag.py:500} INFO - Filling up the DagBag from /home/airflow/.local/lib/python3.7/site-packages/airflow/example_dags/tutorial_taskflow_api_etl.py
[2022-01-09 11:31:15,056] {processor.py:637} INFO - DAG(s) dict_keys(['tutorial_taskflow_api_etl']) retrieved from /home/airflow/.local/lib/python3.7/site-packages/airflow/example_dags/tutorial_taskflow_api_etl.py
[2022-01-09 11:31:15,748] {logging_mixin.py:109} INFO - [2022-01-09 11:31:15,748] {dag.py:2396} INFO - Sync 1 DAGs
[2022-01-09 11:31:15,886] {logging_mixin.py:109} INFO - [2022-01-09 11:31:15,885] {dag.py:2928} INFO - Setting next_dagrun for tutorial_taskflow_api_etl to None
[2022-01-09 11:31:15,991] {processor.py:171} INFO - Processing /home/airflow/.local/lib/python3.7/site-packages/airflow/example_dags/tutorial_taskflow_api_etl.py took 1.018 seconds
[2022-01-09 11:31:46,380] {processor.py:163} INFO - Started process (PID=3497) to work on /home/airflow/.local/lib/python3.7/site-packages/airflow/example_dags/tutorial_taskflow_api_etl.py
[2022-01-09 11:31:46,382] {processor.py:625} INFO - Processing file /home/airflow/.local/lib/python3.7/site-packages/airflow/example_dags/tutorial_taskflow_api_etl.py for tasks to queue
[2022-01-09 11:31:46,384] {logging_mixin.py:109} INFO - [2022-01-09 11:31:46,384] {dagbag.py:500} INFO - Filling up the DagBag from /home/airflow/.local/lib/python3.7/site-packages/airflow/example_dags/tutorial_taskflow_api_etl.py
[2022-01-09 11:31:46,467] {processor.py:637} INFO - DAG(s) dict_keys(['tutorial_taskflow_api_etl']) retrieved from /home/airflow/.local/lib/python3.7/site-packages/airflow/example_dags/tutorial_taskflow_api_etl.py
[2022-01-09 11:31:47,210] {logging_mixin.py:109} INFO - [2022-01-09 11:31:47,209] {dag.py:2396} INFO - Sync 1 DAGs
[2022-01-09 11:31:47,254] {logging_mixin.py:109} INFO - [2022-01-09 11:31:47,254] {dag.py:2928} INFO - Setting next_dagrun for tutorial_taskflow_api_etl to None
[2022-01-09 11:31:47,291] {processor.py:171} INFO - Processing /home/airflow/.local/lib/python3.7/site-packages/airflow/example_dags/tutorial_taskflow_api_etl.py took 0.916 seconds
[2022-01-09 11:32:18,152] {processor.py:163} INFO - Started process (PID=3548) to work on /home/airflow/.local/lib/python3.7/site-packages/airflow/example_dags/tutorial_taskflow_api_etl.py
[2022-01-09 11:32:18,154] {processor.py:625} INFO - Processing file /home/airflow/.local/lib/python3.7/site-packages/airflow/example_dags/tutorial_taskflow_api_etl.py for tasks to queue
[2022-01-09 11:32:18,155] {logging_mixin.py:109} INFO - [2022-01-09 11:32:18,155] {dagbag.py:500} INFO - Filling up the DagBag from /home/airflow/.local/lib/python3.7/site-packages/airflow/example_dags/tutorial_taskflow_api_etl.py
[2022-01-09 11:32:18,192] {processor.py:637} INFO - DAG(s) dict_keys(['tutorial_taskflow_api_etl']) retrieved from /home/airflow/.local/lib/python3.7/site-packages/airflow/example_dags/tutorial_taskflow_api_etl.py
[2022-01-09 11:32:18,841] {logging_mixin.py:109} INFO - [2022-01-09 11:32:18,841] {dag.py:2396} INFO - Sync 1 DAGs
[2022-01-09 11:32:18,895] {logging_mixin.py:109} INFO - [2022-01-09 11:32:18,895] {dag.py:2928} INFO - Setting next_dagrun for tutorial_taskflow_api_etl to None
[2022-01-09 11:32:18,938] {processor.py:171} INFO - Processing /home/airflow/.local/lib/python3.7/site-packages/airflow/example_dags/tutorial_taskflow_api_etl.py took 0.789 seconds
[2022-01-09 11:32:49,106] {processor.py:163} INFO - Started process (PID=3609) to work on /home/airflow/.local/lib/python3.7/site-packages/airflow/example_dags/tutorial_taskflow_api_etl.py
[2022-01-09 11:32:49,108] {processor.py:625} INFO - Processing file /home/airflow/.local/lib/python3.7/site-packages/airflow/example_dags/tutorial_taskflow_api_etl.py for tasks to queue
[2022-01-09 11:32:49,109] {logging_mixin.py:109} INFO - [2022-01-09 11:32:49,108] {dagbag.py:500} INFO - Filling up the DagBag from /home/airflow/.local/lib/python3.7/site-packages/airflow/example_dags/tutorial_taskflow_api_etl.py
[2022-01-09 11:32:49,135] {processor.py:637} INFO - DAG(s) dict_keys(['tutorial_taskflow_api_etl']) retrieved from /home/airflow/.local/lib/python3.7/site-packages/airflow/example_dags/tutorial_taskflow_api_etl.py
[2022-01-09 11:32:49,318] {logging_mixin.py:109} INFO - [2022-01-09 11:32:49,318] {dag.py:2396} INFO - Sync 1 DAGs
[2022-01-09 11:32:49,332] {logging_mixin.py:109} INFO - [2022-01-09 11:32:49,332] {dag.py:2928} INFO - Setting next_dagrun for tutorial_taskflow_api_etl to None
[2022-01-09 11:32:49,345] {processor.py:171} INFO - Processing /home/airflow/.local/lib/python3.7/site-packages/airflow/example_dags/tutorial_taskflow_api_etl.py took 0.241 seconds
[2022-01-09 11:33:20,138] {processor.py:163} INFO - Started process (PID=3679) to work on /home/airflow/.local/lib/python3.7/site-packages/airflow/example_dags/tutorial_taskflow_api_etl.py
[2022-01-09 11:33:20,139] {processor.py:625} INFO - Processing file /home/airflow/.local/lib/python3.7/site-packages/airflow/example_dags/tutorial_taskflow_api_etl.py for tasks to queue
[2022-01-09 11:33:20,140] {logging_mixin.py:109} INFO - [2022-01-09 11:33:20,140] {dagbag.py:500} INFO - Filling up the DagBag from /home/airflow/.local/lib/python3.7/site-packages/airflow/example_dags/tutorial_taskflow_api_etl.py
[2022-01-09 11:33:20,166] {processor.py:637} INFO - DAG(s) dict_keys(['tutorial_taskflow_api_etl']) retrieved from /home/airflow/.local/lib/python3.7/site-packages/airflow/example_dags/tutorial_taskflow_api_etl.py
[2022-01-09 11:33:20,369] {logging_mixin.py:109} INFO - [2022-01-09 11:33:20,368] {dag.py:2396} INFO - Sync 1 DAGs
[2022-01-09 11:33:20,387] {logging_mixin.py:109} INFO - [2022-01-09 11:33:20,387] {dag.py:2928} INFO - Setting next_dagrun for tutorial_taskflow_api_etl to None
[2022-01-09 11:33:20,399] {processor.py:171} INFO - Processing /home/airflow/.local/lib/python3.7/site-packages/airflow/example_dags/tutorial_taskflow_api_etl.py took 0.265 seconds
[2022-01-09 11:33:50,471] {processor.py:163} INFO - Started process (PID=3740) to work on /home/airflow/.local/lib/python3.7/site-packages/airflow/example_dags/tutorial_taskflow_api_etl.py
[2022-01-09 11:33:50,472] {processor.py:625} INFO - Processing file /home/airflow/.local/lib/python3.7/site-packages/airflow/example_dags/tutorial_taskflow_api_etl.py for tasks to queue
[2022-01-09 11:33:50,473] {logging_mixin.py:109} INFO - [2022-01-09 11:33:50,473] {dagbag.py:500} INFO - Filling up the DagBag from /home/airflow/.local/lib/python3.7/site-packages/airflow/example_dags/tutorial_taskflow_api_etl.py
[2022-01-09 11:33:50,535] {processor.py:637} INFO - DAG(s) dict_keys(['tutorial_taskflow_api_etl']) retrieved from /home/airflow/.local/lib/python3.7/site-packages/airflow/example_dags/tutorial_taskflow_api_etl.py
[2022-01-09 11:33:50,550] {logging_mixin.py:109} INFO - [2022-01-09 11:33:50,550] {dag.py:2396} INFO - Sync 1 DAGs
[2022-01-09 11:33:50,576] {logging_mixin.py:109} INFO - [2022-01-09 11:33:50,576] {dag.py:2928} INFO - Setting next_dagrun for tutorial_taskflow_api_etl to None
[2022-01-09 11:33:50,592] {processor.py:171} INFO - Processing /home/airflow/.local/lib/python3.7/site-packages/airflow/example_dags/tutorial_taskflow_api_etl.py took 0.125 seconds
[2022-01-09 11:34:21,277] {processor.py:163} INFO - Started process (PID=3800) to work on /home/airflow/.local/lib/python3.7/site-packages/airflow/example_dags/tutorial_taskflow_api_etl.py
[2022-01-09 11:34:21,279] {processor.py:625} INFO - Processing file /home/airflow/.local/lib/python3.7/site-packages/airflow/example_dags/tutorial_taskflow_api_etl.py for tasks to queue
[2022-01-09 11:34:21,281] {logging_mixin.py:109} INFO - [2022-01-09 11:34:21,281] {dagbag.py:500} INFO - Filling up the DagBag from /home/airflow/.local/lib/python3.7/site-packages/airflow/example_dags/tutorial_taskflow_api_etl.py
[2022-01-09 11:34:21,331] {processor.py:637} INFO - DAG(s) dict_keys(['tutorial_taskflow_api_etl']) retrieved from /home/airflow/.local/lib/python3.7/site-packages/airflow/example_dags/tutorial_taskflow_api_etl.py
[2022-01-09 11:34:21,682] {logging_mixin.py:109} INFO - [2022-01-09 11:34:21,682] {dag.py:2396} INFO - Sync 1 DAGs
[2022-01-09 11:34:21,715] {logging_mixin.py:109} INFO - [2022-01-09 11:34:21,715] {dag.py:2928} INFO - Setting next_dagrun for tutorial_taskflow_api_etl to None
[2022-01-09 11:34:21,751] {processor.py:171} INFO - Processing /home/airflow/.local/lib/python3.7/site-packages/airflow/example_dags/tutorial_taskflow_api_etl.py took 0.478 seconds
[2022-01-09 11:34:51,808] {processor.py:163} INFO - Started process (PID=3871) to work on /home/airflow/.local/lib/python3.7/site-packages/airflow/example_dags/tutorial_taskflow_api_etl.py
[2022-01-09 11:34:51,810] {processor.py:625} INFO - Processing file /home/airflow/.local/lib/python3.7/site-packages/airflow/example_dags/tutorial_taskflow_api_etl.py for tasks to queue
[2022-01-09 11:34:51,812] {logging_mixin.py:109} INFO - [2022-01-09 11:34:51,812] {dagbag.py:500} INFO - Filling up the DagBag from /home/airflow/.local/lib/python3.7/site-packages/airflow/example_dags/tutorial_taskflow_api_etl.py
[2022-01-09 11:34:51,861] {processor.py:637} INFO - DAG(s) dict_keys(['tutorial_taskflow_api_etl']) retrieved from /home/airflow/.local/lib/python3.7/site-packages/airflow/example_dags/tutorial_taskflow_api_etl.py
[2022-01-09 11:34:51,875] {logging_mixin.py:109} INFO - [2022-01-09 11:34:51,875] {dag.py:2396} INFO - Sync 1 DAGs
[2022-01-09 11:34:51,902] {logging_mixin.py:109} INFO - [2022-01-09 11:34:51,902] {dag.py:2928} INFO - Setting next_dagrun for tutorial_taskflow_api_etl to None
[2022-01-09 11:34:51,915] {processor.py:171} INFO - Processing /home/airflow/.local/lib/python3.7/site-packages/airflow/example_dags/tutorial_taskflow_api_etl.py took 0.111 seconds
[2022-01-09 11:35:22,271] {processor.py:163} INFO - Started process (PID=3933) to work on /home/airflow/.local/lib/python3.7/site-packages/airflow/example_dags/tutorial_taskflow_api_etl.py
[2022-01-09 11:35:22,273] {processor.py:625} INFO - Processing file /home/airflow/.local/lib/python3.7/site-packages/airflow/example_dags/tutorial_taskflow_api_etl.py for tasks to queue
[2022-01-09 11:35:22,275] {logging_mixin.py:109} INFO - [2022-01-09 11:35:22,275] {dagbag.py:500} INFO - Filling up the DagBag from /home/airflow/.local/lib/python3.7/site-packages/airflow/example_dags/tutorial_taskflow_api_etl.py
[2022-01-09 11:35:22,321] {processor.py:637} INFO - DAG(s) dict_keys(['tutorial_taskflow_api_etl']) retrieved from /home/airflow/.local/lib/python3.7/site-packages/airflow/example_dags/tutorial_taskflow_api_etl.py
[2022-01-09 11:35:22,688] {logging_mixin.py:109} INFO - [2022-01-09 11:35:22,688] {dag.py:2396} INFO - Sync 1 DAGs
[2022-01-09 11:35:22,708] {logging_mixin.py:109} INFO - [2022-01-09 11:35:22,708] {dag.py:2928} INFO - Setting next_dagrun for tutorial_taskflow_api_etl to None
[2022-01-09 11:35:22,733] {processor.py:171} INFO - Processing /home/airflow/.local/lib/python3.7/site-packages/airflow/example_dags/tutorial_taskflow_api_etl.py took 0.469 seconds
[2022-01-09 11:35:52,943] {processor.py:163} INFO - Started process (PID=3994) to work on /home/airflow/.local/lib/python3.7/site-packages/airflow/example_dags/tutorial_taskflow_api_etl.py
[2022-01-09 11:35:52,944] {processor.py:625} INFO - Processing file /home/airflow/.local/lib/python3.7/site-packages/airflow/example_dags/tutorial_taskflow_api_etl.py for tasks to queue
[2022-01-09 11:35:52,945] {logging_mixin.py:109} INFO - [2022-01-09 11:35:52,945] {dagbag.py:500} INFO - Filling up the DagBag from /home/airflow/.local/lib/python3.7/site-packages/airflow/example_dags/tutorial_taskflow_api_etl.py
[2022-01-09 11:35:52,973] {processor.py:637} INFO - DAG(s) dict_keys(['tutorial_taskflow_api_etl']) retrieved from /home/airflow/.local/lib/python3.7/site-packages/airflow/example_dags/tutorial_taskflow_api_etl.py
[2022-01-09 11:35:53,398] {logging_mixin.py:109} INFO - [2022-01-09 11:35:53,397] {dag.py:2396} INFO - Sync 1 DAGs
[2022-01-09 11:35:53,420] {logging_mixin.py:109} INFO - [2022-01-09 11:35:53,419] {dag.py:2928} INFO - Setting next_dagrun for tutorial_taskflow_api_etl to None
[2022-01-09 11:35:53,445] {processor.py:171} INFO - Processing /home/airflow/.local/lib/python3.7/site-packages/airflow/example_dags/tutorial_taskflow_api_etl.py took 0.505 seconds
[2022-01-09 11:36:24,277] {processor.py:163} INFO - Started process (PID=4056) to work on /home/airflow/.local/lib/python3.7/site-packages/airflow/example_dags/tutorial_taskflow_api_etl.py
[2022-01-09 11:36:24,279] {processor.py:625} INFO - Processing file /home/airflow/.local/lib/python3.7/site-packages/airflow/example_dags/tutorial_taskflow_api_etl.py for tasks to queue
[2022-01-09 11:36:24,280] {logging_mixin.py:109} INFO - [2022-01-09 11:36:24,280] {dagbag.py:500} INFO - Filling up the DagBag from /home/airflow/.local/lib/python3.7/site-packages/airflow/example_dags/tutorial_taskflow_api_etl.py
[2022-01-09 11:36:24,329] {processor.py:637} INFO - DAG(s) dict_keys(['tutorial_taskflow_api_etl']) retrieved from /home/airflow/.local/lib/python3.7/site-packages/airflow/example_dags/tutorial_taskflow_api_etl.py
[2022-01-09 11:36:24,342] {logging_mixin.py:109} INFO - [2022-01-09 11:36:24,342] {dag.py:2396} INFO - Sync 1 DAGs
[2022-01-09 11:36:24,380] {logging_mixin.py:109} INFO - [2022-01-09 11:36:24,380] {dag.py:2928} INFO - Setting next_dagrun for tutorial_taskflow_api_etl to None
[2022-01-09 11:36:24,400] {processor.py:171} INFO - Processing /home/airflow/.local/lib/python3.7/site-packages/airflow/example_dags/tutorial_taskflow_api_etl.py took 0.126 seconds
[2022-01-09 11:36:54,810] {processor.py:163} INFO - Started process (PID=4117) to work on /home/airflow/.local/lib/python3.7/site-packages/airflow/example_dags/tutorial_taskflow_api_etl.py
[2022-01-09 11:36:54,811] {processor.py:625} INFO - Processing file /home/airflow/.local/lib/python3.7/site-packages/airflow/example_dags/tutorial_taskflow_api_etl.py for tasks to queue
[2022-01-09 11:36:54,812] {logging_mixin.py:109} INFO - [2022-01-09 11:36:54,812] {dagbag.py:500} INFO - Filling up the DagBag from /home/airflow/.local/lib/python3.7/site-packages/airflow/example_dags/tutorial_taskflow_api_etl.py
[2022-01-09 11:36:54,846] {processor.py:637} INFO - DAG(s) dict_keys(['tutorial_taskflow_api_etl']) retrieved from /home/airflow/.local/lib/python3.7/site-packages/airflow/example_dags/tutorial_taskflow_api_etl.py
[2022-01-09 11:36:55,154] {logging_mixin.py:109} INFO - [2022-01-09 11:36:55,154] {dag.py:2396} INFO - Sync 1 DAGs
[2022-01-09 11:36:55,167] {logging_mixin.py:109} INFO - [2022-01-09 11:36:55,167] {dag.py:2928} INFO - Setting next_dagrun for tutorial_taskflow_api_etl to None
[2022-01-09 11:36:55,179] {processor.py:171} INFO - Processing /home/airflow/.local/lib/python3.7/site-packages/airflow/example_dags/tutorial_taskflow_api_etl.py took 0.373 seconds
