[2021-12-08 14:53:46,635] {taskinstance.py:1035} INFO - Dependencies all met for <TaskInstance: cpp_workflow.pre_process scheduled__2021-09-04T00:00:00+00:00 [queued]>
[2021-12-08 14:53:46,679] {taskinstance.py:1035} INFO - Dependencies all met for <TaskInstance: cpp_workflow.pre_process scheduled__2021-09-04T00:00:00+00:00 [queued]>
[2021-12-08 14:53:46,680] {taskinstance.py:1241} INFO - 
--------------------------------------------------------------------------------
[2021-12-08 14:53:46,690] {taskinstance.py:1242} INFO - Starting attempt 1 of 1
[2021-12-08 14:53:46,714] {taskinstance.py:1243} INFO - 
--------------------------------------------------------------------------------
[2021-12-08 14:53:46,816] {taskinstance.py:1262} INFO - Executing <Task(PythonOperator): pre_process> on 2021-09-04 00:00:00+00:00
[2021-12-08 14:53:46,865] {standard_task_runner.py:52} INFO - Started process 393 to run task
[2021-12-08 14:53:46,881] {standard_task_runner.py:76} INFO - Running: ['***', 'tasks', 'run', 'cpp_workflow', 'pre_process', 'scheduled__2021-09-04T00:00:00+00:00', '--job-id', '247', '--raw', '--subdir', 'DAGS_FOLDER/first_dag.py', '--cfg-path', '/tmp/tmp40gtmmk1', '--error-file', '/tmp/tmpnywt1fqe']
[2021-12-08 14:53:46,891] {standard_task_runner.py:77} INFO - Job 247: Subtask pre_process
[2021-12-08 14:53:47,286] {logging_mixin.py:109} INFO - Running <TaskInstance: cpp_workflow.pre_process scheduled__2021-09-04T00:00:00+00:00 [running]> on host 8edf9af2b560
[2021-12-08 14:53:47,551] {taskinstance.py:1429} INFO - Exporting the following env vars:
AIRFLOW_CTX_DAG_OWNER=***
AIRFLOW_CTX_DAG_ID=cpp_workflow
AIRFLOW_CTX_TASK_ID=pre_process
AIRFLOW_CTX_EXECUTION_DATE=2021-09-04T00:00:00+00:00
AIRFLOW_CTX_DAG_RUN_ID=scheduled__2021-09-04T00:00:00+00:00
[2021-12-08 14:54:18,997] {local_task_job.py:154} INFO - Task exited with return code Negsignal.SIGKILL
[2021-12-08 14:54:19,309] {taskinstance.py:1280} INFO - Marking task as FAILED. dag_id=cpp_workflow, task_id=pre_process, execution_date=20210904T000000, start_date=20211208T145346, end_date=20211208T145419
[2021-12-08 14:54:19,447] {local_task_job.py:264} INFO - 0 downstream tasks scheduled from follow-on schedule check
