[2021-12-09 00:27:57,327] {taskinstance.py:1035} INFO - Dependencies all met for <TaskInstance: cpp_workflow.check_mediaPrepareFile manual__2021-12-09T00:27:54.597049+00:00 [queued]>
[2021-12-09 00:27:57,346] {taskinstance.py:1035} INFO - Dependencies all met for <TaskInstance: cpp_workflow.check_mediaPrepareFile manual__2021-12-09T00:27:54.597049+00:00 [queued]>
[2021-12-09 00:27:57,346] {taskinstance.py:1241} INFO - 
--------------------------------------------------------------------------------
[2021-12-09 00:27:57,347] {taskinstance.py:1242} INFO - Starting attempt 1 of 3
[2021-12-09 00:27:57,347] {taskinstance.py:1243} INFO - 
--------------------------------------------------------------------------------
[2021-12-09 00:27:57,370] {taskinstance.py:1262} INFO - Executing <Task(BashOperator): check_mediaPrepareFile> on 2021-12-09 00:27:54.597049+00:00
[2021-12-09 00:27:57,379] {standard_task_runner.py:52} INFO - Started process 9512 to run task
[2021-12-09 00:27:57,385] {standard_task_runner.py:76} INFO - Running: ['***', 'tasks', 'run', 'cpp_workflow', 'check_mediaPrepareFile', 'manual__2021-12-09T00:27:54.597049+00:00', '--job-id', '719', '--raw', '--subdir', 'DAGS_FOLDER/first_dag.py', '--cfg-path', '/tmp/tmpin0bdra5', '--error-file', '/tmp/tmp_baaopt2']
[2021-12-09 00:27:57,388] {standard_task_runner.py:77} INFO - Job 719: Subtask check_mediaPrepareFile
[2021-12-09 00:27:57,469] {logging_mixin.py:109} INFO - Running <TaskInstance: cpp_workflow.check_mediaPrepareFile manual__2021-12-09T00:27:54.597049+00:00 [running]> on host b5fd0372bf6e
[2021-12-09 00:27:57,614] {taskinstance.py:1429} INFO - Exporting the following env vars:
AIRFLOW_CTX_DAG_OWNER=***
AIRFLOW_CTX_DAG_ID=cpp_workflow
AIRFLOW_CTX_TASK_ID=check_mediaPrepareFile
AIRFLOW_CTX_EXECUTION_DATE=2021-12-09T00:27:54.597049+00:00
AIRFLOW_CTX_DAG_RUN_ID=manual__2021-12-09T00:27:54.597049+00:00
[2021-12-09 00:27:57,619] {subprocess.py:62} INFO - Tmp dir root location: 
 /tmp
[2021-12-09 00:27:57,621] {subprocess.py:74} INFO - Running command: ['bash', '-c', 'sha256sum /opt/***/official_data/MediaPrepare.csv']
[2021-12-09 00:27:57,664] {subprocess.py:85} INFO - Output:
[2021-12-09 00:27:57,709] {subprocess.py:89} INFO - 0b00e35412b4279caf7dae04510ba6b449d6c8ca17b4a4622c5d7280c03de385  /opt/***/official_data/MediaPrepare.csv
[2021-12-09 00:27:57,710] {subprocess.py:93} INFO - Command exited with return code 0
[2021-12-09 00:27:57,781] {taskinstance.py:1280} INFO - Marking task as SUCCESS. dag_id=cpp_workflow, task_id=check_mediaPrepareFile, execution_date=20211209T002754, start_date=20211209T002757, end_date=20211209T002757
[2021-12-09 00:27:57,848] {local_task_job.py:154} INFO - Task exited with return code 0
[2021-12-09 00:27:57,937] {local_task_job.py:264} INFO - 0 downstream tasks scheduled from follow-on schedule check
