[2022-01-02 18:37:24,741] {taskinstance.py:1035} INFO - Dependencies all met for <TaskInstance: cpp_workflow.check_file_changes manual__2022-01-02T18:37:22.208141+00:00 [queued]>
[2022-01-02 18:37:24,764] {taskinstance.py:1035} INFO - Dependencies all met for <TaskInstance: cpp_workflow.check_file_changes manual__2022-01-02T18:37:22.208141+00:00 [queued]>
[2022-01-02 18:37:24,765] {taskinstance.py:1241} INFO - 
--------------------------------------------------------------------------------
[2022-01-02 18:37:24,766] {taskinstance.py:1242} INFO - Starting attempt 1 of 1
[2022-01-02 18:37:24,767] {taskinstance.py:1243} INFO - 
--------------------------------------------------------------------------------
[2022-01-02 18:37:24,790] {taskinstance.py:1262} INFO - Executing <Task(PythonOperator): check_file_changes> on 2022-01-02 18:37:22.208141+00:00
[2022-01-02 18:37:24,795] {standard_task_runner.py:52} INFO - Started process 11244 to run task
[2022-01-02 18:37:24,801] {standard_task_runner.py:76} INFO - Running: ['***', 'tasks', 'run', 'cpp_workflow', 'check_file_changes', 'manual__2022-01-02T18:37:22.208141+00:00', '--job-id', '1839', '--raw', '--subdir', 'DAGS_FOLDER/first_dag.py', '--cfg-path', '/tmp/tmp3xmdpefg', '--error-file', '/tmp/tmptw36owx1']
[2022-01-02 18:37:24,803] {standard_task_runner.py:77} INFO - Job 1839: Subtask check_file_changes
[2022-01-02 18:37:24,880] {logging_mixin.py:109} INFO - Running <TaskInstance: cpp_workflow.check_file_changes manual__2022-01-02T18:37:22.208141+00:00 [running]> on host 218df5ddc363
[2022-01-02 18:37:24,988] {taskinstance.py:1429} INFO - Exporting the following env vars:
AIRFLOW_CTX_DAG_OWNER=***
AIRFLOW_CTX_DAG_ID=cpp_workflow
AIRFLOW_CTX_TASK_ID=check_file_changes
AIRFLOW_CTX_EXECUTION_DATE=2022-01-02T18:37:22.208141+00:00
AIRFLOW_CTX_DAG_RUN_ID=manual__2022-01-02T18:37:22.208141+00:00
[2022-01-02 18:38:07,051] {python.py:152} INFO - Done. Returned value was: None
[2022-01-02 18:38:07,070] {taskinstance.py:1280} INFO - Marking task as SUCCESS. dag_id=cpp_workflow, task_id=check_file_changes, execution_date=20220102T183722, start_date=20220102T183724, end_date=20220102T183807
[2022-01-02 18:38:07,139] {local_task_job.py:154} INFO - Task exited with return code 0
[2022-01-02 18:38:07,200] {local_task_job.py:264} INFO - 3 downstream tasks scheduled from follow-on schedule check
