[2021-12-09 13:22:29,980] {taskinstance.py:1035} INFO - Dependencies all met for <TaskInstance: cpp_workflow.check_imageFile manual__2021-12-09T13:22:25.696338+00:00 [queued]>
[2021-12-09 13:22:30,000] {taskinstance.py:1035} INFO - Dependencies all met for <TaskInstance: cpp_workflow.check_imageFile manual__2021-12-09T13:22:25.696338+00:00 [queued]>
[2021-12-09 13:22:30,001] {taskinstance.py:1241} INFO - 
--------------------------------------------------------------------------------
[2021-12-09 13:22:30,002] {taskinstance.py:1242} INFO - Starting attempt 1 of 3
[2021-12-09 13:22:30,002] {taskinstance.py:1243} INFO - 
--------------------------------------------------------------------------------
[2021-12-09 13:22:30,022] {taskinstance.py:1262} INFO - Executing <Task(BashOperator): check_imageFile> on 2021-12-09 13:22:25.696338+00:00
[2021-12-09 13:22:30,031] {standard_task_runner.py:52} INFO - Started process 240 to run task
[2021-12-09 13:22:30,038] {standard_task_runner.py:76} INFO - Running: ['***', 'tasks', 'run', 'cpp_workflow', 'check_imageFile', 'manual__2021-12-09T13:22:25.696338+00:00', '--job-id', '787', '--raw', '--subdir', 'DAGS_FOLDER/first_dag.py', '--cfg-path', '/tmp/tmpbkas6j9h', '--error-file', '/tmp/tmp3zac4epj']
[2021-12-09 13:22:30,040] {standard_task_runner.py:77} INFO - Job 787: Subtask check_imageFile
[2021-12-09 13:22:30,134] {logging_mixin.py:109} INFO - Running <TaskInstance: cpp_workflow.check_imageFile manual__2021-12-09T13:22:25.696338+00:00 [running]> on host 37db090f9774
[2021-12-09 13:22:30,298] {taskinstance.py:1429} INFO - Exporting the following env vars:
AIRFLOW_CTX_DAG_OWNER=***
AIRFLOW_CTX_DAG_ID=cpp_workflow
AIRFLOW_CTX_TASK_ID=check_imageFile
AIRFLOW_CTX_EXECUTION_DATE=2021-12-09T13:22:25.696338+00:00
AIRFLOW_CTX_DAG_RUN_ID=manual__2021-12-09T13:22:25.696338+00:00
[2021-12-09 13:22:30,303] {subprocess.py:62} INFO - Tmp dir root location: 
 /tmp
[2021-12-09 13:22:30,304] {subprocess.py:74} INFO - Running command: ['bash', '-c', 'sha256sum /opt/***/official_data/Image.csv']
[2021-12-09 13:22:30,341] {subprocess.py:85} INFO - Output:
[2021-12-09 13:22:30,352] {subprocess.py:89} INFO - e891870a24e5a22c9520c5d417af923366083a3617288cafa3cc18e3fed77b11  /opt/***/official_data/Image.csv
[2021-12-09 13:22:30,353] {subprocess.py:93} INFO - Command exited with return code 0
[2021-12-09 13:22:30,422] {taskinstance.py:1280} INFO - Marking task as SUCCESS. dag_id=cpp_workflow, task_id=check_imageFile, execution_date=20211209T132225, start_date=20211209T132229, end_date=20211209T132230
[2021-12-09 13:22:30,501] {local_task_job.py:154} INFO - Task exited with return code 0
[2021-12-09 13:22:30,582] {local_task_job.py:264} INFO - 0 downstream tasks scheduled from follow-on schedule check
