[2021-12-09 00:45:51,142] {taskinstance.py:1035} INFO - Dependencies all met for <TaskInstance: cpp_workflow.pre_process manual__2021-12-09T00:45:44.313141+00:00 [queued]>
[2021-12-09 00:45:51,158] {taskinstance.py:1035} INFO - Dependencies all met for <TaskInstance: cpp_workflow.pre_process manual__2021-12-09T00:45:44.313141+00:00 [queued]>
[2021-12-09 00:45:51,159] {taskinstance.py:1241} INFO - 
--------------------------------------------------------------------------------
[2021-12-09 00:45:51,159] {taskinstance.py:1242} INFO - Starting attempt 1 of 1
[2021-12-09 00:45:51,159] {taskinstance.py:1243} INFO - 
--------------------------------------------------------------------------------
[2021-12-09 00:45:51,179] {taskinstance.py:1262} INFO - Executing <Task(PythonOperator): pre_process> on 2021-12-09 00:45:44.313141+00:00
[2021-12-09 00:45:51,194] {standard_task_runner.py:52} INFO - Started process 10424 to run task
[2021-12-09 00:45:51,204] {standard_task_runner.py:76} INFO - Running: ['***', 'tasks', 'run', 'cpp_workflow', 'pre_process', 'manual__2021-12-09T00:45:44.313141+00:00', '--job-id', '767', '--raw', '--subdir', 'DAGS_FOLDER/first_dag.py', '--cfg-path', '/tmp/tmpgragwlod', '--error-file', '/tmp/tmpgj75wu7a']
[2021-12-09 00:45:51,205] {standard_task_runner.py:77} INFO - Job 767: Subtask pre_process
[2021-12-09 00:45:51,330] {logging_mixin.py:109} INFO - Running <TaskInstance: cpp_workflow.pre_process manual__2021-12-09T00:45:44.313141+00:00 [running]> on host b5fd0372bf6e
[2021-12-09 00:45:51,429] {taskinstance.py:1429} INFO - Exporting the following env vars:
AIRFLOW_CTX_DAG_OWNER=***
AIRFLOW_CTX_DAG_ID=cpp_workflow
AIRFLOW_CTX_TASK_ID=pre_process
AIRFLOW_CTX_EXECUTION_DATE=2021-12-09T00:45:44.313141+00:00
AIRFLOW_CTX_DAG_RUN_ID=manual__2021-12-09T00:45:44.313141+00:00
[2021-12-09 00:45:51,508] {python.py:152} INFO - Done. Returned value was: None
[2021-12-09 00:45:51,529] {taskinstance.py:1280} INFO - Marking task as SUCCESS. dag_id=cpp_workflow, task_id=pre_process, execution_date=20211209T004544, start_date=20211209T004551, end_date=20211209T004551
[2021-12-09 00:45:51,573] {local_task_job.py:154} INFO - Task exited with return code 0
[2021-12-09 00:45:51,639] {local_task_job.py:264} INFO - 1 downstream tasks scheduled from follow-on schedule check
