[2021-12-24 10:57:10,228] {processor.py:163} INFO - Started process (PID=85) to work on /home/airflow/.local/lib/python3.7/site-packages/airflow/example_dags/example_complex.py
[2021-12-24 10:57:10,243] {processor.py:625} INFO - Processing file /home/airflow/.local/lib/python3.7/site-packages/airflow/example_dags/example_complex.py for tasks to queue
[2021-12-24 10:57:10,252] {logging_mixin.py:109} INFO - [2021-12-24 10:57:10,251] {dagbag.py:500} INFO - Filling up the DagBag from /home/airflow/.local/lib/python3.7/site-packages/airflow/example_dags/example_complex.py
[2021-12-24 10:57:10,450] {processor.py:637} INFO - DAG(s) dict_keys(['example_complex']) retrieved from /home/airflow/.local/lib/python3.7/site-packages/airflow/example_dags/example_complex.py
[2021-12-24 10:57:10,563] {logging_mixin.py:109} INFO - [2021-12-24 10:57:10,563] {dag.py:2396} INFO - Sync 1 DAGs
[2021-12-24 10:57:10,653] {logging_mixin.py:109} INFO - [2021-12-24 10:57:10,653] {dag.py:2928} INFO - Setting next_dagrun for example_complex to None
[2021-12-24 10:57:10,753] {processor.py:171} INFO - Processing /home/airflow/.local/lib/python3.7/site-packages/airflow/example_dags/example_complex.py took 0.553 seconds
[2021-12-24 18:37:39,749] {processor.py:163} INFO - Started process (PID=53) to work on /home/airflow/.local/lib/python3.7/site-packages/airflow/example_dags/example_complex.py
[2021-12-24 18:37:39,751] {processor.py:625} INFO - Processing file /home/airflow/.local/lib/python3.7/site-packages/airflow/example_dags/example_complex.py for tasks to queue
[2021-12-24 18:37:39,753] {logging_mixin.py:109} INFO - [2021-12-24 18:37:39,753] {dagbag.py:500} INFO - Filling up the DagBag from /home/airflow/.local/lib/python3.7/site-packages/airflow/example_dags/example_complex.py
[2021-12-24 18:37:39,826] {processor.py:637} INFO - DAG(s) dict_keys(['example_complex']) retrieved from /home/airflow/.local/lib/python3.7/site-packages/airflow/example_dags/example_complex.py
[2021-12-24 18:37:39,875] {logging_mixin.py:109} INFO - [2021-12-24 18:37:39,875] {dag.py:2396} INFO - Sync 1 DAGs
[2021-12-24 18:37:39,914] {logging_mixin.py:109} INFO - [2021-12-24 18:37:39,914] {dag.py:2928} INFO - Setting next_dagrun for example_complex to None
[2021-12-24 18:37:39,934] {processor.py:171} INFO - Processing /home/airflow/.local/lib/python3.7/site-packages/airflow/example_dags/example_complex.py took 0.192 seconds
[2021-12-24 18:38:12,098] {processor.py:163} INFO - Started process (PID=115) to work on /home/airflow/.local/lib/python3.7/site-packages/airflow/example_dags/example_complex.py
[2021-12-24 18:38:12,103] {processor.py:625} INFO - Processing file /home/airflow/.local/lib/python3.7/site-packages/airflow/example_dags/example_complex.py for tasks to queue
[2021-12-24 18:38:12,107] {logging_mixin.py:109} INFO - [2021-12-24 18:38:12,106] {dagbag.py:500} INFO - Filling up the DagBag from /home/airflow/.local/lib/python3.7/site-packages/airflow/example_dags/example_complex.py
[2021-12-24 18:38:12,283] {processor.py:637} INFO - DAG(s) dict_keys(['example_complex']) retrieved from /home/airflow/.local/lib/python3.7/site-packages/airflow/example_dags/example_complex.py
[2021-12-24 18:38:12,338] {logging_mixin.py:109} INFO - [2021-12-24 18:38:12,338] {dag.py:2396} INFO - Sync 1 DAGs
[2021-12-24 18:38:12,404] {logging_mixin.py:109} INFO - [2021-12-24 18:38:12,403] {dag.py:2928} INFO - Setting next_dagrun for example_complex to None
[2021-12-24 18:38:12,434] {processor.py:171} INFO - Processing /home/airflow/.local/lib/python3.7/site-packages/airflow/example_dags/example_complex.py took 0.347 seconds
[2021-12-24 18:38:42,871] {processor.py:163} INFO - Started process (PID=186) to work on /home/airflow/.local/lib/python3.7/site-packages/airflow/example_dags/example_complex.py
[2021-12-24 18:38:42,873] {processor.py:625} INFO - Processing file /home/airflow/.local/lib/python3.7/site-packages/airflow/example_dags/example_complex.py for tasks to queue
[2021-12-24 18:38:42,874] {logging_mixin.py:109} INFO - [2021-12-24 18:38:42,874] {dagbag.py:500} INFO - Filling up the DagBag from /home/airflow/.local/lib/python3.7/site-packages/airflow/example_dags/example_complex.py
[2021-12-24 18:38:42,931] {processor.py:637} INFO - DAG(s) dict_keys(['example_complex']) retrieved from /home/airflow/.local/lib/python3.7/site-packages/airflow/example_dags/example_complex.py
[2021-12-24 18:38:42,953] {logging_mixin.py:109} INFO - [2021-12-24 18:38:42,953] {dag.py:2396} INFO - Sync 1 DAGs
[2021-12-24 18:38:42,974] {logging_mixin.py:109} INFO - [2021-12-24 18:38:42,974] {dag.py:2928} INFO - Setting next_dagrun for example_complex to None
[2021-12-24 18:38:42,988] {processor.py:171} INFO - Processing /home/airflow/.local/lib/python3.7/site-packages/airflow/example_dags/example_complex.py took 0.122 seconds
[2021-12-24 18:39:13,175] {processor.py:163} INFO - Started process (PID=248) to work on /home/airflow/.local/lib/python3.7/site-packages/airflow/example_dags/example_complex.py
[2021-12-24 18:39:13,178] {processor.py:625} INFO - Processing file /home/airflow/.local/lib/python3.7/site-packages/airflow/example_dags/example_complex.py for tasks to queue
[2021-12-24 18:39:13,179] {logging_mixin.py:109} INFO - [2021-12-24 18:39:13,179] {dagbag.py:500} INFO - Filling up the DagBag from /home/airflow/.local/lib/python3.7/site-packages/airflow/example_dags/example_complex.py
[2021-12-24 18:39:13,247] {processor.py:637} INFO - DAG(s) dict_keys(['example_complex']) retrieved from /home/airflow/.local/lib/python3.7/site-packages/airflow/example_dags/example_complex.py
[2021-12-24 18:39:13,284] {logging_mixin.py:109} INFO - [2021-12-24 18:39:13,284] {dag.py:2396} INFO - Sync 1 DAGs
[2021-12-24 18:39:13,315] {logging_mixin.py:109} INFO - [2021-12-24 18:39:13,315] {dag.py:2928} INFO - Setting next_dagrun for example_complex to None
[2021-12-24 18:39:13,334] {processor.py:171} INFO - Processing /home/airflow/.local/lib/python3.7/site-packages/airflow/example_dags/example_complex.py took 0.164 seconds
[2021-12-24 18:39:43,731] {processor.py:163} INFO - Started process (PID=301) to work on /home/airflow/.local/lib/python3.7/site-packages/airflow/example_dags/example_complex.py
[2021-12-24 18:39:43,733] {processor.py:625} INFO - Processing file /home/airflow/.local/lib/python3.7/site-packages/airflow/example_dags/example_complex.py for tasks to queue
[2021-12-24 18:39:43,735] {logging_mixin.py:109} INFO - [2021-12-24 18:39:43,735] {dagbag.py:500} INFO - Filling up the DagBag from /home/airflow/.local/lib/python3.7/site-packages/airflow/example_dags/example_complex.py
[2021-12-24 18:39:43,800] {processor.py:637} INFO - DAG(s) dict_keys(['example_complex']) retrieved from /home/airflow/.local/lib/python3.7/site-packages/airflow/example_dags/example_complex.py
[2021-12-24 18:39:43,830] {logging_mixin.py:109} INFO - [2021-12-24 18:39:43,830] {dag.py:2396} INFO - Sync 1 DAGs
[2021-12-24 18:39:43,856] {logging_mixin.py:109} INFO - [2021-12-24 18:39:43,856] {dag.py:2928} INFO - Setting next_dagrun for example_complex to None
[2021-12-24 18:39:43,871] {processor.py:171} INFO - Processing /home/airflow/.local/lib/python3.7/site-packages/airflow/example_dags/example_complex.py took 0.145 seconds
[2021-12-24 18:40:14,485] {processor.py:163} INFO - Started process (PID=363) to work on /home/airflow/.local/lib/python3.7/site-packages/airflow/example_dags/example_complex.py
[2021-12-24 18:40:14,487] {processor.py:625} INFO - Processing file /home/airflow/.local/lib/python3.7/site-packages/airflow/example_dags/example_complex.py for tasks to queue
[2021-12-24 18:40:14,489] {logging_mixin.py:109} INFO - [2021-12-24 18:40:14,489] {dagbag.py:500} INFO - Filling up the DagBag from /home/airflow/.local/lib/python3.7/site-packages/airflow/example_dags/example_complex.py
[2021-12-24 18:40:14,560] {processor.py:637} INFO - DAG(s) dict_keys(['example_complex']) retrieved from /home/airflow/.local/lib/python3.7/site-packages/airflow/example_dags/example_complex.py
[2021-12-24 18:40:14,605] {logging_mixin.py:109} INFO - [2021-12-24 18:40:14,605] {dag.py:2396} INFO - Sync 1 DAGs
[2021-12-24 18:40:14,650] {logging_mixin.py:109} INFO - [2021-12-24 18:40:14,650] {dag.py:2928} INFO - Setting next_dagrun for example_complex to None
[2021-12-24 18:40:14,679] {processor.py:171} INFO - Processing /home/airflow/.local/lib/python3.7/site-packages/airflow/example_dags/example_complex.py took 0.199 seconds
[2021-12-24 18:40:44,850] {processor.py:163} INFO - Started process (PID=424) to work on /home/airflow/.local/lib/python3.7/site-packages/airflow/example_dags/example_complex.py
[2021-12-24 18:40:44,853] {processor.py:625} INFO - Processing file /home/airflow/.local/lib/python3.7/site-packages/airflow/example_dags/example_complex.py for tasks to queue
[2021-12-24 18:40:44,855] {logging_mixin.py:109} INFO - [2021-12-24 18:40:44,854] {dagbag.py:500} INFO - Filling up the DagBag from /home/airflow/.local/lib/python3.7/site-packages/airflow/example_dags/example_complex.py
[2021-12-24 18:40:44,923] {processor.py:637} INFO - DAG(s) dict_keys(['example_complex']) retrieved from /home/airflow/.local/lib/python3.7/site-packages/airflow/example_dags/example_complex.py
[2021-12-24 18:40:44,962] {logging_mixin.py:109} INFO - [2021-12-24 18:40:44,962] {dag.py:2396} INFO - Sync 1 DAGs
[2021-12-24 18:40:45,000] {logging_mixin.py:109} INFO - [2021-12-24 18:40:45,000] {dag.py:2928} INFO - Setting next_dagrun for example_complex to None
[2021-12-24 18:40:45,019] {processor.py:171} INFO - Processing /home/airflow/.local/lib/python3.7/site-packages/airflow/example_dags/example_complex.py took 0.173 seconds
[2021-12-24 18:41:15,291] {processor.py:163} INFO - Started process (PID=485) to work on /home/airflow/.local/lib/python3.7/site-packages/airflow/example_dags/example_complex.py
[2021-12-24 18:41:15,302] {processor.py:625} INFO - Processing file /home/airflow/.local/lib/python3.7/site-packages/airflow/example_dags/example_complex.py for tasks to queue
[2021-12-24 18:41:15,314] {logging_mixin.py:109} INFO - [2021-12-24 18:41:15,314] {dagbag.py:500} INFO - Filling up the DagBag from /home/airflow/.local/lib/python3.7/site-packages/airflow/example_dags/example_complex.py
[2021-12-24 18:41:15,456] {processor.py:637} INFO - DAG(s) dict_keys(['example_complex']) retrieved from /home/airflow/.local/lib/python3.7/site-packages/airflow/example_dags/example_complex.py
[2021-12-24 18:41:15,507] {logging_mixin.py:109} INFO - [2021-12-24 18:41:15,500] {dag.py:2396} INFO - Sync 1 DAGs
[2021-12-24 18:41:15,547] {logging_mixin.py:109} INFO - [2021-12-24 18:41:15,547] {dag.py:2928} INFO - Setting next_dagrun for example_complex to None
[2021-12-24 18:41:15,620] {processor.py:171} INFO - Processing /home/airflow/.local/lib/python3.7/site-packages/airflow/example_dags/example_complex.py took 0.334 seconds
[2021-12-24 18:41:45,962] {processor.py:163} INFO - Started process (PID=546) to work on /home/airflow/.local/lib/python3.7/site-packages/airflow/example_dags/example_complex.py
[2021-12-24 18:41:45,973] {processor.py:625} INFO - Processing file /home/airflow/.local/lib/python3.7/site-packages/airflow/example_dags/example_complex.py for tasks to queue
[2021-12-24 18:41:45,975] {logging_mixin.py:109} INFO - [2021-12-24 18:41:45,975] {dagbag.py:500} INFO - Filling up the DagBag from /home/airflow/.local/lib/python3.7/site-packages/airflow/example_dags/example_complex.py
[2021-12-24 18:41:46,072] {processor.py:637} INFO - DAG(s) dict_keys(['example_complex']) retrieved from /home/airflow/.local/lib/python3.7/site-packages/airflow/example_dags/example_complex.py
[2021-12-24 18:41:46,122] {logging_mixin.py:109} INFO - [2021-12-24 18:41:46,122] {dag.py:2396} INFO - Sync 1 DAGs
[2021-12-24 18:41:46,167] {logging_mixin.py:109} INFO - [2021-12-24 18:41:46,166] {dag.py:2928} INFO - Setting next_dagrun for example_complex to None
[2021-12-24 18:41:46,194] {processor.py:171} INFO - Processing /home/airflow/.local/lib/python3.7/site-packages/airflow/example_dags/example_complex.py took 0.238 seconds
