[2021-12-24 10:57:11,319] {processor.py:163} INFO - Started process (PID=86) to work on /home/airflow/.local/lib/python3.7/site-packages/airflow/example_dags/example_kubernetes_executor_config.py
[2021-12-24 10:57:11,331] {processor.py:625} INFO - Processing file /home/airflow/.local/lib/python3.7/site-packages/airflow/example_dags/example_kubernetes_executor_config.py for tasks to queue
[2021-12-24 10:57:11,335] {logging_mixin.py:109} INFO - [2021-12-24 10:57:11,335] {dagbag.py:500} INFO - Filling up the DagBag from /home/airflow/.local/lib/python3.7/site-packages/airflow/example_dags/example_kubernetes_executor_config.py
[2021-12-24 10:57:11,559] {processor.py:637} INFO - DAG(s) dict_keys(['example_kubernetes_executor_config']) retrieved from /home/airflow/.local/lib/python3.7/site-packages/airflow/example_dags/example_kubernetes_executor_config.py
[2021-12-24 10:57:11,734] {logging_mixin.py:109} INFO - [2021-12-24 10:57:11,734] {dag.py:2396} INFO - Sync 1 DAGs
[2021-12-24 10:57:11,878] {logging_mixin.py:109} INFO - [2021-12-24 10:57:11,878] {dag.py:2928} INFO - Setting next_dagrun for example_kubernetes_executor_config to None
[2021-12-24 10:57:11,972] {processor.py:171} INFO - Processing /home/airflow/.local/lib/python3.7/site-packages/airflow/example_dags/example_kubernetes_executor_config.py took 0.670 seconds
[2021-12-24 18:37:39,963] {processor.py:163} INFO - Started process (PID=54) to work on /home/airflow/.local/lib/python3.7/site-packages/airflow/example_dags/example_kubernetes_executor_config.py
[2021-12-24 18:37:39,965] {processor.py:625} INFO - Processing file /home/airflow/.local/lib/python3.7/site-packages/airflow/example_dags/example_kubernetes_executor_config.py for tasks to queue
[2021-12-24 18:37:39,966] {logging_mixin.py:109} INFO - [2021-12-24 18:37:39,966] {dagbag.py:500} INFO - Filling up the DagBag from /home/airflow/.local/lib/python3.7/site-packages/airflow/example_dags/example_kubernetes_executor_config.py
[2021-12-24 18:37:40,008] {processor.py:637} INFO - DAG(s) dict_keys(['example_kubernetes_executor_config']) retrieved from /home/airflow/.local/lib/python3.7/site-packages/airflow/example_dags/example_kubernetes_executor_config.py
[2021-12-24 18:37:40,029] {logging_mixin.py:109} INFO - [2021-12-24 18:37:40,028] {dag.py:2396} INFO - Sync 1 DAGs
[2021-12-24 18:37:40,060] {logging_mixin.py:109} INFO - [2021-12-24 18:37:40,059] {dag.py:2928} INFO - Setting next_dagrun for example_kubernetes_executor_config to None
[2021-12-24 18:37:40,079] {processor.py:171} INFO - Processing /home/airflow/.local/lib/python3.7/site-packages/airflow/example_dags/example_kubernetes_executor_config.py took 0.121 seconds
[2021-12-24 18:38:12,517] {processor.py:163} INFO - Started process (PID=116) to work on /home/airflow/.local/lib/python3.7/site-packages/airflow/example_dags/example_kubernetes_executor_config.py
[2021-12-24 18:38:12,520] {processor.py:625} INFO - Processing file /home/airflow/.local/lib/python3.7/site-packages/airflow/example_dags/example_kubernetes_executor_config.py for tasks to queue
[2021-12-24 18:38:12,524] {logging_mixin.py:109} INFO - [2021-12-24 18:38:12,523] {dagbag.py:500} INFO - Filling up the DagBag from /home/airflow/.local/lib/python3.7/site-packages/airflow/example_dags/example_kubernetes_executor_config.py
[2021-12-24 18:38:12,569] {processor.py:637} INFO - DAG(s) dict_keys(['example_kubernetes_executor_config']) retrieved from /home/airflow/.local/lib/python3.7/site-packages/airflow/example_dags/example_kubernetes_executor_config.py
[2021-12-24 18:38:12,595] {logging_mixin.py:109} INFO - [2021-12-24 18:38:12,595] {dag.py:2396} INFO - Sync 1 DAGs
[2021-12-24 18:38:12,620] {logging_mixin.py:109} INFO - [2021-12-24 18:38:12,620] {dag.py:2928} INFO - Setting next_dagrun for example_kubernetes_executor_config to None
[2021-12-24 18:38:12,636] {processor.py:171} INFO - Processing /home/airflow/.local/lib/python3.7/site-packages/airflow/example_dags/example_kubernetes_executor_config.py took 0.124 seconds
[2021-12-24 18:38:43,014] {processor.py:163} INFO - Started process (PID=189) to work on /home/airflow/.local/lib/python3.7/site-packages/airflow/example_dags/example_kubernetes_executor_config.py
[2021-12-24 18:38:43,016] {processor.py:625} INFO - Processing file /home/airflow/.local/lib/python3.7/site-packages/airflow/example_dags/example_kubernetes_executor_config.py for tasks to queue
[2021-12-24 18:38:43,017] {logging_mixin.py:109} INFO - [2021-12-24 18:38:43,017] {dagbag.py:500} INFO - Filling up the DagBag from /home/airflow/.local/lib/python3.7/site-packages/airflow/example_dags/example_kubernetes_executor_config.py
[2021-12-24 18:38:43,055] {processor.py:637} INFO - DAG(s) dict_keys(['example_kubernetes_executor_config']) retrieved from /home/airflow/.local/lib/python3.7/site-packages/airflow/example_dags/example_kubernetes_executor_config.py
[2021-12-24 18:38:43,078] {logging_mixin.py:109} INFO - [2021-12-24 18:38:43,077] {dag.py:2396} INFO - Sync 1 DAGs
[2021-12-24 18:38:43,102] {logging_mixin.py:109} INFO - [2021-12-24 18:38:43,102] {dag.py:2928} INFO - Setting next_dagrun for example_kubernetes_executor_config to None
[2021-12-24 18:38:43,120] {processor.py:171} INFO - Processing /home/airflow/.local/lib/python3.7/site-packages/airflow/example_dags/example_kubernetes_executor_config.py took 0.110 seconds
[2021-12-24 18:39:13,376] {processor.py:163} INFO - Started process (PID=249) to work on /home/airflow/.local/lib/python3.7/site-packages/airflow/example_dags/example_kubernetes_executor_config.py
[2021-12-24 18:39:13,380] {processor.py:625} INFO - Processing file /home/airflow/.local/lib/python3.7/site-packages/airflow/example_dags/example_kubernetes_executor_config.py for tasks to queue
[2021-12-24 18:39:13,382] {logging_mixin.py:109} INFO - [2021-12-24 18:39:13,382] {dagbag.py:500} INFO - Filling up the DagBag from /home/airflow/.local/lib/python3.7/site-packages/airflow/example_dags/example_kubernetes_executor_config.py
[2021-12-24 18:39:13,444] {processor.py:637} INFO - DAG(s) dict_keys(['example_kubernetes_executor_config']) retrieved from /home/airflow/.local/lib/python3.7/site-packages/airflow/example_dags/example_kubernetes_executor_config.py
[2021-12-24 18:39:13,469] {logging_mixin.py:109} INFO - [2021-12-24 18:39:13,469] {dag.py:2396} INFO - Sync 1 DAGs
[2021-12-24 18:39:13,500] {logging_mixin.py:109} INFO - [2021-12-24 18:39:13,500] {dag.py:2928} INFO - Setting next_dagrun for example_kubernetes_executor_config to None
[2021-12-24 18:39:13,516] {processor.py:171} INFO - Processing /home/airflow/.local/lib/python3.7/site-packages/airflow/example_dags/example_kubernetes_executor_config.py took 0.151 seconds
[2021-12-24 18:39:43,845] {processor.py:163} INFO - Started process (PID=302) to work on /home/airflow/.local/lib/python3.7/site-packages/airflow/example_dags/example_kubernetes_executor_config.py
[2021-12-24 18:39:43,848] {processor.py:625} INFO - Processing file /home/airflow/.local/lib/python3.7/site-packages/airflow/example_dags/example_kubernetes_executor_config.py for tasks to queue
[2021-12-24 18:39:43,850] {logging_mixin.py:109} INFO - [2021-12-24 18:39:43,850] {dagbag.py:500} INFO - Filling up the DagBag from /home/airflow/.local/lib/python3.7/site-packages/airflow/example_dags/example_kubernetes_executor_config.py
[2021-12-24 18:39:43,899] {processor.py:637} INFO - DAG(s) dict_keys(['example_kubernetes_executor_config']) retrieved from /home/airflow/.local/lib/python3.7/site-packages/airflow/example_dags/example_kubernetes_executor_config.py
[2021-12-24 18:39:43,918] {logging_mixin.py:109} INFO - [2021-12-24 18:39:43,918] {dag.py:2396} INFO - Sync 1 DAGs
[2021-12-24 18:39:43,941] {logging_mixin.py:109} INFO - [2021-12-24 18:39:43,941] {dag.py:2928} INFO - Setting next_dagrun for example_kubernetes_executor_config to None
[2021-12-24 18:39:43,953] {processor.py:171} INFO - Processing /home/airflow/.local/lib/python3.7/site-packages/airflow/example_dags/example_kubernetes_executor_config.py took 0.112 seconds
[2021-12-24 18:40:14,738] {processor.py:163} INFO - Started process (PID=364) to work on /home/airflow/.local/lib/python3.7/site-packages/airflow/example_dags/example_kubernetes_executor_config.py
[2021-12-24 18:40:14,742] {processor.py:625} INFO - Processing file /home/airflow/.local/lib/python3.7/site-packages/airflow/example_dags/example_kubernetes_executor_config.py for tasks to queue
[2021-12-24 18:40:14,745] {logging_mixin.py:109} INFO - [2021-12-24 18:40:14,745] {dagbag.py:500} INFO - Filling up the DagBag from /home/airflow/.local/lib/python3.7/site-packages/airflow/example_dags/example_kubernetes_executor_config.py
[2021-12-24 18:40:14,834] {processor.py:637} INFO - DAG(s) dict_keys(['example_kubernetes_executor_config']) retrieved from /home/airflow/.local/lib/python3.7/site-packages/airflow/example_dags/example_kubernetes_executor_config.py
[2021-12-24 18:40:14,881] {logging_mixin.py:109} INFO - [2021-12-24 18:40:14,881] {dag.py:2396} INFO - Sync 1 DAGs
[2021-12-24 18:40:14,929] {logging_mixin.py:109} INFO - [2021-12-24 18:40:14,928] {dag.py:2928} INFO - Setting next_dagrun for example_kubernetes_executor_config to None
[2021-12-24 18:40:14,956] {processor.py:171} INFO - Processing /home/airflow/.local/lib/python3.7/site-packages/airflow/example_dags/example_kubernetes_executor_config.py took 0.227 seconds
[2021-12-24 18:40:45,066] {processor.py:163} INFO - Started process (PID=425) to work on /home/airflow/.local/lib/python3.7/site-packages/airflow/example_dags/example_kubernetes_executor_config.py
[2021-12-24 18:40:45,068] {processor.py:625} INFO - Processing file /home/airflow/.local/lib/python3.7/site-packages/airflow/example_dags/example_kubernetes_executor_config.py for tasks to queue
[2021-12-24 18:40:45,070] {logging_mixin.py:109} INFO - [2021-12-24 18:40:45,070] {dagbag.py:500} INFO - Filling up the DagBag from /home/airflow/.local/lib/python3.7/site-packages/airflow/example_dags/example_kubernetes_executor_config.py
[2021-12-24 18:40:45,116] {processor.py:637} INFO - DAG(s) dict_keys(['example_kubernetes_executor_config']) retrieved from /home/airflow/.local/lib/python3.7/site-packages/airflow/example_dags/example_kubernetes_executor_config.py
[2021-12-24 18:40:45,136] {logging_mixin.py:109} INFO - [2021-12-24 18:40:45,136] {dag.py:2396} INFO - Sync 1 DAGs
[2021-12-24 18:40:45,165] {logging_mixin.py:109} INFO - [2021-12-24 18:40:45,165] {dag.py:2928} INFO - Setting next_dagrun for example_kubernetes_executor_config to None
[2021-12-24 18:40:45,181] {processor.py:171} INFO - Processing /home/airflow/.local/lib/python3.7/site-packages/airflow/example_dags/example_kubernetes_executor_config.py took 0.121 seconds
[2021-12-24 18:41:15,760] {processor.py:163} INFO - Started process (PID=486) to work on /home/airflow/.local/lib/python3.7/site-packages/airflow/example_dags/example_kubernetes_executor_config.py
[2021-12-24 18:41:15,763] {processor.py:625} INFO - Processing file /home/airflow/.local/lib/python3.7/site-packages/airflow/example_dags/example_kubernetes_executor_config.py for tasks to queue
[2021-12-24 18:41:15,764] {logging_mixin.py:109} INFO - [2021-12-24 18:41:15,764] {dagbag.py:500} INFO - Filling up the DagBag from /home/airflow/.local/lib/python3.7/site-packages/airflow/example_dags/example_kubernetes_executor_config.py
[2021-12-24 18:41:15,874] {processor.py:637} INFO - DAG(s) dict_keys(['example_kubernetes_executor_config']) retrieved from /home/airflow/.local/lib/python3.7/site-packages/airflow/example_dags/example_kubernetes_executor_config.py
[2021-12-24 18:41:15,915] {logging_mixin.py:109} INFO - [2021-12-24 18:41:15,915] {dag.py:2396} INFO - Sync 1 DAGs
[2021-12-24 18:41:15,982] {logging_mixin.py:109} INFO - [2021-12-24 18:41:15,982] {dag.py:2928} INFO - Setting next_dagrun for example_kubernetes_executor_config to None
[2021-12-24 18:41:16,300] {processor.py:171} INFO - Processing /home/airflow/.local/lib/python3.7/site-packages/airflow/example_dags/example_kubernetes_executor_config.py took 0.548 seconds
[2021-12-24 18:41:47,233] {processor.py:163} INFO - Started process (PID=547) to work on /home/airflow/.local/lib/python3.7/site-packages/airflow/example_dags/example_kubernetes_executor_config.py
[2021-12-24 18:41:47,237] {processor.py:625} INFO - Processing file /home/airflow/.local/lib/python3.7/site-packages/airflow/example_dags/example_kubernetes_executor_config.py for tasks to queue
[2021-12-24 18:41:47,239] {logging_mixin.py:109} INFO - [2021-12-24 18:41:47,239] {dagbag.py:500} INFO - Filling up the DagBag from /home/airflow/.local/lib/python3.7/site-packages/airflow/example_dags/example_kubernetes_executor_config.py
[2021-12-24 18:41:47,331] {processor.py:637} INFO - DAG(s) dict_keys(['example_kubernetes_executor_config']) retrieved from /home/airflow/.local/lib/python3.7/site-packages/airflow/example_dags/example_kubernetes_executor_config.py
[2021-12-24 18:41:47,368] {logging_mixin.py:109} INFO - [2021-12-24 18:41:47,367] {dag.py:2396} INFO - Sync 1 DAGs
[2021-12-24 18:41:47,402] {logging_mixin.py:109} INFO - [2021-12-24 18:41:47,402] {dag.py:2928} INFO - Setting next_dagrun for example_kubernetes_executor_config to None
[2021-12-24 18:41:47,421] {processor.py:171} INFO - Processing /home/airflow/.local/lib/python3.7/site-packages/airflow/example_dags/example_kubernetes_executor_config.py took 0.194 seconds
