[2021-12-24 10:57:03,339] {processor.py:163} INFO - Started process (PID=79) to work on /home/airflow/.local/lib/python3.7/site-packages/airflow/example_dags/example_xcom.py
[2021-12-24 10:57:03,345] {processor.py:625} INFO - Processing file /home/airflow/.local/lib/python3.7/site-packages/airflow/example_dags/example_xcom.py for tasks to queue
[2021-12-24 10:57:03,363] {logging_mixin.py:109} INFO - [2021-12-24 10:57:03,363] {dagbag.py:500} INFO - Filling up the DagBag from /home/airflow/.local/lib/python3.7/site-packages/airflow/example_dags/example_xcom.py
[2021-12-24 10:57:03,639] {processor.py:637} INFO - DAG(s) dict_keys(['example_xcom']) retrieved from /home/airflow/.local/lib/python3.7/site-packages/airflow/example_dags/example_xcom.py
[2021-12-24 10:57:07,321] {logging_mixin.py:109} INFO - [2021-12-24 10:57:07,321] {dag.py:2396} INFO - Sync 1 DAGs
[2021-12-24 10:57:07,395] {logging_mixin.py:109} INFO - [2021-12-24 10:57:07,395] {dag.py:2928} INFO - Setting next_dagrun for example_xcom to 2021-01-01T00:00:00+00:00
[2021-12-24 10:57:07,538] {processor.py:171} INFO - Processing /home/airflow/.local/lib/python3.7/site-packages/airflow/example_dags/example_xcom.py took 4.210 seconds
[2021-12-24 10:57:38,214] {processor.py:163} INFO - Started process (PID=128) to work on /home/airflow/.local/lib/python3.7/site-packages/airflow/example_dags/example_xcom.py
[2021-12-24 10:57:38,225] {processor.py:625} INFO - Processing file /home/airflow/.local/lib/python3.7/site-packages/airflow/example_dags/example_xcom.py for tasks to queue
[2021-12-24 10:57:38,236] {logging_mixin.py:109} INFO - [2021-12-24 10:57:38,236] {dagbag.py:500} INFO - Filling up the DagBag from /home/airflow/.local/lib/python3.7/site-packages/airflow/example_dags/example_xcom.py
[2021-12-24 10:57:38,453] {processor.py:637} INFO - DAG(s) dict_keys(['example_xcom']) retrieved from /home/airflow/.local/lib/python3.7/site-packages/airflow/example_dags/example_xcom.py
[2021-12-24 10:57:41,895] {logging_mixin.py:109} INFO - [2021-12-24 10:57:41,895] {dag.py:2396} INFO - Sync 1 DAGs
[2021-12-24 10:57:42,049] {logging_mixin.py:109} INFO - [2021-12-24 10:57:42,049] {dag.py:2928} INFO - Setting next_dagrun for example_xcom to 2021-01-01T00:00:00+00:00
[2021-12-24 18:37:38,513] {processor.py:163} INFO - Started process (PID=47) to work on /home/airflow/.local/lib/python3.7/site-packages/airflow/example_dags/example_xcom.py
[2021-12-24 18:37:38,516] {processor.py:625} INFO - Processing file /home/airflow/.local/lib/python3.7/site-packages/airflow/example_dags/example_xcom.py for tasks to queue
[2021-12-24 18:37:38,517] {logging_mixin.py:109} INFO - [2021-12-24 18:37:38,517] {dagbag.py:500} INFO - Filling up the DagBag from /home/airflow/.local/lib/python3.7/site-packages/airflow/example_dags/example_xcom.py
[2021-12-24 18:37:38,566] {processor.py:637} INFO - DAG(s) dict_keys(['example_xcom']) retrieved from /home/airflow/.local/lib/python3.7/site-packages/airflow/example_dags/example_xcom.py
[2021-12-24 18:37:39,241] {logging_mixin.py:109} INFO - [2021-12-24 18:37:39,241] {dag.py:2396} INFO - Sync 1 DAGs
[2021-12-24 18:37:39,262] {logging_mixin.py:109} INFO - [2021-12-24 18:37:39,262] {dag.py:2928} INFO - Setting next_dagrun for example_xcom to 2021-01-01T00:00:00+00:00
[2021-12-24 18:37:39,278] {processor.py:171} INFO - Processing /home/airflow/.local/lib/python3.7/site-packages/airflow/example_dags/example_xcom.py took 0.770 seconds
[2021-12-24 18:38:10,261] {processor.py:163} INFO - Started process (PID=102) to work on /home/airflow/.local/lib/python3.7/site-packages/airflow/example_dags/example_xcom.py
[2021-12-24 18:38:10,266] {processor.py:625} INFO - Processing file /home/airflow/.local/lib/python3.7/site-packages/airflow/example_dags/example_xcom.py for tasks to queue
[2021-12-24 18:38:10,269] {logging_mixin.py:109} INFO - [2021-12-24 18:38:10,269] {dagbag.py:500} INFO - Filling up the DagBag from /home/airflow/.local/lib/python3.7/site-packages/airflow/example_dags/example_xcom.py
[2021-12-24 18:38:10,350] {processor.py:637} INFO - DAG(s) dict_keys(['example_xcom']) retrieved from /home/airflow/.local/lib/python3.7/site-packages/airflow/example_dags/example_xcom.py
[2021-12-24 18:38:10,905] {logging_mixin.py:109} INFO - [2021-12-24 18:38:10,904] {dag.py:2396} INFO - Sync 1 DAGs
[2021-12-24 18:38:10,944] {logging_mixin.py:109} INFO - [2021-12-24 18:38:10,944] {dag.py:2928} INFO - Setting next_dagrun for example_xcom to 2021-01-01T00:00:00+00:00
[2021-12-24 18:38:10,975] {processor.py:171} INFO - Processing /home/airflow/.local/lib/python3.7/site-packages/airflow/example_dags/example_xcom.py took 0.725 seconds
[2021-12-24 18:38:41,702] {processor.py:163} INFO - Started process (PID=164) to work on /home/airflow/.local/lib/python3.7/site-packages/airflow/example_dags/example_xcom.py
[2021-12-24 18:38:41,704] {processor.py:625} INFO - Processing file /home/airflow/.local/lib/python3.7/site-packages/airflow/example_dags/example_xcom.py for tasks to queue
[2021-12-24 18:38:41,706] {logging_mixin.py:109} INFO - [2021-12-24 18:38:41,706] {dagbag.py:500} INFO - Filling up the DagBag from /home/airflow/.local/lib/python3.7/site-packages/airflow/example_dags/example_xcom.py
[2021-12-24 18:38:41,740] {processor.py:637} INFO - DAG(s) dict_keys(['example_xcom']) retrieved from /home/airflow/.local/lib/python3.7/site-packages/airflow/example_dags/example_xcom.py
[2021-12-24 18:38:42,168] {logging_mixin.py:109} INFO - [2021-12-24 18:38:42,168] {dag.py:2396} INFO - Sync 1 DAGs
[2021-12-24 18:38:42,190] {logging_mixin.py:109} INFO - [2021-12-24 18:38:42,190] {dag.py:2928} INFO - Setting next_dagrun for example_xcom to 2021-01-01T00:00:00+00:00
[2021-12-24 18:38:42,208] {processor.py:171} INFO - Processing /home/airflow/.local/lib/python3.7/site-packages/airflow/example_dags/example_xcom.py took 0.510 seconds
[2021-12-24 18:39:12,317] {processor.py:163} INFO - Started process (PID=238) to work on /home/airflow/.local/lib/python3.7/site-packages/airflow/example_dags/example_xcom.py
[2021-12-24 18:39:12,319] {processor.py:625} INFO - Processing file /home/airflow/.local/lib/python3.7/site-packages/airflow/example_dags/example_xcom.py for tasks to queue
[2021-12-24 18:39:12,320] {logging_mixin.py:109} INFO - [2021-12-24 18:39:12,320] {dagbag.py:500} INFO - Filling up the DagBag from /home/airflow/.local/lib/python3.7/site-packages/airflow/example_dags/example_xcom.py
[2021-12-24 18:39:12,354] {processor.py:637} INFO - DAG(s) dict_keys(['example_xcom']) retrieved from /home/airflow/.local/lib/python3.7/site-packages/airflow/example_dags/example_xcom.py
[2021-12-24 18:39:12,818] {logging_mixin.py:109} INFO - [2021-12-24 18:39:12,818] {dag.py:2396} INFO - Sync 1 DAGs
[2021-12-24 18:39:12,847] {logging_mixin.py:109} INFO - [2021-12-24 18:39:12,846] {dag.py:2928} INFO - Setting next_dagrun for example_xcom to 2021-01-01T00:00:00+00:00
[2021-12-24 18:39:12,870] {processor.py:171} INFO - Processing /home/airflow/.local/lib/python3.7/site-packages/airflow/example_dags/example_xcom.py took 0.558 seconds
[2021-12-24 18:39:42,993] {processor.py:163} INFO - Started process (PID=299) to work on /home/airflow/.local/lib/python3.7/site-packages/airflow/example_dags/example_xcom.py
[2021-12-24 18:39:42,995] {processor.py:625} INFO - Processing file /home/airflow/.local/lib/python3.7/site-packages/airflow/example_dags/example_xcom.py for tasks to queue
[2021-12-24 18:39:42,996] {logging_mixin.py:109} INFO - [2021-12-24 18:39:42,996] {dagbag.py:500} INFO - Filling up the DagBag from /home/airflow/.local/lib/python3.7/site-packages/airflow/example_dags/example_xcom.py
[2021-12-24 18:39:43,066] {processor.py:637} INFO - DAG(s) dict_keys(['example_xcom']) retrieved from /home/airflow/.local/lib/python3.7/site-packages/airflow/example_dags/example_xcom.py
[2021-12-24 18:39:43,664] {logging_mixin.py:109} INFO - [2021-12-24 18:39:43,664] {dag.py:2396} INFO - Sync 1 DAGs
[2021-12-24 18:39:43,682] {logging_mixin.py:109} INFO - [2021-12-24 18:39:43,682] {dag.py:2928} INFO - Setting next_dagrun for example_xcom to 2021-01-01T00:00:00+00:00
[2021-12-24 18:39:43,698] {processor.py:171} INFO - Processing /home/airflow/.local/lib/python3.7/site-packages/airflow/example_dags/example_xcom.py took 0.711 seconds
[2021-12-24 18:40:14,343] {processor.py:163} INFO - Started process (PID=361) to work on /home/airflow/.local/lib/python3.7/site-packages/airflow/example_dags/example_xcom.py
[2021-12-24 18:40:14,345] {processor.py:625} INFO - Processing file /home/airflow/.local/lib/python3.7/site-packages/airflow/example_dags/example_xcom.py for tasks to queue
[2021-12-24 18:40:14,347] {logging_mixin.py:109} INFO - [2021-12-24 18:40:14,347] {dagbag.py:500} INFO - Filling up the DagBag from /home/airflow/.local/lib/python3.7/site-packages/airflow/example_dags/example_xcom.py
[2021-12-24 18:40:14,401] {processor.py:637} INFO - DAG(s) dict_keys(['example_xcom']) retrieved from /home/airflow/.local/lib/python3.7/site-packages/airflow/example_dags/example_xcom.py
[2021-12-24 18:40:15,038] {logging_mixin.py:109} INFO - [2021-12-24 18:40:15,038] {dag.py:2396} INFO - Sync 1 DAGs
[2021-12-24 18:40:15,064] {logging_mixin.py:109} INFO - [2021-12-24 18:40:15,064] {dag.py:2928} INFO - Setting next_dagrun for example_xcom to 2021-01-01T00:00:00+00:00
[2021-12-24 18:40:15,081] {processor.py:171} INFO - Processing /home/airflow/.local/lib/python3.7/site-packages/airflow/example_dags/example_xcom.py took 0.743 seconds
[2021-12-24 18:40:45,234] {processor.py:163} INFO - Started process (PID=426) to work on /home/airflow/.local/lib/python3.7/site-packages/airflow/example_dags/example_xcom.py
[2021-12-24 18:40:45,238] {processor.py:625} INFO - Processing file /home/airflow/.local/lib/python3.7/site-packages/airflow/example_dags/example_xcom.py for tasks to queue
[2021-12-24 18:40:45,242] {logging_mixin.py:109} INFO - [2021-12-24 18:40:45,242] {dagbag.py:500} INFO - Filling up the DagBag from /home/airflow/.local/lib/python3.7/site-packages/airflow/example_dags/example_xcom.py
[2021-12-24 18:40:45,315] {processor.py:637} INFO - DAG(s) dict_keys(['example_xcom']) retrieved from /home/airflow/.local/lib/python3.7/site-packages/airflow/example_dags/example_xcom.py
[2021-12-24 18:40:45,845] {logging_mixin.py:109} INFO - [2021-12-24 18:40:45,845] {dag.py:2396} INFO - Sync 1 DAGs
[2021-12-24 18:40:45,866] {logging_mixin.py:109} INFO - [2021-12-24 18:40:45,866] {dag.py:2928} INFO - Setting next_dagrun for example_xcom to 2021-01-01T00:00:00+00:00
[2021-12-24 18:40:45,884] {processor.py:171} INFO - Processing /home/airflow/.local/lib/python3.7/site-packages/airflow/example_dags/example_xcom.py took 0.659 seconds
[2021-12-24 18:41:16,373] {processor.py:163} INFO - Started process (PID=487) to work on /home/airflow/.local/lib/python3.7/site-packages/airflow/example_dags/example_xcom.py
[2021-12-24 18:41:16,376] {processor.py:625} INFO - Processing file /home/airflow/.local/lib/python3.7/site-packages/airflow/example_dags/example_xcom.py for tasks to queue
[2021-12-24 18:41:16,378] {logging_mixin.py:109} INFO - [2021-12-24 18:41:16,377] {dagbag.py:500} INFO - Filling up the DagBag from /home/airflow/.local/lib/python3.7/site-packages/airflow/example_dags/example_xcom.py
[2021-12-24 18:41:16,437] {processor.py:637} INFO - DAG(s) dict_keys(['example_xcom']) retrieved from /home/airflow/.local/lib/python3.7/site-packages/airflow/example_dags/example_xcom.py
[2021-12-24 18:41:17,368] {logging_mixin.py:109} INFO - [2021-12-24 18:41:17,368] {dag.py:2396} INFO - Sync 1 DAGs
[2021-12-24 18:41:17,391] {logging_mixin.py:109} INFO - [2021-12-24 18:41:17,391] {dag.py:2928} INFO - Setting next_dagrun for example_xcom to 2021-01-01T00:00:00+00:00
[2021-12-24 18:41:17,409] {processor.py:171} INFO - Processing /home/airflow/.local/lib/python3.7/site-packages/airflow/example_dags/example_xcom.py took 1.047 seconds
[2021-12-24 18:41:47,475] {processor.py:163} INFO - Started process (PID=548) to work on /home/airflow/.local/lib/python3.7/site-packages/airflow/example_dags/example_xcom.py
[2021-12-24 18:41:47,478] {processor.py:625} INFO - Processing file /home/airflow/.local/lib/python3.7/site-packages/airflow/example_dags/example_xcom.py for tasks to queue
[2021-12-24 18:41:47,480] {logging_mixin.py:109} INFO - [2021-12-24 18:41:47,480] {dagbag.py:500} INFO - Filling up the DagBag from /home/airflow/.local/lib/python3.7/site-packages/airflow/example_dags/example_xcom.py
[2021-12-24 18:41:47,546] {processor.py:637} INFO - DAG(s) dict_keys(['example_xcom']) retrieved from /home/airflow/.local/lib/python3.7/site-packages/airflow/example_dags/example_xcom.py
[2021-12-24 18:41:48,224] {logging_mixin.py:109} INFO - [2021-12-24 18:41:48,224] {dag.py:2396} INFO - Sync 1 DAGs
[2021-12-24 18:41:48,288] {logging_mixin.py:109} INFO - [2021-12-24 18:41:48,287] {dag.py:2928} INFO - Setting next_dagrun for example_xcom to 2021-01-01T00:00:00+00:00
[2021-12-24 18:41:48,317] {processor.py:171} INFO - Processing /home/airflow/.local/lib/python3.7/site-packages/airflow/example_dags/example_xcom.py took 0.848 seconds
