[2021-12-23 15:54:30,205] {taskinstance.py:1035} INFO - Dependencies all met for <TaskInstance: cpp_workflow.pre_process scheduled__2021-12-22T00:00:00+00:00 [queued]>
[2021-12-23 15:54:30,247] {taskinstance.py:1035} INFO - Dependencies all met for <TaskInstance: cpp_workflow.pre_process scheduled__2021-12-22T00:00:00+00:00 [queued]>
[2021-12-23 15:54:30,248] {taskinstance.py:1241} INFO - 
--------------------------------------------------------------------------------
[2021-12-23 15:54:30,249] {taskinstance.py:1242} INFO - Starting attempt 1 of 1
[2021-12-23 15:54:30,250] {taskinstance.py:1243} INFO - 
--------------------------------------------------------------------------------
[2021-12-23 15:54:30,305] {taskinstance.py:1262} INFO - Executing <Task(PythonOperator): pre_process> on 2021-12-22 00:00:00+00:00
[2021-12-23 15:54:30,335] {standard_task_runner.py:52} INFO - Started process 87 to run task
[2021-12-23 15:54:30,351] {standard_task_runner.py:76} INFO - Running: ['***', 'tasks', 'run', 'cpp_workflow', 'pre_process', 'scheduled__2021-12-22T00:00:00+00:00', '--job-id', '1533', '--raw', '--subdir', 'DAGS_FOLDER/first_dag.py', '--cfg-path', '/tmp/tmpdrei9294', '--error-file', '/tmp/tmpbsak5a0o']
[2021-12-23 15:54:30,376] {standard_task_runner.py:77} INFO - Job 1533: Subtask pre_process
[2021-12-23 15:54:30,492] {logging_mixin.py:109} INFO - Running <TaskInstance: cpp_workflow.pre_process scheduled__2021-12-22T00:00:00+00:00 [running]> on host 218df5ddc363
[2021-12-23 15:54:30,593] {taskinstance.py:1429} INFO - Exporting the following env vars:
AIRFLOW_CTX_DAG_OWNER=***
AIRFLOW_CTX_DAG_ID=cpp_workflow
AIRFLOW_CTX_TASK_ID=pre_process
AIRFLOW_CTX_EXECUTION_DATE=2021-12-22T00:00:00+00:00
AIRFLOW_CTX_DAG_RUN_ID=scheduled__2021-12-22T00:00:00+00:00
[2021-12-23 15:54:30,687] {python.py:152} INFO - Done. Returned value was: None
[2021-12-23 15:54:30,714] {taskinstance.py:1280} INFO - Marking task as SUCCESS. dag_id=cpp_workflow, task_id=pre_process, execution_date=20211222T000000, start_date=20211223T155430, end_date=20211223T155430
[2021-12-23 15:54:30,800] {local_task_job.py:154} INFO - Task exited with return code 0
[2021-12-23 15:54:30,889] {local_task_job.py:264} INFO - 1 downstream tasks scheduled from follow-on schedule check
