[2022-01-03 12:47:47,667] {taskinstance.py:1035} INFO - Dependencies all met for <TaskInstance: cpp_workflow.pre_process_media_prepare manual__2022-01-03T12:47:39.820611+00:00 [queued]>
[2022-01-03 12:47:47,695] {taskinstance.py:1035} INFO - Dependencies all met for <TaskInstance: cpp_workflow.pre_process_media_prepare manual__2022-01-03T12:47:39.820611+00:00 [queued]>
[2022-01-03 12:47:47,698] {taskinstance.py:1241} INFO - 
--------------------------------------------------------------------------------
[2022-01-03 12:47:47,699] {taskinstance.py:1242} INFO - Starting attempt 1 of 1
[2022-01-03 12:47:47,705] {taskinstance.py:1243} INFO - 
--------------------------------------------------------------------------------
[2022-01-03 12:47:47,751] {taskinstance.py:1262} INFO - Executing <Task(PythonOperator): pre_process_media_prepare> on 2022-01-03 12:47:39.820611+00:00
[2022-01-03 12:47:47,767] {standard_task_runner.py:52} INFO - Started process 2067 to run task
[2022-01-03 12:47:47,773] {standard_task_runner.py:76} INFO - Running: ['***', 'tasks', 'run', 'cpp_workflow', 'pre_process_media_prepare', 'manual__2022-01-03T12:47:39.820611+00:00', '--job-id', '2415', '--raw', '--subdir', 'DAGS_FOLDER/first_dag.py', '--cfg-path', '/tmp/tmpplqbdebv', '--error-file', '/tmp/tmpgily9jqa']
[2022-01-03 12:47:47,785] {standard_task_runner.py:77} INFO - Job 2415: Subtask pre_process_media_prepare
[2022-01-03 12:47:47,895] {logging_mixin.py:109} INFO - Running <TaskInstance: cpp_workflow.pre_process_media_prepare manual__2022-01-03T12:47:39.820611+00:00 [running]> on host 218df5ddc363
[2022-01-03 12:47:48,049] {taskinstance.py:1429} INFO - Exporting the following env vars:
AIRFLOW_CTX_DAG_OWNER=***
AIRFLOW_CTX_DAG_ID=cpp_workflow
AIRFLOW_CTX_TASK_ID=pre_process_media_prepare
AIRFLOW_CTX_EXECUTION_DATE=2022-01-03T12:47:39.820611+00:00
AIRFLOW_CTX_DAG_RUN_ID=manual__2022-01-03T12:47:39.820611+00:00
[2022-01-03 12:47:48,420] {warnings.py:110} WARNING - /opt/***/dags/tasks_methods.py:14: FutureWarning: The default value of regex will change from True to False in a future version. In addition, single character regular expressions will *not* be treated as literal strings when regex=True.
  file.columns = file.columns.str.replace('$','')

[2022-01-03 12:47:49,049] {python.py:152} INFO - Done. Returned value was: None
[2022-01-03 12:47:49,084] {taskinstance.py:1280} INFO - Marking task as SUCCESS. dag_id=cpp_workflow, task_id=pre_process_media_prepare, execution_date=20220103T124739, start_date=20220103T124747, end_date=20220103T124749
[2022-01-03 12:47:49,141] {local_task_job.py:154} INFO - Task exited with return code 0
[2022-01-03 12:47:49,217] {local_task_job.py:264} INFO - 1 downstream tasks scheduled from follow-on schedule check
