[2021-12-13 13:39:27,320] {taskinstance.py:1035} INFO - Dependencies all met for <TaskInstance: cpp_workflow.merge_process manual__2021-12-13T13:39:16.812562+00:00 [queued]>
[2021-12-13 13:39:27,334] {taskinstance.py:1035} INFO - Dependencies all met for <TaskInstance: cpp_workflow.merge_process manual__2021-12-13T13:39:16.812562+00:00 [queued]>
[2021-12-13 13:39:27,335] {taskinstance.py:1241} INFO - 
--------------------------------------------------------------------------------
[2021-12-13 13:39:27,335] {taskinstance.py:1242} INFO - Starting attempt 1 of 1
[2021-12-13 13:39:27,335] {taskinstance.py:1243} INFO - 
--------------------------------------------------------------------------------
[2021-12-13 13:39:27,349] {taskinstance.py:1262} INFO - Executing <Task(PythonOperator): merge_process> on 2021-12-13 13:39:16.812562+00:00
[2021-12-13 13:39:27,355] {standard_task_runner.py:52} INFO - Started process 6945 to run task
[2021-12-13 13:39:27,358] {standard_task_runner.py:76} INFO - Running: ['***', 'tasks', 'run', 'cpp_workflow', 'merge_process', 'manual__2021-12-13T13:39:16.812562+00:00', '--job-id', '1137', '--raw', '--subdir', 'DAGS_FOLDER/first_dag.py', '--cfg-path', '/tmp/tmp4x46npiw', '--error-file', '/tmp/tmpqgtsk909']
[2021-12-13 13:39:27,359] {standard_task_runner.py:77} INFO - Job 1137: Subtask merge_process
[2021-12-13 13:39:27,404] {logging_mixin.py:109} INFO - Running <TaskInstance: cpp_workflow.merge_process manual__2021-12-13T13:39:16.812562+00:00 [running]> on host 218df5ddc363
[2021-12-13 13:39:27,459] {taskinstance.py:1429} INFO - Exporting the following env vars:
AIRFLOW_CTX_DAG_OWNER=***
AIRFLOW_CTX_DAG_ID=cpp_workflow
AIRFLOW_CTX_TASK_ID=merge_process
AIRFLOW_CTX_EXECUTION_DATE=2021-12-13T13:39:16.812562+00:00
AIRFLOW_CTX_DAG_RUN_ID=manual__2021-12-13T13:39:16.812562+00:00
[2021-12-13 13:39:27,534] {python.py:152} INFO - Done. Returned value was: None
[2021-12-13 13:39:27,550] {taskinstance.py:1280} INFO - Marking task as SUCCESS. dag_id=cpp_workflow, task_id=merge_process, execution_date=20211213T133916, start_date=20211213T133927, end_date=20211213T133927
[2021-12-13 13:39:27,570] {local_task_job.py:154} INFO - Task exited with return code 0
[2021-12-13 13:39:27,609] {local_task_job.py:264} INFO - 1 downstream tasks scheduled from follow-on schedule check
