[2021-12-13 13:51:44,912] {taskinstance.py:1035} INFO - Dependencies all met for <TaskInstance: cpp_workflow.merge_process manual__2021-12-13T13:51:33.866076+00:00 [queued]>
[2021-12-13 13:51:44,922] {taskinstance.py:1035} INFO - Dependencies all met for <TaskInstance: cpp_workflow.merge_process manual__2021-12-13T13:51:33.866076+00:00 [queued]>
[2021-12-13 13:51:44,923] {taskinstance.py:1241} INFO - 
--------------------------------------------------------------------------------
[2021-12-13 13:51:44,923] {taskinstance.py:1242} INFO - Starting attempt 1 of 1
[2021-12-13 13:51:44,924] {taskinstance.py:1243} INFO - 
--------------------------------------------------------------------------------
[2021-12-13 13:51:44,937] {taskinstance.py:1262} INFO - Executing <Task(PythonOperator): merge_process> on 2021-12-13 13:51:33.866076+00:00
[2021-12-13 13:51:44,942] {standard_task_runner.py:52} INFO - Started process 7539 to run task
[2021-12-13 13:51:44,945] {standard_task_runner.py:76} INFO - Running: ['***', 'tasks', 'run', 'cpp_workflow', 'merge_process', 'manual__2021-12-13T13:51:33.866076+00:00', '--job-id', '1161', '--raw', '--subdir', 'DAGS_FOLDER/first_dag.py', '--cfg-path', '/tmp/tmppcstvcqr', '--error-file', '/tmp/tmpwldjm3g1']
[2021-12-13 13:51:44,946] {standard_task_runner.py:77} INFO - Job 1161: Subtask merge_process
[2021-12-13 13:51:44,984] {logging_mixin.py:109} INFO - Running <TaskInstance: cpp_workflow.merge_process manual__2021-12-13T13:51:33.866076+00:00 [running]> on host 218df5ddc363
[2021-12-13 13:51:45,030] {taskinstance.py:1429} INFO - Exporting the following env vars:
AIRFLOW_CTX_DAG_OWNER=***
AIRFLOW_CTX_DAG_ID=cpp_workflow
AIRFLOW_CTX_TASK_ID=merge_process
AIRFLOW_CTX_EXECUTION_DATE=2021-12-13T13:51:33.866076+00:00
AIRFLOW_CTX_DAG_RUN_ID=manual__2021-12-13T13:51:33.866076+00:00
[2021-12-13 13:51:45,143] {python.py:152} INFO - Done. Returned value was: None
[2021-12-13 13:51:45,159] {taskinstance.py:1280} INFO - Marking task as SUCCESS. dag_id=cpp_workflow, task_id=merge_process, execution_date=20211213T135133, start_date=20211213T135144, end_date=20211213T135145
[2021-12-13 13:51:45,197] {local_task_job.py:154} INFO - Task exited with return code 0
[2021-12-13 13:51:45,239] {local_task_job.py:264} INFO - 1 downstream tasks scheduled from follow-on schedule check
