[2022-02-06 11:48:41,687] {taskinstance.py:1035} INFO - Dependencies all met for <TaskInstance: cpp_workflow.update_processed_files_media_prepare scheduled__2022-02-01T00:00:00+00:00 [queued]>
[2022-02-06 11:48:41,886] {taskinstance.py:1035} INFO - Dependencies all met for <TaskInstance: cpp_workflow.update_processed_files_media_prepare scheduled__2022-02-01T00:00:00+00:00 [queued]>
[2022-02-06 11:48:41,887] {taskinstance.py:1241} INFO - 
--------------------------------------------------------------------------------
[2022-02-06 11:48:41,889] {taskinstance.py:1242} INFO - Starting attempt 1 of 1
[2022-02-06 11:48:41,890] {taskinstance.py:1243} INFO - 
--------------------------------------------------------------------------------
[2022-02-06 11:48:42,068] {taskinstance.py:1262} INFO - Executing <Task(PythonOperator): update_processed_files_media_prepare> on 2022-02-01 00:00:00+00:00
[2022-02-06 11:48:42,179] {standard_task_runner.py:52} INFO - Started process 383 to run task
[2022-02-06 11:48:42,208] {standard_task_runner.py:76} INFO - Running: ['***', 'tasks', 'run', 'cpp_workflow', 'update_processed_files_media_prepare', 'scheduled__2022-02-01T00:00:00+00:00', '--job-id', '3238', '--raw', '--subdir', 'DAGS_FOLDER/first_dag.py', '--cfg-path', '/tmp/tmprb8j2656', '--error-file', '/tmp/tmp9s6vzu8k']
[2022-02-06 11:48:42,221] {standard_task_runner.py:77} INFO - Job 3238: Subtask update_processed_files_media_prepare
[2022-02-06 11:48:42,734] {logging_mixin.py:109} INFO - Running <TaskInstance: cpp_workflow.update_processed_files_media_prepare scheduled__2022-02-01T00:00:00+00:00 [running]> on host 218df5ddc363
[2022-02-06 11:48:43,359] {taskinstance.py:1429} INFO - Exporting the following env vars:
AIRFLOW_CTX_DAG_OWNER=***
AIRFLOW_CTX_DAG_ID=cpp_workflow
AIRFLOW_CTX_TASK_ID=update_processed_files_media_prepare
AIRFLOW_CTX_EXECUTION_DATE=2022-02-01T00:00:00+00:00
AIRFLOW_CTX_DAG_RUN_ID=scheduled__2022-02-01T00:00:00+00:00
[2022-02-06 11:48:43,469] {python.py:152} INFO - Done. Returned value was: None
[2022-02-06 11:48:43,526] {taskinstance.py:1280} INFO - Marking task as SUCCESS. dag_id=cpp_workflow, task_id=update_processed_files_media_prepare, execution_date=20220201T000000, start_date=20220206T114841, end_date=20220206T114843
[2022-02-06 11:48:43,882] {local_task_job.py:154} INFO - Task exited with return code 0
[2022-02-06 11:48:44,196] {local_task_job.py:264} INFO - 1 downstream tasks scheduled from follow-on schedule check
