[2022-01-22 12:59:22,867] {taskinstance.py:1035} INFO - Dependencies all met for <TaskInstance: cpp_workflow.update_processed_files_image scheduled__2022-01-20T00:00:00+00:00 [queued]>
[2022-01-22 12:59:22,958] {taskinstance.py:1035} INFO - Dependencies all met for <TaskInstance: cpp_workflow.update_processed_files_image scheduled__2022-01-20T00:00:00+00:00 [queued]>
[2022-01-22 12:59:22,963] {taskinstance.py:1241} INFO - 
--------------------------------------------------------------------------------
[2022-01-22 12:59:22,964] {taskinstance.py:1242} INFO - Starting attempt 1 of 1
[2022-01-22 12:59:22,965] {taskinstance.py:1243} INFO - 
--------------------------------------------------------------------------------
[2022-01-22 12:59:23,071] {taskinstance.py:1262} INFO - Executing <Task(PythonOperator): update_processed_files_image> on 2022-01-20 00:00:00+00:00
[2022-01-22 12:59:23,126] {standard_task_runner.py:52} INFO - Started process 191 to run task
[2022-01-22 12:59:23,152] {standard_task_runner.py:76} INFO - Running: ['***', 'tasks', 'run', 'cpp_workflow', 'update_processed_files_image', 'scheduled__2022-01-20T00:00:00+00:00', '--job-id', '2965', '--raw', '--subdir', 'DAGS_FOLDER/first_dag.py', '--cfg-path', '/tmp/tmp681yi4yw', '--error-file', '/tmp/tmpqhg4dhbw']
[2022-01-22 12:59:23,154] {standard_task_runner.py:77} INFO - Job 2965: Subtask update_processed_files_image
[2022-01-22 12:59:23,442] {logging_mixin.py:109} INFO - Running <TaskInstance: cpp_workflow.update_processed_files_image scheduled__2022-01-20T00:00:00+00:00 [running]> on host 218df5ddc363
[2022-01-22 12:59:23,918] {taskinstance.py:1429} INFO - Exporting the following env vars:
AIRFLOW_CTX_DAG_OWNER=***
AIRFLOW_CTX_DAG_ID=cpp_workflow
AIRFLOW_CTX_TASK_ID=update_processed_files_image
AIRFLOW_CTX_EXECUTION_DATE=2022-01-20T00:00:00+00:00
AIRFLOW_CTX_DAG_RUN_ID=scheduled__2022-01-20T00:00:00+00:00
[2022-01-22 12:59:24,167] {python.py:152} INFO - Done. Returned value was: None
[2022-01-22 12:59:24,268] {taskinstance.py:1280} INFO - Marking task as SUCCESS. dag_id=cpp_workflow, task_id=update_processed_files_image, execution_date=20220120T000000, start_date=20220122T125922, end_date=20220122T125924
[2022-01-22 12:59:24,417] {local_task_job.py:154} INFO - Task exited with return code 0
[2022-01-22 12:59:24,654] {local_task_job.py:264} INFO - 0 downstream tasks scheduled from follow-on schedule check
