[2021-12-08 15:05:02,240] {taskinstance.py:1035} INFO - Dependencies all met for <TaskInstance: cpp_workflow.pre_process scheduled__2021-12-07T00:00:00+00:00 [queued]>
[2021-12-08 15:05:02,261] {taskinstance.py:1035} INFO - Dependencies all met for <TaskInstance: cpp_workflow.pre_process scheduled__2021-12-07T00:00:00+00:00 [queued]>
[2021-12-08 15:05:02,262] {taskinstance.py:1241} INFO - 
--------------------------------------------------------------------------------
[2021-12-08 15:05:02,262] {taskinstance.py:1242} INFO - Starting attempt 1 of 1
[2021-12-08 15:05:02,264] {taskinstance.py:1243} INFO - 
--------------------------------------------------------------------------------
[2021-12-08 15:05:02,307] {taskinstance.py:1262} INFO - Executing <Task(PythonOperator): pre_process> on 2021-12-07 00:00:00+00:00
[2021-12-08 15:05:02,321] {standard_task_runner.py:52} INFO - Started process 1442 to run task
[2021-12-08 15:05:02,330] {standard_task_runner.py:76} INFO - Running: ['***', 'tasks', 'run', 'cpp_workflow', 'pre_process', 'scheduled__2021-12-07T00:00:00+00:00', '--job-id', '455', '--raw', '--subdir', 'DAGS_FOLDER/first_dag.py', '--cfg-path', '/tmp/tmp2pgc8l5g', '--error-file', '/tmp/tmpprcelx4q']
[2021-12-08 15:05:02,334] {standard_task_runner.py:77} INFO - Job 455: Subtask pre_process
[2021-12-08 15:05:02,419] {logging_mixin.py:109} INFO - Running <TaskInstance: cpp_workflow.pre_process scheduled__2021-12-07T00:00:00+00:00 [running]> on host 8edf9af2b560
[2021-12-08 15:05:02,533] {taskinstance.py:1429} INFO - Exporting the following env vars:
AIRFLOW_CTX_DAG_OWNER=***
AIRFLOW_CTX_DAG_ID=cpp_workflow
AIRFLOW_CTX_TASK_ID=pre_process
AIRFLOW_CTX_EXECUTION_DATE=2021-12-07T00:00:00+00:00
AIRFLOW_CTX_DAG_RUN_ID=scheduled__2021-12-07T00:00:00+00:00
[2021-12-08 15:05:11,362] {warnings.py:110} WARNING - /home/***/.local/lib/python3.7/site-packages/***/operators/python.py:162: DtypeWarning: Columns (0,1,2,3) have mixed types.Specify dtype option on import or set low_memory=False.
  return self.python_callable(*self.op_args, **self.op_kwargs)

[2021-12-08 15:05:12,193] {python.py:152} INFO - Done. Returned value was: None
[2021-12-08 15:05:12,252] {taskinstance.py:1280} INFO - Marking task as SUCCESS. dag_id=cpp_workflow, task_id=pre_process, execution_date=20211207T000000, start_date=20211208T150502, end_date=20211208T150512
[2021-12-08 15:05:12,284] {local_task_job.py:154} INFO - Task exited with return code 0
[2021-12-08 15:05:12,316] {local_task_job.py:264} INFO - 1 downstream tasks scheduled from follow-on schedule check
