[2021-12-14 13:00:08,767] {processor.py:163} INFO - Started process (PID=84) to work on /home/airflow/.local/lib/python3.7/site-packages/airflow/example_dags/example_bash_operator.py
[2021-12-14 13:00:08,774] {processor.py:625} INFO - Processing file /home/airflow/.local/lib/python3.7/site-packages/airflow/example_dags/example_bash_operator.py for tasks to queue
[2021-12-14 13:00:08,777] {logging_mixin.py:109} INFO - [2021-12-14 13:00:08,777] {dagbag.py:500} INFO - Filling up the DagBag from /home/airflow/.local/lib/python3.7/site-packages/airflow/example_dags/example_bash_operator.py
[2021-12-14 13:00:08,902] {processor.py:637} INFO - DAG(s) dict_keys(['example_bash_operator']) retrieved from /home/airflow/.local/lib/python3.7/site-packages/airflow/example_dags/example_bash_operator.py
[2021-12-14 13:00:08,943] {logging_mixin.py:109} INFO - [2021-12-14 13:00:08,942] {dag.py:2396} INFO - Sync 1 DAGs
[2021-12-14 13:00:09,161] {logging_mixin.py:109} INFO - [2021-12-14 13:00:09,161] {dag.py:2928} INFO - Setting next_dagrun for example_bash_operator to 2021-12-13 00:00:00+00:00
[2021-12-14 13:00:09,257] {processor.py:171} INFO - Processing /home/airflow/.local/lib/python3.7/site-packages/airflow/example_dags/example_bash_operator.py took 0.505 seconds
[2021-12-14 13:00:39,409] {processor.py:163} INFO - Started process (PID=135) to work on /home/airflow/.local/lib/python3.7/site-packages/airflow/example_dags/example_bash_operator.py
[2021-12-14 13:00:39,410] {processor.py:625} INFO - Processing file /home/airflow/.local/lib/python3.7/site-packages/airflow/example_dags/example_bash_operator.py for tasks to queue
[2021-12-14 13:00:39,411] {logging_mixin.py:109} INFO - [2021-12-14 13:00:39,411] {dagbag.py:500} INFO - Filling up the DagBag from /home/airflow/.local/lib/python3.7/site-packages/airflow/example_dags/example_bash_operator.py
[2021-12-14 13:00:39,445] {processor.py:637} INFO - DAG(s) dict_keys(['example_bash_operator']) retrieved from /home/airflow/.local/lib/python3.7/site-packages/airflow/example_dags/example_bash_operator.py
[2021-12-14 13:00:39,456] {logging_mixin.py:109} INFO - [2021-12-14 13:00:39,456] {dag.py:2396} INFO - Sync 1 DAGs
[2021-12-14 13:00:39,474] {logging_mixin.py:109} INFO - [2021-12-14 13:00:39,474] {dag.py:2928} INFO - Setting next_dagrun for example_bash_operator to 2021-12-13 00:00:00+00:00
[2021-12-14 13:00:39,484] {processor.py:171} INFO - Processing /home/airflow/.local/lib/python3.7/site-packages/airflow/example_dags/example_bash_operator.py took 0.078 seconds
[2021-12-14 13:01:09,612] {processor.py:163} INFO - Started process (PID=196) to work on /home/airflow/.local/lib/python3.7/site-packages/airflow/example_dags/example_bash_operator.py
[2021-12-14 13:01:09,615] {processor.py:625} INFO - Processing file /home/airflow/.local/lib/python3.7/site-packages/airflow/example_dags/example_bash_operator.py for tasks to queue
[2021-12-14 13:01:09,617] {logging_mixin.py:109} INFO - [2021-12-14 13:01:09,616] {dagbag.py:500} INFO - Filling up the DagBag from /home/airflow/.local/lib/python3.7/site-packages/airflow/example_dags/example_bash_operator.py
[2021-12-14 13:01:09,672] {processor.py:637} INFO - DAG(s) dict_keys(['example_bash_operator']) retrieved from /home/airflow/.local/lib/python3.7/site-packages/airflow/example_dags/example_bash_operator.py
[2021-12-14 13:01:09,686] {logging_mixin.py:109} INFO - [2021-12-14 13:01:09,686] {dag.py:2396} INFO - Sync 1 DAGs
[2021-12-14 13:01:09,704] {logging_mixin.py:109} INFO - [2021-12-14 13:01:09,704] {dag.py:2928} INFO - Setting next_dagrun for example_bash_operator to 2021-12-13 00:00:00+00:00
[2021-12-14 13:01:09,715] {processor.py:171} INFO - Processing /home/airflow/.local/lib/python3.7/site-packages/airflow/example_dags/example_bash_operator.py took 0.107 seconds
[2021-12-14 13:01:40,216] {processor.py:163} INFO - Started process (PID=269) to work on /home/airflow/.local/lib/python3.7/site-packages/airflow/example_dags/example_bash_operator.py
[2021-12-14 13:01:40,218] {processor.py:625} INFO - Processing file /home/airflow/.local/lib/python3.7/site-packages/airflow/example_dags/example_bash_operator.py for tasks to queue
[2021-12-14 13:01:40,219] {logging_mixin.py:109} INFO - [2021-12-14 13:01:40,219] {dagbag.py:500} INFO - Filling up the DagBag from /home/airflow/.local/lib/python3.7/site-packages/airflow/example_dags/example_bash_operator.py
[2021-12-14 13:01:40,265] {processor.py:637} INFO - DAG(s) dict_keys(['example_bash_operator']) retrieved from /home/airflow/.local/lib/python3.7/site-packages/airflow/example_dags/example_bash_operator.py
[2021-12-14 13:01:40,288] {logging_mixin.py:109} INFO - [2021-12-14 13:01:40,287] {dag.py:2396} INFO - Sync 1 DAGs
[2021-12-14 13:01:40,312] {logging_mixin.py:109} INFO - [2021-12-14 13:01:40,312] {dag.py:2928} INFO - Setting next_dagrun for example_bash_operator to 2021-12-13 00:00:00+00:00
[2021-12-14 13:01:40,329] {processor.py:171} INFO - Processing /home/airflow/.local/lib/python3.7/site-packages/airflow/example_dags/example_bash_operator.py took 0.117 seconds
[2021-12-14 13:02:10,500] {processor.py:163} INFO - Started process (PID=330) to work on /home/airflow/.local/lib/python3.7/site-packages/airflow/example_dags/example_bash_operator.py
[2021-12-14 13:02:10,502] {processor.py:625} INFO - Processing file /home/airflow/.local/lib/python3.7/site-packages/airflow/example_dags/example_bash_operator.py for tasks to queue
[2021-12-14 13:02:10,502] {logging_mixin.py:109} INFO - [2021-12-14 13:02:10,502] {dagbag.py:500} INFO - Filling up the DagBag from /home/airflow/.local/lib/python3.7/site-packages/airflow/example_dags/example_bash_operator.py
[2021-12-14 13:02:10,530] {processor.py:637} INFO - DAG(s) dict_keys(['example_bash_operator']) retrieved from /home/airflow/.local/lib/python3.7/site-packages/airflow/example_dags/example_bash_operator.py
[2021-12-14 13:02:10,539] {logging_mixin.py:109} INFO - [2021-12-14 13:02:10,539] {dag.py:2396} INFO - Sync 1 DAGs
[2021-12-14 13:02:10,553] {logging_mixin.py:109} INFO - [2021-12-14 13:02:10,553] {dag.py:2928} INFO - Setting next_dagrun for example_bash_operator to 2021-12-13 00:00:00+00:00
[2021-12-14 13:02:10,562] {processor.py:171} INFO - Processing /home/airflow/.local/lib/python3.7/site-packages/airflow/example_dags/example_bash_operator.py took 0.064 seconds
[2021-12-14 13:02:41,020] {processor.py:163} INFO - Started process (PID=391) to work on /home/airflow/.local/lib/python3.7/site-packages/airflow/example_dags/example_bash_operator.py
[2021-12-14 13:02:41,022] {processor.py:625} INFO - Processing file /home/airflow/.local/lib/python3.7/site-packages/airflow/example_dags/example_bash_operator.py for tasks to queue
[2021-12-14 13:02:41,023] {logging_mixin.py:109} INFO - [2021-12-14 13:02:41,023] {dagbag.py:500} INFO - Filling up the DagBag from /home/airflow/.local/lib/python3.7/site-packages/airflow/example_dags/example_bash_operator.py
[2021-12-14 13:02:41,051] {processor.py:637} INFO - DAG(s) dict_keys(['example_bash_operator']) retrieved from /home/airflow/.local/lib/python3.7/site-packages/airflow/example_dags/example_bash_operator.py
[2021-12-14 13:02:41,060] {logging_mixin.py:109} INFO - [2021-12-14 13:02:41,060] {dag.py:2396} INFO - Sync 1 DAGs
[2021-12-14 13:02:41,075] {logging_mixin.py:109} INFO - [2021-12-14 13:02:41,075] {dag.py:2928} INFO - Setting next_dagrun for example_bash_operator to 2021-12-13 00:00:00+00:00
[2021-12-14 13:02:41,087] {processor.py:171} INFO - Processing /home/airflow/.local/lib/python3.7/site-packages/airflow/example_dags/example_bash_operator.py took 0.070 seconds
[2021-12-14 13:03:13,725] {processor.py:163} INFO - Started process (PID=461) to work on /home/airflow/.local/lib/python3.7/site-packages/airflow/example_dags/example_bash_operator.py
[2021-12-14 13:03:13,728] {processor.py:625} INFO - Processing file /home/airflow/.local/lib/python3.7/site-packages/airflow/example_dags/example_bash_operator.py for tasks to queue
[2021-12-14 13:03:13,729] {logging_mixin.py:109} INFO - [2021-12-14 13:03:13,729] {dagbag.py:500} INFO - Filling up the DagBag from /home/airflow/.local/lib/python3.7/site-packages/airflow/example_dags/example_bash_operator.py
[2021-12-14 13:03:13,799] {processor.py:637} INFO - DAG(s) dict_keys(['example_bash_operator']) retrieved from /home/airflow/.local/lib/python3.7/site-packages/airflow/example_dags/example_bash_operator.py
[2021-12-14 13:03:13,823] {logging_mixin.py:109} INFO - [2021-12-14 13:03:13,823] {dag.py:2396} INFO - Sync 1 DAGs
[2021-12-14 13:03:13,869] {logging_mixin.py:109} INFO - [2021-12-14 13:03:13,869] {dag.py:2928} INFO - Setting next_dagrun for example_bash_operator to 2021-12-13 00:00:00+00:00
[2021-12-14 13:03:13,926] {processor.py:171} INFO - Processing /home/airflow/.local/lib/python3.7/site-packages/airflow/example_dags/example_bash_operator.py took 0.216 seconds
[2021-12-14 13:03:44,529] {processor.py:163} INFO - Started process (PID=523) to work on /home/airflow/.local/lib/python3.7/site-packages/airflow/example_dags/example_bash_operator.py
[2021-12-14 13:03:44,532] {processor.py:625} INFO - Processing file /home/airflow/.local/lib/python3.7/site-packages/airflow/example_dags/example_bash_operator.py for tasks to queue
[2021-12-14 13:03:44,533] {logging_mixin.py:109} INFO - [2021-12-14 13:03:44,533] {dagbag.py:500} INFO - Filling up the DagBag from /home/airflow/.local/lib/python3.7/site-packages/airflow/example_dags/example_bash_operator.py
[2021-12-14 13:03:44,598] {processor.py:637} INFO - DAG(s) dict_keys(['example_bash_operator']) retrieved from /home/airflow/.local/lib/python3.7/site-packages/airflow/example_dags/example_bash_operator.py
[2021-12-14 13:03:44,622] {logging_mixin.py:109} INFO - [2021-12-14 13:03:44,622] {dag.py:2396} INFO - Sync 1 DAGs
[2021-12-14 13:03:44,649] {logging_mixin.py:109} INFO - [2021-12-14 13:03:44,649] {dag.py:2928} INFO - Setting next_dagrun for example_bash_operator to 2021-12-13 00:00:00+00:00
[2021-12-14 13:03:44,663] {processor.py:171} INFO - Processing /home/airflow/.local/lib/python3.7/site-packages/airflow/example_dags/example_bash_operator.py took 0.141 seconds
[2021-12-14 13:04:15,051] {processor.py:163} INFO - Started process (PID=585) to work on /home/airflow/.local/lib/python3.7/site-packages/airflow/example_dags/example_bash_operator.py
[2021-12-14 13:04:15,052] {processor.py:625} INFO - Processing file /home/airflow/.local/lib/python3.7/site-packages/airflow/example_dags/example_bash_operator.py for tasks to queue
[2021-12-14 13:04:15,053] {logging_mixin.py:109} INFO - [2021-12-14 13:04:15,053] {dagbag.py:500} INFO - Filling up the DagBag from /home/airflow/.local/lib/python3.7/site-packages/airflow/example_dags/example_bash_operator.py
[2021-12-14 13:04:15,083] {processor.py:637} INFO - DAG(s) dict_keys(['example_bash_operator']) retrieved from /home/airflow/.local/lib/python3.7/site-packages/airflow/example_dags/example_bash_operator.py
[2021-12-14 13:04:15,093] {logging_mixin.py:109} INFO - [2021-12-14 13:04:15,093] {dag.py:2396} INFO - Sync 1 DAGs
[2021-12-14 13:04:15,107] {logging_mixin.py:109} INFO - [2021-12-14 13:04:15,107] {dag.py:2928} INFO - Setting next_dagrun for example_bash_operator to 2021-12-13 00:00:00+00:00
[2021-12-14 13:04:15,126] {processor.py:171} INFO - Processing /home/airflow/.local/lib/python3.7/site-packages/airflow/example_dags/example_bash_operator.py took 0.077 seconds
[2021-12-14 13:04:45,288] {processor.py:163} INFO - Started process (PID=656) to work on /home/airflow/.local/lib/python3.7/site-packages/airflow/example_dags/example_bash_operator.py
[2021-12-14 13:04:45,290] {processor.py:625} INFO - Processing file /home/airflow/.local/lib/python3.7/site-packages/airflow/example_dags/example_bash_operator.py for tasks to queue
[2021-12-14 13:04:45,291] {logging_mixin.py:109} INFO - [2021-12-14 13:04:45,291] {dagbag.py:500} INFO - Filling up the DagBag from /home/airflow/.local/lib/python3.7/site-packages/airflow/example_dags/example_bash_operator.py
[2021-12-14 13:04:45,325] {processor.py:637} INFO - DAG(s) dict_keys(['example_bash_operator']) retrieved from /home/airflow/.local/lib/python3.7/site-packages/airflow/example_dags/example_bash_operator.py
[2021-12-14 13:04:45,338] {logging_mixin.py:109} INFO - [2021-12-14 13:04:45,337] {dag.py:2396} INFO - Sync 1 DAGs
[2021-12-14 13:04:45,358] {logging_mixin.py:109} INFO - [2021-12-14 13:04:45,358] {dag.py:2928} INFO - Setting next_dagrun for example_bash_operator to 2021-12-13 00:00:00+00:00
[2021-12-14 13:04:45,367] {processor.py:171} INFO - Processing /home/airflow/.local/lib/python3.7/site-packages/airflow/example_dags/example_bash_operator.py took 0.083 seconds
[2021-12-14 13:05:15,753] {processor.py:163} INFO - Started process (PID=718) to work on /home/airflow/.local/lib/python3.7/site-packages/airflow/example_dags/example_bash_operator.py
[2021-12-14 13:05:15,754] {processor.py:625} INFO - Processing file /home/airflow/.local/lib/python3.7/site-packages/airflow/example_dags/example_bash_operator.py for tasks to queue
[2021-12-14 13:05:15,755] {logging_mixin.py:109} INFO - [2021-12-14 13:05:15,755] {dagbag.py:500} INFO - Filling up the DagBag from /home/airflow/.local/lib/python3.7/site-packages/airflow/example_dags/example_bash_operator.py
[2021-12-14 13:05:15,784] {processor.py:637} INFO - DAG(s) dict_keys(['example_bash_operator']) retrieved from /home/airflow/.local/lib/python3.7/site-packages/airflow/example_dags/example_bash_operator.py
[2021-12-14 13:05:15,794] {logging_mixin.py:109} INFO - [2021-12-14 13:05:15,794] {dag.py:2396} INFO - Sync 1 DAGs
[2021-12-14 13:05:15,811] {logging_mixin.py:109} INFO - [2021-12-14 13:05:15,810] {dag.py:2928} INFO - Setting next_dagrun for example_bash_operator to 2021-12-13 00:00:00+00:00
[2021-12-14 13:05:15,822] {processor.py:171} INFO - Processing /home/airflow/.local/lib/python3.7/site-packages/airflow/example_dags/example_bash_operator.py took 0.072 seconds
[2021-12-14 13:05:47,409] {processor.py:163} INFO - Started process (PID=790) to work on /home/airflow/.local/lib/python3.7/site-packages/airflow/example_dags/example_bash_operator.py
[2021-12-14 13:05:47,410] {processor.py:625} INFO - Processing file /home/airflow/.local/lib/python3.7/site-packages/airflow/example_dags/example_bash_operator.py for tasks to queue
[2021-12-14 13:05:47,411] {logging_mixin.py:109} INFO - [2021-12-14 13:05:47,411] {dagbag.py:500} INFO - Filling up the DagBag from /home/airflow/.local/lib/python3.7/site-packages/airflow/example_dags/example_bash_operator.py
[2021-12-14 13:05:47,440] {processor.py:637} INFO - DAG(s) dict_keys(['example_bash_operator']) retrieved from /home/airflow/.local/lib/python3.7/site-packages/airflow/example_dags/example_bash_operator.py
[2021-12-14 13:05:47,452] {logging_mixin.py:109} INFO - [2021-12-14 13:05:47,452] {dag.py:2396} INFO - Sync 1 DAGs
[2021-12-14 13:05:47,469] {logging_mixin.py:109} INFO - [2021-12-14 13:05:47,469] {dag.py:2928} INFO - Setting next_dagrun for example_bash_operator to 2021-12-13 00:00:00+00:00
[2021-12-14 13:05:47,481] {processor.py:171} INFO - Processing /home/airflow/.local/lib/python3.7/site-packages/airflow/example_dags/example_bash_operator.py took 0.075 seconds
[2021-12-14 13:06:17,776] {processor.py:163} INFO - Started process (PID=851) to work on /home/airflow/.local/lib/python3.7/site-packages/airflow/example_dags/example_bash_operator.py
[2021-12-14 13:06:17,777] {processor.py:625} INFO - Processing file /home/airflow/.local/lib/python3.7/site-packages/airflow/example_dags/example_bash_operator.py for tasks to queue
[2021-12-14 13:06:17,778] {logging_mixin.py:109} INFO - [2021-12-14 13:06:17,778] {dagbag.py:500} INFO - Filling up the DagBag from /home/airflow/.local/lib/python3.7/site-packages/airflow/example_dags/example_bash_operator.py
[2021-12-14 13:06:17,805] {processor.py:637} INFO - DAG(s) dict_keys(['example_bash_operator']) retrieved from /home/airflow/.local/lib/python3.7/site-packages/airflow/example_dags/example_bash_operator.py
[2021-12-14 13:06:17,816] {logging_mixin.py:109} INFO - [2021-12-14 13:06:17,816] {dag.py:2396} INFO - Sync 1 DAGs
[2021-12-14 13:06:17,833] {logging_mixin.py:109} INFO - [2021-12-14 13:06:17,832] {dag.py:2928} INFO - Setting next_dagrun for example_bash_operator to 2021-12-13 00:00:00+00:00
[2021-12-14 13:06:17,843] {processor.py:171} INFO - Processing /home/airflow/.local/lib/python3.7/site-packages/airflow/example_dags/example_bash_operator.py took 0.070 seconds
[2021-12-14 13:06:47,940] {processor.py:163} INFO - Started process (PID=912) to work on /home/airflow/.local/lib/python3.7/site-packages/airflow/example_dags/example_bash_operator.py
[2021-12-14 13:06:47,941] {processor.py:625} INFO - Processing file /home/airflow/.local/lib/python3.7/site-packages/airflow/example_dags/example_bash_operator.py for tasks to queue
[2021-12-14 13:06:47,943] {logging_mixin.py:109} INFO - [2021-12-14 13:06:47,943] {dagbag.py:500} INFO - Filling up the DagBag from /home/airflow/.local/lib/python3.7/site-packages/airflow/example_dags/example_bash_operator.py
[2021-12-14 13:06:47,974] {processor.py:637} INFO - DAG(s) dict_keys(['example_bash_operator']) retrieved from /home/airflow/.local/lib/python3.7/site-packages/airflow/example_dags/example_bash_operator.py
[2021-12-14 13:06:47,988] {logging_mixin.py:109} INFO - [2021-12-14 13:06:47,988] {dag.py:2396} INFO - Sync 1 DAGs
[2021-12-14 13:06:48,010] {logging_mixin.py:109} INFO - [2021-12-14 13:06:48,009] {dag.py:2928} INFO - Setting next_dagrun for example_bash_operator to 2021-12-13 00:00:00+00:00
[2021-12-14 13:06:48,023] {processor.py:171} INFO - Processing /home/airflow/.local/lib/python3.7/site-packages/airflow/example_dags/example_bash_operator.py took 0.086 seconds
[2021-12-14 13:07:18,700] {processor.py:163} INFO - Started process (PID=975) to work on /home/airflow/.local/lib/python3.7/site-packages/airflow/example_dags/example_bash_operator.py
[2021-12-14 13:07:18,702] {processor.py:625} INFO - Processing file /home/airflow/.local/lib/python3.7/site-packages/airflow/example_dags/example_bash_operator.py for tasks to queue
[2021-12-14 13:07:18,703] {logging_mixin.py:109} INFO - [2021-12-14 13:07:18,702] {dagbag.py:500} INFO - Filling up the DagBag from /home/airflow/.local/lib/python3.7/site-packages/airflow/example_dags/example_bash_operator.py
[2021-12-14 13:07:18,730] {processor.py:637} INFO - DAG(s) dict_keys(['example_bash_operator']) retrieved from /home/airflow/.local/lib/python3.7/site-packages/airflow/example_dags/example_bash_operator.py
[2021-12-14 13:07:18,740] {logging_mixin.py:109} INFO - [2021-12-14 13:07:18,740] {dag.py:2396} INFO - Sync 1 DAGs
[2021-12-14 13:07:18,758] {logging_mixin.py:109} INFO - [2021-12-14 13:07:18,757] {dag.py:2928} INFO - Setting next_dagrun for example_bash_operator to 2021-12-13 00:00:00+00:00
[2021-12-14 13:07:18,856] {processor.py:171} INFO - Processing /home/airflow/.local/lib/python3.7/site-packages/airflow/example_dags/example_bash_operator.py took 0.159 seconds
[2021-12-14 13:07:49,090] {processor.py:163} INFO - Started process (PID=1035) to work on /home/airflow/.local/lib/python3.7/site-packages/airflow/example_dags/example_bash_operator.py
[2021-12-14 13:07:49,091] {processor.py:625} INFO - Processing file /home/airflow/.local/lib/python3.7/site-packages/airflow/example_dags/example_bash_operator.py for tasks to queue
[2021-12-14 13:07:49,092] {logging_mixin.py:109} INFO - [2021-12-14 13:07:49,092] {dagbag.py:500} INFO - Filling up the DagBag from /home/airflow/.local/lib/python3.7/site-packages/airflow/example_dags/example_bash_operator.py
[2021-12-14 13:07:49,121] {processor.py:637} INFO - DAG(s) dict_keys(['example_bash_operator']) retrieved from /home/airflow/.local/lib/python3.7/site-packages/airflow/example_dags/example_bash_operator.py
[2021-12-14 13:07:49,130] {logging_mixin.py:109} INFO - [2021-12-14 13:07:49,130] {dag.py:2396} INFO - Sync 1 DAGs
[2021-12-14 13:07:49,225] {logging_mixin.py:109} INFO - [2021-12-14 13:07:49,225] {dag.py:2928} INFO - Setting next_dagrun for example_bash_operator to 2021-12-13 00:00:00+00:00
[2021-12-14 13:07:49,235] {processor.py:171} INFO - Processing /home/airflow/.local/lib/python3.7/site-packages/airflow/example_dags/example_bash_operator.py took 0.148 seconds
[2021-12-14 13:08:19,550] {processor.py:163} INFO - Started process (PID=1106) to work on /home/airflow/.local/lib/python3.7/site-packages/airflow/example_dags/example_bash_operator.py
[2021-12-14 13:08:19,552] {processor.py:625} INFO - Processing file /home/airflow/.local/lib/python3.7/site-packages/airflow/example_dags/example_bash_operator.py for tasks to queue
[2021-12-14 13:08:19,553] {logging_mixin.py:109} INFO - [2021-12-14 13:08:19,553] {dagbag.py:500} INFO - Filling up the DagBag from /home/airflow/.local/lib/python3.7/site-packages/airflow/example_dags/example_bash_operator.py
[2021-12-14 13:08:19,578] {processor.py:637} INFO - DAG(s) dict_keys(['example_bash_operator']) retrieved from /home/airflow/.local/lib/python3.7/site-packages/airflow/example_dags/example_bash_operator.py
[2021-12-14 13:08:19,588] {logging_mixin.py:109} INFO - [2021-12-14 13:08:19,588] {dag.py:2396} INFO - Sync 1 DAGs
[2021-12-14 13:08:19,680] {logging_mixin.py:109} INFO - [2021-12-14 13:08:19,680] {dag.py:2928} INFO - Setting next_dagrun for example_bash_operator to 2021-12-13 00:00:00+00:00
[2021-12-14 13:08:19,689] {processor.py:171} INFO - Processing /home/airflow/.local/lib/python3.7/site-packages/airflow/example_dags/example_bash_operator.py took 0.142 seconds
[2021-12-14 13:08:50,058] {processor.py:163} INFO - Started process (PID=1168) to work on /home/airflow/.local/lib/python3.7/site-packages/airflow/example_dags/example_bash_operator.py
[2021-12-14 13:08:50,059] {processor.py:625} INFO - Processing file /home/airflow/.local/lib/python3.7/site-packages/airflow/example_dags/example_bash_operator.py for tasks to queue
[2021-12-14 13:08:50,059] {logging_mixin.py:109} INFO - [2021-12-14 13:08:50,059] {dagbag.py:500} INFO - Filling up the DagBag from /home/airflow/.local/lib/python3.7/site-packages/airflow/example_dags/example_bash_operator.py
[2021-12-14 13:08:50,085] {processor.py:637} INFO - DAG(s) dict_keys(['example_bash_operator']) retrieved from /home/airflow/.local/lib/python3.7/site-packages/airflow/example_dags/example_bash_operator.py
[2021-12-14 13:08:50,095] {logging_mixin.py:109} INFO - [2021-12-14 13:08:50,094] {dag.py:2396} INFO - Sync 1 DAGs
[2021-12-14 13:08:50,193] {logging_mixin.py:109} INFO - [2021-12-14 13:08:50,193] {dag.py:2928} INFO - Setting next_dagrun for example_bash_operator to 2021-12-13 00:00:00+00:00
[2021-12-14 13:08:50,201] {processor.py:171} INFO - Processing /home/airflow/.local/lib/python3.7/site-packages/airflow/example_dags/example_bash_operator.py took 0.146 seconds
[2021-12-14 13:09:20,464] {processor.py:163} INFO - Started process (PID=1239) to work on /home/airflow/.local/lib/python3.7/site-packages/airflow/example_dags/example_bash_operator.py
[2021-12-14 13:09:20,465] {processor.py:625} INFO - Processing file /home/airflow/.local/lib/python3.7/site-packages/airflow/example_dags/example_bash_operator.py for tasks to queue
[2021-12-14 13:09:20,466] {logging_mixin.py:109} INFO - [2021-12-14 13:09:20,466] {dagbag.py:500} INFO - Filling up the DagBag from /home/airflow/.local/lib/python3.7/site-packages/airflow/example_dags/example_bash_operator.py
[2021-12-14 13:09:20,492] {processor.py:637} INFO - DAG(s) dict_keys(['example_bash_operator']) retrieved from /home/airflow/.local/lib/python3.7/site-packages/airflow/example_dags/example_bash_operator.py
[2021-12-14 13:09:20,502] {logging_mixin.py:109} INFO - [2021-12-14 13:09:20,501] {dag.py:2396} INFO - Sync 1 DAGs
[2021-12-14 13:09:20,593] {logging_mixin.py:109} INFO - [2021-12-14 13:09:20,593] {dag.py:2928} INFO - Setting next_dagrun for example_bash_operator to 2021-12-13 00:00:00+00:00
[2021-12-14 13:09:20,603] {processor.py:171} INFO - Processing /home/airflow/.local/lib/python3.7/site-packages/airflow/example_dags/example_bash_operator.py took 0.142 seconds
[2021-12-14 13:09:50,985] {processor.py:163} INFO - Started process (PID=1299) to work on /home/airflow/.local/lib/python3.7/site-packages/airflow/example_dags/example_bash_operator.py
[2021-12-14 13:09:50,987] {processor.py:625} INFO - Processing file /home/airflow/.local/lib/python3.7/site-packages/airflow/example_dags/example_bash_operator.py for tasks to queue
[2021-12-14 13:09:50,987] {logging_mixin.py:109} INFO - [2021-12-14 13:09:50,987] {dagbag.py:500} INFO - Filling up the DagBag from /home/airflow/.local/lib/python3.7/site-packages/airflow/example_dags/example_bash_operator.py
[2021-12-14 13:09:51,018] {processor.py:637} INFO - DAG(s) dict_keys(['example_bash_operator']) retrieved from /home/airflow/.local/lib/python3.7/site-packages/airflow/example_dags/example_bash_operator.py
[2021-12-14 13:09:51,115] {logging_mixin.py:109} INFO - [2021-12-14 13:09:51,115] {dag.py:2396} INFO - Sync 1 DAGs
[2021-12-14 13:09:51,131] {logging_mixin.py:109} INFO - [2021-12-14 13:09:51,131] {dag.py:2928} INFO - Setting next_dagrun for example_bash_operator to 2021-12-13 00:00:00+00:00
[2021-12-14 13:09:51,142] {processor.py:171} INFO - Processing /home/airflow/.local/lib/python3.7/site-packages/airflow/example_dags/example_bash_operator.py took 0.159 seconds
[2021-12-14 13:10:21,716] {processor.py:163} INFO - Started process (PID=1371) to work on /home/airflow/.local/lib/python3.7/site-packages/airflow/example_dags/example_bash_operator.py
[2021-12-14 13:10:21,717] {processor.py:625} INFO - Processing file /home/airflow/.local/lib/python3.7/site-packages/airflow/example_dags/example_bash_operator.py for tasks to queue
[2021-12-14 13:10:21,718] {logging_mixin.py:109} INFO - [2021-12-14 13:10:21,718] {dagbag.py:500} INFO - Filling up the DagBag from /home/airflow/.local/lib/python3.7/site-packages/airflow/example_dags/example_bash_operator.py
[2021-12-14 13:10:21,825] {processor.py:637} INFO - DAG(s) dict_keys(['example_bash_operator']) retrieved from /home/airflow/.local/lib/python3.7/site-packages/airflow/example_dags/example_bash_operator.py
[2021-12-14 13:10:21,834] {logging_mixin.py:109} INFO - [2021-12-14 13:10:21,833] {dag.py:2396} INFO - Sync 1 DAGs
[2021-12-14 13:10:21,846] {logging_mixin.py:109} INFO - [2021-12-14 13:10:21,846] {dag.py:2928} INFO - Setting next_dagrun for example_bash_operator to 2021-12-13 00:00:00+00:00
[2021-12-14 13:10:21,854] {processor.py:171} INFO - Processing /home/airflow/.local/lib/python3.7/site-packages/airflow/example_dags/example_bash_operator.py took 0.140 seconds
[2021-12-14 13:10:52,332] {processor.py:163} INFO - Started process (PID=1431) to work on /home/airflow/.local/lib/python3.7/site-packages/airflow/example_dags/example_bash_operator.py
[2021-12-14 13:10:52,335] {processor.py:625} INFO - Processing file /home/airflow/.local/lib/python3.7/site-packages/airflow/example_dags/example_bash_operator.py for tasks to queue
[2021-12-14 13:10:52,336] {logging_mixin.py:109} INFO - [2021-12-14 13:10:52,336] {dagbag.py:500} INFO - Filling up the DagBag from /home/airflow/.local/lib/python3.7/site-packages/airflow/example_dags/example_bash_operator.py
[2021-12-14 13:10:52,454] {processor.py:637} INFO - DAG(s) dict_keys(['example_bash_operator']) retrieved from /home/airflow/.local/lib/python3.7/site-packages/airflow/example_dags/example_bash_operator.py
[2021-12-14 13:10:52,464] {logging_mixin.py:109} INFO - [2021-12-14 13:10:52,464] {dag.py:2396} INFO - Sync 1 DAGs
[2021-12-14 13:10:52,482] {logging_mixin.py:109} INFO - [2021-12-14 13:10:52,482] {dag.py:2928} INFO - Setting next_dagrun for example_bash_operator to 2021-12-13 00:00:00+00:00
[2021-12-14 13:10:52,492] {processor.py:171} INFO - Processing /home/airflow/.local/lib/python3.7/site-packages/airflow/example_dags/example_bash_operator.py took 0.163 seconds
[2021-12-14 13:11:23,169] {processor.py:163} INFO - Started process (PID=1501) to work on /home/airflow/.local/lib/python3.7/site-packages/airflow/example_dags/example_bash_operator.py
[2021-12-14 13:11:23,170] {processor.py:625} INFO - Processing file /home/airflow/.local/lib/python3.7/site-packages/airflow/example_dags/example_bash_operator.py for tasks to queue
[2021-12-14 13:11:23,171] {logging_mixin.py:109} INFO - [2021-12-14 13:11:23,170] {dagbag.py:500} INFO - Filling up the DagBag from /home/airflow/.local/lib/python3.7/site-packages/airflow/example_dags/example_bash_operator.py
[2021-12-14 13:11:23,278] {processor.py:637} INFO - DAG(s) dict_keys(['example_bash_operator']) retrieved from /home/airflow/.local/lib/python3.7/site-packages/airflow/example_dags/example_bash_operator.py
[2021-12-14 13:11:23,287] {logging_mixin.py:109} INFO - [2021-12-14 13:11:23,287] {dag.py:2396} INFO - Sync 1 DAGs
[2021-12-14 13:11:23,299] {logging_mixin.py:109} INFO - [2021-12-14 13:11:23,299] {dag.py:2928} INFO - Setting next_dagrun for example_bash_operator to 2021-12-13 00:00:00+00:00
[2021-12-14 13:11:23,309] {processor.py:171} INFO - Processing /home/airflow/.local/lib/python3.7/site-packages/airflow/example_dags/example_bash_operator.py took 0.143 seconds
[2021-12-14 13:11:53,664] {processor.py:163} INFO - Started process (PID=1563) to work on /home/airflow/.local/lib/python3.7/site-packages/airflow/example_dags/example_bash_operator.py
[2021-12-14 13:11:53,666] {processor.py:625} INFO - Processing file /home/airflow/.local/lib/python3.7/site-packages/airflow/example_dags/example_bash_operator.py for tasks to queue
[2021-12-14 13:11:53,667] {logging_mixin.py:109} INFO - [2021-12-14 13:11:53,666] {dagbag.py:500} INFO - Filling up the DagBag from /home/airflow/.local/lib/python3.7/site-packages/airflow/example_dags/example_bash_operator.py
[2021-12-14 13:11:53,791] {processor.py:637} INFO - DAG(s) dict_keys(['example_bash_operator']) retrieved from /home/airflow/.local/lib/python3.7/site-packages/airflow/example_dags/example_bash_operator.py
[2021-12-14 13:11:53,799] {logging_mixin.py:109} INFO - [2021-12-14 13:11:53,799] {dag.py:2396} INFO - Sync 1 DAGs
[2021-12-14 13:11:53,812] {logging_mixin.py:109} INFO - [2021-12-14 13:11:53,811] {dag.py:2928} INFO - Setting next_dagrun for example_bash_operator to 2021-12-13 00:00:00+00:00
[2021-12-14 13:11:53,820] {processor.py:171} INFO - Processing /home/airflow/.local/lib/python3.7/site-packages/airflow/example_dags/example_bash_operator.py took 0.159 seconds
[2021-12-14 13:12:23,892] {processor.py:163} INFO - Started process (PID=1634) to work on /home/airflow/.local/lib/python3.7/site-packages/airflow/example_dags/example_bash_operator.py
[2021-12-14 13:12:23,894] {processor.py:625} INFO - Processing file /home/airflow/.local/lib/python3.7/site-packages/airflow/example_dags/example_bash_operator.py for tasks to queue
[2021-12-14 13:12:23,894] {logging_mixin.py:109} INFO - [2021-12-14 13:12:23,894] {dagbag.py:500} INFO - Filling up the DagBag from /home/airflow/.local/lib/python3.7/site-packages/airflow/example_dags/example_bash_operator.py
[2021-12-14 13:12:23,997] {processor.py:637} INFO - DAG(s) dict_keys(['example_bash_operator']) retrieved from /home/airflow/.local/lib/python3.7/site-packages/airflow/example_dags/example_bash_operator.py
[2021-12-14 13:12:24,007] {logging_mixin.py:109} INFO - [2021-12-14 13:12:24,007] {dag.py:2396} INFO - Sync 1 DAGs
[2021-12-14 13:12:24,029] {logging_mixin.py:109} INFO - [2021-12-14 13:12:24,029] {dag.py:2928} INFO - Setting next_dagrun for example_bash_operator to 2021-12-13 00:00:00+00:00
[2021-12-14 13:12:24,045] {processor.py:171} INFO - Processing /home/airflow/.local/lib/python3.7/site-packages/airflow/example_dags/example_bash_operator.py took 0.156 seconds
[2021-12-14 13:12:54,153] {processor.py:163} INFO - Started process (PID=1696) to work on /home/airflow/.local/lib/python3.7/site-packages/airflow/example_dags/example_bash_operator.py
[2021-12-14 13:12:54,155] {processor.py:625} INFO - Processing file /home/airflow/.local/lib/python3.7/site-packages/airflow/example_dags/example_bash_operator.py for tasks to queue
[2021-12-14 13:12:54,156] {logging_mixin.py:109} INFO - [2021-12-14 13:12:54,156] {dagbag.py:500} INFO - Filling up the DagBag from /home/airflow/.local/lib/python3.7/site-packages/airflow/example_dags/example_bash_operator.py
[2021-12-14 13:12:54,180] {processor.py:637} INFO - DAG(s) dict_keys(['example_bash_operator']) retrieved from /home/airflow/.local/lib/python3.7/site-packages/airflow/example_dags/example_bash_operator.py
[2021-12-14 13:12:54,189] {logging_mixin.py:109} INFO - [2021-12-14 13:12:54,189] {dag.py:2396} INFO - Sync 1 DAGs
[2021-12-14 13:12:54,202] {logging_mixin.py:109} INFO - [2021-12-14 13:12:54,202] {dag.py:2928} INFO - Setting next_dagrun for example_bash_operator to 2021-12-13 00:00:00+00:00
[2021-12-14 13:12:54,213] {processor.py:171} INFO - Processing /home/airflow/.local/lib/python3.7/site-packages/airflow/example_dags/example_bash_operator.py took 0.062 seconds
[2021-12-14 13:13:24,259] {processor.py:163} INFO - Started process (PID=1768) to work on /home/airflow/.local/lib/python3.7/site-packages/airflow/example_dags/example_bash_operator.py
[2021-12-14 13:13:24,260] {processor.py:625} INFO - Processing file /home/airflow/.local/lib/python3.7/site-packages/airflow/example_dags/example_bash_operator.py for tasks to queue
[2021-12-14 13:13:24,261] {logging_mixin.py:109} INFO - [2021-12-14 13:13:24,261] {dagbag.py:500} INFO - Filling up the DagBag from /home/airflow/.local/lib/python3.7/site-packages/airflow/example_dags/example_bash_operator.py
[2021-12-14 13:13:24,297] {processor.py:637} INFO - DAG(s) dict_keys(['example_bash_operator']) retrieved from /home/airflow/.local/lib/python3.7/site-packages/airflow/example_dags/example_bash_operator.py
[2021-12-14 13:13:24,314] {logging_mixin.py:109} INFO - [2021-12-14 13:13:24,314] {dag.py:2396} INFO - Sync 1 DAGs
[2021-12-14 13:13:24,332] {logging_mixin.py:109} INFO - [2021-12-14 13:13:24,332] {dag.py:2928} INFO - Setting next_dagrun for example_bash_operator to 2021-12-13 00:00:00+00:00
[2021-12-14 13:13:24,342] {processor.py:171} INFO - Processing /home/airflow/.local/lib/python3.7/site-packages/airflow/example_dags/example_bash_operator.py took 0.087 seconds
[2021-12-14 13:13:54,480] {processor.py:163} INFO - Started process (PID=1828) to work on /home/airflow/.local/lib/python3.7/site-packages/airflow/example_dags/example_bash_operator.py
[2021-12-14 13:13:54,481] {processor.py:625} INFO - Processing file /home/airflow/.local/lib/python3.7/site-packages/airflow/example_dags/example_bash_operator.py for tasks to queue
[2021-12-14 13:13:54,482] {logging_mixin.py:109} INFO - [2021-12-14 13:13:54,482] {dagbag.py:500} INFO - Filling up the DagBag from /home/airflow/.local/lib/python3.7/site-packages/airflow/example_dags/example_bash_operator.py
[2021-12-14 13:13:54,513] {processor.py:637} INFO - DAG(s) dict_keys(['example_bash_operator']) retrieved from /home/airflow/.local/lib/python3.7/site-packages/airflow/example_dags/example_bash_operator.py
[2021-12-14 13:13:54,524] {logging_mixin.py:109} INFO - [2021-12-14 13:13:54,524] {dag.py:2396} INFO - Sync 1 DAGs
[2021-12-14 13:13:54,544] {logging_mixin.py:109} INFO - [2021-12-14 13:13:54,544] {dag.py:2928} INFO - Setting next_dagrun for example_bash_operator to 2021-12-13 00:00:00+00:00
[2021-12-14 13:13:54,554] {processor.py:171} INFO - Processing /home/airflow/.local/lib/python3.7/site-packages/airflow/example_dags/example_bash_operator.py took 0.078 seconds
[2021-12-14 13:14:24,843] {processor.py:163} INFO - Started process (PID=1890) to work on /home/airflow/.local/lib/python3.7/site-packages/airflow/example_dags/example_bash_operator.py
[2021-12-14 13:14:24,844] {processor.py:625} INFO - Processing file /home/airflow/.local/lib/python3.7/site-packages/airflow/example_dags/example_bash_operator.py for tasks to queue
[2021-12-14 13:14:24,845] {logging_mixin.py:109} INFO - [2021-12-14 13:14:24,845] {dagbag.py:500} INFO - Filling up the DagBag from /home/airflow/.local/lib/python3.7/site-packages/airflow/example_dags/example_bash_operator.py
[2021-12-14 13:14:24,872] {processor.py:637} INFO - DAG(s) dict_keys(['example_bash_operator']) retrieved from /home/airflow/.local/lib/python3.7/site-packages/airflow/example_dags/example_bash_operator.py
[2021-12-14 13:14:24,881] {logging_mixin.py:109} INFO - [2021-12-14 13:14:24,881] {dag.py:2396} INFO - Sync 1 DAGs
[2021-12-14 13:14:24,895] {logging_mixin.py:109} INFO - [2021-12-14 13:14:24,894] {dag.py:2928} INFO - Setting next_dagrun for example_bash_operator to 2021-12-13 00:00:00+00:00
[2021-12-14 13:14:24,903] {processor.py:171} INFO - Processing /home/airflow/.local/lib/python3.7/site-packages/airflow/example_dags/example_bash_operator.py took 0.063 seconds
[2021-12-14 13:14:55,567] {processor.py:163} INFO - Started process (PID=1962) to work on /home/airflow/.local/lib/python3.7/site-packages/airflow/example_dags/example_bash_operator.py
[2021-12-14 13:14:55,568] {processor.py:625} INFO - Processing file /home/airflow/.local/lib/python3.7/site-packages/airflow/example_dags/example_bash_operator.py for tasks to queue
[2021-12-14 13:14:55,569] {logging_mixin.py:109} INFO - [2021-12-14 13:14:55,569] {dagbag.py:500} INFO - Filling up the DagBag from /home/airflow/.local/lib/python3.7/site-packages/airflow/example_dags/example_bash_operator.py
[2021-12-14 13:14:55,595] {processor.py:637} INFO - DAG(s) dict_keys(['example_bash_operator']) retrieved from /home/airflow/.local/lib/python3.7/site-packages/airflow/example_dags/example_bash_operator.py
[2021-12-14 13:14:55,605] {logging_mixin.py:109} INFO - [2021-12-14 13:14:55,605] {dag.py:2396} INFO - Sync 1 DAGs
[2021-12-14 13:14:55,619] {logging_mixin.py:109} INFO - [2021-12-14 13:14:55,619] {dag.py:2928} INFO - Setting next_dagrun for example_bash_operator to 2021-12-13 00:00:00+00:00
[2021-12-14 13:14:55,628] {processor.py:171} INFO - Processing /home/airflow/.local/lib/python3.7/site-packages/airflow/example_dags/example_bash_operator.py took 0.063 seconds
[2021-12-14 13:15:25,908] {processor.py:163} INFO - Started process (PID=2023) to work on /home/airflow/.local/lib/python3.7/site-packages/airflow/example_dags/example_bash_operator.py
[2021-12-14 13:15:25,909] {processor.py:625} INFO - Processing file /home/airflow/.local/lib/python3.7/site-packages/airflow/example_dags/example_bash_operator.py for tasks to queue
[2021-12-14 13:15:25,910] {logging_mixin.py:109} INFO - [2021-12-14 13:15:25,909] {dagbag.py:500} INFO - Filling up the DagBag from /home/airflow/.local/lib/python3.7/site-packages/airflow/example_dags/example_bash_operator.py
[2021-12-14 13:15:25,934] {processor.py:637} INFO - DAG(s) dict_keys(['example_bash_operator']) retrieved from /home/airflow/.local/lib/python3.7/site-packages/airflow/example_dags/example_bash_operator.py
[2021-12-14 13:15:25,943] {logging_mixin.py:109} INFO - [2021-12-14 13:15:25,943] {dag.py:2396} INFO - Sync 1 DAGs
[2021-12-14 13:15:25,956] {logging_mixin.py:109} INFO - [2021-12-14 13:15:25,956] {dag.py:2928} INFO - Setting next_dagrun for example_bash_operator to 2021-12-13 00:00:00+00:00
[2021-12-14 13:15:25,967] {processor.py:171} INFO - Processing /home/airflow/.local/lib/python3.7/site-packages/airflow/example_dags/example_bash_operator.py took 0.062 seconds
[2021-12-14 13:15:56,158] {processor.py:163} INFO - Started process (PID=2095) to work on /home/airflow/.local/lib/python3.7/site-packages/airflow/example_dags/example_bash_operator.py
[2021-12-14 13:15:56,159] {processor.py:625} INFO - Processing file /home/airflow/.local/lib/python3.7/site-packages/airflow/example_dags/example_bash_operator.py for tasks to queue
[2021-12-14 13:15:56,160] {logging_mixin.py:109} INFO - [2021-12-14 13:15:56,160] {dagbag.py:500} INFO - Filling up the DagBag from /home/airflow/.local/lib/python3.7/site-packages/airflow/example_dags/example_bash_operator.py
[2021-12-14 13:15:56,187] {processor.py:637} INFO - DAG(s) dict_keys(['example_bash_operator']) retrieved from /home/airflow/.local/lib/python3.7/site-packages/airflow/example_dags/example_bash_operator.py
[2021-12-14 13:15:56,197] {logging_mixin.py:109} INFO - [2021-12-14 13:15:56,197] {dag.py:2396} INFO - Sync 1 DAGs
[2021-12-14 13:15:56,212] {logging_mixin.py:109} INFO - [2021-12-14 13:15:56,212] {dag.py:2928} INFO - Setting next_dagrun for example_bash_operator to 2021-12-13 00:00:00+00:00
[2021-12-14 13:15:56,221] {processor.py:171} INFO - Processing /home/airflow/.local/lib/python3.7/site-packages/airflow/example_dags/example_bash_operator.py took 0.066 seconds
[2021-12-14 13:16:27,145] {processor.py:163} INFO - Started process (PID=2157) to work on /home/airflow/.local/lib/python3.7/site-packages/airflow/example_dags/example_bash_operator.py
[2021-12-14 13:16:27,146] {processor.py:625} INFO - Processing file /home/airflow/.local/lib/python3.7/site-packages/airflow/example_dags/example_bash_operator.py for tasks to queue
[2021-12-14 13:16:27,147] {logging_mixin.py:109} INFO - [2021-12-14 13:16:27,147] {dagbag.py:500} INFO - Filling up the DagBag from /home/airflow/.local/lib/python3.7/site-packages/airflow/example_dags/example_bash_operator.py
[2021-12-14 13:16:27,177] {processor.py:637} INFO - DAG(s) dict_keys(['example_bash_operator']) retrieved from /home/airflow/.local/lib/python3.7/site-packages/airflow/example_dags/example_bash_operator.py
[2021-12-14 13:16:27,188] {logging_mixin.py:109} INFO - [2021-12-14 13:16:27,188] {dag.py:2396} INFO - Sync 1 DAGs
[2021-12-14 13:16:27,202] {logging_mixin.py:109} INFO - [2021-12-14 13:16:27,202] {dag.py:2928} INFO - Setting next_dagrun for example_bash_operator to 2021-12-13 00:00:00+00:00
[2021-12-14 13:16:27,210] {processor.py:171} INFO - Processing /home/airflow/.local/lib/python3.7/site-packages/airflow/example_dags/example_bash_operator.py took 0.068 seconds
[2021-12-14 13:16:57,554] {processor.py:163} INFO - Started process (PID=2227) to work on /home/airflow/.local/lib/python3.7/site-packages/airflow/example_dags/example_bash_operator.py
[2021-12-14 13:16:57,556] {processor.py:625} INFO - Processing file /home/airflow/.local/lib/python3.7/site-packages/airflow/example_dags/example_bash_operator.py for tasks to queue
[2021-12-14 13:16:57,557] {logging_mixin.py:109} INFO - [2021-12-14 13:16:57,557] {dagbag.py:500} INFO - Filling up the DagBag from /home/airflow/.local/lib/python3.7/site-packages/airflow/example_dags/example_bash_operator.py
[2021-12-14 13:16:57,592] {processor.py:637} INFO - DAG(s) dict_keys(['example_bash_operator']) retrieved from /home/airflow/.local/lib/python3.7/site-packages/airflow/example_dags/example_bash_operator.py
[2021-12-14 13:16:57,603] {logging_mixin.py:109} INFO - [2021-12-14 13:16:57,603] {dag.py:2396} INFO - Sync 1 DAGs
[2021-12-14 13:16:57,619] {logging_mixin.py:109} INFO - [2021-12-14 13:16:57,619] {dag.py:2928} INFO - Setting next_dagrun for example_bash_operator to 2021-12-13 00:00:00+00:00
[2021-12-14 13:16:57,628] {processor.py:171} INFO - Processing /home/airflow/.local/lib/python3.7/site-packages/airflow/example_dags/example_bash_operator.py took 0.077 seconds
[2021-12-14 13:17:27,859] {processor.py:163} INFO - Started process (PID=2289) to work on /home/airflow/.local/lib/python3.7/site-packages/airflow/example_dags/example_bash_operator.py
[2021-12-14 13:17:27,861] {processor.py:625} INFO - Processing file /home/airflow/.local/lib/python3.7/site-packages/airflow/example_dags/example_bash_operator.py for tasks to queue
[2021-12-14 13:17:27,861] {logging_mixin.py:109} INFO - [2021-12-14 13:17:27,861] {dagbag.py:500} INFO - Filling up the DagBag from /home/airflow/.local/lib/python3.7/site-packages/airflow/example_dags/example_bash_operator.py
[2021-12-14 13:17:27,892] {processor.py:637} INFO - DAG(s) dict_keys(['example_bash_operator']) retrieved from /home/airflow/.local/lib/python3.7/site-packages/airflow/example_dags/example_bash_operator.py
[2021-12-14 13:17:27,901] {logging_mixin.py:109} INFO - [2021-12-14 13:17:27,901] {dag.py:2396} INFO - Sync 1 DAGs
[2021-12-14 13:17:27,915] {logging_mixin.py:109} INFO - [2021-12-14 13:17:27,915] {dag.py:2928} INFO - Setting next_dagrun for example_bash_operator to 2021-12-13 00:00:00+00:00
[2021-12-14 13:17:27,925] {processor.py:171} INFO - Processing /home/airflow/.local/lib/python3.7/site-packages/airflow/example_dags/example_bash_operator.py took 0.068 seconds
[2021-12-14 13:17:58,094] {processor.py:163} INFO - Started process (PID=2359) to work on /home/airflow/.local/lib/python3.7/site-packages/airflow/example_dags/example_bash_operator.py
[2021-12-14 13:17:58,095] {processor.py:625} INFO - Processing file /home/airflow/.local/lib/python3.7/site-packages/airflow/example_dags/example_bash_operator.py for tasks to queue
[2021-12-14 13:17:58,096] {logging_mixin.py:109} INFO - [2021-12-14 13:17:58,096] {dagbag.py:500} INFO - Filling up the DagBag from /home/airflow/.local/lib/python3.7/site-packages/airflow/example_dags/example_bash_operator.py
[2021-12-14 13:17:58,123] {processor.py:637} INFO - DAG(s) dict_keys(['example_bash_operator']) retrieved from /home/airflow/.local/lib/python3.7/site-packages/airflow/example_dags/example_bash_operator.py
[2021-12-14 13:17:58,132] {logging_mixin.py:109} INFO - [2021-12-14 13:17:58,132] {dag.py:2396} INFO - Sync 1 DAGs
[2021-12-14 13:17:58,145] {logging_mixin.py:109} INFO - [2021-12-14 13:17:58,145] {dag.py:2928} INFO - Setting next_dagrun for example_bash_operator to 2021-12-13 00:00:00+00:00
[2021-12-14 13:17:58,155] {processor.py:171} INFO - Processing /home/airflow/.local/lib/python3.7/site-packages/airflow/example_dags/example_bash_operator.py took 0.063 seconds
[2021-12-14 13:18:28,827] {processor.py:163} INFO - Started process (PID=2421) to work on /home/airflow/.local/lib/python3.7/site-packages/airflow/example_dags/example_bash_operator.py
[2021-12-14 13:18:28,828] {processor.py:625} INFO - Processing file /home/airflow/.local/lib/python3.7/site-packages/airflow/example_dags/example_bash_operator.py for tasks to queue
[2021-12-14 13:18:28,829] {logging_mixin.py:109} INFO - [2021-12-14 13:18:28,829] {dagbag.py:500} INFO - Filling up the DagBag from /home/airflow/.local/lib/python3.7/site-packages/airflow/example_dags/example_bash_operator.py
[2021-12-14 13:18:28,854] {processor.py:637} INFO - DAG(s) dict_keys(['example_bash_operator']) retrieved from /home/airflow/.local/lib/python3.7/site-packages/airflow/example_dags/example_bash_operator.py
[2021-12-14 13:18:28,863] {logging_mixin.py:109} INFO - [2021-12-14 13:18:28,863] {dag.py:2396} INFO - Sync 1 DAGs
[2021-12-14 13:18:28,877] {logging_mixin.py:109} INFO - [2021-12-14 13:18:28,877] {dag.py:2928} INFO - Setting next_dagrun for example_bash_operator to 2021-12-13 00:00:00+00:00
[2021-12-14 13:18:28,887] {processor.py:171} INFO - Processing /home/airflow/.local/lib/python3.7/site-packages/airflow/example_dags/example_bash_operator.py took 0.062 seconds
[2021-12-14 13:18:59,204] {processor.py:163} INFO - Started process (PID=2492) to work on /home/airflow/.local/lib/python3.7/site-packages/airflow/example_dags/example_bash_operator.py
[2021-12-14 13:18:59,206] {processor.py:625} INFO - Processing file /home/airflow/.local/lib/python3.7/site-packages/airflow/example_dags/example_bash_operator.py for tasks to queue
[2021-12-14 13:18:59,207] {logging_mixin.py:109} INFO - [2021-12-14 13:18:59,207] {dagbag.py:500} INFO - Filling up the DagBag from /home/airflow/.local/lib/python3.7/site-packages/airflow/example_dags/example_bash_operator.py
[2021-12-14 13:18:59,248] {processor.py:637} INFO - DAG(s) dict_keys(['example_bash_operator']) retrieved from /home/airflow/.local/lib/python3.7/site-packages/airflow/example_dags/example_bash_operator.py
[2021-12-14 13:18:59,266] {logging_mixin.py:109} INFO - [2021-12-14 13:18:59,266] {dag.py:2396} INFO - Sync 1 DAGs
[2021-12-14 13:18:59,296] {logging_mixin.py:109} INFO - [2021-12-14 13:18:59,296] {dag.py:2928} INFO - Setting next_dagrun for example_bash_operator to 2021-12-13 00:00:00+00:00
[2021-12-14 13:18:59,310] {processor.py:171} INFO - Processing /home/airflow/.local/lib/python3.7/site-packages/airflow/example_dags/example_bash_operator.py took 0.115 seconds
[2021-12-14 13:19:29,693] {processor.py:163} INFO - Started process (PID=2553) to work on /home/airflow/.local/lib/python3.7/site-packages/airflow/example_dags/example_bash_operator.py
[2021-12-14 13:19:29,694] {processor.py:625} INFO - Processing file /home/airflow/.local/lib/python3.7/site-packages/airflow/example_dags/example_bash_operator.py for tasks to queue
[2021-12-14 13:19:29,695] {logging_mixin.py:109} INFO - [2021-12-14 13:19:29,695] {dagbag.py:500} INFO - Filling up the DagBag from /home/airflow/.local/lib/python3.7/site-packages/airflow/example_dags/example_bash_operator.py
[2021-12-14 13:19:29,720] {processor.py:637} INFO - DAG(s) dict_keys(['example_bash_operator']) retrieved from /home/airflow/.local/lib/python3.7/site-packages/airflow/example_dags/example_bash_operator.py
[2021-12-14 13:19:29,730] {logging_mixin.py:109} INFO - [2021-12-14 13:19:29,730] {dag.py:2396} INFO - Sync 1 DAGs
[2021-12-14 13:19:29,746] {logging_mixin.py:109} INFO - [2021-12-14 13:19:29,746] {dag.py:2928} INFO - Setting next_dagrun for example_bash_operator to 2021-12-13 00:00:00+00:00
[2021-12-14 13:19:29,755] {processor.py:171} INFO - Processing /home/airflow/.local/lib/python3.7/site-packages/airflow/example_dags/example_bash_operator.py took 0.065 seconds
[2021-12-14 13:20:01,333] {processor.py:163} INFO - Started process (PID=2625) to work on /home/airflow/.local/lib/python3.7/site-packages/airflow/example_dags/example_bash_operator.py
[2021-12-14 13:20:01,335] {processor.py:625} INFO - Processing file /home/airflow/.local/lib/python3.7/site-packages/airflow/example_dags/example_bash_operator.py for tasks to queue
[2021-12-14 13:20:01,335] {logging_mixin.py:109} INFO - [2021-12-14 13:20:01,335] {dagbag.py:500} INFO - Filling up the DagBag from /home/airflow/.local/lib/python3.7/site-packages/airflow/example_dags/example_bash_operator.py
[2021-12-14 13:20:01,362] {processor.py:637} INFO - DAG(s) dict_keys(['example_bash_operator']) retrieved from /home/airflow/.local/lib/python3.7/site-packages/airflow/example_dags/example_bash_operator.py
[2021-12-14 13:20:01,373] {logging_mixin.py:109} INFO - [2021-12-14 13:20:01,373] {dag.py:2396} INFO - Sync 1 DAGs
[2021-12-14 13:20:01,390] {logging_mixin.py:109} INFO - [2021-12-14 13:20:01,390] {dag.py:2928} INFO - Setting next_dagrun for example_bash_operator to 2021-12-13 00:00:00+00:00
[2021-12-14 13:20:01,400] {processor.py:171} INFO - Processing /home/airflow/.local/lib/python3.7/site-packages/airflow/example_dags/example_bash_operator.py took 0.070 seconds
[2021-12-14 13:20:31,648] {processor.py:163} INFO - Started process (PID=2686) to work on /home/airflow/.local/lib/python3.7/site-packages/airflow/example_dags/example_bash_operator.py
[2021-12-14 13:20:31,649] {processor.py:625} INFO - Processing file /home/airflow/.local/lib/python3.7/site-packages/airflow/example_dags/example_bash_operator.py for tasks to queue
[2021-12-14 13:20:31,649] {logging_mixin.py:109} INFO - [2021-12-14 13:20:31,649] {dagbag.py:500} INFO - Filling up the DagBag from /home/airflow/.local/lib/python3.7/site-packages/airflow/example_dags/example_bash_operator.py
[2021-12-14 13:20:31,674] {processor.py:637} INFO - DAG(s) dict_keys(['example_bash_operator']) retrieved from /home/airflow/.local/lib/python3.7/site-packages/airflow/example_dags/example_bash_operator.py
[2021-12-14 13:20:31,685] {logging_mixin.py:109} INFO - [2021-12-14 13:20:31,685] {dag.py:2396} INFO - Sync 1 DAGs
[2021-12-14 13:20:31,700] {logging_mixin.py:109} INFO - [2021-12-14 13:20:31,700] {dag.py:2928} INFO - Setting next_dagrun for example_bash_operator to 2021-12-13 00:00:00+00:00
[2021-12-14 13:20:31,709] {processor.py:171} INFO - Processing /home/airflow/.local/lib/python3.7/site-packages/airflow/example_dags/example_bash_operator.py took 0.064 seconds
[2021-12-14 13:21:02,005] {processor.py:163} INFO - Started process (PID=2756) to work on /home/airflow/.local/lib/python3.7/site-packages/airflow/example_dags/example_bash_operator.py
[2021-12-14 13:21:02,006] {processor.py:625} INFO - Processing file /home/airflow/.local/lib/python3.7/site-packages/airflow/example_dags/example_bash_operator.py for tasks to queue
[2021-12-14 13:21:02,007] {logging_mixin.py:109} INFO - [2021-12-14 13:21:02,007] {dagbag.py:500} INFO - Filling up the DagBag from /home/airflow/.local/lib/python3.7/site-packages/airflow/example_dags/example_bash_operator.py
[2021-12-14 13:21:02,036] {processor.py:637} INFO - DAG(s) dict_keys(['example_bash_operator']) retrieved from /home/airflow/.local/lib/python3.7/site-packages/airflow/example_dags/example_bash_operator.py
[2021-12-14 13:21:02,047] {logging_mixin.py:109} INFO - [2021-12-14 13:21:02,047] {dag.py:2396} INFO - Sync 1 DAGs
[2021-12-14 13:21:02,069] {logging_mixin.py:109} INFO - [2021-12-14 13:21:02,068] {dag.py:2928} INFO - Setting next_dagrun for example_bash_operator to 2021-12-13 00:00:00+00:00
[2021-12-14 13:21:02,082] {processor.py:171} INFO - Processing /home/airflow/.local/lib/python3.7/site-packages/airflow/example_dags/example_bash_operator.py took 0.081 seconds
[2021-12-14 13:21:32,541] {processor.py:163} INFO - Started process (PID=2817) to work on /home/airflow/.local/lib/python3.7/site-packages/airflow/example_dags/example_bash_operator.py
[2021-12-14 13:21:32,543] {processor.py:625} INFO - Processing file /home/airflow/.local/lib/python3.7/site-packages/airflow/example_dags/example_bash_operator.py for tasks to queue
[2021-12-14 13:21:32,544] {logging_mixin.py:109} INFO - [2021-12-14 13:21:32,544] {dagbag.py:500} INFO - Filling up the DagBag from /home/airflow/.local/lib/python3.7/site-packages/airflow/example_dags/example_bash_operator.py
[2021-12-14 13:21:32,634] {processor.py:637} INFO - DAG(s) dict_keys(['example_bash_operator']) retrieved from /home/airflow/.local/lib/python3.7/site-packages/airflow/example_dags/example_bash_operator.py
[2021-12-14 13:21:32,654] {logging_mixin.py:109} INFO - [2021-12-14 13:21:32,654] {dag.py:2396} INFO - Sync 1 DAGs
[2021-12-14 13:21:32,693] {logging_mixin.py:109} INFO - [2021-12-14 13:21:32,693] {dag.py:2928} INFO - Setting next_dagrun for example_bash_operator to 2021-12-13 00:00:00+00:00
[2021-12-14 13:21:32,709] {processor.py:171} INFO - Processing /home/airflow/.local/lib/python3.7/site-packages/airflow/example_dags/example_bash_operator.py took 0.173 seconds
[2021-12-14 13:22:03,300] {processor.py:163} INFO - Started process (PID=2888) to work on /home/airflow/.local/lib/python3.7/site-packages/airflow/example_dags/example_bash_operator.py
[2021-12-14 13:22:03,301] {processor.py:625} INFO - Processing file /home/airflow/.local/lib/python3.7/site-packages/airflow/example_dags/example_bash_operator.py for tasks to queue
[2021-12-14 13:22:03,301] {logging_mixin.py:109} INFO - [2021-12-14 13:22:03,301] {dagbag.py:500} INFO - Filling up the DagBag from /home/airflow/.local/lib/python3.7/site-packages/airflow/example_dags/example_bash_operator.py
[2021-12-14 13:22:03,326] {processor.py:637} INFO - DAG(s) dict_keys(['example_bash_operator']) retrieved from /home/airflow/.local/lib/python3.7/site-packages/airflow/example_dags/example_bash_operator.py
[2021-12-14 13:22:03,336] {logging_mixin.py:109} INFO - [2021-12-14 13:22:03,335] {dag.py:2396} INFO - Sync 1 DAGs
[2021-12-14 13:22:03,353] {logging_mixin.py:109} INFO - [2021-12-14 13:22:03,353] {dag.py:2928} INFO - Setting next_dagrun for example_bash_operator to 2021-12-13 00:00:00+00:00
[2021-12-14 13:22:03,365] {processor.py:171} INFO - Processing /home/airflow/.local/lib/python3.7/site-packages/airflow/example_dags/example_bash_operator.py took 0.068 seconds
[2021-12-14 13:22:33,849] {processor.py:163} INFO - Started process (PID=2949) to work on /home/airflow/.local/lib/python3.7/site-packages/airflow/example_dags/example_bash_operator.py
[2021-12-14 13:22:33,850] {processor.py:625} INFO - Processing file /home/airflow/.local/lib/python3.7/site-packages/airflow/example_dags/example_bash_operator.py for tasks to queue
[2021-12-14 13:22:33,851] {logging_mixin.py:109} INFO - [2021-12-14 13:22:33,851] {dagbag.py:500} INFO - Filling up the DagBag from /home/airflow/.local/lib/python3.7/site-packages/airflow/example_dags/example_bash_operator.py
[2021-12-14 13:22:33,875] {processor.py:637} INFO - DAG(s) dict_keys(['example_bash_operator']) retrieved from /home/airflow/.local/lib/python3.7/site-packages/airflow/example_dags/example_bash_operator.py
[2021-12-14 13:22:33,884] {logging_mixin.py:109} INFO - [2021-12-14 13:22:33,884] {dag.py:2396} INFO - Sync 1 DAGs
[2021-12-14 13:22:33,898] {logging_mixin.py:109} INFO - [2021-12-14 13:22:33,898] {dag.py:2928} INFO - Setting next_dagrun for example_bash_operator to 2021-12-13 00:00:00+00:00
[2021-12-14 13:22:33,908] {processor.py:171} INFO - Processing /home/airflow/.local/lib/python3.7/site-packages/airflow/example_dags/example_bash_operator.py took 0.062 seconds
[2021-12-14 13:23:04,112] {processor.py:163} INFO - Started process (PID=3021) to work on /home/airflow/.local/lib/python3.7/site-packages/airflow/example_dags/example_bash_operator.py
[2021-12-14 13:23:04,114] {processor.py:625} INFO - Processing file /home/airflow/.local/lib/python3.7/site-packages/airflow/example_dags/example_bash_operator.py for tasks to queue
[2021-12-14 13:23:04,115] {logging_mixin.py:109} INFO - [2021-12-14 13:23:04,115] {dagbag.py:500} INFO - Filling up the DagBag from /home/airflow/.local/lib/python3.7/site-packages/airflow/example_dags/example_bash_operator.py
[2021-12-14 13:23:04,145] {processor.py:637} INFO - DAG(s) dict_keys(['example_bash_operator']) retrieved from /home/airflow/.local/lib/python3.7/site-packages/airflow/example_dags/example_bash_operator.py
[2021-12-14 13:23:04,159] {logging_mixin.py:109} INFO - [2021-12-14 13:23:04,158] {dag.py:2396} INFO - Sync 1 DAGs
[2021-12-14 13:23:04,177] {logging_mixin.py:109} INFO - [2021-12-14 13:23:04,177] {dag.py:2928} INFO - Setting next_dagrun for example_bash_operator to 2021-12-13 00:00:00+00:00
[2021-12-14 13:23:04,187] {processor.py:171} INFO - Processing /home/airflow/.local/lib/python3.7/site-packages/airflow/example_dags/example_bash_operator.py took 0.078 seconds
[2021-12-14 13:23:34,314] {processor.py:163} INFO - Started process (PID=3083) to work on /home/airflow/.local/lib/python3.7/site-packages/airflow/example_dags/example_bash_operator.py
[2021-12-14 13:23:34,315] {processor.py:625} INFO - Processing file /home/airflow/.local/lib/python3.7/site-packages/airflow/example_dags/example_bash_operator.py for tasks to queue
[2021-12-14 13:23:34,316] {logging_mixin.py:109} INFO - [2021-12-14 13:23:34,316] {dagbag.py:500} INFO - Filling up the DagBag from /home/airflow/.local/lib/python3.7/site-packages/airflow/example_dags/example_bash_operator.py
[2021-12-14 13:23:34,343] {processor.py:637} INFO - DAG(s) dict_keys(['example_bash_operator']) retrieved from /home/airflow/.local/lib/python3.7/site-packages/airflow/example_dags/example_bash_operator.py
[2021-12-14 13:23:34,352] {logging_mixin.py:109} INFO - [2021-12-14 13:23:34,352] {dag.py:2396} INFO - Sync 1 DAGs
[2021-12-14 13:23:34,366] {logging_mixin.py:109} INFO - [2021-12-14 13:23:34,366] {dag.py:2928} INFO - Setting next_dagrun for example_bash_operator to 2021-12-13 00:00:00+00:00
[2021-12-14 13:23:34,375] {processor.py:171} INFO - Processing /home/airflow/.local/lib/python3.7/site-packages/airflow/example_dags/example_bash_operator.py took 0.064 seconds
[2021-12-14 13:24:05,564] {processor.py:163} INFO - Started process (PID=3156) to work on /home/airflow/.local/lib/python3.7/site-packages/airflow/example_dags/example_bash_operator.py
[2021-12-14 13:24:05,565] {processor.py:625} INFO - Processing file /home/airflow/.local/lib/python3.7/site-packages/airflow/example_dags/example_bash_operator.py for tasks to queue
[2021-12-14 13:24:05,566] {logging_mixin.py:109} INFO - [2021-12-14 13:24:05,565] {dagbag.py:500} INFO - Filling up the DagBag from /home/airflow/.local/lib/python3.7/site-packages/airflow/example_dags/example_bash_operator.py
[2021-12-14 13:24:05,592] {processor.py:637} INFO - DAG(s) dict_keys(['example_bash_operator']) retrieved from /home/airflow/.local/lib/python3.7/site-packages/airflow/example_dags/example_bash_operator.py
[2021-12-14 13:24:05,602] {logging_mixin.py:109} INFO - [2021-12-14 13:24:05,601] {dag.py:2396} INFO - Sync 1 DAGs
[2021-12-14 13:24:05,617] {logging_mixin.py:109} INFO - [2021-12-14 13:24:05,617] {dag.py:2928} INFO - Setting next_dagrun for example_bash_operator to 2021-12-13 00:00:00+00:00
[2021-12-14 13:24:05,628] {processor.py:171} INFO - Processing /home/airflow/.local/lib/python3.7/site-packages/airflow/example_dags/example_bash_operator.py took 0.067 seconds
[2021-12-14 13:24:36,162] {processor.py:163} INFO - Started process (PID=3216) to work on /home/airflow/.local/lib/python3.7/site-packages/airflow/example_dags/example_bash_operator.py
[2021-12-14 13:24:36,163] {processor.py:625} INFO - Processing file /home/airflow/.local/lib/python3.7/site-packages/airflow/example_dags/example_bash_operator.py for tasks to queue
[2021-12-14 13:24:36,164] {logging_mixin.py:109} INFO - [2021-12-14 13:24:36,164] {dagbag.py:500} INFO - Filling up the DagBag from /home/airflow/.local/lib/python3.7/site-packages/airflow/example_dags/example_bash_operator.py
[2021-12-14 13:24:36,189] {processor.py:637} INFO - DAG(s) dict_keys(['example_bash_operator']) retrieved from /home/airflow/.local/lib/python3.7/site-packages/airflow/example_dags/example_bash_operator.py
[2021-12-14 13:24:36,199] {logging_mixin.py:109} INFO - [2021-12-14 13:24:36,199] {dag.py:2396} INFO - Sync 1 DAGs
[2021-12-14 13:24:36,212] {logging_mixin.py:109} INFO - [2021-12-14 13:24:36,212] {dag.py:2928} INFO - Setting next_dagrun for example_bash_operator to 2021-12-13 00:00:00+00:00
[2021-12-14 13:24:36,221] {processor.py:171} INFO - Processing /home/airflow/.local/lib/python3.7/site-packages/airflow/example_dags/example_bash_operator.py took 0.062 seconds
[2021-12-14 13:25:06,622] {processor.py:163} INFO - Started process (PID=3277) to work on /home/airflow/.local/lib/python3.7/site-packages/airflow/example_dags/example_bash_operator.py
[2021-12-14 13:25:06,623] {processor.py:625} INFO - Processing file /home/airflow/.local/lib/python3.7/site-packages/airflow/example_dags/example_bash_operator.py for tasks to queue
[2021-12-14 13:25:06,624] {logging_mixin.py:109} INFO - [2021-12-14 13:25:06,624] {dagbag.py:500} INFO - Filling up the DagBag from /home/airflow/.local/lib/python3.7/site-packages/airflow/example_dags/example_bash_operator.py
[2021-12-14 13:25:06,651] {processor.py:637} INFO - DAG(s) dict_keys(['example_bash_operator']) retrieved from /home/airflow/.local/lib/python3.7/site-packages/airflow/example_dags/example_bash_operator.py
[2021-12-14 13:25:06,661] {logging_mixin.py:109} INFO - [2021-12-14 13:25:06,661] {dag.py:2396} INFO - Sync 1 DAGs
[2021-12-14 13:25:06,678] {logging_mixin.py:109} INFO - [2021-12-14 13:25:06,678] {dag.py:2928} INFO - Setting next_dagrun for example_bash_operator to 2021-12-13 00:00:00+00:00
[2021-12-14 13:25:06,690] {processor.py:171} INFO - Processing /home/airflow/.local/lib/python3.7/site-packages/airflow/example_dags/example_bash_operator.py took 0.071 seconds
[2021-12-14 13:25:37,016] {processor.py:163} INFO - Started process (PID=3348) to work on /home/airflow/.local/lib/python3.7/site-packages/airflow/example_dags/example_bash_operator.py
[2021-12-14 13:25:37,017] {processor.py:625} INFO - Processing file /home/airflow/.local/lib/python3.7/site-packages/airflow/example_dags/example_bash_operator.py for tasks to queue
[2021-12-14 13:25:37,018] {logging_mixin.py:109} INFO - [2021-12-14 13:25:37,018] {dagbag.py:500} INFO - Filling up the DagBag from /home/airflow/.local/lib/python3.7/site-packages/airflow/example_dags/example_bash_operator.py
[2021-12-14 13:25:37,042] {processor.py:637} INFO - DAG(s) dict_keys(['example_bash_operator']) retrieved from /home/airflow/.local/lib/python3.7/site-packages/airflow/example_dags/example_bash_operator.py
[2021-12-14 13:25:37,051] {logging_mixin.py:109} INFO - [2021-12-14 13:25:37,051] {dag.py:2396} INFO - Sync 1 DAGs
[2021-12-14 13:25:37,066] {logging_mixin.py:109} INFO - [2021-12-14 13:25:37,066] {dag.py:2928} INFO - Setting next_dagrun for example_bash_operator to 2021-12-13 00:00:00+00:00
[2021-12-14 13:25:37,078] {processor.py:171} INFO - Processing /home/airflow/.local/lib/python3.7/site-packages/airflow/example_dags/example_bash_operator.py took 0.065 seconds
[2021-12-14 13:26:09,989] {processor.py:163} INFO - Started process (PID=3410) to work on /home/airflow/.local/lib/python3.7/site-packages/airflow/example_dags/example_bash_operator.py
[2021-12-14 13:26:10,000] {processor.py:625} INFO - Processing file /home/airflow/.local/lib/python3.7/site-packages/airflow/example_dags/example_bash_operator.py for tasks to queue
[2021-12-14 13:26:10,006] {logging_mixin.py:109} INFO - [2021-12-14 13:26:10,005] {dagbag.py:500} INFO - Filling up the DagBag from /home/airflow/.local/lib/python3.7/site-packages/airflow/example_dags/example_bash_operator.py
[2021-12-14 13:26:10,147] {processor.py:637} INFO - DAG(s) dict_keys(['example_bash_operator']) retrieved from /home/airflow/.local/lib/python3.7/site-packages/airflow/example_dags/example_bash_operator.py
[2021-12-14 13:26:10,204] {logging_mixin.py:109} INFO - [2021-12-14 13:26:10,204] {dag.py:2396} INFO - Sync 1 DAGs
[2021-12-14 13:26:10,278] {logging_mixin.py:109} INFO - [2021-12-14 13:26:10,278] {dag.py:2928} INFO - Setting next_dagrun for example_bash_operator to 2021-12-13 00:00:00+00:00
[2021-12-14 13:26:10,325] {processor.py:171} INFO - Processing /home/airflow/.local/lib/python3.7/site-packages/airflow/example_dags/example_bash_operator.py took 0.341 seconds
[2021-12-14 16:05:09,117] {processor.py:163} INFO - Started process (PID=70) to work on /home/airflow/.local/lib/python3.7/site-packages/airflow/example_dags/example_bash_operator.py
[2021-12-14 16:05:09,120] {processor.py:625} INFO - Processing file /home/airflow/.local/lib/python3.7/site-packages/airflow/example_dags/example_bash_operator.py for tasks to queue
[2021-12-14 16:05:09,122] {logging_mixin.py:109} INFO - [2021-12-14 16:05:09,121] {dagbag.py:500} INFO - Filling up the DagBag from /home/airflow/.local/lib/python3.7/site-packages/airflow/example_dags/example_bash_operator.py
[2021-12-14 16:05:09,295] {processor.py:637} INFO - DAG(s) dict_keys(['example_bash_operator']) retrieved from /home/airflow/.local/lib/python3.7/site-packages/airflow/example_dags/example_bash_operator.py
[2021-12-14 16:05:09,348] {logging_mixin.py:109} INFO - [2021-12-14 16:05:09,348] {dag.py:2396} INFO - Sync 1 DAGs
[2021-12-14 16:05:09,419] {logging_mixin.py:109} INFO - [2021-12-14 16:05:09,418] {dag.py:2928} INFO - Setting next_dagrun for example_bash_operator to 2021-12-13 00:00:00+00:00
[2021-12-14 16:05:09,462] {processor.py:171} INFO - Processing /home/airflow/.local/lib/python3.7/site-packages/airflow/example_dags/example_bash_operator.py took 0.353 seconds
[2021-12-14 16:05:42,191] {processor.py:163} INFO - Started process (PID=124) to work on /home/airflow/.local/lib/python3.7/site-packages/airflow/example_dags/example_bash_operator.py
[2021-12-14 16:05:42,196] {processor.py:625} INFO - Processing file /home/airflow/.local/lib/python3.7/site-packages/airflow/example_dags/example_bash_operator.py for tasks to queue
[2021-12-14 16:05:42,199] {logging_mixin.py:109} INFO - [2021-12-14 16:05:42,199] {dagbag.py:500} INFO - Filling up the DagBag from /home/airflow/.local/lib/python3.7/site-packages/airflow/example_dags/example_bash_operator.py
[2021-12-14 16:05:42,342] {processor.py:637} INFO - DAG(s) dict_keys(['example_bash_operator']) retrieved from /home/airflow/.local/lib/python3.7/site-packages/airflow/example_dags/example_bash_operator.py
[2021-12-14 16:05:42,396] {logging_mixin.py:109} INFO - [2021-12-14 16:05:42,395] {dag.py:2396} INFO - Sync 1 DAGs
[2021-12-14 16:05:42,494] {logging_mixin.py:109} INFO - [2021-12-14 16:05:42,491] {dag.py:2928} INFO - Setting next_dagrun for example_bash_operator to 2021-12-13 00:00:00+00:00
[2021-12-14 16:05:42,544] {processor.py:171} INFO - Processing /home/airflow/.local/lib/python3.7/site-packages/airflow/example_dags/example_bash_operator.py took 0.360 seconds
[2021-12-14 16:06:25,380] {processor.py:163} INFO - Started process (PID=177) to work on /home/airflow/.local/lib/python3.7/site-packages/airflow/example_dags/example_bash_operator.py
[2021-12-14 16:06:25,383] {processor.py:625} INFO - Processing file /home/airflow/.local/lib/python3.7/site-packages/airflow/example_dags/example_bash_operator.py for tasks to queue
[2021-12-14 16:06:25,387] {logging_mixin.py:109} INFO - [2021-12-14 16:06:25,387] {dagbag.py:500} INFO - Filling up the DagBag from /home/airflow/.local/lib/python3.7/site-packages/airflow/example_dags/example_bash_operator.py
[2021-12-14 16:06:25,479] {processor.py:637} INFO - DAG(s) dict_keys(['example_bash_operator']) retrieved from /home/airflow/.local/lib/python3.7/site-packages/airflow/example_dags/example_bash_operator.py
[2021-12-14 16:06:25,509] {logging_mixin.py:109} INFO - [2021-12-14 16:06:25,509] {dag.py:2396} INFO - Sync 1 DAGs
[2021-12-14 16:06:25,557] {logging_mixin.py:109} INFO - [2021-12-14 16:06:25,557] {dag.py:2928} INFO - Setting next_dagrun for example_bash_operator to 2021-12-13 00:00:00+00:00
[2021-12-14 16:06:25,612] {processor.py:171} INFO - Processing /home/airflow/.local/lib/python3.7/site-packages/airflow/example_dags/example_bash_operator.py took 0.237 seconds
