[2021-12-14 13:00:11,504] {processor.py:163} INFO - Started process (PID=93) to work on /home/airflow/.local/lib/python3.7/site-packages/airflow/example_dags/example_xcomargs.py
[2021-12-14 13:00:11,512] {processor.py:625} INFO - Processing file /home/airflow/.local/lib/python3.7/site-packages/airflow/example_dags/example_xcomargs.py for tasks to queue
[2021-12-14 13:00:11,517] {logging_mixin.py:109} INFO - [2021-12-14 13:00:11,517] {dagbag.py:500} INFO - Filling up the DagBag from /home/airflow/.local/lib/python3.7/site-packages/airflow/example_dags/example_xcomargs.py
[2021-12-14 13:00:11,746] {processor.py:637} INFO - DAG(s) dict_keys(['example_xcom_args', 'example_xcom_args_with_operators']) retrieved from /home/airflow/.local/lib/python3.7/site-packages/airflow/example_dags/example_xcomargs.py
[2021-12-14 13:00:13,793] {logging_mixin.py:109} INFO - [2021-12-14 13:00:13,793] {dag.py:2396} INFO - Sync 2 DAGs
[2021-12-14 13:00:13,847] {logging_mixin.py:109} INFO - [2021-12-14 13:00:13,846] {dag.py:2928} INFO - Setting next_dagrun for example_xcom_args to None
[2021-12-14 13:00:13,849] {logging_mixin.py:109} INFO - [2021-12-14 13:00:13,849] {dag.py:2928} INFO - Setting next_dagrun for example_xcom_args_with_operators to None
[2021-12-14 13:00:13,887] {processor.py:171} INFO - Processing /home/airflow/.local/lib/python3.7/site-packages/airflow/example_dags/example_xcomargs.py took 2.390 seconds
[2021-12-14 13:00:44,265] {processor.py:163} INFO - Started process (PID=156) to work on /home/airflow/.local/lib/python3.7/site-packages/airflow/example_dags/example_xcomargs.py
[2021-12-14 13:00:44,267] {processor.py:625} INFO - Processing file /home/airflow/.local/lib/python3.7/site-packages/airflow/example_dags/example_xcomargs.py for tasks to queue
[2021-12-14 13:00:44,269] {logging_mixin.py:109} INFO - [2021-12-14 13:00:44,269] {dagbag.py:500} INFO - Filling up the DagBag from /home/airflow/.local/lib/python3.7/site-packages/airflow/example_dags/example_xcomargs.py
[2021-12-14 13:00:44,340] {processor.py:637} INFO - DAG(s) dict_keys(['example_xcom_args', 'example_xcom_args_with_operators']) retrieved from /home/airflow/.local/lib/python3.7/site-packages/airflow/example_dags/example_xcomargs.py
[2021-12-14 13:00:44,756] {logging_mixin.py:109} INFO - [2021-12-14 13:00:44,756] {dag.py:2396} INFO - Sync 2 DAGs
[2021-12-14 13:00:44,774] {logging_mixin.py:109} INFO - [2021-12-14 13:00:44,774] {dag.py:2928} INFO - Setting next_dagrun for example_xcom_args to None
[2021-12-14 13:00:44,775] {logging_mixin.py:109} INFO - [2021-12-14 13:00:44,775] {dag.py:2928} INFO - Setting next_dagrun for example_xcom_args_with_operators to None
[2021-12-14 13:00:44,791] {processor.py:171} INFO - Processing /home/airflow/.local/lib/python3.7/site-packages/airflow/example_dags/example_xcomargs.py took 0.529 seconds
[2021-12-14 13:01:15,614] {processor.py:163} INFO - Started process (PID=218) to work on /home/airflow/.local/lib/python3.7/site-packages/airflow/example_dags/example_xcomargs.py
[2021-12-14 13:01:15,615] {processor.py:625} INFO - Processing file /home/airflow/.local/lib/python3.7/site-packages/airflow/example_dags/example_xcomargs.py for tasks to queue
[2021-12-14 13:01:15,616] {logging_mixin.py:109} INFO - [2021-12-14 13:01:15,616] {dagbag.py:500} INFO - Filling up the DagBag from /home/airflow/.local/lib/python3.7/site-packages/airflow/example_dags/example_xcomargs.py
[2021-12-14 13:01:15,651] {processor.py:637} INFO - DAG(s) dict_keys(['example_xcom_args', 'example_xcom_args_with_operators']) retrieved from /home/airflow/.local/lib/python3.7/site-packages/airflow/example_dags/example_xcomargs.py
[2021-12-14 13:01:15,956] {logging_mixin.py:109} INFO - [2021-12-14 13:01:15,955] {dag.py:2396} INFO - Sync 2 DAGs
[2021-12-14 13:01:15,967] {logging_mixin.py:109} INFO - [2021-12-14 13:01:15,967] {dag.py:2928} INFO - Setting next_dagrun for example_xcom_args to None
[2021-12-14 13:01:15,968] {logging_mixin.py:109} INFO - [2021-12-14 13:01:15,968] {dag.py:2928} INFO - Setting next_dagrun for example_xcom_args_with_operators to None
[2021-12-14 13:01:15,990] {processor.py:171} INFO - Processing /home/airflow/.local/lib/python3.7/site-packages/airflow/example_dags/example_xcomargs.py took 0.379 seconds
[2021-12-14 13:01:46,164] {processor.py:163} INFO - Started process (PID=281) to work on /home/airflow/.local/lib/python3.7/site-packages/airflow/example_dags/example_xcomargs.py
[2021-12-14 13:01:46,165] {processor.py:625} INFO - Processing file /home/airflow/.local/lib/python3.7/site-packages/airflow/example_dags/example_xcomargs.py for tasks to queue
[2021-12-14 13:01:46,166] {logging_mixin.py:109} INFO - [2021-12-14 13:01:46,166] {dagbag.py:500} INFO - Filling up the DagBag from /home/airflow/.local/lib/python3.7/site-packages/airflow/example_dags/example_xcomargs.py
[2021-12-14 13:01:46,197] {processor.py:637} INFO - DAG(s) dict_keys(['example_xcom_args', 'example_xcom_args_with_operators']) retrieved from /home/airflow/.local/lib/python3.7/site-packages/airflow/example_dags/example_xcomargs.py
[2021-12-14 13:01:46,449] {logging_mixin.py:109} INFO - [2021-12-14 13:01:46,449] {dag.py:2396} INFO - Sync 2 DAGs
[2021-12-14 13:01:46,461] {logging_mixin.py:109} INFO - [2021-12-14 13:01:46,461] {dag.py:2928} INFO - Setting next_dagrun for example_xcom_args to None
[2021-12-14 13:01:46,462] {logging_mixin.py:109} INFO - [2021-12-14 13:01:46,462] {dag.py:2928} INFO - Setting next_dagrun for example_xcom_args_with_operators to None
[2021-12-14 13:01:46,472] {processor.py:171} INFO - Processing /home/airflow/.local/lib/python3.7/site-packages/airflow/example_dags/example_xcomargs.py took 0.310 seconds
[2021-12-14 13:02:17,070] {processor.py:163} INFO - Started process (PID=352) to work on /home/airflow/.local/lib/python3.7/site-packages/airflow/example_dags/example_xcomargs.py
[2021-12-14 13:02:17,071] {processor.py:625} INFO - Processing file /home/airflow/.local/lib/python3.7/site-packages/airflow/example_dags/example_xcomargs.py for tasks to queue
[2021-12-14 13:02:17,072] {logging_mixin.py:109} INFO - [2021-12-14 13:02:17,072] {dagbag.py:500} INFO - Filling up the DagBag from /home/airflow/.local/lib/python3.7/site-packages/airflow/example_dags/example_xcomargs.py
[2021-12-14 13:02:17,106] {processor.py:637} INFO - DAG(s) dict_keys(['example_xcom_args', 'example_xcom_args_with_operators']) retrieved from /home/airflow/.local/lib/python3.7/site-packages/airflow/example_dags/example_xcomargs.py
[2021-12-14 13:02:17,433] {logging_mixin.py:109} INFO - [2021-12-14 13:02:17,433] {dag.py:2396} INFO - Sync 2 DAGs
[2021-12-14 13:02:17,460] {logging_mixin.py:109} INFO - [2021-12-14 13:02:17,459] {dag.py:2928} INFO - Setting next_dagrun for example_xcom_args to None
[2021-12-14 13:02:17,461] {logging_mixin.py:109} INFO - [2021-12-14 13:02:17,460] {dag.py:2928} INFO - Setting next_dagrun for example_xcom_args_with_operators to None
[2021-12-14 13:02:17,653] {processor.py:171} INFO - Processing /home/airflow/.local/lib/python3.7/site-packages/airflow/example_dags/example_xcomargs.py took 0.586 seconds
[2021-12-14 13:02:48,053] {processor.py:163} INFO - Started process (PID=413) to work on /home/airflow/.local/lib/python3.7/site-packages/airflow/example_dags/example_xcomargs.py
[2021-12-14 13:02:48,056] {processor.py:625} INFO - Processing file /home/airflow/.local/lib/python3.7/site-packages/airflow/example_dags/example_xcomargs.py for tasks to queue
[2021-12-14 13:02:48,058] {logging_mixin.py:109} INFO - [2021-12-14 13:02:48,057] {dagbag.py:500} INFO - Filling up the DagBag from /home/airflow/.local/lib/python3.7/site-packages/airflow/example_dags/example_xcomargs.py
[2021-12-14 13:02:48,108] {processor.py:637} INFO - DAG(s) dict_keys(['example_xcom_args', 'example_xcom_args_with_operators']) retrieved from /home/airflow/.local/lib/python3.7/site-packages/airflow/example_dags/example_xcomargs.py
[2021-12-14 13:02:48,444] {logging_mixin.py:109} INFO - [2021-12-14 13:02:48,444] {dag.py:2396} INFO - Sync 2 DAGs
[2021-12-14 13:02:48,464] {logging_mixin.py:109} INFO - [2021-12-14 13:02:48,464] {dag.py:2928} INFO - Setting next_dagrun for example_xcom_args to None
[2021-12-14 13:02:48,465] {logging_mixin.py:109} INFO - [2021-12-14 13:02:48,465] {dag.py:2928} INFO - Setting next_dagrun for example_xcom_args_with_operators to None
[2021-12-14 13:02:48,475] {processor.py:171} INFO - Processing /home/airflow/.local/lib/python3.7/site-packages/airflow/example_dags/example_xcomargs.py took 0.428 seconds
[2021-12-14 13:03:19,292] {processor.py:163} INFO - Started process (PID=473) to work on /home/airflow/.local/lib/python3.7/site-packages/airflow/example_dags/example_xcomargs.py
[2021-12-14 13:03:19,293] {processor.py:625} INFO - Processing file /home/airflow/.local/lib/python3.7/site-packages/airflow/example_dags/example_xcomargs.py for tasks to queue
[2021-12-14 13:03:19,295] {logging_mixin.py:109} INFO - [2021-12-14 13:03:19,295] {dagbag.py:500} INFO - Filling up the DagBag from /home/airflow/.local/lib/python3.7/site-packages/airflow/example_dags/example_xcomargs.py
[2021-12-14 13:03:19,337] {processor.py:637} INFO - DAG(s) dict_keys(['example_xcom_args', 'example_xcom_args_with_operators']) retrieved from /home/airflow/.local/lib/python3.7/site-packages/airflow/example_dags/example_xcomargs.py
[2021-12-14 13:03:19,743] {logging_mixin.py:109} INFO - [2021-12-14 13:03:19,743] {dag.py:2396} INFO - Sync 2 DAGs
[2021-12-14 13:03:19,766] {logging_mixin.py:109} INFO - [2021-12-14 13:03:19,766] {dag.py:2928} INFO - Setting next_dagrun for example_xcom_args to None
[2021-12-14 13:03:19,767] {logging_mixin.py:109} INFO - [2021-12-14 13:03:19,767] {dag.py:2928} INFO - Setting next_dagrun for example_xcom_args_with_operators to None
[2021-12-14 13:03:19,787] {processor.py:171} INFO - Processing /home/airflow/.local/lib/python3.7/site-packages/airflow/example_dags/example_xcomargs.py took 0.500 seconds
[2021-12-14 13:03:50,304] {processor.py:163} INFO - Started process (PID=535) to work on /home/airflow/.local/lib/python3.7/site-packages/airflow/example_dags/example_xcomargs.py
[2021-12-14 13:03:50,306] {processor.py:625} INFO - Processing file /home/airflow/.local/lib/python3.7/site-packages/airflow/example_dags/example_xcomargs.py for tasks to queue
[2021-12-14 13:03:50,307] {logging_mixin.py:109} INFO - [2021-12-14 13:03:50,307] {dagbag.py:500} INFO - Filling up the DagBag from /home/airflow/.local/lib/python3.7/site-packages/airflow/example_dags/example_xcomargs.py
[2021-12-14 13:03:50,337] {processor.py:637} INFO - DAG(s) dict_keys(['example_xcom_args', 'example_xcom_args_with_operators']) retrieved from /home/airflow/.local/lib/python3.7/site-packages/airflow/example_dags/example_xcomargs.py
[2021-12-14 13:03:50,595] {logging_mixin.py:109} INFO - [2021-12-14 13:03:50,595] {dag.py:2396} INFO - Sync 2 DAGs
[2021-12-14 13:03:50,607] {logging_mixin.py:109} INFO - [2021-12-14 13:03:50,606] {dag.py:2928} INFO - Setting next_dagrun for example_xcom_args to None
[2021-12-14 13:03:50,607] {logging_mixin.py:109} INFO - [2021-12-14 13:03:50,607] {dag.py:2928} INFO - Setting next_dagrun for example_xcom_args_with_operators to None
[2021-12-14 13:03:51,249] {processor.py:171} INFO - Processing /home/airflow/.local/lib/python3.7/site-packages/airflow/example_dags/example_xcomargs.py took 0.947 seconds
[2021-12-14 13:04:21,907] {processor.py:163} INFO - Started process (PID=607) to work on /home/airflow/.local/lib/python3.7/site-packages/airflow/example_dags/example_xcomargs.py
[2021-12-14 13:04:21,908] {processor.py:625} INFO - Processing file /home/airflow/.local/lib/python3.7/site-packages/airflow/example_dags/example_xcomargs.py for tasks to queue
[2021-12-14 13:04:21,909] {logging_mixin.py:109} INFO - [2021-12-14 13:04:21,909] {dagbag.py:500} INFO - Filling up the DagBag from /home/airflow/.local/lib/python3.7/site-packages/airflow/example_dags/example_xcomargs.py
[2021-12-14 13:04:21,936] {processor.py:637} INFO - DAG(s) dict_keys(['example_xcom_args', 'example_xcom_args_with_operators']) retrieved from /home/airflow/.local/lib/python3.7/site-packages/airflow/example_dags/example_xcomargs.py
[2021-12-14 13:04:22,176] {logging_mixin.py:109} INFO - [2021-12-14 13:04:22,176] {dag.py:2396} INFO - Sync 2 DAGs
[2021-12-14 13:04:22,188] {logging_mixin.py:109} INFO - [2021-12-14 13:04:22,188] {dag.py:2928} INFO - Setting next_dagrun for example_xcom_args to None
[2021-12-14 13:04:22,188] {logging_mixin.py:109} INFO - [2021-12-14 13:04:22,188] {dag.py:2928} INFO - Setting next_dagrun for example_xcom_args_with_operators to None
[2021-12-14 13:04:22,200] {processor.py:171} INFO - Processing /home/airflow/.local/lib/python3.7/site-packages/airflow/example_dags/example_xcomargs.py took 0.296 seconds
[2021-12-14 13:04:52,284] {processor.py:163} INFO - Started process (PID=669) to work on /home/airflow/.local/lib/python3.7/site-packages/airflow/example_dags/example_xcomargs.py
[2021-12-14 13:04:52,285] {processor.py:625} INFO - Processing file /home/airflow/.local/lib/python3.7/site-packages/airflow/example_dags/example_xcomargs.py for tasks to queue
[2021-12-14 13:04:52,286] {logging_mixin.py:109} INFO - [2021-12-14 13:04:52,286] {dagbag.py:500} INFO - Filling up the DagBag from /home/airflow/.local/lib/python3.7/site-packages/airflow/example_dags/example_xcomargs.py
[2021-12-14 13:04:52,313] {processor.py:637} INFO - DAG(s) dict_keys(['example_xcom_args', 'example_xcom_args_with_operators']) retrieved from /home/airflow/.local/lib/python3.7/site-packages/airflow/example_dags/example_xcomargs.py
[2021-12-14 13:04:52,548] {logging_mixin.py:109} INFO - [2021-12-14 13:04:52,548] {dag.py:2396} INFO - Sync 2 DAGs
[2021-12-14 13:04:52,559] {logging_mixin.py:109} INFO - [2021-12-14 13:04:52,559] {dag.py:2928} INFO - Setting next_dagrun for example_xcom_args to None
[2021-12-14 13:04:52,560] {logging_mixin.py:109} INFO - [2021-12-14 13:04:52,560] {dag.py:2928} INFO - Setting next_dagrun for example_xcom_args_with_operators to None
[2021-12-14 13:04:52,569] {processor.py:171} INFO - Processing /home/airflow/.local/lib/python3.7/site-packages/airflow/example_dags/example_xcomargs.py took 0.288 seconds
[2021-12-14 13:05:22,692] {processor.py:163} INFO - Started process (PID=741) to work on /home/airflow/.local/lib/python3.7/site-packages/airflow/example_dags/example_xcomargs.py
[2021-12-14 13:05:22,694] {processor.py:625} INFO - Processing file /home/airflow/.local/lib/python3.7/site-packages/airflow/example_dags/example_xcomargs.py for tasks to queue
[2021-12-14 13:05:22,694] {logging_mixin.py:109} INFO - [2021-12-14 13:05:22,694] {dagbag.py:500} INFO - Filling up the DagBag from /home/airflow/.local/lib/python3.7/site-packages/airflow/example_dags/example_xcomargs.py
[2021-12-14 13:05:22,724] {processor.py:637} INFO - DAG(s) dict_keys(['example_xcom_args', 'example_xcom_args_with_operators']) retrieved from /home/airflow/.local/lib/python3.7/site-packages/airflow/example_dags/example_xcomargs.py
[2021-12-14 13:05:22,991] {logging_mixin.py:109} INFO - [2021-12-14 13:05:22,991] {dag.py:2396} INFO - Sync 2 DAGs
[2021-12-14 13:05:23,007] {logging_mixin.py:109} INFO - [2021-12-14 13:05:23,007] {dag.py:2928} INFO - Setting next_dagrun for example_xcom_args to None
[2021-12-14 13:05:23,008] {logging_mixin.py:109} INFO - [2021-12-14 13:05:23,007] {dag.py:2928} INFO - Setting next_dagrun for example_xcom_args_with_operators to None
[2021-12-14 13:05:23,019] {processor.py:171} INFO - Processing /home/airflow/.local/lib/python3.7/site-packages/airflow/example_dags/example_xcomargs.py took 0.329 seconds
[2021-12-14 13:05:53,289] {processor.py:163} INFO - Started process (PID=802) to work on /home/airflow/.local/lib/python3.7/site-packages/airflow/example_dags/example_xcomargs.py
[2021-12-14 13:05:53,290] {processor.py:625} INFO - Processing file /home/airflow/.local/lib/python3.7/site-packages/airflow/example_dags/example_xcomargs.py for tasks to queue
[2021-12-14 13:05:53,291] {logging_mixin.py:109} INFO - [2021-12-14 13:05:53,291] {dagbag.py:500} INFO - Filling up the DagBag from /home/airflow/.local/lib/python3.7/site-packages/airflow/example_dags/example_xcomargs.py
[2021-12-14 13:05:53,318] {processor.py:637} INFO - DAG(s) dict_keys(['example_xcom_args', 'example_xcom_args_with_operators']) retrieved from /home/airflow/.local/lib/python3.7/site-packages/airflow/example_dags/example_xcomargs.py
[2021-12-14 13:05:53,567] {logging_mixin.py:109} INFO - [2021-12-14 13:05:53,567] {dag.py:2396} INFO - Sync 2 DAGs
[2021-12-14 13:05:53,583] {logging_mixin.py:109} INFO - [2021-12-14 13:05:53,583] {dag.py:2928} INFO - Setting next_dagrun for example_xcom_args to None
[2021-12-14 13:05:53,583] {logging_mixin.py:109} INFO - [2021-12-14 13:05:53,583] {dag.py:2928} INFO - Setting next_dagrun for example_xcom_args_with_operators to None
[2021-12-14 13:05:53,595] {processor.py:171} INFO - Processing /home/airflow/.local/lib/python3.7/site-packages/airflow/example_dags/example_xcomargs.py took 0.309 seconds
[2021-12-14 13:06:23,709] {processor.py:163} INFO - Started process (PID=874) to work on /home/airflow/.local/lib/python3.7/site-packages/airflow/example_dags/example_xcomargs.py
[2021-12-14 13:06:23,710] {processor.py:625} INFO - Processing file /home/airflow/.local/lib/python3.7/site-packages/airflow/example_dags/example_xcomargs.py for tasks to queue
[2021-12-14 13:06:23,711] {logging_mixin.py:109} INFO - [2021-12-14 13:06:23,711] {dagbag.py:500} INFO - Filling up the DagBag from /home/airflow/.local/lib/python3.7/site-packages/airflow/example_dags/example_xcomargs.py
[2021-12-14 13:06:23,738] {processor.py:637} INFO - DAG(s) dict_keys(['example_xcom_args', 'example_xcom_args_with_operators']) retrieved from /home/airflow/.local/lib/python3.7/site-packages/airflow/example_dags/example_xcomargs.py
[2021-12-14 13:06:24,026] {logging_mixin.py:109} INFO - [2021-12-14 13:06:24,026] {dag.py:2396} INFO - Sync 2 DAGs
[2021-12-14 13:06:24,038] {logging_mixin.py:109} INFO - [2021-12-14 13:06:24,038] {dag.py:2928} INFO - Setting next_dagrun for example_xcom_args to None
[2021-12-14 13:06:24,039] {logging_mixin.py:109} INFO - [2021-12-14 13:06:24,039] {dag.py:2928} INFO - Setting next_dagrun for example_xcom_args_with_operators to None
[2021-12-14 13:06:24,049] {processor.py:171} INFO - Processing /home/airflow/.local/lib/python3.7/site-packages/airflow/example_dags/example_xcomargs.py took 0.343 seconds
[2021-12-14 13:06:54,248] {processor.py:163} INFO - Started process (PID=935) to work on /home/airflow/.local/lib/python3.7/site-packages/airflow/example_dags/example_xcomargs.py
[2021-12-14 13:06:54,249] {processor.py:625} INFO - Processing file /home/airflow/.local/lib/python3.7/site-packages/airflow/example_dags/example_xcomargs.py for tasks to queue
[2021-12-14 13:06:54,250] {logging_mixin.py:109} INFO - [2021-12-14 13:06:54,250] {dagbag.py:500} INFO - Filling up the DagBag from /home/airflow/.local/lib/python3.7/site-packages/airflow/example_dags/example_xcomargs.py
[2021-12-14 13:06:54,279] {processor.py:637} INFO - DAG(s) dict_keys(['example_xcom_args', 'example_xcom_args_with_operators']) retrieved from /home/airflow/.local/lib/python3.7/site-packages/airflow/example_dags/example_xcomargs.py
[2021-12-14 13:06:54,291] {logging_mixin.py:109} INFO - [2021-12-14 13:06:54,291] {dag.py:2396} INFO - Sync 2 DAGs
[2021-12-14 13:06:54,407] {logging_mixin.py:109} INFO - [2021-12-14 13:06:54,407] {dag.py:2928} INFO - Setting next_dagrun for example_xcom_args to None
[2021-12-14 13:06:54,407] {logging_mixin.py:109} INFO - [2021-12-14 13:06:54,407] {dag.py:2928} INFO - Setting next_dagrun for example_xcom_args_with_operators to None
[2021-12-14 13:06:54,416] {processor.py:171} INFO - Processing /home/airflow/.local/lib/python3.7/site-packages/airflow/example_dags/example_xcomargs.py took 0.173 seconds
[2021-12-14 13:07:24,774] {processor.py:163} INFO - Started process (PID=996) to work on /home/airflow/.local/lib/python3.7/site-packages/airflow/example_dags/example_xcomargs.py
[2021-12-14 13:07:24,775] {processor.py:625} INFO - Processing file /home/airflow/.local/lib/python3.7/site-packages/airflow/example_dags/example_xcomargs.py for tasks to queue
[2021-12-14 13:07:24,776] {logging_mixin.py:109} INFO - [2021-12-14 13:07:24,776] {dagbag.py:500} INFO - Filling up the DagBag from /home/airflow/.local/lib/python3.7/site-packages/airflow/example_dags/example_xcomargs.py
[2021-12-14 13:07:24,803] {processor.py:637} INFO - DAG(s) dict_keys(['example_xcom_args', 'example_xcom_args_with_operators']) retrieved from /home/airflow/.local/lib/python3.7/site-packages/airflow/example_dags/example_xcomargs.py
[2021-12-14 13:07:25,031] {logging_mixin.py:109} INFO - [2021-12-14 13:07:25,031] {dag.py:2396} INFO - Sync 2 DAGs
[2021-12-14 13:07:25,044] {logging_mixin.py:109} INFO - [2021-12-14 13:07:25,044] {dag.py:2928} INFO - Setting next_dagrun for example_xcom_args to None
[2021-12-14 13:07:25,044] {logging_mixin.py:109} INFO - [2021-12-14 13:07:25,044] {dag.py:2928} INFO - Setting next_dagrun for example_xcom_args_with_operators to None
[2021-12-14 13:07:25,056] {processor.py:171} INFO - Processing /home/airflow/.local/lib/python3.7/site-packages/airflow/example_dags/example_xcomargs.py took 0.285 seconds
[2021-12-14 13:07:55,530] {processor.py:163} INFO - Started process (PID=1066) to work on /home/airflow/.local/lib/python3.7/site-packages/airflow/example_dags/example_xcomargs.py
[2021-12-14 13:07:55,531] {processor.py:625} INFO - Processing file /home/airflow/.local/lib/python3.7/site-packages/airflow/example_dags/example_xcomargs.py for tasks to queue
[2021-12-14 13:07:55,532] {logging_mixin.py:109} INFO - [2021-12-14 13:07:55,532] {dagbag.py:500} INFO - Filling up the DagBag from /home/airflow/.local/lib/python3.7/site-packages/airflow/example_dags/example_xcomargs.py
[2021-12-14 13:07:55,558] {processor.py:637} INFO - DAG(s) dict_keys(['example_xcom_args', 'example_xcom_args_with_operators']) retrieved from /home/airflow/.local/lib/python3.7/site-packages/airflow/example_dags/example_xcomargs.py
[2021-12-14 13:07:55,789] {logging_mixin.py:109} INFO - [2021-12-14 13:07:55,789] {dag.py:2396} INFO - Sync 2 DAGs
[2021-12-14 13:07:55,801] {logging_mixin.py:109} INFO - [2021-12-14 13:07:55,801] {dag.py:2928} INFO - Setting next_dagrun for example_xcom_args to None
[2021-12-14 13:07:55,802] {logging_mixin.py:109} INFO - [2021-12-14 13:07:55,802] {dag.py:2928} INFO - Setting next_dagrun for example_xcom_args_with_operators to None
[2021-12-14 13:07:55,812] {processor.py:171} INFO - Processing /home/airflow/.local/lib/python3.7/site-packages/airflow/example_dags/example_xcomargs.py took 0.285 seconds
[2021-12-14 13:08:25,925] {processor.py:163} INFO - Started process (PID=1127) to work on /home/airflow/.local/lib/python3.7/site-packages/airflow/example_dags/example_xcomargs.py
[2021-12-14 13:08:25,926] {processor.py:625} INFO - Processing file /home/airflow/.local/lib/python3.7/site-packages/airflow/example_dags/example_xcomargs.py for tasks to queue
[2021-12-14 13:08:25,927] {logging_mixin.py:109} INFO - [2021-12-14 13:08:25,927] {dagbag.py:500} INFO - Filling up the DagBag from /home/airflow/.local/lib/python3.7/site-packages/airflow/example_dags/example_xcomargs.py
[2021-12-14 13:08:25,954] {processor.py:637} INFO - DAG(s) dict_keys(['example_xcom_args', 'example_xcom_args_with_operators']) retrieved from /home/airflow/.local/lib/python3.7/site-packages/airflow/example_dags/example_xcomargs.py
[2021-12-14 13:08:26,185] {logging_mixin.py:109} INFO - [2021-12-14 13:08:26,185] {dag.py:2396} INFO - Sync 2 DAGs
[2021-12-14 13:08:26,197] {logging_mixin.py:109} INFO - [2021-12-14 13:08:26,197] {dag.py:2928} INFO - Setting next_dagrun for example_xcom_args to None
[2021-12-14 13:08:26,198] {logging_mixin.py:109} INFO - [2021-12-14 13:08:26,198] {dag.py:2928} INFO - Setting next_dagrun for example_xcom_args_with_operators to None
[2021-12-14 13:08:26,209] {processor.py:171} INFO - Processing /home/airflow/.local/lib/python3.7/site-packages/airflow/example_dags/example_xcomargs.py took 0.287 seconds
[2021-12-14 13:08:56,489] {processor.py:163} INFO - Started process (PID=1198) to work on /home/airflow/.local/lib/python3.7/site-packages/airflow/example_dags/example_xcomargs.py
[2021-12-14 13:08:56,490] {processor.py:625} INFO - Processing file /home/airflow/.local/lib/python3.7/site-packages/airflow/example_dags/example_xcomargs.py for tasks to queue
[2021-12-14 13:08:56,491] {logging_mixin.py:109} INFO - [2021-12-14 13:08:56,491] {dagbag.py:500} INFO - Filling up the DagBag from /home/airflow/.local/lib/python3.7/site-packages/airflow/example_dags/example_xcomargs.py
[2021-12-14 13:08:56,520] {processor.py:637} INFO - DAG(s) dict_keys(['example_xcom_args', 'example_xcom_args_with_operators']) retrieved from /home/airflow/.local/lib/python3.7/site-packages/airflow/example_dags/example_xcomargs.py
[2021-12-14 13:08:56,753] {logging_mixin.py:109} INFO - [2021-12-14 13:08:56,753] {dag.py:2396} INFO - Sync 2 DAGs
[2021-12-14 13:08:56,765] {logging_mixin.py:109} INFO - [2021-12-14 13:08:56,764] {dag.py:2928} INFO - Setting next_dagrun for example_xcom_args to None
[2021-12-14 13:08:56,765] {logging_mixin.py:109} INFO - [2021-12-14 13:08:56,765] {dag.py:2928} INFO - Setting next_dagrun for example_xcom_args_with_operators to None
[2021-12-14 13:08:56,777] {processor.py:171} INFO - Processing /home/airflow/.local/lib/python3.7/site-packages/airflow/example_dags/example_xcomargs.py took 0.291 seconds
[2021-12-14 13:09:27,071] {processor.py:163} INFO - Started process (PID=1260) to work on /home/airflow/.local/lib/python3.7/site-packages/airflow/example_dags/example_xcomargs.py
[2021-12-14 13:09:27,072] {processor.py:625} INFO - Processing file /home/airflow/.local/lib/python3.7/site-packages/airflow/example_dags/example_xcomargs.py for tasks to queue
[2021-12-14 13:09:27,073] {logging_mixin.py:109} INFO - [2021-12-14 13:09:27,073] {dagbag.py:500} INFO - Filling up the DagBag from /home/airflow/.local/lib/python3.7/site-packages/airflow/example_dags/example_xcomargs.py
[2021-12-14 13:09:27,099] {processor.py:637} INFO - DAG(s) dict_keys(['example_xcom_args', 'example_xcom_args_with_operators']) retrieved from /home/airflow/.local/lib/python3.7/site-packages/airflow/example_dags/example_xcomargs.py
[2021-12-14 13:09:27,325] {logging_mixin.py:109} INFO - [2021-12-14 13:09:27,324] {dag.py:2396} INFO - Sync 2 DAGs
[2021-12-14 13:09:27,336] {logging_mixin.py:109} INFO - [2021-12-14 13:09:27,336] {dag.py:2928} INFO - Setting next_dagrun for example_xcom_args to None
[2021-12-14 13:09:27,337] {logging_mixin.py:109} INFO - [2021-12-14 13:09:27,337] {dag.py:2928} INFO - Setting next_dagrun for example_xcom_args_with_operators to None
[2021-12-14 13:09:27,347] {processor.py:171} INFO - Processing /home/airflow/.local/lib/python3.7/site-packages/airflow/example_dags/example_xcomargs.py took 0.279 seconds
[2021-12-14 13:09:57,841] {processor.py:163} INFO - Started process (PID=1330) to work on /home/airflow/.local/lib/python3.7/site-packages/airflow/example_dags/example_xcomargs.py
[2021-12-14 13:09:57,842] {processor.py:625} INFO - Processing file /home/airflow/.local/lib/python3.7/site-packages/airflow/example_dags/example_xcomargs.py for tasks to queue
[2021-12-14 13:09:57,843] {logging_mixin.py:109} INFO - [2021-12-14 13:09:57,843] {dagbag.py:500} INFO - Filling up the DagBag from /home/airflow/.local/lib/python3.7/site-packages/airflow/example_dags/example_xcomargs.py
[2021-12-14 13:09:57,963] {processor.py:637} INFO - DAG(s) dict_keys(['example_xcom_args', 'example_xcom_args_with_operators']) retrieved from /home/airflow/.local/lib/python3.7/site-packages/airflow/example_dags/example_xcomargs.py
[2021-12-14 13:09:58,119] {logging_mixin.py:109} INFO - [2021-12-14 13:09:58,119] {dag.py:2396} INFO - Sync 2 DAGs
[2021-12-14 13:09:58,130] {logging_mixin.py:109} INFO - [2021-12-14 13:09:58,130] {dag.py:2928} INFO - Setting next_dagrun for example_xcom_args to None
[2021-12-14 13:09:58,131] {logging_mixin.py:109} INFO - [2021-12-14 13:09:58,131] {dag.py:2928} INFO - Setting next_dagrun for example_xcom_args_with_operators to None
[2021-12-14 13:09:58,141] {processor.py:171} INFO - Processing /home/airflow/.local/lib/python3.7/site-packages/airflow/example_dags/example_xcomargs.py took 0.303 seconds
[2021-12-14 13:10:28,396] {processor.py:163} INFO - Started process (PID=1392) to work on /home/airflow/.local/lib/python3.7/site-packages/airflow/example_dags/example_xcomargs.py
[2021-12-14 13:10:28,397] {processor.py:625} INFO - Processing file /home/airflow/.local/lib/python3.7/site-packages/airflow/example_dags/example_xcomargs.py for tasks to queue
[2021-12-14 13:10:28,398] {logging_mixin.py:109} INFO - [2021-12-14 13:10:28,398] {dagbag.py:500} INFO - Filling up the DagBag from /home/airflow/.local/lib/python3.7/site-packages/airflow/example_dags/example_xcomargs.py
[2021-12-14 13:10:28,516] {processor.py:637} INFO - DAG(s) dict_keys(['example_xcom_args', 'example_xcom_args_with_operators']) retrieved from /home/airflow/.local/lib/python3.7/site-packages/airflow/example_dags/example_xcomargs.py
[2021-12-14 13:10:28,677] {logging_mixin.py:109} INFO - [2021-12-14 13:10:28,677] {dag.py:2396} INFO - Sync 2 DAGs
[2021-12-14 13:10:28,688] {logging_mixin.py:109} INFO - [2021-12-14 13:10:28,688] {dag.py:2928} INFO - Setting next_dagrun for example_xcom_args to None
[2021-12-14 13:10:28,688] {logging_mixin.py:109} INFO - [2021-12-14 13:10:28,688] {dag.py:2928} INFO - Setting next_dagrun for example_xcom_args_with_operators to None
[2021-12-14 13:10:28,699] {processor.py:171} INFO - Processing /home/airflow/.local/lib/python3.7/site-packages/airflow/example_dags/example_xcomargs.py took 0.306 seconds
[2021-12-14 13:10:59,142] {processor.py:163} INFO - Started process (PID=1461) to work on /home/airflow/.local/lib/python3.7/site-packages/airflow/example_dags/example_xcomargs.py
[2021-12-14 13:10:59,143] {processor.py:625} INFO - Processing file /home/airflow/.local/lib/python3.7/site-packages/airflow/example_dags/example_xcomargs.py for tasks to queue
[2021-12-14 13:10:59,144] {logging_mixin.py:109} INFO - [2021-12-14 13:10:59,144] {dagbag.py:500} INFO - Filling up the DagBag from /home/airflow/.local/lib/python3.7/site-packages/airflow/example_dags/example_xcomargs.py
[2021-12-14 13:10:59,247] {processor.py:637} INFO - DAG(s) dict_keys(['example_xcom_args', 'example_xcom_args_with_operators']) retrieved from /home/airflow/.local/lib/python3.7/site-packages/airflow/example_dags/example_xcomargs.py
[2021-12-14 13:10:59,402] {logging_mixin.py:109} INFO - [2021-12-14 13:10:59,402] {dag.py:2396} INFO - Sync 2 DAGs
[2021-12-14 13:10:59,412] {logging_mixin.py:109} INFO - [2021-12-14 13:10:59,412] {dag.py:2928} INFO - Setting next_dagrun for example_xcom_args to None
[2021-12-14 13:10:59,413] {logging_mixin.py:109} INFO - [2021-12-14 13:10:59,413] {dag.py:2928} INFO - Setting next_dagrun for example_xcom_args_with_operators to None
[2021-12-14 13:10:59,423] {processor.py:171} INFO - Processing /home/airflow/.local/lib/python3.7/site-packages/airflow/example_dags/example_xcomargs.py took 0.284 seconds
[2021-12-14 13:11:29,641] {processor.py:163} INFO - Started process (PID=1522) to work on /home/airflow/.local/lib/python3.7/site-packages/airflow/example_dags/example_xcomargs.py
[2021-12-14 13:11:29,642] {processor.py:625} INFO - Processing file /home/airflow/.local/lib/python3.7/site-packages/airflow/example_dags/example_xcomargs.py for tasks to queue
[2021-12-14 13:11:29,643] {logging_mixin.py:109} INFO - [2021-12-14 13:11:29,643] {dagbag.py:500} INFO - Filling up the DagBag from /home/airflow/.local/lib/python3.7/site-packages/airflow/example_dags/example_xcomargs.py
[2021-12-14 13:11:29,760] {processor.py:637} INFO - DAG(s) dict_keys(['example_xcom_args', 'example_xcom_args_with_operators']) retrieved from /home/airflow/.local/lib/python3.7/site-packages/airflow/example_dags/example_xcomargs.py
[2021-12-14 13:11:29,924] {logging_mixin.py:109} INFO - [2021-12-14 13:11:29,924] {dag.py:2396} INFO - Sync 2 DAGs
[2021-12-14 13:11:29,936] {logging_mixin.py:109} INFO - [2021-12-14 13:11:29,936] {dag.py:2928} INFO - Setting next_dagrun for example_xcom_args to None
[2021-12-14 13:11:29,936] {logging_mixin.py:109} INFO - [2021-12-14 13:11:29,936] {dag.py:2928} INFO - Setting next_dagrun for example_xcom_args_with_operators to None
[2021-12-14 13:11:29,946] {processor.py:171} INFO - Processing /home/airflow/.local/lib/python3.7/site-packages/airflow/example_dags/example_xcomargs.py took 0.308 seconds
[2021-12-14 13:12:00,402] {processor.py:163} INFO - Started process (PID=1594) to work on /home/airflow/.local/lib/python3.7/site-packages/airflow/example_dags/example_xcomargs.py
[2021-12-14 13:12:00,403] {processor.py:625} INFO - Processing file /home/airflow/.local/lib/python3.7/site-packages/airflow/example_dags/example_xcomargs.py for tasks to queue
[2021-12-14 13:12:00,404] {logging_mixin.py:109} INFO - [2021-12-14 13:12:00,404] {dagbag.py:500} INFO - Filling up the DagBag from /home/airflow/.local/lib/python3.7/site-packages/airflow/example_dags/example_xcomargs.py
[2021-12-14 13:12:00,503] {processor.py:637} INFO - DAG(s) dict_keys(['example_xcom_args', 'example_xcom_args_with_operators']) retrieved from /home/airflow/.local/lib/python3.7/site-packages/airflow/example_dags/example_xcomargs.py
[2021-12-14 13:12:00,657] {logging_mixin.py:109} INFO - [2021-12-14 13:12:00,657] {dag.py:2396} INFO - Sync 2 DAGs
[2021-12-14 13:12:00,667] {logging_mixin.py:109} INFO - [2021-12-14 13:12:00,667] {dag.py:2928} INFO - Setting next_dagrun for example_xcom_args to None
[2021-12-14 13:12:00,668] {logging_mixin.py:109} INFO - [2021-12-14 13:12:00,668] {dag.py:2928} INFO - Setting next_dagrun for example_xcom_args_with_operators to None
[2021-12-14 13:12:00,679] {processor.py:171} INFO - Processing /home/airflow/.local/lib/python3.7/site-packages/airflow/example_dags/example_xcomargs.py took 0.280 seconds
[2021-12-14 13:12:30,981] {processor.py:163} INFO - Started process (PID=1655) to work on /home/airflow/.local/lib/python3.7/site-packages/airflow/example_dags/example_xcomargs.py
[2021-12-14 13:12:30,982] {processor.py:625} INFO - Processing file /home/airflow/.local/lib/python3.7/site-packages/airflow/example_dags/example_xcomargs.py for tasks to queue
[2021-12-14 13:12:30,983] {logging_mixin.py:109} INFO - [2021-12-14 13:12:30,983] {dagbag.py:500} INFO - Filling up the DagBag from /home/airflow/.local/lib/python3.7/site-packages/airflow/example_dags/example_xcomargs.py
[2021-12-14 13:12:31,009] {processor.py:637} INFO - DAG(s) dict_keys(['example_xcom_args', 'example_xcom_args_with_operators']) retrieved from /home/airflow/.local/lib/python3.7/site-packages/airflow/example_dags/example_xcomargs.py
[2021-12-14 13:12:31,170] {logging_mixin.py:109} INFO - [2021-12-14 13:12:31,170] {dag.py:2396} INFO - Sync 2 DAGs
[2021-12-14 13:12:31,182] {logging_mixin.py:109} INFO - [2021-12-14 13:12:31,182] {dag.py:2928} INFO - Setting next_dagrun for example_xcom_args to None
[2021-12-14 13:12:31,183] {logging_mixin.py:109} INFO - [2021-12-14 13:12:31,183] {dag.py:2928} INFO - Setting next_dagrun for example_xcom_args_with_operators to None
[2021-12-14 13:12:31,196] {processor.py:171} INFO - Processing /home/airflow/.local/lib/python3.7/site-packages/airflow/example_dags/example_xcomargs.py took 0.218 seconds
[2021-12-14 13:13:01,287] {processor.py:163} INFO - Started process (PID=1728) to work on /home/airflow/.local/lib/python3.7/site-packages/airflow/example_dags/example_xcomargs.py
[2021-12-14 13:13:01,289] {processor.py:625} INFO - Processing file /home/airflow/.local/lib/python3.7/site-packages/airflow/example_dags/example_xcomargs.py for tasks to queue
[2021-12-14 13:13:01,289] {logging_mixin.py:109} INFO - [2021-12-14 13:13:01,289] {dagbag.py:500} INFO - Filling up the DagBag from /home/airflow/.local/lib/python3.7/site-packages/airflow/example_dags/example_xcomargs.py
[2021-12-14 13:13:01,316] {processor.py:637} INFO - DAG(s) dict_keys(['example_xcom_args', 'example_xcom_args_with_operators']) retrieved from /home/airflow/.local/lib/python3.7/site-packages/airflow/example_dags/example_xcomargs.py
[2021-12-14 13:13:01,478] {logging_mixin.py:109} INFO - [2021-12-14 13:13:01,478] {dag.py:2396} INFO - Sync 2 DAGs
[2021-12-14 13:13:01,489] {logging_mixin.py:109} INFO - [2021-12-14 13:13:01,489] {dag.py:2928} INFO - Setting next_dagrun for example_xcom_args to None
[2021-12-14 13:13:01,490] {logging_mixin.py:109} INFO - [2021-12-14 13:13:01,490] {dag.py:2928} INFO - Setting next_dagrun for example_xcom_args_with_operators to None
[2021-12-14 13:13:01,501] {processor.py:171} INFO - Processing /home/airflow/.local/lib/python3.7/site-packages/airflow/example_dags/example_xcomargs.py took 0.217 seconds
[2021-12-14 13:13:32,340] {processor.py:163} INFO - Started process (PID=1789) to work on /home/airflow/.local/lib/python3.7/site-packages/airflow/example_dags/example_xcomargs.py
[2021-12-14 13:13:32,341] {processor.py:625} INFO - Processing file /home/airflow/.local/lib/python3.7/site-packages/airflow/example_dags/example_xcomargs.py for tasks to queue
[2021-12-14 13:13:32,343] {logging_mixin.py:109} INFO - [2021-12-14 13:13:32,342] {dagbag.py:500} INFO - Filling up the DagBag from /home/airflow/.local/lib/python3.7/site-packages/airflow/example_dags/example_xcomargs.py
[2021-12-14 13:13:32,379] {processor.py:637} INFO - DAG(s) dict_keys(['example_xcom_args', 'example_xcom_args_with_operators']) retrieved from /home/airflow/.local/lib/python3.7/site-packages/airflow/example_dags/example_xcomargs.py
[2021-12-14 13:13:32,576] {logging_mixin.py:109} INFO - [2021-12-14 13:13:32,576] {dag.py:2396} INFO - Sync 2 DAGs
[2021-12-14 13:13:32,590] {logging_mixin.py:109} INFO - [2021-12-14 13:13:32,590] {dag.py:2928} INFO - Setting next_dagrun for example_xcom_args to None
[2021-12-14 13:13:32,591] {logging_mixin.py:109} INFO - [2021-12-14 13:13:32,591] {dag.py:2928} INFO - Setting next_dagrun for example_xcom_args_with_operators to None
[2021-12-14 13:13:32,601] {processor.py:171} INFO - Processing /home/airflow/.local/lib/python3.7/site-packages/airflow/example_dags/example_xcomargs.py took 0.265 seconds
[2021-12-14 13:14:02,655] {processor.py:163} INFO - Started process (PID=1860) to work on /home/airflow/.local/lib/python3.7/site-packages/airflow/example_dags/example_xcomargs.py
[2021-12-14 13:14:02,657] {processor.py:625} INFO - Processing file /home/airflow/.local/lib/python3.7/site-packages/airflow/example_dags/example_xcomargs.py for tasks to queue
[2021-12-14 13:14:02,657] {logging_mixin.py:109} INFO - [2021-12-14 13:14:02,657] {dagbag.py:500} INFO - Filling up the DagBag from /home/airflow/.local/lib/python3.7/site-packages/airflow/example_dags/example_xcomargs.py
[2021-12-14 13:14:02,688] {processor.py:637} INFO - DAG(s) dict_keys(['example_xcom_args', 'example_xcom_args_with_operators']) retrieved from /home/airflow/.local/lib/python3.7/site-packages/airflow/example_dags/example_xcomargs.py
[2021-12-14 13:14:02,947] {logging_mixin.py:109} INFO - [2021-12-14 13:14:02,946] {dag.py:2396} INFO - Sync 2 DAGs
[2021-12-14 13:14:02,967] {logging_mixin.py:109} INFO - [2021-12-14 13:14:02,967] {dag.py:2928} INFO - Setting next_dagrun for example_xcom_args to None
[2021-12-14 13:14:02,968] {logging_mixin.py:109} INFO - [2021-12-14 13:14:02,968] {dag.py:2928} INFO - Setting next_dagrun for example_xcom_args_with_operators to None
[2021-12-14 13:14:02,982] {processor.py:171} INFO - Processing /home/airflow/.local/lib/python3.7/site-packages/airflow/example_dags/example_xcomargs.py took 0.330 seconds
[2021-12-14 13:14:33,174] {processor.py:163} INFO - Started process (PID=1921) to work on /home/airflow/.local/lib/python3.7/site-packages/airflow/example_dags/example_xcomargs.py
[2021-12-14 13:14:33,175] {processor.py:625} INFO - Processing file /home/airflow/.local/lib/python3.7/site-packages/airflow/example_dags/example_xcomargs.py for tasks to queue
[2021-12-14 13:14:33,176] {logging_mixin.py:109} INFO - [2021-12-14 13:14:33,176] {dagbag.py:500} INFO - Filling up the DagBag from /home/airflow/.local/lib/python3.7/site-packages/airflow/example_dags/example_xcomargs.py
[2021-12-14 13:14:33,202] {processor.py:637} INFO - DAG(s) dict_keys(['example_xcom_args', 'example_xcom_args_with_operators']) retrieved from /home/airflow/.local/lib/python3.7/site-packages/airflow/example_dags/example_xcomargs.py
[2021-12-14 13:14:33,381] {logging_mixin.py:109} INFO - [2021-12-14 13:14:33,381] {dag.py:2396} INFO - Sync 2 DAGs
[2021-12-14 13:14:33,399] {logging_mixin.py:109} INFO - [2021-12-14 13:14:33,399] {dag.py:2928} INFO - Setting next_dagrun for example_xcom_args to None
[2021-12-14 13:14:33,399] {logging_mixin.py:109} INFO - [2021-12-14 13:14:33,399] {dag.py:2928} INFO - Setting next_dagrun for example_xcom_args_with_operators to None
[2021-12-14 13:14:33,410] {processor.py:171} INFO - Processing /home/airflow/.local/lib/python3.7/site-packages/airflow/example_dags/example_xcomargs.py took 0.239 seconds
[2021-12-14 13:15:03,572] {processor.py:163} INFO - Started process (PID=1992) to work on /home/airflow/.local/lib/python3.7/site-packages/airflow/example_dags/example_xcomargs.py
[2021-12-14 13:15:03,573] {processor.py:625} INFO - Processing file /home/airflow/.local/lib/python3.7/site-packages/airflow/example_dags/example_xcomargs.py for tasks to queue
[2021-12-14 13:15:03,574] {logging_mixin.py:109} INFO - [2021-12-14 13:15:03,574] {dagbag.py:500} INFO - Filling up the DagBag from /home/airflow/.local/lib/python3.7/site-packages/airflow/example_dags/example_xcomargs.py
[2021-12-14 13:15:03,605] {processor.py:637} INFO - DAG(s) dict_keys(['example_xcom_args', 'example_xcom_args_with_operators']) retrieved from /home/airflow/.local/lib/python3.7/site-packages/airflow/example_dags/example_xcomargs.py
[2021-12-14 13:15:03,796] {logging_mixin.py:109} INFO - [2021-12-14 13:15:03,796] {dag.py:2396} INFO - Sync 2 DAGs
[2021-12-14 13:15:03,809] {logging_mixin.py:109} INFO - [2021-12-14 13:15:03,809] {dag.py:2928} INFO - Setting next_dagrun for example_xcom_args to None
[2021-12-14 13:15:03,810] {logging_mixin.py:109} INFO - [2021-12-14 13:15:03,810] {dag.py:2928} INFO - Setting next_dagrun for example_xcom_args_with_operators to None
[2021-12-14 13:15:03,820] {processor.py:171} INFO - Processing /home/airflow/.local/lib/python3.7/site-packages/airflow/example_dags/example_xcomargs.py took 0.251 seconds
[2021-12-14 13:15:34,708] {processor.py:163} INFO - Started process (PID=2054) to work on /home/airflow/.local/lib/python3.7/site-packages/airflow/example_dags/example_xcomargs.py
[2021-12-14 13:15:34,709] {processor.py:625} INFO - Processing file /home/airflow/.local/lib/python3.7/site-packages/airflow/example_dags/example_xcomargs.py for tasks to queue
[2021-12-14 13:15:34,710] {logging_mixin.py:109} INFO - [2021-12-14 13:15:34,710] {dagbag.py:500} INFO - Filling up the DagBag from /home/airflow/.local/lib/python3.7/site-packages/airflow/example_dags/example_xcomargs.py
[2021-12-14 13:15:34,736] {processor.py:637} INFO - DAG(s) dict_keys(['example_xcom_args', 'example_xcom_args_with_operators']) retrieved from /home/airflow/.local/lib/python3.7/site-packages/airflow/example_dags/example_xcomargs.py
[2021-12-14 13:15:34,897] {logging_mixin.py:109} INFO - [2021-12-14 13:15:34,897] {dag.py:2396} INFO - Sync 2 DAGs
[2021-12-14 13:15:34,909] {logging_mixin.py:109} INFO - [2021-12-14 13:15:34,909] {dag.py:2928} INFO - Setting next_dagrun for example_xcom_args to None
[2021-12-14 13:15:34,909] {logging_mixin.py:109} INFO - [2021-12-14 13:15:34,909] {dag.py:2928} INFO - Setting next_dagrun for example_xcom_args_with_operators to None
[2021-12-14 13:15:34,921] {processor.py:171} INFO - Processing /home/airflow/.local/lib/python3.7/site-packages/airflow/example_dags/example_xcomargs.py took 0.215 seconds
[2021-12-14 13:16:05,035] {processor.py:163} INFO - Started process (PID=2126) to work on /home/airflow/.local/lib/python3.7/site-packages/airflow/example_dags/example_xcomargs.py
[2021-12-14 13:16:05,036] {processor.py:625} INFO - Processing file /home/airflow/.local/lib/python3.7/site-packages/airflow/example_dags/example_xcomargs.py for tasks to queue
[2021-12-14 13:16:05,037] {logging_mixin.py:109} INFO - [2021-12-14 13:16:05,037] {dagbag.py:500} INFO - Filling up the DagBag from /home/airflow/.local/lib/python3.7/site-packages/airflow/example_dags/example_xcomargs.py
[2021-12-14 13:16:05,067] {processor.py:637} INFO - DAG(s) dict_keys(['example_xcom_args', 'example_xcom_args_with_operators']) retrieved from /home/airflow/.local/lib/python3.7/site-packages/airflow/example_dags/example_xcomargs.py
[2021-12-14 13:16:05,253] {logging_mixin.py:109} INFO - [2021-12-14 13:16:05,253] {dag.py:2396} INFO - Sync 2 DAGs
[2021-12-14 13:16:05,267] {logging_mixin.py:109} INFO - [2021-12-14 13:16:05,267] {dag.py:2928} INFO - Setting next_dagrun for example_xcom_args to None
[2021-12-14 13:16:05,268] {logging_mixin.py:109} INFO - [2021-12-14 13:16:05,268] {dag.py:2928} INFO - Setting next_dagrun for example_xcom_args_with_operators to None
[2021-12-14 13:16:05,280] {processor.py:171} INFO - Processing /home/airflow/.local/lib/python3.7/site-packages/airflow/example_dags/example_xcomargs.py took 0.248 seconds
[2021-12-14 13:16:36,188] {processor.py:163} INFO - Started process (PID=2187) to work on /home/airflow/.local/lib/python3.7/site-packages/airflow/example_dags/example_xcomargs.py
[2021-12-14 13:16:36,189] {processor.py:625} INFO - Processing file /home/airflow/.local/lib/python3.7/site-packages/airflow/example_dags/example_xcomargs.py for tasks to queue
[2021-12-14 13:16:36,190] {logging_mixin.py:109} INFO - [2021-12-14 13:16:36,190] {dagbag.py:500} INFO - Filling up the DagBag from /home/airflow/.local/lib/python3.7/site-packages/airflow/example_dags/example_xcomargs.py
[2021-12-14 13:16:36,216] {processor.py:637} INFO - DAG(s) dict_keys(['example_xcom_args', 'example_xcom_args_with_operators']) retrieved from /home/airflow/.local/lib/python3.7/site-packages/airflow/example_dags/example_xcomargs.py
[2021-12-14 13:16:36,377] {logging_mixin.py:109} INFO - [2021-12-14 13:16:36,376] {dag.py:2396} INFO - Sync 2 DAGs
[2021-12-14 13:16:36,388] {logging_mixin.py:109} INFO - [2021-12-14 13:16:36,388] {dag.py:2928} INFO - Setting next_dagrun for example_xcom_args to None
[2021-12-14 13:16:36,388] {logging_mixin.py:109} INFO - [2021-12-14 13:16:36,388] {dag.py:2928} INFO - Setting next_dagrun for example_xcom_args_with_operators to None
[2021-12-14 13:16:36,400] {processor.py:171} INFO - Processing /home/airflow/.local/lib/python3.7/site-packages/airflow/example_dags/example_xcomargs.py took 0.215 seconds
[2021-12-14 13:17:06,863] {processor.py:163} INFO - Started process (PID=2258) to work on /home/airflow/.local/lib/python3.7/site-packages/airflow/example_dags/example_xcomargs.py
[2021-12-14 13:17:06,864] {processor.py:625} INFO - Processing file /home/airflow/.local/lib/python3.7/site-packages/airflow/example_dags/example_xcomargs.py for tasks to queue
[2021-12-14 13:17:06,865] {logging_mixin.py:109} INFO - [2021-12-14 13:17:06,865] {dagbag.py:500} INFO - Filling up the DagBag from /home/airflow/.local/lib/python3.7/site-packages/airflow/example_dags/example_xcomargs.py
[2021-12-14 13:17:06,893] {processor.py:637} INFO - DAG(s) dict_keys(['example_xcom_args', 'example_xcom_args_with_operators']) retrieved from /home/airflow/.local/lib/python3.7/site-packages/airflow/example_dags/example_xcomargs.py
[2021-12-14 13:17:07,071] {logging_mixin.py:109} INFO - [2021-12-14 13:17:07,070] {dag.py:2396} INFO - Sync 2 DAGs
[2021-12-14 13:17:07,083] {logging_mixin.py:109} INFO - [2021-12-14 13:17:07,083] {dag.py:2928} INFO - Setting next_dagrun for example_xcom_args to None
[2021-12-14 13:17:07,084] {logging_mixin.py:109} INFO - [2021-12-14 13:17:07,084] {dag.py:2928} INFO - Setting next_dagrun for example_xcom_args_with_operators to None
[2021-12-14 13:17:07,096] {processor.py:171} INFO - Processing /home/airflow/.local/lib/python3.7/site-packages/airflow/example_dags/example_xcomargs.py took 0.235 seconds
[2021-12-14 13:17:38,017] {processor.py:163} INFO - Started process (PID=2320) to work on /home/airflow/.local/lib/python3.7/site-packages/airflow/example_dags/example_xcomargs.py
[2021-12-14 13:17:38,018] {processor.py:625} INFO - Processing file /home/airflow/.local/lib/python3.7/site-packages/airflow/example_dags/example_xcomargs.py for tasks to queue
[2021-12-14 13:17:38,019] {logging_mixin.py:109} INFO - [2021-12-14 13:17:38,019] {dagbag.py:500} INFO - Filling up the DagBag from /home/airflow/.local/lib/python3.7/site-packages/airflow/example_dags/example_xcomargs.py
[2021-12-14 13:17:38,107] {processor.py:637} INFO - DAG(s) dict_keys(['example_xcom_args', 'example_xcom_args_with_operators']) retrieved from /home/airflow/.local/lib/python3.7/site-packages/airflow/example_dags/example_xcomargs.py
[2021-12-14 13:17:38,274] {logging_mixin.py:109} INFO - [2021-12-14 13:17:38,273] {dag.py:2396} INFO - Sync 2 DAGs
[2021-12-14 13:17:38,285] {logging_mixin.py:109} INFO - [2021-12-14 13:17:38,285] {dag.py:2928} INFO - Setting next_dagrun for example_xcom_args to None
[2021-12-14 13:17:38,286] {logging_mixin.py:109} INFO - [2021-12-14 13:17:38,286] {dag.py:2928} INFO - Setting next_dagrun for example_xcom_args_with_operators to None
[2021-12-14 13:17:38,298] {processor.py:171} INFO - Processing /home/airflow/.local/lib/python3.7/site-packages/airflow/example_dags/example_xcomargs.py took 0.283 seconds
[2021-12-14 13:18:08,397] {processor.py:163} INFO - Started process (PID=2390) to work on /home/airflow/.local/lib/python3.7/site-packages/airflow/example_dags/example_xcomargs.py
[2021-12-14 13:18:08,399] {processor.py:625} INFO - Processing file /home/airflow/.local/lib/python3.7/site-packages/airflow/example_dags/example_xcomargs.py for tasks to queue
[2021-12-14 13:18:08,400] {logging_mixin.py:109} INFO - [2021-12-14 13:18:08,400] {dagbag.py:500} INFO - Filling up the DagBag from /home/airflow/.local/lib/python3.7/site-packages/airflow/example_dags/example_xcomargs.py
[2021-12-14 13:18:08,507] {processor.py:637} INFO - DAG(s) dict_keys(['example_xcom_args', 'example_xcom_args_with_operators']) retrieved from /home/airflow/.local/lib/python3.7/site-packages/airflow/example_dags/example_xcomargs.py
[2021-12-14 13:18:08,711] {logging_mixin.py:109} INFO - [2021-12-14 13:18:08,711] {dag.py:2396} INFO - Sync 2 DAGs
[2021-12-14 13:18:08,725] {logging_mixin.py:109} INFO - [2021-12-14 13:18:08,725] {dag.py:2928} INFO - Setting next_dagrun for example_xcom_args to None
[2021-12-14 13:18:08,725] {logging_mixin.py:109} INFO - [2021-12-14 13:18:08,725] {dag.py:2928} INFO - Setting next_dagrun for example_xcom_args_with_operators to None
[2021-12-14 13:18:08,739] {processor.py:171} INFO - Processing /home/airflow/.local/lib/python3.7/site-packages/airflow/example_dags/example_xcomargs.py took 0.346 seconds
[2021-12-14 13:18:38,781] {processor.py:163} INFO - Started process (PID=2452) to work on /home/airflow/.local/lib/python3.7/site-packages/airflow/example_dags/example_xcomargs.py
[2021-12-14 13:18:38,782] {processor.py:625} INFO - Processing file /home/airflow/.local/lib/python3.7/site-packages/airflow/example_dags/example_xcomargs.py for tasks to queue
[2021-12-14 13:18:38,783] {logging_mixin.py:109} INFO - [2021-12-14 13:18:38,783] {dagbag.py:500} INFO - Filling up the DagBag from /home/airflow/.local/lib/python3.7/site-packages/airflow/example_dags/example_xcomargs.py
[2021-12-14 13:18:38,815] {processor.py:637} INFO - DAG(s) dict_keys(['example_xcom_args', 'example_xcom_args_with_operators']) retrieved from /home/airflow/.local/lib/python3.7/site-packages/airflow/example_dags/example_xcomargs.py
[2021-12-14 13:18:38,994] {logging_mixin.py:109} INFO - [2021-12-14 13:18:38,994] {dag.py:2396} INFO - Sync 2 DAGs
[2021-12-14 13:18:39,006] {logging_mixin.py:109} INFO - [2021-12-14 13:18:39,006] {dag.py:2928} INFO - Setting next_dagrun for example_xcom_args to None
[2021-12-14 13:18:39,006] {logging_mixin.py:109} INFO - [2021-12-14 13:18:39,006] {dag.py:2928} INFO - Setting next_dagrun for example_xcom_args_with_operators to None
[2021-12-14 13:18:39,017] {processor.py:171} INFO - Processing /home/airflow/.local/lib/python3.7/site-packages/airflow/example_dags/example_xcomargs.py took 0.239 seconds
[2021-12-14 13:19:09,102] {processor.py:163} INFO - Started process (PID=2515) to work on /home/airflow/.local/lib/python3.7/site-packages/airflow/example_dags/example_xcomargs.py
[2021-12-14 13:19:09,103] {processor.py:625} INFO - Processing file /home/airflow/.local/lib/python3.7/site-packages/airflow/example_dags/example_xcomargs.py for tasks to queue
[2021-12-14 13:19:09,105] {logging_mixin.py:109} INFO - [2021-12-14 13:19:09,105] {dagbag.py:500} INFO - Filling up the DagBag from /home/airflow/.local/lib/python3.7/site-packages/airflow/example_dags/example_xcomargs.py
[2021-12-14 13:19:09,140] {processor.py:637} INFO - DAG(s) dict_keys(['example_xcom_args', 'example_xcom_args_with_operators']) retrieved from /home/airflow/.local/lib/python3.7/site-packages/airflow/example_dags/example_xcomargs.py
[2021-12-14 13:19:09,451] {logging_mixin.py:109} INFO - [2021-12-14 13:19:09,451] {dag.py:2396} INFO - Sync 2 DAGs
[2021-12-14 13:19:09,466] {logging_mixin.py:109} INFO - [2021-12-14 13:19:09,466] {dag.py:2928} INFO - Setting next_dagrun for example_xcom_args to None
[2021-12-14 13:19:09,467] {logging_mixin.py:109} INFO - [2021-12-14 13:19:09,467] {dag.py:2928} INFO - Setting next_dagrun for example_xcom_args_with_operators to None
[2021-12-14 13:19:09,477] {processor.py:171} INFO - Processing /home/airflow/.local/lib/python3.7/site-packages/airflow/example_dags/example_xcomargs.py took 0.378 seconds
[2021-12-14 13:19:39,602] {processor.py:163} INFO - Started process (PID=2575) to work on /home/airflow/.local/lib/python3.7/site-packages/airflow/example_dags/example_xcomargs.py
[2021-12-14 13:19:39,603] {processor.py:625} INFO - Processing file /home/airflow/.local/lib/python3.7/site-packages/airflow/example_dags/example_xcomargs.py for tasks to queue
[2021-12-14 13:19:39,604] {logging_mixin.py:109} INFO - [2021-12-14 13:19:39,604] {dagbag.py:500} INFO - Filling up the DagBag from /home/airflow/.local/lib/python3.7/site-packages/airflow/example_dags/example_xcomargs.py
[2021-12-14 13:19:39,632] {processor.py:637} INFO - DAG(s) dict_keys(['example_xcom_args', 'example_xcom_args_with_operators']) retrieved from /home/airflow/.local/lib/python3.7/site-packages/airflow/example_dags/example_xcomargs.py
[2021-12-14 13:19:39,825] {logging_mixin.py:109} INFO - [2021-12-14 13:19:39,824] {dag.py:2396} INFO - Sync 2 DAGs
[2021-12-14 13:19:39,838] {logging_mixin.py:109} INFO - [2021-12-14 13:19:39,838] {dag.py:2928} INFO - Setting next_dagrun for example_xcom_args to None
[2021-12-14 13:19:39,838] {logging_mixin.py:109} INFO - [2021-12-14 13:19:39,838] {dag.py:2928} INFO - Setting next_dagrun for example_xcom_args_with_operators to None
[2021-12-14 13:19:39,847] {processor.py:171} INFO - Processing /home/airflow/.local/lib/python3.7/site-packages/airflow/example_dags/example_xcomargs.py took 0.249 seconds
[2021-12-14 13:20:10,136] {processor.py:163} INFO - Started process (PID=2637) to work on /home/airflow/.local/lib/python3.7/site-packages/airflow/example_dags/example_xcomargs.py
[2021-12-14 13:20:10,138] {processor.py:625} INFO - Processing file /home/airflow/.local/lib/python3.7/site-packages/airflow/example_dags/example_xcomargs.py for tasks to queue
[2021-12-14 13:20:10,139] {logging_mixin.py:109} INFO - [2021-12-14 13:20:10,138] {dagbag.py:500} INFO - Filling up the DagBag from /home/airflow/.local/lib/python3.7/site-packages/airflow/example_dags/example_xcomargs.py
[2021-12-14 13:20:10,171] {processor.py:637} INFO - DAG(s) dict_keys(['example_xcom_args', 'example_xcom_args_with_operators']) retrieved from /home/airflow/.local/lib/python3.7/site-packages/airflow/example_dags/example_xcomargs.py
[2021-12-14 13:20:10,338] {logging_mixin.py:109} INFO - [2021-12-14 13:20:10,338] {dag.py:2396} INFO - Sync 2 DAGs
[2021-12-14 13:20:10,350] {logging_mixin.py:109} INFO - [2021-12-14 13:20:10,350] {dag.py:2928} INFO - Setting next_dagrun for example_xcom_args to None
[2021-12-14 13:20:10,351] {logging_mixin.py:109} INFO - [2021-12-14 13:20:10,351] {dag.py:2928} INFO - Setting next_dagrun for example_xcom_args_with_operators to None
[2021-12-14 13:20:10,361] {processor.py:171} INFO - Processing /home/airflow/.local/lib/python3.7/site-packages/airflow/example_dags/example_xcomargs.py took 0.228 seconds
[2021-12-14 13:20:40,513] {processor.py:163} INFO - Started process (PID=2708) to work on /home/airflow/.local/lib/python3.7/site-packages/airflow/example_dags/example_xcomargs.py
[2021-12-14 13:20:40,514] {processor.py:625} INFO - Processing file /home/airflow/.local/lib/python3.7/site-packages/airflow/example_dags/example_xcomargs.py for tasks to queue
[2021-12-14 13:20:40,515] {logging_mixin.py:109} INFO - [2021-12-14 13:20:40,515] {dagbag.py:500} INFO - Filling up the DagBag from /home/airflow/.local/lib/python3.7/site-packages/airflow/example_dags/example_xcomargs.py
[2021-12-14 13:20:40,548] {processor.py:637} INFO - DAG(s) dict_keys(['example_xcom_args', 'example_xcom_args_with_operators']) retrieved from /home/airflow/.local/lib/python3.7/site-packages/airflow/example_dags/example_xcomargs.py
[2021-12-14 13:20:40,711] {logging_mixin.py:109} INFO - [2021-12-14 13:20:40,711] {dag.py:2396} INFO - Sync 2 DAGs
[2021-12-14 13:20:40,723] {logging_mixin.py:109} INFO - [2021-12-14 13:20:40,723] {dag.py:2928} INFO - Setting next_dagrun for example_xcom_args to None
[2021-12-14 13:20:40,723] {logging_mixin.py:109} INFO - [2021-12-14 13:20:40,723] {dag.py:2928} INFO - Setting next_dagrun for example_xcom_args_with_operators to None
[2021-12-14 13:20:40,736] {processor.py:171} INFO - Processing /home/airflow/.local/lib/python3.7/site-packages/airflow/example_dags/example_xcomargs.py took 0.226 seconds
[2021-12-14 13:21:10,955] {processor.py:163} INFO - Started process (PID=2768) to work on /home/airflow/.local/lib/python3.7/site-packages/airflow/example_dags/example_xcomargs.py
[2021-12-14 13:21:10,957] {processor.py:625} INFO - Processing file /home/airflow/.local/lib/python3.7/site-packages/airflow/example_dags/example_xcomargs.py for tasks to queue
[2021-12-14 13:21:10,958] {logging_mixin.py:109} INFO - [2021-12-14 13:21:10,958] {dagbag.py:500} INFO - Filling up the DagBag from /home/airflow/.local/lib/python3.7/site-packages/airflow/example_dags/example_xcomargs.py
[2021-12-14 13:21:10,993] {processor.py:637} INFO - DAG(s) dict_keys(['example_xcom_args', 'example_xcom_args_with_operators']) retrieved from /home/airflow/.local/lib/python3.7/site-packages/airflow/example_dags/example_xcomargs.py
[2021-12-14 13:21:11,162] {logging_mixin.py:109} INFO - [2021-12-14 13:21:11,162] {dag.py:2396} INFO - Sync 2 DAGs
[2021-12-14 13:21:11,174] {logging_mixin.py:109} INFO - [2021-12-14 13:21:11,174] {dag.py:2928} INFO - Setting next_dagrun for example_xcom_args to None
[2021-12-14 13:21:11,175] {logging_mixin.py:109} INFO - [2021-12-14 13:21:11,175] {dag.py:2928} INFO - Setting next_dagrun for example_xcom_args_with_operators to None
[2021-12-14 13:21:11,188] {processor.py:171} INFO - Processing /home/airflow/.local/lib/python3.7/site-packages/airflow/example_dags/example_xcomargs.py took 0.237 seconds
[2021-12-14 13:21:41,649] {processor.py:163} INFO - Started process (PID=2839) to work on /home/airflow/.local/lib/python3.7/site-packages/airflow/example_dags/example_xcomargs.py
[2021-12-14 13:21:41,650] {processor.py:625} INFO - Processing file /home/airflow/.local/lib/python3.7/site-packages/airflow/example_dags/example_xcomargs.py for tasks to queue
[2021-12-14 13:21:41,651] {logging_mixin.py:109} INFO - [2021-12-14 13:21:41,651] {dagbag.py:500} INFO - Filling up the DagBag from /home/airflow/.local/lib/python3.7/site-packages/airflow/example_dags/example_xcomargs.py
[2021-12-14 13:21:41,678] {processor.py:637} INFO - DAG(s) dict_keys(['example_xcom_args', 'example_xcom_args_with_operators']) retrieved from /home/airflow/.local/lib/python3.7/site-packages/airflow/example_dags/example_xcomargs.py
[2021-12-14 13:21:41,841] {logging_mixin.py:109} INFO - [2021-12-14 13:21:41,840] {dag.py:2396} INFO - Sync 2 DAGs
[2021-12-14 13:21:41,853] {logging_mixin.py:109} INFO - [2021-12-14 13:21:41,853] {dag.py:2928} INFO - Setting next_dagrun for example_xcom_args to None
[2021-12-14 13:21:41,853] {logging_mixin.py:109} INFO - [2021-12-14 13:21:41,853] {dag.py:2928} INFO - Setting next_dagrun for example_xcom_args_with_operators to None
[2021-12-14 13:21:41,863] {processor.py:171} INFO - Processing /home/airflow/.local/lib/python3.7/site-packages/airflow/example_dags/example_xcomargs.py took 0.216 seconds
[2021-12-14 13:22:12,292] {processor.py:163} INFO - Started process (PID=2900) to work on /home/airflow/.local/lib/python3.7/site-packages/airflow/example_dags/example_xcomargs.py
[2021-12-14 13:22:12,293] {processor.py:625} INFO - Processing file /home/airflow/.local/lib/python3.7/site-packages/airflow/example_dags/example_xcomargs.py for tasks to queue
[2021-12-14 13:22:12,294] {logging_mixin.py:109} INFO - [2021-12-14 13:22:12,294] {dagbag.py:500} INFO - Filling up the DagBag from /home/airflow/.local/lib/python3.7/site-packages/airflow/example_dags/example_xcomargs.py
[2021-12-14 13:22:12,321] {processor.py:637} INFO - DAG(s) dict_keys(['example_xcom_args', 'example_xcom_args_with_operators']) retrieved from /home/airflow/.local/lib/python3.7/site-packages/airflow/example_dags/example_xcomargs.py
[2021-12-14 13:22:12,489] {logging_mixin.py:109} INFO - [2021-12-14 13:22:12,489] {dag.py:2396} INFO - Sync 2 DAGs
[2021-12-14 13:22:12,506] {logging_mixin.py:109} INFO - [2021-12-14 13:22:12,506] {dag.py:2928} INFO - Setting next_dagrun for example_xcom_args to None
[2021-12-14 13:22:12,507] {logging_mixin.py:109} INFO - [2021-12-14 13:22:12,507] {dag.py:2928} INFO - Setting next_dagrun for example_xcom_args_with_operators to None
[2021-12-14 13:22:12,519] {processor.py:171} INFO - Processing /home/airflow/.local/lib/python3.7/site-packages/airflow/example_dags/example_xcomargs.py took 0.229 seconds
[2021-12-14 13:22:42,613] {processor.py:163} INFO - Started process (PID=2971) to work on /home/airflow/.local/lib/python3.7/site-packages/airflow/example_dags/example_xcomargs.py
[2021-12-14 13:22:42,614] {processor.py:625} INFO - Processing file /home/airflow/.local/lib/python3.7/site-packages/airflow/example_dags/example_xcomargs.py for tasks to queue
[2021-12-14 13:22:42,615] {logging_mixin.py:109} INFO - [2021-12-14 13:22:42,615] {dagbag.py:500} INFO - Filling up the DagBag from /home/airflow/.local/lib/python3.7/site-packages/airflow/example_dags/example_xcomargs.py
[2021-12-14 13:22:42,642] {processor.py:637} INFO - DAG(s) dict_keys(['example_xcom_args', 'example_xcom_args_with_operators']) retrieved from /home/airflow/.local/lib/python3.7/site-packages/airflow/example_dags/example_xcomargs.py
[2021-12-14 13:22:42,833] {logging_mixin.py:109} INFO - [2021-12-14 13:22:42,833] {dag.py:2396} INFO - Sync 2 DAGs
[2021-12-14 13:22:42,846] {logging_mixin.py:109} INFO - [2021-12-14 13:22:42,846] {dag.py:2928} INFO - Setting next_dagrun for example_xcom_args to None
[2021-12-14 13:22:42,846] {logging_mixin.py:109} INFO - [2021-12-14 13:22:42,846] {dag.py:2928} INFO - Setting next_dagrun for example_xcom_args_with_operators to None
[2021-12-14 13:22:42,857] {processor.py:171} INFO - Processing /home/airflow/.local/lib/python3.7/site-packages/airflow/example_dags/example_xcomargs.py took 0.247 seconds
[2021-12-14 13:23:13,876] {processor.py:163} INFO - Started process (PID=3033) to work on /home/airflow/.local/lib/python3.7/site-packages/airflow/example_dags/example_xcomargs.py
[2021-12-14 13:23:13,877] {processor.py:625} INFO - Processing file /home/airflow/.local/lib/python3.7/site-packages/airflow/example_dags/example_xcomargs.py for tasks to queue
[2021-12-14 13:23:13,878] {logging_mixin.py:109} INFO - [2021-12-14 13:23:13,878] {dagbag.py:500} INFO - Filling up the DagBag from /home/airflow/.local/lib/python3.7/site-packages/airflow/example_dags/example_xcomargs.py
[2021-12-14 13:23:13,906] {processor.py:637} INFO - DAG(s) dict_keys(['example_xcom_args', 'example_xcom_args_with_operators']) retrieved from /home/airflow/.local/lib/python3.7/site-packages/airflow/example_dags/example_xcomargs.py
[2021-12-14 13:23:14,068] {logging_mixin.py:109} INFO - [2021-12-14 13:23:14,068] {dag.py:2396} INFO - Sync 2 DAGs
[2021-12-14 13:23:14,081] {logging_mixin.py:109} INFO - [2021-12-14 13:23:14,081] {dag.py:2928} INFO - Setting next_dagrun for example_xcom_args to None
[2021-12-14 13:23:14,082] {logging_mixin.py:109} INFO - [2021-12-14 13:23:14,082] {dag.py:2928} INFO - Setting next_dagrun for example_xcom_args_with_operators to None
[2021-12-14 13:23:14,093] {processor.py:171} INFO - Processing /home/airflow/.local/lib/python3.7/site-packages/airflow/example_dags/example_xcomargs.py took 0.220 seconds
[2021-12-14 13:23:44,132] {processor.py:163} INFO - Started process (PID=3105) to work on /home/airflow/.local/lib/python3.7/site-packages/airflow/example_dags/example_xcomargs.py
[2021-12-14 13:23:44,133] {processor.py:625} INFO - Processing file /home/airflow/.local/lib/python3.7/site-packages/airflow/example_dags/example_xcomargs.py for tasks to queue
[2021-12-14 13:23:44,134] {logging_mixin.py:109} INFO - [2021-12-14 13:23:44,134] {dagbag.py:500} INFO - Filling up the DagBag from /home/airflow/.local/lib/python3.7/site-packages/airflow/example_dags/example_xcomargs.py
[2021-12-14 13:23:44,163] {processor.py:637} INFO - DAG(s) dict_keys(['example_xcom_args', 'example_xcom_args_with_operators']) retrieved from /home/airflow/.local/lib/python3.7/site-packages/airflow/example_dags/example_xcomargs.py
[2021-12-14 13:23:44,174] {logging_mixin.py:109} INFO - [2021-12-14 13:23:44,174] {dag.py:2396} INFO - Sync 2 DAGs
[2021-12-14 13:23:44,187] {logging_mixin.py:109} INFO - [2021-12-14 13:23:44,187] {dag.py:2928} INFO - Setting next_dagrun for example_xcom_args to None
[2021-12-14 13:23:44,187] {logging_mixin.py:109} INFO - [2021-12-14 13:23:44,187] {dag.py:2928} INFO - Setting next_dagrun for example_xcom_args_with_operators to None
[2021-12-14 13:23:44,199] {processor.py:171} INFO - Processing /home/airflow/.local/lib/python3.7/site-packages/airflow/example_dags/example_xcomargs.py took 0.070 seconds
[2021-12-14 13:24:14,648] {processor.py:163} INFO - Started process (PID=3168) to work on /home/airflow/.local/lib/python3.7/site-packages/airflow/example_dags/example_xcomargs.py
[2021-12-14 13:24:14,649] {processor.py:625} INFO - Processing file /home/airflow/.local/lib/python3.7/site-packages/airflow/example_dags/example_xcomargs.py for tasks to queue
[2021-12-14 13:24:14,650] {logging_mixin.py:109} INFO - [2021-12-14 13:24:14,650] {dagbag.py:500} INFO - Filling up the DagBag from /home/airflow/.local/lib/python3.7/site-packages/airflow/example_dags/example_xcomargs.py
[2021-12-14 13:24:14,682] {processor.py:637} INFO - DAG(s) dict_keys(['example_xcom_args', 'example_xcom_args_with_operators']) retrieved from /home/airflow/.local/lib/python3.7/site-packages/airflow/example_dags/example_xcomargs.py
[2021-12-14 13:24:14,857] {logging_mixin.py:109} INFO - [2021-12-14 13:24:14,857] {dag.py:2396} INFO - Sync 2 DAGs
[2021-12-14 13:24:14,870] {logging_mixin.py:109} INFO - [2021-12-14 13:24:14,870] {dag.py:2928} INFO - Setting next_dagrun for example_xcom_args to None
[2021-12-14 13:24:14,870] {logging_mixin.py:109} INFO - [2021-12-14 13:24:14,870] {dag.py:2928} INFO - Setting next_dagrun for example_xcom_args_with_operators to None
[2021-12-14 13:24:14,882] {processor.py:171} INFO - Processing /home/airflow/.local/lib/python3.7/site-packages/airflow/example_dags/example_xcomargs.py took 0.237 seconds
[2021-12-14 13:24:45,052] {processor.py:163} INFO - Started process (PID=3237) to work on /home/airflow/.local/lib/python3.7/site-packages/airflow/example_dags/example_xcomargs.py
[2021-12-14 13:24:45,053] {processor.py:625} INFO - Processing file /home/airflow/.local/lib/python3.7/site-packages/airflow/example_dags/example_xcomargs.py for tasks to queue
[2021-12-14 13:24:45,054] {logging_mixin.py:109} INFO - [2021-12-14 13:24:45,054] {dagbag.py:500} INFO - Filling up the DagBag from /home/airflow/.local/lib/python3.7/site-packages/airflow/example_dags/example_xcomargs.py
[2021-12-14 13:24:45,082] {processor.py:637} INFO - DAG(s) dict_keys(['example_xcom_args', 'example_xcom_args_with_operators']) retrieved from /home/airflow/.local/lib/python3.7/site-packages/airflow/example_dags/example_xcomargs.py
[2021-12-14 13:24:45,248] {logging_mixin.py:109} INFO - [2021-12-14 13:24:45,248] {dag.py:2396} INFO - Sync 2 DAGs
[2021-12-14 13:24:45,260] {logging_mixin.py:109} INFO - [2021-12-14 13:24:45,260] {dag.py:2928} INFO - Setting next_dagrun for example_xcom_args to None
[2021-12-14 13:24:45,261] {logging_mixin.py:109} INFO - [2021-12-14 13:24:45,261] {dag.py:2928} INFO - Setting next_dagrun for example_xcom_args_with_operators to None
[2021-12-14 13:24:45,271] {processor.py:171} INFO - Processing /home/airflow/.local/lib/python3.7/site-packages/airflow/example_dags/example_xcomargs.py took 0.222 seconds
[2021-12-14 13:25:15,428] {processor.py:163} INFO - Started process (PID=3300) to work on /home/airflow/.local/lib/python3.7/site-packages/airflow/example_dags/example_xcomargs.py
[2021-12-14 13:25:15,429] {processor.py:625} INFO - Processing file /home/airflow/.local/lib/python3.7/site-packages/airflow/example_dags/example_xcomargs.py for tasks to queue
[2021-12-14 13:25:15,430] {logging_mixin.py:109} INFO - [2021-12-14 13:25:15,430] {dagbag.py:500} INFO - Filling up the DagBag from /home/airflow/.local/lib/python3.7/site-packages/airflow/example_dags/example_xcomargs.py
[2021-12-14 13:25:15,456] {processor.py:637} INFO - DAG(s) dict_keys(['example_xcom_args', 'example_xcom_args_with_operators']) retrieved from /home/airflow/.local/lib/python3.7/site-packages/airflow/example_dags/example_xcomargs.py
[2021-12-14 13:25:15,620] {logging_mixin.py:109} INFO - [2021-12-14 13:25:15,619] {dag.py:2396} INFO - Sync 2 DAGs
[2021-12-14 13:25:15,631] {logging_mixin.py:109} INFO - [2021-12-14 13:25:15,631] {dag.py:2928} INFO - Setting next_dagrun for example_xcom_args to None
[2021-12-14 13:25:15,632] {logging_mixin.py:109} INFO - [2021-12-14 13:25:15,632] {dag.py:2928} INFO - Setting next_dagrun for example_xcom_args_with_operators to None
[2021-12-14 13:25:15,642] {processor.py:171} INFO - Processing /home/airflow/.local/lib/python3.7/site-packages/airflow/example_dags/example_xcomargs.py took 0.217 seconds
[2021-12-14 13:25:45,882] {processor.py:163} INFO - Started process (PID=3370) to work on /home/airflow/.local/lib/python3.7/site-packages/airflow/example_dags/example_xcomargs.py
[2021-12-14 13:25:45,884] {processor.py:625} INFO - Processing file /home/airflow/.local/lib/python3.7/site-packages/airflow/example_dags/example_xcomargs.py for tasks to queue
[2021-12-14 13:25:45,885] {logging_mixin.py:109} INFO - [2021-12-14 13:25:45,885] {dagbag.py:500} INFO - Filling up the DagBag from /home/airflow/.local/lib/python3.7/site-packages/airflow/example_dags/example_xcomargs.py
[2021-12-14 13:25:45,922] {processor.py:637} INFO - DAG(s) dict_keys(['example_xcom_args', 'example_xcom_args_with_operators']) retrieved from /home/airflow/.local/lib/python3.7/site-packages/airflow/example_dags/example_xcomargs.py
[2021-12-14 13:25:46,117] {logging_mixin.py:109} INFO - [2021-12-14 13:25:46,117] {dag.py:2396} INFO - Sync 2 DAGs
[2021-12-14 13:25:46,130] {logging_mixin.py:109} INFO - [2021-12-14 13:25:46,130] {dag.py:2928} INFO - Setting next_dagrun for example_xcom_args to None
[2021-12-14 13:25:46,131] {logging_mixin.py:109} INFO - [2021-12-14 13:25:46,131] {dag.py:2928} INFO - Setting next_dagrun for example_xcom_args_with_operators to None
[2021-12-14 13:25:46,143] {processor.py:171} INFO - Processing /home/airflow/.local/lib/python3.7/site-packages/airflow/example_dags/example_xcomargs.py took 0.264 seconds
[2021-12-14 13:26:16,451] {processor.py:163} INFO - Started process (PID=3432) to work on /home/airflow/.local/lib/python3.7/site-packages/airflow/example_dags/example_xcomargs.py
[2021-12-14 13:26:16,464] {processor.py:625} INFO - Processing file /home/airflow/.local/lib/python3.7/site-packages/airflow/example_dags/example_xcomargs.py for tasks to queue
[2021-12-14 13:26:16,480] {logging_mixin.py:109} INFO - [2021-12-14 13:26:16,480] {dagbag.py:500} INFO - Filling up the DagBag from /home/airflow/.local/lib/python3.7/site-packages/airflow/example_dags/example_xcomargs.py
[2021-12-14 13:26:16,602] {processor.py:637} INFO - DAG(s) dict_keys(['example_xcom_args', 'example_xcom_args_with_operators']) retrieved from /home/airflow/.local/lib/python3.7/site-packages/airflow/example_dags/example_xcomargs.py
[2021-12-14 13:26:17,680] {logging_mixin.py:109} INFO - [2021-12-14 13:26:17,679] {dag.py:2396} INFO - Sync 2 DAGs
[2021-12-14 13:26:17,737] {logging_mixin.py:109} INFO - [2021-12-14 13:26:17,737] {dag.py:2928} INFO - Setting next_dagrun for example_xcom_args to None
[2021-12-14 13:26:17,752] {logging_mixin.py:109} INFO - [2021-12-14 13:26:17,752] {dag.py:2928} INFO - Setting next_dagrun for example_xcom_args_with_operators to None
[2021-12-14 13:26:17,789] {processor.py:171} INFO - Processing /home/airflow/.local/lib/python3.7/site-packages/airflow/example_dags/example_xcomargs.py took 1.343 seconds
[2021-12-14 16:05:10,593] {processor.py:163} INFO - Started process (PID=89) to work on /home/airflow/.local/lib/python3.7/site-packages/airflow/example_dags/example_xcomargs.py
[2021-12-14 16:05:10,596] {processor.py:625} INFO - Processing file /home/airflow/.local/lib/python3.7/site-packages/airflow/example_dags/example_xcomargs.py for tasks to queue
[2021-12-14 16:05:10,597] {logging_mixin.py:109} INFO - [2021-12-14 16:05:10,597] {dagbag.py:500} INFO - Filling up the DagBag from /home/airflow/.local/lib/python3.7/site-packages/airflow/example_dags/example_xcomargs.py
[2021-12-14 16:05:10,666] {processor.py:637} INFO - DAG(s) dict_keys(['example_xcom_args', 'example_xcom_args_with_operators']) retrieved from /home/airflow/.local/lib/python3.7/site-packages/airflow/example_dags/example_xcomargs.py
[2021-12-14 16:05:11,265] {logging_mixin.py:109} INFO - [2021-12-14 16:05:11,265] {dag.py:2396} INFO - Sync 2 DAGs
[2021-12-14 16:05:11,287] {logging_mixin.py:109} INFO - [2021-12-14 16:05:11,286] {dag.py:2928} INFO - Setting next_dagrun for example_xcom_args to None
[2021-12-14 16:05:11,287] {logging_mixin.py:109} INFO - [2021-12-14 16:05:11,287] {dag.py:2928} INFO - Setting next_dagrun for example_xcom_args_with_operators to None
[2021-12-14 16:05:11,301] {processor.py:171} INFO - Processing /home/airflow/.local/lib/python3.7/site-packages/airflow/example_dags/example_xcomargs.py took 0.714 seconds
[2021-12-14 16:05:44,074] {processor.py:163} INFO - Started process (PID=144) to work on /home/airflow/.local/lib/python3.7/site-packages/airflow/example_dags/example_xcomargs.py
[2021-12-14 16:05:44,079] {processor.py:625} INFO - Processing file /home/airflow/.local/lib/python3.7/site-packages/airflow/example_dags/example_xcomargs.py for tasks to queue
[2021-12-14 16:05:44,082] {logging_mixin.py:109} INFO - [2021-12-14 16:05:44,082] {dagbag.py:500} INFO - Filling up the DagBag from /home/airflow/.local/lib/python3.7/site-packages/airflow/example_dags/example_xcomargs.py
[2021-12-14 16:05:44,166] {processor.py:637} INFO - DAG(s) dict_keys(['example_xcom_args', 'example_xcom_args_with_operators']) retrieved from /home/airflow/.local/lib/python3.7/site-packages/airflow/example_dags/example_xcomargs.py
[2021-12-14 16:05:44,768] {logging_mixin.py:109} INFO - [2021-12-14 16:05:44,768] {dag.py:2396} INFO - Sync 2 DAGs
[2021-12-14 16:05:44,790] {logging_mixin.py:109} INFO - [2021-12-14 16:05:44,790] {dag.py:2928} INFO - Setting next_dagrun for example_xcom_args to None
[2021-12-14 16:05:44,791] {logging_mixin.py:109} INFO - [2021-12-14 16:05:44,791] {dag.py:2928} INFO - Setting next_dagrun for example_xcom_args_with_operators to None
[2021-12-14 16:05:44,806] {processor.py:171} INFO - Processing /home/airflow/.local/lib/python3.7/site-packages/airflow/example_dags/example_xcomargs.py took 0.738 seconds
[2021-12-14 16:06:28,929] {processor.py:163} INFO - Started process (PID=195) to work on /home/airflow/.local/lib/python3.7/site-packages/airflow/example_dags/example_xcomargs.py
[2021-12-14 16:06:28,943] {processor.py:625} INFO - Processing file /home/airflow/.local/lib/python3.7/site-packages/airflow/example_dags/example_xcomargs.py for tasks to queue
[2021-12-14 16:06:28,967] {logging_mixin.py:109} INFO - [2021-12-14 16:06:28,966] {dagbag.py:500} INFO - Filling up the DagBag from /home/airflow/.local/lib/python3.7/site-packages/airflow/example_dags/example_xcomargs.py
[2021-12-14 16:06:29,321] {processor.py:637} INFO - DAG(s) dict_keys(['example_xcom_args', 'example_xcom_args_with_operators']) retrieved from /home/airflow/.local/lib/python3.7/site-packages/airflow/example_dags/example_xcomargs.py
[2021-12-14 16:06:30,894] {logging_mixin.py:109} INFO - [2021-12-14 16:06:30,893] {dag.py:2396} INFO - Sync 2 DAGs
[2021-12-14 16:06:30,987] {logging_mixin.py:109} INFO - [2021-12-14 16:06:30,987] {dag.py:2928} INFO - Setting next_dagrun for example_xcom_args to None
[2021-12-14 16:06:30,989] {logging_mixin.py:109} INFO - [2021-12-14 16:06:30,989] {dag.py:2928} INFO - Setting next_dagrun for example_xcom_args_with_operators to None
[2021-12-14 16:06:31,070] {processor.py:171} INFO - Processing /home/airflow/.local/lib/python3.7/site-packages/airflow/example_dags/example_xcomargs.py took 2.171 seconds
