[2021-12-14 13:00:10,264] {processor.py:163} INFO - Started process (PID=89) to work on /home/airflow/.local/lib/python3.7/site-packages/airflow/example_dags/example_latest_only_with_trigger.py
[2021-12-14 13:00:10,281] {processor.py:625} INFO - Processing file /home/airflow/.local/lib/python3.7/site-packages/airflow/example_dags/example_latest_only_with_trigger.py for tasks to queue
[2021-12-14 13:00:10,283] {logging_mixin.py:109} INFO - [2021-12-14 13:00:10,283] {dagbag.py:500} INFO - Filling up the DagBag from /home/airflow/.local/lib/python3.7/site-packages/airflow/example_dags/example_latest_only_with_trigger.py
[2021-12-14 13:00:10,446] {processor.py:637} INFO - DAG(s) dict_keys(['latest_only_with_trigger']) retrieved from /home/airflow/.local/lib/python3.7/site-packages/airflow/example_dags/example_latest_only_with_trigger.py
[2021-12-14 13:00:10,488] {logging_mixin.py:109} INFO - [2021-12-14 13:00:10,487] {dag.py:2396} INFO - Sync 1 DAGs
[2021-12-14 13:00:10,550] {logging_mixin.py:109} INFO - [2021-12-14 13:00:10,550] {dag.py:2928} INFO - Setting next_dagrun for latest_only_with_trigger to 2021-12-14T09:00:10.549426+00:00
[2021-12-14 13:00:10,580] {processor.py:171} INFO - Processing /home/airflow/.local/lib/python3.7/site-packages/airflow/example_dags/example_latest_only_with_trigger.py took 0.343 seconds
[2021-12-14 13:00:40,692] {processor.py:163} INFO - Started process (PID=139) to work on /home/airflow/.local/lib/python3.7/site-packages/airflow/example_dags/example_latest_only_with_trigger.py
[2021-12-14 13:00:40,693] {processor.py:625} INFO - Processing file /home/airflow/.local/lib/python3.7/site-packages/airflow/example_dags/example_latest_only_with_trigger.py for tasks to queue
[2021-12-14 13:00:40,694] {logging_mixin.py:109} INFO - [2021-12-14 13:00:40,694] {dagbag.py:500} INFO - Filling up the DagBag from /home/airflow/.local/lib/python3.7/site-packages/airflow/example_dags/example_latest_only_with_trigger.py
[2021-12-14 13:00:40,718] {processor.py:637} INFO - DAG(s) dict_keys(['latest_only_with_trigger']) retrieved from /home/airflow/.local/lib/python3.7/site-packages/airflow/example_dags/example_latest_only_with_trigger.py
[2021-12-14 13:00:40,730] {logging_mixin.py:109} INFO - [2021-12-14 13:00:40,729] {dag.py:2396} INFO - Sync 1 DAGs
[2021-12-14 13:00:40,748] {logging_mixin.py:109} INFO - [2021-12-14 13:00:40,748] {dag.py:2928} INFO - Setting next_dagrun for latest_only_with_trigger to 2021-12-14T09:00:40.748589+00:00
[2021-12-14 13:00:40,759] {processor.py:171} INFO - Processing /home/airflow/.local/lib/python3.7/site-packages/airflow/example_dags/example_latest_only_with_trigger.py took 0.071 seconds
[2021-12-14 13:01:10,916] {processor.py:163} INFO - Started process (PID=211) to work on /home/airflow/.local/lib/python3.7/site-packages/airflow/example_dags/example_latest_only_with_trigger.py
[2021-12-14 13:01:10,918] {processor.py:625} INFO - Processing file /home/airflow/.local/lib/python3.7/site-packages/airflow/example_dags/example_latest_only_with_trigger.py for tasks to queue
[2021-12-14 13:01:10,919] {logging_mixin.py:109} INFO - [2021-12-14 13:01:10,918] {dagbag.py:500} INFO - Filling up the DagBag from /home/airflow/.local/lib/python3.7/site-packages/airflow/example_dags/example_latest_only_with_trigger.py
[2021-12-14 13:01:10,945] {processor.py:637} INFO - DAG(s) dict_keys(['latest_only_with_trigger']) retrieved from /home/airflow/.local/lib/python3.7/site-packages/airflow/example_dags/example_latest_only_with_trigger.py
[2021-12-14 13:01:10,956] {logging_mixin.py:109} INFO - [2021-12-14 13:01:10,956] {dag.py:2396} INFO - Sync 1 DAGs
[2021-12-14 13:01:10,976] {logging_mixin.py:109} INFO - [2021-12-14 13:01:10,976] {dag.py:2928} INFO - Setting next_dagrun for latest_only_with_trigger to 2021-12-14T09:01:10.976336+00:00
[2021-12-14 13:01:10,985] {processor.py:171} INFO - Processing /home/airflow/.local/lib/python3.7/site-packages/airflow/example_dags/example_latest_only_with_trigger.py took 0.074 seconds
[2021-12-14 13:01:41,551] {processor.py:163} INFO - Started process (PID=274) to work on /home/airflow/.local/lib/python3.7/site-packages/airflow/example_dags/example_latest_only_with_trigger.py
[2021-12-14 13:01:41,553] {processor.py:625} INFO - Processing file /home/airflow/.local/lib/python3.7/site-packages/airflow/example_dags/example_latest_only_with_trigger.py for tasks to queue
[2021-12-14 13:01:41,555] {logging_mixin.py:109} INFO - [2021-12-14 13:01:41,554] {dagbag.py:500} INFO - Filling up the DagBag from /home/airflow/.local/lib/python3.7/site-packages/airflow/example_dags/example_latest_only_with_trigger.py
[2021-12-14 13:01:41,638] {processor.py:637} INFO - DAG(s) dict_keys(['latest_only_with_trigger']) retrieved from /home/airflow/.local/lib/python3.7/site-packages/airflow/example_dags/example_latest_only_with_trigger.py
[2021-12-14 13:01:41,652] {logging_mixin.py:109} INFO - [2021-12-14 13:01:41,652] {dag.py:2396} INFO - Sync 1 DAGs
[2021-12-14 13:01:41,674] {logging_mixin.py:109} INFO - [2021-12-14 13:01:41,674] {dag.py:2928} INFO - Setting next_dagrun for latest_only_with_trigger to 2021-12-14T09:01:41.674233+00:00
[2021-12-14 13:01:41,700] {processor.py:171} INFO - Processing /home/airflow/.local/lib/python3.7/site-packages/airflow/example_dags/example_latest_only_with_trigger.py took 0.155 seconds
[2021-12-14 13:02:11,739] {processor.py:163} INFO - Started process (PID=335) to work on /home/airflow/.local/lib/python3.7/site-packages/airflow/example_dags/example_latest_only_with_trigger.py
[2021-12-14 13:02:11,740] {processor.py:625} INFO - Processing file /home/airflow/.local/lib/python3.7/site-packages/airflow/example_dags/example_latest_only_with_trigger.py for tasks to queue
[2021-12-14 13:02:11,741] {logging_mixin.py:109} INFO - [2021-12-14 13:02:11,741] {dagbag.py:500} INFO - Filling up the DagBag from /home/airflow/.local/lib/python3.7/site-packages/airflow/example_dags/example_latest_only_with_trigger.py
[2021-12-14 13:02:11,762] {processor.py:637} INFO - DAG(s) dict_keys(['latest_only_with_trigger']) retrieved from /home/airflow/.local/lib/python3.7/site-packages/airflow/example_dags/example_latest_only_with_trigger.py
[2021-12-14 13:02:11,772] {logging_mixin.py:109} INFO - [2021-12-14 13:02:11,771] {dag.py:2396} INFO - Sync 1 DAGs
[2021-12-14 13:02:11,785] {logging_mixin.py:109} INFO - [2021-12-14 13:02:11,785] {dag.py:2928} INFO - Setting next_dagrun for latest_only_with_trigger to 2021-12-14T09:02:11.784882+00:00
[2021-12-14 13:02:11,794] {processor.py:171} INFO - Processing /home/airflow/.local/lib/python3.7/site-packages/airflow/example_dags/example_latest_only_with_trigger.py took 0.058 seconds
[2021-12-14 13:02:42,369] {processor.py:163} INFO - Started process (PID=406) to work on /home/airflow/.local/lib/python3.7/site-packages/airflow/example_dags/example_latest_only_with_trigger.py
[2021-12-14 13:02:42,370] {processor.py:625} INFO - Processing file /home/airflow/.local/lib/python3.7/site-packages/airflow/example_dags/example_latest_only_with_trigger.py for tasks to queue
[2021-12-14 13:02:42,371] {logging_mixin.py:109} INFO - [2021-12-14 13:02:42,371] {dagbag.py:500} INFO - Filling up the DagBag from /home/airflow/.local/lib/python3.7/site-packages/airflow/example_dags/example_latest_only_with_trigger.py
[2021-12-14 13:02:42,398] {processor.py:637} INFO - DAG(s) dict_keys(['latest_only_with_trigger']) retrieved from /home/airflow/.local/lib/python3.7/site-packages/airflow/example_dags/example_latest_only_with_trigger.py
[2021-12-14 13:02:42,408] {logging_mixin.py:109} INFO - [2021-12-14 13:02:42,408] {dag.py:2396} INFO - Sync 1 DAGs
[2021-12-14 13:02:42,425] {logging_mixin.py:109} INFO - [2021-12-14 13:02:42,425] {dag.py:2928} INFO - Setting next_dagrun for latest_only_with_trigger to 2021-12-14T09:02:42.425401+00:00
[2021-12-14 13:02:42,436] {processor.py:171} INFO - Processing /home/airflow/.local/lib/python3.7/site-packages/airflow/example_dags/example_latest_only_with_trigger.py took 0.070 seconds
[2021-12-14 13:03:14,381] {processor.py:163} INFO - Started process (PID=466) to work on /home/airflow/.local/lib/python3.7/site-packages/airflow/example_dags/example_latest_only_with_trigger.py
[2021-12-14 13:03:14,384] {processor.py:625} INFO - Processing file /home/airflow/.local/lib/python3.7/site-packages/airflow/example_dags/example_latest_only_with_trigger.py for tasks to queue
[2021-12-14 13:03:14,394] {logging_mixin.py:109} INFO - [2021-12-14 13:03:14,394] {dagbag.py:500} INFO - Filling up the DagBag from /home/airflow/.local/lib/python3.7/site-packages/airflow/example_dags/example_latest_only_with_trigger.py
[2021-12-14 13:03:14,522] {processor.py:637} INFO - DAG(s) dict_keys(['latest_only_with_trigger']) retrieved from /home/airflow/.local/lib/python3.7/site-packages/airflow/example_dags/example_latest_only_with_trigger.py
[2021-12-14 13:03:14,545] {logging_mixin.py:109} INFO - [2021-12-14 13:03:14,545] {dag.py:2396} INFO - Sync 1 DAGs
[2021-12-14 13:03:14,583] {logging_mixin.py:109} INFO - [2021-12-14 13:03:14,582] {dag.py:2928} INFO - Setting next_dagrun for latest_only_with_trigger to 2021-12-14T09:03:14.582427+00:00
[2021-12-14 13:03:14,607] {processor.py:171} INFO - Processing /home/airflow/.local/lib/python3.7/site-packages/airflow/example_dags/example_latest_only_with_trigger.py took 0.236 seconds
[2021-12-14 13:03:44,849] {processor.py:163} INFO - Started process (PID=527) to work on /home/airflow/.local/lib/python3.7/site-packages/airflow/example_dags/example_latest_only_with_trigger.py
[2021-12-14 13:03:44,850] {processor.py:625} INFO - Processing file /home/airflow/.local/lib/python3.7/site-packages/airflow/example_dags/example_latest_only_with_trigger.py for tasks to queue
[2021-12-14 13:03:44,852] {logging_mixin.py:109} INFO - [2021-12-14 13:03:44,852] {dagbag.py:500} INFO - Filling up the DagBag from /home/airflow/.local/lib/python3.7/site-packages/airflow/example_dags/example_latest_only_with_trigger.py
[2021-12-14 13:03:44,896] {processor.py:637} INFO - DAG(s) dict_keys(['latest_only_with_trigger']) retrieved from /home/airflow/.local/lib/python3.7/site-packages/airflow/example_dags/example_latest_only_with_trigger.py
[2021-12-14 13:03:44,912] {logging_mixin.py:109} INFO - [2021-12-14 13:03:44,912] {dag.py:2396} INFO - Sync 1 DAGs
[2021-12-14 13:03:44,934] {logging_mixin.py:109} INFO - [2021-12-14 13:03:44,934] {dag.py:2928} INFO - Setting next_dagrun for latest_only_with_trigger to 2021-12-14T09:03:44.934319+00:00
[2021-12-14 13:03:44,947] {processor.py:171} INFO - Processing /home/airflow/.local/lib/python3.7/site-packages/airflow/example_dags/example_latest_only_with_trigger.py took 0.102 seconds
[2021-12-14 13:04:15,391] {processor.py:163} INFO - Started process (PID=589) to work on /home/airflow/.local/lib/python3.7/site-packages/airflow/example_dags/example_latest_only_with_trigger.py
[2021-12-14 13:04:15,392] {processor.py:625} INFO - Processing file /home/airflow/.local/lib/python3.7/site-packages/airflow/example_dags/example_latest_only_with_trigger.py for tasks to queue
[2021-12-14 13:04:15,393] {logging_mixin.py:109} INFO - [2021-12-14 13:04:15,393] {dagbag.py:500} INFO - Filling up the DagBag from /home/airflow/.local/lib/python3.7/site-packages/airflow/example_dags/example_latest_only_with_trigger.py
[2021-12-14 13:04:15,417] {processor.py:637} INFO - DAG(s) dict_keys(['latest_only_with_trigger']) retrieved from /home/airflow/.local/lib/python3.7/site-packages/airflow/example_dags/example_latest_only_with_trigger.py
[2021-12-14 13:04:15,427] {logging_mixin.py:109} INFO - [2021-12-14 13:04:15,427] {dag.py:2396} INFO - Sync 1 DAGs
[2021-12-14 13:04:15,442] {logging_mixin.py:109} INFO - [2021-12-14 13:04:15,442] {dag.py:2928} INFO - Setting next_dagrun for latest_only_with_trigger to 2021-12-14T09:04:15.442130+00:00
[2021-12-14 13:04:15,460] {processor.py:171} INFO - Processing /home/airflow/.local/lib/python3.7/site-packages/airflow/example_dags/example_latest_only_with_trigger.py took 0.072 seconds
[2021-12-14 13:04:45,687] {processor.py:163} INFO - Started process (PID=661) to work on /home/airflow/.local/lib/python3.7/site-packages/airflow/example_dags/example_latest_only_with_trigger.py
[2021-12-14 13:04:45,688] {processor.py:625} INFO - Processing file /home/airflow/.local/lib/python3.7/site-packages/airflow/example_dags/example_latest_only_with_trigger.py for tasks to queue
[2021-12-14 13:04:45,689] {logging_mixin.py:109} INFO - [2021-12-14 13:04:45,689] {dagbag.py:500} INFO - Filling up the DagBag from /home/airflow/.local/lib/python3.7/site-packages/airflow/example_dags/example_latest_only_with_trigger.py
[2021-12-14 13:04:45,718] {processor.py:637} INFO - DAG(s) dict_keys(['latest_only_with_trigger']) retrieved from /home/airflow/.local/lib/python3.7/site-packages/airflow/example_dags/example_latest_only_with_trigger.py
[2021-12-14 13:04:45,732] {logging_mixin.py:109} INFO - [2021-12-14 13:04:45,732] {dag.py:2396} INFO - Sync 1 DAGs
[2021-12-14 13:04:45,752] {logging_mixin.py:109} INFO - [2021-12-14 13:04:45,752] {dag.py:2928} INFO - Setting next_dagrun for latest_only_with_trigger to 2021-12-14T09:04:45.751945+00:00
[2021-12-14 13:04:45,776] {processor.py:171} INFO - Processing /home/airflow/.local/lib/python3.7/site-packages/airflow/example_dags/example_latest_only_with_trigger.py took 0.093 seconds
[2021-12-14 13:05:16,030] {processor.py:163} INFO - Started process (PID=723) to work on /home/airflow/.local/lib/python3.7/site-packages/airflow/example_dags/example_latest_only_with_trigger.py
[2021-12-14 13:05:16,032] {processor.py:625} INFO - Processing file /home/airflow/.local/lib/python3.7/site-packages/airflow/example_dags/example_latest_only_with_trigger.py for tasks to queue
[2021-12-14 13:05:16,033] {logging_mixin.py:109} INFO - [2021-12-14 13:05:16,033] {dagbag.py:500} INFO - Filling up the DagBag from /home/airflow/.local/lib/python3.7/site-packages/airflow/example_dags/example_latest_only_with_trigger.py
[2021-12-14 13:05:16,060] {processor.py:637} INFO - DAG(s) dict_keys(['latest_only_with_trigger']) retrieved from /home/airflow/.local/lib/python3.7/site-packages/airflow/example_dags/example_latest_only_with_trigger.py
[2021-12-14 13:05:16,072] {logging_mixin.py:109} INFO - [2021-12-14 13:05:16,071] {dag.py:2396} INFO - Sync 1 DAGs
[2021-12-14 13:05:16,088] {logging_mixin.py:109} INFO - [2021-12-14 13:05:16,088] {dag.py:2928} INFO - Setting next_dagrun for latest_only_with_trigger to 2021-12-14T09:05:16.088365+00:00
[2021-12-14 13:05:16,098] {processor.py:171} INFO - Processing /home/airflow/.local/lib/python3.7/site-packages/airflow/example_dags/example_latest_only_with_trigger.py took 0.071 seconds
[2021-12-14 13:05:47,635] {processor.py:163} INFO - Started process (PID=794) to work on /home/airflow/.local/lib/python3.7/site-packages/airflow/example_dags/example_latest_only_with_trigger.py
[2021-12-14 13:05:47,638] {processor.py:625} INFO - Processing file /home/airflow/.local/lib/python3.7/site-packages/airflow/example_dags/example_latest_only_with_trigger.py for tasks to queue
[2021-12-14 13:05:47,639] {logging_mixin.py:109} INFO - [2021-12-14 13:05:47,639] {dagbag.py:500} INFO - Filling up the DagBag from /home/airflow/.local/lib/python3.7/site-packages/airflow/example_dags/example_latest_only_with_trigger.py
[2021-12-14 13:05:47,679] {processor.py:637} INFO - DAG(s) dict_keys(['latest_only_with_trigger']) retrieved from /home/airflow/.local/lib/python3.7/site-packages/airflow/example_dags/example_latest_only_with_trigger.py
[2021-12-14 13:05:47,694] {logging_mixin.py:109} INFO - [2021-12-14 13:05:47,694] {dag.py:2396} INFO - Sync 1 DAGs
[2021-12-14 13:05:47,727] {logging_mixin.py:109} INFO - [2021-12-14 13:05:47,727] {dag.py:2928} INFO - Setting next_dagrun for latest_only_with_trigger to 2021-12-14T09:05:47.726730+00:00
[2021-12-14 13:05:47,741] {processor.py:171} INFO - Processing /home/airflow/.local/lib/python3.7/site-packages/airflow/example_dags/example_latest_only_with_trigger.py took 0.113 seconds
[2021-12-14 13:06:18,121] {processor.py:163} INFO - Started process (PID=856) to work on /home/airflow/.local/lib/python3.7/site-packages/airflow/example_dags/example_latest_only_with_trigger.py
[2021-12-14 13:06:18,122] {processor.py:625} INFO - Processing file /home/airflow/.local/lib/python3.7/site-packages/airflow/example_dags/example_latest_only_with_trigger.py for tasks to queue
[2021-12-14 13:06:18,123] {logging_mixin.py:109} INFO - [2021-12-14 13:06:18,123] {dagbag.py:500} INFO - Filling up the DagBag from /home/airflow/.local/lib/python3.7/site-packages/airflow/example_dags/example_latest_only_with_trigger.py
[2021-12-14 13:06:18,152] {processor.py:637} INFO - DAG(s) dict_keys(['latest_only_with_trigger']) retrieved from /home/airflow/.local/lib/python3.7/site-packages/airflow/example_dags/example_latest_only_with_trigger.py
[2021-12-14 13:06:18,162] {logging_mixin.py:109} INFO - [2021-12-14 13:06:18,162] {dag.py:2396} INFO - Sync 1 DAGs
[2021-12-14 13:06:18,177] {logging_mixin.py:109} INFO - [2021-12-14 13:06:18,177] {dag.py:2928} INFO - Setting next_dagrun for latest_only_with_trigger to 2021-12-14T09:06:18.177079+00:00
[2021-12-14 13:06:18,188] {processor.py:171} INFO - Processing /home/airflow/.local/lib/python3.7/site-packages/airflow/example_dags/example_latest_only_with_trigger.py took 0.070 seconds
[2021-12-14 13:06:48,250] {processor.py:163} INFO - Started process (PID=919) to work on /home/airflow/.local/lib/python3.7/site-packages/airflow/example_dags/example_latest_only_with_trigger.py
[2021-12-14 13:06:48,251] {processor.py:625} INFO - Processing file /home/airflow/.local/lib/python3.7/site-packages/airflow/example_dags/example_latest_only_with_trigger.py for tasks to queue
[2021-12-14 13:06:48,252] {logging_mixin.py:109} INFO - [2021-12-14 13:06:48,252] {dagbag.py:500} INFO - Filling up the DagBag from /home/airflow/.local/lib/python3.7/site-packages/airflow/example_dags/example_latest_only_with_trigger.py
[2021-12-14 13:06:48,282] {processor.py:637} INFO - DAG(s) dict_keys(['latest_only_with_trigger']) retrieved from /home/airflow/.local/lib/python3.7/site-packages/airflow/example_dags/example_latest_only_with_trigger.py
[2021-12-14 13:06:48,312] {logging_mixin.py:109} INFO - [2021-12-14 13:06:48,312] {dag.py:2396} INFO - Sync 1 DAGs
[2021-12-14 13:06:48,351] {logging_mixin.py:109} INFO - [2021-12-14 13:06:48,351] {dag.py:2928} INFO - Setting next_dagrun for latest_only_with_trigger to 2021-12-14T09:06:48.351274+00:00
[2021-12-14 13:06:48,372] {processor.py:171} INFO - Processing /home/airflow/.local/lib/python3.7/site-packages/airflow/example_dags/example_latest_only_with_trigger.py took 0.126 seconds
[2021-12-14 13:07:18,970] {processor.py:163} INFO - Started process (PID=979) to work on /home/airflow/.local/lib/python3.7/site-packages/airflow/example_dags/example_latest_only_with_trigger.py
[2021-12-14 13:07:18,972] {processor.py:625} INFO - Processing file /home/airflow/.local/lib/python3.7/site-packages/airflow/example_dags/example_latest_only_with_trigger.py for tasks to queue
[2021-12-14 13:07:18,973] {logging_mixin.py:109} INFO - [2021-12-14 13:07:18,972] {dagbag.py:500} INFO - Filling up the DagBag from /home/airflow/.local/lib/python3.7/site-packages/airflow/example_dags/example_latest_only_with_trigger.py
[2021-12-14 13:07:18,997] {processor.py:637} INFO - DAG(s) dict_keys(['latest_only_with_trigger']) retrieved from /home/airflow/.local/lib/python3.7/site-packages/airflow/example_dags/example_latest_only_with_trigger.py
[2021-12-14 13:07:19,009] {logging_mixin.py:109} INFO - [2021-12-14 13:07:19,009] {dag.py:2396} INFO - Sync 1 DAGs
[2021-12-14 13:07:19,025] {logging_mixin.py:109} INFO - [2021-12-14 13:07:19,025] {dag.py:2928} INFO - Setting next_dagrun for latest_only_with_trigger to 2021-12-14T09:07:19.025255+00:00
[2021-12-14 13:07:19,036] {processor.py:171} INFO - Processing /home/airflow/.local/lib/python3.7/site-packages/airflow/example_dags/example_latest_only_with_trigger.py took 0.068 seconds
[2021-12-14 13:07:49,435] {processor.py:163} INFO - Started process (PID=1039) to work on /home/airflow/.local/lib/python3.7/site-packages/airflow/example_dags/example_latest_only_with_trigger.py
[2021-12-14 13:07:49,437] {processor.py:625} INFO - Processing file /home/airflow/.local/lib/python3.7/site-packages/airflow/example_dags/example_latest_only_with_trigger.py for tasks to queue
[2021-12-14 13:07:49,438] {logging_mixin.py:109} INFO - [2021-12-14 13:07:49,438] {dagbag.py:500} INFO - Filling up the DagBag from /home/airflow/.local/lib/python3.7/site-packages/airflow/example_dags/example_latest_only_with_trigger.py
[2021-12-14 13:07:49,459] {processor.py:637} INFO - DAG(s) dict_keys(['latest_only_with_trigger']) retrieved from /home/airflow/.local/lib/python3.7/site-packages/airflow/example_dags/example_latest_only_with_trigger.py
[2021-12-14 13:07:49,468] {logging_mixin.py:109} INFO - [2021-12-14 13:07:49,468] {dag.py:2396} INFO - Sync 1 DAGs
[2021-12-14 13:07:49,481] {logging_mixin.py:109} INFO - [2021-12-14 13:07:49,481] {dag.py:2928} INFO - Setting next_dagrun for latest_only_with_trigger to 2021-12-14T09:07:49.481348+00:00
[2021-12-14 13:07:49,490] {processor.py:171} INFO - Processing /home/airflow/.local/lib/python3.7/site-packages/airflow/example_dags/example_latest_only_with_trigger.py took 0.057 seconds
[2021-12-14 13:08:19,887] {processor.py:163} INFO - Started process (PID=1110) to work on /home/airflow/.local/lib/python3.7/site-packages/airflow/example_dags/example_latest_only_with_trigger.py
[2021-12-14 13:08:19,888] {processor.py:625} INFO - Processing file /home/airflow/.local/lib/python3.7/site-packages/airflow/example_dags/example_latest_only_with_trigger.py for tasks to queue
[2021-12-14 13:08:19,889] {logging_mixin.py:109} INFO - [2021-12-14 13:08:19,889] {dagbag.py:500} INFO - Filling up the DagBag from /home/airflow/.local/lib/python3.7/site-packages/airflow/example_dags/example_latest_only_with_trigger.py
[2021-12-14 13:08:19,911] {processor.py:637} INFO - DAG(s) dict_keys(['latest_only_with_trigger']) retrieved from /home/airflow/.local/lib/python3.7/site-packages/airflow/example_dags/example_latest_only_with_trigger.py
[2021-12-14 13:08:19,920] {logging_mixin.py:109} INFO - [2021-12-14 13:08:19,920] {dag.py:2396} INFO - Sync 1 DAGs
[2021-12-14 13:08:19,934] {logging_mixin.py:109} INFO - [2021-12-14 13:08:19,934] {dag.py:2928} INFO - Setting next_dagrun for latest_only_with_trigger to 2021-12-14T09:08:19.934203+00:00
[2021-12-14 13:08:20,017] {processor.py:171} INFO - Processing /home/airflow/.local/lib/python3.7/site-packages/airflow/example_dags/example_latest_only_with_trigger.py took 0.133 seconds
[2021-12-14 13:08:50,389] {processor.py:163} INFO - Started process (PID=1172) to work on /home/airflow/.local/lib/python3.7/site-packages/airflow/example_dags/example_latest_only_with_trigger.py
[2021-12-14 13:08:50,390] {processor.py:625} INFO - Processing file /home/airflow/.local/lib/python3.7/site-packages/airflow/example_dags/example_latest_only_with_trigger.py for tasks to queue
[2021-12-14 13:08:50,391] {logging_mixin.py:109} INFO - [2021-12-14 13:08:50,391] {dagbag.py:500} INFO - Filling up the DagBag from /home/airflow/.local/lib/python3.7/site-packages/airflow/example_dags/example_latest_only_with_trigger.py
[2021-12-14 13:08:50,415] {processor.py:637} INFO - DAG(s) dict_keys(['latest_only_with_trigger']) retrieved from /home/airflow/.local/lib/python3.7/site-packages/airflow/example_dags/example_latest_only_with_trigger.py
[2021-12-14 13:08:50,425] {logging_mixin.py:109} INFO - [2021-12-14 13:08:50,425] {dag.py:2396} INFO - Sync 1 DAGs
[2021-12-14 13:08:50,518] {logging_mixin.py:109} INFO - [2021-12-14 13:08:50,518] {dag.py:2928} INFO - Setting next_dagrun for latest_only_with_trigger to 2021-12-14T09:08:50.518678+00:00
[2021-12-14 13:08:50,527] {processor.py:171} INFO - Processing /home/airflow/.local/lib/python3.7/site-packages/airflow/example_dags/example_latest_only_with_trigger.py took 0.142 seconds
[2021-12-14 13:09:20,944] {processor.py:163} INFO - Started process (PID=1243) to work on /home/airflow/.local/lib/python3.7/site-packages/airflow/example_dags/example_latest_only_with_trigger.py
[2021-12-14 13:09:20,945] {processor.py:625} INFO - Processing file /home/airflow/.local/lib/python3.7/site-packages/airflow/example_dags/example_latest_only_with_trigger.py for tasks to queue
[2021-12-14 13:09:20,946] {logging_mixin.py:109} INFO - [2021-12-14 13:09:20,946] {dagbag.py:500} INFO - Filling up the DagBag from /home/airflow/.local/lib/python3.7/site-packages/airflow/example_dags/example_latest_only_with_trigger.py
[2021-12-14 13:09:20,967] {processor.py:637} INFO - DAG(s) dict_keys(['latest_only_with_trigger']) retrieved from /home/airflow/.local/lib/python3.7/site-packages/airflow/example_dags/example_latest_only_with_trigger.py
[2021-12-14 13:09:20,976] {logging_mixin.py:109} INFO - [2021-12-14 13:09:20,976] {dag.py:2396} INFO - Sync 1 DAGs
[2021-12-14 13:09:21,060] {logging_mixin.py:109} INFO - [2021-12-14 13:09:21,060] {dag.py:2928} INFO - Setting next_dagrun for latest_only_with_trigger to 2021-12-14T09:09:21.060293+00:00
[2021-12-14 13:09:21,070] {processor.py:171} INFO - Processing /home/airflow/.local/lib/python3.7/site-packages/airflow/example_dags/example_latest_only_with_trigger.py took 0.129 seconds
[2021-12-14 13:09:51,512] {processor.py:163} INFO - Started process (PID=1303) to work on /home/airflow/.local/lib/python3.7/site-packages/airflow/example_dags/example_latest_only_with_trigger.py
[2021-12-14 13:09:51,513] {processor.py:625} INFO - Processing file /home/airflow/.local/lib/python3.7/site-packages/airflow/example_dags/example_latest_only_with_trigger.py for tasks to queue
[2021-12-14 13:09:51,514] {logging_mixin.py:109} INFO - [2021-12-14 13:09:51,514] {dagbag.py:500} INFO - Filling up the DagBag from /home/airflow/.local/lib/python3.7/site-packages/airflow/example_dags/example_latest_only_with_trigger.py
[2021-12-14 13:09:51,538] {processor.py:637} INFO - DAG(s) dict_keys(['latest_only_with_trigger']) retrieved from /home/airflow/.local/lib/python3.7/site-packages/airflow/example_dags/example_latest_only_with_trigger.py
[2021-12-14 13:09:51,548] {logging_mixin.py:109} INFO - [2021-12-14 13:09:51,548] {dag.py:2396} INFO - Sync 1 DAGs
[2021-12-14 13:09:51,651] {logging_mixin.py:109} INFO - [2021-12-14 13:09:51,651] {dag.py:2928} INFO - Setting next_dagrun for latest_only_with_trigger to 2021-12-14T09:09:51.651131+00:00
[2021-12-14 13:09:51,659] {processor.py:171} INFO - Processing /home/airflow/.local/lib/python3.7/site-packages/airflow/example_dags/example_latest_only_with_trigger.py took 0.150 seconds
[2021-12-14 13:10:22,053] {processor.py:163} INFO - Started process (PID=1375) to work on /home/airflow/.local/lib/python3.7/site-packages/airflow/example_dags/example_latest_only_with_trigger.py
[2021-12-14 13:10:22,054] {processor.py:625} INFO - Processing file /home/airflow/.local/lib/python3.7/site-packages/airflow/example_dags/example_latest_only_with_trigger.py for tasks to queue
[2021-12-14 13:10:22,055] {logging_mixin.py:109} INFO - [2021-12-14 13:10:22,055] {dagbag.py:500} INFO - Filling up the DagBag from /home/airflow/.local/lib/python3.7/site-packages/airflow/example_dags/example_latest_only_with_trigger.py
[2021-12-14 13:10:22,171] {processor.py:637} INFO - DAG(s) dict_keys(['latest_only_with_trigger']) retrieved from /home/airflow/.local/lib/python3.7/site-packages/airflow/example_dags/example_latest_only_with_trigger.py
[2021-12-14 13:10:22,179] {logging_mixin.py:109} INFO - [2021-12-14 13:10:22,179] {dag.py:2396} INFO - Sync 1 DAGs
[2021-12-14 13:10:22,191] {logging_mixin.py:109} INFO - [2021-12-14 13:10:22,191] {dag.py:2928} INFO - Setting next_dagrun for latest_only_with_trigger to 2021-12-14T09:10:22.191146+00:00
[2021-12-14 13:10:22,200] {processor.py:171} INFO - Processing /home/airflow/.local/lib/python3.7/site-packages/airflow/example_dags/example_latest_only_with_trigger.py took 0.150 seconds
[2021-12-14 13:10:52,687] {processor.py:163} INFO - Started process (PID=1435) to work on /home/airflow/.local/lib/python3.7/site-packages/airflow/example_dags/example_latest_only_with_trigger.py
[2021-12-14 13:10:52,688] {processor.py:625} INFO - Processing file /home/airflow/.local/lib/python3.7/site-packages/airflow/example_dags/example_latest_only_with_trigger.py for tasks to queue
[2021-12-14 13:10:52,689] {logging_mixin.py:109} INFO - [2021-12-14 13:10:52,689] {dagbag.py:500} INFO - Filling up the DagBag from /home/airflow/.local/lib/python3.7/site-packages/airflow/example_dags/example_latest_only_with_trigger.py
[2021-12-14 13:10:52,815] {processor.py:637} INFO - DAG(s) dict_keys(['latest_only_with_trigger']) retrieved from /home/airflow/.local/lib/python3.7/site-packages/airflow/example_dags/example_latest_only_with_trigger.py
[2021-12-14 13:10:52,823] {logging_mixin.py:109} INFO - [2021-12-14 13:10:52,823] {dag.py:2396} INFO - Sync 1 DAGs
[2021-12-14 13:10:52,842] {logging_mixin.py:109} INFO - [2021-12-14 13:10:52,842] {dag.py:2928} INFO - Setting next_dagrun for latest_only_with_trigger to 2021-12-14T09:10:52.842425+00:00
[2021-12-14 13:10:52,853] {processor.py:171} INFO - Processing /home/airflow/.local/lib/python3.7/site-packages/airflow/example_dags/example_latest_only_with_trigger.py took 0.169 seconds
[2021-12-14 13:11:23,499] {processor.py:163} INFO - Started process (PID=1505) to work on /home/airflow/.local/lib/python3.7/site-packages/airflow/example_dags/example_latest_only_with_trigger.py
[2021-12-14 13:11:23,500] {processor.py:625} INFO - Processing file /home/airflow/.local/lib/python3.7/site-packages/airflow/example_dags/example_latest_only_with_trigger.py for tasks to queue
[2021-12-14 13:11:23,500] {logging_mixin.py:109} INFO - [2021-12-14 13:11:23,500] {dagbag.py:500} INFO - Filling up the DagBag from /home/airflow/.local/lib/python3.7/site-packages/airflow/example_dags/example_latest_only_with_trigger.py
[2021-12-14 13:11:23,597] {processor.py:637} INFO - DAG(s) dict_keys(['latest_only_with_trigger']) retrieved from /home/airflow/.local/lib/python3.7/site-packages/airflow/example_dags/example_latest_only_with_trigger.py
[2021-12-14 13:11:23,604] {logging_mixin.py:109} INFO - [2021-12-14 13:11:23,604] {dag.py:2396} INFO - Sync 1 DAGs
[2021-12-14 13:11:23,615] {logging_mixin.py:109} INFO - [2021-12-14 13:11:23,615] {dag.py:2928} INFO - Setting next_dagrun for latest_only_with_trigger to 2021-12-14T09:11:23.615337+00:00
[2021-12-14 13:11:23,626] {processor.py:171} INFO - Processing /home/airflow/.local/lib/python3.7/site-packages/airflow/example_dags/example_latest_only_with_trigger.py took 0.130 seconds
[2021-12-14 13:11:54,000] {processor.py:163} INFO - Started process (PID=1567) to work on /home/airflow/.local/lib/python3.7/site-packages/airflow/example_dags/example_latest_only_with_trigger.py
[2021-12-14 13:11:54,001] {processor.py:625} INFO - Processing file /home/airflow/.local/lib/python3.7/site-packages/airflow/example_dags/example_latest_only_with_trigger.py for tasks to queue
[2021-12-14 13:11:54,002] {logging_mixin.py:109} INFO - [2021-12-14 13:11:54,002] {dagbag.py:500} INFO - Filling up the DagBag from /home/airflow/.local/lib/python3.7/site-packages/airflow/example_dags/example_latest_only_with_trigger.py
[2021-12-14 13:11:54,115] {processor.py:637} INFO - DAG(s) dict_keys(['latest_only_with_trigger']) retrieved from /home/airflow/.local/lib/python3.7/site-packages/airflow/example_dags/example_latest_only_with_trigger.py
[2021-12-14 13:11:54,124] {logging_mixin.py:109} INFO - [2021-12-14 13:11:54,124] {dag.py:2396} INFO - Sync 1 DAGs
[2021-12-14 13:11:54,137] {logging_mixin.py:109} INFO - [2021-12-14 13:11:54,137] {dag.py:2928} INFO - Setting next_dagrun for latest_only_with_trigger to 2021-12-14T09:11:54.137446+00:00
[2021-12-14 13:11:54,149] {processor.py:171} INFO - Processing /home/airflow/.local/lib/python3.7/site-packages/airflow/example_dags/example_latest_only_with_trigger.py took 0.152 seconds
[2021-12-14 13:12:25,078] {processor.py:163} INFO - Started process (PID=1638) to work on /home/airflow/.local/lib/python3.7/site-packages/airflow/example_dags/example_latest_only_with_trigger.py
[2021-12-14 13:12:25,079] {processor.py:625} INFO - Processing file /home/airflow/.local/lib/python3.7/site-packages/airflow/example_dags/example_latest_only_with_trigger.py for tasks to queue
[2021-12-14 13:12:25,080] {logging_mixin.py:109} INFO - [2021-12-14 13:12:25,080] {dagbag.py:500} INFO - Filling up the DagBag from /home/airflow/.local/lib/python3.7/site-packages/airflow/example_dags/example_latest_only_with_trigger.py
[2021-12-14 13:12:25,102] {processor.py:637} INFO - DAG(s) dict_keys(['latest_only_with_trigger']) retrieved from /home/airflow/.local/lib/python3.7/site-packages/airflow/example_dags/example_latest_only_with_trigger.py
[2021-12-14 13:12:25,110] {logging_mixin.py:109} INFO - [2021-12-14 13:12:25,110] {dag.py:2396} INFO - Sync 1 DAGs
[2021-12-14 13:12:25,123] {logging_mixin.py:109} INFO - [2021-12-14 13:12:25,123] {dag.py:2928} INFO - Setting next_dagrun for latest_only_with_trigger to 2021-12-14T09:12:25.122931+00:00
[2021-12-14 13:12:25,134] {processor.py:171} INFO - Processing /home/airflow/.local/lib/python3.7/site-packages/airflow/example_dags/example_latest_only_with_trigger.py took 0.059 seconds
[2021-12-14 13:12:55,252] {processor.py:163} INFO - Started process (PID=1700) to work on /home/airflow/.local/lib/python3.7/site-packages/airflow/example_dags/example_latest_only_with_trigger.py
[2021-12-14 13:12:55,255] {processor.py:625} INFO - Processing file /home/airflow/.local/lib/python3.7/site-packages/airflow/example_dags/example_latest_only_with_trigger.py for tasks to queue
[2021-12-14 13:12:55,256] {logging_mixin.py:109} INFO - [2021-12-14 13:12:55,256] {dagbag.py:500} INFO - Filling up the DagBag from /home/airflow/.local/lib/python3.7/site-packages/airflow/example_dags/example_latest_only_with_trigger.py
[2021-12-14 13:12:55,287] {processor.py:637} INFO - DAG(s) dict_keys(['latest_only_with_trigger']) retrieved from /home/airflow/.local/lib/python3.7/site-packages/airflow/example_dags/example_latest_only_with_trigger.py
[2021-12-14 13:12:55,301] {logging_mixin.py:109} INFO - [2021-12-14 13:12:55,301] {dag.py:2396} INFO - Sync 1 DAGs
[2021-12-14 13:12:55,323] {logging_mixin.py:109} INFO - [2021-12-14 13:12:55,323] {dag.py:2928} INFO - Setting next_dagrun for latest_only_with_trigger to 2021-12-14T09:12:55.323419+00:00
[2021-12-14 13:12:55,336] {processor.py:171} INFO - Processing /home/airflow/.local/lib/python3.7/site-packages/airflow/example_dags/example_latest_only_with_trigger.py took 0.088 seconds
[2021-12-14 13:13:25,569] {processor.py:163} INFO - Started process (PID=1772) to work on /home/airflow/.local/lib/python3.7/site-packages/airflow/example_dags/example_latest_only_with_trigger.py
[2021-12-14 13:13:25,570] {processor.py:625} INFO - Processing file /home/airflow/.local/lib/python3.7/site-packages/airflow/example_dags/example_latest_only_with_trigger.py for tasks to queue
[2021-12-14 13:13:25,571] {logging_mixin.py:109} INFO - [2021-12-14 13:13:25,571] {dagbag.py:500} INFO - Filling up the DagBag from /home/airflow/.local/lib/python3.7/site-packages/airflow/example_dags/example_latest_only_with_trigger.py
[2021-12-14 13:13:25,594] {processor.py:637} INFO - DAG(s) dict_keys(['latest_only_with_trigger']) retrieved from /home/airflow/.local/lib/python3.7/site-packages/airflow/example_dags/example_latest_only_with_trigger.py
[2021-12-14 13:13:25,603] {logging_mixin.py:109} INFO - [2021-12-14 13:13:25,603] {dag.py:2396} INFO - Sync 1 DAGs
[2021-12-14 13:13:25,623] {logging_mixin.py:109} INFO - [2021-12-14 13:13:25,622] {dag.py:2928} INFO - Setting next_dagrun for latest_only_with_trigger to 2021-12-14T09:13:25.622616+00:00
[2021-12-14 13:13:25,634] {processor.py:171} INFO - Processing /home/airflow/.local/lib/python3.7/site-packages/airflow/example_dags/example_latest_only_with_trigger.py took 0.069 seconds
[2021-12-14 13:13:55,823] {processor.py:163} INFO - Started process (PID=1833) to work on /home/airflow/.local/lib/python3.7/site-packages/airflow/example_dags/example_latest_only_with_trigger.py
[2021-12-14 13:13:55,825] {processor.py:625} INFO - Processing file /home/airflow/.local/lib/python3.7/site-packages/airflow/example_dags/example_latest_only_with_trigger.py for tasks to queue
[2021-12-14 13:13:55,825] {logging_mixin.py:109} INFO - [2021-12-14 13:13:55,825] {dagbag.py:500} INFO - Filling up the DagBag from /home/airflow/.local/lib/python3.7/site-packages/airflow/example_dags/example_latest_only_with_trigger.py
[2021-12-14 13:13:55,848] {processor.py:637} INFO - DAG(s) dict_keys(['latest_only_with_trigger']) retrieved from /home/airflow/.local/lib/python3.7/site-packages/airflow/example_dags/example_latest_only_with_trigger.py
[2021-12-14 13:13:55,857] {logging_mixin.py:109} INFO - [2021-12-14 13:13:55,857] {dag.py:2396} INFO - Sync 1 DAGs
[2021-12-14 13:13:55,871] {logging_mixin.py:109} INFO - [2021-12-14 13:13:55,871] {dag.py:2928} INFO - Setting next_dagrun for latest_only_with_trigger to 2021-12-14T09:13:55.871238+00:00
[2021-12-14 13:13:55,881] {processor.py:171} INFO - Processing /home/airflow/.local/lib/python3.7/site-packages/airflow/example_dags/example_latest_only_with_trigger.py took 0.061 seconds
[2021-12-14 13:14:26,165] {processor.py:163} INFO - Started process (PID=1904) to work on /home/airflow/.local/lib/python3.7/site-packages/airflow/example_dags/example_latest_only_with_trigger.py
[2021-12-14 13:14:26,166] {processor.py:625} INFO - Processing file /home/airflow/.local/lib/python3.7/site-packages/airflow/example_dags/example_latest_only_with_trigger.py for tasks to queue
[2021-12-14 13:14:26,167] {logging_mixin.py:109} INFO - [2021-12-14 13:14:26,167] {dagbag.py:500} INFO - Filling up the DagBag from /home/airflow/.local/lib/python3.7/site-packages/airflow/example_dags/example_latest_only_with_trigger.py
[2021-12-14 13:14:26,197] {processor.py:637} INFO - DAG(s) dict_keys(['latest_only_with_trigger']) retrieved from /home/airflow/.local/lib/python3.7/site-packages/airflow/example_dags/example_latest_only_with_trigger.py
[2021-12-14 13:14:26,208] {logging_mixin.py:109} INFO - [2021-12-14 13:14:26,208] {dag.py:2396} INFO - Sync 1 DAGs
[2021-12-14 13:14:26,226] {logging_mixin.py:109} INFO - [2021-12-14 13:14:26,226] {dag.py:2928} INFO - Setting next_dagrun for latest_only_with_trigger to 2021-12-14T09:14:26.225673+00:00
[2021-12-14 13:14:26,238] {processor.py:171} INFO - Processing /home/airflow/.local/lib/python3.7/site-packages/airflow/example_dags/example_latest_only_with_trigger.py took 0.076 seconds
[2021-12-14 13:14:56,735] {processor.py:163} INFO - Started process (PID=1966) to work on /home/airflow/.local/lib/python3.7/site-packages/airflow/example_dags/example_latest_only_with_trigger.py
[2021-12-14 13:14:56,737] {processor.py:625} INFO - Processing file /home/airflow/.local/lib/python3.7/site-packages/airflow/example_dags/example_latest_only_with_trigger.py for tasks to queue
[2021-12-14 13:14:56,738] {logging_mixin.py:109} INFO - [2021-12-14 13:14:56,738] {dagbag.py:500} INFO - Filling up the DagBag from /home/airflow/.local/lib/python3.7/site-packages/airflow/example_dags/example_latest_only_with_trigger.py
[2021-12-14 13:14:56,760] {processor.py:637} INFO - DAG(s) dict_keys(['latest_only_with_trigger']) retrieved from /home/airflow/.local/lib/python3.7/site-packages/airflow/example_dags/example_latest_only_with_trigger.py
[2021-12-14 13:14:56,770] {logging_mixin.py:109} INFO - [2021-12-14 13:14:56,770] {dag.py:2396} INFO - Sync 1 DAGs
[2021-12-14 13:14:56,789] {logging_mixin.py:109} INFO - [2021-12-14 13:14:56,789] {dag.py:2928} INFO - Setting next_dagrun for latest_only_with_trigger to 2021-12-14T09:14:56.789440+00:00
[2021-12-14 13:14:56,799] {processor.py:171} INFO - Processing /home/airflow/.local/lib/python3.7/site-packages/airflow/example_dags/example_latest_only_with_trigger.py took 0.066 seconds
[2021-12-14 13:15:27,002] {processor.py:163} INFO - Started process (PID=2037) to work on /home/airflow/.local/lib/python3.7/site-packages/airflow/example_dags/example_latest_only_with_trigger.py
[2021-12-14 13:15:27,003] {processor.py:625} INFO - Processing file /home/airflow/.local/lib/python3.7/site-packages/airflow/example_dags/example_latest_only_with_trigger.py for tasks to queue
[2021-12-14 13:15:27,004] {logging_mixin.py:109} INFO - [2021-12-14 13:15:27,004] {dagbag.py:500} INFO - Filling up the DagBag from /home/airflow/.local/lib/python3.7/site-packages/airflow/example_dags/example_latest_only_with_trigger.py
[2021-12-14 13:15:27,031] {processor.py:637} INFO - DAG(s) dict_keys(['latest_only_with_trigger']) retrieved from /home/airflow/.local/lib/python3.7/site-packages/airflow/example_dags/example_latest_only_with_trigger.py
[2021-12-14 13:15:27,043] {logging_mixin.py:109} INFO - [2021-12-14 13:15:27,043] {dag.py:2396} INFO - Sync 1 DAGs
[2021-12-14 13:15:27,061] {logging_mixin.py:109} INFO - [2021-12-14 13:15:27,061] {dag.py:2928} INFO - Setting next_dagrun for latest_only_with_trigger to 2021-12-14T09:15:27.060870+00:00
[2021-12-14 13:15:27,071] {processor.py:171} INFO - Processing /home/airflow/.local/lib/python3.7/site-packages/airflow/example_dags/example_latest_only_with_trigger.py took 0.072 seconds
[2021-12-14 13:15:57,252] {processor.py:163} INFO - Started process (PID=2099) to work on /home/airflow/.local/lib/python3.7/site-packages/airflow/example_dags/example_latest_only_with_trigger.py
[2021-12-14 13:15:57,253] {processor.py:625} INFO - Processing file /home/airflow/.local/lib/python3.7/site-packages/airflow/example_dags/example_latest_only_with_trigger.py for tasks to queue
[2021-12-14 13:15:57,254] {logging_mixin.py:109} INFO - [2021-12-14 13:15:57,253] {dagbag.py:500} INFO - Filling up the DagBag from /home/airflow/.local/lib/python3.7/site-packages/airflow/example_dags/example_latest_only_with_trigger.py
[2021-12-14 13:15:57,276] {processor.py:637} INFO - DAG(s) dict_keys(['latest_only_with_trigger']) retrieved from /home/airflow/.local/lib/python3.7/site-packages/airflow/example_dags/example_latest_only_with_trigger.py
[2021-12-14 13:15:57,285] {logging_mixin.py:109} INFO - [2021-12-14 13:15:57,285] {dag.py:2396} INFO - Sync 1 DAGs
[2021-12-14 13:15:57,298] {logging_mixin.py:109} INFO - [2021-12-14 13:15:57,298] {dag.py:2928} INFO - Setting next_dagrun for latest_only_with_trigger to 2021-12-14T09:15:57.298189+00:00
[2021-12-14 13:15:57,311] {processor.py:171} INFO - Processing /home/airflow/.local/lib/python3.7/site-packages/airflow/example_dags/example_latest_only_with_trigger.py took 0.061 seconds
[2021-12-14 13:16:27,472] {processor.py:163} INFO - Started process (PID=2161) to work on /home/airflow/.local/lib/python3.7/site-packages/airflow/example_dags/example_latest_only_with_trigger.py
[2021-12-14 13:16:27,474] {processor.py:625} INFO - Processing file /home/airflow/.local/lib/python3.7/site-packages/airflow/example_dags/example_latest_only_with_trigger.py for tasks to queue
[2021-12-14 13:16:27,474] {logging_mixin.py:109} INFO - [2021-12-14 13:16:27,474] {dagbag.py:500} INFO - Filling up the DagBag from /home/airflow/.local/lib/python3.7/site-packages/airflow/example_dags/example_latest_only_with_trigger.py
[2021-12-14 13:16:27,496] {processor.py:637} INFO - DAG(s) dict_keys(['latest_only_with_trigger']) retrieved from /home/airflow/.local/lib/python3.7/site-packages/airflow/example_dags/example_latest_only_with_trigger.py
[2021-12-14 13:16:27,504] {logging_mixin.py:109} INFO - [2021-12-14 13:16:27,504] {dag.py:2396} INFO - Sync 1 DAGs
[2021-12-14 13:16:27,517] {logging_mixin.py:109} INFO - [2021-12-14 13:16:27,517] {dag.py:2928} INFO - Setting next_dagrun for latest_only_with_trigger to 2021-12-14T09:16:27.517586+00:00
[2021-12-14 13:16:27,529] {processor.py:171} INFO - Processing /home/airflow/.local/lib/python3.7/site-packages/airflow/example_dags/example_latest_only_with_trigger.py took 0.059 seconds
[2021-12-14 13:16:57,832] {processor.py:163} INFO - Started process (PID=2231) to work on /home/airflow/.local/lib/python3.7/site-packages/airflow/example_dags/example_latest_only_with_trigger.py
[2021-12-14 13:16:57,834] {processor.py:625} INFO - Processing file /home/airflow/.local/lib/python3.7/site-packages/airflow/example_dags/example_latest_only_with_trigger.py for tasks to queue
[2021-12-14 13:16:57,835] {logging_mixin.py:109} INFO - [2021-12-14 13:16:57,834] {dagbag.py:500} INFO - Filling up the DagBag from /home/airflow/.local/lib/python3.7/site-packages/airflow/example_dags/example_latest_only_with_trigger.py
[2021-12-14 13:16:57,858] {processor.py:637} INFO - DAG(s) dict_keys(['latest_only_with_trigger']) retrieved from /home/airflow/.local/lib/python3.7/site-packages/airflow/example_dags/example_latest_only_with_trigger.py
[2021-12-14 13:16:57,866] {logging_mixin.py:109} INFO - [2021-12-14 13:16:57,866] {dag.py:2396} INFO - Sync 1 DAGs
[2021-12-14 13:16:57,882] {logging_mixin.py:109} INFO - [2021-12-14 13:16:57,882] {dag.py:2928} INFO - Setting next_dagrun for latest_only_with_trigger to 2021-12-14T09:16:57.882471+00:00
[2021-12-14 13:16:57,891] {processor.py:171} INFO - Processing /home/airflow/.local/lib/python3.7/site-packages/airflow/example_dags/example_latest_only_with_trigger.py took 0.062 seconds
[2021-12-14 13:17:28,128] {processor.py:163} INFO - Started process (PID=2293) to work on /home/airflow/.local/lib/python3.7/site-packages/airflow/example_dags/example_latest_only_with_trigger.py
[2021-12-14 13:17:28,130] {processor.py:625} INFO - Processing file /home/airflow/.local/lib/python3.7/site-packages/airflow/example_dags/example_latest_only_with_trigger.py for tasks to queue
[2021-12-14 13:17:28,131] {logging_mixin.py:109} INFO - [2021-12-14 13:17:28,130] {dagbag.py:500} INFO - Filling up the DagBag from /home/airflow/.local/lib/python3.7/site-packages/airflow/example_dags/example_latest_only_with_trigger.py
[2021-12-14 13:17:28,154] {processor.py:637} INFO - DAG(s) dict_keys(['latest_only_with_trigger']) retrieved from /home/airflow/.local/lib/python3.7/site-packages/airflow/example_dags/example_latest_only_with_trigger.py
[2021-12-14 13:17:28,163] {logging_mixin.py:109} INFO - [2021-12-14 13:17:28,162] {dag.py:2396} INFO - Sync 1 DAGs
[2021-12-14 13:17:28,176] {logging_mixin.py:109} INFO - [2021-12-14 13:17:28,176] {dag.py:2928} INFO - Setting next_dagrun for latest_only_with_trigger to 2021-12-14T09:17:28.176576+00:00
[2021-12-14 13:17:28,186] {processor.py:171} INFO - Processing /home/airflow/.local/lib/python3.7/site-packages/airflow/example_dags/example_latest_only_with_trigger.py took 0.060 seconds
[2021-12-14 13:17:58,515] {processor.py:163} INFO - Started process (PID=2364) to work on /home/airflow/.local/lib/python3.7/site-packages/airflow/example_dags/example_latest_only_with_trigger.py
[2021-12-14 13:17:58,516] {processor.py:625} INFO - Processing file /home/airflow/.local/lib/python3.7/site-packages/airflow/example_dags/example_latest_only_with_trigger.py for tasks to queue
[2021-12-14 13:17:58,517] {logging_mixin.py:109} INFO - [2021-12-14 13:17:58,517] {dagbag.py:500} INFO - Filling up the DagBag from /home/airflow/.local/lib/python3.7/site-packages/airflow/example_dags/example_latest_only_with_trigger.py
[2021-12-14 13:17:58,538] {processor.py:637} INFO - DAG(s) dict_keys(['latest_only_with_trigger']) retrieved from /home/airflow/.local/lib/python3.7/site-packages/airflow/example_dags/example_latest_only_with_trigger.py
[2021-12-14 13:17:58,547] {logging_mixin.py:109} INFO - [2021-12-14 13:17:58,547] {dag.py:2396} INFO - Sync 1 DAGs
[2021-12-14 13:17:58,560] {logging_mixin.py:109} INFO - [2021-12-14 13:17:58,560] {dag.py:2928} INFO - Setting next_dagrun for latest_only_with_trigger to 2021-12-14T09:17:58.560287+00:00
[2021-12-14 13:17:58,572] {processor.py:171} INFO - Processing /home/airflow/.local/lib/python3.7/site-packages/airflow/example_dags/example_latest_only_with_trigger.py took 0.059 seconds
[2021-12-14 13:18:29,070] {processor.py:163} INFO - Started process (PID=2425) to work on /home/airflow/.local/lib/python3.7/site-packages/airflow/example_dags/example_latest_only_with_trigger.py
[2021-12-14 13:18:29,072] {processor.py:625} INFO - Processing file /home/airflow/.local/lib/python3.7/site-packages/airflow/example_dags/example_latest_only_with_trigger.py for tasks to queue
[2021-12-14 13:18:29,072] {logging_mixin.py:109} INFO - [2021-12-14 13:18:29,072] {dagbag.py:500} INFO - Filling up the DagBag from /home/airflow/.local/lib/python3.7/site-packages/airflow/example_dags/example_latest_only_with_trigger.py
[2021-12-14 13:18:29,096] {processor.py:637} INFO - DAG(s) dict_keys(['latest_only_with_trigger']) retrieved from /home/airflow/.local/lib/python3.7/site-packages/airflow/example_dags/example_latest_only_with_trigger.py
[2021-12-14 13:18:29,104] {logging_mixin.py:109} INFO - [2021-12-14 13:18:29,104] {dag.py:2396} INFO - Sync 1 DAGs
[2021-12-14 13:18:29,117] {logging_mixin.py:109} INFO - [2021-12-14 13:18:29,117] {dag.py:2928} INFO - Setting next_dagrun for latest_only_with_trigger to 2021-12-14T09:18:29.117273+00:00
[2021-12-14 13:18:29,128] {processor.py:171} INFO - Processing /home/airflow/.local/lib/python3.7/site-packages/airflow/example_dags/example_latest_only_with_trigger.py took 0.060 seconds
[2021-12-14 13:18:59,532] {processor.py:163} INFO - Started process (PID=2496) to work on /home/airflow/.local/lib/python3.7/site-packages/airflow/example_dags/example_latest_only_with_trigger.py
[2021-12-14 13:18:59,534] {processor.py:625} INFO - Processing file /home/airflow/.local/lib/python3.7/site-packages/airflow/example_dags/example_latest_only_with_trigger.py for tasks to queue
[2021-12-14 13:18:59,536] {logging_mixin.py:109} INFO - [2021-12-14 13:18:59,536] {dagbag.py:500} INFO - Filling up the DagBag from /home/airflow/.local/lib/python3.7/site-packages/airflow/example_dags/example_latest_only_with_trigger.py
[2021-12-14 13:18:59,566] {processor.py:637} INFO - DAG(s) dict_keys(['latest_only_with_trigger']) retrieved from /home/airflow/.local/lib/python3.7/site-packages/airflow/example_dags/example_latest_only_with_trigger.py
[2021-12-14 13:18:59,583] {logging_mixin.py:109} INFO - [2021-12-14 13:18:59,583] {dag.py:2396} INFO - Sync 1 DAGs
[2021-12-14 13:18:59,605] {logging_mixin.py:109} INFO - [2021-12-14 13:18:59,604] {dag.py:2928} INFO - Setting next_dagrun for latest_only_with_trigger to 2021-12-14T09:18:59.604466+00:00
[2021-12-14 13:18:59,616] {processor.py:171} INFO - Processing /home/airflow/.local/lib/python3.7/site-packages/airflow/example_dags/example_latest_only_with_trigger.py took 0.088 seconds
[2021-12-14 13:19:30,127] {processor.py:163} INFO - Started process (PID=2558) to work on /home/airflow/.local/lib/python3.7/site-packages/airflow/example_dags/example_latest_only_with_trigger.py
[2021-12-14 13:19:30,128] {processor.py:625} INFO - Processing file /home/airflow/.local/lib/python3.7/site-packages/airflow/example_dags/example_latest_only_with_trigger.py for tasks to queue
[2021-12-14 13:19:30,129] {logging_mixin.py:109} INFO - [2021-12-14 13:19:30,129] {dagbag.py:500} INFO - Filling up the DagBag from /home/airflow/.local/lib/python3.7/site-packages/airflow/example_dags/example_latest_only_with_trigger.py
[2021-12-14 13:19:30,151] {processor.py:637} INFO - DAG(s) dict_keys(['latest_only_with_trigger']) retrieved from /home/airflow/.local/lib/python3.7/site-packages/airflow/example_dags/example_latest_only_with_trigger.py
[2021-12-14 13:19:30,160] {logging_mixin.py:109} INFO - [2021-12-14 13:19:30,160] {dag.py:2396} INFO - Sync 1 DAGs
[2021-12-14 13:19:30,173] {logging_mixin.py:109} INFO - [2021-12-14 13:19:30,173] {dag.py:2928} INFO - Setting next_dagrun for latest_only_with_trigger to 2021-12-14T09:19:30.173081+00:00
[2021-12-14 13:19:30,183] {processor.py:171} INFO - Processing /home/airflow/.local/lib/python3.7/site-packages/airflow/example_dags/example_latest_only_with_trigger.py took 0.058 seconds
[2021-12-14 13:20:01,540] {processor.py:163} INFO - Started process (PID=2629) to work on /home/airflow/.local/lib/python3.7/site-packages/airflow/example_dags/example_latest_only_with_trigger.py
[2021-12-14 13:20:01,542] {processor.py:625} INFO - Processing file /home/airflow/.local/lib/python3.7/site-packages/airflow/example_dags/example_latest_only_with_trigger.py for tasks to queue
[2021-12-14 13:20:01,543] {logging_mixin.py:109} INFO - [2021-12-14 13:20:01,543] {dagbag.py:500} INFO - Filling up the DagBag from /home/airflow/.local/lib/python3.7/site-packages/airflow/example_dags/example_latest_only_with_trigger.py
[2021-12-14 13:20:01,570] {processor.py:637} INFO - DAG(s) dict_keys(['latest_only_with_trigger']) retrieved from /home/airflow/.local/lib/python3.7/site-packages/airflow/example_dags/example_latest_only_with_trigger.py
[2021-12-14 13:20:01,580] {logging_mixin.py:109} INFO - [2021-12-14 13:20:01,580] {dag.py:2396} INFO - Sync 1 DAGs
[2021-12-14 13:20:01,604] {logging_mixin.py:109} INFO - [2021-12-14 13:20:01,603] {dag.py:2928} INFO - Setting next_dagrun for latest_only_with_trigger to 2021-12-14T09:20:01.603750+00:00
[2021-12-14 13:20:01,613] {processor.py:171} INFO - Processing /home/airflow/.local/lib/python3.7/site-packages/airflow/example_dags/example_latest_only_with_trigger.py took 0.076 seconds
[2021-12-14 13:20:31,817] {processor.py:163} INFO - Started process (PID=2690) to work on /home/airflow/.local/lib/python3.7/site-packages/airflow/example_dags/example_latest_only_with_trigger.py
[2021-12-14 13:20:31,818] {processor.py:625} INFO - Processing file /home/airflow/.local/lib/python3.7/site-packages/airflow/example_dags/example_latest_only_with_trigger.py for tasks to queue
[2021-12-14 13:20:31,819] {logging_mixin.py:109} INFO - [2021-12-14 13:20:31,819] {dagbag.py:500} INFO - Filling up the DagBag from /home/airflow/.local/lib/python3.7/site-packages/airflow/example_dags/example_latest_only_with_trigger.py
[2021-12-14 13:20:31,841] {processor.py:637} INFO - DAG(s) dict_keys(['latest_only_with_trigger']) retrieved from /home/airflow/.local/lib/python3.7/site-packages/airflow/example_dags/example_latest_only_with_trigger.py
[2021-12-14 13:20:31,855] {logging_mixin.py:109} INFO - [2021-12-14 13:20:31,854] {dag.py:2396} INFO - Sync 1 DAGs
[2021-12-14 13:20:31,872] {logging_mixin.py:109} INFO - [2021-12-14 13:20:31,872] {dag.py:2928} INFO - Setting next_dagrun for latest_only_with_trigger to 2021-12-14T09:20:31.872539+00:00
[2021-12-14 13:20:31,886] {processor.py:171} INFO - Processing /home/airflow/.local/lib/python3.7/site-packages/airflow/example_dags/example_latest_only_with_trigger.py took 0.072 seconds
[2021-12-14 13:21:02,219] {processor.py:163} INFO - Started process (PID=2760) to work on /home/airflow/.local/lib/python3.7/site-packages/airflow/example_dags/example_latest_only_with_trigger.py
[2021-12-14 13:21:02,221] {processor.py:625} INFO - Processing file /home/airflow/.local/lib/python3.7/site-packages/airflow/example_dags/example_latest_only_with_trigger.py for tasks to queue
[2021-12-14 13:21:02,222] {logging_mixin.py:109} INFO - [2021-12-14 13:21:02,222] {dagbag.py:500} INFO - Filling up the DagBag from /home/airflow/.local/lib/python3.7/site-packages/airflow/example_dags/example_latest_only_with_trigger.py
[2021-12-14 13:21:02,254] {processor.py:637} INFO - DAG(s) dict_keys(['latest_only_with_trigger']) retrieved from /home/airflow/.local/lib/python3.7/site-packages/airflow/example_dags/example_latest_only_with_trigger.py
[2021-12-14 13:21:02,267] {logging_mixin.py:109} INFO - [2021-12-14 13:21:02,267] {dag.py:2396} INFO - Sync 1 DAGs
[2021-12-14 13:21:02,286] {logging_mixin.py:109} INFO - [2021-12-14 13:21:02,286] {dag.py:2928} INFO - Setting next_dagrun for latest_only_with_trigger to 2021-12-14T09:21:02.286165+00:00
[2021-12-14 13:21:02,301] {processor.py:171} INFO - Processing /home/airflow/.local/lib/python3.7/site-packages/airflow/example_dags/example_latest_only_with_trigger.py took 0.085 seconds
[2021-12-14 13:21:32,995] {processor.py:163} INFO - Started process (PID=2821) to work on /home/airflow/.local/lib/python3.7/site-packages/airflow/example_dags/example_latest_only_with_trigger.py
[2021-12-14 13:21:32,997] {processor.py:625} INFO - Processing file /home/airflow/.local/lib/python3.7/site-packages/airflow/example_dags/example_latest_only_with_trigger.py for tasks to queue
[2021-12-14 13:21:32,998] {logging_mixin.py:109} INFO - [2021-12-14 13:21:32,997] {dagbag.py:500} INFO - Filling up the DagBag from /home/airflow/.local/lib/python3.7/site-packages/airflow/example_dags/example_latest_only_with_trigger.py
[2021-12-14 13:21:33,035] {processor.py:637} INFO - DAG(s) dict_keys(['latest_only_with_trigger']) retrieved from /home/airflow/.local/lib/python3.7/site-packages/airflow/example_dags/example_latest_only_with_trigger.py
[2021-12-14 13:21:33,052] {logging_mixin.py:109} INFO - [2021-12-14 13:21:33,051] {dag.py:2396} INFO - Sync 1 DAGs
[2021-12-14 13:21:33,080] {logging_mixin.py:109} INFO - [2021-12-14 13:21:33,080] {dag.py:2928} INFO - Setting next_dagrun for latest_only_with_trigger to 2021-12-14T09:21:33.080327+00:00
[2021-12-14 13:21:33,096] {processor.py:171} INFO - Processing /home/airflow/.local/lib/python3.7/site-packages/airflow/example_dags/example_latest_only_with_trigger.py took 0.104 seconds
[2021-12-14 13:22:03,626] {processor.py:163} INFO - Started process (PID=2892) to work on /home/airflow/.local/lib/python3.7/site-packages/airflow/example_dags/example_latest_only_with_trigger.py
[2021-12-14 13:22:03,629] {processor.py:625} INFO - Processing file /home/airflow/.local/lib/python3.7/site-packages/airflow/example_dags/example_latest_only_with_trigger.py for tasks to queue
[2021-12-14 13:22:03,630] {logging_mixin.py:109} INFO - [2021-12-14 13:22:03,630] {dagbag.py:500} INFO - Filling up the DagBag from /home/airflow/.local/lib/python3.7/site-packages/airflow/example_dags/example_latest_only_with_trigger.py
[2021-12-14 13:22:03,661] {processor.py:637} INFO - DAG(s) dict_keys(['latest_only_with_trigger']) retrieved from /home/airflow/.local/lib/python3.7/site-packages/airflow/example_dags/example_latest_only_with_trigger.py
[2021-12-14 13:22:03,673] {logging_mixin.py:109} INFO - [2021-12-14 13:22:03,673] {dag.py:2396} INFO - Sync 1 DAGs
[2021-12-14 13:22:03,697] {logging_mixin.py:109} INFO - [2021-12-14 13:22:03,697] {dag.py:2928} INFO - Setting next_dagrun for latest_only_with_trigger to 2021-12-14T09:22:03.697053+00:00
[2021-12-14 13:22:03,712] {processor.py:171} INFO - Processing /home/airflow/.local/lib/python3.7/site-packages/airflow/example_dags/example_latest_only_with_trigger.py took 0.091 seconds
[2021-12-14 13:22:34,012] {processor.py:163} INFO - Started process (PID=2953) to work on /home/airflow/.local/lib/python3.7/site-packages/airflow/example_dags/example_latest_only_with_trigger.py
[2021-12-14 13:22:34,013] {processor.py:625} INFO - Processing file /home/airflow/.local/lib/python3.7/site-packages/airflow/example_dags/example_latest_only_with_trigger.py for tasks to queue
[2021-12-14 13:22:34,014] {logging_mixin.py:109} INFO - [2021-12-14 13:22:34,014] {dagbag.py:500} INFO - Filling up the DagBag from /home/airflow/.local/lib/python3.7/site-packages/airflow/example_dags/example_latest_only_with_trigger.py
[2021-12-14 13:22:34,036] {processor.py:637} INFO - DAG(s) dict_keys(['latest_only_with_trigger']) retrieved from /home/airflow/.local/lib/python3.7/site-packages/airflow/example_dags/example_latest_only_with_trigger.py
[2021-12-14 13:22:34,044] {logging_mixin.py:109} INFO - [2021-12-14 13:22:34,044] {dag.py:2396} INFO - Sync 1 DAGs
[2021-12-14 13:22:34,058] {logging_mixin.py:109} INFO - [2021-12-14 13:22:34,058] {dag.py:2928} INFO - Setting next_dagrun for latest_only_with_trigger to 2021-12-14T09:22:34.058064+00:00
[2021-12-14 13:22:34,068] {processor.py:171} INFO - Processing /home/airflow/.local/lib/python3.7/site-packages/airflow/example_dags/example_latest_only_with_trigger.py took 0.059 seconds
[2021-12-14 13:23:04,299] {processor.py:163} INFO - Started process (PID=3025) to work on /home/airflow/.local/lib/python3.7/site-packages/airflow/example_dags/example_latest_only_with_trigger.py
[2021-12-14 13:23:04,300] {processor.py:625} INFO - Processing file /home/airflow/.local/lib/python3.7/site-packages/airflow/example_dags/example_latest_only_with_trigger.py for tasks to queue
[2021-12-14 13:23:04,301] {logging_mixin.py:109} INFO - [2021-12-14 13:23:04,301] {dagbag.py:500} INFO - Filling up the DagBag from /home/airflow/.local/lib/python3.7/site-packages/airflow/example_dags/example_latest_only_with_trigger.py
[2021-12-14 13:23:04,330] {processor.py:637} INFO - DAG(s) dict_keys(['latest_only_with_trigger']) retrieved from /home/airflow/.local/lib/python3.7/site-packages/airflow/example_dags/example_latest_only_with_trigger.py
[2021-12-14 13:23:04,342] {logging_mixin.py:109} INFO - [2021-12-14 13:23:04,342] {dag.py:2396} INFO - Sync 1 DAGs
[2021-12-14 13:23:04,365] {logging_mixin.py:109} INFO - [2021-12-14 13:23:04,365] {dag.py:2928} INFO - Setting next_dagrun for latest_only_with_trigger to 2021-12-14T09:23:04.364788+00:00
[2021-12-14 13:23:04,375] {processor.py:171} INFO - Processing /home/airflow/.local/lib/python3.7/site-packages/airflow/example_dags/example_latest_only_with_trigger.py took 0.080 seconds
[2021-12-14 13:23:34,535] {processor.py:163} INFO - Started process (PID=3087) to work on /home/airflow/.local/lib/python3.7/site-packages/airflow/example_dags/example_latest_only_with_trigger.py
[2021-12-14 13:23:34,536] {processor.py:625} INFO - Processing file /home/airflow/.local/lib/python3.7/site-packages/airflow/example_dags/example_latest_only_with_trigger.py for tasks to queue
[2021-12-14 13:23:34,537] {logging_mixin.py:109} INFO - [2021-12-14 13:23:34,537] {dagbag.py:500} INFO - Filling up the DagBag from /home/airflow/.local/lib/python3.7/site-packages/airflow/example_dags/example_latest_only_with_trigger.py
[2021-12-14 13:23:34,561] {processor.py:637} INFO - DAG(s) dict_keys(['latest_only_with_trigger']) retrieved from /home/airflow/.local/lib/python3.7/site-packages/airflow/example_dags/example_latest_only_with_trigger.py
[2021-12-14 13:23:34,570] {logging_mixin.py:109} INFO - [2021-12-14 13:23:34,570] {dag.py:2396} INFO - Sync 1 DAGs
[2021-12-14 13:23:34,584] {logging_mixin.py:109} INFO - [2021-12-14 13:23:34,583] {dag.py:2928} INFO - Setting next_dagrun for latest_only_with_trigger to 2021-12-14T09:23:34.583671+00:00
[2021-12-14 13:23:34,595] {processor.py:171} INFO - Processing /home/airflow/.local/lib/python3.7/site-packages/airflow/example_dags/example_latest_only_with_trigger.py took 0.062 seconds
[2021-12-14 13:24:05,846] {processor.py:163} INFO - Started process (PID=3160) to work on /home/airflow/.local/lib/python3.7/site-packages/airflow/example_dags/example_latest_only_with_trigger.py
[2021-12-14 13:24:05,847] {processor.py:625} INFO - Processing file /home/airflow/.local/lib/python3.7/site-packages/airflow/example_dags/example_latest_only_with_trigger.py for tasks to queue
[2021-12-14 13:24:05,848] {logging_mixin.py:109} INFO - [2021-12-14 13:24:05,848] {dagbag.py:500} INFO - Filling up the DagBag from /home/airflow/.local/lib/python3.7/site-packages/airflow/example_dags/example_latest_only_with_trigger.py
[2021-12-14 13:24:05,874] {processor.py:637} INFO - DAG(s) dict_keys(['latest_only_with_trigger']) retrieved from /home/airflow/.local/lib/python3.7/site-packages/airflow/example_dags/example_latest_only_with_trigger.py
[2021-12-14 13:24:05,886] {logging_mixin.py:109} INFO - [2021-12-14 13:24:05,886] {dag.py:2396} INFO - Sync 1 DAGs
[2021-12-14 13:24:05,901] {logging_mixin.py:109} INFO - [2021-12-14 13:24:05,900] {dag.py:2928} INFO - Setting next_dagrun for latest_only_with_trigger to 2021-12-14T09:24:05.900725+00:00
[2021-12-14 13:24:05,911] {processor.py:171} INFO - Processing /home/airflow/.local/lib/python3.7/site-packages/airflow/example_dags/example_latest_only_with_trigger.py took 0.068 seconds
[2021-12-14 13:24:36,408] {processor.py:163} INFO - Started process (PID=3220) to work on /home/airflow/.local/lib/python3.7/site-packages/airflow/example_dags/example_latest_only_with_trigger.py
[2021-12-14 13:24:36,409] {processor.py:625} INFO - Processing file /home/airflow/.local/lib/python3.7/site-packages/airflow/example_dags/example_latest_only_with_trigger.py for tasks to queue
[2021-12-14 13:24:36,410] {logging_mixin.py:109} INFO - [2021-12-14 13:24:36,410] {dagbag.py:500} INFO - Filling up the DagBag from /home/airflow/.local/lib/python3.7/site-packages/airflow/example_dags/example_latest_only_with_trigger.py
[2021-12-14 13:24:36,433] {processor.py:637} INFO - DAG(s) dict_keys(['latest_only_with_trigger']) retrieved from /home/airflow/.local/lib/python3.7/site-packages/airflow/example_dags/example_latest_only_with_trigger.py
[2021-12-14 13:24:36,442] {logging_mixin.py:109} INFO - [2021-12-14 13:24:36,441] {dag.py:2396} INFO - Sync 1 DAGs
[2021-12-14 13:24:36,454] {logging_mixin.py:109} INFO - [2021-12-14 13:24:36,454] {dag.py:2928} INFO - Setting next_dagrun for latest_only_with_trigger to 2021-12-14T09:24:36.454184+00:00
[2021-12-14 13:24:36,466] {processor.py:171} INFO - Processing /home/airflow/.local/lib/python3.7/site-packages/airflow/example_dags/example_latest_only_with_trigger.py took 0.061 seconds
[2021-12-14 13:25:06,790] {processor.py:163} INFO - Started process (PID=3281) to work on /home/airflow/.local/lib/python3.7/site-packages/airflow/example_dags/example_latest_only_with_trigger.py
[2021-12-14 13:25:06,792] {processor.py:625} INFO - Processing file /home/airflow/.local/lib/python3.7/site-packages/airflow/example_dags/example_latest_only_with_trigger.py for tasks to queue
[2021-12-14 13:25:06,794] {logging_mixin.py:109} INFO - [2021-12-14 13:25:06,793] {dagbag.py:500} INFO - Filling up the DagBag from /home/airflow/.local/lib/python3.7/site-packages/airflow/example_dags/example_latest_only_with_trigger.py
[2021-12-14 13:25:06,832] {processor.py:637} INFO - DAG(s) dict_keys(['latest_only_with_trigger']) retrieved from /home/airflow/.local/lib/python3.7/site-packages/airflow/example_dags/example_latest_only_with_trigger.py
[2021-12-14 13:25:06,842] {logging_mixin.py:109} INFO - [2021-12-14 13:25:06,842] {dag.py:2396} INFO - Sync 1 DAGs
[2021-12-14 13:25:06,858] {logging_mixin.py:109} INFO - [2021-12-14 13:25:06,858] {dag.py:2928} INFO - Setting next_dagrun for latest_only_with_trigger to 2021-12-14T09:25:06.858668+00:00
[2021-12-14 13:25:06,868] {processor.py:171} INFO - Processing /home/airflow/.local/lib/python3.7/site-packages/airflow/example_dags/example_latest_only_with_trigger.py took 0.081 seconds
[2021-12-14 13:25:37,181] {processor.py:163} INFO - Started process (PID=3352) to work on /home/airflow/.local/lib/python3.7/site-packages/airflow/example_dags/example_latest_only_with_trigger.py
[2021-12-14 13:25:37,182] {processor.py:625} INFO - Processing file /home/airflow/.local/lib/python3.7/site-packages/airflow/example_dags/example_latest_only_with_trigger.py for tasks to queue
[2021-12-14 13:25:37,183] {logging_mixin.py:109} INFO - [2021-12-14 13:25:37,183] {dagbag.py:500} INFO - Filling up the DagBag from /home/airflow/.local/lib/python3.7/site-packages/airflow/example_dags/example_latest_only_with_trigger.py
[2021-12-14 13:25:37,205] {processor.py:637} INFO - DAG(s) dict_keys(['latest_only_with_trigger']) retrieved from /home/airflow/.local/lib/python3.7/site-packages/airflow/example_dags/example_latest_only_with_trigger.py
[2021-12-14 13:25:37,214] {logging_mixin.py:109} INFO - [2021-12-14 13:25:37,214] {dag.py:2396} INFO - Sync 1 DAGs
[2021-12-14 13:25:37,227] {logging_mixin.py:109} INFO - [2021-12-14 13:25:37,227] {dag.py:2928} INFO - Setting next_dagrun for latest_only_with_trigger to 2021-12-14T09:25:37.227585+00:00
[2021-12-14 13:25:37,239] {processor.py:171} INFO - Processing /home/airflow/.local/lib/python3.7/site-packages/airflow/example_dags/example_latest_only_with_trigger.py took 0.061 seconds
[2021-12-14 13:26:10,647] {processor.py:163} INFO - Started process (PID=3414) to work on /home/airflow/.local/lib/python3.7/site-packages/airflow/example_dags/example_latest_only_with_trigger.py
[2021-12-14 13:26:10,650] {processor.py:625} INFO - Processing file /home/airflow/.local/lib/python3.7/site-packages/airflow/example_dags/example_latest_only_with_trigger.py for tasks to queue
[2021-12-14 13:26:10,652] {logging_mixin.py:109} INFO - [2021-12-14 13:26:10,651] {dagbag.py:500} INFO - Filling up the DagBag from /home/airflow/.local/lib/python3.7/site-packages/airflow/example_dags/example_latest_only_with_trigger.py
[2021-12-14 13:26:10,700] {processor.py:637} INFO - DAG(s) dict_keys(['latest_only_with_trigger']) retrieved from /home/airflow/.local/lib/python3.7/site-packages/airflow/example_dags/example_latest_only_with_trigger.py
[2021-12-14 13:26:10,720] {logging_mixin.py:109} INFO - [2021-12-14 13:26:10,720] {dag.py:2396} INFO - Sync 1 DAGs
[2021-12-14 13:26:10,756] {logging_mixin.py:109} INFO - [2021-12-14 13:26:10,755] {dag.py:2928} INFO - Setting next_dagrun for latest_only_with_trigger to 2021-12-14T09:26:10.755264+00:00
[2021-12-14 13:26:10,782] {processor.py:171} INFO - Processing /home/airflow/.local/lib/python3.7/site-packages/airflow/example_dags/example_latest_only_with_trigger.py took 0.141 seconds
[2021-12-14 16:05:10,099] {processor.py:163} INFO - Started process (PID=75) to work on /home/airflow/.local/lib/python3.7/site-packages/airflow/example_dags/example_latest_only_with_trigger.py
[2021-12-14 16:05:10,101] {processor.py:625} INFO - Processing file /home/airflow/.local/lib/python3.7/site-packages/airflow/example_dags/example_latest_only_with_trigger.py for tasks to queue
[2021-12-14 16:05:10,102] {logging_mixin.py:109} INFO - [2021-12-14 16:05:10,102] {dagbag.py:500} INFO - Filling up the DagBag from /home/airflow/.local/lib/python3.7/site-packages/airflow/example_dags/example_latest_only_with_trigger.py
[2021-12-14 16:05:10,135] {processor.py:637} INFO - DAG(s) dict_keys(['latest_only_with_trigger']) retrieved from /home/airflow/.local/lib/python3.7/site-packages/airflow/example_dags/example_latest_only_with_trigger.py
[2021-12-14 16:05:10,157] {logging_mixin.py:109} INFO - [2021-12-14 16:05:10,157] {dag.py:2396} INFO - Sync 1 DAGs
[2021-12-14 16:05:10,201] {logging_mixin.py:109} INFO - [2021-12-14 16:05:10,200] {dag.py:2928} INFO - Setting next_dagrun for latest_only_with_trigger to 2021-12-14T12:05:10.200445+00:00
[2021-12-14 16:05:10,217] {processor.py:171} INFO - Processing /home/airflow/.local/lib/python3.7/site-packages/airflow/example_dags/example_latest_only_with_trigger.py took 0.123 seconds
[2021-12-14 16:05:43,431] {processor.py:163} INFO - Started process (PID=129) to work on /home/airflow/.local/lib/python3.7/site-packages/airflow/example_dags/example_latest_only_with_trigger.py
[2021-12-14 16:05:43,435] {processor.py:625} INFO - Processing file /home/airflow/.local/lib/python3.7/site-packages/airflow/example_dags/example_latest_only_with_trigger.py for tasks to queue
[2021-12-14 16:05:43,437] {logging_mixin.py:109} INFO - [2021-12-14 16:05:43,437] {dagbag.py:500} INFO - Filling up the DagBag from /home/airflow/.local/lib/python3.7/site-packages/airflow/example_dags/example_latest_only_with_trigger.py
[2021-12-14 16:05:43,535] {processor.py:637} INFO - DAG(s) dict_keys(['latest_only_with_trigger']) retrieved from /home/airflow/.local/lib/python3.7/site-packages/airflow/example_dags/example_latest_only_with_trigger.py
[2021-12-14 16:05:43,565] {logging_mixin.py:109} INFO - [2021-12-14 16:05:43,565] {dag.py:2396} INFO - Sync 1 DAGs
[2021-12-14 16:05:43,597] {logging_mixin.py:109} INFO - [2021-12-14 16:05:43,597] {dag.py:2928} INFO - Setting next_dagrun for latest_only_with_trigger to 2021-12-14T12:05:43.596829+00:00
[2021-12-14 16:05:43,617] {processor.py:171} INFO - Processing /home/airflow/.local/lib/python3.7/site-packages/airflow/example_dags/example_latest_only_with_trigger.py took 0.196 seconds
[2021-12-14 16:06:26,775] {processor.py:163} INFO - Started process (PID=189) to work on /home/airflow/.local/lib/python3.7/site-packages/airflow/example_dags/example_latest_only_with_trigger.py
[2021-12-14 16:06:26,784] {processor.py:625} INFO - Processing file /home/airflow/.local/lib/python3.7/site-packages/airflow/example_dags/example_latest_only_with_trigger.py for tasks to queue
[2021-12-14 16:06:26,789] {logging_mixin.py:109} INFO - [2021-12-14 16:06:26,788] {dagbag.py:500} INFO - Filling up the DagBag from /home/airflow/.local/lib/python3.7/site-packages/airflow/example_dags/example_latest_only_with_trigger.py
[2021-12-14 16:06:26,899] {processor.py:637} INFO - DAG(s) dict_keys(['latest_only_with_trigger']) retrieved from /home/airflow/.local/lib/python3.7/site-packages/airflow/example_dags/example_latest_only_with_trigger.py
[2021-12-14 16:06:26,937] {logging_mixin.py:109} INFO - [2021-12-14 16:06:26,937] {dag.py:2396} INFO - Sync 1 DAGs
[2021-12-14 16:06:27,010] {logging_mixin.py:109} INFO - [2021-12-14 16:06:27,010] {dag.py:2928} INFO - Setting next_dagrun for latest_only_with_trigger to 2021-12-14T12:06:27.009541+00:00
[2021-12-14 16:06:27,039] {processor.py:171} INFO - Processing /home/airflow/.local/lib/python3.7/site-packages/airflow/example_dags/example_latest_only_with_trigger.py took 0.272 seconds
