[2021-12-14 13:00:05,104] {processor.py:163} INFO - Started process (PID=66) to work on /home/airflow/.local/lib/python3.7/site-packages/airflow/example_dags/tutorial_taskflow_api_etl.py
[2021-12-14 13:00:05,108] {processor.py:625} INFO - Processing file /home/airflow/.local/lib/python3.7/site-packages/airflow/example_dags/tutorial_taskflow_api_etl.py for tasks to queue
[2021-12-14 13:00:05,110] {logging_mixin.py:109} INFO - [2021-12-14 13:00:05,110] {dagbag.py:500} INFO - Filling up the DagBag from /home/airflow/.local/lib/python3.7/site-packages/airflow/example_dags/tutorial_taskflow_api_etl.py
[2021-12-14 13:00:05,163] {processor.py:637} INFO - DAG(s) dict_keys(['tutorial_taskflow_api_etl']) retrieved from /home/airflow/.local/lib/python3.7/site-packages/airflow/example_dags/tutorial_taskflow_api_etl.py
[2021-12-14 13:00:06,298] {logging_mixin.py:109} INFO - [2021-12-14 13:00:06,298] {dag.py:2396} INFO - Sync 1 DAGs
[2021-12-14 13:00:06,341] {logging_mixin.py:109} INFO - [2021-12-14 13:00:06,340] {dag.py:2928} INFO - Setting next_dagrun for tutorial_taskflow_api_etl to None
[2021-12-14 13:00:06,376] {processor.py:171} INFO - Processing /home/airflow/.local/lib/python3.7/site-packages/airflow/example_dags/tutorial_taskflow_api_etl.py took 1.277 seconds
[2021-12-14 13:00:36,559] {processor.py:163} INFO - Started process (PID=126) to work on /home/airflow/.local/lib/python3.7/site-packages/airflow/example_dags/tutorial_taskflow_api_etl.py
[2021-12-14 13:00:36,560] {processor.py:625} INFO - Processing file /home/airflow/.local/lib/python3.7/site-packages/airflow/example_dags/tutorial_taskflow_api_etl.py for tasks to queue
[2021-12-14 13:00:36,561] {logging_mixin.py:109} INFO - [2021-12-14 13:00:36,561] {dagbag.py:500} INFO - Filling up the DagBag from /home/airflow/.local/lib/python3.7/site-packages/airflow/example_dags/tutorial_taskflow_api_etl.py
[2021-12-14 13:00:36,590] {processor.py:637} INFO - DAG(s) dict_keys(['tutorial_taskflow_api_etl']) retrieved from /home/airflow/.local/lib/python3.7/site-packages/airflow/example_dags/tutorial_taskflow_api_etl.py
[2021-12-14 13:00:36,898] {logging_mixin.py:109} INFO - [2021-12-14 13:00:36,898] {dag.py:2396} INFO - Sync 1 DAGs
[2021-12-14 13:00:36,910] {logging_mixin.py:109} INFO - [2021-12-14 13:00:36,910] {dag.py:2928} INFO - Setting next_dagrun for tutorial_taskflow_api_etl to None
[2021-12-14 13:00:36,920] {processor.py:171} INFO - Processing /home/airflow/.local/lib/python3.7/site-packages/airflow/example_dags/tutorial_taskflow_api_etl.py took 0.364 seconds
[2021-12-14 13:01:07,051] {processor.py:163} INFO - Started process (PID=188) to work on /home/airflow/.local/lib/python3.7/site-packages/airflow/example_dags/tutorial_taskflow_api_etl.py
[2021-12-14 13:01:07,053] {processor.py:625} INFO - Processing file /home/airflow/.local/lib/python3.7/site-packages/airflow/example_dags/tutorial_taskflow_api_etl.py for tasks to queue
[2021-12-14 13:01:07,054] {logging_mixin.py:109} INFO - [2021-12-14 13:01:07,053] {dagbag.py:500} INFO - Filling up the DagBag from /home/airflow/.local/lib/python3.7/site-packages/airflow/example_dags/tutorial_taskflow_api_etl.py
[2021-12-14 13:01:07,081] {processor.py:637} INFO - DAG(s) dict_keys(['tutorial_taskflow_api_etl']) retrieved from /home/airflow/.local/lib/python3.7/site-packages/airflow/example_dags/tutorial_taskflow_api_etl.py
[2021-12-14 13:01:07,368] {logging_mixin.py:109} INFO - [2021-12-14 13:01:07,368] {dag.py:2396} INFO - Sync 1 DAGs
[2021-12-14 13:01:07,380] {logging_mixin.py:109} INFO - [2021-12-14 13:01:07,380] {dag.py:2928} INFO - Setting next_dagrun for tutorial_taskflow_api_etl to None
[2021-12-14 13:01:07,389] {processor.py:171} INFO - Processing /home/airflow/.local/lib/python3.7/site-packages/airflow/example_dags/tutorial_taskflow_api_etl.py took 0.340 seconds
[2021-12-14 13:01:38,198] {processor.py:163} INFO - Started process (PID=261) to work on /home/airflow/.local/lib/python3.7/site-packages/airflow/example_dags/tutorial_taskflow_api_etl.py
[2021-12-14 13:01:38,200] {processor.py:625} INFO - Processing file /home/airflow/.local/lib/python3.7/site-packages/airflow/example_dags/tutorial_taskflow_api_etl.py for tasks to queue
[2021-12-14 13:01:38,202] {logging_mixin.py:109} INFO - [2021-12-14 13:01:38,201] {dagbag.py:500} INFO - Filling up the DagBag from /home/airflow/.local/lib/python3.7/site-packages/airflow/example_dags/tutorial_taskflow_api_etl.py
[2021-12-14 13:01:38,270] {processor.py:637} INFO - DAG(s) dict_keys(['tutorial_taskflow_api_etl']) retrieved from /home/airflow/.local/lib/python3.7/site-packages/airflow/example_dags/tutorial_taskflow_api_etl.py
[2021-12-14 13:01:38,956] {logging_mixin.py:109} INFO - [2021-12-14 13:01:38,956] {dag.py:2396} INFO - Sync 1 DAGs
[2021-12-14 13:01:38,977] {logging_mixin.py:109} INFO - [2021-12-14 13:01:38,977] {dag.py:2928} INFO - Setting next_dagrun for tutorial_taskflow_api_etl to None
[2021-12-14 13:01:38,991] {processor.py:171} INFO - Processing /home/airflow/.local/lib/python3.7/site-packages/airflow/example_dags/tutorial_taskflow_api_etl.py took 0.802 seconds
[2021-12-14 13:02:09,051] {processor.py:163} INFO - Started process (PID=325) to work on /home/airflow/.local/lib/python3.7/site-packages/airflow/example_dags/tutorial_taskflow_api_etl.py
[2021-12-14 13:02:09,053] {processor.py:625} INFO - Processing file /home/airflow/.local/lib/python3.7/site-packages/airflow/example_dags/tutorial_taskflow_api_etl.py for tasks to queue
[2021-12-14 13:02:09,054] {logging_mixin.py:109} INFO - [2021-12-14 13:02:09,054] {dagbag.py:500} INFO - Filling up the DagBag from /home/airflow/.local/lib/python3.7/site-packages/airflow/example_dags/tutorial_taskflow_api_etl.py
[2021-12-14 13:02:09,097] {processor.py:637} INFO - DAG(s) dict_keys(['tutorial_taskflow_api_etl']) retrieved from /home/airflow/.local/lib/python3.7/site-packages/airflow/example_dags/tutorial_taskflow_api_etl.py
[2021-12-14 13:02:09,574] {logging_mixin.py:109} INFO - [2021-12-14 13:02:09,573] {dag.py:2396} INFO - Sync 1 DAGs
[2021-12-14 13:02:09,592] {logging_mixin.py:109} INFO - [2021-12-14 13:02:09,592] {dag.py:2928} INFO - Setting next_dagrun for tutorial_taskflow_api_etl to None
[2021-12-14 13:02:09,607] {processor.py:171} INFO - Processing /home/airflow/.local/lib/python3.7/site-packages/airflow/example_dags/tutorial_taskflow_api_etl.py took 0.560 seconds
[2021-12-14 13:02:39,833] {processor.py:163} INFO - Started process (PID=388) to work on /home/airflow/.local/lib/python3.7/site-packages/airflow/example_dags/tutorial_taskflow_api_etl.py
[2021-12-14 13:02:39,834] {processor.py:625} INFO - Processing file /home/airflow/.local/lib/python3.7/site-packages/airflow/example_dags/tutorial_taskflow_api_etl.py for tasks to queue
[2021-12-14 13:02:39,835] {logging_mixin.py:109} INFO - [2021-12-14 13:02:39,835] {dagbag.py:500} INFO - Filling up the DagBag from /home/airflow/.local/lib/python3.7/site-packages/airflow/example_dags/tutorial_taskflow_api_etl.py
[2021-12-14 13:02:39,860] {processor.py:637} INFO - DAG(s) dict_keys(['tutorial_taskflow_api_etl']) retrieved from /home/airflow/.local/lib/python3.7/site-packages/airflow/example_dags/tutorial_taskflow_api_etl.py
[2021-12-14 13:02:40,088] {logging_mixin.py:109} INFO - [2021-12-14 13:02:40,088] {dag.py:2396} INFO - Sync 1 DAGs
[2021-12-14 13:02:40,098] {logging_mixin.py:109} INFO - [2021-12-14 13:02:40,098] {dag.py:2928} INFO - Setting next_dagrun for tutorial_taskflow_api_etl to None
[2021-12-14 13:02:40,108] {processor.py:171} INFO - Processing /home/airflow/.local/lib/python3.7/site-packages/airflow/example_dags/tutorial_taskflow_api_etl.py took 0.278 seconds
[2021-12-14 13:03:12,260] {processor.py:163} INFO - Started process (PID=454) to work on /home/airflow/.local/lib/python3.7/site-packages/airflow/example_dags/tutorial_taskflow_api_etl.py
[2021-12-14 13:03:12,263] {processor.py:625} INFO - Processing file /home/airflow/.local/lib/python3.7/site-packages/airflow/example_dags/tutorial_taskflow_api_etl.py for tasks to queue
[2021-12-14 13:03:12,272] {logging_mixin.py:109} INFO - [2021-12-14 13:03:12,272] {dagbag.py:500} INFO - Filling up the DagBag from /home/airflow/.local/lib/python3.7/site-packages/airflow/example_dags/tutorial_taskflow_api_etl.py
[2021-12-14 13:03:12,364] {processor.py:637} INFO - DAG(s) dict_keys(['tutorial_taskflow_api_etl']) retrieved from /home/airflow/.local/lib/python3.7/site-packages/airflow/example_dags/tutorial_taskflow_api_etl.py
[2021-12-14 13:03:13,218] {logging_mixin.py:109} INFO - [2021-12-14 13:03:13,218] {dag.py:2396} INFO - Sync 1 DAGs
[2021-12-14 13:03:13,256] {logging_mixin.py:109} INFO - [2021-12-14 13:03:13,255] {dag.py:2928} INFO - Setting next_dagrun for tutorial_taskflow_api_etl to None
[2021-12-14 13:03:13,303] {processor.py:171} INFO - Processing /home/airflow/.local/lib/python3.7/site-packages/airflow/example_dags/tutorial_taskflow_api_etl.py took 1.049 seconds
[2021-12-14 13:03:43,644] {processor.py:163} INFO - Started process (PID=520) to work on /home/airflow/.local/lib/python3.7/site-packages/airflow/example_dags/tutorial_taskflow_api_etl.py
[2021-12-14 13:03:43,647] {processor.py:625} INFO - Processing file /home/airflow/.local/lib/python3.7/site-packages/airflow/example_dags/tutorial_taskflow_api_etl.py for tasks to queue
[2021-12-14 13:03:43,649] {logging_mixin.py:109} INFO - [2021-12-14 13:03:43,648] {dagbag.py:500} INFO - Filling up the DagBag from /home/airflow/.local/lib/python3.7/site-packages/airflow/example_dags/tutorial_taskflow_api_etl.py
[2021-12-14 13:03:43,689] {processor.py:637} INFO - DAG(s) dict_keys(['tutorial_taskflow_api_etl']) retrieved from /home/airflow/.local/lib/python3.7/site-packages/airflow/example_dags/tutorial_taskflow_api_etl.py
[2021-12-14 13:03:44,253] {logging_mixin.py:109} INFO - [2021-12-14 13:03:44,253] {dag.py:2396} INFO - Sync 1 DAGs
[2021-12-14 13:03:44,285] {logging_mixin.py:109} INFO - [2021-12-14 13:03:44,285] {dag.py:2928} INFO - Setting next_dagrun for tutorial_taskflow_api_etl to None
[2021-12-14 13:03:44,320] {processor.py:171} INFO - Processing /home/airflow/.local/lib/python3.7/site-packages/airflow/example_dags/tutorial_taskflow_api_etl.py took 0.681 seconds
[2021-12-14 13:04:14,886] {processor.py:163} INFO - Started process (PID=582) to work on /home/airflow/.local/lib/python3.7/site-packages/airflow/example_dags/tutorial_taskflow_api_etl.py
[2021-12-14 13:04:14,887] {processor.py:625} INFO - Processing file /home/airflow/.local/lib/python3.7/site-packages/airflow/example_dags/tutorial_taskflow_api_etl.py for tasks to queue
[2021-12-14 13:04:14,888] {logging_mixin.py:109} INFO - [2021-12-14 13:04:14,888] {dagbag.py:500} INFO - Filling up the DagBag from /home/airflow/.local/lib/python3.7/site-packages/airflow/example_dags/tutorial_taskflow_api_etl.py
[2021-12-14 13:04:14,914] {processor.py:637} INFO - DAG(s) dict_keys(['tutorial_taskflow_api_etl']) retrieved from /home/airflow/.local/lib/python3.7/site-packages/airflow/example_dags/tutorial_taskflow_api_etl.py
[2021-12-14 13:04:15,172] {logging_mixin.py:109} INFO - [2021-12-14 13:04:15,172] {dag.py:2396} INFO - Sync 1 DAGs
[2021-12-14 13:04:15,183] {logging_mixin.py:109} INFO - [2021-12-14 13:04:15,183] {dag.py:2928} INFO - Setting next_dagrun for tutorial_taskflow_api_etl to None
[2021-12-14 13:04:15,200] {processor.py:171} INFO - Processing /home/airflow/.local/lib/python3.7/site-packages/airflow/example_dags/tutorial_taskflow_api_etl.py took 0.318 seconds
[2021-12-14 13:04:45,309] {processor.py:163} INFO - Started process (PID=657) to work on /home/airflow/.local/lib/python3.7/site-packages/airflow/example_dags/tutorial_taskflow_api_etl.py
[2021-12-14 13:04:45,310] {processor.py:625} INFO - Processing file /home/airflow/.local/lib/python3.7/site-packages/airflow/example_dags/tutorial_taskflow_api_etl.py for tasks to queue
[2021-12-14 13:04:45,311] {logging_mixin.py:109} INFO - [2021-12-14 13:04:45,311] {dagbag.py:500} INFO - Filling up the DagBag from /home/airflow/.local/lib/python3.7/site-packages/airflow/example_dags/tutorial_taskflow_api_etl.py
[2021-12-14 13:04:45,340] {processor.py:637} INFO - DAG(s) dict_keys(['tutorial_taskflow_api_etl']) retrieved from /home/airflow/.local/lib/python3.7/site-packages/airflow/example_dags/tutorial_taskflow_api_etl.py
[2021-12-14 13:04:45,667] {logging_mixin.py:109} INFO - [2021-12-14 13:04:45,667] {dag.py:2396} INFO - Sync 1 DAGs
[2021-12-14 13:04:45,684] {logging_mixin.py:109} INFO - [2021-12-14 13:04:45,684] {dag.py:2928} INFO - Setting next_dagrun for tutorial_taskflow_api_etl to None
[2021-12-14 13:04:45,696] {processor.py:171} INFO - Processing /home/airflow/.local/lib/python3.7/site-packages/airflow/example_dags/tutorial_taskflow_api_etl.py took 0.391 seconds
[2021-12-14 13:05:15,946] {processor.py:163} INFO - Started process (PID=721) to work on /home/airflow/.local/lib/python3.7/site-packages/airflow/example_dags/tutorial_taskflow_api_etl.py
[2021-12-14 13:05:15,947] {processor.py:625} INFO - Processing file /home/airflow/.local/lib/python3.7/site-packages/airflow/example_dags/tutorial_taskflow_api_etl.py for tasks to queue
[2021-12-14 13:05:15,948] {logging_mixin.py:109} INFO - [2021-12-14 13:05:15,948] {dagbag.py:500} INFO - Filling up the DagBag from /home/airflow/.local/lib/python3.7/site-packages/airflow/example_dags/tutorial_taskflow_api_etl.py
[2021-12-14 13:05:15,979] {processor.py:637} INFO - DAG(s) dict_keys(['tutorial_taskflow_api_etl']) retrieved from /home/airflow/.local/lib/python3.7/site-packages/airflow/example_dags/tutorial_taskflow_api_etl.py
[2021-12-14 13:05:16,272] {logging_mixin.py:109} INFO - [2021-12-14 13:05:16,272] {dag.py:2396} INFO - Sync 1 DAGs
[2021-12-14 13:05:16,285] {logging_mixin.py:109} INFO - [2021-12-14 13:05:16,285] {dag.py:2928} INFO - Setting next_dagrun for tutorial_taskflow_api_etl to None
[2021-12-14 13:05:16,296] {processor.py:171} INFO - Processing /home/airflow/.local/lib/python3.7/site-packages/airflow/example_dags/tutorial_taskflow_api_etl.py took 0.353 seconds
[2021-12-14 13:05:46,605] {processor.py:163} INFO - Started process (PID=779) to work on /home/airflow/.local/lib/python3.7/site-packages/airflow/example_dags/tutorial_taskflow_api_etl.py
[2021-12-14 13:05:46,607] {processor.py:625} INFO - Processing file /home/airflow/.local/lib/python3.7/site-packages/airflow/example_dags/tutorial_taskflow_api_etl.py for tasks to queue
[2021-12-14 13:05:46,608] {logging_mixin.py:109} INFO - [2021-12-14 13:05:46,608] {dagbag.py:500} INFO - Filling up the DagBag from /home/airflow/.local/lib/python3.7/site-packages/airflow/example_dags/tutorial_taskflow_api_etl.py
[2021-12-14 13:05:46,654] {processor.py:637} INFO - DAG(s) dict_keys(['tutorial_taskflow_api_etl']) retrieved from /home/airflow/.local/lib/python3.7/site-packages/airflow/example_dags/tutorial_taskflow_api_etl.py
[2021-12-14 13:05:47,082] {logging_mixin.py:109} INFO - [2021-12-14 13:05:47,082] {dag.py:2396} INFO - Sync 1 DAGs
[2021-12-14 13:05:47,096] {logging_mixin.py:109} INFO - [2021-12-14 13:05:47,096] {dag.py:2928} INFO - Setting next_dagrun for tutorial_taskflow_api_etl to None
[2021-12-14 13:05:47,112] {processor.py:171} INFO - Processing /home/airflow/.local/lib/python3.7/site-packages/airflow/example_dags/tutorial_taskflow_api_etl.py took 0.511 seconds
[2021-12-14 13:06:17,243] {processor.py:163} INFO - Started process (PID=840) to work on /home/airflow/.local/lib/python3.7/site-packages/airflow/example_dags/tutorial_taskflow_api_etl.py
[2021-12-14 13:06:17,244] {processor.py:625} INFO - Processing file /home/airflow/.local/lib/python3.7/site-packages/airflow/example_dags/tutorial_taskflow_api_etl.py for tasks to queue
[2021-12-14 13:06:17,245] {logging_mixin.py:109} INFO - [2021-12-14 13:06:17,245] {dagbag.py:500} INFO - Filling up the DagBag from /home/airflow/.local/lib/python3.7/site-packages/airflow/example_dags/tutorial_taskflow_api_etl.py
[2021-12-14 13:06:17,269] {processor.py:637} INFO - DAG(s) dict_keys(['tutorial_taskflow_api_etl']) retrieved from /home/airflow/.local/lib/python3.7/site-packages/airflow/example_dags/tutorial_taskflow_api_etl.py
[2021-12-14 13:06:17,497] {logging_mixin.py:109} INFO - [2021-12-14 13:06:17,497] {dag.py:2396} INFO - Sync 1 DAGs
[2021-12-14 13:06:17,507] {logging_mixin.py:109} INFO - [2021-12-14 13:06:17,507] {dag.py:2928} INFO - Setting next_dagrun for tutorial_taskflow_api_etl to None
[2021-12-14 13:06:17,518] {processor.py:171} INFO - Processing /home/airflow/.local/lib/python3.7/site-packages/airflow/example_dags/tutorial_taskflow_api_etl.py took 0.277 seconds
[2021-12-14 13:06:47,727] {processor.py:163} INFO - Started process (PID=901) to work on /home/airflow/.local/lib/python3.7/site-packages/airflow/example_dags/tutorial_taskflow_api_etl.py
[2021-12-14 13:06:47,728] {processor.py:625} INFO - Processing file /home/airflow/.local/lib/python3.7/site-packages/airflow/example_dags/tutorial_taskflow_api_etl.py for tasks to queue
[2021-12-14 13:06:47,729] {logging_mixin.py:109} INFO - [2021-12-14 13:06:47,729] {dagbag.py:500} INFO - Filling up the DagBag from /home/airflow/.local/lib/python3.7/site-packages/airflow/example_dags/tutorial_taskflow_api_etl.py
[2021-12-14 13:06:47,755] {processor.py:637} INFO - DAG(s) dict_keys(['tutorial_taskflow_api_etl']) retrieved from /home/airflow/.local/lib/python3.7/site-packages/airflow/example_dags/tutorial_taskflow_api_etl.py
[2021-12-14 13:06:48,070] {logging_mixin.py:109} INFO - [2021-12-14 13:06:48,069] {dag.py:2396} INFO - Sync 1 DAGs
[2021-12-14 13:06:48,085] {logging_mixin.py:109} INFO - [2021-12-14 13:06:48,085] {dag.py:2928} INFO - Setting next_dagrun for tutorial_taskflow_api_etl to None
[2021-12-14 13:06:48,099] {processor.py:171} INFO - Processing /home/airflow/.local/lib/python3.7/site-packages/airflow/example_dags/tutorial_taskflow_api_etl.py took 0.375 seconds
[2021-12-14 13:07:18,437] {processor.py:163} INFO - Started process (PID=972) to work on /home/airflow/.local/lib/python3.7/site-packages/airflow/example_dags/tutorial_taskflow_api_etl.py
[2021-12-14 13:07:18,438] {processor.py:625} INFO - Processing file /home/airflow/.local/lib/python3.7/site-packages/airflow/example_dags/tutorial_taskflow_api_etl.py for tasks to queue
[2021-12-14 13:07:18,439] {logging_mixin.py:109} INFO - [2021-12-14 13:07:18,439] {dagbag.py:500} INFO - Filling up the DagBag from /home/airflow/.local/lib/python3.7/site-packages/airflow/example_dags/tutorial_taskflow_api_etl.py
[2021-12-14 13:07:18,466] {processor.py:637} INFO - DAG(s) dict_keys(['tutorial_taskflow_api_etl']) retrieved from /home/airflow/.local/lib/python3.7/site-packages/airflow/example_dags/tutorial_taskflow_api_etl.py
[2021-12-14 13:07:18,752] {logging_mixin.py:109} INFO - [2021-12-14 13:07:18,752] {dag.py:2396} INFO - Sync 1 DAGs
[2021-12-14 13:07:18,766] {logging_mixin.py:109} INFO - [2021-12-14 13:07:18,766] {dag.py:2928} INFO - Setting next_dagrun for tutorial_taskflow_api_etl to None
[2021-12-14 13:07:18,776] {processor.py:171} INFO - Processing /home/airflow/.local/lib/python3.7/site-packages/airflow/example_dags/tutorial_taskflow_api_etl.py took 0.342 seconds
[2021-12-14 13:07:48,856] {processor.py:163} INFO - Started process (PID=1032) to work on /home/airflow/.local/lib/python3.7/site-packages/airflow/example_dags/tutorial_taskflow_api_etl.py
[2021-12-14 13:07:48,857] {processor.py:625} INFO - Processing file /home/airflow/.local/lib/python3.7/site-packages/airflow/example_dags/tutorial_taskflow_api_etl.py for tasks to queue
[2021-12-14 13:07:48,858] {logging_mixin.py:109} INFO - [2021-12-14 13:07:48,858] {dagbag.py:500} INFO - Filling up the DagBag from /home/airflow/.local/lib/python3.7/site-packages/airflow/example_dags/tutorial_taskflow_api_etl.py
[2021-12-14 13:07:48,883] {processor.py:637} INFO - DAG(s) dict_keys(['tutorial_taskflow_api_etl']) retrieved from /home/airflow/.local/lib/python3.7/site-packages/airflow/example_dags/tutorial_taskflow_api_etl.py
[2021-12-14 13:07:49,141] {logging_mixin.py:109} INFO - [2021-12-14 13:07:49,141] {dag.py:2396} INFO - Sync 1 DAGs
[2021-12-14 13:07:49,155] {logging_mixin.py:109} INFO - [2021-12-14 13:07:49,154] {dag.py:2928} INFO - Setting next_dagrun for tutorial_taskflow_api_etl to None
[2021-12-14 13:07:49,167] {processor.py:171} INFO - Processing /home/airflow/.local/lib/python3.7/site-packages/airflow/example_dags/tutorial_taskflow_api_etl.py took 0.313 seconds
[2021-12-14 13:08:19,302] {processor.py:163} INFO - Started process (PID=1103) to work on /home/airflow/.local/lib/python3.7/site-packages/airflow/example_dags/tutorial_taskflow_api_etl.py
[2021-12-14 13:08:19,303] {processor.py:625} INFO - Processing file /home/airflow/.local/lib/python3.7/site-packages/airflow/example_dags/tutorial_taskflow_api_etl.py for tasks to queue
[2021-12-14 13:08:19,304] {logging_mixin.py:109} INFO - [2021-12-14 13:08:19,304] {dagbag.py:500} INFO - Filling up the DagBag from /home/airflow/.local/lib/python3.7/site-packages/airflow/example_dags/tutorial_taskflow_api_etl.py
[2021-12-14 13:08:19,329] {processor.py:637} INFO - DAG(s) dict_keys(['tutorial_taskflow_api_etl']) retrieved from /home/airflow/.local/lib/python3.7/site-packages/airflow/example_dags/tutorial_taskflow_api_etl.py
[2021-12-14 13:08:19,592] {logging_mixin.py:109} INFO - [2021-12-14 13:08:19,591] {dag.py:2396} INFO - Sync 1 DAGs
[2021-12-14 13:08:19,603] {logging_mixin.py:109} INFO - [2021-12-14 13:08:19,603] {dag.py:2928} INFO - Setting next_dagrun for tutorial_taskflow_api_etl to None
[2021-12-14 13:08:19,616] {processor.py:171} INFO - Processing /home/airflow/.local/lib/python3.7/site-packages/airflow/example_dags/tutorial_taskflow_api_etl.py took 0.316 seconds
[2021-12-14 13:08:49,746] {processor.py:163} INFO - Started process (PID=1165) to work on /home/airflow/.local/lib/python3.7/site-packages/airflow/example_dags/tutorial_taskflow_api_etl.py
[2021-12-14 13:08:49,748] {processor.py:625} INFO - Processing file /home/airflow/.local/lib/python3.7/site-packages/airflow/example_dags/tutorial_taskflow_api_etl.py for tasks to queue
[2021-12-14 13:08:49,749] {logging_mixin.py:109} INFO - [2021-12-14 13:08:49,749] {dagbag.py:500} INFO - Filling up the DagBag from /home/airflow/.local/lib/python3.7/site-packages/airflow/example_dags/tutorial_taskflow_api_etl.py
[2021-12-14 13:08:49,774] {processor.py:637} INFO - DAG(s) dict_keys(['tutorial_taskflow_api_etl']) retrieved from /home/airflow/.local/lib/python3.7/site-packages/airflow/example_dags/tutorial_taskflow_api_etl.py
[2021-12-14 13:08:50,019] {logging_mixin.py:109} INFO - [2021-12-14 13:08:50,019] {dag.py:2396} INFO - Sync 1 DAGs
[2021-12-14 13:08:50,031] {logging_mixin.py:109} INFO - [2021-12-14 13:08:50,031] {dag.py:2928} INFO - Setting next_dagrun for tutorial_taskflow_api_etl to None
[2021-12-14 13:08:50,041] {processor.py:171} INFO - Processing /home/airflow/.local/lib/python3.7/site-packages/airflow/example_dags/tutorial_taskflow_api_etl.py took 0.297 seconds
[2021-12-14 13:09:20,146] {processor.py:163} INFO - Started process (PID=1236) to work on /home/airflow/.local/lib/python3.7/site-packages/airflow/example_dags/tutorial_taskflow_api_etl.py
[2021-12-14 13:09:20,147] {processor.py:625} INFO - Processing file /home/airflow/.local/lib/python3.7/site-packages/airflow/example_dags/tutorial_taskflow_api_etl.py for tasks to queue
[2021-12-14 13:09:20,148] {logging_mixin.py:109} INFO - [2021-12-14 13:09:20,148] {dagbag.py:500} INFO - Filling up the DagBag from /home/airflow/.local/lib/python3.7/site-packages/airflow/example_dags/tutorial_taskflow_api_etl.py
[2021-12-14 13:09:20,172] {processor.py:637} INFO - DAG(s) dict_keys(['tutorial_taskflow_api_etl']) retrieved from /home/airflow/.local/lib/python3.7/site-packages/airflow/example_dags/tutorial_taskflow_api_etl.py
[2021-12-14 13:09:20,416] {logging_mixin.py:109} INFO - [2021-12-14 13:09:20,416] {dag.py:2396} INFO - Sync 1 DAGs
[2021-12-14 13:09:20,428] {logging_mixin.py:109} INFO - [2021-12-14 13:09:20,428] {dag.py:2928} INFO - Setting next_dagrun for tutorial_taskflow_api_etl to None
[2021-12-14 13:09:20,437] {processor.py:171} INFO - Processing /home/airflow/.local/lib/python3.7/site-packages/airflow/example_dags/tutorial_taskflow_api_etl.py took 0.294 seconds
[2021-12-14 13:09:50,625] {processor.py:163} INFO - Started process (PID=1296) to work on /home/airflow/.local/lib/python3.7/site-packages/airflow/example_dags/tutorial_taskflow_api_etl.py
[2021-12-14 13:09:50,626] {processor.py:625} INFO - Processing file /home/airflow/.local/lib/python3.7/site-packages/airflow/example_dags/tutorial_taskflow_api_etl.py for tasks to queue
[2021-12-14 13:09:50,627] {logging_mixin.py:109} INFO - [2021-12-14 13:09:50,627] {dagbag.py:500} INFO - Filling up the DagBag from /home/airflow/.local/lib/python3.7/site-packages/airflow/example_dags/tutorial_taskflow_api_etl.py
[2021-12-14 13:09:50,652] {processor.py:637} INFO - DAG(s) dict_keys(['tutorial_taskflow_api_etl']) retrieved from /home/airflow/.local/lib/python3.7/site-packages/airflow/example_dags/tutorial_taskflow_api_etl.py
[2021-12-14 13:09:50,767] {logging_mixin.py:109} INFO - [2021-12-14 13:09:50,767] {dag.py:2396} INFO - Sync 1 DAGs
[2021-12-14 13:09:50,783] {logging_mixin.py:109} INFO - [2021-12-14 13:09:50,783] {dag.py:2928} INFO - Setting next_dagrun for tutorial_taskflow_api_etl to None
[2021-12-14 13:09:50,795] {processor.py:171} INFO - Processing /home/airflow/.local/lib/python3.7/site-packages/airflow/example_dags/tutorial_taskflow_api_etl.py took 0.174 seconds
[2021-12-14 13:10:21,343] {processor.py:163} INFO - Started process (PID=1368) to work on /home/airflow/.local/lib/python3.7/site-packages/airflow/example_dags/tutorial_taskflow_api_etl.py
[2021-12-14 13:10:21,345] {processor.py:625} INFO - Processing file /home/airflow/.local/lib/python3.7/site-packages/airflow/example_dags/tutorial_taskflow_api_etl.py for tasks to queue
[2021-12-14 13:10:21,346] {logging_mixin.py:109} INFO - [2021-12-14 13:10:21,345] {dagbag.py:500} INFO - Filling up the DagBag from /home/airflow/.local/lib/python3.7/site-packages/airflow/example_dags/tutorial_taskflow_api_etl.py
[2021-12-14 13:10:21,487] {processor.py:637} INFO - DAG(s) dict_keys(['tutorial_taskflow_api_etl']) retrieved from /home/airflow/.local/lib/python3.7/site-packages/airflow/example_dags/tutorial_taskflow_api_etl.py
[2021-12-14 13:10:21,669] {logging_mixin.py:109} INFO - [2021-12-14 13:10:21,669] {dag.py:2396} INFO - Sync 1 DAGs
[2021-12-14 13:10:21,681] {logging_mixin.py:109} INFO - [2021-12-14 13:10:21,681] {dag.py:2928} INFO - Setting next_dagrun for tutorial_taskflow_api_etl to None
[2021-12-14 13:10:21,692] {processor.py:171} INFO - Processing /home/airflow/.local/lib/python3.7/site-packages/airflow/example_dags/tutorial_taskflow_api_etl.py took 0.351 seconds
[2021-12-14 13:10:51,978] {processor.py:163} INFO - Started process (PID=1428) to work on /home/airflow/.local/lib/python3.7/site-packages/airflow/example_dags/tutorial_taskflow_api_etl.py
[2021-12-14 13:10:51,979] {processor.py:625} INFO - Processing file /home/airflow/.local/lib/python3.7/site-packages/airflow/example_dags/tutorial_taskflow_api_etl.py for tasks to queue
[2021-12-14 13:10:51,980] {logging_mixin.py:109} INFO - [2021-12-14 13:10:51,980] {dagbag.py:500} INFO - Filling up the DagBag from /home/airflow/.local/lib/python3.7/site-packages/airflow/example_dags/tutorial_taskflow_api_etl.py
[2021-12-14 13:10:52,096] {processor.py:637} INFO - DAG(s) dict_keys(['tutorial_taskflow_api_etl']) retrieved from /home/airflow/.local/lib/python3.7/site-packages/airflow/example_dags/tutorial_taskflow_api_etl.py
[2021-12-14 13:10:52,310] {logging_mixin.py:109} INFO - [2021-12-14 13:10:52,310] {dag.py:2396} INFO - Sync 1 DAGs
[2021-12-14 13:10:52,326] {logging_mixin.py:109} INFO - [2021-12-14 13:10:52,325] {dag.py:2928} INFO - Setting next_dagrun for tutorial_taskflow_api_etl to None
[2021-12-14 13:10:52,342] {processor.py:171} INFO - Processing /home/airflow/.local/lib/python3.7/site-packages/airflow/example_dags/tutorial_taskflow_api_etl.py took 0.367 seconds
[2021-12-14 13:11:22,818] {processor.py:163} INFO - Started process (PID=1498) to work on /home/airflow/.local/lib/python3.7/site-packages/airflow/example_dags/tutorial_taskflow_api_etl.py
[2021-12-14 13:11:22,820] {processor.py:625} INFO - Processing file /home/airflow/.local/lib/python3.7/site-packages/airflow/example_dags/tutorial_taskflow_api_etl.py for tasks to queue
[2021-12-14 13:11:22,821] {logging_mixin.py:109} INFO - [2021-12-14 13:11:22,821] {dagbag.py:500} INFO - Filling up the DagBag from /home/airflow/.local/lib/python3.7/site-packages/airflow/example_dags/tutorial_taskflow_api_etl.py
[2021-12-14 13:11:22,927] {processor.py:637} INFO - DAG(s) dict_keys(['tutorial_taskflow_api_etl']) retrieved from /home/airflow/.local/lib/python3.7/site-packages/airflow/example_dags/tutorial_taskflow_api_etl.py
[2021-12-14 13:11:23,140] {logging_mixin.py:109} INFO - [2021-12-14 13:11:23,140] {dag.py:2396} INFO - Sync 1 DAGs
[2021-12-14 13:11:23,157] {logging_mixin.py:109} INFO - [2021-12-14 13:11:23,156] {dag.py:2928} INFO - Setting next_dagrun for tutorial_taskflow_api_etl to None
[2021-12-14 13:11:23,166] {processor.py:171} INFO - Processing /home/airflow/.local/lib/python3.7/site-packages/airflow/example_dags/tutorial_taskflow_api_etl.py took 0.350 seconds
[2021-12-14 13:11:53,337] {processor.py:163} INFO - Started process (PID=1562) to work on /home/airflow/.local/lib/python3.7/site-packages/airflow/example_dags/tutorial_taskflow_api_etl.py
[2021-12-14 13:11:53,338] {processor.py:625} INFO - Processing file /home/airflow/.local/lib/python3.7/site-packages/airflow/example_dags/tutorial_taskflow_api_etl.py for tasks to queue
[2021-12-14 13:11:53,339] {logging_mixin.py:109} INFO - [2021-12-14 13:11:53,339] {dagbag.py:500} INFO - Filling up the DagBag from /home/airflow/.local/lib/python3.7/site-packages/airflow/example_dags/tutorial_taskflow_api_etl.py
[2021-12-14 13:11:53,439] {processor.py:637} INFO - DAG(s) dict_keys(['tutorial_taskflow_api_etl']) retrieved from /home/airflow/.local/lib/python3.7/site-packages/airflow/example_dags/tutorial_taskflow_api_etl.py
[2021-12-14 13:11:53,607] {logging_mixin.py:109} INFO - [2021-12-14 13:11:53,607] {dag.py:2396} INFO - Sync 1 DAGs
[2021-12-14 13:11:53,622] {logging_mixin.py:109} INFO - [2021-12-14 13:11:53,622] {dag.py:2928} INFO - Setting next_dagrun for tutorial_taskflow_api_etl to None
[2021-12-14 13:11:53,631] {processor.py:171} INFO - Processing /home/airflow/.local/lib/python3.7/site-packages/airflow/example_dags/tutorial_taskflow_api_etl.py took 0.297 seconds
[2021-12-14 13:12:23,661] {processor.py:163} INFO - Started process (PID=1633) to work on /home/airflow/.local/lib/python3.7/site-packages/airflow/example_dags/tutorial_taskflow_api_etl.py
[2021-12-14 13:12:23,662] {processor.py:625} INFO - Processing file /home/airflow/.local/lib/python3.7/site-packages/airflow/example_dags/tutorial_taskflow_api_etl.py for tasks to queue
[2021-12-14 13:12:23,663] {logging_mixin.py:109} INFO - [2021-12-14 13:12:23,663] {dagbag.py:500} INFO - Filling up the DagBag from /home/airflow/.local/lib/python3.7/site-packages/airflow/example_dags/tutorial_taskflow_api_etl.py
[2021-12-14 13:12:23,685] {processor.py:637} INFO - DAG(s) dict_keys(['tutorial_taskflow_api_etl']) retrieved from /home/airflow/.local/lib/python3.7/site-packages/airflow/example_dags/tutorial_taskflow_api_etl.py
[2021-12-14 13:12:23,843] {logging_mixin.py:109} INFO - [2021-12-14 13:12:23,843] {dag.py:2396} INFO - Sync 1 DAGs
[2021-12-14 13:12:23,854] {logging_mixin.py:109} INFO - [2021-12-14 13:12:23,854] {dag.py:2928} INFO - Setting next_dagrun for tutorial_taskflow_api_etl to None
[2021-12-14 13:12:23,865] {processor.py:171} INFO - Processing /home/airflow/.local/lib/python3.7/site-packages/airflow/example_dags/tutorial_taskflow_api_etl.py took 0.206 seconds
[2021-12-14 13:12:53,925] {processor.py:163} INFO - Started process (PID=1695) to work on /home/airflow/.local/lib/python3.7/site-packages/airflow/example_dags/tutorial_taskflow_api_etl.py
[2021-12-14 13:12:53,926] {processor.py:625} INFO - Processing file /home/airflow/.local/lib/python3.7/site-packages/airflow/example_dags/tutorial_taskflow_api_etl.py for tasks to queue
[2021-12-14 13:12:53,927] {logging_mixin.py:109} INFO - [2021-12-14 13:12:53,927] {dagbag.py:500} INFO - Filling up the DagBag from /home/airflow/.local/lib/python3.7/site-packages/airflow/example_dags/tutorial_taskflow_api_etl.py
[2021-12-14 13:12:53,951] {processor.py:637} INFO - DAG(s) dict_keys(['tutorial_taskflow_api_etl']) retrieved from /home/airflow/.local/lib/python3.7/site-packages/airflow/example_dags/tutorial_taskflow_api_etl.py
[2021-12-14 13:12:54,108] {logging_mixin.py:109} INFO - [2021-12-14 13:12:54,108] {dag.py:2396} INFO - Sync 1 DAGs
[2021-12-14 13:12:54,119] {logging_mixin.py:109} INFO - [2021-12-14 13:12:54,119] {dag.py:2928} INFO - Setting next_dagrun for tutorial_taskflow_api_etl to None
[2021-12-14 13:12:54,128] {processor.py:171} INFO - Processing /home/airflow/.local/lib/python3.7/site-packages/airflow/example_dags/tutorial_taskflow_api_etl.py took 0.206 seconds
[2021-12-14 13:13:24,244] {processor.py:163} INFO - Started process (PID=1767) to work on /home/airflow/.local/lib/python3.7/site-packages/airflow/example_dags/tutorial_taskflow_api_etl.py
[2021-12-14 13:13:24,245] {processor.py:625} INFO - Processing file /home/airflow/.local/lib/python3.7/site-packages/airflow/example_dags/tutorial_taskflow_api_etl.py for tasks to queue
[2021-12-14 13:13:24,246] {logging_mixin.py:109} INFO - [2021-12-14 13:13:24,245] {dagbag.py:500} INFO - Filling up the DagBag from /home/airflow/.local/lib/python3.7/site-packages/airflow/example_dags/tutorial_taskflow_api_etl.py
[2021-12-14 13:13:24,275] {processor.py:637} INFO - DAG(s) dict_keys(['tutorial_taskflow_api_etl']) retrieved from /home/airflow/.local/lib/python3.7/site-packages/airflow/example_dags/tutorial_taskflow_api_etl.py
[2021-12-14 13:13:24,502] {logging_mixin.py:109} INFO - [2021-12-14 13:13:24,502] {dag.py:2396} INFO - Sync 1 DAGs
[2021-12-14 13:13:24,517] {logging_mixin.py:109} INFO - [2021-12-14 13:13:24,517] {dag.py:2928} INFO - Setting next_dagrun for tutorial_taskflow_api_etl to None
[2021-12-14 13:13:24,532] {processor.py:171} INFO - Processing /home/airflow/.local/lib/python3.7/site-packages/airflow/example_dags/tutorial_taskflow_api_etl.py took 0.291 seconds
[2021-12-14 13:13:54,578] {processor.py:163} INFO - Started process (PID=1830) to work on /home/airflow/.local/lib/python3.7/site-packages/airflow/example_dags/tutorial_taskflow_api_etl.py
[2021-12-14 13:13:54,579] {processor.py:625} INFO - Processing file /home/airflow/.local/lib/python3.7/site-packages/airflow/example_dags/tutorial_taskflow_api_etl.py for tasks to queue
[2021-12-14 13:13:54,580] {logging_mixin.py:109} INFO - [2021-12-14 13:13:54,580] {dagbag.py:500} INFO - Filling up the DagBag from /home/airflow/.local/lib/python3.7/site-packages/airflow/example_dags/tutorial_taskflow_api_etl.py
[2021-12-14 13:13:54,604] {processor.py:637} INFO - DAG(s) dict_keys(['tutorial_taskflow_api_etl']) retrieved from /home/airflow/.local/lib/python3.7/site-packages/airflow/example_dags/tutorial_taskflow_api_etl.py
[2021-12-14 13:13:54,767] {logging_mixin.py:109} INFO - [2021-12-14 13:13:54,767] {dag.py:2396} INFO - Sync 1 DAGs
[2021-12-14 13:13:54,779] {logging_mixin.py:109} INFO - [2021-12-14 13:13:54,779] {dag.py:2928} INFO - Setting next_dagrun for tutorial_taskflow_api_etl to None
[2021-12-14 13:13:54,789] {processor.py:171} INFO - Processing /home/airflow/.local/lib/python3.7/site-packages/airflow/example_dags/tutorial_taskflow_api_etl.py took 0.214 seconds
[2021-12-14 13:14:24,928] {processor.py:163} INFO - Started process (PID=1892) to work on /home/airflow/.local/lib/python3.7/site-packages/airflow/example_dags/tutorial_taskflow_api_etl.py
[2021-12-14 13:14:24,929] {processor.py:625} INFO - Processing file /home/airflow/.local/lib/python3.7/site-packages/airflow/example_dags/tutorial_taskflow_api_etl.py for tasks to queue
[2021-12-14 13:14:24,930] {logging_mixin.py:109} INFO - [2021-12-14 13:14:24,929] {dagbag.py:500} INFO - Filling up the DagBag from /home/airflow/.local/lib/python3.7/site-packages/airflow/example_dags/tutorial_taskflow_api_etl.py
[2021-12-14 13:14:24,954] {processor.py:637} INFO - DAG(s) dict_keys(['tutorial_taskflow_api_etl']) retrieved from /home/airflow/.local/lib/python3.7/site-packages/airflow/example_dags/tutorial_taskflow_api_etl.py
[2021-12-14 13:14:25,113] {logging_mixin.py:109} INFO - [2021-12-14 13:14:25,113] {dag.py:2396} INFO - Sync 1 DAGs
[2021-12-14 13:14:25,124] {logging_mixin.py:109} INFO - [2021-12-14 13:14:25,124] {dag.py:2928} INFO - Setting next_dagrun for tutorial_taskflow_api_etl to None
[2021-12-14 13:14:25,133] {processor.py:171} INFO - Processing /home/airflow/.local/lib/python3.7/site-packages/airflow/example_dags/tutorial_taskflow_api_etl.py took 0.208 seconds
[2021-12-14 13:14:55,416] {processor.py:163} INFO - Started process (PID=1959) to work on /home/airflow/.local/lib/python3.7/site-packages/airflow/example_dags/tutorial_taskflow_api_etl.py
[2021-12-14 13:14:55,417] {processor.py:625} INFO - Processing file /home/airflow/.local/lib/python3.7/site-packages/airflow/example_dags/tutorial_taskflow_api_etl.py for tasks to queue
[2021-12-14 13:14:55,418] {logging_mixin.py:109} INFO - [2021-12-14 13:14:55,418] {dagbag.py:500} INFO - Filling up the DagBag from /home/airflow/.local/lib/python3.7/site-packages/airflow/example_dags/tutorial_taskflow_api_etl.py
[2021-12-14 13:14:55,442] {processor.py:637} INFO - DAG(s) dict_keys(['tutorial_taskflow_api_etl']) retrieved from /home/airflow/.local/lib/python3.7/site-packages/airflow/example_dags/tutorial_taskflow_api_etl.py
[2021-12-14 13:14:55,616] {logging_mixin.py:109} INFO - [2021-12-14 13:14:55,616] {dag.py:2396} INFO - Sync 1 DAGs
[2021-12-14 13:14:55,628] {logging_mixin.py:109} INFO - [2021-12-14 13:14:55,628] {dag.py:2928} INFO - Setting next_dagrun for tutorial_taskflow_api_etl to None
[2021-12-14 13:14:55,639] {processor.py:171} INFO - Processing /home/airflow/.local/lib/python3.7/site-packages/airflow/example_dags/tutorial_taskflow_api_etl.py took 0.226 seconds
[2021-12-14 13:15:25,679] {processor.py:163} INFO - Started process (PID=2022) to work on /home/airflow/.local/lib/python3.7/site-packages/airflow/example_dags/tutorial_taskflow_api_etl.py
[2021-12-14 13:15:25,681] {processor.py:625} INFO - Processing file /home/airflow/.local/lib/python3.7/site-packages/airflow/example_dags/tutorial_taskflow_api_etl.py for tasks to queue
[2021-12-14 13:15:25,681] {logging_mixin.py:109} INFO - [2021-12-14 13:15:25,681] {dagbag.py:500} INFO - Filling up the DagBag from /home/airflow/.local/lib/python3.7/site-packages/airflow/example_dags/tutorial_taskflow_api_etl.py
[2021-12-14 13:15:25,705] {processor.py:637} INFO - DAG(s) dict_keys(['tutorial_taskflow_api_etl']) retrieved from /home/airflow/.local/lib/python3.7/site-packages/airflow/example_dags/tutorial_taskflow_api_etl.py
[2021-12-14 13:15:25,863] {logging_mixin.py:109} INFO - [2021-12-14 13:15:25,863] {dag.py:2396} INFO - Sync 1 DAGs
[2021-12-14 13:15:25,875] {logging_mixin.py:109} INFO - [2021-12-14 13:15:25,875] {dag.py:2928} INFO - Setting next_dagrun for tutorial_taskflow_api_etl to None
[2021-12-14 13:15:25,883] {processor.py:171} INFO - Processing /home/airflow/.local/lib/python3.7/site-packages/airflow/example_dags/tutorial_taskflow_api_etl.py took 0.207 seconds
[2021-12-14 13:15:55,918] {processor.py:163} INFO - Started process (PID=2094) to work on /home/airflow/.local/lib/python3.7/site-packages/airflow/example_dags/tutorial_taskflow_api_etl.py
[2021-12-14 13:15:55,919] {processor.py:625} INFO - Processing file /home/airflow/.local/lib/python3.7/site-packages/airflow/example_dags/tutorial_taskflow_api_etl.py for tasks to queue
[2021-12-14 13:15:55,920] {logging_mixin.py:109} INFO - [2021-12-14 13:15:55,920] {dagbag.py:500} INFO - Filling up the DagBag from /home/airflow/.local/lib/python3.7/site-packages/airflow/example_dags/tutorial_taskflow_api_etl.py
[2021-12-14 13:15:55,943] {processor.py:637} INFO - DAG(s) dict_keys(['tutorial_taskflow_api_etl']) retrieved from /home/airflow/.local/lib/python3.7/site-packages/airflow/example_dags/tutorial_taskflow_api_etl.py
[2021-12-14 13:15:56,108] {logging_mixin.py:109} INFO - [2021-12-14 13:15:56,108] {dag.py:2396} INFO - Sync 1 DAGs
[2021-12-14 13:15:56,120] {logging_mixin.py:109} INFO - [2021-12-14 13:15:56,120] {dag.py:2928} INFO - Setting next_dagrun for tutorial_taskflow_api_etl to None
[2021-12-14 13:15:56,131] {processor.py:171} INFO - Processing /home/airflow/.local/lib/python3.7/site-packages/airflow/example_dags/tutorial_taskflow_api_etl.py took 0.217 seconds
[2021-12-14 13:16:27,145] {processor.py:163} INFO - Started process (PID=2156) to work on /home/airflow/.local/lib/python3.7/site-packages/airflow/example_dags/tutorial_taskflow_api_etl.py
[2021-12-14 13:16:27,146] {processor.py:625} INFO - Processing file /home/airflow/.local/lib/python3.7/site-packages/airflow/example_dags/tutorial_taskflow_api_etl.py for tasks to queue
[2021-12-14 13:16:27,147] {logging_mixin.py:109} INFO - [2021-12-14 13:16:27,147] {dagbag.py:500} INFO - Filling up the DagBag from /home/airflow/.local/lib/python3.7/site-packages/airflow/example_dags/tutorial_taskflow_api_etl.py
[2021-12-14 13:16:27,179] {processor.py:637} INFO - DAG(s) dict_keys(['tutorial_taskflow_api_etl']) retrieved from /home/airflow/.local/lib/python3.7/site-packages/airflow/example_dags/tutorial_taskflow_api_etl.py
[2021-12-14 13:16:27,347] {logging_mixin.py:109} INFO - [2021-12-14 13:16:27,347] {dag.py:2396} INFO - Sync 1 DAGs
[2021-12-14 13:16:27,360] {logging_mixin.py:109} INFO - [2021-12-14 13:16:27,359] {dag.py:2928} INFO - Setting next_dagrun for tutorial_taskflow_api_etl to None
[2021-12-14 13:16:27,369] {processor.py:171} INFO - Processing /home/airflow/.local/lib/python3.7/site-packages/airflow/example_dags/tutorial_taskflow_api_etl.py took 0.227 seconds
[2021-12-14 13:16:57,554] {processor.py:163} INFO - Started process (PID=2226) to work on /home/airflow/.local/lib/python3.7/site-packages/airflow/example_dags/tutorial_taskflow_api_etl.py
[2021-12-14 13:16:57,556] {processor.py:625} INFO - Processing file /home/airflow/.local/lib/python3.7/site-packages/airflow/example_dags/tutorial_taskflow_api_etl.py for tasks to queue
[2021-12-14 13:16:57,557] {logging_mixin.py:109} INFO - [2021-12-14 13:16:57,557] {dagbag.py:500} INFO - Filling up the DagBag from /home/airflow/.local/lib/python3.7/site-packages/airflow/example_dags/tutorial_taskflow_api_etl.py
[2021-12-14 13:16:57,593] {processor.py:637} INFO - DAG(s) dict_keys(['tutorial_taskflow_api_etl']) retrieved from /home/airflow/.local/lib/python3.7/site-packages/airflow/example_dags/tutorial_taskflow_api_etl.py
[2021-12-14 13:16:57,787] {logging_mixin.py:109} INFO - [2021-12-14 13:16:57,786] {dag.py:2396} INFO - Sync 1 DAGs
[2021-12-14 13:16:57,800] {logging_mixin.py:109} INFO - [2021-12-14 13:16:57,800] {dag.py:2928} INFO - Setting next_dagrun for tutorial_taskflow_api_etl to None
[2021-12-14 13:16:57,811] {processor.py:171} INFO - Processing /home/airflow/.local/lib/python3.7/site-packages/airflow/example_dags/tutorial_taskflow_api_etl.py took 0.260 seconds
[2021-12-14 13:17:27,859] {processor.py:163} INFO - Started process (PID=2288) to work on /home/airflow/.local/lib/python3.7/site-packages/airflow/example_dags/tutorial_taskflow_api_etl.py
[2021-12-14 13:17:27,860] {processor.py:625} INFO - Processing file /home/airflow/.local/lib/python3.7/site-packages/airflow/example_dags/tutorial_taskflow_api_etl.py for tasks to queue
[2021-12-14 13:17:27,861] {logging_mixin.py:109} INFO - [2021-12-14 13:17:27,861] {dagbag.py:500} INFO - Filling up the DagBag from /home/airflow/.local/lib/python3.7/site-packages/airflow/example_dags/tutorial_taskflow_api_etl.py
[2021-12-14 13:17:27,891] {processor.py:637} INFO - DAG(s) dict_keys(['tutorial_taskflow_api_etl']) retrieved from /home/airflow/.local/lib/python3.7/site-packages/airflow/example_dags/tutorial_taskflow_api_etl.py
[2021-12-14 13:17:28,070] {logging_mixin.py:109} INFO - [2021-12-14 13:17:28,070] {dag.py:2396} INFO - Sync 1 DAGs
[2021-12-14 13:17:28,083] {logging_mixin.py:109} INFO - [2021-12-14 13:17:28,083] {dag.py:2928} INFO - Setting next_dagrun for tutorial_taskflow_api_etl to None
[2021-12-14 13:17:28,095] {processor.py:171} INFO - Processing /home/airflow/.local/lib/python3.7/site-packages/airflow/example_dags/tutorial_taskflow_api_etl.py took 0.238 seconds
[2021-12-14 13:17:58,182] {processor.py:163} INFO - Started process (PID=2361) to work on /home/airflow/.local/lib/python3.7/site-packages/airflow/example_dags/tutorial_taskflow_api_etl.py
[2021-12-14 13:17:58,183] {processor.py:625} INFO - Processing file /home/airflow/.local/lib/python3.7/site-packages/airflow/example_dags/tutorial_taskflow_api_etl.py for tasks to queue
[2021-12-14 13:17:58,184] {logging_mixin.py:109} INFO - [2021-12-14 13:17:58,184] {dagbag.py:500} INFO - Filling up the DagBag from /home/airflow/.local/lib/python3.7/site-packages/airflow/example_dags/tutorial_taskflow_api_etl.py
[2021-12-14 13:17:58,208] {processor.py:637} INFO - DAG(s) dict_keys(['tutorial_taskflow_api_etl']) retrieved from /home/airflow/.local/lib/python3.7/site-packages/airflow/example_dags/tutorial_taskflow_api_etl.py
[2021-12-14 13:17:58,372] {logging_mixin.py:109} INFO - [2021-12-14 13:17:58,372] {dag.py:2396} INFO - Sync 1 DAGs
[2021-12-14 13:17:58,386] {logging_mixin.py:109} INFO - [2021-12-14 13:17:58,386] {dag.py:2928} INFO - Setting next_dagrun for tutorial_taskflow_api_etl to None
[2021-12-14 13:17:58,399] {processor.py:171} INFO - Processing /home/airflow/.local/lib/python3.7/site-packages/airflow/example_dags/tutorial_taskflow_api_etl.py took 0.220 seconds
[2021-12-14 13:18:28,827] {processor.py:163} INFO - Started process (PID=2420) to work on /home/airflow/.local/lib/python3.7/site-packages/airflow/example_dags/tutorial_taskflow_api_etl.py
[2021-12-14 13:18:28,828] {processor.py:625} INFO - Processing file /home/airflow/.local/lib/python3.7/site-packages/airflow/example_dags/tutorial_taskflow_api_etl.py for tasks to queue
[2021-12-14 13:18:28,829] {logging_mixin.py:109} INFO - [2021-12-14 13:18:28,829] {dagbag.py:500} INFO - Filling up the DagBag from /home/airflow/.local/lib/python3.7/site-packages/airflow/example_dags/tutorial_taskflow_api_etl.py
[2021-12-14 13:18:28,854] {processor.py:637} INFO - DAG(s) dict_keys(['tutorial_taskflow_api_etl']) retrieved from /home/airflow/.local/lib/python3.7/site-packages/airflow/example_dags/tutorial_taskflow_api_etl.py
[2021-12-14 13:18:29,025] {logging_mixin.py:109} INFO - [2021-12-14 13:18:29,025] {dag.py:2396} INFO - Sync 1 DAGs
[2021-12-14 13:18:29,037] {logging_mixin.py:109} INFO - [2021-12-14 13:18:29,037] {dag.py:2928} INFO - Setting next_dagrun for tutorial_taskflow_api_etl to None
[2021-12-14 13:18:29,047] {processor.py:171} INFO - Processing /home/airflow/.local/lib/python3.7/site-packages/airflow/example_dags/tutorial_taskflow_api_etl.py took 0.223 seconds
[2021-12-14 13:18:59,197] {processor.py:163} INFO - Started process (PID=2491) to work on /home/airflow/.local/lib/python3.7/site-packages/airflow/example_dags/tutorial_taskflow_api_etl.py
[2021-12-14 13:18:59,200] {processor.py:625} INFO - Processing file /home/airflow/.local/lib/python3.7/site-packages/airflow/example_dags/tutorial_taskflow_api_etl.py for tasks to queue
[2021-12-14 13:18:59,201] {logging_mixin.py:109} INFO - [2021-12-14 13:18:59,201] {dagbag.py:500} INFO - Filling up the DagBag from /home/airflow/.local/lib/python3.7/site-packages/airflow/example_dags/tutorial_taskflow_api_etl.py
[2021-12-14 13:18:59,240] {processor.py:637} INFO - DAG(s) dict_keys(['tutorial_taskflow_api_etl']) retrieved from /home/airflow/.local/lib/python3.7/site-packages/airflow/example_dags/tutorial_taskflow_api_etl.py
[2021-12-14 13:18:59,478] {logging_mixin.py:109} INFO - [2021-12-14 13:18:59,477] {dag.py:2396} INFO - Sync 1 DAGs
[2021-12-14 13:18:59,493] {logging_mixin.py:109} INFO - [2021-12-14 13:18:59,493] {dag.py:2928} INFO - Setting next_dagrun for tutorial_taskflow_api_etl to None
[2021-12-14 13:18:59,504] {processor.py:171} INFO - Processing /home/airflow/.local/lib/python3.7/site-packages/airflow/example_dags/tutorial_taskflow_api_etl.py took 0.312 seconds
[2021-12-14 13:19:29,783] {processor.py:163} INFO - Started process (PID=2555) to work on /home/airflow/.local/lib/python3.7/site-packages/airflow/example_dags/tutorial_taskflow_api_etl.py
[2021-12-14 13:19:29,784] {processor.py:625} INFO - Processing file /home/airflow/.local/lib/python3.7/site-packages/airflow/example_dags/tutorial_taskflow_api_etl.py for tasks to queue
[2021-12-14 13:19:29,785] {logging_mixin.py:109} INFO - [2021-12-14 13:19:29,785] {dagbag.py:500} INFO - Filling up the DagBag from /home/airflow/.local/lib/python3.7/site-packages/airflow/example_dags/tutorial_taskflow_api_etl.py
[2021-12-14 13:19:29,810] {processor.py:637} INFO - DAG(s) dict_keys(['tutorial_taskflow_api_etl']) retrieved from /home/airflow/.local/lib/python3.7/site-packages/airflow/example_dags/tutorial_taskflow_api_etl.py
[2021-12-14 13:19:29,998] {logging_mixin.py:109} INFO - [2021-12-14 13:19:29,998] {dag.py:2396} INFO - Sync 1 DAGs
[2021-12-14 13:19:30,010] {logging_mixin.py:109} INFO - [2021-12-14 13:19:30,010] {dag.py:2928} INFO - Setting next_dagrun for tutorial_taskflow_api_etl to None
[2021-12-14 13:19:30,022] {processor.py:171} INFO - Processing /home/airflow/.local/lib/python3.7/site-packages/airflow/example_dags/tutorial_taskflow_api_etl.py took 0.241 seconds
[2021-12-14 13:20:00,543] {processor.py:163} INFO - Started process (PID=2617) to work on /home/airflow/.local/lib/python3.7/site-packages/airflow/example_dags/tutorial_taskflow_api_etl.py
[2021-12-14 13:20:00,545] {processor.py:625} INFO - Processing file /home/airflow/.local/lib/python3.7/site-packages/airflow/example_dags/tutorial_taskflow_api_etl.py for tasks to queue
[2021-12-14 13:20:00,546] {logging_mixin.py:109} INFO - [2021-12-14 13:20:00,546] {dagbag.py:500} INFO - Filling up the DagBag from /home/airflow/.local/lib/python3.7/site-packages/airflow/example_dags/tutorial_taskflow_api_etl.py
[2021-12-14 13:20:00,590] {processor.py:637} INFO - DAG(s) dict_keys(['tutorial_taskflow_api_etl']) retrieved from /home/airflow/.local/lib/python3.7/site-packages/airflow/example_dags/tutorial_taskflow_api_etl.py
[2021-12-14 13:20:00,909] {logging_mixin.py:109} INFO - [2021-12-14 13:20:00,908] {dag.py:2396} INFO - Sync 1 DAGs
[2021-12-14 13:20:00,929] {logging_mixin.py:109} INFO - [2021-12-14 13:20:00,929] {dag.py:2928} INFO - Setting next_dagrun for tutorial_taskflow_api_etl to None
[2021-12-14 13:20:00,951] {processor.py:171} INFO - Processing /home/airflow/.local/lib/python3.7/site-packages/airflow/example_dags/tutorial_taskflow_api_etl.py took 0.412 seconds
[2021-12-14 13:20:31,088] {processor.py:163} INFO - Started process (PID=2678) to work on /home/airflow/.local/lib/python3.7/site-packages/airflow/example_dags/tutorial_taskflow_api_etl.py
[2021-12-14 13:20:31,090] {processor.py:625} INFO - Processing file /home/airflow/.local/lib/python3.7/site-packages/airflow/example_dags/tutorial_taskflow_api_etl.py for tasks to queue
[2021-12-14 13:20:31,091] {logging_mixin.py:109} INFO - [2021-12-14 13:20:31,091] {dagbag.py:500} INFO - Filling up the DagBag from /home/airflow/.local/lib/python3.7/site-packages/airflow/example_dags/tutorial_taskflow_api_etl.py
[2021-12-14 13:20:31,189] {processor.py:637} INFO - DAG(s) dict_keys(['tutorial_taskflow_api_etl']) retrieved from /home/airflow/.local/lib/python3.7/site-packages/airflow/example_dags/tutorial_taskflow_api_etl.py
[2021-12-14 13:20:31,426] {logging_mixin.py:109} INFO - [2021-12-14 13:20:31,426] {dag.py:2396} INFO - Sync 1 DAGs
[2021-12-14 13:20:31,443] {logging_mixin.py:109} INFO - [2021-12-14 13:20:31,443] {dag.py:2928} INFO - Setting next_dagrun for tutorial_taskflow_api_etl to None
[2021-12-14 13:20:31,454] {processor.py:171} INFO - Processing /home/airflow/.local/lib/python3.7/site-packages/airflow/example_dags/tutorial_taskflow_api_etl.py took 0.370 seconds
[2021-12-14 13:21:01,521] {processor.py:163} INFO - Started process (PID=2750) to work on /home/airflow/.local/lib/python3.7/site-packages/airflow/example_dags/tutorial_taskflow_api_etl.py
[2021-12-14 13:21:01,523] {processor.py:625} INFO - Processing file /home/airflow/.local/lib/python3.7/site-packages/airflow/example_dags/tutorial_taskflow_api_etl.py for tasks to queue
[2021-12-14 13:21:01,525] {logging_mixin.py:109} INFO - [2021-12-14 13:21:01,525] {dagbag.py:500} INFO - Filling up the DagBag from /home/airflow/.local/lib/python3.7/site-packages/airflow/example_dags/tutorial_taskflow_api_etl.py
[2021-12-14 13:21:01,565] {processor.py:637} INFO - DAG(s) dict_keys(['tutorial_taskflow_api_etl']) retrieved from /home/airflow/.local/lib/python3.7/site-packages/airflow/example_dags/tutorial_taskflow_api_etl.py
[2021-12-14 13:21:01,786] {logging_mixin.py:109} INFO - [2021-12-14 13:21:01,786] {dag.py:2396} INFO - Sync 1 DAGs
[2021-12-14 13:21:01,809] {logging_mixin.py:109} INFO - [2021-12-14 13:21:01,809] {dag.py:2928} INFO - Setting next_dagrun for tutorial_taskflow_api_etl to None
[2021-12-14 13:21:01,819] {processor.py:171} INFO - Processing /home/airflow/.local/lib/python3.7/site-packages/airflow/example_dags/tutorial_taskflow_api_etl.py took 0.302 seconds
[2021-12-14 13:21:32,132] {processor.py:163} INFO - Started process (PID=2812) to work on /home/airflow/.local/lib/python3.7/site-packages/airflow/example_dags/tutorial_taskflow_api_etl.py
[2021-12-14 13:21:32,133] {processor.py:625} INFO - Processing file /home/airflow/.local/lib/python3.7/site-packages/airflow/example_dags/tutorial_taskflow_api_etl.py for tasks to queue
[2021-12-14 13:21:32,134] {logging_mixin.py:109} INFO - [2021-12-14 13:21:32,134] {dagbag.py:500} INFO - Filling up the DagBag from /home/airflow/.local/lib/python3.7/site-packages/airflow/example_dags/tutorial_taskflow_api_etl.py
[2021-12-14 13:21:32,158] {processor.py:637} INFO - DAG(s) dict_keys(['tutorial_taskflow_api_etl']) retrieved from /home/airflow/.local/lib/python3.7/site-packages/airflow/example_dags/tutorial_taskflow_api_etl.py
[2021-12-14 13:21:32,318] {logging_mixin.py:109} INFO - [2021-12-14 13:21:32,318] {dag.py:2396} INFO - Sync 1 DAGs
[2021-12-14 13:21:32,330] {logging_mixin.py:109} INFO - [2021-12-14 13:21:32,330] {dag.py:2928} INFO - Setting next_dagrun for tutorial_taskflow_api_etl to None
[2021-12-14 13:21:32,342] {processor.py:171} INFO - Processing /home/airflow/.local/lib/python3.7/site-packages/airflow/example_dags/tutorial_taskflow_api_etl.py took 0.212 seconds
[2021-12-14 13:22:02,839] {processor.py:163} INFO - Started process (PID=2883) to work on /home/airflow/.local/lib/python3.7/site-packages/airflow/example_dags/tutorial_taskflow_api_etl.py
[2021-12-14 13:22:02,841] {processor.py:625} INFO - Processing file /home/airflow/.local/lib/python3.7/site-packages/airflow/example_dags/tutorial_taskflow_api_etl.py for tasks to queue
[2021-12-14 13:22:02,841] {logging_mixin.py:109} INFO - [2021-12-14 13:22:02,841] {dagbag.py:500} INFO - Filling up the DagBag from /home/airflow/.local/lib/python3.7/site-packages/airflow/example_dags/tutorial_taskflow_api_etl.py
[2021-12-14 13:22:02,866] {processor.py:637} INFO - DAG(s) dict_keys(['tutorial_taskflow_api_etl']) retrieved from /home/airflow/.local/lib/python3.7/site-packages/airflow/example_dags/tutorial_taskflow_api_etl.py
[2021-12-14 13:22:03,052] {logging_mixin.py:109} INFO - [2021-12-14 13:22:03,052] {dag.py:2396} INFO - Sync 1 DAGs
[2021-12-14 13:22:03,066] {logging_mixin.py:109} INFO - [2021-12-14 13:22:03,066] {dag.py:2928} INFO - Setting next_dagrun for tutorial_taskflow_api_etl to None
[2021-12-14 13:22:03,077] {processor.py:171} INFO - Processing /home/airflow/.local/lib/python3.7/site-packages/airflow/example_dags/tutorial_taskflow_api_etl.py took 0.241 seconds
[2021-12-14 13:22:33,610] {processor.py:163} INFO - Started process (PID=2944) to work on /home/airflow/.local/lib/python3.7/site-packages/airflow/example_dags/tutorial_taskflow_api_etl.py
[2021-12-14 13:22:33,611] {processor.py:625} INFO - Processing file /home/airflow/.local/lib/python3.7/site-packages/airflow/example_dags/tutorial_taskflow_api_etl.py for tasks to queue
[2021-12-14 13:22:33,612] {logging_mixin.py:109} INFO - [2021-12-14 13:22:33,612] {dagbag.py:500} INFO - Filling up the DagBag from /home/airflow/.local/lib/python3.7/site-packages/airflow/example_dags/tutorial_taskflow_api_etl.py
[2021-12-14 13:22:33,636] {processor.py:637} INFO - DAG(s) dict_keys(['tutorial_taskflow_api_etl']) retrieved from /home/airflow/.local/lib/python3.7/site-packages/airflow/example_dags/tutorial_taskflow_api_etl.py
[2021-12-14 13:22:33,808] {logging_mixin.py:109} INFO - [2021-12-14 13:22:33,808] {dag.py:2396} INFO - Sync 1 DAGs
[2021-12-14 13:22:33,821] {logging_mixin.py:109} INFO - [2021-12-14 13:22:33,821] {dag.py:2928} INFO - Setting next_dagrun for tutorial_taskflow_api_etl to None
[2021-12-14 13:22:33,831] {processor.py:171} INFO - Processing /home/airflow/.local/lib/python3.7/site-packages/airflow/example_dags/tutorial_taskflow_api_etl.py took 0.224 seconds
[2021-12-14 13:23:03,866] {processor.py:163} INFO - Started process (PID=3018) to work on /home/airflow/.local/lib/python3.7/site-packages/airflow/example_dags/tutorial_taskflow_api_etl.py
[2021-12-14 13:23:03,867] {processor.py:625} INFO - Processing file /home/airflow/.local/lib/python3.7/site-packages/airflow/example_dags/tutorial_taskflow_api_etl.py for tasks to queue
[2021-12-14 13:23:03,868] {logging_mixin.py:109} INFO - [2021-12-14 13:23:03,868] {dagbag.py:500} INFO - Filling up the DagBag from /home/airflow/.local/lib/python3.7/site-packages/airflow/example_dags/tutorial_taskflow_api_etl.py
[2021-12-14 13:23:03,898] {processor.py:637} INFO - DAG(s) dict_keys(['tutorial_taskflow_api_etl']) retrieved from /home/airflow/.local/lib/python3.7/site-packages/airflow/example_dags/tutorial_taskflow_api_etl.py
[2021-12-14 13:23:04,132] {logging_mixin.py:109} INFO - [2021-12-14 13:23:04,132] {dag.py:2396} INFO - Sync 1 DAGs
[2021-12-14 13:23:04,148] {logging_mixin.py:109} INFO - [2021-12-14 13:23:04,148] {dag.py:2928} INFO - Setting next_dagrun for tutorial_taskflow_api_etl to None
[2021-12-14 13:23:04,159] {processor.py:171} INFO - Processing /home/airflow/.local/lib/python3.7/site-packages/airflow/example_dags/tutorial_taskflow_api_etl.py took 0.296 seconds
[2021-12-14 13:23:34,192] {processor.py:163} INFO - Started process (PID=3081) to work on /home/airflow/.local/lib/python3.7/site-packages/airflow/example_dags/tutorial_taskflow_api_etl.py
[2021-12-14 13:23:34,193] {processor.py:625} INFO - Processing file /home/airflow/.local/lib/python3.7/site-packages/airflow/example_dags/tutorial_taskflow_api_etl.py for tasks to queue
[2021-12-14 13:23:34,194] {logging_mixin.py:109} INFO - [2021-12-14 13:23:34,194] {dagbag.py:500} INFO - Filling up the DagBag from /home/airflow/.local/lib/python3.7/site-packages/airflow/example_dags/tutorial_taskflow_api_etl.py
[2021-12-14 13:23:34,227] {processor.py:637} INFO - DAG(s) dict_keys(['tutorial_taskflow_api_etl']) retrieved from /home/airflow/.local/lib/python3.7/site-packages/airflow/example_dags/tutorial_taskflow_api_etl.py
[2021-12-14 13:23:34,408] {logging_mixin.py:109} INFO - [2021-12-14 13:23:34,407] {dag.py:2396} INFO - Sync 1 DAGs
[2021-12-14 13:23:34,421] {logging_mixin.py:109} INFO - [2021-12-14 13:23:34,421] {dag.py:2928} INFO - Setting next_dagrun for tutorial_taskflow_api_etl to None
[2021-12-14 13:23:34,431] {processor.py:171} INFO - Processing /home/airflow/.local/lib/python3.7/site-packages/airflow/example_dags/tutorial_taskflow_api_etl.py took 0.244 seconds
[2021-12-14 13:24:05,092] {processor.py:163} INFO - Started process (PID=3146) to work on /home/airflow/.local/lib/python3.7/site-packages/airflow/example_dags/tutorial_taskflow_api_etl.py
[2021-12-14 13:24:05,093] {processor.py:625} INFO - Processing file /home/airflow/.local/lib/python3.7/site-packages/airflow/example_dags/tutorial_taskflow_api_etl.py for tasks to queue
[2021-12-14 13:24:05,094] {logging_mixin.py:109} INFO - [2021-12-14 13:24:05,094] {dagbag.py:500} INFO - Filling up the DagBag from /home/airflow/.local/lib/python3.7/site-packages/airflow/example_dags/tutorial_taskflow_api_etl.py
[2021-12-14 13:24:05,126] {processor.py:637} INFO - DAG(s) dict_keys(['tutorial_taskflow_api_etl']) retrieved from /home/airflow/.local/lib/python3.7/site-packages/airflow/example_dags/tutorial_taskflow_api_etl.py
[2021-12-14 13:24:05,322] {logging_mixin.py:109} INFO - [2021-12-14 13:24:05,322] {dag.py:2396} INFO - Sync 1 DAGs
[2021-12-14 13:24:05,338] {logging_mixin.py:109} INFO - [2021-12-14 13:24:05,338] {dag.py:2928} INFO - Setting next_dagrun for tutorial_taskflow_api_etl to None
[2021-12-14 13:24:05,350] {processor.py:171} INFO - Processing /home/airflow/.local/lib/python3.7/site-packages/airflow/example_dags/tutorial_taskflow_api_etl.py took 0.261 seconds
[2021-12-14 13:24:35,843] {processor.py:163} INFO - Started process (PID=3209) to work on /home/airflow/.local/lib/python3.7/site-packages/airflow/example_dags/tutorial_taskflow_api_etl.py
[2021-12-14 13:24:35,844] {processor.py:625} INFO - Processing file /home/airflow/.local/lib/python3.7/site-packages/airflow/example_dags/tutorial_taskflow_api_etl.py for tasks to queue
[2021-12-14 13:24:35,845] {logging_mixin.py:109} INFO - [2021-12-14 13:24:35,845] {dagbag.py:500} INFO - Filling up the DagBag from /home/airflow/.local/lib/python3.7/site-packages/airflow/example_dags/tutorial_taskflow_api_etl.py
[2021-12-14 13:24:35,869] {processor.py:637} INFO - DAG(s) dict_keys(['tutorial_taskflow_api_etl']) retrieved from /home/airflow/.local/lib/python3.7/site-packages/airflow/example_dags/tutorial_taskflow_api_etl.py
[2021-12-14 13:24:36,038] {logging_mixin.py:109} INFO - [2021-12-14 13:24:36,037] {dag.py:2396} INFO - Sync 1 DAGs
[2021-12-14 13:24:36,050] {logging_mixin.py:109} INFO - [2021-12-14 13:24:36,050] {dag.py:2928} INFO - Setting next_dagrun for tutorial_taskflow_api_etl to None
[2021-12-14 13:24:36,060] {processor.py:171} INFO - Processing /home/airflow/.local/lib/python3.7/site-packages/airflow/example_dags/tutorial_taskflow_api_etl.py took 0.220 seconds
[2021-12-14 13:25:06,362] {processor.py:163} INFO - Started process (PID=3272) to work on /home/airflow/.local/lib/python3.7/site-packages/airflow/example_dags/tutorial_taskflow_api_etl.py
[2021-12-14 13:25:06,363] {processor.py:625} INFO - Processing file /home/airflow/.local/lib/python3.7/site-packages/airflow/example_dags/tutorial_taskflow_api_etl.py for tasks to queue
[2021-12-14 13:25:06,364] {logging_mixin.py:109} INFO - [2021-12-14 13:25:06,364] {dagbag.py:500} INFO - Filling up the DagBag from /home/airflow/.local/lib/python3.7/site-packages/airflow/example_dags/tutorial_taskflow_api_etl.py
[2021-12-14 13:25:06,390] {processor.py:637} INFO - DAG(s) dict_keys(['tutorial_taskflow_api_etl']) retrieved from /home/airflow/.local/lib/python3.7/site-packages/airflow/example_dags/tutorial_taskflow_api_etl.py
[2021-12-14 13:25:06,576] {logging_mixin.py:109} INFO - [2021-12-14 13:25:06,576] {dag.py:2396} INFO - Sync 1 DAGs
[2021-12-14 13:25:06,589] {logging_mixin.py:109} INFO - [2021-12-14 13:25:06,589] {dag.py:2928} INFO - Setting next_dagrun for tutorial_taskflow_api_etl to None
[2021-12-14 13:25:06,601] {processor.py:171} INFO - Processing /home/airflow/.local/lib/python3.7/site-packages/airflow/example_dags/tutorial_taskflow_api_etl.py took 0.242 seconds
[2021-12-14 13:25:36,770] {processor.py:163} INFO - Started process (PID=3344) to work on /home/airflow/.local/lib/python3.7/site-packages/airflow/example_dags/tutorial_taskflow_api_etl.py
[2021-12-14 13:25:36,771] {processor.py:625} INFO - Processing file /home/airflow/.local/lib/python3.7/site-packages/airflow/example_dags/tutorial_taskflow_api_etl.py for tasks to queue
[2021-12-14 13:25:36,772] {logging_mixin.py:109} INFO - [2021-12-14 13:25:36,772] {dagbag.py:500} INFO - Filling up the DagBag from /home/airflow/.local/lib/python3.7/site-packages/airflow/example_dags/tutorial_taskflow_api_etl.py
[2021-12-14 13:25:36,797] {processor.py:637} INFO - DAG(s) dict_keys(['tutorial_taskflow_api_etl']) retrieved from /home/airflow/.local/lib/python3.7/site-packages/airflow/example_dags/tutorial_taskflow_api_etl.py
[2021-12-14 13:25:36,966] {logging_mixin.py:109} INFO - [2021-12-14 13:25:36,966] {dag.py:2396} INFO - Sync 1 DAGs
[2021-12-14 13:25:36,978] {logging_mixin.py:109} INFO - [2021-12-14 13:25:36,978] {dag.py:2928} INFO - Setting next_dagrun for tutorial_taskflow_api_etl to None
[2021-12-14 13:25:36,989] {processor.py:171} INFO - Processing /home/airflow/.local/lib/python3.7/site-packages/airflow/example_dags/tutorial_taskflow_api_etl.py took 0.222 seconds
[2021-12-14 13:26:09,143] {processor.py:163} INFO - Started process (PID=3407) to work on /home/airflow/.local/lib/python3.7/site-packages/airflow/example_dags/tutorial_taskflow_api_etl.py
[2021-12-14 13:26:09,146] {processor.py:625} INFO - Processing file /home/airflow/.local/lib/python3.7/site-packages/airflow/example_dags/tutorial_taskflow_api_etl.py for tasks to queue
[2021-12-14 13:26:09,148] {logging_mixin.py:109} INFO - [2021-12-14 13:26:09,147] {dagbag.py:500} INFO - Filling up the DagBag from /home/airflow/.local/lib/python3.7/site-packages/airflow/example_dags/tutorial_taskflow_api_etl.py
[2021-12-14 13:26:09,247] {processor.py:637} INFO - DAG(s) dict_keys(['tutorial_taskflow_api_etl']) retrieved from /home/airflow/.local/lib/python3.7/site-packages/airflow/example_dags/tutorial_taskflow_api_etl.py
[2021-12-14 13:26:10,046] {logging_mixin.py:109} INFO - [2021-12-14 13:26:10,046] {dag.py:2396} INFO - Sync 1 DAGs
[2021-12-14 13:26:10,113] {logging_mixin.py:109} INFO - [2021-12-14 13:26:10,113] {dag.py:2928} INFO - Setting next_dagrun for tutorial_taskflow_api_etl to None
[2021-12-14 13:26:10,175] {processor.py:171} INFO - Processing /home/airflow/.local/lib/python3.7/site-packages/airflow/example_dags/tutorial_taskflow_api_etl.py took 1.043 seconds
[2021-12-14 16:05:07,392] {processor.py:163} INFO - Started process (PID=61) to work on /home/airflow/.local/lib/python3.7/site-packages/airflow/example_dags/tutorial_taskflow_api_etl.py
[2021-12-14 16:05:07,396] {processor.py:625} INFO - Processing file /home/airflow/.local/lib/python3.7/site-packages/airflow/example_dags/tutorial_taskflow_api_etl.py for tasks to queue
[2021-12-14 16:05:07,398] {logging_mixin.py:109} INFO - [2021-12-14 16:05:07,398] {dagbag.py:500} INFO - Filling up the DagBag from /home/airflow/.local/lib/python3.7/site-packages/airflow/example_dags/tutorial_taskflow_api_etl.py
[2021-12-14 16:05:07,455] {processor.py:637} INFO - DAG(s) dict_keys(['tutorial_taskflow_api_etl']) retrieved from /home/airflow/.local/lib/python3.7/site-packages/airflow/example_dags/tutorial_taskflow_api_etl.py
[2021-12-14 16:05:08,237] {logging_mixin.py:109} INFO - [2021-12-14 16:05:08,237] {dag.py:2396} INFO - Sync 1 DAGs
[2021-12-14 16:05:08,307] {logging_mixin.py:109} INFO - [2021-12-14 16:05:08,307] {dag.py:2928} INFO - Setting next_dagrun for tutorial_taskflow_api_etl to None
[2021-12-14 16:05:08,351] {processor.py:171} INFO - Processing /home/airflow/.local/lib/python3.7/site-packages/airflow/example_dags/tutorial_taskflow_api_etl.py took 0.964 seconds
[2021-12-14 16:05:38,752] {processor.py:163} INFO - Started process (PID=115) to work on /home/airflow/.local/lib/python3.7/site-packages/airflow/example_dags/tutorial_taskflow_api_etl.py
[2021-12-14 16:05:38,779] {processor.py:625} INFO - Processing file /home/airflow/.local/lib/python3.7/site-packages/airflow/example_dags/tutorial_taskflow_api_etl.py for tasks to queue
[2021-12-14 16:05:38,809] {logging_mixin.py:109} INFO - [2021-12-14 16:05:38,809] {dagbag.py:500} INFO - Filling up the DagBag from /home/airflow/.local/lib/python3.7/site-packages/airflow/example_dags/tutorial_taskflow_api_etl.py
[2021-12-14 16:05:38,923] {processor.py:637} INFO - DAG(s) dict_keys(['tutorial_taskflow_api_etl']) retrieved from /home/airflow/.local/lib/python3.7/site-packages/airflow/example_dags/tutorial_taskflow_api_etl.py
[2021-12-14 16:05:40,202] {logging_mixin.py:109} INFO - [2021-12-14 16:05:40,202] {dag.py:2396} INFO - Sync 1 DAGs
[2021-12-14 16:05:40,590] {logging_mixin.py:109} INFO - [2021-12-14 16:05:40,590] {dag.py:2928} INFO - Setting next_dagrun for tutorial_taskflow_api_etl to None
[2021-12-14 16:05:40,646] {processor.py:171} INFO - Processing /home/airflow/.local/lib/python3.7/site-packages/airflow/example_dags/tutorial_taskflow_api_etl.py took 1.899 seconds
[2021-12-14 16:06:23,326] {processor.py:163} INFO - Started process (PID=168) to work on /home/airflow/.local/lib/python3.7/site-packages/airflow/example_dags/tutorial_taskflow_api_etl.py
[2021-12-14 16:06:23,329] {processor.py:625} INFO - Processing file /home/airflow/.local/lib/python3.7/site-packages/airflow/example_dags/tutorial_taskflow_api_etl.py for tasks to queue
[2021-12-14 16:06:23,331] {logging_mixin.py:109} INFO - [2021-12-14 16:06:23,331] {dagbag.py:500} INFO - Filling up the DagBag from /home/airflow/.local/lib/python3.7/site-packages/airflow/example_dags/tutorial_taskflow_api_etl.py
[2021-12-14 16:06:23,408] {processor.py:637} INFO - DAG(s) dict_keys(['tutorial_taskflow_api_etl']) retrieved from /home/airflow/.local/lib/python3.7/site-packages/airflow/example_dags/tutorial_taskflow_api_etl.py
[2021-12-14 16:06:24,319] {logging_mixin.py:109} INFO - [2021-12-14 16:06:24,319] {dag.py:2396} INFO - Sync 1 DAGs
[2021-12-14 16:06:24,364] {logging_mixin.py:109} INFO - [2021-12-14 16:06:24,364] {dag.py:2928} INFO - Setting next_dagrun for tutorial_taskflow_api_etl to None
[2021-12-14 16:06:24,399] {processor.py:171} INFO - Processing /home/airflow/.local/lib/python3.7/site-packages/airflow/example_dags/tutorial_taskflow_api_etl.py took 1.081 seconds
[2021-12-14 16:06:55,051] {processor.py:163} INFO - Started process (PID=220) to work on /home/airflow/.local/lib/python3.7/site-packages/airflow/example_dags/tutorial_taskflow_api_etl.py
[2021-12-14 16:06:55,056] {processor.py:625} INFO - Processing file /home/airflow/.local/lib/python3.7/site-packages/airflow/example_dags/tutorial_taskflow_api_etl.py for tasks to queue
[2021-12-14 16:06:55,059] {logging_mixin.py:109} INFO - [2021-12-14 16:06:55,059] {dagbag.py:500} INFO - Filling up the DagBag from /home/airflow/.local/lib/python3.7/site-packages/airflow/example_dags/tutorial_taskflow_api_etl.py
[2021-12-14 16:06:55,200] {processor.py:637} INFO - DAG(s) dict_keys(['tutorial_taskflow_api_etl']) retrieved from /home/airflow/.local/lib/python3.7/site-packages/airflow/example_dags/tutorial_taskflow_api_etl.py
