[2021-12-09 13:22:29,931] {taskinstance.py:1035} INFO - Dependencies all met for <TaskInstance: cpp_workflow.check_printCycleFile manual__2021-12-09T13:22:25.696338+00:00 [queued]>
[2021-12-09 13:22:29,947] {taskinstance.py:1035} INFO - Dependencies all met for <TaskInstance: cpp_workflow.check_printCycleFile manual__2021-12-09T13:22:25.696338+00:00 [queued]>
[2021-12-09 13:22:29,947] {taskinstance.py:1241} INFO - 
--------------------------------------------------------------------------------
[2021-12-09 13:22:29,948] {taskinstance.py:1242} INFO - Starting attempt 1 of 3
[2021-12-09 13:22:29,948] {taskinstance.py:1243} INFO - 
--------------------------------------------------------------------------------
[2021-12-09 13:22:29,970] {taskinstance.py:1262} INFO - Executing <Task(BashOperator): check_printCycleFile> on 2021-12-09 13:22:25.696338+00:00
[2021-12-09 13:22:29,978] {standard_task_runner.py:52} INFO - Started process 239 to run task
[2021-12-09 13:22:29,989] {standard_task_runner.py:76} INFO - Running: ['***', 'tasks', 'run', 'cpp_workflow', 'check_printCycleFile', 'manual__2021-12-09T13:22:25.696338+00:00', '--job-id', '786', '--raw', '--subdir', 'DAGS_FOLDER/first_dag.py', '--cfg-path', '/tmp/tmp05af0jcb', '--error-file', '/tmp/tmpnn4x094o']
[2021-12-09 13:22:29,991] {standard_task_runner.py:77} INFO - Job 786: Subtask check_printCycleFile
[2021-12-09 13:22:30,066] {logging_mixin.py:109} INFO - Running <TaskInstance: cpp_workflow.check_printCycleFile manual__2021-12-09T13:22:25.696338+00:00 [running]> on host 37db090f9774
[2021-12-09 13:22:30,174] {taskinstance.py:1429} INFO - Exporting the following env vars:
AIRFLOW_CTX_DAG_OWNER=***
AIRFLOW_CTX_DAG_ID=cpp_workflow
AIRFLOW_CTX_TASK_ID=check_printCycleFile
AIRFLOW_CTX_EXECUTION_DATE=2021-12-09T13:22:25.696338+00:00
AIRFLOW_CTX_DAG_RUN_ID=manual__2021-12-09T13:22:25.696338+00:00
[2021-12-09 13:22:30,182] {subprocess.py:62} INFO - Tmp dir root location: 
 /tmp
[2021-12-09 13:22:30,186] {subprocess.py:74} INFO - Running command: ['bash', '-c', 'sha256sum /opt/***/official_data/PrintCycle.csv']
[2021-12-09 13:22:30,224] {subprocess.py:85} INFO - Output:
[2021-12-09 13:22:30,247] {subprocess.py:89} INFO - 78858cc4f604ffaf035d224054c7add9dd3d581b3895ebe52793396fb8556b0e  /opt/***/official_data/PrintCycle.csv
[2021-12-09 13:22:30,248] {subprocess.py:93} INFO - Command exited with return code 0
[2021-12-09 13:22:30,308] {taskinstance.py:1280} INFO - Marking task as SUCCESS. dag_id=cpp_workflow, task_id=check_printCycleFile, execution_date=20211209T132225, start_date=20211209T132229, end_date=20211209T132230
[2021-12-09 13:22:30,405] {local_task_job.py:154} INFO - Task exited with return code 0
[2021-12-09 13:22:30,496] {local_task_job.py:264} INFO - 0 downstream tasks scheduled from follow-on schedule check
