[2022-01-10 13:33:43,547] {taskinstance.py:1035} INFO - Dependencies all met for <TaskInstance: cpp_workflow.pre_process_media_prepare manual__2022-01-10T13:33:36.639179+00:00 [queued]>
[2022-01-10 13:33:43,580] {taskinstance.py:1035} INFO - Dependencies all met for <TaskInstance: cpp_workflow.pre_process_media_prepare manual__2022-01-10T13:33:36.639179+00:00 [queued]>
[2022-01-10 13:33:43,582] {taskinstance.py:1241} INFO - 
--------------------------------------------------------------------------------
[2022-01-10 13:33:43,582] {taskinstance.py:1242} INFO - Starting attempt 1 of 1
[2022-01-10 13:33:43,583] {taskinstance.py:1243} INFO - 
--------------------------------------------------------------------------------
[2022-01-10 13:33:43,622] {taskinstance.py:1262} INFO - Executing <Task(PythonOperator): pre_process_media_prepare> on 2022-01-10 13:33:36.639179+00:00
[2022-01-10 13:33:43,640] {standard_task_runner.py:52} INFO - Started process 1854 to run task
[2022-01-10 13:33:43,649] {standard_task_runner.py:76} INFO - Running: ['***', 'tasks', 'run', 'cpp_workflow', 'pre_process_media_prepare', 'manual__2022-01-10T13:33:36.639179+00:00', '--job-id', '2598', '--raw', '--subdir', 'DAGS_FOLDER/first_dag.py', '--cfg-path', '/tmp/tmpe2j1tspo', '--error-file', '/tmp/tmpob7srh3j']
[2022-01-10 13:33:43,651] {standard_task_runner.py:77} INFO - Job 2598: Subtask pre_process_media_prepare
[2022-01-10 13:33:43,782] {logging_mixin.py:109} INFO - Running <TaskInstance: cpp_workflow.pre_process_media_prepare manual__2022-01-10T13:33:36.639179+00:00 [running]> on host 218df5ddc363
[2022-01-10 13:33:43,902] {taskinstance.py:1429} INFO - Exporting the following env vars:
AIRFLOW_CTX_DAG_OWNER=***
AIRFLOW_CTX_DAG_ID=cpp_workflow
AIRFLOW_CTX_TASK_ID=pre_process_media_prepare
AIRFLOW_CTX_EXECUTION_DATE=2022-01-10T13:33:36.639179+00:00
AIRFLOW_CTX_DAG_RUN_ID=manual__2022-01-10T13:33:36.639179+00:00
[2022-01-10 13:33:43,906] {python.py:152} INFO - Done. Returned value was: None
[2022-01-10 13:33:43,933] {taskinstance.py:1280} INFO - Marking task as SUCCESS. dag_id=cpp_workflow, task_id=pre_process_media_prepare, execution_date=20220110T133336, start_date=20220110T133343, end_date=20220110T133343
[2022-01-10 13:33:43,980] {local_task_job.py:154} INFO - Task exited with return code 0
[2022-01-10 13:33:44,142] {local_task_job.py:264} INFO - 1 downstream tasks scheduled from follow-on schedule check
