[2021-12-30 00:00:34,896] {taskinstance.py:1035} INFO - Dependencies all met for <TaskInstance: cpp_workflow.refactor_process_image scheduled__2021-12-29T00:00:00+00:00 [queued]>
[2021-12-30 00:00:34,915] {taskinstance.py:1035} INFO - Dependencies all met for <TaskInstance: cpp_workflow.refactor_process_image scheduled__2021-12-29T00:00:00+00:00 [queued]>
[2021-12-30 00:00:34,916] {taskinstance.py:1241} INFO - 
--------------------------------------------------------------------------------
[2021-12-30 00:00:34,916] {taskinstance.py:1242} INFO - Starting attempt 1 of 1
[2021-12-30 00:00:34,917] {taskinstance.py:1243} INFO - 
--------------------------------------------------------------------------------
[2021-12-30 00:00:34,938] {taskinstance.py:1262} INFO - Executing <Task(PythonOperator): refactor_process_image> on 2021-12-29 00:00:00+00:00
[2021-12-30 00:00:34,946] {standard_task_runner.py:52} INFO - Started process 16069 to run task
[2021-12-30 00:00:34,960] {standard_task_runner.py:76} INFO - Running: ['***', 'tasks', 'run', 'cpp_workflow', 'refactor_process_image', 'scheduled__2021-12-29T00:00:00+00:00', '--job-id', '1766', '--raw', '--subdir', 'DAGS_FOLDER/first_dag.py', '--cfg-path', '/tmp/tmp8raw34g2', '--error-file', '/tmp/tmpe7q8ucta']
[2021-12-30 00:00:34,962] {standard_task_runner.py:77} INFO - Job 1766: Subtask refactor_process_image
[2021-12-30 00:00:35,060] {logging_mixin.py:109} INFO - Running <TaskInstance: cpp_workflow.refactor_process_image scheduled__2021-12-29T00:00:00+00:00 [running]> on host 218df5ddc363
[2021-12-30 00:00:35,141] {taskinstance.py:1429} INFO - Exporting the following env vars:
AIRFLOW_CTX_DAG_OWNER=***
AIRFLOW_CTX_DAG_ID=cpp_workflow
AIRFLOW_CTX_TASK_ID=refactor_process_image
AIRFLOW_CTX_EXECUTION_DATE=2021-12-29T00:00:00+00:00
AIRFLOW_CTX_DAG_RUN_ID=scheduled__2021-12-29T00:00:00+00:00
[2021-12-30 00:00:35,143] {python.py:152} INFO - Done. Returned value was: None
[2021-12-30 00:00:35,162] {taskinstance.py:1280} INFO - Marking task as SUCCESS. dag_id=cpp_workflow, task_id=refactor_process_image, execution_date=20211229T000000, start_date=20211230T000034, end_date=20211230T000035
[2021-12-30 00:00:35,214] {local_task_job.py:154} INFO - Task exited with return code 0
[2021-12-30 00:00:35,406] {local_task_job.py:264} INFO - 1 downstream tasks scheduled from follow-on schedule check
