[2022-01-02 23:40:33,420] {taskinstance.py:1035} INFO - Dependencies all met for <TaskInstance: cpp_workflow.pre_process_image manual__2022-01-02T23:39:57.492405+00:00 [queued]>
[2022-01-02 23:40:33,435] {taskinstance.py:1035} INFO - Dependencies all met for <TaskInstance: cpp_workflow.pre_process_image manual__2022-01-02T23:39:57.492405+00:00 [queued]>
[2022-01-02 23:40:33,435] {taskinstance.py:1241} INFO - 
--------------------------------------------------------------------------------
[2022-01-02 23:40:33,436] {taskinstance.py:1242} INFO - Starting attempt 1 of 1
[2022-01-02 23:40:33,436] {taskinstance.py:1243} INFO - 
--------------------------------------------------------------------------------
[2022-01-02 23:40:33,467] {taskinstance.py:1262} INFO - Executing <Task(PythonOperator): pre_process_image> on 2022-01-02 23:39:57.492405+00:00
[2022-01-02 23:40:33,475] {standard_task_runner.py:52} INFO - Started process 356 to run task
[2022-01-02 23:40:33,479] {standard_task_runner.py:76} INFO - Running: ['***', 'tasks', 'run', 'cpp_workflow', 'pre_process_image', 'manual__2022-01-02T23:39:57.492405+00:00', '--job-id', '1884', '--raw', '--subdir', 'DAGS_FOLDER/first_dag.py', '--cfg-path', '/tmp/tmp67lo6d4g', '--error-file', '/tmp/tmp6f8p63mz']
[2022-01-02 23:40:33,481] {standard_task_runner.py:77} INFO - Job 1884: Subtask pre_process_image
[2022-01-02 23:40:33,530] {logging_mixin.py:109} INFO - Running <TaskInstance: cpp_workflow.pre_process_image manual__2022-01-02T23:39:57.492405+00:00 [running]> on host 218df5ddc363
[2022-01-02 23:40:33,596] {taskinstance.py:1429} INFO - Exporting the following env vars:
AIRFLOW_CTX_DAG_OWNER=***
AIRFLOW_CTX_DAG_ID=cpp_workflow
AIRFLOW_CTX_TASK_ID=pre_process_image
AIRFLOW_CTX_EXECUTION_DATE=2022-01-02T23:39:57.492405+00:00
AIRFLOW_CTX_DAG_RUN_ID=manual__2022-01-02T23:39:57.492405+00:00
[2022-01-02 23:40:33,600] {python.py:152} INFO - Done. Returned value was: None
[2022-01-02 23:40:33,618] {taskinstance.py:1280} INFO - Marking task as SUCCESS. dag_id=cpp_workflow, task_id=pre_process_image, execution_date=20220102T233957, start_date=20220102T234033, end_date=20220102T234033
[2022-01-02 23:40:33,652] {local_task_job.py:154} INFO - Task exited with return code 0
[2022-01-02 23:40:33,709] {local_task_job.py:264} INFO - 1 downstream tasks scheduled from follow-on schedule check
