[2022-01-03 00:26:49,822] {taskinstance.py:1035} INFO - Dependencies all met for <TaskInstance: cpp_workflow.col_process_print_cycle manual__2022-01-03T00:26:13.208871+00:00 [queued]>
[2022-01-03 00:26:49,840] {taskinstance.py:1035} INFO - Dependencies all met for <TaskInstance: cpp_workflow.col_process_print_cycle manual__2022-01-03T00:26:13.208871+00:00 [queued]>
[2022-01-03 00:26:49,841] {taskinstance.py:1241} INFO - 
--------------------------------------------------------------------------------
[2022-01-03 00:26:49,841] {taskinstance.py:1242} INFO - Starting attempt 1 of 1
[2022-01-03 00:26:49,842] {taskinstance.py:1243} INFO - 
--------------------------------------------------------------------------------
[2022-01-03 00:26:49,858] {taskinstance.py:1262} INFO - Executing <Task(PythonOperator): col_process_print_cycle> on 2022-01-03 00:26:13.208871+00:00
[2022-01-03 00:26:49,863] {standard_task_runner.py:52} INFO - Started process 2585 to run task
[2022-01-03 00:26:49,868] {standard_task_runner.py:76} INFO - Running: ['***', 'tasks', 'run', 'cpp_workflow', 'col_process_print_cycle', 'manual__2022-01-03T00:26:13.208871+00:00', '--job-id', '1981', '--raw', '--subdir', 'DAGS_FOLDER/first_dag.py', '--cfg-path', '/tmp/tmpkszt2ctk', '--error-file', '/tmp/tmpilwcj1qe']
[2022-01-03 00:26:49,869] {standard_task_runner.py:77} INFO - Job 1981: Subtask col_process_print_cycle
[2022-01-03 00:26:49,921] {logging_mixin.py:109} INFO - Running <TaskInstance: cpp_workflow.col_process_print_cycle manual__2022-01-03T00:26:13.208871+00:00 [running]> on host 218df5ddc363
[2022-01-03 00:26:49,976] {taskinstance.py:1429} INFO - Exporting the following env vars:
AIRFLOW_CTX_DAG_OWNER=***
AIRFLOW_CTX_DAG_ID=cpp_workflow
AIRFLOW_CTX_TASK_ID=col_process_print_cycle
AIRFLOW_CTX_EXECUTION_DATE=2022-01-03T00:26:13.208871+00:00
AIRFLOW_CTX_DAG_RUN_ID=manual__2022-01-03T00:26:13.208871+00:00
[2022-01-03 00:26:49,978] {python.py:152} INFO - Done. Returned value was: None
[2022-01-03 00:26:50,000] {taskinstance.py:1280} INFO - Marking task as SUCCESS. dag_id=cpp_workflow, task_id=col_process_print_cycle, execution_date=20220103T002613, start_date=20220103T002649, end_date=20220103T002650
[2022-01-03 00:26:50,041] {local_task_job.py:154} INFO - Task exited with return code 0
[2022-01-03 00:26:50,108] {local_task_job.py:264} INFO - 1 downstream tasks scheduled from follow-on schedule check
