[2022-01-10 13:33:53,021] {taskinstance.py:1035} INFO - Dependencies all met for <TaskInstance: cpp_workflow.refactor_process_media_prepare manual__2022-01-10T13:33:36.639179+00:00 [queued]>
[2022-01-10 13:33:53,070] {taskinstance.py:1035} INFO - Dependencies all met for <TaskInstance: cpp_workflow.refactor_process_media_prepare manual__2022-01-10T13:33:36.639179+00:00 [queued]>
[2022-01-10 13:33:53,071] {taskinstance.py:1241} INFO - 
--------------------------------------------------------------------------------
[2022-01-10 13:33:53,072] {taskinstance.py:1242} INFO - Starting attempt 1 of 1
[2022-01-10 13:33:53,075] {taskinstance.py:1243} INFO - 
--------------------------------------------------------------------------------
[2022-01-10 13:33:53,151] {taskinstance.py:1262} INFO - Executing <Task(PythonOperator): refactor_process_media_prepare> on 2022-01-10 13:33:36.639179+00:00
[2022-01-10 13:33:53,173] {standard_task_runner.py:52} INFO - Started process 1872 to run task
[2022-01-10 13:33:53,184] {standard_task_runner.py:76} INFO - Running: ['***', 'tasks', 'run', 'cpp_workflow', 'refactor_process_media_prepare', 'manual__2022-01-10T13:33:36.639179+00:00', '--job-id', '2605', '--raw', '--subdir', 'DAGS_FOLDER/first_dag.py', '--cfg-path', '/tmp/tmpsbchmevd', '--error-file', '/tmp/tmpb6fam6rn']
[2022-01-10 13:33:53,190] {standard_task_runner.py:77} INFO - Job 2605: Subtask refactor_process_media_prepare
[2022-01-10 13:33:53,368] {logging_mixin.py:109} INFO - Running <TaskInstance: cpp_workflow.refactor_process_media_prepare manual__2022-01-10T13:33:36.639179+00:00 [running]> on host 218df5ddc363
[2022-01-10 13:33:53,607] {taskinstance.py:1429} INFO - Exporting the following env vars:
AIRFLOW_CTX_DAG_OWNER=***
AIRFLOW_CTX_DAG_ID=cpp_workflow
AIRFLOW_CTX_TASK_ID=refactor_process_media_prepare
AIRFLOW_CTX_EXECUTION_DATE=2022-01-10T13:33:36.639179+00:00
AIRFLOW_CTX_DAG_RUN_ID=manual__2022-01-10T13:33:36.639179+00:00
[2022-01-10 13:33:53,611] {python.py:152} INFO - Done. Returned value was: None
[2022-01-10 13:33:53,668] {taskinstance.py:1280} INFO - Marking task as SUCCESS. dag_id=cpp_workflow, task_id=refactor_process_media_prepare, execution_date=20220110T133336, start_date=20220110T133353, end_date=20220110T133353
[2022-01-10 13:33:53,782] {local_task_job.py:154} INFO - Task exited with return code 0
[2022-01-10 13:33:53,901] {local_task_job.py:264} INFO - 1 downstream tasks scheduled from follow-on schedule check
