[2022-01-06 15:03:32,430] {taskinstance.py:1035} INFO - Dependencies all met for <TaskInstance: cpp_workflow.update_processed_files_media_prepare scheduled__2022-01-03T00:00:00+00:00 [queued]>
[2022-01-06 15:03:32,505] {taskinstance.py:1035} INFO - Dependencies all met for <TaskInstance: cpp_workflow.update_processed_files_media_prepare scheduled__2022-01-03T00:00:00+00:00 [queued]>
[2022-01-06 15:03:32,506] {taskinstance.py:1241} INFO - 
--------------------------------------------------------------------------------
[2022-01-06 15:03:32,511] {taskinstance.py:1242} INFO - Starting attempt 1 of 1
[2022-01-06 15:03:32,518] {taskinstance.py:1243} INFO - 
--------------------------------------------------------------------------------
[2022-01-06 15:03:32,638] {taskinstance.py:1262} INFO - Executing <Task(PythonOperator): update_processed_files_media_prepare> on 2022-01-03 00:00:00+00:00
[2022-01-06 15:03:32,709] {standard_task_runner.py:52} INFO - Started process 230 to run task
[2022-01-06 15:03:32,733] {standard_task_runner.py:76} INFO - Running: ['***', 'tasks', 'run', 'cpp_workflow', 'update_processed_files_media_prepare', 'scheduled__2022-01-03T00:00:00+00:00', '--job-id', '2473', '--raw', '--subdir', 'DAGS_FOLDER/first_dag.py', '--cfg-path', '/tmp/tmpmdcbj5ac', '--error-file', '/tmp/tmph91v0mhg']
[2022-01-06 15:03:32,772] {standard_task_runner.py:77} INFO - Job 2473: Subtask update_processed_files_media_prepare
[2022-01-06 15:03:33,001] {logging_mixin.py:109} INFO - Running <TaskInstance: cpp_workflow.update_processed_files_media_prepare scheduled__2022-01-03T00:00:00+00:00 [running]> on host 218df5ddc363
[2022-01-06 15:03:33,518] {taskinstance.py:1429} INFO - Exporting the following env vars:
AIRFLOW_CTX_DAG_OWNER=***
AIRFLOW_CTX_DAG_ID=cpp_workflow
AIRFLOW_CTX_TASK_ID=update_processed_files_media_prepare
AIRFLOW_CTX_EXECUTION_DATE=2022-01-03T00:00:00+00:00
AIRFLOW_CTX_DAG_RUN_ID=scheduled__2022-01-03T00:00:00+00:00
[2022-01-06 15:03:33,635] {python.py:152} INFO - Done. Returned value was: None
[2022-01-06 15:03:33,687] {taskinstance.py:1280} INFO - Marking task as SUCCESS. dag_id=cpp_workflow, task_id=update_processed_files_media_prepare, execution_date=20220103T000000, start_date=20220106T150332, end_date=20220106T150333
[2022-01-06 15:03:33,767] {local_task_job.py:154} INFO - Task exited with return code 0
[2022-01-06 15:03:34,108] {local_task_job.py:264} INFO - 0 downstream tasks scheduled from follow-on schedule check
