[2021-12-29 23:19:02,072] {taskinstance.py:1035} INFO - Dependencies all met for <TaskInstance: cpp_workflow.check_file_changes manual__2021-12-29T23:19:00.392707+00:00 [queued]>
[2021-12-29 23:19:02,084] {taskinstance.py:1035} INFO - Dependencies all met for <TaskInstance: cpp_workflow.check_file_changes manual__2021-12-29T23:19:00.392707+00:00 [queued]>
[2021-12-29 23:19:02,085] {taskinstance.py:1241} INFO - 
--------------------------------------------------------------------------------
[2021-12-29 23:19:02,086] {taskinstance.py:1242} INFO - Starting attempt 1 of 1
[2021-12-29 23:19:02,086] {taskinstance.py:1243} INFO - 
--------------------------------------------------------------------------------
[2021-12-29 23:19:02,099] {taskinstance.py:1262} INFO - Executing <Task(PythonOperator): check_file_changes> on 2021-12-29 23:19:00.392707+00:00
[2021-12-29 23:19:02,105] {standard_task_runner.py:52} INFO - Started process 13925 to run task
[2021-12-29 23:19:02,109] {standard_task_runner.py:76} INFO - Running: ['***', 'tasks', 'run', 'cpp_workflow', 'check_file_changes', 'manual__2021-12-29T23:19:00.392707+00:00', '--job-id', '1649', '--raw', '--subdir', 'DAGS_FOLDER/first_dag.py', '--cfg-path', '/tmp/tmp6t8q543h', '--error-file', '/tmp/tmp57nvz5hl']
[2021-12-29 23:19:02,110] {standard_task_runner.py:77} INFO - Job 1649: Subtask check_file_changes
[2021-12-29 23:19:02,161] {logging_mixin.py:109} INFO - Running <TaskInstance: cpp_workflow.check_file_changes manual__2021-12-29T23:19:00.392707+00:00 [running]> on host 218df5ddc363
[2021-12-29 23:19:02,236] {taskinstance.py:1429} INFO - Exporting the following env vars:
AIRFLOW_CTX_DAG_OWNER=***
AIRFLOW_CTX_DAG_ID=cpp_workflow
AIRFLOW_CTX_TASK_ID=check_file_changes
AIRFLOW_CTX_EXECUTION_DATE=2021-12-29T23:19:00.392707+00:00
AIRFLOW_CTX_DAG_RUN_ID=manual__2021-12-29T23:19:00.392707+00:00
[2021-12-29 23:19:28,706] {python.py:152} INFO - Done. Returned value was: None
[2021-12-29 23:19:28,719] {taskinstance.py:1280} INFO - Marking task as SUCCESS. dag_id=cpp_workflow, task_id=check_file_changes, execution_date=20211229T231900, start_date=20211229T231902, end_date=20211229T231928
[2021-12-29 23:19:28,774] {local_task_job.py:154} INFO - Task exited with return code 0
[2021-12-29 23:19:28,817] {local_task_job.py:264} INFO - 3 downstream tasks scheduled from follow-on schedule check
