[2021-12-08 15:04:05,037] {taskinstance.py:1035} INFO - Dependencies all met for <TaskInstance: cpp_workflow.pre_process scheduled__2021-11-24T00:00:00+00:00 [queued]>
[2021-12-08 15:04:05,094] {taskinstance.py:1035} INFO - Dependencies all met for <TaskInstance: cpp_workflow.pre_process scheduled__2021-11-24T00:00:00+00:00 [queued]>
[2021-12-08 15:04:05,095] {taskinstance.py:1241} INFO - 
--------------------------------------------------------------------------------
[2021-12-08 15:04:05,097] {taskinstance.py:1242} INFO - Starting attempt 1 of 1
[2021-12-08 15:04:05,103] {taskinstance.py:1243} INFO - 
--------------------------------------------------------------------------------
[2021-12-08 15:04:05,143] {taskinstance.py:1262} INFO - Executing <Task(PythonOperator): pre_process> on 2021-11-24 00:00:00+00:00
[2021-12-08 15:04:05,183] {standard_task_runner.py:52} INFO - Started process 1327 to run task
[2021-12-08 15:04:05,225] {standard_task_runner.py:76} INFO - Running: ['***', 'tasks', 'run', 'cpp_workflow', 'pre_process', 'scheduled__2021-11-24T00:00:00+00:00', '--job-id', '429', '--raw', '--subdir', 'DAGS_FOLDER/first_dag.py', '--cfg-path', '/tmp/tmpf_1stqik', '--error-file', '/tmp/tmp532yjhpf']
[2021-12-08 15:04:05,237] {standard_task_runner.py:77} INFO - Job 429: Subtask pre_process
[2021-12-08 15:04:05,398] {logging_mixin.py:109} INFO - Running <TaskInstance: cpp_workflow.pre_process scheduled__2021-11-24T00:00:00+00:00 [running]> on host 8edf9af2b560
[2021-12-08 15:04:05,602] {taskinstance.py:1429} INFO - Exporting the following env vars:
AIRFLOW_CTX_DAG_OWNER=***
AIRFLOW_CTX_DAG_ID=cpp_workflow
AIRFLOW_CTX_TASK_ID=pre_process
AIRFLOW_CTX_EXECUTION_DATE=2021-11-24T00:00:00+00:00
AIRFLOW_CTX_DAG_RUN_ID=scheduled__2021-11-24T00:00:00+00:00
[2021-12-08 15:04:24,758] {warnings.py:110} WARNING - /home/***/.local/lib/python3.7/site-packages/***/operators/python.py:162: DtypeWarning: Columns (0,1,2,3) have mixed types.Specify dtype option on import or set low_memory=False.
  return self.python_callable(*self.op_args, **self.op_kwargs)

[2021-12-08 15:04:25,968] {local_task_job.py:154} INFO - Task exited with return code Negsignal.SIGKILL
[2021-12-08 15:04:26,055] {taskinstance.py:1280} INFO - Marking task as FAILED. dag_id=cpp_workflow, task_id=pre_process, execution_date=20211124T000000, start_date=20211208T150405, end_date=20211208T150426
[2021-12-08 15:04:26,274] {local_task_job.py:264} INFO - 0 downstream tasks scheduled from follow-on schedule check
