[2021-12-13 14:00:48,800] {taskinstance.py:1035} INFO - Dependencies all met for <TaskInstance: cpp_workflow.check_imageFile manual__2021-12-13T14:00:46.788702+00:00 [queued]>
[2021-12-13 14:00:48,844] {taskinstance.py:1035} INFO - Dependencies all met for <TaskInstance: cpp_workflow.check_imageFile manual__2021-12-13T14:00:46.788702+00:00 [queued]>
[2021-12-13 14:00:48,847] {taskinstance.py:1241} INFO - 
--------------------------------------------------------------------------------
[2021-12-13 14:00:48,848] {taskinstance.py:1242} INFO - Starting attempt 1 of 3
[2021-12-13 14:00:48,849] {taskinstance.py:1243} INFO - 
--------------------------------------------------------------------------------
[2021-12-13 14:00:48,903] {taskinstance.py:1262} INFO - Executing <Task(BashOperator): check_imageFile> on 2021-12-13 14:00:46.788702+00:00
[2021-12-13 14:00:48,914] {standard_task_runner.py:52} INFO - Started process 7974 to run task
[2021-12-13 14:00:48,929] {standard_task_runner.py:76} INFO - Running: ['***', 'tasks', 'run', 'cpp_workflow', 'check_imageFile', 'manual__2021-12-13T14:00:46.788702+00:00', '--job-id', '1173', '--raw', '--subdir', 'DAGS_FOLDER/first_dag.py', '--cfg-path', '/tmp/tmpkve06_2g', '--error-file', '/tmp/tmpdixq4phz']
[2021-12-13 14:00:48,933] {standard_task_runner.py:77} INFO - Job 1173: Subtask check_imageFile
[2021-12-13 14:00:49,064] {logging_mixin.py:109} INFO - Running <TaskInstance: cpp_workflow.check_imageFile manual__2021-12-13T14:00:46.788702+00:00 [running]> on host 218df5ddc363
[2021-12-13 14:00:49,319] {taskinstance.py:1429} INFO - Exporting the following env vars:
AIRFLOW_CTX_DAG_OWNER=***
AIRFLOW_CTX_DAG_ID=cpp_workflow
AIRFLOW_CTX_TASK_ID=check_imageFile
AIRFLOW_CTX_EXECUTION_DATE=2021-12-13T14:00:46.788702+00:00
AIRFLOW_CTX_DAG_RUN_ID=manual__2021-12-13T14:00:46.788702+00:00
[2021-12-13 14:00:49,338] {subprocess.py:62} INFO - Tmp dir root location: 
 /tmp
[2021-12-13 14:00:49,348] {subprocess.py:74} INFO - Running command: ['bash', '-c', 'sha256sum /opt/***/official_data/Image.csv']
[2021-12-13 14:00:49,384] {subprocess.py:85} INFO - Output:
[2021-12-13 14:00:49,441] {subprocess.py:89} INFO - e891870a24e5a22c9520c5d417af923366083a3617288cafa3cc18e3fed77b11  /opt/***/official_data/Image.csv
[2021-12-13 14:00:49,443] {subprocess.py:93} INFO - Command exited with return code 0
[2021-12-13 14:00:49,571] {taskinstance.py:1280} INFO - Marking task as SUCCESS. dag_id=cpp_workflow, task_id=check_imageFile, execution_date=20211213T140046, start_date=20211213T140048, end_date=20211213T140049
[2021-12-13 14:00:49,640] {local_task_job.py:154} INFO - Task exited with return code 0
[2021-12-13 14:00:49,789] {local_task_job.py:264} INFO - 0 downstream tasks scheduled from follow-on schedule check
