[2021-12-30 00:00:37,934] {taskinstance.py:1035} INFO - Dependencies all met for <TaskInstance: cpp_workflow.merge_process scheduled__2021-12-29T00:00:00+00:00 [queued]>
[2021-12-30 00:00:37,964] {taskinstance.py:1035} INFO - Dependencies all met for <TaskInstance: cpp_workflow.merge_process scheduled__2021-12-29T00:00:00+00:00 [queued]>
[2021-12-30 00:00:37,965] {taskinstance.py:1241} INFO - 
--------------------------------------------------------------------------------
[2021-12-30 00:00:37,966] {taskinstance.py:1242} INFO - Starting attempt 1 of 1
[2021-12-30 00:00:37,966] {taskinstance.py:1243} INFO - 
--------------------------------------------------------------------------------
[2021-12-30 00:00:37,996] {taskinstance.py:1262} INFO - Executing <Task(PythonOperator): merge_process> on 2021-12-29 00:00:00+00:00
[2021-12-30 00:00:38,016] {standard_task_runner.py:52} INFO - Started process 16076 to run task
[2021-12-30 00:00:38,029] {standard_task_runner.py:76} INFO - Running: ['***', 'tasks', 'run', 'cpp_workflow', 'merge_process', 'scheduled__2021-12-29T00:00:00+00:00', '--job-id', '1770', '--raw', '--subdir', 'DAGS_FOLDER/first_dag.py', '--cfg-path', '/tmp/tmpmyjfdm9e', '--error-file', '/tmp/tmphv03oapi']
[2021-12-30 00:00:38,031] {standard_task_runner.py:77} INFO - Job 1770: Subtask merge_process
[2021-12-30 00:00:38,187] {logging_mixin.py:109} INFO - Running <TaskInstance: cpp_workflow.merge_process scheduled__2021-12-29T00:00:00+00:00 [running]> on host 218df5ddc363
[2021-12-30 00:00:38,336] {taskinstance.py:1429} INFO - Exporting the following env vars:
AIRFLOW_CTX_DAG_OWNER=***
AIRFLOW_CTX_DAG_ID=cpp_workflow
AIRFLOW_CTX_TASK_ID=merge_process
AIRFLOW_CTX_EXECUTION_DATE=2021-12-29T00:00:00+00:00
AIRFLOW_CTX_DAG_RUN_ID=scheduled__2021-12-29T00:00:00+00:00
[2021-12-30 00:00:38,339] {python.py:152} INFO - Done. Returned value was: None
[2021-12-30 00:00:38,374] {taskinstance.py:1280} INFO - Marking task as SUCCESS. dag_id=cpp_workflow, task_id=merge_process, execution_date=20211229T000000, start_date=20211230T000037, end_date=20211230T000038
[2021-12-30 00:00:38,446] {local_task_job.py:154} INFO - Task exited with return code 0
[2021-12-30 00:00:38,581] {local_task_job.py:264} INFO - 1 downstream tasks scheduled from follow-on schedule check
