[2021-12-08 15:00:30,105] {taskinstance.py:1035} INFO - Dependencies all met for <TaskInstance: cpp_workflow.connect_to_database scheduled__2021-10-16T00:00:00+00:00 [queued]>
[2021-12-08 15:00:31,123] {taskinstance.py:1035} INFO - Dependencies all met for <TaskInstance: cpp_workflow.connect_to_database scheduled__2021-10-16T00:00:00+00:00 [queued]>
[2021-12-08 15:00:31,124] {taskinstance.py:1241} INFO - 
--------------------------------------------------------------------------------
[2021-12-08 15:00:31,127] {taskinstance.py:1242} INFO - Starting attempt 1 of 1
[2021-12-08 15:00:31,140] {taskinstance.py:1243} INFO - 
--------------------------------------------------------------------------------
[2021-12-08 15:00:31,591] {taskinstance.py:1262} INFO - Executing <Task(PythonOperator): connect_to_database> on 2021-10-16 00:00:00+00:00
[2021-12-08 15:00:31,717] {standard_task_runner.py:52} INFO - Started process 983 to run task
[2021-12-08 15:00:31,751] {standard_task_runner.py:76} INFO - Running: ['***', 'tasks', 'run', 'cpp_workflow', 'connect_to_database', 'scheduled__2021-10-16T00:00:00+00:00', '--job-id', '361', '--raw', '--subdir', 'DAGS_FOLDER/first_dag.py', '--cfg-path', '/tmp/tmp4u3k8f0x', '--error-file', '/tmp/tmpkrmbz7ks']
[2021-12-08 15:00:31,762] {standard_task_runner.py:77} INFO - Job 361: Subtask connect_to_database
[2021-12-08 15:00:38,576] {logging_mixin.py:109} INFO - Running <TaskInstance: cpp_workflow.connect_to_database scheduled__2021-10-16T00:00:00+00:00 [running]> on host 8edf9af2b560
[2021-12-08 15:00:39,122] {taskinstance.py:1429} INFO - Exporting the following env vars:
AIRFLOW_CTX_DAG_OWNER=***
AIRFLOW_CTX_DAG_ID=cpp_workflow
AIRFLOW_CTX_TASK_ID=connect_to_database
AIRFLOW_CTX_EXECUTION_DATE=2021-10-16T00:00:00+00:00
AIRFLOW_CTX_DAG_RUN_ID=scheduled__2021-10-16T00:00:00+00:00
[2021-12-08 15:00:40,499] {python.py:152} INFO - Done. Returned value was: None
[2021-12-08 15:00:41,028] {taskinstance.py:1280} INFO - Marking task as SUCCESS. dag_id=cpp_workflow, task_id=connect_to_database, execution_date=20211016T000000, start_date=20211208T150030, end_date=20211208T150041
[2021-12-08 15:00:41,256] {local_task_job.py:154} INFO - Task exited with return code 0
[2021-12-08 15:00:41,422] {local_task_job.py:264} INFO - 0 downstream tasks scheduled from follow-on schedule check
