[2022-01-20 12:41:32,438] {taskinstance.py:1035} INFO - Dependencies all met for <TaskInstance: cpp_workflow.database_processing_media_prepare manual__2022-01-20T12:41:21.633996+00:00 [queued]>
[2022-01-20 12:41:32,454] {taskinstance.py:1035} INFO - Dependencies all met for <TaskInstance: cpp_workflow.database_processing_media_prepare manual__2022-01-20T12:41:21.633996+00:00 [queued]>
[2022-01-20 12:41:32,454] {taskinstance.py:1241} INFO - 
--------------------------------------------------------------------------------
[2022-01-20 12:41:32,455] {taskinstance.py:1242} INFO - Starting attempt 1 of 1
[2022-01-20 12:41:32,455] {taskinstance.py:1243} INFO - 
--------------------------------------------------------------------------------
[2022-01-20 12:41:32,469] {taskinstance.py:1262} INFO - Executing <Task(PythonOperator): database_processing_media_prepare> on 2022-01-20 12:41:21.633996+00:00
[2022-01-20 12:41:32,474] {standard_task_runner.py:52} INFO - Started process 2520 to run task
[2022-01-20 12:41:32,481] {standard_task_runner.py:76} INFO - Running: ['***', 'tasks', 'run', 'cpp_workflow', 'database_processing_media_prepare', 'manual__2022-01-20T12:41:21.633996+00:00', '--job-id', '2912', '--raw', '--subdir', 'DAGS_FOLDER/first_dag.py', '--cfg-path', '/tmp/tmp46xax8g4', '--error-file', '/tmp/tmp6lg7v6p7']
[2022-01-20 12:41:32,483] {standard_task_runner.py:77} INFO - Job 2912: Subtask database_processing_media_prepare
[2022-01-20 12:41:32,554] {logging_mixin.py:109} INFO - Running <TaskInstance: cpp_workflow.database_processing_media_prepare manual__2022-01-20T12:41:21.633996+00:00 [running]> on host 218df5ddc363
[2022-01-20 12:41:32,686] {taskinstance.py:1429} INFO - Exporting the following env vars:
AIRFLOW_CTX_DAG_OWNER=***
AIRFLOW_CTX_DAG_ID=cpp_workflow
AIRFLOW_CTX_TASK_ID=database_processing_media_prepare
AIRFLOW_CTX_EXECUTION_DATE=2022-01-20T12:41:21.633996+00:00
AIRFLOW_CTX_DAG_RUN_ID=manual__2022-01-20T12:41:21.633996+00:00
[2022-01-20 12:41:32,689] {python.py:152} INFO - Done. Returned value was: None
[2022-01-20 12:41:32,721] {taskinstance.py:1280} INFO - Marking task as SUCCESS. dag_id=cpp_workflow, task_id=database_processing_media_prepare, execution_date=20220120T124121, start_date=20220120T124132, end_date=20220120T124132
[2022-01-20 12:41:32,774] {local_task_job.py:154} INFO - Task exited with return code 0
[2022-01-20 12:41:32,848] {local_task_job.py:264} INFO - 1 downstream tasks scheduled from follow-on schedule check
