[2022-01-03 02:12:11,970] {taskinstance.py:1035} INFO - Dependencies all met for <TaskInstance: cpp_workflow.refactor_process_print_cycle manual__2022-01-03T02:12:02.601860+00:00 [queued]>
[2022-01-03 02:12:12,043] {taskinstance.py:1035} INFO - Dependencies all met for <TaskInstance: cpp_workflow.refactor_process_print_cycle manual__2022-01-03T02:12:02.601860+00:00 [queued]>
[2022-01-03 02:12:12,056] {taskinstance.py:1241} INFO - 
--------------------------------------------------------------------------------
[2022-01-03 02:12:12,065] {taskinstance.py:1242} INFO - Starting attempt 1 of 1
[2022-01-03 02:12:12,082] {taskinstance.py:1243} INFO - 
--------------------------------------------------------------------------------
[2022-01-03 02:12:12,142] {taskinstance.py:1262} INFO - Executing <Task(PythonOperator): refactor_process_print_cycle> on 2022-01-03 02:12:02.601860+00:00
[2022-01-03 02:12:12,152] {standard_task_runner.py:52} INFO - Started process 8235 to run task
[2022-01-03 02:12:12,180] {standard_task_runner.py:76} INFO - Running: ['***', 'tasks', 'run', 'cpp_workflow', 'refactor_process_print_cycle', 'manual__2022-01-03T02:12:02.601860+00:00', '--job-id', '2354', '--raw', '--subdir', 'DAGS_FOLDER/first_dag.py', '--cfg-path', '/tmp/tmpvdkugzfl', '--error-file', '/tmp/tmpb3s7gx4u']
[2022-01-03 02:12:12,196] {standard_task_runner.py:77} INFO - Job 2354: Subtask refactor_process_print_cycle
[2022-01-03 02:12:12,359] {logging_mixin.py:109} INFO - Running <TaskInstance: cpp_workflow.refactor_process_print_cycle manual__2022-01-03T02:12:02.601860+00:00 [running]> on host 218df5ddc363
[2022-01-03 02:12:12,523] {taskinstance.py:1429} INFO - Exporting the following env vars:
AIRFLOW_CTX_DAG_OWNER=***
AIRFLOW_CTX_DAG_ID=cpp_workflow
AIRFLOW_CTX_TASK_ID=refactor_process_print_cycle
AIRFLOW_CTX_EXECUTION_DATE=2022-01-03T02:12:02.601860+00:00
AIRFLOW_CTX_DAG_RUN_ID=manual__2022-01-03T02:12:02.601860+00:00
[2022-01-03 02:12:12,529] {python.py:152} INFO - Done. Returned value was: None
[2022-01-03 02:12:12,578] {taskinstance.py:1280} INFO - Marking task as SUCCESS. dag_id=cpp_workflow, task_id=refactor_process_print_cycle, execution_date=20220103T021202, start_date=20220103T021211, end_date=20220103T021212
[2022-01-03 02:12:12,652] {local_task_job.py:154} INFO - Task exited with return code 0
[2022-01-03 02:12:12,742] {local_task_job.py:264} INFO - 1 downstream tasks scheduled from follow-on schedule check
