[2022-01-20 12:05:24,786] {taskinstance.py:1035} INFO - Dependencies all met for <TaskInstance: cpp_workflow.update_processed_files_print_cycle manual__2022-01-20T12:05:12.935235+00:00 [queued]>
[2022-01-20 12:05:24,798] {taskinstance.py:1035} INFO - Dependencies all met for <TaskInstance: cpp_workflow.update_processed_files_print_cycle manual__2022-01-20T12:05:12.935235+00:00 [queued]>
[2022-01-20 12:05:24,798] {taskinstance.py:1241} INFO - 
--------------------------------------------------------------------------------
[2022-01-20 12:05:24,799] {taskinstance.py:1242} INFO - Starting attempt 1 of 1
[2022-01-20 12:05:24,799] {taskinstance.py:1243} INFO - 
--------------------------------------------------------------------------------
[2022-01-20 12:05:24,813] {taskinstance.py:1262} INFO - Executing <Task(PythonOperator): update_processed_files_print_cycle> on 2022-01-20 12:05:12.935235+00:00
[2022-01-20 12:05:24,819] {standard_task_runner.py:52} INFO - Started process 804 to run task
[2022-01-20 12:05:24,822] {standard_task_runner.py:76} INFO - Running: ['***', 'tasks', 'run', 'cpp_workflow', 'update_processed_files_print_cycle', 'manual__2022-01-20T12:05:12.935235+00:00', '--job-id', '2880', '--raw', '--subdir', 'DAGS_FOLDER/first_dag.py', '--cfg-path', '/tmp/tmpr3_gdgxa', '--error-file', '/tmp/tmptd0msdw0']
[2022-01-20 12:05:24,824] {standard_task_runner.py:77} INFO - Job 2880: Subtask update_processed_files_print_cycle
[2022-01-20 12:05:24,866] {logging_mixin.py:109} INFO - Running <TaskInstance: cpp_workflow.update_processed_files_print_cycle manual__2022-01-20T12:05:12.935235+00:00 [running]> on host 218df5ddc363
[2022-01-20 12:05:24,920] {taskinstance.py:1429} INFO - Exporting the following env vars:
AIRFLOW_CTX_DAG_OWNER=***
AIRFLOW_CTX_DAG_ID=cpp_workflow
AIRFLOW_CTX_TASK_ID=update_processed_files_print_cycle
AIRFLOW_CTX_EXECUTION_DATE=2022-01-20T12:05:12.935235+00:00
AIRFLOW_CTX_DAG_RUN_ID=manual__2022-01-20T12:05:12.935235+00:00
[2022-01-20 12:05:24,938] {python.py:152} INFO - Done. Returned value was: None
[2022-01-20 12:05:24,950] {taskinstance.py:1280} INFO - Marking task as SUCCESS. dag_id=cpp_workflow, task_id=update_processed_files_print_cycle, execution_date=20220120T120512, start_date=20220120T120524, end_date=20220120T120524
[2022-01-20 12:05:24,995] {local_task_job.py:154} INFO - Task exited with return code 0
[2022-01-20 12:05:25,034] {local_task_job.py:264} INFO - 0 downstream tasks scheduled from follow-on schedule check
