[2021-12-13 11:56:58,416] {taskinstance.py:1035} INFO - Dependencies all met for <TaskInstance: cpp_workflow.merge_process manual__2021-12-13T11:56:48.876442+00:00 [queued]>
[2021-12-13 11:56:58,441] {taskinstance.py:1035} INFO - Dependencies all met for <TaskInstance: cpp_workflow.merge_process manual__2021-12-13T11:56:48.876442+00:00 [queued]>
[2021-12-13 11:56:58,441] {taskinstance.py:1241} INFO - 
--------------------------------------------------------------------------------
[2021-12-13 11:56:58,442] {taskinstance.py:1242} INFO - Starting attempt 1 of 1
[2021-12-13 11:56:58,442] {taskinstance.py:1243} INFO - 
--------------------------------------------------------------------------------
[2021-12-13 11:56:58,480] {taskinstance.py:1262} INFO - Executing <Task(PythonOperator): merge_process> on 2021-12-13 11:56:48.876442+00:00
[2021-12-13 11:56:58,509] {standard_task_runner.py:52} INFO - Started process 1781 to run task
[2021-12-13 11:56:58,564] {standard_task_runner.py:76} INFO - Running: ['***', 'tasks', 'run', 'cpp_workflow', 'merge_process', 'manual__2021-12-13T11:56:48.876442+00:00', '--job-id', '931', '--raw', '--subdir', 'DAGS_FOLDER/first_dag.py', '--cfg-path', '/tmp/tmpk99dgzxd', '--error-file', '/tmp/tmprstr3w_l']
[2021-12-13 11:56:58,566] {standard_task_runner.py:77} INFO - Job 931: Subtask merge_process
[2021-12-13 11:56:58,857] {logging_mixin.py:109} INFO - Running <TaskInstance: cpp_workflow.merge_process manual__2021-12-13T11:56:48.876442+00:00 [running]> on host 218df5ddc363
[2021-12-13 11:56:58,989] {taskinstance.py:1429} INFO - Exporting the following env vars:
AIRFLOW_CTX_DAG_OWNER=***
AIRFLOW_CTX_DAG_ID=cpp_workflow
AIRFLOW_CTX_TASK_ID=merge_process
AIRFLOW_CTX_EXECUTION_DATE=2021-12-13T11:56:48.876442+00:00
AIRFLOW_CTX_DAG_RUN_ID=manual__2021-12-13T11:56:48.876442+00:00
[2021-12-13 11:56:59,134] {python.py:152} INFO - Done. Returned value was: None
[2021-12-13 11:56:59,168] {taskinstance.py:1280} INFO - Marking task as SUCCESS. dag_id=cpp_workflow, task_id=merge_process, execution_date=20211213T115648, start_date=20211213T115658, end_date=20211213T115659
[2021-12-13 11:56:59,227] {local_task_job.py:154} INFO - Task exited with return code 0
[2021-12-13 11:56:59,291] {local_task_job.py:264} INFO - 1 downstream tasks scheduled from follow-on schedule check
