[2021-12-08 15:03:00,539] {taskinstance.py:1035} INFO - Dependencies all met for <TaskInstance: cpp_workflow.connect_to_database scheduled__2021-11-13T00:00:00+00:00 [queued]>
[2021-12-08 15:03:00,571] {taskinstance.py:1035} INFO - Dependencies all met for <TaskInstance: cpp_workflow.connect_to_database scheduled__2021-11-13T00:00:00+00:00 [queued]>
[2021-12-08 15:03:00,574] {taskinstance.py:1241} INFO - 
--------------------------------------------------------------------------------
[2021-12-08 15:03:00,575] {taskinstance.py:1242} INFO - Starting attempt 1 of 1
[2021-12-08 15:03:00,576] {taskinstance.py:1243} INFO - 
--------------------------------------------------------------------------------
[2021-12-08 15:03:00,622] {taskinstance.py:1262} INFO - Executing <Task(PythonOperator): connect_to_database> on 2021-11-13 00:00:00+00:00
[2021-12-08 15:03:00,633] {standard_task_runner.py:52} INFO - Started process 1221 to run task
[2021-12-08 15:03:00,640] {standard_task_runner.py:76} INFO - Running: ['***', 'tasks', 'run', 'cpp_workflow', 'connect_to_database', 'scheduled__2021-11-13T00:00:00+00:00', '--job-id', '408', '--raw', '--subdir', 'DAGS_FOLDER/first_dag.py', '--cfg-path', '/tmp/tmpuhnu91st', '--error-file', '/tmp/tmpybju52ld']
[2021-12-08 15:03:00,644] {standard_task_runner.py:77} INFO - Job 408: Subtask connect_to_database
[2021-12-08 15:03:00,749] {logging_mixin.py:109} INFO - Running <TaskInstance: cpp_workflow.connect_to_database scheduled__2021-11-13T00:00:00+00:00 [running]> on host 8edf9af2b560
[2021-12-08 15:03:00,933] {taskinstance.py:1429} INFO - Exporting the following env vars:
AIRFLOW_CTX_DAG_OWNER=***
AIRFLOW_CTX_DAG_ID=cpp_workflow
AIRFLOW_CTX_TASK_ID=connect_to_database
AIRFLOW_CTX_EXECUTION_DATE=2021-11-13T00:00:00+00:00
AIRFLOW_CTX_DAG_RUN_ID=scheduled__2021-11-13T00:00:00+00:00
[2021-12-08 15:03:01,220] {python.py:152} INFO - Done. Returned value was: None
[2021-12-08 15:03:01,262] {taskinstance.py:1280} INFO - Marking task as SUCCESS. dag_id=cpp_workflow, task_id=connect_to_database, execution_date=20211113T000000, start_date=20211208T150300, end_date=20211208T150301
[2021-12-08 15:03:01,353] {local_task_job.py:154} INFO - Task exited with return code 0
[2021-12-08 15:03:01,596] {local_task_job.py:264} INFO - 0 downstream tasks scheduled from follow-on schedule check
