[2022-02-06 11:48:35,973] {taskinstance.py:1035} INFO - Dependencies all met for <TaskInstance: cpp_workflow.update_processed_files_image scheduled__2022-02-02T00:00:00+00:00 [queued]>
[2022-02-06 11:48:36,251] {taskinstance.py:1035} INFO - Dependencies all met for <TaskInstance: cpp_workflow.update_processed_files_image scheduled__2022-02-02T00:00:00+00:00 [queued]>
[2022-02-06 11:48:36,357] {taskinstance.py:1241} INFO - 
--------------------------------------------------------------------------------
[2022-02-06 11:48:36,394] {taskinstance.py:1242} INFO - Starting attempt 1 of 1
[2022-02-06 11:48:36,435] {taskinstance.py:1243} INFO - 
--------------------------------------------------------------------------------
[2022-02-06 11:48:36,672] {taskinstance.py:1262} INFO - Executing <Task(PythonOperator): update_processed_files_image> on 2022-02-02 00:00:00+00:00
[2022-02-06 11:48:36,740] {standard_task_runner.py:76} INFO - Running: ['***', 'tasks', 'run', 'cpp_workflow', 'update_processed_files_image', 'scheduled__2022-02-02T00:00:00+00:00', '--job-id', '3230', '--raw', '--subdir', 'DAGS_FOLDER/first_dag.py', '--cfg-path', '/tmp/tmpls0r31ng', '--error-file', '/tmp/tmpr1g3vw17']
[2022-02-06 11:48:36,754] {standard_task_runner.py:77} INFO - Job 3230: Subtask update_processed_files_image
[2022-02-06 11:48:36,723] {standard_task_runner.py:52} INFO - Started process 369 to run task
[2022-02-06 11:48:37,443] {logging_mixin.py:109} INFO - Running <TaskInstance: cpp_workflow.update_processed_files_image scheduled__2022-02-02T00:00:00+00:00 [running]> on host 218df5ddc363
[2022-02-06 11:48:38,285] {taskinstance.py:1429} INFO - Exporting the following env vars:
AIRFLOW_CTX_DAG_OWNER=***
AIRFLOW_CTX_DAG_ID=cpp_workflow
AIRFLOW_CTX_TASK_ID=update_processed_files_image
AIRFLOW_CTX_EXECUTION_DATE=2022-02-02T00:00:00+00:00
AIRFLOW_CTX_DAG_RUN_ID=scheduled__2022-02-02T00:00:00+00:00
[2022-02-06 11:48:39,375] {python.py:152} INFO - Done. Returned value was: None
[2022-02-06 11:48:39,526] {taskinstance.py:1280} INFO - Marking task as SUCCESS. dag_id=cpp_workflow, task_id=update_processed_files_image, execution_date=20220202T000000, start_date=20220206T114835, end_date=20220206T114839
[2022-02-06 11:48:39,979] {local_task_job.py:154} INFO - Task exited with return code 0
[2022-02-06 11:48:40,869] {local_task_job.py:264} INFO - 0 downstream tasks scheduled from follow-on schedule check
