[2022-01-10 13:28:46,260] {taskinstance.py:1035} INFO - Dependencies all met for <TaskInstance: cpp_workflow.refactor_process_media_prepare manual__2022-01-10T13:28:34.499404+00:00 [queued]>
[2022-01-10 13:28:46,282] {taskinstance.py:1035} INFO - Dependencies all met for <TaskInstance: cpp_workflow.refactor_process_media_prepare manual__2022-01-10T13:28:34.499404+00:00 [queued]>
[2022-01-10 13:28:46,282] {taskinstance.py:1241} INFO - 
--------------------------------------------------------------------------------
[2022-01-10 13:28:46,283] {taskinstance.py:1242} INFO - Starting attempt 1 of 1
[2022-01-10 13:28:46,283] {taskinstance.py:1243} INFO - 
--------------------------------------------------------------------------------
[2022-01-10 13:28:46,301] {taskinstance.py:1262} INFO - Executing <Task(PythonOperator): refactor_process_media_prepare> on 2022-01-10 13:28:34.499404+00:00
[2022-01-10 13:28:46,317] {standard_task_runner.py:52} INFO - Started process 1559 to run task
[2022-01-10 13:28:46,334] {standard_task_runner.py:76} INFO - Running: ['***', 'tasks', 'run', 'cpp_workflow', 'refactor_process_media_prepare', 'manual__2022-01-10T13:28:34.499404+00:00', '--job-id', '2571', '--raw', '--subdir', 'DAGS_FOLDER/first_dag.py', '--cfg-path', '/tmp/tmpux2jy8zx', '--error-file', '/tmp/tmp_raldmh1']
[2022-01-10 13:28:46,336] {standard_task_runner.py:77} INFO - Job 2571: Subtask refactor_process_media_prepare
[2022-01-10 13:28:46,448] {logging_mixin.py:109} INFO - Running <TaskInstance: cpp_workflow.refactor_process_media_prepare manual__2022-01-10T13:28:34.499404+00:00 [running]> on host 218df5ddc363
[2022-01-10 13:28:46,577] {taskinstance.py:1429} INFO - Exporting the following env vars:
AIRFLOW_CTX_DAG_OWNER=***
AIRFLOW_CTX_DAG_ID=cpp_workflow
AIRFLOW_CTX_TASK_ID=refactor_process_media_prepare
AIRFLOW_CTX_EXECUTION_DATE=2022-01-10T13:28:34.499404+00:00
AIRFLOW_CTX_DAG_RUN_ID=manual__2022-01-10T13:28:34.499404+00:00
[2022-01-10 13:28:46,583] {python.py:152} INFO - Done. Returned value was: None
[2022-01-10 13:28:46,649] {taskinstance.py:1280} INFO - Marking task as SUCCESS. dag_id=cpp_workflow, task_id=refactor_process_media_prepare, execution_date=20220110T132834, start_date=20220110T132846, end_date=20220110T132846
[2022-01-10 13:28:46,800] {local_task_job.py:154} INFO - Task exited with return code 0
[2022-01-10 13:28:47,048] {local_task_job.py:264} INFO - 0 downstream tasks scheduled from follow-on schedule check
