[2022-01-09 11:03:29,769] {taskinstance.py:1035} INFO - Dependencies all met for <TaskInstance: cpp_workflow.refactor_process_media_prepare scheduled__2022-01-08T00:00:00+00:00 [queued]>
[2022-01-09 11:03:29,786] {taskinstance.py:1035} INFO - Dependencies all met for <TaskInstance: cpp_workflow.refactor_process_media_prepare scheduled__2022-01-08T00:00:00+00:00 [queued]>
[2022-01-09 11:03:29,786] {taskinstance.py:1241} INFO - 
--------------------------------------------------------------------------------
[2022-01-09 11:03:29,787] {taskinstance.py:1242} INFO - Starting attempt 1 of 1
[2022-01-09 11:03:29,787] {taskinstance.py:1243} INFO - 
--------------------------------------------------------------------------------
[2022-01-09 11:03:29,809] {taskinstance.py:1262} INFO - Executing <Task(PythonOperator): refactor_process_media_prepare> on 2022-01-08 00:00:00+00:00
[2022-01-09 11:03:29,815] {standard_task_runner.py:52} INFO - Started process 100 to run task
[2022-01-09 11:03:29,819] {standard_task_runner.py:76} INFO - Running: ['***', 'tasks', 'run', 'cpp_workflow', 'refactor_process_media_prepare', 'scheduled__2022-01-08T00:00:00+00:00', '--job-id', '2533', '--raw', '--subdir', 'DAGS_FOLDER/first_dag.py', '--cfg-path', '/tmp/tmpyt_uwia0', '--error-file', '/tmp/tmpjptlsd6q']
[2022-01-09 11:03:29,821] {standard_task_runner.py:77} INFO - Job 2533: Subtask refactor_process_media_prepare
[2022-01-09 11:03:29,882] {logging_mixin.py:109} INFO - Running <TaskInstance: cpp_workflow.refactor_process_media_prepare scheduled__2022-01-08T00:00:00+00:00 [running]> on host 218df5ddc363
[2022-01-09 11:03:29,954] {taskinstance.py:1429} INFO - Exporting the following env vars:
AIRFLOW_CTX_DAG_OWNER=***
AIRFLOW_CTX_DAG_ID=cpp_workflow
AIRFLOW_CTX_TASK_ID=refactor_process_media_prepare
AIRFLOW_CTX_EXECUTION_DATE=2022-01-08T00:00:00+00:00
AIRFLOW_CTX_DAG_RUN_ID=scheduled__2022-01-08T00:00:00+00:00
[2022-01-09 11:03:29,958] {python.py:152} INFO - Done. Returned value was: None
[2022-01-09 11:03:29,978] {taskinstance.py:1280} INFO - Marking task as SUCCESS. dag_id=cpp_workflow, task_id=refactor_process_media_prepare, execution_date=20220108T000000, start_date=20220109T110329, end_date=20220109T110329
[2022-01-09 11:03:30,032] {local_task_job.py:154} INFO - Task exited with return code 0
[2022-01-09 11:03:30,210] {local_task_job.py:264} INFO - 1 downstream tasks scheduled from follow-on schedule check
