[2021-12-13 14:31:51,210] {taskinstance.py:1035} INFO - Dependencies all met for <TaskInstance: cpp_workflow.col_process manual__2021-12-13T14:31:42.786713+00:00 [queued]>
[2021-12-13 14:31:51,241] {taskinstance.py:1035} INFO - Dependencies all met for <TaskInstance: cpp_workflow.col_process manual__2021-12-13T14:31:42.786713+00:00 [queued]>
[2021-12-13 14:31:51,242] {taskinstance.py:1241} INFO - 
--------------------------------------------------------------------------------
[2021-12-13 14:31:51,242] {taskinstance.py:1242} INFO - Starting attempt 1 of 1
[2021-12-13 14:31:51,243] {taskinstance.py:1243} INFO - 
--------------------------------------------------------------------------------
[2021-12-13 14:31:51,272] {taskinstance.py:1262} INFO - Executing <Task(PythonOperator): col_process> on 2021-12-13 14:31:42.786713+00:00
[2021-12-13 14:31:51,281] {standard_task_runner.py:52} INFO - Started process 9575 to run task
[2021-12-13 14:31:51,287] {standard_task_runner.py:76} INFO - Running: ['***', 'tasks', 'run', 'cpp_workflow', 'col_process', 'manual__2021-12-13T14:31:42.786713+00:00', '--job-id', '1253', '--raw', '--subdir', 'DAGS_FOLDER/first_dag.py', '--cfg-path', '/tmp/tmppcnwq7fo', '--error-file', '/tmp/tmpxx3thnwh']
[2021-12-13 14:31:51,302] {standard_task_runner.py:77} INFO - Job 1253: Subtask col_process
[2021-12-13 14:31:51,452] {logging_mixin.py:109} INFO - Running <TaskInstance: cpp_workflow.col_process manual__2021-12-13T14:31:42.786713+00:00 [running]> on host 218df5ddc363
[2021-12-13 14:31:51,566] {taskinstance.py:1429} INFO - Exporting the following env vars:
AIRFLOW_CTX_DAG_OWNER=***
AIRFLOW_CTX_DAG_ID=cpp_workflow
AIRFLOW_CTX_TASK_ID=col_process
AIRFLOW_CTX_EXECUTION_DATE=2021-12-13T14:31:42.786713+00:00
AIRFLOW_CTX_DAG_RUN_ID=manual__2021-12-13T14:31:42.786713+00:00
[2021-12-13 14:31:51,649] {python.py:152} INFO - Done. Returned value was: None
[2021-12-13 14:31:51,677] {taskinstance.py:1280} INFO - Marking task as SUCCESS. dag_id=cpp_workflow, task_id=col_process, execution_date=20211213T143142, start_date=20211213T143151, end_date=20211213T143151
[2021-12-13 14:31:51,745] {local_task_job.py:154} INFO - Task exited with return code 0
[2021-12-13 14:31:51,838] {local_task_job.py:264} INFO - 1 downstream tasks scheduled from follow-on schedule check
