[2022-01-09 11:03:27,653] {taskinstance.py:1035} INFO - Dependencies all met for <TaskInstance: cpp_workflow.col_process_print_cycle scheduled__2022-01-08T00:00:00+00:00 [queued]>
[2022-01-09 11:03:27,678] {taskinstance.py:1035} INFO - Dependencies all met for <TaskInstance: cpp_workflow.col_process_print_cycle scheduled__2022-01-08T00:00:00+00:00 [queued]>
[2022-01-09 11:03:27,678] {taskinstance.py:1241} INFO - 
--------------------------------------------------------------------------------
[2022-01-09 11:03:27,679] {taskinstance.py:1242} INFO - Starting attempt 1 of 1
[2022-01-09 11:03:27,681] {taskinstance.py:1243} INFO - 
--------------------------------------------------------------------------------
[2022-01-09 11:03:27,710] {taskinstance.py:1262} INFO - Executing <Task(PythonOperator): col_process_print_cycle> on 2022-01-08 00:00:00+00:00
[2022-01-09 11:03:27,720] {standard_task_runner.py:52} INFO - Started process 93 to run task
[2022-01-09 11:03:27,726] {standard_task_runner.py:76} INFO - Running: ['***', 'tasks', 'run', 'cpp_workflow', 'col_process_print_cycle', 'scheduled__2022-01-08T00:00:00+00:00', '--job-id', '2532', '--raw', '--subdir', 'DAGS_FOLDER/first_dag.py', '--cfg-path', '/tmp/tmpypgix0s7', '--error-file', '/tmp/tmp_cjiaywm']
[2022-01-09 11:03:27,730] {standard_task_runner.py:77} INFO - Job 2532: Subtask col_process_print_cycle
[2022-01-09 11:03:27,831] {logging_mixin.py:109} INFO - Running <TaskInstance: cpp_workflow.col_process_print_cycle scheduled__2022-01-08T00:00:00+00:00 [running]> on host 218df5ddc363
[2022-01-09 11:03:27,941] {taskinstance.py:1429} INFO - Exporting the following env vars:
AIRFLOW_CTX_DAG_OWNER=***
AIRFLOW_CTX_DAG_ID=cpp_workflow
AIRFLOW_CTX_TASK_ID=col_process_print_cycle
AIRFLOW_CTX_EXECUTION_DATE=2022-01-08T00:00:00+00:00
AIRFLOW_CTX_DAG_RUN_ID=scheduled__2022-01-08T00:00:00+00:00
[2022-01-09 11:03:27,946] {python.py:152} INFO - Done. Returned value was: None
[2022-01-09 11:03:28,017] {taskinstance.py:1280} INFO - Marking task as SUCCESS. dag_id=cpp_workflow, task_id=col_process_print_cycle, execution_date=20220108T000000, start_date=20220109T110327, end_date=20220109T110328
[2022-01-09 11:03:28,115] {local_task_job.py:154} INFO - Task exited with return code 0
[2022-01-09 11:03:28,210] {local_task_job.py:264} INFO - 1 downstream tasks scheduled from follow-on schedule check
