[2021-12-08 15:03:40,787] {taskinstance.py:1035} INFO - Dependencies all met for <TaskInstance: cpp_workflow.check_file scheduled__2021-11-27T00:00:00+00:00 [queued]>
[2021-12-08 15:03:40,943] {taskinstance.py:1035} INFO - Dependencies all met for <TaskInstance: cpp_workflow.check_file scheduled__2021-11-27T00:00:00+00:00 [queued]>
[2021-12-08 15:03:40,950] {taskinstance.py:1241} INFO - 
--------------------------------------------------------------------------------
[2021-12-08 15:03:40,958] {taskinstance.py:1242} INFO - Starting attempt 1 of 3
[2021-12-08 15:03:40,960] {taskinstance.py:1243} INFO - 
--------------------------------------------------------------------------------
[2021-12-08 15:03:41,128] {taskinstance.py:1262} INFO - Executing <Task(BashOperator): check_file> on 2021-11-27 00:00:00+00:00
[2021-12-08 15:03:41,159] {standard_task_runner.py:52} INFO - Started process 1296 to run task
[2021-12-08 15:03:41,166] {standard_task_runner.py:76} INFO - Running: ['***', 'tasks', 'run', 'cpp_workflow', 'check_file', 'scheduled__2021-11-27T00:00:00+00:00', '--job-id', '421', '--raw', '--subdir', 'DAGS_FOLDER/first_dag.py', '--cfg-path', '/tmp/tmp9uy0y6oi', '--error-file', '/tmp/tmpl9sjc6ve']
[2021-12-08 15:03:41,184] {standard_task_runner.py:77} INFO - Job 421: Subtask check_file
[2021-12-08 15:03:41,473] {logging_mixin.py:109} INFO - Running <TaskInstance: cpp_workflow.check_file scheduled__2021-11-27T00:00:00+00:00 [running]> on host 8edf9af2b560
[2021-12-08 15:03:42,149] {taskinstance.py:1429} INFO - Exporting the following env vars:
AIRFLOW_CTX_DAG_OWNER=***
AIRFLOW_CTX_DAG_ID=cpp_workflow
AIRFLOW_CTX_TASK_ID=check_file
AIRFLOW_CTX_EXECUTION_DATE=2021-11-27T00:00:00+00:00
AIRFLOW_CTX_DAG_RUN_ID=scheduled__2021-11-27T00:00:00+00:00
[2021-12-08 15:03:42,172] {subprocess.py:62} INFO - Tmp dir root location: 
 /tmp
[2021-12-08 15:03:42,181] {subprocess.py:74} INFO - Running command: ['bash', '-c', 'sha256sum /opt/***/official_data/test.csv']
[2021-12-08 15:03:42,240] {subprocess.py:85} INFO - Output:
[2021-12-08 15:03:49,750] {subprocess.py:89} INFO - 6658e41458ff02775f57e8d8f407a0e62966d5cf65680690cb8da28db866e38c  /opt/***/official_data/test.csv
[2021-12-08 15:03:50,006] {subprocess.py:93} INFO - Command exited with return code 0
[2021-12-08 15:03:58,655] {taskinstance.py:1280} INFO - Marking task as SUCCESS. dag_id=cpp_workflow, task_id=check_file, execution_date=20211127T000000, start_date=20211208T150340, end_date=20211208T150358
[2021-12-08 15:03:58,913] {local_task_job.py:212} WARNING - State of this instance has been externally set to success. Terminating instance.
[2021-12-08 15:03:59,008] {process_utils.py:100} INFO - Sending Signals.SIGTERM to GPID 1296
[2021-12-08 15:03:59,041] {process_utils.py:66} INFO - Process psutil.Process(pid=1296, status='terminated', exitcode=0, started='15:03:40') (1296) terminated with exit code 0
