[2021-12-22 13:17:04,648] {taskinstance.py:1035} INFO - Dependencies all met for <TaskInstance: cpp_workflow.check_mediaPrepareFile manual__2021-12-22T13:16:48.112703+00:00 [queued]>
[2021-12-22 13:17:04,716] {taskinstance.py:1035} INFO - Dependencies all met for <TaskInstance: cpp_workflow.check_mediaPrepareFile manual__2021-12-22T13:16:48.112703+00:00 [queued]>
[2021-12-22 13:17:04,717] {taskinstance.py:1241} INFO - 
--------------------------------------------------------------------------------
[2021-12-22 13:17:04,719] {taskinstance.py:1242} INFO - Starting attempt 1 of 3
[2021-12-22 13:17:04,720] {taskinstance.py:1243} INFO - 
--------------------------------------------------------------------------------
[2021-12-22 13:17:04,857] {taskinstance.py:1262} INFO - Executing <Task(BashOperator): check_mediaPrepareFile> on 2021-12-22 13:16:48.112703+00:00
[2021-12-22 13:17:04,877] {standard_task_runner.py:52} INFO - Started process 834 to run task
[2021-12-22 13:17:04,910] {standard_task_runner.py:76} INFO - Running: ['***', 'tasks', 'run', 'cpp_workflow', 'check_mediaPrepareFile', 'manual__2021-12-22T13:16:48.112703+00:00', '--job-id', '1518', '--raw', '--subdir', 'DAGS_FOLDER/first_dag.py', '--cfg-path', '/tmp/tmpty4_18gg', '--error-file', '/tmp/tmpj2xw43e_']
[2021-12-22 13:17:04,920] {standard_task_runner.py:77} INFO - Job 1518: Subtask check_mediaPrepareFile
[2021-12-22 13:17:05,847] {logging_mixin.py:109} INFO - Running <TaskInstance: cpp_workflow.check_mediaPrepareFile manual__2021-12-22T13:16:48.112703+00:00 [running]> on host 218df5ddc363
[2021-12-22 13:17:06,470] {taskinstance.py:1429} INFO - Exporting the following env vars:
AIRFLOW_CTX_DAG_OWNER=***
AIRFLOW_CTX_DAG_ID=cpp_workflow
AIRFLOW_CTX_TASK_ID=check_mediaPrepareFile
AIRFLOW_CTX_EXECUTION_DATE=2021-12-22T13:16:48.112703+00:00
AIRFLOW_CTX_DAG_RUN_ID=manual__2021-12-22T13:16:48.112703+00:00
[2021-12-22 13:17:06,479] {subprocess.py:62} INFO - Tmp dir root location: 
 /tmp
[2021-12-22 13:17:06,491] {subprocess.py:74} INFO - Running command: ['bash', '-c', 'sha256sum /opt/***/official_data/MediaPrepare.csv']
[2021-12-22 13:17:06,578] {subprocess.py:85} INFO - Output:
[2021-12-22 13:17:06,684] {subprocess.py:89} INFO - 0b00e35412b4279caf7dae04510ba6b449d6c8ca17b4a4622c5d7280c03de385  /opt/***/official_data/MediaPrepare.csv
[2021-12-22 13:17:06,689] {subprocess.py:93} INFO - Command exited with return code 0
[2021-12-22 13:17:07,040] {taskinstance.py:1280} INFO - Marking task as SUCCESS. dag_id=cpp_workflow, task_id=check_mediaPrepareFile, execution_date=20211222T131648, start_date=20211222T131704, end_date=20211222T131707
[2021-12-22 13:17:07,368] {local_task_job.py:154} INFO - Task exited with return code 0
[2021-12-22 13:17:08,131] {local_task_job.py:264} INFO - 1 downstream tasks scheduled from follow-on schedule check
