[2021-12-15 16:25:04,096] {taskinstance.py:1035} INFO - Dependencies all met for <TaskInstance: cpp_workflow.pre_process manual__2021-12-15T16:24:57.805303+00:00 [queued]>
[2021-12-15 16:25:04,113] {taskinstance.py:1035} INFO - Dependencies all met for <TaskInstance: cpp_workflow.pre_process manual__2021-12-15T16:24:57.805303+00:00 [queued]>
[2021-12-15 16:25:04,114] {taskinstance.py:1241} INFO - 
--------------------------------------------------------------------------------
[2021-12-15 16:25:04,115] {taskinstance.py:1242} INFO - Starting attempt 1 of 1
[2021-12-15 16:25:04,115] {taskinstance.py:1243} INFO - 
--------------------------------------------------------------------------------
[2021-12-15 16:25:04,140] {taskinstance.py:1262} INFO - Executing <Task(PythonOperator): pre_process> on 2021-12-15 16:24:57.805303+00:00
[2021-12-15 16:25:04,148] {standard_task_runner.py:52} INFO - Started process 246 to run task
[2021-12-15 16:25:04,153] {standard_task_runner.py:76} INFO - Running: ['***', 'tasks', 'run', 'cpp_workflow', 'pre_process', 'manual__2021-12-15T16:24:57.805303+00:00', '--job-id', '1402', '--raw', '--subdir', 'DAGS_FOLDER/first_dag.py', '--cfg-path', '/tmp/tmp02wjamd4', '--error-file', '/tmp/tmpaxzqn5u5']
[2021-12-15 16:25:04,154] {standard_task_runner.py:77} INFO - Job 1402: Subtask pre_process
[2021-12-15 16:25:04,225] {logging_mixin.py:109} INFO - Running <TaskInstance: cpp_workflow.pre_process manual__2021-12-15T16:24:57.805303+00:00 [running]> on host 218df5ddc363
[2021-12-15 16:25:04,319] {taskinstance.py:1429} INFO - Exporting the following env vars:
AIRFLOW_CTX_DAG_OWNER=***
AIRFLOW_CTX_DAG_ID=cpp_workflow
AIRFLOW_CTX_TASK_ID=pre_process
AIRFLOW_CTX_EXECUTION_DATE=2021-12-15T16:24:57.805303+00:00
AIRFLOW_CTX_DAG_RUN_ID=manual__2021-12-15T16:24:57.805303+00:00
[2021-12-15 16:25:04,527] {python.py:152} INFO - Done. Returned value was: None
[2021-12-15 16:25:04,583] {taskinstance.py:1280} INFO - Marking task as SUCCESS. dag_id=cpp_workflow, task_id=pre_process, execution_date=20211215T162457, start_date=20211215T162504, end_date=20211215T162504
[2021-12-15 16:25:04,656] {local_task_job.py:154} INFO - Task exited with return code 0
[2021-12-15 16:25:04,753] {local_task_job.py:264} INFO - 1 downstream tasks scheduled from follow-on schedule check
