[2021-12-09 00:27:59,457] {taskinstance.py:1035} INFO - Dependencies all met for <TaskInstance: cpp_workflow.pre_process manual__2021-12-09T00:27:54.597049+00:00 [queued]>
[2021-12-09 00:27:59,472] {taskinstance.py:1035} INFO - Dependencies all met for <TaskInstance: cpp_workflow.pre_process manual__2021-12-09T00:27:54.597049+00:00 [queued]>
[2021-12-09 00:27:59,473] {taskinstance.py:1241} INFO - 
--------------------------------------------------------------------------------
[2021-12-09 00:27:59,473] {taskinstance.py:1242} INFO - Starting attempt 1 of 1
[2021-12-09 00:27:59,474] {taskinstance.py:1243} INFO - 
--------------------------------------------------------------------------------
[2021-12-09 00:27:59,494] {taskinstance.py:1262} INFO - Executing <Task(PythonOperator): pre_process> on 2021-12-09 00:27:54.597049+00:00
[2021-12-09 00:27:59,502] {standard_task_runner.py:52} INFO - Started process 9520 to run task
[2021-12-09 00:27:59,506] {standard_task_runner.py:76} INFO - Running: ['***', 'tasks', 'run', 'cpp_workflow', 'pre_process', 'manual__2021-12-09T00:27:54.597049+00:00', '--job-id', '721', '--raw', '--subdir', 'DAGS_FOLDER/first_dag.py', '--cfg-path', '/tmp/tmpbrgq0a0n', '--error-file', '/tmp/tmpek15j_pp']
[2021-12-09 00:27:59,508] {standard_task_runner.py:77} INFO - Job 721: Subtask pre_process
[2021-12-09 00:27:59,584] {logging_mixin.py:109} INFO - Running <TaskInstance: cpp_workflow.pre_process manual__2021-12-09T00:27:54.597049+00:00 [running]> on host b5fd0372bf6e
[2021-12-09 00:27:59,677] {taskinstance.py:1429} INFO - Exporting the following env vars:
AIRFLOW_CTX_DAG_OWNER=***
AIRFLOW_CTX_DAG_ID=cpp_workflow
AIRFLOW_CTX_TASK_ID=pre_process
AIRFLOW_CTX_EXECUTION_DATE=2021-12-09T00:27:54.597049+00:00
AIRFLOW_CTX_DAG_RUN_ID=manual__2021-12-09T00:27:54.597049+00:00
[2021-12-09 00:27:59,758] {python.py:152} INFO - Done. Returned value was: None
[2021-12-09 00:27:59,778] {taskinstance.py:1280} INFO - Marking task as SUCCESS. dag_id=cpp_workflow, task_id=pre_process, execution_date=20211209T002754, start_date=20211209T002759, end_date=20211209T002759
[2021-12-09 00:27:59,843] {local_task_job.py:154} INFO - Task exited with return code 0
[2021-12-09 00:27:59,895] {local_task_job.py:264} INFO - 1 downstream tasks scheduled from follow-on schedule check
