[2021-12-29 23:40:39,005] {taskinstance.py:1035} INFO - Dependencies all met for <TaskInstance: cpp_workflow.pre_process_print_cycle manual__2021-12-29T23:40:11.034183+00:00 [queued]>
[2021-12-29 23:40:39,023] {taskinstance.py:1035} INFO - Dependencies all met for <TaskInstance: cpp_workflow.pre_process_print_cycle manual__2021-12-29T23:40:11.034183+00:00 [queued]>
[2021-12-29 23:40:39,023] {taskinstance.py:1241} INFO - 
--------------------------------------------------------------------------------
[2021-12-29 23:40:39,024] {taskinstance.py:1242} INFO - Starting attempt 1 of 1
[2021-12-29 23:40:39,024] {taskinstance.py:1243} INFO - 
--------------------------------------------------------------------------------
[2021-12-29 23:40:39,039] {taskinstance.py:1262} INFO - Executing <Task(PythonOperator): pre_process_print_cycle> on 2021-12-29 23:40:11.034183+00:00
[2021-12-29 23:40:39,069] {standard_task_runner.py:52} INFO - Started process 15065 to run task
[2021-12-29 23:40:39,077] {standard_task_runner.py:76} INFO - Running: ['***', 'tasks', 'run', 'cpp_workflow', 'pre_process_print_cycle', 'manual__2021-12-29T23:40:11.034183+00:00', '--job-id', '1719', '--raw', '--subdir', 'DAGS_FOLDER/first_dag.py', '--cfg-path', '/tmp/tmp4322_mzt', '--error-file', '/tmp/tmp_8z41ufe']
[2021-12-29 23:40:39,079] {standard_task_runner.py:77} INFO - Job 1719: Subtask pre_process_print_cycle
[2021-12-29 23:40:39,164] {logging_mixin.py:109} INFO - Running <TaskInstance: cpp_workflow.pre_process_print_cycle manual__2021-12-29T23:40:11.034183+00:00 [running]> on host 218df5ddc363
[2021-12-29 23:40:39,247] {taskinstance.py:1429} INFO - Exporting the following env vars:
AIRFLOW_CTX_DAG_OWNER=***
AIRFLOW_CTX_DAG_ID=cpp_workflow
AIRFLOW_CTX_TASK_ID=pre_process_print_cycle
AIRFLOW_CTX_EXECUTION_DATE=2021-12-29T23:40:11.034183+00:00
AIRFLOW_CTX_DAG_RUN_ID=manual__2021-12-29T23:40:11.034183+00:00
[2021-12-29 23:40:39,251] {python.py:152} INFO - Done. Returned value was: None
[2021-12-29 23:40:39,272] {taskinstance.py:1280} INFO - Marking task as SUCCESS. dag_id=cpp_workflow, task_id=pre_process_print_cycle, execution_date=20211229T234011, start_date=20211229T234039, end_date=20211229T234039
[2021-12-29 23:40:39,333] {local_task_job.py:154} INFO - Task exited with return code 0
[2021-12-29 23:40:39,472] {local_task_job.py:264} INFO - 0 downstream tasks scheduled from follow-on schedule check
