[2021-12-13 14:21:49,867] {taskinstance.py:1035} INFO - Dependencies all met for <TaskInstance: cpp_workflow.pre_process manual__2021-12-13T14:21:43.565442+00:00 [queued]>
[2021-12-13 14:21:49,886] {taskinstance.py:1035} INFO - Dependencies all met for <TaskInstance: cpp_workflow.pre_process manual__2021-12-13T14:21:43.565442+00:00 [queued]>
[2021-12-13 14:21:49,886] {taskinstance.py:1241} INFO - 
--------------------------------------------------------------------------------
[2021-12-13 14:21:49,887] {taskinstance.py:1242} INFO - Starting attempt 1 of 1
[2021-12-13 14:21:49,887] {taskinstance.py:1243} INFO - 
--------------------------------------------------------------------------------
[2021-12-13 14:21:49,902] {taskinstance.py:1262} INFO - Executing <Task(PythonOperator): pre_process> on 2021-12-13 14:21:43.565442+00:00
[2021-12-13 14:21:49,908] {standard_task_runner.py:52} INFO - Started process 9010 to run task
[2021-12-13 14:21:49,912] {standard_task_runner.py:76} INFO - Running: ['***', 'tasks', 'run', 'cpp_workflow', 'pre_process', 'manual__2021-12-13T14:21:43.565442+00:00', '--job-id', '1212', '--raw', '--subdir', 'DAGS_FOLDER/first_dag.py', '--cfg-path', '/tmp/tmpqswofjms', '--error-file', '/tmp/tmpyr5xzm0f']
[2021-12-13 14:21:49,913] {standard_task_runner.py:77} INFO - Job 1212: Subtask pre_process
[2021-12-13 14:21:49,957] {logging_mixin.py:109} INFO - Running <TaskInstance: cpp_workflow.pre_process manual__2021-12-13T14:21:43.565442+00:00 [running]> on host 218df5ddc363
[2021-12-13 14:21:50,023] {taskinstance.py:1429} INFO - Exporting the following env vars:
AIRFLOW_CTX_DAG_OWNER=***
AIRFLOW_CTX_DAG_ID=cpp_workflow
AIRFLOW_CTX_TASK_ID=pre_process
AIRFLOW_CTX_EXECUTION_DATE=2021-12-13T14:21:43.565442+00:00
AIRFLOW_CTX_DAG_RUN_ID=manual__2021-12-13T14:21:43.565442+00:00
[2021-12-13 14:21:50,084] {python.py:152} INFO - Done. Returned value was: None
[2021-12-13 14:21:50,102] {taskinstance.py:1280} INFO - Marking task as SUCCESS. dag_id=cpp_workflow, task_id=pre_process, execution_date=20211213T142143, start_date=20211213T142149, end_date=20211213T142150
[2021-12-13 14:21:50,165] {local_task_job.py:154} INFO - Task exited with return code 0
[2021-12-13 14:21:50,243] {local_task_job.py:264} INFO - 1 downstream tasks scheduled from follow-on schedule check
