[2022-01-03 00:00:50,171] {taskinstance.py:1035} INFO - Dependencies all met for <TaskInstance: cpp_workflow.col_process_print_cycle scheduled__2022-01-02T00:00:00+00:00 [queued]>
[2022-01-03 00:00:50,191] {taskinstance.py:1035} INFO - Dependencies all met for <TaskInstance: cpp_workflow.col_process_print_cycle scheduled__2022-01-02T00:00:00+00:00 [queued]>
[2022-01-03 00:00:50,192] {taskinstance.py:1241} INFO - 
--------------------------------------------------------------------------------
[2022-01-03 00:00:50,192] {taskinstance.py:1242} INFO - Starting attempt 1 of 1
[2022-01-03 00:00:50,192] {taskinstance.py:1243} INFO - 
--------------------------------------------------------------------------------
[2022-01-03 00:00:50,225] {taskinstance.py:1262} INFO - Executing <Task(PythonOperator): col_process_print_cycle> on 2022-01-02 00:00:00+00:00
[2022-01-03 00:00:50,237] {standard_task_runner.py:52} INFO - Started process 1345 to run task
[2022-01-03 00:00:50,244] {standard_task_runner.py:76} INFO - Running: ['***', 'tasks', 'run', 'cpp_workflow', 'col_process_print_cycle', 'scheduled__2022-01-02T00:00:00+00:00', '--job-id', '1940', '--raw', '--subdir', 'DAGS_FOLDER/first_dag.py', '--cfg-path', '/tmp/tmpdf9rcpnw', '--error-file', '/tmp/tmpdlzqtkfw']
[2022-01-03 00:00:50,248] {standard_task_runner.py:77} INFO - Job 1940: Subtask col_process_print_cycle
[2022-01-03 00:00:50,343] {logging_mixin.py:109} INFO - Running <TaskInstance: cpp_workflow.col_process_print_cycle scheduled__2022-01-02T00:00:00+00:00 [running]> on host 218df5ddc363
[2022-01-03 00:00:50,479] {taskinstance.py:1429} INFO - Exporting the following env vars:
AIRFLOW_CTX_DAG_OWNER=***
AIRFLOW_CTX_DAG_ID=cpp_workflow
AIRFLOW_CTX_TASK_ID=col_process_print_cycle
AIRFLOW_CTX_EXECUTION_DATE=2022-01-02T00:00:00+00:00
AIRFLOW_CTX_DAG_RUN_ID=scheduled__2022-01-02T00:00:00+00:00
[2022-01-03 00:00:50,502] {python.py:152} INFO - Done. Returned value was: None
[2022-01-03 00:00:50,540] {taskinstance.py:1280} INFO - Marking task as SUCCESS. dag_id=cpp_workflow, task_id=col_process_print_cycle, execution_date=20220102T000000, start_date=20220103T000050, end_date=20220103T000050
[2022-01-03 00:00:50,666] {local_task_job.py:154} INFO - Task exited with return code 0
[2022-01-03 00:00:50,838] {local_task_job.py:264} INFO - 1 downstream tasks scheduled from follow-on schedule check
