[2021-12-08 14:58:15,341] {taskinstance.py:1035} INFO - Dependencies all met for <TaskInstance: cpp_workflow.pre_process scheduled__2021-10-05T00:00:00+00:00 [queued]>
[2021-12-08 14:58:15,440] {taskinstance.py:1035} INFO - Dependencies all met for <TaskInstance: cpp_workflow.pre_process scheduled__2021-10-05T00:00:00+00:00 [queued]>
[2021-12-08 14:58:15,441] {taskinstance.py:1241} INFO - 
--------------------------------------------------------------------------------
[2021-12-08 14:58:15,441] {taskinstance.py:1242} INFO - Starting attempt 1 of 1
[2021-12-08 14:58:15,443] {taskinstance.py:1243} INFO - 
--------------------------------------------------------------------------------
[2021-12-08 14:58:15,551] {taskinstance.py:1262} INFO - Executing <Task(PythonOperator): pre_process> on 2021-10-05 00:00:00+00:00
[2021-12-08 14:58:15,557] {standard_task_runner.py:52} INFO - Started process 765 to run task
[2021-12-08 14:58:15,581] {standard_task_runner.py:76} INFO - Running: ['***', 'tasks', 'run', 'cpp_workflow', 'pre_process', 'scheduled__2021-10-05T00:00:00+00:00', '--job-id', '318', '--raw', '--subdir', 'DAGS_FOLDER/first_dag.py', '--cfg-path', '/tmp/tmplfl4cgvl', '--error-file', '/tmp/tmpyhbjmloh']
[2021-12-08 14:58:15,583] {standard_task_runner.py:77} INFO - Job 318: Subtask pre_process
[2021-12-08 14:58:15,736] {logging_mixin.py:109} INFO - Running <TaskInstance: cpp_workflow.pre_process scheduled__2021-10-05T00:00:00+00:00 [running]> on host 8edf9af2b560
[2021-12-08 14:58:16,024] {taskinstance.py:1429} INFO - Exporting the following env vars:
AIRFLOW_CTX_DAG_OWNER=***
AIRFLOW_CTX_DAG_ID=cpp_workflow
AIRFLOW_CTX_TASK_ID=pre_process
AIRFLOW_CTX_EXECUTION_DATE=2021-10-05T00:00:00+00:00
AIRFLOW_CTX_DAG_RUN_ID=scheduled__2021-10-05T00:00:00+00:00
[2021-12-08 14:58:34,857] {local_task_job.py:154} INFO - Task exited with return code Negsignal.SIGKILL
[2021-12-08 14:58:35,021] {taskinstance.py:1280} INFO - Marking task as FAILED. dag_id=cpp_workflow, task_id=pre_process, execution_date=20211005T000000, start_date=20211208T145815, end_date=20211208T145835
[2021-12-08 14:58:35,311] {local_task_job.py:264} INFO - 0 downstream tasks scheduled from follow-on schedule check
