[2021-12-29 23:37:55,298] {taskinstance.py:1035} INFO - Dependencies all met for <TaskInstance: cpp_workflow.delete_working_files manual__2021-12-29T23:37:18.544413+00:00 [queued]>
[2021-12-29 23:37:55,312] {taskinstance.py:1035} INFO - Dependencies all met for <TaskInstance: cpp_workflow.delete_working_files manual__2021-12-29T23:37:18.544413+00:00 [queued]>
[2021-12-29 23:37:55,313] {taskinstance.py:1241} INFO - 
--------------------------------------------------------------------------------
[2021-12-29 23:37:55,313] {taskinstance.py:1242} INFO - Starting attempt 1 of 1
[2021-12-29 23:37:55,313] {taskinstance.py:1243} INFO - 
--------------------------------------------------------------------------------
[2021-12-29 23:37:55,329] {taskinstance.py:1262} INFO - Executing <Task(PythonOperator): delete_working_files> on 2021-12-29 23:37:18.544413+00:00
[2021-12-29 23:37:55,336] {standard_task_runner.py:52} INFO - Started process 14941 to run task
[2021-12-29 23:37:55,340] {standard_task_runner.py:76} INFO - Running: ['***', 'tasks', 'run', 'cpp_workflow', 'delete_working_files', 'manual__2021-12-29T23:37:18.544413+00:00', '--job-id', '1716', '--raw', '--subdir', 'DAGS_FOLDER/first_dag.py', '--cfg-path', '/tmp/tmptx_nrvb4', '--error-file', '/tmp/tmp__mdfs76']
[2021-12-29 23:37:55,341] {standard_task_runner.py:77} INFO - Job 1716: Subtask delete_working_files
[2021-12-29 23:37:55,407] {logging_mixin.py:109} INFO - Running <TaskInstance: cpp_workflow.delete_working_files manual__2021-12-29T23:37:18.544413+00:00 [running]> on host 218df5ddc363
[2021-12-29 23:37:55,466] {taskinstance.py:1429} INFO - Exporting the following env vars:
AIRFLOW_CTX_DAG_OWNER=***
AIRFLOW_CTX_DAG_ID=cpp_workflow
AIRFLOW_CTX_TASK_ID=delete_working_files
AIRFLOW_CTX_EXECUTION_DATE=2021-12-29T23:37:18.544413+00:00
AIRFLOW_CTX_DAG_RUN_ID=manual__2021-12-29T23:37:18.544413+00:00
[2021-12-29 23:37:55,472] {python.py:152} INFO - Done. Returned value was: None
[2021-12-29 23:37:55,489] {taskinstance.py:1280} INFO - Marking task as SUCCESS. dag_id=cpp_workflow, task_id=delete_working_files, execution_date=20211229T233718, start_date=20211229T233755, end_date=20211229T233755
[2021-12-29 23:37:55,553] {local_task_job.py:154} INFO - Task exited with return code 0
[2021-12-29 23:37:55,585] {local_task_job.py:264} INFO - 0 downstream tasks scheduled from follow-on schedule check
