[2022-01-29 19:35:27,948] {taskinstance.py:1035} INFO - Dependencies all met for <TaskInstance: cpp_workflow.col_process_media_prepare scheduled__2022-01-28T00:00:00+00:00 [queued]>
[2022-01-29 19:35:27,999] {taskinstance.py:1035} INFO - Dependencies all met for <TaskInstance: cpp_workflow.col_process_media_prepare scheduled__2022-01-28T00:00:00+00:00 [queued]>
[2022-01-29 19:35:27,999] {taskinstance.py:1241} INFO - 
--------------------------------------------------------------------------------
[2022-01-29 19:35:28,001] {taskinstance.py:1242} INFO - Starting attempt 1 of 1
[2022-01-29 19:35:28,002] {taskinstance.py:1243} INFO - 
--------------------------------------------------------------------------------
[2022-01-29 19:35:28,029] {taskinstance.py:1262} INFO - Executing <Task(PythonOperator): col_process_media_prepare> on 2022-01-28 00:00:00+00:00
[2022-01-29 19:35:28,059] {standard_task_runner.py:52} INFO - Started process 115 to run task
[2022-01-29 19:35:28,078] {standard_task_runner.py:76} INFO - Running: ['***', 'tasks', 'run', 'cpp_workflow', 'col_process_media_prepare', 'scheduled__2022-01-28T00:00:00+00:00', '--job-id', '3078', '--raw', '--subdir', 'DAGS_FOLDER/first_dag.py', '--cfg-path', '/tmp/tmpzpm3udgh', '--error-file', '/tmp/tmpn3ccl2cv']
[2022-01-29 19:35:28,155] {standard_task_runner.py:77} INFO - Job 3078: Subtask col_process_media_prepare
[2022-01-29 19:35:28,396] {logging_mixin.py:109} INFO - Running <TaskInstance: cpp_workflow.col_process_media_prepare scheduled__2022-01-28T00:00:00+00:00 [running]> on host 218df5ddc363
[2022-01-29 19:35:28,639] {taskinstance.py:1429} INFO - Exporting the following env vars:
AIRFLOW_CTX_DAG_OWNER=***
AIRFLOW_CTX_DAG_ID=cpp_workflow
AIRFLOW_CTX_TASK_ID=col_process_media_prepare
AIRFLOW_CTX_EXECUTION_DATE=2022-01-28T00:00:00+00:00
AIRFLOW_CTX_DAG_RUN_ID=scheduled__2022-01-28T00:00:00+00:00
[2022-01-29 19:35:28,644] {python.py:152} INFO - Done. Returned value was: None
[2022-01-29 19:35:28,724] {taskinstance.py:1280} INFO - Marking task as SUCCESS. dag_id=cpp_workflow, task_id=col_process_media_prepare, execution_date=20220128T000000, start_date=20220129T193527, end_date=20220129T193528
[2022-01-29 19:35:28,841] {local_task_job.py:154} INFO - Task exited with return code 0
[2022-01-29 19:35:28,970] {local_task_job.py:264} INFO - 1 downstream tasks scheduled from follow-on schedule check
