[2022-01-02 23:40:35,121] {taskinstance.py:1035} INFO - Dependencies all met for <TaskInstance: cpp_workflow.col_process_media_prepare manual__2022-01-02T23:39:57.492405+00:00 [queued]>
[2022-01-02 23:40:35,144] {taskinstance.py:1035} INFO - Dependencies all met for <TaskInstance: cpp_workflow.col_process_media_prepare manual__2022-01-02T23:39:57.492405+00:00 [queued]>
[2022-01-02 23:40:35,144] {taskinstance.py:1241} INFO - 
--------------------------------------------------------------------------------
[2022-01-02 23:40:35,145] {taskinstance.py:1242} INFO - Starting attempt 1 of 1
[2022-01-02 23:40:35,145] {taskinstance.py:1243} INFO - 
--------------------------------------------------------------------------------
[2022-01-02 23:40:35,173] {taskinstance.py:1262} INFO - Executing <Task(PythonOperator): col_process_media_prepare> on 2022-01-02 23:39:57.492405+00:00
[2022-01-02 23:40:35,179] {standard_task_runner.py:52} INFO - Started process 363 to run task
[2022-01-02 23:40:35,184] {standard_task_runner.py:76} INFO - Running: ['***', 'tasks', 'run', 'cpp_workflow', 'col_process_media_prepare', 'manual__2022-01-02T23:39:57.492405+00:00', '--job-id', '1886', '--raw', '--subdir', 'DAGS_FOLDER/first_dag.py', '--cfg-path', '/tmp/tmpe04nwxyr', '--error-file', '/tmp/tmpy9cs1yj5']
[2022-01-02 23:40:35,185] {standard_task_runner.py:77} INFO - Job 1886: Subtask col_process_media_prepare
[2022-01-02 23:40:35,245] {logging_mixin.py:109} INFO - Running <TaskInstance: cpp_workflow.col_process_media_prepare manual__2022-01-02T23:39:57.492405+00:00 [running]> on host 218df5ddc363
[2022-01-02 23:40:35,412] {taskinstance.py:1429} INFO - Exporting the following env vars:
AIRFLOW_CTX_DAG_OWNER=***
AIRFLOW_CTX_DAG_ID=cpp_workflow
AIRFLOW_CTX_TASK_ID=col_process_media_prepare
AIRFLOW_CTX_EXECUTION_DATE=2022-01-02T23:39:57.492405+00:00
AIRFLOW_CTX_DAG_RUN_ID=manual__2022-01-02T23:39:57.492405+00:00
[2022-01-02 23:40:35,526] {taskinstance.py:1703} ERROR - Task failed with exception
Traceback (most recent call last):
  File "/home/airflow/.local/lib/python3.7/site-packages/airflow/models/taskinstance.py", line 1332, in _run_raw_task
    self._execute_task_with_callbacks(context)
  File "/home/airflow/.local/lib/python3.7/site-packages/airflow/models/taskinstance.py", line 1458, in _execute_task_with_callbacks
    result = self._execute_task(context, self.task)
  File "/home/airflow/.local/lib/python3.7/site-packages/airflow/models/taskinstance.py", line 1514, in _execute_task
    result = execute_callable(context=context)
  File "/home/airflow/.local/lib/python3.7/site-packages/airflow/operators/python.py", line 151, in execute
    return_value = self.execute_callable()
  File "/home/airflow/.local/lib/python3.7/site-packages/airflow/operators/python.py", line 162, in execute_callable
    return self.python_callable(*self.op_args, **self.op_kwargs)
  File "/opt/airflow/dags/col_processing_media_prepare.py", line 18, in col_process_media_prepare
    media_data = pd.read_csv(file_directory, sep=';', usecols=fields)
  File "/home/airflow/.local/lib/python3.7/site-packages/pandas/util/_decorators.py", line 311, in wrapper
    return func(*args, **kwargs)
  File "/home/airflow/.local/lib/python3.7/site-packages/pandas/io/parsers/readers.py", line 586, in read_csv
    return _read(filepath_or_buffer, kwds)
  File "/home/airflow/.local/lib/python3.7/site-packages/pandas/io/parsers/readers.py", line 482, in _read
    parser = TextFileReader(filepath_or_buffer, **kwds)
  File "/home/airflow/.local/lib/python3.7/site-packages/pandas/io/parsers/readers.py", line 811, in __init__
    self._engine = self._make_engine(self.engine)
  File "/home/airflow/.local/lib/python3.7/site-packages/pandas/io/parsers/readers.py", line 1040, in _make_engine
    return mapping[engine](self.f, **self.options)  # type: ignore[call-arg]
  File "/home/airflow/.local/lib/python3.7/site-packages/pandas/io/parsers/c_parser_wrapper.py", line 135, in __init__
    self._validate_usecols_names(usecols, self.orig_names)
  File "/home/airflow/.local/lib/python3.7/site-packages/pandas/io/parsers/base_parser.py", line 867, in _validate_usecols_names
    f"Usecols do not match columns, columns expected but not found: "
ValueError: Usecols do not match columns, columns expected but not found: ['Category', 'date']
[2022-01-02 23:40:35,570] {taskinstance.py:1280} INFO - Marking task as FAILED. dag_id=cpp_workflow, task_id=col_process_media_prepare, execution_date=20220102T233957, start_date=20220102T234035, end_date=20220102T234035
[2022-01-02 23:40:35,600] {standard_task_runner.py:91} ERROR - Failed to execute job 1886 for task col_process_media_prepare
Traceback (most recent call last):
  File "/home/airflow/.local/lib/python3.7/site-packages/airflow/task/task_runner/standard_task_runner.py", line 85, in _start_by_fork
    args.func(args, dag=self.dag)
  File "/home/airflow/.local/lib/python3.7/site-packages/airflow/cli/cli_parser.py", line 48, in command
    return func(*args, **kwargs)
  File "/home/airflow/.local/lib/python3.7/site-packages/airflow/utils/cli.py", line 92, in wrapper
    return f(*args, **kwargs)
  File "/home/airflow/.local/lib/python3.7/site-packages/airflow/cli/commands/task_command.py", line 292, in task_run
    _run_task_by_selected_method(args, dag, ti)
  File "/home/airflow/.local/lib/python3.7/site-packages/airflow/cli/commands/task_command.py", line 107, in _run_task_by_selected_method
    _run_raw_task(args, ti)
  File "/home/airflow/.local/lib/python3.7/site-packages/airflow/cli/commands/task_command.py", line 184, in _run_raw_task
    error_file=args.error_file,
  File "/home/airflow/.local/lib/python3.7/site-packages/airflow/utils/session.py", line 70, in wrapper
    return func(*args, session=session, **kwargs)
  File "/home/airflow/.local/lib/python3.7/site-packages/airflow/models/taskinstance.py", line 1332, in _run_raw_task
    self._execute_task_with_callbacks(context)
  File "/home/airflow/.local/lib/python3.7/site-packages/airflow/models/taskinstance.py", line 1458, in _execute_task_with_callbacks
    result = self._execute_task(context, self.task)
  File "/home/airflow/.local/lib/python3.7/site-packages/airflow/models/taskinstance.py", line 1514, in _execute_task
    result = execute_callable(context=context)
  File "/home/airflow/.local/lib/python3.7/site-packages/airflow/operators/python.py", line 151, in execute
    return_value = self.execute_callable()
  File "/home/airflow/.local/lib/python3.7/site-packages/airflow/operators/python.py", line 162, in execute_callable
    return self.python_callable(*self.op_args, **self.op_kwargs)
  File "/opt/airflow/dags/col_processing_media_prepare.py", line 18, in col_process_media_prepare
    media_data = pd.read_csv(file_directory, sep=';', usecols=fields)
  File "/home/airflow/.local/lib/python3.7/site-packages/pandas/util/_decorators.py", line 311, in wrapper
    return func(*args, **kwargs)
  File "/home/airflow/.local/lib/python3.7/site-packages/pandas/io/parsers/readers.py", line 586, in read_csv
    return _read(filepath_or_buffer, kwds)
  File "/home/airflow/.local/lib/python3.7/site-packages/pandas/io/parsers/readers.py", line 482, in _read
    parser = TextFileReader(filepath_or_buffer, **kwds)
  File "/home/airflow/.local/lib/python3.7/site-packages/pandas/io/parsers/readers.py", line 811, in __init__
    self._engine = self._make_engine(self.engine)
  File "/home/airflow/.local/lib/python3.7/site-packages/pandas/io/parsers/readers.py", line 1040, in _make_engine
    return mapping[engine](self.f, **self.options)  # type: ignore[call-arg]
  File "/home/airflow/.local/lib/python3.7/site-packages/pandas/io/parsers/c_parser_wrapper.py", line 135, in __init__
    self._validate_usecols_names(usecols, self.orig_names)
  File "/home/airflow/.local/lib/python3.7/site-packages/pandas/io/parsers/base_parser.py", line 867, in _validate_usecols_names
    f"Usecols do not match columns, columns expected but not found: "
ValueError: Usecols do not match columns, columns expected but not found: ['Category', 'date']
[2022-01-02 23:40:35,643] {local_task_job.py:154} INFO - Task exited with return code 1
[2022-01-02 23:40:35,737] {local_task_job.py:264} INFO - 0 downstream tasks scheduled from follow-on schedule check
