[2022-01-23 12:10:03,403] {taskinstance.py:1035} INFO - Dependencies all met for <TaskInstance: cpp_workflow.refactor_process_media_prepare scheduled__2022-01-22T00:00:00+00:00 [queued]>
[2022-01-23 12:10:03,445] {taskinstance.py:1035} INFO - Dependencies all met for <TaskInstance: cpp_workflow.refactor_process_media_prepare scheduled__2022-01-22T00:00:00+00:00 [queued]>
[2022-01-23 12:10:03,454] {taskinstance.py:1241} INFO - 
--------------------------------------------------------------------------------
[2022-01-23 12:10:03,463] {taskinstance.py:1242} INFO - Starting attempt 1 of 1
[2022-01-23 12:10:03,473] {taskinstance.py:1243} INFO - 
--------------------------------------------------------------------------------
[2022-01-23 12:10:03,523] {taskinstance.py:1262} INFO - Executing <Task(PythonOperator): refactor_process_media_prepare> on 2022-01-22 00:00:00+00:00
[2022-01-23 12:10:03,536] {standard_task_runner.py:52} INFO - Started process 113 to run task
[2022-01-23 12:10:03,553] {standard_task_runner.py:76} INFO - Running: ['***', 'tasks', 'run', 'cpp_workflow', 'refactor_process_media_prepare', 'scheduled__2022-01-22T00:00:00+00:00', '--job-id', '2982', '--raw', '--subdir', 'DAGS_FOLDER/first_dag.py', '--cfg-path', '/tmp/tmpsgw6vj65', '--error-file', '/tmp/tmpel79kusg']
[2022-01-23 12:10:03,555] {standard_task_runner.py:77} INFO - Job 2982: Subtask refactor_process_media_prepare
[2022-01-23 12:10:03,787] {logging_mixin.py:109} INFO - Running <TaskInstance: cpp_workflow.refactor_process_media_prepare scheduled__2022-01-22T00:00:00+00:00 [running]> on host 218df5ddc363
[2022-01-23 12:10:04,138] {taskinstance.py:1429} INFO - Exporting the following env vars:
AIRFLOW_CTX_DAG_OWNER=***
AIRFLOW_CTX_DAG_ID=cpp_workflow
AIRFLOW_CTX_TASK_ID=refactor_process_media_prepare
AIRFLOW_CTX_EXECUTION_DATE=2022-01-22T00:00:00+00:00
AIRFLOW_CTX_DAG_RUN_ID=scheduled__2022-01-22T00:00:00+00:00
[2022-01-23 12:10:04,147] {python.py:152} INFO - Done. Returned value was: None
[2022-01-23 12:10:04,226] {taskinstance.py:1280} INFO - Marking task as SUCCESS. dag_id=cpp_workflow, task_id=refactor_process_media_prepare, execution_date=20220122T000000, start_date=20220123T121003, end_date=20220123T121004
[2022-01-23 12:10:04,396] {local_task_job.py:154} INFO - Task exited with return code 0
[2022-01-23 12:10:04,603] {local_task_job.py:264} INFO - 1 downstream tasks scheduled from follow-on schedule check
