[2021-12-08 14:57:49,027] {taskinstance.py:1035} INFO - Dependencies all met for <TaskInstance: cpp_workflow.pre_process scheduled__2021-10-03T00:00:00+00:00 [queued]>
[2021-12-08 14:57:49,100] {taskinstance.py:1035} INFO - Dependencies all met for <TaskInstance: cpp_workflow.pre_process scheduled__2021-10-03T00:00:00+00:00 [queued]>
[2021-12-08 14:57:49,101] {taskinstance.py:1241} INFO - 
--------------------------------------------------------------------------------
[2021-12-08 14:57:49,114] {taskinstance.py:1242} INFO - Starting attempt 1 of 1
[2021-12-08 14:57:49,115] {taskinstance.py:1243} INFO - 
--------------------------------------------------------------------------------
[2021-12-08 14:57:49,183] {taskinstance.py:1262} INFO - Executing <Task(PythonOperator): pre_process> on 2021-10-03 00:00:00+00:00
[2021-12-08 14:57:49,253] {standard_task_runner.py:52} INFO - Started process 740 to run task
[2021-12-08 14:57:49,285] {standard_task_runner.py:76} INFO - Running: ['***', 'tasks', 'run', 'cpp_workflow', 'pre_process', 'scheduled__2021-10-03T00:00:00+00:00', '--job-id', '314', '--raw', '--subdir', 'DAGS_FOLDER/first_dag.py', '--cfg-path', '/tmp/tmpitoz6w_8', '--error-file', '/tmp/tmpgmmobz5q']
[2021-12-08 14:57:49,290] {standard_task_runner.py:77} INFO - Job 314: Subtask pre_process
[2021-12-08 14:57:49,501] {logging_mixin.py:109} INFO - Running <TaskInstance: cpp_workflow.pre_process scheduled__2021-10-03T00:00:00+00:00 [running]> on host 8edf9af2b560
[2021-12-08 14:57:50,545] {taskinstance.py:1429} INFO - Exporting the following env vars:
AIRFLOW_CTX_DAG_OWNER=***
AIRFLOW_CTX_DAG_ID=cpp_workflow
AIRFLOW_CTX_TASK_ID=pre_process
AIRFLOW_CTX_EXECUTION_DATE=2021-10-03T00:00:00+00:00
AIRFLOW_CTX_DAG_RUN_ID=scheduled__2021-10-03T00:00:00+00:00
[2021-12-08 14:58:14,249] {local_task_job.py:154} INFO - Task exited with return code Negsignal.SIGKILL
[2021-12-08 14:58:14,385] {taskinstance.py:1280} INFO - Marking task as FAILED. dag_id=cpp_workflow, task_id=pre_process, execution_date=20211003T000000, start_date=20211208T145749, end_date=20211208T145814
[2021-12-08 14:58:14,707] {local_task_job.py:264} INFO - 0 downstream tasks scheduled from follow-on schedule check
