[2021-12-13 13:51:46,241] {taskinstance.py:1035} INFO - Dependencies all met for <TaskInstance: cpp_workflow.connect_to_database manual__2021-12-13T13:51:33.866076+00:00 [queued]>
[2021-12-13 13:51:46,251] {taskinstance.py:1035} INFO - Dependencies all met for <TaskInstance: cpp_workflow.connect_to_database manual__2021-12-13T13:51:33.866076+00:00 [queued]>
[2021-12-13 13:51:46,251] {taskinstance.py:1241} INFO - 
--------------------------------------------------------------------------------
[2021-12-13 13:51:46,252] {taskinstance.py:1242} INFO - Starting attempt 1 of 1
[2021-12-13 13:51:46,252] {taskinstance.py:1243} INFO - 
--------------------------------------------------------------------------------
[2021-12-13 13:51:46,266] {taskinstance.py:1262} INFO - Executing <Task(PythonOperator): connect_to_database> on 2021-12-13 13:51:33.866076+00:00
[2021-12-13 13:51:46,271] {standard_task_runner.py:52} INFO - Started process 7542 to run task
[2021-12-13 13:51:46,274] {standard_task_runner.py:76} INFO - Running: ['***', 'tasks', 'run', 'cpp_workflow', 'connect_to_database', 'manual__2021-12-13T13:51:33.866076+00:00', '--job-id', '1162', '--raw', '--subdir', 'DAGS_FOLDER/first_dag.py', '--cfg-path', '/tmp/tmp23rlsh6a', '--error-file', '/tmp/tmp4y4cgp15']
[2021-12-13 13:51:46,275] {standard_task_runner.py:77} INFO - Job 1162: Subtask connect_to_database
[2021-12-13 13:51:46,315] {logging_mixin.py:109} INFO - Running <TaskInstance: cpp_workflow.connect_to_database manual__2021-12-13T13:51:33.866076+00:00 [running]> on host 218df5ddc363
[2021-12-13 13:51:46,362] {taskinstance.py:1429} INFO - Exporting the following env vars:
AIRFLOW_CTX_DAG_OWNER=***
AIRFLOW_CTX_DAG_ID=cpp_workflow
AIRFLOW_CTX_TASK_ID=connect_to_database
AIRFLOW_CTX_EXECUTION_DATE=2021-12-13T13:51:33.866076+00:00
AIRFLOW_CTX_DAG_RUN_ID=manual__2021-12-13T13:51:33.866076+00:00
[2021-12-13 13:51:46,515] {logging_mixin.py:109} INFO - You're connected to database
[2021-12-13 13:51:52,117] {logging_mixin.py:109} INFO - Error while connecting to the database 1265 (01000): Data truncated for column 'image_length' at row 1
[2021-12-13 13:51:52,118] {python.py:152} INFO - Done. Returned value was: None
[2021-12-13 13:51:52,132] {taskinstance.py:1280} INFO - Marking task as SUCCESS. dag_id=cpp_workflow, task_id=connect_to_database, execution_date=20211213T135133, start_date=20211213T135146, end_date=20211213T135152
[2021-12-13 13:51:52,158] {local_task_job.py:154} INFO - Task exited with return code 0
[2021-12-13 13:51:52,181] {local_task_job.py:264} INFO - 0 downstream tasks scheduled from follow-on schedule check
