[2021-12-13 13:21:29,197] {taskinstance.py:1035} INFO - Dependencies all met for <TaskInstance: cpp_workflow.pre_process manual__2021-12-13T13:21:18.910589+00:00 [queued]>
[2021-12-13 13:21:29,228] {taskinstance.py:1035} INFO - Dependencies all met for <TaskInstance: cpp_workflow.pre_process manual__2021-12-13T13:21:18.910589+00:00 [queued]>
[2021-12-13 13:21:29,229] {taskinstance.py:1241} INFO - 
--------------------------------------------------------------------------------
[2021-12-13 13:21:29,229] {taskinstance.py:1242} INFO - Starting attempt 1 of 1
[2021-12-13 13:21:29,230] {taskinstance.py:1243} INFO - 
--------------------------------------------------------------------------------
[2021-12-13 13:21:29,252] {taskinstance.py:1262} INFO - Executing <Task(PythonOperator): pre_process> on 2021-12-13 13:21:18.910589+00:00
[2021-12-13 13:21:29,259] {standard_task_runner.py:52} INFO - Started process 5975 to run task
[2021-12-13 13:21:29,265] {standard_task_runner.py:76} INFO - Running: ['***', 'tasks', 'run', 'cpp_workflow', 'pre_process', 'manual__2021-12-13T13:21:18.910589+00:00', '--job-id', '1078', '--raw', '--subdir', 'DAGS_FOLDER/first_dag.py', '--cfg-path', '/tmp/tmpxn8vmmbk', '--error-file', '/tmp/tmp4y6w0pit']
[2021-12-13 13:21:29,267] {standard_task_runner.py:77} INFO - Job 1078: Subtask pre_process
[2021-12-13 13:21:29,336] {logging_mixin.py:109} INFO - Running <TaskInstance: cpp_workflow.pre_process manual__2021-12-13T13:21:18.910589+00:00 [running]> on host 218df5ddc363
[2021-12-13 13:21:29,406] {taskinstance.py:1429} INFO - Exporting the following env vars:
AIRFLOW_CTX_DAG_OWNER=***
AIRFLOW_CTX_DAG_ID=cpp_workflow
AIRFLOW_CTX_TASK_ID=pre_process
AIRFLOW_CTX_EXECUTION_DATE=2021-12-13T13:21:18.910589+00:00
AIRFLOW_CTX_DAG_RUN_ID=manual__2021-12-13T13:21:18.910589+00:00
[2021-12-13 13:21:29,543] {python.py:152} INFO - Done. Returned value was: None
[2021-12-13 13:21:29,574] {taskinstance.py:1280} INFO - Marking task as SUCCESS. dag_id=cpp_workflow, task_id=pre_process, execution_date=20211213T132118, start_date=20211213T132129, end_date=20211213T132129
[2021-12-13 13:21:29,645] {local_task_job.py:154} INFO - Task exited with return code 0
[2021-12-13 13:21:29,704] {local_task_job.py:264} INFO - 1 downstream tasks scheduled from follow-on schedule check
